<?xml version="1.0" encoding="UTF-8"?>
<testsuites name="UserManagementTestSuite" time="660" tests="19" failures="2" errors="0">
   <testsuite name="UserManagementTestSuite" tests="19" failures="2" errors="0" time="660" timestamp="2018-07-16 13:11:15" hostname="703177791 - 703177791GDL.IND.CORP.AD" id="Test Suites/UserManagementTestSuite">
      <properties>
         <property name="deviceName" value=""/>
         <property name="devicePlatform" value=""/>
         <property name="logFolder" value="D:\\P&amp;G New\\Automation-P&amp;G-Code-Base\\OMVA\\Reports\\UserManagementTestSuite\\20180716_131113"/>
         <property name="logFiles" value="D:\\P&amp;G New\\Automation-P&amp;G-Code-Base\\OMVA\\Reports\\UserManagementTestSuite\\20180716_131113\\execution0.log"/>
         <property name="attachments" value="D:\\P&amp;G New\\Automation-P&amp;G-Code-Base\\OMVA\\Reports\\UserManagementTestSuite\\20180716_131113\\1531727493273.png, D:\\P&amp;G New\\Automation-P&amp;G-Code-Base\\OMVA\\Reports\\UserManagementTestSuite\\20180716_131113\\1531727534552.png"/>
         <property name="hostName" value="703177791 - 703177791GDL.IND.CORP.AD"/>
         <property name="os" value="Windows 10 64bit"/>
         <property name="katalonVersion" value="5.4.2.1"/>
         <property name="browser" value="Chrome 67.0.3396.62"/>
         <property name="hostAddress" value="192.168.34.59"/>
         <property name="sessionId" value="2b481a8f06b22dcf9e3f10424dec62c1"/>
         <property name="seleniumVersion" value="3.7.1"/>
         <property name="proxyInformation" value="ProxyInformation{proxyOption=NO_PROXY, proxyServerType=HTTP, password=, proxyServerAddress=, proxyServerPort=0}"/>
         <property name="platform" value="Windows 10"/>
      </properties>
      <testcase name="Test Cases/UserManagementTestCases/Login/Invalid_Login" classname="Test Cases/UserManagementTestCases/Login/Invalid_Login" status="PASSED">
         <system-out><![CDATA[2018-07-16 13:11:16 - [TEST_CASE][PASSED] - Test Cases/UserManagementTestCases/Login/Invalid_Login: Test Cases/UserManagementTestCases/Login/Invalid_Login

2018-07-16 13:11:20 - [TEST_STEP][PASSED] - callTestCase: Call Test Case 'Test Cases/CommonTestcases/OpenBrowserandNavigateToQAURL' successfully

2018-07-16 13:11:20 - [TEST_CASE][PASSED] - Test Cases/CommonTestcases/OpenBrowserandNavigateToQAURL: Test Cases/CommonTestcases/OpenBrowserandNavigateToQAURL

2018-07-16 13:11:20 - [TEST_STEP][PASSED] - openBrowser: Browser is opened with url: ''

2018-07-16 13:11:26 - [MESSAGE][PASSED] - Browser is opened with url: ''

2018-07-16 13:11:26 - [TEST_STEP][PASSED] - navigateToUrl: Navigate to 'https://coa-demo-env.azurewebsites.net/da/index.html#/login' successfully

2018-07-16 13:11:31 - [MESSAGE][PASSED] - Navigate to 'https://coa-demo-env.azurewebsites.net/da/index.html#/login' successfully

2018-07-16 13:11:31 - [TEST_STEP][PASSED] - maximizeWindow: Current window maximized

2018-07-16 13:11:33 - [MESSAGE][PASSED] - Current window maximized

2018-07-16 13:11:33 - [MESSAGE][PASSED] - Call Test Case 'Test Cases/CommonTestcases/OpenBrowserandNavigateToQAURL' successfully

2018-07-16 13:11:33 - [TEST_STEP][PASSED] - waitForElementVisible: Object 'Object Repository/OMVA_Login_Page/Username_Textbox' is visible

2018-07-16 13:11:33 - [MESSAGE][PASSED] - Object 'Object Repository/OMVA_Login_Page/Username_Textbox' is visible

2018-07-16 13:11:33 - [TEST_STEP][PASSED] - sendKeys: Keys 'asdf' sent to object: 'Object Repository/OMVA_Login_Page/Username_Textbox'

2018-07-16 13:11:33 - [MESSAGE][PASSED] - Keys 'asdf' sent to object: 'Object Repository/OMVA_Login_Page/Username_Textbox'

2018-07-16 13:11:33 - [TEST_STEP][PASSED] - click: Object: 'Object Repository/OMVA_Login_Page/Next_Button' is clicked on

2018-07-16 13:11:33 - [MESSAGE][PASSED] - Object: 'Object Repository/OMVA_Login_Page/Next_Button' is clicked on

2018-07-16 13:11:33 - [TEST_STEP][PASSED] - Statement - If (true): null

2018-07-16 13:11:33 - [TEST_STEP][PASSED] - waitForElementVisible: Object 'Object Repository/OMVA_Login_Page/Password_Textbox' is visible

2018-07-16 13:11:34 - [MESSAGE][PASSED] - Object 'Object Repository/OMVA_Login_Page/Password_Textbox' is visible

2018-07-16 13:11:34 - [TEST_STEP][PASSED] - Statement - assert true: null

2018-07-16 13:11:34 - [TEST_STEP][PASSED] - sendKeys: Keys 'qwerty' sent to object: 'Object Repository/OMVA_Login_Page/Password_Textbox'

2018-07-16 13:11:34 - [MESSAGE][PASSED] - Keys 'qwerty' sent to object: 'Object Repository/OMVA_Login_Page/Password_Textbox'

2018-07-16 13:11:34 - [TEST_STEP][PASSED] - click: Object: 'Object Repository/OMVA_Login_Page/Signin_Button' is clicked on

2018-07-16 13:11:34 - [MESSAGE][PASSED] - Object: 'Object Repository/OMVA_Login_Page/Signin_Button' is clicked on

2018-07-16 13:11:34 - [TEST_STEP][PASSED] - Statement - AHeaderTxt = com.kms.katalon.core.webui.keyword.WebUiBuiltInKeywords.getText(com.kms.katalon.core.testobject.ObjectRepository.findTestObject(OMVA_Login_Page/InvalidLogin_HeaderTxt)): Text of object 'Object Repository/OMVA_Login_Page/InvalidLogin_HeaderTxt' is: 'Invalid Credentials'

2018-07-16 13:11:35 - [MESSAGE][PASSED] - Text of object 'Object Repository/OMVA_Login_Page/InvalidLogin_HeaderTxt' is: 'Invalid Credentials'

2018-07-16 13:11:35 - [TEST_STEP][PASSED] - verifyMatch: Actual text 'Invalid Credentials' and expected text 'Invalid Credentials' are matched  using regular expression

2018-07-16 13:11:35 - [MESSAGE][PASSED] - Actual text 'Invalid Credentials' and expected text 'Invalid Credentials' are matched  using regular expression

2018-07-16 13:11:35 - [TEST_STEP][PASSED] - Statement - AContentTxt = com.kms.katalon.core.webui.keyword.WebUiBuiltInKeywords.getText(com.kms.katalon.core.testobject.ObjectRepository.findTestObject(OMVA_Login_Page/InvalidLogin_ContentTxt)): Text of object 'Object Repository/OMVA_Login_Page/InvalidLogin_ContentTxt' is: 'The specified username / password is invalid. Please try again.'

2018-07-16 13:11:36 - [MESSAGE][PASSED] - Text of object 'Object Repository/OMVA_Login_Page/InvalidLogin_ContentTxt' is: 'The specified username / password is invalid. Please try again.'

2018-07-16 13:11:36 - [TEST_STEP][PASSED] - verifyMatch: Actual text 'The specified username / password is invalid. Please try again.' and expected text 'The specified username / password is invalid. Please try again.' are matched  using regular expression

2018-07-16 13:11:36 - [MESSAGE][PASSED] - Actual text 'The specified username / password is invalid. Please try again.' and expected text 'The specified username / password is invalid. Please try again.' are matched  using regular expression

2018-07-16 13:11:36 - [TEST_STEP][PASSED] - waitForElementVisible: Object 'Object Repository/OMVA_Login_Page/InvalidLogin_OKbtn' is visible

2018-07-16 13:11:36 - [MESSAGE][PASSED] - Object 'Object Repository/OMVA_Login_Page/InvalidLogin_OKbtn' is visible

2018-07-16 13:11:36 - [TEST_STEP][PASSED] - Statement - assert true: null

2018-07-16 13:11:36 - [TEST_STEP][PASSED] - click: Object: 'Object Repository/OMVA_Login_Page/InvalidLogin_OKbtn' is clicked on

2018-07-16 13:11:36 - [MESSAGE][PASSED] - Object: 'Object Repository/OMVA_Login_Page/InvalidLogin_OKbtn' is clicked on

2018-07-16 13:11:36 - [TEST_STEP][PASSED] - closeBrowser: Browser is closed

2018-07-16 13:11:38 - [MESSAGE][PASSED] - Browser is closed]]></system-out>
         <system-err><![CDATA[]]></system-err>
      </testcase>
      <testcase name="Test Cases/UserManagementTestCases/Login/Valid_Login" classname="Test Cases/UserManagementTestCases/Login/Valid_Login" status="PASSED">
         <system-out><![CDATA[2018-07-16 13:11:38 - [TEST_CASE][PASSED] - Test Cases/UserManagementTestCases/Login/Valid_Login: Test Cases/UserManagementTestCases/Login/Valid_Login

2018-07-16 13:11:39 - [TEST_STEP][PASSED] - callTestCase: Call Test Case 'Test Cases/CommonTestcases/OpenBrowserandNavigateToQAURL' successfully

2018-07-16 13:11:39 - [TEST_CASE][PASSED] - Test Cases/CommonTestcases/OpenBrowserandNavigateToQAURL: Test Cases/CommonTestcases/OpenBrowserandNavigateToQAURL

2018-07-16 13:11:39 - [TEST_STEP][PASSED] - openBrowser: Browser is opened with url: ''

2018-07-16 13:11:42 - [MESSAGE][PASSED] - Browser is opened with url: ''

2018-07-16 13:11:42 - [TEST_STEP][PASSED] - navigateToUrl: Navigate to 'https://coa-demo-env.azurewebsites.net/da/index.html#/login' successfully

2018-07-16 13:11:48 - [MESSAGE][PASSED] - Navigate to 'https://coa-demo-env.azurewebsites.net/da/index.html#/login' successfully

2018-07-16 13:11:48 - [TEST_STEP][PASSED] - maximizeWindow: Current window maximized

2018-07-16 13:11:49 - [MESSAGE][PASSED] - Current window maximized

2018-07-16 13:11:49 - [MESSAGE][PASSED] - Call Test Case 'Test Cases/CommonTestcases/OpenBrowserandNavigateToQAURL' successfully

2018-07-16 13:11:49 - [TEST_STEP][PASSED] - waitForElementVisible: Object 'Object Repository/OMVA_Login_Page/Username_Textbox' is visible

2018-07-16 13:11:49 - [MESSAGE][PASSED] - Object 'Object Repository/OMVA_Login_Page/Username_Textbox' is visible

2018-07-16 13:11:49 - [TEST_STEP][PASSED] - sendKeys: Keys 'SuperAdmin' sent to object: 'Object Repository/OMVA_Login_Page/Username_Textbox'

2018-07-16 13:11:50 - [MESSAGE][PASSED] - Keys 'SuperAdmin' sent to object: 'Object Repository/OMVA_Login_Page/Username_Textbox'

2018-07-16 13:11:50 - [TEST_STEP][PASSED] - click: Object: 'Object Repository/OMVA_Login_Page/Next_Button' is clicked on

2018-07-16 13:11:50 - [MESSAGE][PASSED] - Object: 'Object Repository/OMVA_Login_Page/Next_Button' is clicked on

2018-07-16 13:11:50 - [TEST_STEP][PASSED] - Statement - If (true): null

2018-07-16 13:11:50 - [TEST_STEP][PASSED] - waitForElementVisible: Object 'Object Repository/OMVA_Login_Page/Password_Textbox' is visible

2018-07-16 13:11:50 - [MESSAGE][PASSED] - Object 'Object Repository/OMVA_Login_Page/Password_Textbox' is visible

2018-07-16 13:11:50 - [TEST_STEP][PASSED] - Statement - assert true: null

2018-07-16 13:11:50 - [TEST_STEP][PASSED] - sendKeys: Keys 'SuperAdmin' sent to object: 'Object Repository/OMVA_Login_Page/Password_Textbox'

2018-07-16 13:11:51 - [MESSAGE][PASSED] - Keys 'SuperAdmin' sent to object: 'Object Repository/OMVA_Login_Page/Password_Textbox'

2018-07-16 13:11:51 - [TEST_STEP][PASSED] - click: Object: 'Object Repository/OMVA_Login_Page/Signin_Button' is clicked on

2018-07-16 13:11:51 - [MESSAGE][PASSED] - Object: 'Object Repository/OMVA_Login_Page/Signin_Button' is clicked on

2018-07-16 13:11:51 - [TEST_STEP][PASSED] - waitForAngularLoad: This page doesn't use Angular.

2018-07-16 13:11:51 - [MESSAGE][WARNING] - This page doesn't use Angular.

2018-07-16 13:11:51 - [TEST_STEP][PASSED] - Statement - greetingtext = com.kms.katalon.core.webui.keyword.WebUiBuiltInKeywords.getText(com.kms.katalon.core.testobject.ObjectRepository.findTestObject(OMVA_Landing_Page/Greeting_Label)): Text of object 'Object Repository/OMVA_Landing_Page/Greeting_Label' is: 'Good Afternoon, SuperAdmin'

2018-07-16 13:11:52 - [MESSAGE][PASSED] - Text of object 'Object Repository/OMVA_Landing_Page/Greeting_Label' is: 'Good Afternoon, SuperAdmin'

2018-07-16 13:11:52 - [TEST_STEP][PASSED] - verifyMatch: Actual text 'Good Afternoon, SuperAdmin' and expected text '\D*SuperAdmin' are matched  using regular expression

2018-07-16 13:11:52 - [MESSAGE][PASSED] - Actual text 'Good Afternoon, SuperAdmin' and expected text '\D*SuperAdmin' are matched  using regular expression

2018-07-16 13:11:52 - [TEST_STEP][PASSED] - closeBrowser: Browser is closed

2018-07-16 13:11:53 - [MESSAGE][PASSED] - Browser is closed]]></system-out>
         <system-err><![CDATA[]]></system-err>
      </testcase>
      <testcase name="Test Cases/UserManagementTestCases/CreateUser/Create_User_Validate" classname="Test Cases/UserManagementTestCases/CreateUser/Create_User_Validate" status="PASSED">
         <system-out><![CDATA[2018-07-16 13:11:53 - [TEST_CASE][PASSED] - Test Cases/UserManagementTestCases/CreateUser/Create_User_Validate: Test Cases/UserManagementTestCases/CreateUser/Create_User_Validate

2018-07-16 13:11:54 - [TEST_STEP][PASSED] - callTestCase: Call Test Case 'Test Cases/CommonTestcases/OpenBrowserandNavigateToQAURL' successfully

2018-07-16 13:11:54 - [TEST_CASE][PASSED] - Test Cases/CommonTestcases/OpenBrowserandNavigateToQAURL: Test Cases/CommonTestcases/OpenBrowserandNavigateToQAURL

2018-07-16 13:11:54 - [TEST_STEP][PASSED] - openBrowser: Browser is opened with url: ''

2018-07-16 13:11:56 - [MESSAGE][PASSED] - Browser is opened with url: ''

2018-07-16 13:11:56 - [TEST_STEP][PASSED] - navigateToUrl: Navigate to 'https://coa-demo-env.azurewebsites.net/da/index.html#/login' successfully

2018-07-16 13:12:05 - [MESSAGE][PASSED] - Navigate to 'https://coa-demo-env.azurewebsites.net/da/index.html#/login' successfully

2018-07-16 13:12:05 - [TEST_STEP][PASSED] - maximizeWindow: Current window maximized

2018-07-16 13:12:06 - [MESSAGE][PASSED] - Current window maximized

2018-07-16 13:12:06 - [MESSAGE][PASSED] - Call Test Case 'Test Cases/CommonTestcases/OpenBrowserandNavigateToQAURL' successfully

2018-07-16 13:12:06 - [TEST_STEP][PASSED] - waitForElementVisible: Object 'Object Repository/OMVA_Login_Page/Username_Textbox' is visible

2018-07-16 13:12:06 - [MESSAGE][PASSED] - Object 'Object Repository/OMVA_Login_Page/Username_Textbox' is visible

2018-07-16 13:12:06 - [TEST_STEP][PASSED] - sendKeys: Keys 'SuperAdmin' sent to object: 'Object Repository/OMVA_Login_Page/Username_Textbox'

2018-07-16 13:12:07 - [MESSAGE][PASSED] - Keys 'SuperAdmin' sent to object: 'Object Repository/OMVA_Login_Page/Username_Textbox'

2018-07-16 13:12:07 - [TEST_STEP][PASSED] - click: Object: 'Object Repository/OMVA_Login_Page/Next_Button' is clicked on

2018-07-16 13:12:07 - [MESSAGE][PASSED] - Object: 'Object Repository/OMVA_Login_Page/Next_Button' is clicked on

2018-07-16 13:12:07 - [TEST_STEP][PASSED] - waitForElementVisible: Object 'Object Repository/OMVA_Login_Page/Password_Textbox' is visible

2018-07-16 13:12:07 - [MESSAGE][PASSED] - Object 'Object Repository/OMVA_Login_Page/Password_Textbox' is visible

2018-07-16 13:12:07 - [TEST_STEP][PASSED] - sendKeys: Keys 'SuperAdmin' sent to object: 'Object Repository/OMVA_Login_Page/Password_Textbox'

2018-07-16 13:12:08 - [MESSAGE][PASSED] - Keys 'SuperAdmin' sent to object: 'Object Repository/OMVA_Login_Page/Password_Textbox'

2018-07-16 13:12:08 - [TEST_STEP][PASSED] - click: Object: 'Object Repository/OMVA_Login_Page/Signin_Button' is clicked on

2018-07-16 13:12:08 - [MESSAGE][PASSED] - Object: 'Object Repository/OMVA_Login_Page/Signin_Button' is clicked on

2018-07-16 13:12:08 - [TEST_STEP][PASSED] - waitForPageLoad: Wait for page load successfully

2018-07-16 13:12:08 - [MESSAGE][PASSED] - Wait for page load successfully

2018-07-16 13:12:08 - [TEST_STEP][PASSED] - delay: Delayed 5 second(s)

2018-07-16 13:12:13 - [MESSAGE][PASSED] - Delayed 5 second(s)

2018-07-16 13:12:13 - [TEST_STEP][PASSED] - waitForElementPresent: Object 'Object Repository/OMVA_Landing_Page/CreateUser_Button' is present

2018-07-16 13:12:13 - [MESSAGE][PASSED] - Object 'Object Repository/OMVA_Landing_Page/CreateUser_Button' is present

2018-07-16 13:12:13 - [TEST_STEP][PASSED] - click: Object: 'Object Repository/OMVA_Landing_Page/CreateUser_Button' is clicked on

2018-07-16 13:12:13 - [MESSAGE][PASSED] - Object: 'Object Repository/OMVA_Landing_Page/CreateUser_Button' is clicked on

2018-07-16 13:12:13 - [TEST_STEP][PASSED] - delay: Delayed 3 second(s)

2018-07-16 13:12:16 - [MESSAGE][PASSED] - Delayed 3 second(s)

2018-07-16 13:12:16 - [TEST_STEP][PASSED] - waitForElementPresent: Object 'Object Repository/OMVA_UserManagement_Page/Role_Dropdown' is present

2018-07-16 13:12:16 - [MESSAGE][PASSED] - Object 'Object Repository/OMVA_UserManagement_Page/Role_Dropdown' is present

2018-07-16 13:12:16 - [TEST_STEP][PASSED] - Statement - If (true): null

2018-07-16 13:12:16 - [TEST_STEP][PASSED] - click: Object: 'Object Repository/OMVA_UserManagement_Page/Role_Dropdown' is clicked on

2018-07-16 13:12:17 - [MESSAGE][PASSED] - Object: 'Object Repository/OMVA_UserManagement_Page/Role_Dropdown' is clicked on

2018-07-16 13:12:17 - [TEST_STEP][PASSED] - Statement - assert true: null

2018-07-16 13:12:17 - [TEST_STEP][PASSED] - scrollToElement: Scroll to object 'Object Repository/OMVA_UserManagement_Page/DropdownOption_RoleDropdown_Market Admin' successfully

2018-07-16 13:12:17 - [MESSAGE][WARNING] - Timeout '0' is invalid. Using default page load timeout: '15'

2018-07-16 13:12:17 - [MESSAGE][PASSED] - Scroll to object 'Object Repository/OMVA_UserManagement_Page/DropdownOption_RoleDropdown_Market Admin' successfully

2018-07-16 13:12:17 - [TEST_STEP][PASSED] - click: Object: 'Object Repository/OMVA_UserManagement_Page/DropdownOption_RoleDropdown_Market Admin' is clicked on

2018-07-16 13:12:17 - [MESSAGE][PASSED] - Object: 'Object Repository/OMVA_UserManagement_Page/DropdownOption_RoleDropdown_Market Admin' is clicked on

2018-07-16 13:12:17 - [TEST_STEP][PASSED] - Statement - username = CustomKeywords.commonLibrary.commonFunctions.randomStringFunction("abcdefghijklmnopqrstuvwxyz", 6): commonLibrary.commonFunctions.randomStringFunction is PASSED

2018-07-16 13:12:17 - [MESSAGE][PASSED] - commonLibrary.commonFunctions.randomStringFunction is PASSED

2018-07-16 13:12:17 - [TEST_STEP][PASSED] - Statement - uname = username.toString(): null

2018-07-16 13:12:17 - [TEST_STEP][PASSED] - sendKeys: Keys 'qknlfp' sent to object: 'Object Repository/OMVA_UserManagement_Page/UserName_Textbox'

2018-07-16 13:12:17 - [MESSAGE][PASSED] - Keys 'qknlfp' sent to object: 'Object Repository/OMVA_UserManagement_Page/UserName_Textbox'

2018-07-16 13:12:17 - [TEST_STEP][PASSED] - Statement - emailidprefix = CustomKeywords.commonLibrary.commonFunctions.randomStringFunction("abcdefghijklmnopqrstuvwxyz", 9): commonLibrary.commonFunctions.randomStringFunction is PASSED

2018-07-16 13:12:17 - [MESSAGE][PASSED] - commonLibrary.commonFunctions.randomStringFunction is PASSED

2018-07-16 13:12:17 - [TEST_STEP][PASSED] - sendKeys: Keys 'oijfohakt@autotestpg.com' sent to object: 'Object Repository/OMVA_UserManagement_Page/EmailID_Textbox'

2018-07-16 13:12:18 - [MESSAGE][PASSED] - Keys 'oijfohakt@autotestpg.com' sent to object: 'Object Repository/OMVA_UserManagement_Page/EmailID_Textbox'

2018-07-16 13:12:18 - [TEST_STEP][PASSED] - Statement - firstname = CustomKeywords.commonLibrary.commonFunctions.randomStringFunction("abcdefghijklmnopqrstuvwxyz", 7): commonLibrary.commonFunctions.randomStringFunction is PASSED

2018-07-16 13:12:18 - [MESSAGE][PASSED] - commonLibrary.commonFunctions.randomStringFunction is PASSED

2018-07-16 13:12:18 - [TEST_STEP][PASSED] - sendKeys: Keys 'wtqavwn' sent to object: 'Object Repository/OMVA_UserManagement_Page/FirstName_Textbox'

2018-07-16 13:12:19 - [MESSAGE][PASSED] - Keys 'wtqavwn' sent to object: 'Object Repository/OMVA_UserManagement_Page/FirstName_Textbox'

2018-07-16 13:12:19 - [TEST_STEP][PASSED] - Statement - lastname = CustomKeywords.commonLibrary.commonFunctions.randomStringFunction("abcdefghijklmnopqrstuvwxyz", 7): commonLibrary.commonFunctions.randomStringFunction is PASSED

2018-07-16 13:12:19 - [MESSAGE][PASSED] - commonLibrary.commonFunctions.randomStringFunction is PASSED

2018-07-16 13:12:19 - [TEST_STEP][PASSED] - sendKeys: Keys 'yskvxyn' sent to object: 'Object Repository/OMVA_UserManagement_Page/LastName_Textbox'

2018-07-16 13:12:19 - [MESSAGE][PASSED] - Keys 'yskvxyn' sent to object: 'Object Repository/OMVA_UserManagement_Page/LastName_Textbox'

2018-07-16 13:12:19 - [TEST_STEP][PASSED] - Statement - ticketnum = CustomKeywords.commonLibrary.commonFunctions.randomStringFunction("123456789", 7): commonLibrary.commonFunctions.randomStringFunction is PASSED

2018-07-16 13:12:19 - [MESSAGE][PASSED] - commonLibrary.commonFunctions.randomStringFunction is PASSED

2018-07-16 13:12:19 - [TEST_STEP][PASSED] - sendKeys: Keys '5732624' sent to object: 'Object Repository/OMVA_UserManagement_Page/TicketNumber_Textbox'

2018-07-16 13:12:19 - [MESSAGE][PASSED] - Keys '5732624' sent to object: 'Object Repository/OMVA_UserManagement_Page/TicketNumber_Textbox'

2018-07-16 13:12:19 - [TEST_STEP][PASSED] - click: Object: 'Object Repository/OMVA_UserManagement_Page/Next_Button' is clicked on

2018-07-16 13:12:20 - [MESSAGE][PASSED] - Object: 'Object Repository/OMVA_UserManagement_Page/Next_Button' is clicked on

2018-07-16 13:12:20 - [TEST_STEP][PASSED] - applicationLibrary.checkboxMultiselection.multiselectCheckbox: applicationLibrary.checkboxMultiselection.multiselectCheckbox is PASSED

2018-07-16 13:12:22 - [MESSAGE][PASSED] - applicationLibrary.checkboxMultiselection.multiselectCheckbox is PASSED

2018-07-16 13:12:22 - [TEST_STEP][PASSED] - scrollToElement: Scroll to object 'Object Repository/OMVA_UserManagement_Page/Customer_Next_Btn' successfully

2018-07-16 13:12:22 - [MESSAGE][PASSED] - Scroll to object 'Object Repository/OMVA_UserManagement_Page/Customer_Next_Btn' successfully

2018-07-16 13:12:22 - [TEST_STEP][PASSED] - click: Object: 'Object Repository/OMVA_UserManagement_Page/Customer_Next_Btn' is clicked on

2018-07-16 13:12:22 - [MESSAGE][PASSED] - Object: 'Object Repository/OMVA_UserManagement_Page/Customer_Next_Btn' is clicked on

2018-07-16 13:12:22 - [TEST_STEP][PASSED] - applicationLibrary.checkboxMultiselection.multiselectCheckbox: applicationLibrary.checkboxMultiselection.multiselectCheckbox is PASSED

2018-07-16 13:12:25 - [MESSAGE][PASSED] - applicationLibrary.checkboxMultiselection.multiselectCheckbox is PASSED

2018-07-16 13:12:25 - [TEST_STEP][PASSED] - click: Object: 'Object Repository/OMVA_UserManagement_Page/UserCreation_Save_Btn' is clicked on

2018-07-16 13:12:25 - [MESSAGE][PASSED] - Object: 'Object Repository/OMVA_UserManagement_Page/UserCreation_Save_Btn' is clicked on

2018-07-16 13:12:25 - [TEST_STEP][PASSED] - waitForElementPresent: Object 'Object Repository/OMVA_UserManagement_Page/UserCreation_HeaderTxt' is present

2018-07-16 13:12:26 - [MESSAGE][PASSED] - Object 'Object Repository/OMVA_UserManagement_Page/UserCreation_HeaderTxt' is present

2018-07-16 13:12:26 - [TEST_STEP][PASSED] - verifyElementText: Actual text and expected text of test object 'Object Repository/OMVA_UserManagement_Page/UserCreation_HeaderTxt' are matched.

2018-07-16 13:12:26 - [MESSAGE][PASSED] - Actual text and expected text of test object 'Object Repository/OMVA_UserManagement_Page/UserCreation_HeaderTxt' are matched.

2018-07-16 13:12:26 - [TEST_STEP][PASSED] - verifyElementText: Actual text and expected text of test object 'Object Repository/OMVA_UserManagement_Page/UserCreation_ContentTxt' are matched.

2018-07-16 13:12:26 - [MESSAGE][PASSED] - Actual text and expected text of test object 'Object Repository/OMVA_UserManagement_Page/UserCreation_ContentTxt' are matched.

2018-07-16 13:12:26 - [TEST_STEP][PASSED] - click: Object: 'Object Repository/OMVA_UserManagement_Page/UserCreation_OK_Btn' is clicked on

2018-07-16 13:12:26 - [MESSAGE][PASSED] - Object: 'Object Repository/OMVA_UserManagement_Page/UserCreation_OK_Btn' is clicked on

2018-07-16 13:12:26 - [TEST_STEP][PASSED] - delay: Delayed 5 second(s)

2018-07-16 13:12:31 - [MESSAGE][PASSED] - Delayed 5 second(s)

2018-07-16 13:12:31 - [TEST_STEP][PASSED] - waitForElementPresent: Object 'Object Repository/OMVA_UserManagement_Page/Created_User_Username' is present

2018-07-16 13:12:31 - [MESSAGE][PASSED] - Object 'Object Repository/OMVA_UserManagement_Page/Created_User_Username' is present

2018-07-16 13:12:31 - [TEST_STEP][PASSED] - Statement - createduser = com.kms.katalon.core.webui.keyword.WebUiBuiltInKeywords.getText(com.kms.katalon.core.testobject.ObjectRepository.findTestObject(OMVA_UserManagement_Page/Created_User_Username)): Text of object 'Object Repository/OMVA_UserManagement_Page/Created_User_Username' is: 'wtqavwn yskvxyn'

2018-07-16 13:12:31 - [MESSAGE][PASSED] - Text of object 'Object Repository/OMVA_UserManagement_Page/Created_User_Username' is: 'wtqavwn yskvxyn'

2018-07-16 13:12:31 - [TEST_STEP][PASSED] - waitForElementVisible: Object 'Object Repository/OMVA_UserManagement_Page/Search_button' is visible

2018-07-16 13:12:32 - [MESSAGE][PASSED] - Object 'Object Repository/OMVA_UserManagement_Page/Search_button' is visible

2018-07-16 13:12:32 - [TEST_STEP][PASSED] - click: Object: 'Object Repository/OMVA_UserManagement_Page/Search_button' is clicked on

2018-07-16 13:12:32 - [MESSAGE][PASSED] - Object: 'Object Repository/OMVA_UserManagement_Page/Search_button' is clicked on

2018-07-16 13:12:32 - [TEST_STEP][PASSED] - waitForElementVisible: Object 'Object Repository/OMVA_UserManagement_Page/Enter_Text_Search' is visible

2018-07-16 13:12:32 - [MESSAGE][PASSED] - Object 'Object Repository/OMVA_UserManagement_Page/Enter_Text_Search' is visible

2018-07-16 13:12:32 - [TEST_STEP][PASSED] - sendKeys: Keys 'qknlfp' sent to object: 'Object Repository/OMVA_UserManagement_Page/Enter_Text_Search'

2018-07-16 13:12:33 - [MESSAGE][PASSED] - Keys 'qknlfp' sent to object: 'Object Repository/OMVA_UserManagement_Page/Enter_Text_Search'

2018-07-16 13:12:33 - [TEST_STEP][PASSED] - Statement - createduser = com.kms.katalon.core.webui.keyword.WebUiBuiltInKeywords.verifyMatch(createduser, firstname + " " + lastname, true): Actual text 'wtqavwn yskvxyn' and expected text 'wtqavwn yskvxyn' are matched  using regular expression

2018-07-16 13:12:33 - [MESSAGE][PASSED] - Actual text 'wtqavwn yskvxyn' and expected text 'wtqavwn yskvxyn' are matched  using regular expression

2018-07-16 13:12:33 - [TEST_STEP][PASSED] - dataBaseConnection.dataBase.connectDB: dataBaseConnection.dataBase.connectDB is PASSED

2018-07-16 13:12:34 - [MESSAGE][PASSED] - dataBaseConnection.dataBase.connectDB is PASSED

2018-07-16 13:12:34 - [TEST_STEP][PASSED] - dataBaseConnection.dataBase.executeQuery: dataBaseConnection.dataBase.executeQuery is PASSED

2018-07-16 13:12:34 - [MESSAGE][PASSED] - dataBaseConnection.dataBase.executeQuery is PASSED

2018-07-16 13:12:34 - [TEST_STEP][PASSED] - dataBaseConnection.dataBase.closeDatabaseConnection: dataBaseConnection.dataBase.closeDatabaseConnection is PASSED

2018-07-16 13:12:34 - [MESSAGE][PASSED] - dataBaseConnection.dataBase.closeDatabaseConnection is PASSED

2018-07-16 13:12:34 - [TEST_STEP][PASSED] - callTestCase: Call Test Case 'Test Cases/CommonTestcases/Logout_Closebrowser' successfully

2018-07-16 13:12:34 - [TEST_CASE][PASSED] - Test Cases/CommonTestcases/Logout_Closebrowser: Test Cases/CommonTestcases/Logout_Closebrowser

2018-07-16 13:12:35 - [TEST_STEP][PASSED] - waitForElementPresent: Object 'Object Repository/OMVA_Landing_Page/User_icon' is present

2018-07-16 13:12:35 - [MESSAGE][PASSED] - Object 'Object Repository/OMVA_Landing_Page/User_icon' is present

2018-07-16 13:12:35 - [TEST_STEP][PASSED] - click: Object: 'Object Repository/OMVA_Landing_Page/User_icon' is clicked on

2018-07-16 13:12:35 - [MESSAGE][PASSED] - Object: 'Object Repository/OMVA_Landing_Page/User_icon' is clicked on

2018-07-16 13:12:35 - [TEST_STEP][PASSED] - waitForElementPresent: Object 'Object Repository/OMVA_Landing_Page/Logout_link' is present

2018-07-16 13:12:35 - [MESSAGE][PASSED] - Object 'Object Repository/OMVA_Landing_Page/Logout_link' is present

2018-07-16 13:12:35 - [TEST_STEP][PASSED] - click: Object: 'Object Repository/OMVA_Landing_Page/Logout_link' is clicked on

2018-07-16 13:12:35 - [MESSAGE][PASSED] - Object: 'Object Repository/OMVA_Landing_Page/Logout_link' is clicked on

2018-07-16 13:12:35 - [TEST_STEP][PASSED] - waitForElementNotPresent: Web element with id: 'Object Repository/OMVA_Landing_Page/User_icon' located by 'By.xpath: //img[@id='dropdown']' is not present after '15' second(s)

2018-07-16 13:12:35 - [MESSAGE][WARNING] - Timeout '0' is invalid. Using default page load timeout: '15'

2018-07-16 13:12:35 - [MESSAGE][PASSED] - Web element with id: 'Object Repository/OMVA_Landing_Page/User_icon' located by 'By.xpath: //img[@id='dropdown']' is not present after '15' second(s)

2018-07-16 13:12:35 - [TEST_STEP][PASSED] - closeBrowser: Browser is closed

2018-07-16 13:12:36 - [MESSAGE][PASSED] - Browser is closed

2018-07-16 13:12:36 - [MESSAGE][PASSED] - Call Test Case 'Test Cases/CommonTestcases/Logout_Closebrowser' successfully]]></system-out>
         <system-err><![CDATA[]]></system-err>
      </testcase>
      <testcase name="Test Cases/UserManagementTestCases/CreateUser/Verify_InValid_Email" classname="Test Cases/UserManagementTestCases/CreateUser/Verify_InValid_Email" status="PASSED">
         <system-out><![CDATA[2018-07-16 13:12:36 - [TEST_CASE][PASSED] - Test Cases/UserManagementTestCases/CreateUser/Verify_InValid_Email: Test Cases/UserManagementTestCases/CreateUser/Verify_InValid_Email

2018-07-16 13:12:37 - [TEST_STEP][PASSED] - callTestCase: Call Test Case 'Test Cases/CommonTestcases/OpenBrowserandNavigateToQAURL' successfully

2018-07-16 13:12:37 - [TEST_CASE][PASSED] - Test Cases/CommonTestcases/OpenBrowserandNavigateToQAURL: Test Cases/CommonTestcases/OpenBrowserandNavigateToQAURL

2018-07-16 13:12:37 - [TEST_STEP][PASSED] - openBrowser: Browser is opened with url: ''

2018-07-16 13:12:39 - [MESSAGE][PASSED] - Browser is opened with url: ''

2018-07-16 13:12:39 - [TEST_STEP][PASSED] - navigateToUrl: Navigate to 'https://coa-demo-env.azurewebsites.net/da/index.html#/login' successfully

2018-07-16 13:12:45 - [MESSAGE][PASSED] - Navigate to 'https://coa-demo-env.azurewebsites.net/da/index.html#/login' successfully

2018-07-16 13:12:45 - [TEST_STEP][PASSED] - maximizeWindow: Current window maximized

2018-07-16 13:12:46 - [MESSAGE][PASSED] - Current window maximized

2018-07-16 13:12:46 - [MESSAGE][PASSED] - Call Test Case 'Test Cases/CommonTestcases/OpenBrowserandNavigateToQAURL' successfully

2018-07-16 13:12:46 - [TEST_STEP][PASSED] - waitForElementVisible: Object 'Object Repository/OMVA_Login_Page/Username_Textbox' is visible

2018-07-16 13:12:46 - [MESSAGE][PASSED] - Object 'Object Repository/OMVA_Login_Page/Username_Textbox' is visible

2018-07-16 13:12:46 - [TEST_STEP][PASSED] - sendKeys: Keys 'SuperAdmin' sent to object: 'Object Repository/OMVA_Login_Page/Username_Textbox'

2018-07-16 13:12:46 - [MESSAGE][PASSED] - Keys 'SuperAdmin' sent to object: 'Object Repository/OMVA_Login_Page/Username_Textbox'

2018-07-16 13:12:46 - [TEST_STEP][PASSED] - click: Object: 'Object Repository/OMVA_Login_Page/Next_Button' is clicked on

2018-07-16 13:12:46 - [MESSAGE][PASSED] - Object: 'Object Repository/OMVA_Login_Page/Next_Button' is clicked on

2018-07-16 13:12:46 - [TEST_STEP][PASSED] - waitForElementVisible: Object 'Object Repository/OMVA_Login_Page/Password_Textbox' is visible

2018-07-16 13:12:47 - [MESSAGE][PASSED] - Object 'Object Repository/OMVA_Login_Page/Password_Textbox' is visible

2018-07-16 13:12:47 - [TEST_STEP][PASSED] - sendKeys: Keys 'SuperAdmin' sent to object: 'Object Repository/OMVA_Login_Page/Password_Textbox'

2018-07-16 13:12:47 - [MESSAGE][PASSED] - Keys 'SuperAdmin' sent to object: 'Object Repository/OMVA_Login_Page/Password_Textbox'

2018-07-16 13:12:47 - [TEST_STEP][PASSED] - click: Object: 'Object Repository/OMVA_Login_Page/Signin_Button' is clicked on

2018-07-16 13:12:47 - [MESSAGE][PASSED] - Object: 'Object Repository/OMVA_Login_Page/Signin_Button' is clicked on

2018-07-16 13:12:47 - [TEST_STEP][PASSED] - waitForAngularLoad: This page doesn't use Angular.

2018-07-16 13:12:47 - [MESSAGE][WARNING] - This page doesn't use Angular.

2018-07-16 13:12:47 - [TEST_STEP][PASSED] - delay: Delayed 5 second(s)

2018-07-16 13:12:52 - [MESSAGE][PASSED] - Delayed 5 second(s)

2018-07-16 13:12:52 - [TEST_STEP][PASSED] - waitForElementPresent: Object 'Object Repository/OMVA_Landing_Page/CreateUser_Button' is present

2018-07-16 13:12:52 - [MESSAGE][PASSED] - Object 'Object Repository/OMVA_Landing_Page/CreateUser_Button' is present

2018-07-16 13:12:52 - [TEST_STEP][PASSED] - click: Object: 'Object Repository/OMVA_Landing_Page/CreateUser_Button' is clicked on

2018-07-16 13:12:53 - [MESSAGE][PASSED] - Object: 'Object Repository/OMVA_Landing_Page/CreateUser_Button' is clicked on

2018-07-16 13:12:53 - [TEST_STEP][PASSED] - waitForElementPresent: Object 'Object Repository/OMVA_UserManagement_Page/Role_Dropdown' is present

2018-07-16 13:12:53 - [MESSAGE][PASSED] - Object 'Object Repository/OMVA_UserManagement_Page/Role_Dropdown' is present

2018-07-16 13:12:53 - [TEST_STEP][PASSED] - delay: Delayed 4 second(s)

2018-07-16 13:12:57 - [MESSAGE][PASSED] - Delayed 4 second(s)

2018-07-16 13:12:57 - [TEST_STEP][PASSED] - click: Object: 'Object Repository/OMVA_UserManagement_Page/Role_Dropdown' is clicked on

2018-07-16 13:12:57 - [MESSAGE][PASSED] - Object: 'Object Repository/OMVA_UserManagement_Page/Role_Dropdown' is clicked on

2018-07-16 13:12:57 - [TEST_STEP][PASSED] - scrollToElement: Scroll to object 'Object Repository/OMVA_UserManagement_Page/DropdownOption_RoleDropdown_Market Admin' successfully

2018-07-16 13:12:57 - [MESSAGE][WARNING] - Timeout '0' is invalid. Using default page load timeout: '15'

2018-07-16 13:12:57 - [MESSAGE][PASSED] - Scroll to object 'Object Repository/OMVA_UserManagement_Page/DropdownOption_RoleDropdown_Market Admin' successfully

2018-07-16 13:12:57 - [TEST_STEP][PASSED] - click: Object: 'Object Repository/OMVA_UserManagement_Page/DropdownOption_RoleDropdown_Market Admin' is clicked on

2018-07-16 13:12:57 - [MESSAGE][PASSED] - Object: 'Object Repository/OMVA_UserManagement_Page/DropdownOption_RoleDropdown_Market Admin' is clicked on

2018-07-16 13:12:57 - [TEST_STEP][PASSED] - sendKeys: Keys 'kartik' sent to object: 'Object Repository/OMVA_UserManagement_Page/UserName_Textbox'

2018-07-16 13:12:58 - [MESSAGE][PASSED] - Keys 'kartik' sent to object: 'Object Repository/OMVA_UserManagement_Page/UserName_Textbox'

2018-07-16 13:12:58 - [TEST_STEP][PASSED] - sendKeys: Keys 'wwww' sent to object: 'Object Repository/OMVA_UserManagement_Page/EmailID_Textbox'

2018-07-16 13:12:58 - [MESSAGE][PASSED] - Keys 'wwww' sent to object: 'Object Repository/OMVA_UserManagement_Page/EmailID_Textbox'

2018-07-16 13:12:58 - [TEST_STEP][PASSED] - sendKeys: Keys 'firstName' sent to object: 'Object Repository/OMVA_UserManagement_Page/FirstName_Textbox'

2018-07-16 13:12:58 - [MESSAGE][PASSED] - Keys 'firstName' sent to object: 'Object Repository/OMVA_UserManagement_Page/FirstName_Textbox'

2018-07-16 13:12:58 - [TEST_STEP][PASSED] - Statement - ActualInvalidMsg = com.kms.katalon.core.webui.keyword.WebUiBuiltInKeywords.getText(com.kms.katalon.core.testobject.ObjectRepository.findTestObject(OMVA_UserManagement_Page/Email_Invalid_Msg)): Text of object 'Object Repository/OMVA_UserManagement_Page/Email_Invalid_Msg' is: 'Incorrect email ID.'

2018-07-16 13:12:58 - [MESSAGE][PASSED] - Text of object 'Object Repository/OMVA_UserManagement_Page/Email_Invalid_Msg' is: 'Incorrect email ID.'

2018-07-16 13:12:58 - [TEST_STEP][PASSED] - verifyMatch: Actual text 'Incorrect email ID.' and expected text 'Incorrect email ID.' are matched  using regular expression

2018-07-16 13:12:58 - [MESSAGE][PASSED] - Actual text 'Incorrect email ID.' and expected text 'Incorrect email ID.' are matched  using regular expression

2018-07-16 13:12:58 - [TEST_STEP][PASSED] - closeBrowser: Browser is closed

2018-07-16 13:12:59 - [MESSAGE][PASSED] - Browser is closed]]></system-out>
         <system-err><![CDATA[]]></system-err>
      </testcase>
      <testcase name="Test Cases/UserManagementTestCases/CreateUser/Verify_SaveExit_Btn" classname="Test Cases/UserManagementTestCases/CreateUser/Verify_SaveExit_Btn" status="PASSED">
         <system-out><![CDATA[2018-07-16 13:12:59 - [TEST_CASE][PASSED] - Test Cases/UserManagementTestCases/CreateUser/Verify_SaveExit_Btn: Test Cases/UserManagementTestCases/CreateUser/Verify_SaveExit_Btn

2018-07-16 13:12:59 - [TEST_STEP][PASSED] - callTestCase: Call Test Case 'Test Cases/CommonTestcases/OpenBrowserandNavigateToQAURL' successfully

2018-07-16 13:12:59 - [TEST_CASE][PASSED] - Test Cases/CommonTestcases/OpenBrowserandNavigateToQAURL: Test Cases/CommonTestcases/OpenBrowserandNavigateToQAURL

2018-07-16 13:12:59 - [TEST_STEP][PASSED] - openBrowser: Browser is opened with url: ''

2018-07-16 13:13:02 - [MESSAGE][PASSED] - Browser is opened with url: ''

2018-07-16 13:13:02 - [TEST_STEP][PASSED] - navigateToUrl: Navigate to 'https://coa-demo-env.azurewebsites.net/da/index.html#/login' successfully

2018-07-16 13:13:07 - [MESSAGE][PASSED] - Navigate to 'https://coa-demo-env.azurewebsites.net/da/index.html#/login' successfully

2018-07-16 13:13:07 - [TEST_STEP][PASSED] - maximizeWindow: Current window maximized

2018-07-16 13:13:08 - [MESSAGE][PASSED] - Current window maximized

2018-07-16 13:13:08 - [MESSAGE][PASSED] - Call Test Case 'Test Cases/CommonTestcases/OpenBrowserandNavigateToQAURL' successfully

2018-07-16 13:13:08 - [TEST_STEP][PASSED] - waitForElementVisible: Object 'Object Repository/OMVA_Login_Page/Username_Textbox' is visible

2018-07-16 13:13:08 - [MESSAGE][PASSED] - Object 'Object Repository/OMVA_Login_Page/Username_Textbox' is visible

2018-07-16 13:13:08 - [TEST_STEP][PASSED] - sendKeys: Keys 'SuperAdmin' sent to object: 'Object Repository/OMVA_Login_Page/Username_Textbox'

2018-07-16 13:13:08 - [MESSAGE][PASSED] - Keys 'SuperAdmin' sent to object: 'Object Repository/OMVA_Login_Page/Username_Textbox'

2018-07-16 13:13:08 - [TEST_STEP][PASSED] - click: Object: 'Object Repository/OMVA_Login_Page/Next_Button' is clicked on

2018-07-16 13:13:09 - [MESSAGE][PASSED] - Object: 'Object Repository/OMVA_Login_Page/Next_Button' is clicked on

2018-07-16 13:13:09 - [TEST_STEP][PASSED] - waitForElementVisible: Object 'Object Repository/OMVA_Login_Page/Password_Textbox' is visible

2018-07-16 13:13:09 - [MESSAGE][PASSED] - Object 'Object Repository/OMVA_Login_Page/Password_Textbox' is visible

2018-07-16 13:13:09 - [TEST_STEP][PASSED] - sendKeys: Keys 'SuperAdmin' sent to object: 'Object Repository/OMVA_Login_Page/Password_Textbox'

2018-07-16 13:13:09 - [MESSAGE][PASSED] - Keys 'SuperAdmin' sent to object: 'Object Repository/OMVA_Login_Page/Password_Textbox'

2018-07-16 13:13:09 - [TEST_STEP][PASSED] - click: Object: 'Object Repository/OMVA_Login_Page/Signin_Button' is clicked on

2018-07-16 13:13:10 - [MESSAGE][PASSED] - Object: 'Object Repository/OMVA_Login_Page/Signin_Button' is clicked on

2018-07-16 13:13:10 - [TEST_STEP][PASSED] - delay: Delayed 5 second(s)

2018-07-16 13:13:15 - [MESSAGE][PASSED] - Delayed 5 second(s)

2018-07-16 13:13:15 - [TEST_STEP][PASSED] - waitForElementPresent: Object 'Object Repository/OMVA_Landing_Page/CreateUser_Button' is present

2018-07-16 13:13:15 - [MESSAGE][PASSED] - Object 'Object Repository/OMVA_Landing_Page/CreateUser_Button' is present

2018-07-16 13:13:15 - [TEST_STEP][PASSED] - click: Object: 'Object Repository/OMVA_Landing_Page/CreateUser_Button' is clicked on

2018-07-16 13:13:15 - [MESSAGE][PASSED] - Object: 'Object Repository/OMVA_Landing_Page/CreateUser_Button' is clicked on

2018-07-16 13:13:15 - [TEST_STEP][PASSED] - delay: Delayed 5 second(s)

2018-07-16 13:13:20 - [MESSAGE][PASSED] - Delayed 5 second(s)

2018-07-16 13:13:20 - [TEST_STEP][PASSED] - waitForElementPresent: Object 'Object Repository/OMVA_UserManagement_Page/Role_Dropdown' is present

2018-07-16 13:13:20 - [MESSAGE][PASSED] - Object 'Object Repository/OMVA_UserManagement_Page/Role_Dropdown' is present

2018-07-16 13:13:20 - [TEST_STEP][PASSED] - click: Object: 'Object Repository/OMVA_UserManagement_Page/Role_Dropdown' is clicked on

2018-07-16 13:13:20 - [MESSAGE][PASSED] - Object: 'Object Repository/OMVA_UserManagement_Page/Role_Dropdown' is clicked on

2018-07-16 13:13:20 - [TEST_STEP][PASSED] - scrollToElement: Scroll to object 'Object Repository/OMVA_UserManagement_Page/DropdownOption_RoleDropdown_Market Admin' successfully

2018-07-16 13:13:20 - [MESSAGE][WARNING] - Timeout '0' is invalid. Using default page load timeout: '15'

2018-07-16 13:13:20 - [MESSAGE][PASSED] - Scroll to object 'Object Repository/OMVA_UserManagement_Page/DropdownOption_RoleDropdown_Market Admin' successfully

2018-07-16 13:13:20 - [TEST_STEP][PASSED] - click: Object: 'Object Repository/OMVA_UserManagement_Page/DropdownOption_RoleDropdown_Market Admin' is clicked on

2018-07-16 13:13:20 - [MESSAGE][PASSED] - Object: 'Object Repository/OMVA_UserManagement_Page/DropdownOption_RoleDropdown_Market Admin' is clicked on

2018-07-16 13:13:20 - [TEST_STEP][PASSED] - Statement - username = CustomKeywords.commonLibrary.commonFunctions.randomStringFunction("abcdefghijklmnopqrstuvwxyz", 6): commonLibrary.commonFunctions.randomStringFunction is PASSED

2018-07-16 13:13:20 - [MESSAGE][PASSED] - commonLibrary.commonFunctions.randomStringFunction is PASSED

2018-07-16 13:13:20 - [TEST_STEP][PASSED] - sendKeys: Keys 'tinckh' sent to object: 'Object Repository/OMVA_UserManagement_Page/UserName_Textbox'

2018-07-16 13:13:20 - [MESSAGE][PASSED] - Keys 'tinckh' sent to object: 'Object Repository/OMVA_UserManagement_Page/UserName_Textbox'

2018-07-16 13:13:20 - [TEST_STEP][PASSED] - Statement - emailidprefix = CustomKeywords.commonLibrary.commonFunctions.randomStringFunction("abcdefghijklmnopqrstuvwxyz", 9): commonLibrary.commonFunctions.randomStringFunction is PASSED

2018-07-16 13:13:21 - [MESSAGE][PASSED] - commonLibrary.commonFunctions.randomStringFunction is PASSED

2018-07-16 13:13:21 - [TEST_STEP][PASSED] - sendKeys: Keys 'azdqviyof@autotestpg.com' sent to object: 'Object Repository/OMVA_UserManagement_Page/EmailID_Textbox'

2018-07-16 13:13:21 - [MESSAGE][PASSED] - Keys 'azdqviyof@autotestpg.com' sent to object: 'Object Repository/OMVA_UserManagement_Page/EmailID_Textbox'

2018-07-16 13:13:21 - [TEST_STEP][PASSED] - Statement - firstname = CustomKeywords.commonLibrary.commonFunctions.randomStringFunction("abcdefghijklmnopqrstuvwxyz", 7): commonLibrary.commonFunctions.randomStringFunction is PASSED

2018-07-16 13:13:21 - [MESSAGE][PASSED] - commonLibrary.commonFunctions.randomStringFunction is PASSED

2018-07-16 13:13:21 - [TEST_STEP][PASSED] - sendKeys: Keys 'txskcyc' sent to object: 'Object Repository/OMVA_UserManagement_Page/FirstName_Textbox'

2018-07-16 13:13:21 - [MESSAGE][PASSED] - Keys 'txskcyc' sent to object: 'Object Repository/OMVA_UserManagement_Page/FirstName_Textbox'

2018-07-16 13:13:21 - [TEST_STEP][PASSED] - Statement - lastname = CustomKeywords.commonLibrary.commonFunctions.randomStringFunction("abcdefghijklmnopqrstuvwxyz", 7): commonLibrary.commonFunctions.randomStringFunction is PASSED

2018-07-16 13:13:21 - [MESSAGE][PASSED] - commonLibrary.commonFunctions.randomStringFunction is PASSED

2018-07-16 13:13:21 - [TEST_STEP][PASSED] - sendKeys: Keys 'nrhcocj' sent to object: 'Object Repository/OMVA_UserManagement_Page/LastName_Textbox'

2018-07-16 13:13:22 - [MESSAGE][PASSED] - Keys 'nrhcocj' sent to object: 'Object Repository/OMVA_UserManagement_Page/LastName_Textbox'

2018-07-16 13:13:22 - [TEST_STEP][PASSED] - Statement - ticketnum = CustomKeywords.commonLibrary.commonFunctions.randomStringFunction("123456789", 7): commonLibrary.commonFunctions.randomStringFunction is PASSED

2018-07-16 13:13:22 - [MESSAGE][PASSED] - commonLibrary.commonFunctions.randomStringFunction is PASSED

2018-07-16 13:13:22 - [TEST_STEP][PASSED] - sendKeys: Keys '4715491' sent to object: 'Object Repository/OMVA_UserManagement_Page/TicketNumber_Textbox'

2018-07-16 13:13:22 - [MESSAGE][PASSED] - Keys '4715491' sent to object: 'Object Repository/OMVA_UserManagement_Page/TicketNumber_Textbox'

2018-07-16 13:13:22 - [TEST_STEP][PASSED] - click: Object: 'Object Repository/OMVA_UserManagement_Page/SaveandExit_Button' is clicked on

2018-07-16 13:13:22 - [MESSAGE][PASSED] - Object: 'Object Repository/OMVA_UserManagement_Page/SaveandExit_Button' is clicked on

2018-07-16 13:13:22 - [TEST_STEP][PASSED] - delay: Delayed 4 second(s)

2018-07-16 13:13:26 - [MESSAGE][PASSED] - Delayed 4 second(s)

2018-07-16 13:13:26 - [TEST_STEP][PASSED] - waitForElementPresent: Object 'Object Repository/OMVA_UserManagement_Page/SaveExit_button_Htext' is present

2018-07-16 13:13:26 - [MESSAGE][PASSED] - Object 'Object Repository/OMVA_UserManagement_Page/SaveExit_button_Htext' is present

2018-07-16 13:13:26 - [TEST_STEP][PASSED] - Statement - assert true: null

2018-07-16 13:13:26 - [TEST_STEP][PASSED] - verifyElementText: Actual text and expected text of test object 'Object Repository/OMVA_UserManagement_Page/SaveExit_button_Htext' are matched.

2018-07-16 13:13:26 - [MESSAGE][PASSED] - Actual text and expected text of test object 'Object Repository/OMVA_UserManagement_Page/SaveExit_button_Htext' are matched.

2018-07-16 13:13:26 - [TEST_STEP][PASSED] - delay: Delayed 2 second(s)

2018-07-16 13:13:28 - [MESSAGE][PASSED] - Delayed 2 second(s)

2018-07-16 13:13:28 - [TEST_STEP][PASSED] - verifyElementText: Actual text and expected text of test object 'Object Repository/OMVA_UserManagement_Page/SaveExit_button_Popup_Ctext' are matched.

2018-07-16 13:13:28 - [MESSAGE][PASSED] - Actual text and expected text of test object 'Object Repository/OMVA_UserManagement_Page/SaveExit_button_Popup_Ctext' are matched.

2018-07-16 13:13:28 - [TEST_STEP][PASSED] - Statement - assert true: null

2018-07-16 13:13:28 - [TEST_STEP][PASSED] - click: Object: 'Object Repository/OMVA_UserManagement_Page/SaveExit_button_Popup_OK' is clicked on

2018-07-16 13:13:28 - [MESSAGE][PASSED] - Object: 'Object Repository/OMVA_UserManagement_Page/SaveExit_button_Popup_OK' is clicked on

2018-07-16 13:13:28 - [TEST_STEP][PASSED] - Statement - greetingtext = com.kms.katalon.core.webui.keyword.WebUiBuiltInKeywords.getText(com.kms.katalon.core.testobject.ObjectRepository.findTestObject(OMVA_Landing_Page/Greeting_Label)): Text of object 'Object Repository/OMVA_Landing_Page/Greeting_Label' is: 'Good Afternoon, SuperAdmin'

2018-07-16 13:13:28 - [MESSAGE][PASSED] - Text of object 'Object Repository/OMVA_Landing_Page/Greeting_Label' is: 'Good Afternoon, SuperAdmin'

2018-07-16 13:13:28 - [TEST_STEP][PASSED] - verifyMatch: Actual text 'Good Afternoon, SuperAdmin' and expected text '\D*SuperAdmin' are matched  using regular expression

2018-07-16 13:13:28 - [MESSAGE][PASSED] - Actual text 'Good Afternoon, SuperAdmin' and expected text '\D*SuperAdmin' are matched  using regular expression

2018-07-16 13:13:28 - [TEST_STEP][PASSED] - closeBrowser: Browser is closed

2018-07-16 13:13:29 - [MESSAGE][PASSED] - Browser is closed]]></system-out>
         <system-err><![CDATA[]]></system-err>
      </testcase>
      <testcase name="Test Cases/UserManagementTestCases/CreateUser/Verifying_Duplicate_EmailID" classname="Test Cases/UserManagementTestCases/CreateUser/Verifying_Duplicate_EmailID" status="PASSED">
         <system-out><![CDATA[2018-07-16 13:13:29 - [TEST_CASE][PASSED] - Test Cases/UserManagementTestCases/CreateUser/Verifying_Duplicate_EmailID: Test Cases/UserManagementTestCases/CreateUser/Verifying_Duplicate_EmailID

2018-07-16 13:13:30 - [TEST_STEP][PASSED] - callTestCase: Call Test Case 'Test Cases/CommonTestcases/OpenBrowserandNavigateToQAURL' successfully

2018-07-16 13:13:30 - [TEST_CASE][PASSED] - Test Cases/CommonTestcases/OpenBrowserandNavigateToQAURL: Test Cases/CommonTestcases/OpenBrowserandNavigateToQAURL

2018-07-16 13:13:30 - [TEST_STEP][PASSED] - openBrowser: Browser is opened with url: ''

2018-07-16 13:13:32 - [MESSAGE][PASSED] - Browser is opened with url: ''

2018-07-16 13:13:32 - [TEST_STEP][PASSED] - navigateToUrl: Navigate to 'https://coa-demo-env.azurewebsites.net/da/index.html#/login' successfully

2018-07-16 13:13:38 - [MESSAGE][PASSED] - Navigate to 'https://coa-demo-env.azurewebsites.net/da/index.html#/login' successfully

2018-07-16 13:13:38 - [TEST_STEP][PASSED] - maximizeWindow: Current window maximized

2018-07-16 13:13:39 - [MESSAGE][PASSED] - Current window maximized

2018-07-16 13:13:39 - [MESSAGE][PASSED] - Call Test Case 'Test Cases/CommonTestcases/OpenBrowserandNavigateToQAURL' successfully

2018-07-16 13:13:39 - [TEST_STEP][PASSED] - waitForElementVisible: Object 'Object Repository/OMVA_Login_Page/Username_Textbox' is visible

2018-07-16 13:13:39 - [MESSAGE][PASSED] - Object 'Object Repository/OMVA_Login_Page/Username_Textbox' is visible

2018-07-16 13:13:39 - [TEST_STEP][PASSED] - sendKeys: Keys 'SuperAdmin' sent to object: 'Object Repository/OMVA_Login_Page/Username_Textbox'

2018-07-16 13:13:39 - [MESSAGE][PASSED] - Keys 'SuperAdmin' sent to object: 'Object Repository/OMVA_Login_Page/Username_Textbox'

2018-07-16 13:13:39 - [TEST_STEP][PASSED] - click: Object: 'Object Repository/OMVA_Login_Page/Next_Button' is clicked on

2018-07-16 13:13:39 - [MESSAGE][PASSED] - Object: 'Object Repository/OMVA_Login_Page/Next_Button' is clicked on

2018-07-16 13:13:39 - [TEST_STEP][PASSED] - waitForElementVisible: Object 'Object Repository/OMVA_Login_Page/Password_Textbox' is visible

2018-07-16 13:13:40 - [MESSAGE][PASSED] - Object 'Object Repository/OMVA_Login_Page/Password_Textbox' is visible

2018-07-16 13:13:40 - [TEST_STEP][PASSED] - sendKeys: Keys 'SuperAdmin' sent to object: 'Object Repository/OMVA_Login_Page/Password_Textbox'

2018-07-16 13:13:40 - [MESSAGE][PASSED] - Keys 'SuperAdmin' sent to object: 'Object Repository/OMVA_Login_Page/Password_Textbox'

2018-07-16 13:13:40 - [TEST_STEP][PASSED] - click: Object: 'Object Repository/OMVA_Login_Page/Signin_Button' is clicked on

2018-07-16 13:13:40 - [MESSAGE][PASSED] - Object: 'Object Repository/OMVA_Login_Page/Signin_Button' is clicked on

2018-07-16 13:13:40 - [TEST_STEP][PASSED] - waitForPageLoad: Wait for page load successfully

2018-07-16 13:13:40 - [MESSAGE][PASSED] - Wait for page load successfully

2018-07-16 13:13:40 - [TEST_STEP][PASSED] - delay: Delayed 4 second(s)

2018-07-16 13:13:44 - [MESSAGE][PASSED] - Delayed 4 second(s)

2018-07-16 13:13:44 - [TEST_STEP][PASSED] - Statement - If (true): null

2018-07-16 13:13:44 - [TEST_STEP][PASSED] - waitForElementPresent: Object 'Object Repository/OMVA_Landing_Page/CreateUser_Button' is present

2018-07-16 13:13:44 - [MESSAGE][PASSED] - Object 'Object Repository/OMVA_Landing_Page/CreateUser_Button' is present

2018-07-16 13:13:44 - [TEST_STEP][PASSED] - click: Object: 'Object Repository/OMVA_Landing_Page/CreateUser_Button' is clicked on

2018-07-16 13:13:45 - [MESSAGE][PASSED] - Object: 'Object Repository/OMVA_Landing_Page/CreateUser_Button' is clicked on

2018-07-16 13:13:45 - [TEST_STEP][PASSED] - Statement - assert true: null

2018-07-16 13:13:45 - [TEST_STEP][PASSED] - waitForElementPresent: Object 'Object Repository/OMVA_UserManagement_Page/Role_Dropdown' is present

2018-07-16 13:13:45 - [MESSAGE][PASSED] - Object 'Object Repository/OMVA_UserManagement_Page/Role_Dropdown' is present

2018-07-16 13:13:45 - [TEST_STEP][PASSED] - delay: Delayed 3 second(s)

2018-07-16 13:13:48 - [MESSAGE][PASSED] - Delayed 3 second(s)

2018-07-16 13:13:48 - [TEST_STEP][PASSED] - click: Object: 'Object Repository/OMVA_UserManagement_Page/Role_Dropdown' is clicked on

2018-07-16 13:13:48 - [MESSAGE][PASSED] - Object: 'Object Repository/OMVA_UserManagement_Page/Role_Dropdown' is clicked on

2018-07-16 13:13:48 - [TEST_STEP][PASSED] - scrollToElement: Scroll to object 'Object Repository/OMVA_UserManagement_Page/DropdownOption_RoleDropdown_Market Admin' successfully

2018-07-16 13:13:48 - [MESSAGE][WARNING] - Timeout '0' is invalid. Using default page load timeout: '15'

2018-07-16 13:13:48 - [MESSAGE][PASSED] - Scroll to object 'Object Repository/OMVA_UserManagement_Page/DropdownOption_RoleDropdown_Market Admin' successfully

2018-07-16 13:13:48 - [TEST_STEP][PASSED] - click: Object: 'Object Repository/OMVA_UserManagement_Page/DropdownOption_RoleDropdown_Market Admin' is clicked on

2018-07-16 13:13:48 - [MESSAGE][PASSED] - Object: 'Object Repository/OMVA_UserManagement_Page/DropdownOption_RoleDropdown_Market Admin' is clicked on

2018-07-16 13:13:48 - [TEST_STEP][PASSED] - Statement - username = CustomKeywords.commonLibrary.commonFunctions.randomStringFunction("abcdefghijklmnopqrstuvwxyz", 6): commonLibrary.commonFunctions.randomStringFunction is PASSED

2018-07-16 13:13:48 - [MESSAGE][PASSED] - commonLibrary.commonFunctions.randomStringFunction is PASSED

2018-07-16 13:13:48 - [TEST_STEP][PASSED] - sendKeys: Keys 'umlwce' sent to object: 'Object Repository/OMVA_UserManagement_Page/UserName_Textbox'

2018-07-16 13:13:49 - [MESSAGE][PASSED] - Keys 'umlwce' sent to object: 'Object Repository/OMVA_UserManagement_Page/UserName_Textbox'

2018-07-16 13:13:49 - [TEST_STEP][PASSED] - sendKeys: Keys 'santosh@k.com' sent to object: 'Object Repository/OMVA_UserManagement_Page/EmailID_Textbox'

2018-07-16 13:13:49 - [MESSAGE][PASSED] - Keys 'santosh@k.com' sent to object: 'Object Repository/OMVA_UserManagement_Page/EmailID_Textbox'

2018-07-16 13:13:49 - [TEST_STEP][PASSED] - sendKeys: Keys 'santosh' sent to object: 'Object Repository/OMVA_UserManagement_Page/FirstName_Textbox'

2018-07-16 13:13:49 - [MESSAGE][PASSED] - Keys 'santosh' sent to object: 'Object Repository/OMVA_UserManagement_Page/FirstName_Textbox'

2018-07-16 13:13:49 - [TEST_STEP][PASSED] - sendKeys: Keys 'k' sent to object: 'Object Repository/OMVA_UserManagement_Page/LastName_Textbox'

2018-07-16 13:13:49 - [MESSAGE][PASSED] - Keys 'k' sent to object: 'Object Repository/OMVA_UserManagement_Page/LastName_Textbox'

2018-07-16 13:13:49 - [TEST_STEP][PASSED] - sendKeys: Keys '1212' sent to object: 'Object Repository/OMVA_UserManagement_Page/TicketNumber_Textbox'

2018-07-16 13:13:50 - [MESSAGE][PASSED] - Keys '1212' sent to object: 'Object Repository/OMVA_UserManagement_Page/TicketNumber_Textbox'

2018-07-16 13:13:50 - [TEST_STEP][PASSED] - click: Object: 'Object Repository/OMVA_UserManagement_Page/Next_Button' is clicked on

2018-07-16 13:13:50 - [MESSAGE][PASSED] - Object: 'Object Repository/OMVA_UserManagement_Page/Next_Button' is clicked on

2018-07-16 13:13:50 - [TEST_STEP][PASSED] - Statement - ActualToastMessage = com.kms.katalon.core.webui.keyword.WebUiBuiltInKeywords.getText(com.kms.katalon.core.testobject.ObjectRepository.findTestObject(OMVA_UserManagement_Page/EmailID_ToastMsg)): Text of object 'Object Repository/OMVA_UserManagement_Page/EmailID_ToastMsg' is: 'Email ID already exists.'

2018-07-16 13:13:51 - [MESSAGE][PASSED] - Text of object 'Object Repository/OMVA_UserManagement_Page/EmailID_ToastMsg' is: 'Email ID already exists.'

2018-07-16 13:13:51 - [TEST_STEP][PASSED] - verifyMatch: Actual text 'Email ID already exists.' and expected text 'Email ID already exists.' are matched  using regular expression

2018-07-16 13:13:51 - [MESSAGE][PASSED] - Actual text 'Email ID already exists.' and expected text 'Email ID already exists.' are matched  using regular expression

2018-07-16 13:13:51 - [TEST_STEP][PASSED] - closeBrowser: Browser is closed

2018-07-16 13:13:51 - [MESSAGE][PASSED] - Browser is closed]]></system-out>
         <system-err><![CDATA[]]></system-err>
      </testcase>
      <testcase name="Test Cases/UserManagementTestCases/UserActions/Activate_User" classname="Test Cases/UserManagementTestCases/UserActions/Activate_User" status="PASSED">
         <system-out><![CDATA[2018-07-16 13:13:51 - [TEST_CASE][PASSED] - Test Cases/UserManagementTestCases/UserActions/Activate_User: Test Cases/UserManagementTestCases/UserActions/Activate_User

2018-07-16 13:13:52 - [TEST_STEP][PASSED] - callTestCase: Call Test Case 'Test Cases/CommonTestcases/OpenBrowserandNavigateToQAURL' successfully

2018-07-16 13:13:52 - [TEST_CASE][PASSED] - Test Cases/CommonTestcases/OpenBrowserandNavigateToQAURL: Test Cases/CommonTestcases/OpenBrowserandNavigateToQAURL

2018-07-16 13:13:52 - [TEST_STEP][PASSED] - openBrowser: Browser is opened with url: ''

2018-07-16 13:13:54 - [MESSAGE][PASSED] - Browser is opened with url: ''

2018-07-16 13:13:54 - [TEST_STEP][PASSED] - navigateToUrl: Navigate to 'https://coa-demo-env.azurewebsites.net/da/index.html#/login' successfully

2018-07-16 13:14:09 - [MESSAGE][PASSED] - Navigate to 'https://coa-demo-env.azurewebsites.net/da/index.html#/login' successfully

2018-07-16 13:14:09 - [TEST_STEP][PASSED] - maximizeWindow: Current window maximized

2018-07-16 13:14:11 - [MESSAGE][PASSED] - Current window maximized

2018-07-16 13:14:11 - [MESSAGE][PASSED] - Call Test Case 'Test Cases/CommonTestcases/OpenBrowserandNavigateToQAURL' successfully

2018-07-16 13:14:11 - [TEST_STEP][PASSED] - waitForElementVisible: Object 'Object Repository/OMVA_Login_Page/Username_Textbox' is visible

2018-07-16 13:14:11 - [MESSAGE][PASSED] - Object 'Object Repository/OMVA_Login_Page/Username_Textbox' is visible

2018-07-16 13:14:11 - [TEST_STEP][PASSED] - sendKeys: Keys 'SuperAdmin' sent to object: 'Object Repository/OMVA_Login_Page/Username_Textbox'

2018-07-16 13:14:13 - [MESSAGE][PASSED] - Keys 'SuperAdmin' sent to object: 'Object Repository/OMVA_Login_Page/Username_Textbox'

2018-07-16 13:14:13 - [TEST_STEP][PASSED] - click: Object: 'Object Repository/OMVA_Login_Page/Next_Button' is clicked on

2018-07-16 13:14:13 - [MESSAGE][PASSED] - Object: 'Object Repository/OMVA_Login_Page/Next_Button' is clicked on

2018-07-16 13:14:13 - [TEST_STEP][PASSED] - waitForElementVisible: Object 'Object Repository/OMVA_Login_Page/Password_Textbox' is visible

2018-07-16 13:14:14 - [MESSAGE][PASSED] - Object 'Object Repository/OMVA_Login_Page/Password_Textbox' is visible

2018-07-16 13:14:14 - [TEST_STEP][PASSED] - sendKeys: Keys 'SuperAdmin' sent to object: 'Object Repository/OMVA_Login_Page/Password_Textbox'

2018-07-16 13:14:15 - [MESSAGE][PASSED] - Keys 'SuperAdmin' sent to object: 'Object Repository/OMVA_Login_Page/Password_Textbox'

2018-07-16 13:14:15 - [TEST_STEP][PASSED] - click: Object: 'Object Repository/OMVA_Login_Page/Signin_Button' is clicked on

2018-07-16 13:14:17 - [MESSAGE][PASSED] - Object: 'Object Repository/OMVA_Login_Page/Signin_Button' is clicked on

2018-07-16 13:14:17 - [TEST_STEP][PASSED] - waitForPageLoad: Wait for page load successfully

2018-07-16 13:14:17 - [MESSAGE][PASSED] - Wait for page load successfully

2018-07-16 13:14:17 - [TEST_STEP][PASSED] - delay: Delayed 5 second(s)

2018-07-16 13:14:22 - [MESSAGE][PASSED] - Delayed 5 second(s)

2018-07-16 13:14:22 - [TEST_STEP][PASSED] - waitForElementPresent: Object 'Object Repository/OMVA_Landing_Page/CreateUser_Button' is present

2018-07-16 13:14:22 - [MESSAGE][PASSED] - Object 'Object Repository/OMVA_Landing_Page/CreateUser_Button' is present

2018-07-16 13:14:22 - [TEST_STEP][PASSED] - click: Object: 'Object Repository/OMVA_Landing_Page/CreateUser_Button' is clicked on

2018-07-16 13:14:22 - [MESSAGE][PASSED] - Object: 'Object Repository/OMVA_Landing_Page/CreateUser_Button' is clicked on

2018-07-16 13:14:22 - [TEST_STEP][PASSED] - delay: Delayed 3 second(s)

2018-07-16 13:14:25 - [MESSAGE][PASSED] - Delayed 3 second(s)

2018-07-16 13:14:25 - [TEST_STEP][PASSED] - waitForElementPresent: Object 'Object Repository/OMVA_UserManagement_Page/Role_Dropdown' is present

2018-07-16 13:14:25 - [MESSAGE][PASSED] - Object 'Object Repository/OMVA_UserManagement_Page/Role_Dropdown' is present

2018-07-16 13:14:25 - [TEST_STEP][PASSED] - Statement - If (true): null

2018-07-16 13:14:25 - [TEST_STEP][PASSED] - click: Object: 'Object Repository/OMVA_UserManagement_Page/Role_Dropdown' is clicked on

2018-07-16 13:14:25 - [MESSAGE][PASSED] - Object: 'Object Repository/OMVA_UserManagement_Page/Role_Dropdown' is clicked on

2018-07-16 13:14:25 - [TEST_STEP][PASSED] - Statement - assert true: null

2018-07-16 13:14:25 - [TEST_STEP][PASSED] - scrollToElement: Scroll to object 'Object Repository/OMVA_UserManagement_Page/DropdownOption_RoleDropdown_Market Admin' successfully

2018-07-16 13:14:25 - [MESSAGE][WARNING] - Timeout '0' is invalid. Using default page load timeout: '15'

2018-07-16 13:14:25 - [MESSAGE][PASSED] - Scroll to object 'Object Repository/OMVA_UserManagement_Page/DropdownOption_RoleDropdown_Market Admin' successfully

2018-07-16 13:14:25 - [TEST_STEP][PASSED] - click: Object: 'Object Repository/OMVA_UserManagement_Page/DropdownOption_RoleDropdown_Market Admin' is clicked on

2018-07-16 13:14:25 - [MESSAGE][PASSED] - Object: 'Object Repository/OMVA_UserManagement_Page/DropdownOption_RoleDropdown_Market Admin' is clicked on

2018-07-16 13:14:25 - [TEST_STEP][PASSED] - Statement - username = CustomKeywords.commonLibrary.commonFunctions.randomStringFunction("abcdefghijklmnopqrstuvwxyz", 6): commonLibrary.commonFunctions.randomStringFunction is PASSED

2018-07-16 13:14:25 - [MESSAGE][PASSED] - commonLibrary.commonFunctions.randomStringFunction is PASSED

2018-07-16 13:14:25 - [TEST_STEP][PASSED] - sendKeys: Keys 'xpcelh' sent to object: 'Object Repository/OMVA_UserManagement_Page/UserName_Textbox'

2018-07-16 13:14:25 - [MESSAGE][PASSED] - Keys 'xpcelh' sent to object: 'Object Repository/OMVA_UserManagement_Page/UserName_Textbox'

2018-07-16 13:14:25 - [TEST_STEP][PASSED] - Statement - emailidprefix = CustomKeywords.commonLibrary.commonFunctions.randomStringFunction("abcdefghijklmnopqrstuvwxyz", 9): commonLibrary.commonFunctions.randomStringFunction is PASSED

2018-07-16 13:14:25 - [MESSAGE][PASSED] - commonLibrary.commonFunctions.randomStringFunction is PASSED

2018-07-16 13:14:25 - [TEST_STEP][PASSED] - sendKeys: Keys 'ulmizacjv@autotestpg.com' sent to object: 'Object Repository/OMVA_UserManagement_Page/EmailID_Textbox'

2018-07-16 13:14:26 - [MESSAGE][PASSED] - Keys 'ulmizacjv@autotestpg.com' sent to object: 'Object Repository/OMVA_UserManagement_Page/EmailID_Textbox'

2018-07-16 13:14:26 - [TEST_STEP][PASSED] - Statement - firstname = CustomKeywords.commonLibrary.commonFunctions.randomStringFunction("abcdefghijklmnopqrstuvwxyz", 7): commonLibrary.commonFunctions.randomStringFunction is PASSED

2018-07-16 13:14:26 - [MESSAGE][PASSED] - commonLibrary.commonFunctions.randomStringFunction is PASSED

2018-07-16 13:14:26 - [TEST_STEP][PASSED] - sendKeys: Keys 'zhonnok' sent to object: 'Object Repository/OMVA_UserManagement_Page/FirstName_Textbox'

2018-07-16 13:14:26 - [MESSAGE][PASSED] - Keys 'zhonnok' sent to object: 'Object Repository/OMVA_UserManagement_Page/FirstName_Textbox'

2018-07-16 13:14:26 - [TEST_STEP][PASSED] - Statement - lastname = CustomKeywords.commonLibrary.commonFunctions.randomStringFunction("abcdefghijklmnopqrstuvwxyz", 7): commonLibrary.commonFunctions.randomStringFunction is PASSED

2018-07-16 13:14:26 - [MESSAGE][PASSED] - commonLibrary.commonFunctions.randomStringFunction is PASSED

2018-07-16 13:14:26 - [TEST_STEP][PASSED] - sendKeys: Keys 'yaymxrf' sent to object: 'Object Repository/OMVA_UserManagement_Page/LastName_Textbox'

2018-07-16 13:14:26 - [MESSAGE][PASSED] - Keys 'yaymxrf' sent to object: 'Object Repository/OMVA_UserManagement_Page/LastName_Textbox'

2018-07-16 13:14:26 - [TEST_STEP][PASSED] - Statement - ticketnum = CustomKeywords.commonLibrary.commonFunctions.randomStringFunction("123456789", 7): commonLibrary.commonFunctions.randomStringFunction is PASSED

2018-07-16 13:14:26 - [MESSAGE][PASSED] - commonLibrary.commonFunctions.randomStringFunction is PASSED

2018-07-16 13:14:26 - [TEST_STEP][PASSED] - sendKeys: Keys '2559535' sent to object: 'Object Repository/OMVA_UserManagement_Page/TicketNumber_Textbox'

2018-07-16 13:14:26 - [MESSAGE][PASSED] - Keys '2559535' sent to object: 'Object Repository/OMVA_UserManagement_Page/TicketNumber_Textbox'

2018-07-16 13:14:26 - [TEST_STEP][PASSED] - click: Object: 'Object Repository/OMVA_UserManagement_Page/Next_Button_Update' is clicked on

2018-07-16 13:14:27 - [MESSAGE][PASSED] - Object: 'Object Repository/OMVA_UserManagement_Page/Next_Button_Update' is clicked on

2018-07-16 13:14:27 - [TEST_STEP][PASSED] - applicationLibrary.checkboxMultiselection.multiselectCheckbox: applicationLibrary.checkboxMultiselection.multiselectCheckbox is PASSED

2018-07-16 13:14:29 - [MESSAGE][PASSED] - applicationLibrary.checkboxMultiselection.multiselectCheckbox is PASSED

2018-07-16 13:14:29 - [TEST_STEP][PASSED] - scrollToElement: Scroll to object 'Object Repository/OMVA_UserManagement_Page/Customer_Next_Btn' successfully

2018-07-16 13:14:29 - [MESSAGE][PASSED] - Scroll to object 'Object Repository/OMVA_UserManagement_Page/Customer_Next_Btn' successfully

2018-07-16 13:14:29 - [TEST_STEP][PASSED] - click: Object: 'Object Repository/OMVA_UserManagement_Page/Customer_Next_Btn' is clicked on

2018-07-16 13:14:29 - [MESSAGE][PASSED] - Object: 'Object Repository/OMVA_UserManagement_Page/Customer_Next_Btn' is clicked on

2018-07-16 13:14:29 - [TEST_STEP][PASSED] - applicationLibrary.checkboxMultiselection.multiselectCheckbox: applicationLibrary.checkboxMultiselection.multiselectCheckbox is PASSED

2018-07-16 13:14:31 - [MESSAGE][PASSED] - applicationLibrary.checkboxMultiselection.multiselectCheckbox is PASSED

2018-07-16 13:14:31 - [TEST_STEP][PASSED] - click: Object: 'Object Repository/OMVA_UserManagement_Page/UserCreation_Save_Btn' is clicked on

2018-07-16 13:14:32 - [MESSAGE][PASSED] - Object: 'Object Repository/OMVA_UserManagement_Page/UserCreation_Save_Btn' is clicked on

2018-07-16 13:14:32 - [TEST_STEP][PASSED] - waitForElementPresent: Object 'Object Repository/OMVA_UserManagement_Page/UserCreation_HeaderTxt' is present

2018-07-16 13:14:32 - [MESSAGE][PASSED] - Object 'Object Repository/OMVA_UserManagement_Page/UserCreation_HeaderTxt' is present

2018-07-16 13:14:32 - [TEST_STEP][PASSED] - verifyElementText: Actual text and expected text of test object 'Object Repository/OMVA_UserManagement_Page/UserCreation_HeaderTxt' are matched.

2018-07-16 13:14:32 - [MESSAGE][PASSED] - Actual text and expected text of test object 'Object Repository/OMVA_UserManagement_Page/UserCreation_HeaderTxt' are matched.

2018-07-16 13:14:32 - [TEST_STEP][PASSED] - verifyElementText: Actual text and expected text of test object 'Object Repository/OMVA_UserManagement_Page/UserCreation_ContentTxt' are matched.

2018-07-16 13:14:32 - [MESSAGE][PASSED] - Actual text and expected text of test object 'Object Repository/OMVA_UserManagement_Page/UserCreation_ContentTxt' are matched.

2018-07-16 13:14:32 - [TEST_STEP][PASSED] - click: Object: 'Object Repository/OMVA_UserManagement_Page/UserCreation_OK_Btn' is clicked on

2018-07-16 13:14:32 - [MESSAGE][PASSED] - Object: 'Object Repository/OMVA_UserManagement_Page/UserCreation_OK_Btn' is clicked on

2018-07-16 13:14:32 - [TEST_STEP][PASSED] - delay: Delayed 5 second(s)

2018-07-16 13:14:37 - [MESSAGE][PASSED] - Delayed 5 second(s)

2018-07-16 13:14:37 - [TEST_STEP][PASSED] - waitForElementPresent: Object 'Object Repository/OMVA_UserManagement_Page/Created_User_Username' is present

2018-07-16 13:14:38 - [MESSAGE][PASSED] - Object 'Object Repository/OMVA_UserManagement_Page/Created_User_Username' is present

2018-07-16 13:14:38 - [TEST_STEP][PASSED] - Statement - createdNewuser = com.kms.katalon.core.webui.keyword.WebUiBuiltInKeywords.getText(com.kms.katalon.core.testobject.ObjectRepository.findTestObject(OMVA_UserManagement_Page/Created_User_Username)): Text of object 'Object Repository/OMVA_UserManagement_Page/Created_User_Username' is: 'zhonnok yaymxrf'

2018-07-16 13:14:38 - [MESSAGE][PASSED] - Text of object 'Object Repository/OMVA_UserManagement_Page/Created_User_Username' is: 'zhonnok yaymxrf'

2018-07-16 13:14:38 - [TEST_STEP][PASSED] - Statement - uname = createdNewuser.toString(): null

2018-07-16 13:14:38 - [TEST_STEP][PASSED] - Statement - createduser = com.kms.katalon.core.webui.keyword.WebUiBuiltInKeywords.verifyMatch(createdNewuser, firstname + " " + lastname, true): Actual text 'zhonnok yaymxrf' and expected text 'zhonnok yaymxrf' are matched  using regular expression

2018-07-16 13:14:38 - [MESSAGE][PASSED] - Actual text 'zhonnok yaymxrf' and expected text 'zhonnok yaymxrf' are matched  using regular expression

2018-07-16 13:14:38 - [TEST_STEP][PASSED] - delay: Delayed 5 second(s)

2018-07-16 13:14:43 - [MESSAGE][PASSED] - Delayed 5 second(s)

2018-07-16 13:14:43 - [TEST_STEP][PASSED] - applicationLibrary.ClicksCreatedUserDashboard.editUser: applicationLibrary.ClicksCreatedUserDashboard.editUser is PASSED

2018-07-16 13:14:43 - [MESSAGE][PASSED] - applicationLibrary.ClicksCreatedUserDashboard.editUser is PASSED

2018-07-16 13:14:43 - [TEST_STEP][PASSED] - delay: Delayed 5 second(s)

2018-07-16 13:14:48 - [MESSAGE][PASSED] - Delayed 5 second(s)

2018-07-16 13:14:48 - [TEST_STEP][PASSED] - waitForElementVisible: Object 'Object Repository/OMVA_Landing_Page/Act_DeAct_Radio_Btn' is visible

2018-07-16 13:14:48 - [MESSAGE][PASSED] - Object 'Object Repository/OMVA_Landing_Page/Act_DeAct_Radio_Btn' is visible

2018-07-16 13:14:48 - [TEST_STEP][PASSED] - click: Object: 'Object Repository/OMVA_Landing_Page/Act_DeAct_Radio_Btn' is clicked on

2018-07-16 13:14:48 - [MESSAGE][PASSED] - Object: 'Object Repository/OMVA_Landing_Page/Act_DeAct_Radio_Btn' is clicked on

2018-07-16 13:14:48 - [TEST_STEP][PASSED] - waitForElementVisible: Object 'Object Repository/OMVA_EditUser_Page/SaveExit_Btn' is visible

2018-07-16 13:14:48 - [MESSAGE][PASSED] - Object 'Object Repository/OMVA_EditUser_Page/SaveExit_Btn' is visible

2018-07-16 13:14:48 - [TEST_STEP][PASSED] - click: Object: 'Object Repository/OMVA_EditUser_Page/SaveExit_Btn' is clicked on

2018-07-16 13:14:48 - [MESSAGE][PASSED] - Object: 'Object Repository/OMVA_EditUser_Page/SaveExit_Btn' is clicked on

2018-07-16 13:14:48 - [TEST_STEP][PASSED] - waitForElementVisible: Object 'Object Repository/OMVA_EditUser_Page/DeactivateUser_HeaderTxt' is visible

2018-07-16 13:14:49 - [MESSAGE][PASSED] - Object 'Object Repository/OMVA_EditUser_Page/DeactivateUser_HeaderTxt' is visible

2018-07-16 13:14:49 - [TEST_STEP][PASSED] - Statement - AHeaderTxt = com.kms.katalon.core.webui.keyword.WebUiBuiltInKeywords.getText(com.kms.katalon.core.testobject.ObjectRepository.findTestObject(OMVA_EditUser_Page/DeactivateUser_HeaderTxt)): Text of object 'Object Repository/OMVA_EditUser_Page/DeactivateUser_HeaderTxt' is: 'Confirm Deactivation'

2018-07-16 13:14:49 - [MESSAGE][PASSED] - Text of object 'Object Repository/OMVA_EditUser_Page/DeactivateUser_HeaderTxt' is: 'Confirm Deactivation'

2018-07-16 13:14:49 - [TEST_STEP][PASSED] - verifyMatch: Actual text 'Confirm Deactivation' and expected text 'Confirm Deactivation' are matched  using regular expression

2018-07-16 13:14:49 - [MESSAGE][PASSED] - Actual text 'Confirm Deactivation' and expected text 'Confirm Deactivation' are matched  using regular expression

2018-07-16 13:14:49 - [TEST_STEP][PASSED] - delay: Delayed 5 second(s)

2018-07-16 13:14:54 - [MESSAGE][PASSED] - Delayed 5 second(s)

2018-07-16 13:14:54 - [TEST_STEP][PASSED] - waitForElementVisible: Object 'Object Repository/OMVA_EditUser_Page/EditUser_OkPopupButton' is visible

2018-07-16 13:14:54 - [MESSAGE][PASSED] - Object 'Object Repository/OMVA_EditUser_Page/EditUser_OkPopupButton' is visible

2018-07-16 13:14:54 - [TEST_STEP][PASSED] - click: Object: 'Object Repository/OMVA_EditUser_Page/EditUser_OkPopupButton' is clicked on

2018-07-16 13:14:54 - [MESSAGE][PASSED] - Object: 'Object Repository/OMVA_EditUser_Page/EditUser_OkPopupButton' is clicked on

2018-07-16 13:14:54 - [TEST_STEP][PASSED] - waitForElementVisible: Object 'Object Repository/OMVA_Landing_Page/DeactiveUserEdit_Icon' is visible

2018-07-16 13:14:58 - [MESSAGE][PASSED] - Object 'Object Repository/OMVA_Landing_Page/DeactiveUserEdit_Icon' is visible

2018-07-16 13:14:58 - [TEST_STEP][PASSED] - click: Object: 'Object Repository/OMVA_Landing_Page/DeactiveUserEdit_Icon' is clicked on

2018-07-16 13:14:58 - [MESSAGE][PASSED] - Object: 'Object Repository/OMVA_Landing_Page/DeactiveUserEdit_Icon' is clicked on

2018-07-16 13:14:58 - [TEST_STEP][PASSED] - delay: Delayed 5 second(s)

2018-07-16 13:15:03 - [MESSAGE][PASSED] - Delayed 5 second(s)

2018-07-16 13:15:03 - [TEST_STEP][PASSED] - waitForElementVisible: Object 'Object Repository/OMVA_Landing_Page/Act_DeAct_Radio_Btn' is visible

2018-07-16 13:15:03 - [MESSAGE][PASSED] - Object 'Object Repository/OMVA_Landing_Page/Act_DeAct_Radio_Btn' is visible

2018-07-16 13:15:03 - [TEST_STEP][PASSED] - click: Object: 'Object Repository/OMVA_Landing_Page/Act_DeAct_Radio_Btn' is clicked on

2018-07-16 13:15:03 - [MESSAGE][PASSED] - Object: 'Object Repository/OMVA_Landing_Page/Act_DeAct_Radio_Btn' is clicked on

2018-07-16 13:15:03 - [TEST_STEP][PASSED] - waitForElementVisible: Object 'Object Repository/OMVA_EditUser_Page/EditUserNext_Btn' is visible

2018-07-16 13:15:03 - [MESSAGE][PASSED] - Object 'Object Repository/OMVA_EditUser_Page/EditUserNext_Btn' is visible

2018-07-16 13:15:03 - [TEST_STEP][PASSED] - click: Object: 'Object Repository/OMVA_EditUser_Page/EditUserNext_Btn' is clicked on

2018-07-16 13:15:03 - [MESSAGE][PASSED] - Object: 'Object Repository/OMVA_EditUser_Page/EditUserNext_Btn' is clicked on

2018-07-16 13:15:03 - [TEST_STEP][PASSED] - waitForElementVisible: Object 'Object Repository/OMVA_EditUser_Page/DeactivateUser_HeaderTxt' is visible

2018-07-16 13:15:04 - [MESSAGE][PASSED] - Object 'Object Repository/OMVA_EditUser_Page/DeactivateUser_HeaderTxt' is visible

2018-07-16 13:15:04 - [TEST_STEP][PASSED] - Statement - AHeaderTxt = com.kms.katalon.core.webui.keyword.WebUiBuiltInKeywords.getText(com.kms.katalon.core.testobject.ObjectRepository.findTestObject(OMVA_EditUser_Page/DeactivateUser_HeaderTxt)): Text of object 'Object Repository/OMVA_EditUser_Page/DeactivateUser_HeaderTxt' is: 'Confirm Activation'

2018-07-16 13:15:04 - [MESSAGE][PASSED] - Text of object 'Object Repository/OMVA_EditUser_Page/DeactivateUser_HeaderTxt' is: 'Confirm Activation'

2018-07-16 13:15:04 - [TEST_STEP][PASSED] - verifyMatch: Actual text 'Confirm Activation' and expected text 'Confirm Activation' are matched  using regular expression

2018-07-16 13:15:04 - [MESSAGE][PASSED] - Actual text 'Confirm Activation' and expected text 'Confirm Activation' are matched  using regular expression

2018-07-16 13:15:04 - [TEST_STEP][PASSED] - Statement - AContentTxt = com.kms.katalon.core.webui.keyword.WebUiBuiltInKeywords.getText(com.kms.katalon.core.testobject.ObjectRepository.findTestObject(OMVA_EditUser_Page/DeactivateUser_ContentText)): Text of object 'Object Repository/OMVA_EditUser_Page/DeactivateUser_ContentText' is: 'Are you sure you want to activate zhonnok yaymxrf's account?'

2018-07-16 13:15:04 - [MESSAGE][PASSED] - Text of object 'Object Repository/OMVA_EditUser_Page/DeactivateUser_ContentText' is: 'Are you sure you want to activate zhonnok yaymxrf's account?'

2018-07-16 13:15:04 - [TEST_STEP][PASSED] - verifyMatch: Actual text 'Are you sure you want to activate zhonnok yaymxrf's account?' and expected text 'Are you sure you want to activate\D*' are matched  using regular expression

2018-07-16 13:15:04 - [MESSAGE][PASSED] - Actual text 'Are you sure you want to activate zhonnok yaymxrf's account?' and expected text 'Are you sure you want to activate\D*' are matched  using regular expression

2018-07-16 13:15:04 - [TEST_STEP][PASSED] - click: Object: 'Object Repository/OMVA_EditUser_Page/DeactivateUser_OKBtn' is clicked on

2018-07-16 13:15:04 - [MESSAGE][PASSED] - Object: 'Object Repository/OMVA_EditUser_Page/DeactivateUser_OKBtn' is clicked on

2018-07-16 13:15:04 - [TEST_STEP][PASSED] - Statement - AActivateToastMsg = com.kms.katalon.core.webui.keyword.WebUiBuiltInKeywords.getText(com.kms.katalon.core.testobject.ObjectRepository.findTestObject(OMVA_EditUser_Page/Activate_ToastMsg)): Text of object 'Object Repository/OMVA_EditUser_Page/Activate_ToastMsg' is: 'Account Successfully Activated!'

2018-07-16 13:15:05 - [MESSAGE][PASSED] - Text of object 'Object Repository/OMVA_EditUser_Page/Activate_ToastMsg' is: 'Account Successfully Activated!'

2018-07-16 13:15:05 - [TEST_STEP][PASSED] - verifyMatch: Actual text 'Account Successfully Activated!' and expected text 'Account Successfully Activated!' are matched  using regular expression

2018-07-16 13:15:05 - [MESSAGE][PASSED] - Actual text 'Account Successfully Activated!' and expected text 'Account Successfully Activated!' are matched  using regular expression

2018-07-16 13:15:05 - [TEST_STEP][PASSED] - closeBrowser: Browser is closed

2018-07-16 13:15:06 - [MESSAGE][PASSED] - Browser is closed]]></system-out>
         <system-err><![CDATA[]]></system-err>
      </testcase>
      <testcase name="Test Cases/UserManagementTestCases/Login/LogoutAndCloseBrowser" classname="Test Cases/UserManagementTestCases/Login/LogoutAndCloseBrowser" status="PASSED">
         <system-out><![CDATA[2018-07-16 13:15:06 - [TEST_CASE][PASSED] - Test Cases/UserManagementTestCases/Login/LogoutAndCloseBrowser: Test Cases/UserManagementTestCases/Login/LogoutAndCloseBrowser

2018-07-16 13:15:06 - [TEST_STEP][PASSED] - callTestCase: Call Test Case 'Test Cases/CommonTestcases/OpenBrowserandNavigateToQAURL' successfully

2018-07-16 13:15:06 - [TEST_CASE][PASSED] - Test Cases/CommonTestcases/OpenBrowserandNavigateToQAURL: Test Cases/CommonTestcases/OpenBrowserandNavigateToQAURL

2018-07-16 13:15:06 - [TEST_STEP][PASSED] - openBrowser: Browser is opened with url: ''

2018-07-16 13:15:09 - [MESSAGE][PASSED] - Browser is opened with url: ''

2018-07-16 13:15:09 - [TEST_STEP][PASSED] - navigateToUrl: Navigate to 'https://coa-demo-env.azurewebsites.net/da/index.html#/login' successfully

2018-07-16 13:15:13 - [MESSAGE][PASSED] - Navigate to 'https://coa-demo-env.azurewebsites.net/da/index.html#/login' successfully

2018-07-16 13:15:13 - [TEST_STEP][PASSED] - maximizeWindow: Current window maximized

2018-07-16 13:15:15 - [MESSAGE][PASSED] - Current window maximized

2018-07-16 13:15:15 - [MESSAGE][PASSED] - Call Test Case 'Test Cases/CommonTestcases/OpenBrowserandNavigateToQAURL' successfully

2018-07-16 13:15:15 - [TEST_STEP][PASSED] - waitForElementVisible: Object 'Object Repository/OMVA_Login_Page/Username_Textbox' is visible

2018-07-16 13:15:15 - [MESSAGE][PASSED] - Object 'Object Repository/OMVA_Login_Page/Username_Textbox' is visible

2018-07-16 13:15:15 - [TEST_STEP][PASSED] - sendKeys: Keys 'SuperAdmin' sent to object: 'Object Repository/OMVA_Login_Page/Username_Textbox'

2018-07-16 13:15:15 - [MESSAGE][PASSED] - Keys 'SuperAdmin' sent to object: 'Object Repository/OMVA_Login_Page/Username_Textbox'

2018-07-16 13:15:15 - [TEST_STEP][PASSED] - click: Object: 'Object Repository/OMVA_Login_Page/Next_Button' is clicked on

2018-07-16 13:15:15 - [MESSAGE][PASSED] - Object: 'Object Repository/OMVA_Login_Page/Next_Button' is clicked on

2018-07-16 13:15:15 - [TEST_STEP][PASSED] - waitForElementVisible: Object 'Object Repository/OMVA_Login_Page/Password_Textbox' is visible

2018-07-16 13:15:16 - [MESSAGE][PASSED] - Object 'Object Repository/OMVA_Login_Page/Password_Textbox' is visible

2018-07-16 13:15:16 - [TEST_STEP][PASSED] - sendKeys: Keys 'SuperAdmin' sent to object: 'Object Repository/OMVA_Login_Page/Password_Textbox'

2018-07-16 13:15:16 - [MESSAGE][PASSED] - Keys 'SuperAdmin' sent to object: 'Object Repository/OMVA_Login_Page/Password_Textbox'

2018-07-16 13:15:16 - [TEST_STEP][PASSED] - click: Object: 'Object Repository/OMVA_Login_Page/Signin_Button' is clicked on

2018-07-16 13:15:16 - [MESSAGE][PASSED] - Object: 'Object Repository/OMVA_Login_Page/Signin_Button' is clicked on

2018-07-16 13:15:16 - [TEST_STEP][PASSED] - waitForElementPresent: Object 'Object Repository/OMVA_Landing_Page/User_icon' is present

2018-07-16 13:15:17 - [MESSAGE][PASSED] - Object 'Object Repository/OMVA_Landing_Page/User_icon' is present

2018-07-16 13:15:17 - [TEST_STEP][PASSED] - Statement - assert true: null

2018-07-16 13:15:17 - [TEST_STEP][PASSED] - click: Object: 'Object Repository/OMVA_Landing_Page/User_icon' is clicked on

2018-07-16 13:15:17 - [MESSAGE][PASSED] - Object: 'Object Repository/OMVA_Landing_Page/User_icon' is clicked on

2018-07-16 13:15:17 - [TEST_STEP][PASSED] - waitForElementPresent: Object 'Object Repository/OMVA_Landing_Page/Logout_link' is present

2018-07-16 13:15:17 - [MESSAGE][PASSED] - Object 'Object Repository/OMVA_Landing_Page/Logout_link' is present

2018-07-16 13:15:17 - [TEST_STEP][PASSED] - Statement - assert true: null

2018-07-16 13:15:17 - [TEST_STEP][PASSED] - click: Object: 'Object Repository/OMVA_Landing_Page/Logout_link' is clicked on

2018-07-16 13:15:18 - [MESSAGE][PASSED] - Object: 'Object Repository/OMVA_Landing_Page/Logout_link' is clicked on

2018-07-16 13:15:18 - [TEST_STEP][PASSED] - waitForElementNotPresent: Web element with id: 'Object Repository/OMVA_Landing_Page/User_icon' located by 'By.xpath: //img[@id='dropdown']' is not present after '4' second(s)

2018-07-16 13:15:19 - [MESSAGE][PASSED] - Web element with id: 'Object Repository/OMVA_Landing_Page/User_icon' located by 'By.xpath: //img[@id='dropdown']' is not present after '4' second(s)

2018-07-16 13:15:19 - [TEST_STEP][PASSED] - closeBrowser: Browser is closed

2018-07-16 13:15:20 - [MESSAGE][PASSED] - Browser is closed]]></system-out>
         <system-err><![CDATA[]]></system-err>
      </testcase>
      <testcase name="Test Cases/UserManagementTestCases/UserActions/Verify_RoleChange" classname="Test Cases/UserManagementTestCases/UserActions/Verify_RoleChange" status="PASSED">
         <system-out><![CDATA[2018-07-16 13:15:20 - [TEST_CASE][PASSED] - Test Cases/UserManagementTestCases/UserActions/Verify_RoleChange: Test Cases/UserManagementTestCases/UserActions/Verify_RoleChange

2018-07-16 13:15:20 - [TEST_STEP][PASSED] - callTestCase: Call Test Case 'Test Cases/CommonTestcases/OpenBrowserandNavigateToQAURL' successfully

2018-07-16 13:15:20 - [TEST_CASE][PASSED] - Test Cases/CommonTestcases/OpenBrowserandNavigateToQAURL: Test Cases/CommonTestcases/OpenBrowserandNavigateToQAURL

2018-07-16 13:15:20 - [TEST_STEP][PASSED] - openBrowser: Browser is opened with url: ''

2018-07-16 13:15:23 - [MESSAGE][PASSED] - Browser is opened with url: ''

2018-07-16 13:15:23 - [TEST_STEP][PASSED] - navigateToUrl: Navigate to 'https://coa-demo-env.azurewebsites.net/da/index.html#/login' successfully

2018-07-16 13:15:27 - [MESSAGE][PASSED] - Navigate to 'https://coa-demo-env.azurewebsites.net/da/index.html#/login' successfully

2018-07-16 13:15:27 - [TEST_STEP][PASSED] - maximizeWindow: Current window maximized

2018-07-16 13:15:29 - [MESSAGE][PASSED] - Current window maximized

2018-07-16 13:15:29 - [MESSAGE][PASSED] - Call Test Case 'Test Cases/CommonTestcases/OpenBrowserandNavigateToQAURL' successfully

2018-07-16 13:15:29 - [TEST_STEP][PASSED] - waitForElementVisible: Object 'Object Repository/OMVA_Login_Page/Username_Textbox' is visible

2018-07-16 13:15:29 - [MESSAGE][PASSED] - Object 'Object Repository/OMVA_Login_Page/Username_Textbox' is visible

2018-07-16 13:15:29 - [TEST_STEP][PASSED] - sendKeys: Keys 'SuperAdmin' sent to object: 'Object Repository/OMVA_Login_Page/Username_Textbox'

2018-07-16 13:15:29 - [MESSAGE][PASSED] - Keys 'SuperAdmin' sent to object: 'Object Repository/OMVA_Login_Page/Username_Textbox'

2018-07-16 13:15:29 - [TEST_STEP][PASSED] - click: Object: 'Object Repository/OMVA_Login_Page/Next_Button' is clicked on

2018-07-16 13:15:29 - [MESSAGE][PASSED] - Object: 'Object Repository/OMVA_Login_Page/Next_Button' is clicked on

2018-07-16 13:15:29 - [TEST_STEP][PASSED] - waitForElementVisible: Object 'Object Repository/OMVA_Login_Page/Password_Textbox' is visible

2018-07-16 13:15:30 - [MESSAGE][PASSED] - Object 'Object Repository/OMVA_Login_Page/Password_Textbox' is visible

2018-07-16 13:15:30 - [TEST_STEP][PASSED] - sendKeys: Keys 'SuperAdmin' sent to object: 'Object Repository/OMVA_Login_Page/Password_Textbox'

2018-07-16 13:15:30 - [MESSAGE][PASSED] - Keys 'SuperAdmin' sent to object: 'Object Repository/OMVA_Login_Page/Password_Textbox'

2018-07-16 13:15:30 - [TEST_STEP][PASSED] - click: Object: 'Object Repository/OMVA_Login_Page/Signin_Button' is clicked on

2018-07-16 13:15:30 - [MESSAGE][PASSED] - Object: 'Object Repository/OMVA_Login_Page/Signin_Button' is clicked on

2018-07-16 13:15:30 - [TEST_STEP][PASSED] - waitForPageLoad: Wait for page load successfully

2018-07-16 13:15:30 - [MESSAGE][PASSED] - Wait for page load successfully

2018-07-16 13:15:30 - [TEST_STEP][PASSED] - delay: Delayed 5 second(s)

2018-07-16 13:15:35 - [MESSAGE][PASSED] - Delayed 5 second(s)

2018-07-16 13:15:35 - [TEST_STEP][PASSED] - waitForElementPresent: Object 'Object Repository/OMVA_Landing_Page/CreateUser_Button' is present

2018-07-16 13:15:35 - [MESSAGE][PASSED] - Object 'Object Repository/OMVA_Landing_Page/CreateUser_Button' is present

2018-07-16 13:15:35 - [TEST_STEP][PASSED] - click: Object: 'Object Repository/OMVA_Landing_Page/CreateUser_Button' is clicked on

2018-07-16 13:15:35 - [MESSAGE][PASSED] - Object: 'Object Repository/OMVA_Landing_Page/CreateUser_Button' is clicked on

2018-07-16 13:15:35 - [TEST_STEP][PASSED] - delay: Delayed 3 second(s)

2018-07-16 13:15:38 - [MESSAGE][PASSED] - Delayed 3 second(s)

2018-07-16 13:15:38 - [TEST_STEP][PASSED] - waitForElementPresent: Object 'Object Repository/OMVA_UserManagement_Page/Role_Dropdown' is present

2018-07-16 13:15:38 - [MESSAGE][PASSED] - Object 'Object Repository/OMVA_UserManagement_Page/Role_Dropdown' is present

2018-07-16 13:15:38 - [TEST_STEP][PASSED] - Statement - If (true): null

2018-07-16 13:15:38 - [TEST_STEP][PASSED] - click: Object: 'Object Repository/OMVA_UserManagement_Page/Role_Dropdown' is clicked on

2018-07-16 13:15:38 - [MESSAGE][PASSED] - Object: 'Object Repository/OMVA_UserManagement_Page/Role_Dropdown' is clicked on

2018-07-16 13:15:38 - [TEST_STEP][PASSED] - Statement - assert true: null

2018-07-16 13:15:38 - [TEST_STEP][PASSED] - scrollToElement: Scroll to object 'Object Repository/OMVA_UserManagement_Page/DropdownOption_RoleDropdown_Market Admin' successfully

2018-07-16 13:15:38 - [MESSAGE][WARNING] - Timeout '0' is invalid. Using default page load timeout: '15'

2018-07-16 13:15:39 - [MESSAGE][PASSED] - Scroll to object 'Object Repository/OMVA_UserManagement_Page/DropdownOption_RoleDropdown_Market Admin' successfully

2018-07-16 13:15:39 - [TEST_STEP][PASSED] - click: Object: 'Object Repository/OMVA_UserManagement_Page/DropdownOption_RoleDropdown_Market Admin' is clicked on

2018-07-16 13:15:39 - [MESSAGE][PASSED] - Object: 'Object Repository/OMVA_UserManagement_Page/DropdownOption_RoleDropdown_Market Admin' is clicked on

2018-07-16 13:15:39 - [TEST_STEP][PASSED] - Statement - username = CustomKeywords.commonLibrary.commonFunctions.randomStringFunction("abcdefghijklmnopqrstuvwxyz", 6): commonLibrary.commonFunctions.randomStringFunction is PASSED

2018-07-16 13:15:39 - [MESSAGE][PASSED] - commonLibrary.commonFunctions.randomStringFunction is PASSED

2018-07-16 13:15:39 - [TEST_STEP][PASSED] - sendKeys: Keys 'umbgpj' sent to object: 'Object Repository/OMVA_UserManagement_Page/UserName_Textbox'

2018-07-16 13:15:39 - [MESSAGE][PASSED] - Keys 'umbgpj' sent to object: 'Object Repository/OMVA_UserManagement_Page/UserName_Textbox'

2018-07-16 13:15:39 - [TEST_STEP][PASSED] - Statement - emailidprefix = CustomKeywords.commonLibrary.commonFunctions.randomStringFunction("abcdefghijklmnopqrstuvwxyz", 9): commonLibrary.commonFunctions.randomStringFunction is PASSED

2018-07-16 13:15:39 - [MESSAGE][PASSED] - commonLibrary.commonFunctions.randomStringFunction is PASSED

2018-07-16 13:15:39 - [TEST_STEP][PASSED] - sendKeys: Keys 'orhndkynm@autotestpg.com' sent to object: 'Object Repository/OMVA_UserManagement_Page/EmailID_Textbox'

2018-07-16 13:15:40 - [MESSAGE][PASSED] - Keys 'orhndkynm@autotestpg.com' sent to object: 'Object Repository/OMVA_UserManagement_Page/EmailID_Textbox'

2018-07-16 13:15:40 - [TEST_STEP][PASSED] - Statement - firstname = CustomKeywords.commonLibrary.commonFunctions.randomStringFunction("abcdefghijklmnopqrstuvwxyz", 7): commonLibrary.commonFunctions.randomStringFunction is PASSED

2018-07-16 13:15:40 - [MESSAGE][PASSED] - commonLibrary.commonFunctions.randomStringFunction is PASSED

2018-07-16 13:15:40 - [TEST_STEP][PASSED] - sendKeys: Keys 'abzgxpe' sent to object: 'Object Repository/OMVA_UserManagement_Page/FirstName_Textbox'

2018-07-16 13:15:40 - [MESSAGE][PASSED] - Keys 'abzgxpe' sent to object: 'Object Repository/OMVA_UserManagement_Page/FirstName_Textbox'

2018-07-16 13:15:40 - [TEST_STEP][PASSED] - Statement - lastname = CustomKeywords.commonLibrary.commonFunctions.randomStringFunction("abcdefghijklmnopqrstuvwxyz", 7): commonLibrary.commonFunctions.randomStringFunction is PASSED

2018-07-16 13:15:40 - [MESSAGE][PASSED] - commonLibrary.commonFunctions.randomStringFunction is PASSED

2018-07-16 13:15:40 - [TEST_STEP][PASSED] - sendKeys: Keys 'vosjmsm' sent to object: 'Object Repository/OMVA_UserManagement_Page/LastName_Textbox'

2018-07-16 13:15:40 - [MESSAGE][PASSED] - Keys 'vosjmsm' sent to object: 'Object Repository/OMVA_UserManagement_Page/LastName_Textbox'

2018-07-16 13:15:40 - [TEST_STEP][PASSED] - Statement - ticketnum = CustomKeywords.commonLibrary.commonFunctions.randomStringFunction("123456789", 7): commonLibrary.commonFunctions.randomStringFunction is PASSED

2018-07-16 13:15:40 - [MESSAGE][PASSED] - commonLibrary.commonFunctions.randomStringFunction is PASSED

2018-07-16 13:15:40 - [TEST_STEP][PASSED] - sendKeys: Keys '4851741' sent to object: 'Object Repository/OMVA_UserManagement_Page/TicketNumber_Textbox'

2018-07-16 13:15:40 - [MESSAGE][PASSED] - Keys '4851741' sent to object: 'Object Repository/OMVA_UserManagement_Page/TicketNumber_Textbox'

2018-07-16 13:15:40 - [TEST_STEP][PASSED] - click: Object: 'Object Repository/OMVA_UserManagement_Page/Next_Button_Update' is clicked on

2018-07-16 13:15:41 - [MESSAGE][PASSED] - Object: 'Object Repository/OMVA_UserManagement_Page/Next_Button_Update' is clicked on

2018-07-16 13:15:41 - [TEST_STEP][PASSED] - applicationLibrary.checkboxMultiselection.multiselectCheckbox: applicationLibrary.checkboxMultiselection.multiselectCheckbox is PASSED

2018-07-16 13:15:43 - [MESSAGE][PASSED] - applicationLibrary.checkboxMultiselection.multiselectCheckbox is PASSED

2018-07-16 13:15:43 - [TEST_STEP][PASSED] - scrollToElement: Scroll to object 'Object Repository/OMVA_UserManagement_Page/Customer_Next_Btn' successfully

2018-07-16 13:15:43 - [MESSAGE][PASSED] - Scroll to object 'Object Repository/OMVA_UserManagement_Page/Customer_Next_Btn' successfully

2018-07-16 13:15:43 - [TEST_STEP][PASSED] - click: Object: 'Object Repository/OMVA_UserManagement_Page/Customer_Next_Btn' is clicked on

2018-07-16 13:15:43 - [MESSAGE][PASSED] - Object: 'Object Repository/OMVA_UserManagement_Page/Customer_Next_Btn' is clicked on

2018-07-16 13:15:43 - [TEST_STEP][PASSED] - applicationLibrary.checkboxMultiselection.multiselectCheckbox: applicationLibrary.checkboxMultiselection.multiselectCheckbox is PASSED

2018-07-16 13:15:45 - [MESSAGE][PASSED] - applicationLibrary.checkboxMultiselection.multiselectCheckbox is PASSED

2018-07-16 13:15:45 - [TEST_STEP][PASSED] - click: Object: 'Object Repository/OMVA_UserManagement_Page/UserCreation_Save_Btn' is clicked on

2018-07-16 13:15:46 - [MESSAGE][PASSED] - Object: 'Object Repository/OMVA_UserManagement_Page/UserCreation_Save_Btn' is clicked on

2018-07-16 13:15:46 - [TEST_STEP][PASSED] - waitForElementPresent: Object 'Object Repository/OMVA_UserManagement_Page/UserCreation_HeaderTxt' is present

2018-07-16 13:15:46 - [MESSAGE][PASSED] - Object 'Object Repository/OMVA_UserManagement_Page/UserCreation_HeaderTxt' is present

2018-07-16 13:15:46 - [TEST_STEP][PASSED] - verifyElementText: Actual text and expected text of test object 'Object Repository/OMVA_UserManagement_Page/UserCreation_HeaderTxt' are matched.

2018-07-16 13:15:46 - [MESSAGE][PASSED] - Actual text and expected text of test object 'Object Repository/OMVA_UserManagement_Page/UserCreation_HeaderTxt' are matched.

2018-07-16 13:15:46 - [TEST_STEP][PASSED] - verifyElementText: Actual text and expected text of test object 'Object Repository/OMVA_UserManagement_Page/UserCreation_ContentTxt' are matched.

2018-07-16 13:15:46 - [MESSAGE][PASSED] - Actual text and expected text of test object 'Object Repository/OMVA_UserManagement_Page/UserCreation_ContentTxt' are matched.

2018-07-16 13:15:46 - [TEST_STEP][PASSED] - click: Object: 'Object Repository/OMVA_UserManagement_Page/UserCreation_OK_Btn' is clicked on

2018-07-16 13:15:46 - [MESSAGE][PASSED] - Object: 'Object Repository/OMVA_UserManagement_Page/UserCreation_OK_Btn' is clicked on

2018-07-16 13:15:46 - [TEST_STEP][PASSED] - delay: Delayed 5 second(s)

2018-07-16 13:15:51 - [MESSAGE][PASSED] - Delayed 5 second(s)

2018-07-16 13:15:51 - [TEST_STEP][PASSED] - waitForElementPresent: Object 'Object Repository/OMVA_UserManagement_Page/Created_User_Username' is present

2018-07-16 13:15:51 - [MESSAGE][PASSED] - Object 'Object Repository/OMVA_UserManagement_Page/Created_User_Username' is present

2018-07-16 13:15:51 - [TEST_STEP][PASSED] - Statement - createdNewuser = com.kms.katalon.core.webui.keyword.WebUiBuiltInKeywords.getText(com.kms.katalon.core.testobject.ObjectRepository.findTestObject(OMVA_UserManagement_Page/Created_User_Username)): Text of object 'Object Repository/OMVA_UserManagement_Page/Created_User_Username' is: 'abzgxpe vosjmsm'

2018-07-16 13:15:51 - [MESSAGE][PASSED] - Text of object 'Object Repository/OMVA_UserManagement_Page/Created_User_Username' is: 'abzgxpe vosjmsm'

2018-07-16 13:15:51 - [TEST_STEP][PASSED] - Statement - uname = createdNewuser.toString(): null

2018-07-16 13:15:51 - [TEST_STEP][PASSED] - Statement - createduser = com.kms.katalon.core.webui.keyword.WebUiBuiltInKeywords.verifyMatch(createdNewuser, firstname + " " + lastname, true): Actual text 'abzgxpe vosjmsm' and expected text 'abzgxpe vosjmsm' are matched  using regular expression

2018-07-16 13:15:51 - [MESSAGE][PASSED] - Actual text 'abzgxpe vosjmsm' and expected text 'abzgxpe vosjmsm' are matched  using regular expression

2018-07-16 13:15:51 - [TEST_STEP][PASSED] - delay: Delayed 5 second(s)

2018-07-16 13:15:56 - [MESSAGE][PASSED] - Delayed 5 second(s)

2018-07-16 13:15:56 - [TEST_STEP][PASSED] - applicationLibrary.ClicksCreatedUserDashboard.editUser: applicationLibrary.ClicksCreatedUserDashboard.editUser is PASSED

2018-07-16 13:15:57 - [MESSAGE][PASSED] - applicationLibrary.ClicksCreatedUserDashboard.editUser is PASSED

2018-07-16 13:15:57 - [TEST_STEP][PASSED] - delay: Delayed 5 second(s)

2018-07-16 13:16:02 - [MESSAGE][PASSED] - Delayed 5 second(s)

2018-07-16 13:16:02 - [TEST_STEP][PASSED] - waitForElementPresent: Object 'Object Repository/OMVA_UserManagement_Page/Role_Dropdown' is present

2018-07-16 13:16:02 - [MESSAGE][PASSED] - Object 'Object Repository/OMVA_UserManagement_Page/Role_Dropdown' is present

2018-07-16 13:16:02 - [TEST_STEP][PASSED] - Statement - If (true): null

2018-07-16 13:16:02 - [TEST_STEP][PASSED] - click: Object: 'Object Repository/OMVA_UserManagement_Page/Role_Dropdown' is clicked on

2018-07-16 13:16:02 - [MESSAGE][PASSED] - Object: 'Object Repository/OMVA_UserManagement_Page/Role_Dropdown' is clicked on

2018-07-16 13:16:02 - [TEST_STEP][PASSED] - Statement - assert true: null

2018-07-16 13:16:02 - [TEST_STEP][PASSED] - scrollToElement: Scroll to object 'Object Repository/OMVA_UserManagement_Page/DropdownOption_RoleDropdown_CategoryMSP' successfully

2018-07-16 13:16:02 - [MESSAGE][WARNING] - Timeout '0' is invalid. Using default page load timeout: '15'

2018-07-16 13:16:02 - [MESSAGE][PASSED] - Scroll to object 'Object Repository/OMVA_UserManagement_Page/DropdownOption_RoleDropdown_CategoryMSP' successfully

2018-07-16 13:16:02 - [TEST_STEP][PASSED] - click: Object: 'Object Repository/OMVA_UserManagement_Page/DropdownOption_RoleDropdown_CategoryMSP' is clicked on

2018-07-16 13:16:02 - [MESSAGE][PASSED] - Object: 'Object Repository/OMVA_UserManagement_Page/DropdownOption_RoleDropdown_CategoryMSP' is clicked on

2018-07-16 13:16:02 - [TEST_STEP][PASSED] - delay: Delayed 3 second(s)

2018-07-16 13:16:05 - [MESSAGE][PASSED] - Delayed 3 second(s)

2018-07-16 13:16:05 - [TEST_STEP][PASSED] - click: Object: 'Object Repository/OMVA_UserManagement_Page/Next_Button_Update' is clicked on

2018-07-16 13:16:05 - [MESSAGE][PASSED] - Object: 'Object Repository/OMVA_UserManagement_Page/Next_Button_Update' is clicked on

2018-07-16 13:16:05 - [TEST_STEP][PASSED] - Statement - If (true): null

2018-07-16 13:16:05 - [TEST_STEP][PASSED] - verifyElementText: Actual text and expected text of test object 'Object Repository/OMVA_UserManagement_Page/Update_Role' are matched.

2018-07-16 13:16:06 - [MESSAGE][PASSED] - Actual text and expected text of test object 'Object Repository/OMVA_UserManagement_Page/Update_Role' are matched.

2018-07-16 13:16:06 - [TEST_STEP][PASSED] - Statement - assert true: null

2018-07-16 13:16:06 - [TEST_STEP][PASSED] - closeBrowser: Browser is closed

2018-07-16 13:16:07 - [MESSAGE][PASSED] - Browser is closed]]></system-out>
         <system-err><![CDATA[]]></system-err>
      </testcase>
      <testcase name="Test Cases/UserManagementTestCases/UserActions/Verify_AdvanceFilterPopUp" classname="Test Cases/UserManagementTestCases/UserActions/Verify_AdvanceFilterPopUp" status="PASSED">
         <system-out><![CDATA[2018-07-16 13:16:07 - [TEST_CASE][PASSED] - Test Cases/UserManagementTestCases/UserActions/Verify_AdvanceFilterPopUp: Test Cases/UserManagementTestCases/UserActions/Verify_AdvanceFilterPopUp

2018-07-16 13:16:07 - [TEST_STEP][PASSED] - callTestCase: Call Test Case 'Test Cases/CommonTestcases/OpenBrowserandNavigateToQAURL' successfully

2018-07-16 13:16:07 - [TEST_CASE][PASSED] - Test Cases/CommonTestcases/OpenBrowserandNavigateToQAURL: Test Cases/CommonTestcases/OpenBrowserandNavigateToQAURL

2018-07-16 13:16:07 - [TEST_STEP][PASSED] - openBrowser: Browser is opened with url: ''

2018-07-16 13:16:09 - [MESSAGE][PASSED] - Browser is opened with url: ''

2018-07-16 13:16:09 - [TEST_STEP][PASSED] - navigateToUrl: Navigate to 'https://coa-demo-env.azurewebsites.net/da/index.html#/login' successfully

2018-07-16 13:16:14 - [MESSAGE][PASSED] - Navigate to 'https://coa-demo-env.azurewebsites.net/da/index.html#/login' successfully

2018-07-16 13:16:14 - [TEST_STEP][PASSED] - maximizeWindow: Current window maximized

2018-07-16 13:16:15 - [MESSAGE][PASSED] - Current window maximized

2018-07-16 13:16:15 - [MESSAGE][PASSED] - Call Test Case 'Test Cases/CommonTestcases/OpenBrowserandNavigateToQAURL' successfully

2018-07-16 13:16:15 - [TEST_STEP][PASSED] - waitForElementPresent: Object 'Object Repository/OMVA_Login_Page/Username_Textbox' is present

2018-07-16 13:16:15 - [MESSAGE][PASSED] - Object 'Object Repository/OMVA_Login_Page/Username_Textbox' is present

2018-07-16 13:16:15 - [TEST_STEP][PASSED] - sendKeys: Keys 'SuperAdmin' sent to object: 'Object Repository/OMVA_Login_Page/Username_Textbox'

2018-07-16 13:16:16 - [MESSAGE][PASSED] - Keys 'SuperAdmin' sent to object: 'Object Repository/OMVA_Login_Page/Username_Textbox'

2018-07-16 13:16:16 - [TEST_STEP][PASSED] - click: Object: 'Object Repository/OMVA_Login_Page/Next_Button' is clicked on

2018-07-16 13:16:16 - [MESSAGE][PASSED] - Object: 'Object Repository/OMVA_Login_Page/Next_Button' is clicked on

2018-07-16 13:16:16 - [TEST_STEP][PASSED] - waitForElementVisible: Object 'Object Repository/OMVA_Login_Page/Password_Textbox' is visible

2018-07-16 13:16:16 - [MESSAGE][PASSED] - Object 'Object Repository/OMVA_Login_Page/Password_Textbox' is visible

2018-07-16 13:16:16 - [TEST_STEP][PASSED] - sendKeys: Keys 'SuperAdmin' sent to object: 'Object Repository/OMVA_Login_Page/Password_Textbox'

2018-07-16 13:16:17 - [MESSAGE][PASSED] - Keys 'SuperAdmin' sent to object: 'Object Repository/OMVA_Login_Page/Password_Textbox'

2018-07-16 13:16:17 - [TEST_STEP][PASSED] - click: Object: 'Object Repository/OMVA_Login_Page/Signin_Button' is clicked on

2018-07-16 13:16:17 - [MESSAGE][PASSED] - Object: 'Object Repository/OMVA_Login_Page/Signin_Button' is clicked on

2018-07-16 13:16:17 - [TEST_STEP][PASSED] - waitForAngularLoad: This page doesn't use Angular.

2018-07-16 13:16:17 - [MESSAGE][WARNING] - This page doesn't use Angular.

2018-07-16 13:16:17 - [TEST_STEP][PASSED] - delay: Delayed 4 second(s)

2018-07-16 13:16:21 - [MESSAGE][PASSED] - Delayed 4 second(s)

2018-07-16 13:16:21 - [TEST_STEP][PASSED] - waitForElementVisible: Object 'Object Repository/OMVA_Landing_Page/Filter_Icon' is visible

2018-07-16 13:16:21 - [MESSAGE][PASSED] - Object 'Object Repository/OMVA_Landing_Page/Filter_Icon' is visible

2018-07-16 13:16:21 - [TEST_STEP][PASSED] - Statement - assert true: null

2018-07-16 13:16:21 - [TEST_STEP][PASSED] - click: Object: 'Object Repository/OMVA_Landing_Page/Filter_Icon' is clicked on

2018-07-16 13:16:21 - [MESSAGE][PASSED] - Object: 'Object Repository/OMVA_Landing_Page/Filter_Icon' is clicked on

2018-07-16 13:16:21 - [TEST_STEP][PASSED] - waitForElementVisible: Object 'Object Repository/OMVA_Landing_Page/Advanced_FilterPopUp' is visible

2018-07-16 13:16:22 - [MESSAGE][PASSED] - Object 'Object Repository/OMVA_Landing_Page/Advanced_FilterPopUp' is visible

2018-07-16 13:16:22 - [TEST_STEP][PASSED] - Statement - assert true: null

2018-07-16 13:16:22 - [TEST_STEP][PASSED] - closeBrowser: Browser is closed

2018-07-16 13:16:22 - [MESSAGE][PASSED] - Browser is closed]]></system-out>
         <system-err><![CDATA[]]></system-err>
      </testcase>
      <testcase name="Test Cases/UserManagementTestCases/UserActions/VerifyNextButtonClickNotAllowed" classname="Test Cases/UserManagementTestCases/UserActions/VerifyNextButtonClickNotAllowed" status="PASSED">
         <system-out><![CDATA[2018-07-16 13:16:23 - [TEST_CASE][PASSED] - Test Cases/UserManagementTestCases/UserActions/VerifyNextButtonClickNotAllowed: Test Cases/UserManagementTestCases/UserActions/VerifyNextButtonClickNotAllowed

2018-07-16 13:16:23 - [TEST_STEP][PASSED] - callTestCase: Call Test Case 'Test Cases/CommonTestcases/OpenBrowserandNavigateToQAURL' successfully

2018-07-16 13:16:23 - [TEST_CASE][PASSED] - Test Cases/CommonTestcases/OpenBrowserandNavigateToQAURL: Test Cases/CommonTestcases/OpenBrowserandNavigateToQAURL

2018-07-16 13:16:23 - [TEST_STEP][PASSED] - openBrowser: Browser is opened with url: ''

2018-07-16 13:16:25 - [MESSAGE][PASSED] - Browser is opened with url: ''

2018-07-16 13:16:25 - [TEST_STEP][PASSED] - navigateToUrl: Navigate to 'https://coa-demo-env.azurewebsites.net/da/index.html#/login' successfully

2018-07-16 13:16:36 - [MESSAGE][PASSED] - Navigate to 'https://coa-demo-env.azurewebsites.net/da/index.html#/login' successfully

2018-07-16 13:16:36 - [TEST_STEP][PASSED] - maximizeWindow: Current window maximized

2018-07-16 13:16:37 - [MESSAGE][PASSED] - Current window maximized

2018-07-16 13:16:37 - [MESSAGE][PASSED] - Call Test Case 'Test Cases/CommonTestcases/OpenBrowserandNavigateToQAURL' successfully

2018-07-16 13:16:37 - [TEST_STEP][PASSED] - waitForElementVisible: Object 'Object Repository/OMVA_Login_Page/Username_Textbox' is visible

2018-07-16 13:16:37 - [MESSAGE][PASSED] - Object 'Object Repository/OMVA_Login_Page/Username_Textbox' is visible

2018-07-16 13:16:37 - [TEST_STEP][PASSED] - sendKeys: Keys 'SuperAdmin' sent to object: 'Object Repository/OMVA_Login_Page/Username_Textbox'

2018-07-16 13:16:37 - [MESSAGE][PASSED] - Keys 'SuperAdmin' sent to object: 'Object Repository/OMVA_Login_Page/Username_Textbox'

2018-07-16 13:16:37 - [TEST_STEP][PASSED] - click: Object: 'Object Repository/OMVA_Login_Page/Next_Button' is clicked on

2018-07-16 13:16:38 - [MESSAGE][PASSED] - Object: 'Object Repository/OMVA_Login_Page/Next_Button' is clicked on

2018-07-16 13:16:38 - [TEST_STEP][PASSED] - waitForElementVisible: Object 'Object Repository/OMVA_Login_Page/Password_Textbox' is visible

2018-07-16 13:16:38 - [MESSAGE][PASSED] - Object 'Object Repository/OMVA_Login_Page/Password_Textbox' is visible

2018-07-16 13:16:38 - [TEST_STEP][PASSED] - sendKeys: Keys 'SuperAdmin' sent to object: 'Object Repository/OMVA_Login_Page/Password_Textbox'

2018-07-16 13:16:38 - [MESSAGE][PASSED] - Keys 'SuperAdmin' sent to object: 'Object Repository/OMVA_Login_Page/Password_Textbox'

2018-07-16 13:16:38 - [TEST_STEP][PASSED] - click: Object: 'Object Repository/OMVA_Login_Page/Signin_Button' is clicked on

2018-07-16 13:16:38 - [MESSAGE][PASSED] - Object: 'Object Repository/OMVA_Login_Page/Signin_Button' is clicked on

2018-07-16 13:16:38 - [TEST_STEP][PASSED] - waitForPageLoad: Wait for page load successfully

2018-07-16 13:16:38 - [MESSAGE][PASSED] - Wait for page load successfully

2018-07-16 13:16:38 - [TEST_STEP][PASSED] - delay: Delayed 5 second(s)

2018-07-16 13:16:43 - [MESSAGE][PASSED] - Delayed 5 second(s)

2018-07-16 13:16:43 - [TEST_STEP][PASSED] - waitForElementPresent: Object 'Object Repository/OMVA_Landing_Page/CreateUser_Button' is present

2018-07-16 13:16:43 - [MESSAGE][PASSED] - Object 'Object Repository/OMVA_Landing_Page/CreateUser_Button' is present

2018-07-16 13:16:43 - [TEST_STEP][PASSED] - click: Object: 'Object Repository/OMVA_Landing_Page/CreateUser_Button' is clicked on

2018-07-16 13:16:44 - [MESSAGE][PASSED] - Object: 'Object Repository/OMVA_Landing_Page/CreateUser_Button' is clicked on

2018-07-16 13:16:44 - [TEST_STEP][PASSED] - waitForElementVisible: Object 'Object Repository/OMVA_UserManagement_Page/NextButtonDisabled' is visible

2018-07-16 13:16:44 - [MESSAGE][PASSED] - Object 'Object Repository/OMVA_UserManagement_Page/NextButtonDisabled' is visible

2018-07-16 13:16:44 - [TEST_STEP][PASSED] - verifyElementNotClickable: Object 'Object Repository/OMVA_UserManagement_Page/NextButtonDisabled' is NOT clickable

2018-07-16 13:16:44 - [MESSAGE][PASSED] - Object 'Object Repository/OMVA_UserManagement_Page/NextButtonDisabled' is NOT clickable

2018-07-16 13:16:44 - [TEST_STEP][PASSED] - callTestCase: Call Test Case 'Test Cases/CommonTestcases/Logout_Closebrowser' successfully

2018-07-16 13:16:44 - [TEST_CASE][PASSED] - Test Cases/CommonTestcases/Logout_Closebrowser: Test Cases/CommonTestcases/Logout_Closebrowser

2018-07-16 13:16:44 - [TEST_STEP][PASSED] - waitForElementPresent: Object 'Object Repository/OMVA_Landing_Page/User_icon' is present

2018-07-16 13:16:44 - [MESSAGE][PASSED] - Object 'Object Repository/OMVA_Landing_Page/User_icon' is present

2018-07-16 13:16:44 - [TEST_STEP][PASSED] - click: Object: 'Object Repository/OMVA_Landing_Page/User_icon' is clicked on

2018-07-16 13:16:44 - [MESSAGE][PASSED] - Object: 'Object Repository/OMVA_Landing_Page/User_icon' is clicked on

2018-07-16 13:16:44 - [TEST_STEP][PASSED] - waitForElementPresent: Object 'Object Repository/OMVA_Landing_Page/Logout_link' is present

2018-07-16 13:16:44 - [MESSAGE][PASSED] - Object 'Object Repository/OMVA_Landing_Page/Logout_link' is present

2018-07-16 13:16:44 - [TEST_STEP][PASSED] - click: Object: 'Object Repository/OMVA_Landing_Page/Logout_link' is clicked on

2018-07-16 13:16:44 - [MESSAGE][PASSED] - Object: 'Object Repository/OMVA_Landing_Page/Logout_link' is clicked on

2018-07-16 13:16:44 - [TEST_STEP][PASSED] - waitForElementNotPresent: Web element with id: 'Object Repository/OMVA_Landing_Page/User_icon' located by 'By.xpath: //img[@id='dropdown']' is not present after '15' second(s)

2018-07-16 13:16:44 - [MESSAGE][WARNING] - Timeout '0' is invalid. Using default page load timeout: '15'

2018-07-16 13:16:45 - [MESSAGE][PASSED] - Web element with id: 'Object Repository/OMVA_Landing_Page/User_icon' located by 'By.xpath: //img[@id='dropdown']' is not present after '15' second(s)

2018-07-16 13:16:45 - [TEST_STEP][PASSED] - closeBrowser: Browser is closed

2018-07-16 13:16:45 - [MESSAGE][PASSED] - Browser is closed

2018-07-16 13:16:45 - [MESSAGE][PASSED] - Call Test Case 'Test Cases/CommonTestcases/Logout_Closebrowser' successfully]]></system-out>
         <system-err><![CDATA[]]></system-err>
      </testcase>
      <testcase name="Test Cases/UserManagementTestCases/UserActions/VerifyDefaultSelectionAdvancedFilter" classname="Test Cases/UserManagementTestCases/UserActions/VerifyDefaultSelectionAdvancedFilter" status="PASSED">
         <system-out><![CDATA[2018-07-16 13:16:45 - [TEST_CASE][PASSED] - Test Cases/UserManagementTestCases/UserActions/VerifyDefaultSelectionAdvancedFilter: Test Cases/UserManagementTestCases/UserActions/VerifyDefaultSelectionAdvancedFilter

2018-07-16 13:16:45 - [TEST_STEP][PASSED] - callTestCase: Call Test Case 'Test Cases/CommonTestcases/OpenBrowserandNavigateToQAURL' successfully

2018-07-16 13:16:46 - [TEST_CASE][PASSED] - Test Cases/CommonTestcases/OpenBrowserandNavigateToQAURL: Test Cases/CommonTestcases/OpenBrowserandNavigateToQAURL

2018-07-16 13:16:46 - [TEST_STEP][PASSED] - openBrowser: Browser is opened with url: ''

2018-07-16 13:16:48 - [MESSAGE][PASSED] - Browser is opened with url: ''

2018-07-16 13:16:48 - [TEST_STEP][PASSED] - navigateToUrl: Navigate to 'https://coa-demo-env.azurewebsites.net/da/index.html#/login' successfully

2018-07-16 13:16:53 - [MESSAGE][PASSED] - Navigate to 'https://coa-demo-env.azurewebsites.net/da/index.html#/login' successfully

2018-07-16 13:16:53 - [TEST_STEP][PASSED] - maximizeWindow: Current window maximized

2018-07-16 13:16:55 - [MESSAGE][PASSED] - Current window maximized

2018-07-16 13:16:55 - [MESSAGE][PASSED] - Call Test Case 'Test Cases/CommonTestcases/OpenBrowserandNavigateToQAURL' successfully

2018-07-16 13:16:55 - [TEST_STEP][PASSED] - waitForElementPresent: Object 'Object Repository/OMVA_Login_Page/Username_Textbox' is present

2018-07-16 13:16:55 - [MESSAGE][PASSED] - Object 'Object Repository/OMVA_Login_Page/Username_Textbox' is present

2018-07-16 13:16:55 - [TEST_STEP][PASSED] - sendKeys: Keys 'SuperAdmin' sent to object: 'Object Repository/OMVA_Login_Page/Username_Textbox'

2018-07-16 13:16:55 - [MESSAGE][PASSED] - Keys 'SuperAdmin' sent to object: 'Object Repository/OMVA_Login_Page/Username_Textbox'

2018-07-16 13:16:55 - [TEST_STEP][PASSED] - click: Object: 'Object Repository/OMVA_Login_Page/Next_Button' is clicked on

2018-07-16 13:16:55 - [MESSAGE][PASSED] - Object: 'Object Repository/OMVA_Login_Page/Next_Button' is clicked on

2018-07-16 13:16:55 - [TEST_STEP][PASSED] - waitForElementVisible: Object 'Object Repository/OMVA_Login_Page/Password_Textbox' is visible

2018-07-16 13:16:56 - [MESSAGE][PASSED] - Object 'Object Repository/OMVA_Login_Page/Password_Textbox' is visible

2018-07-16 13:16:56 - [TEST_STEP][PASSED] - sendKeys: Keys 'SuperAdmin' sent to object: 'Object Repository/OMVA_Login_Page/Password_Textbox'

2018-07-16 13:16:56 - [MESSAGE][PASSED] - Keys 'SuperAdmin' sent to object: 'Object Repository/OMVA_Login_Page/Password_Textbox'

2018-07-16 13:16:56 - [TEST_STEP][PASSED] - click: Object: 'Object Repository/OMVA_Login_Page/Signin_Button' is clicked on

2018-07-16 13:16:56 - [MESSAGE][PASSED] - Object: 'Object Repository/OMVA_Login_Page/Signin_Button' is clicked on

2018-07-16 13:16:56 - [TEST_STEP][PASSED] - waitForAngularLoad: This page doesn't use Angular.

2018-07-16 13:16:56 - [MESSAGE][WARNING] - This page doesn't use Angular.

2018-07-16 13:16:56 - [TEST_STEP][PASSED] - delay: Delayed 4 second(s)

2018-07-16 13:17:00 - [MESSAGE][PASSED] - Delayed 4 second(s)

2018-07-16 13:17:00 - [TEST_STEP][PASSED] - waitForElementVisible: Object 'Object Repository/OMVA_Landing_Page/Filter_Icon' is visible

2018-07-16 13:17:00 - [MESSAGE][PASSED] - Object 'Object Repository/OMVA_Landing_Page/Filter_Icon' is visible

2018-07-16 13:17:00 - [TEST_STEP][PASSED] - Statement - assert true: null

2018-07-16 13:17:00 - [TEST_STEP][PASSED] - click: Object: 'Object Repository/OMVA_Landing_Page/Filter_Icon' is clicked on

2018-07-16 13:17:00 - [MESSAGE][PASSED] - Object: 'Object Repository/OMVA_Landing_Page/Filter_Icon' is clicked on

2018-07-16 13:17:00 - [TEST_STEP][PASSED] - waitForElementVisible: Object 'Object Repository/OMVA_Landing_Page/Advanced_FilterPopUp' is visible

2018-07-16 13:17:01 - [MESSAGE][PASSED] - Object 'Object Repository/OMVA_Landing_Page/Advanced_FilterPopUp' is visible

2018-07-16 13:17:01 - [TEST_STEP][PASSED] - Statement - assert true: null

2018-07-16 13:17:01 - [TEST_STEP][PASSED] - delay: Delayed 3 second(s)

2018-07-16 13:17:04 - [MESSAGE][PASSED] - Delayed 3 second(s)

2018-07-16 13:17:04 - [TEST_STEP][PASSED] - applicationLibrary.checkboxMultiselection.checkbox: applicationLibrary.checkboxMultiselection.checkbox is PASSED

2018-07-16 13:17:06 - [MESSAGE][PASSED] - applicationLibrary.checkboxMultiselection.checkbox is PASSED

2018-07-16 13:17:06 - [TEST_STEP][PASSED] - waitForElementVisible: Object 'Object Repository/OMVA_AdvancedFilter_Page/resetButton' is visible

2018-07-16 13:17:06 - [MESSAGE][PASSED] - Object 'Object Repository/OMVA_AdvancedFilter_Page/resetButton' is visible

2018-07-16 13:17:06 - [TEST_STEP][PASSED] - click: Object: 'Object Repository/OMVA_AdvancedFilter_Page/resetButton' is clicked on

2018-07-16 13:17:07 - [MESSAGE][PASSED] - Object: 'Object Repository/OMVA_AdvancedFilter_Page/resetButton' is clicked on

2018-07-16 13:17:07 - [TEST_STEP][PASSED] - verifyElementAttributeValue: Object 'Object Repository/OMVA_AdvancedFilter_Page/checkboxSelectAll' has attribute 'ng-reflect-model' with value 'false'

2018-07-16 13:17:07 - [MESSAGE][PASSED] - Object 'Object Repository/OMVA_AdvancedFilter_Page/checkboxSelectAll' has attribute 'ng-reflect-model' with value 'false']]></system-out>
         <system-err><![CDATA[]]></system-err>
      </testcase>
      <testcase name="Test Cases/UserManagementTestCases/UserActions/Validate_User_Search" classname="Test Cases/UserManagementTestCases/UserActions/Validate_User_Search" status="PASSED">
         <system-out><![CDATA[2018-07-16 13:17:07 - [TEST_CASE][PASSED] - Test Cases/UserManagementTestCases/UserActions/Validate_User_Search: Test Cases/UserManagementTestCases/UserActions/Validate_User_Search

2018-07-16 13:17:07 - [TEST_STEP][PASSED] - callTestCase: Call Test Case 'Test Cases/CommonTestcases/OpenBrowserandNavigateToQAURL' successfully

2018-07-16 13:17:07 - [TEST_CASE][PASSED] - Test Cases/CommonTestcases/OpenBrowserandNavigateToQAURL: Test Cases/CommonTestcases/OpenBrowserandNavigateToQAURL

2018-07-16 13:17:07 - [TEST_STEP][PASSED] - openBrowser: Browser is opened with url: ''

2018-07-16 13:17:07 - [MESSAGE][WARNING] - A browser is already opened. Closing browser and opening a new one

2018-07-16 13:17:10 - [MESSAGE][PASSED] - Browser is opened with url: ''

2018-07-16 13:17:10 - [TEST_STEP][PASSED] - navigateToUrl: Navigate to 'https://coa-demo-env.azurewebsites.net/da/index.html#/login' successfully

2018-07-16 13:17:15 - [MESSAGE][PASSED] - Navigate to 'https://coa-demo-env.azurewebsites.net/da/index.html#/login' successfully

2018-07-16 13:17:15 - [TEST_STEP][PASSED] - maximizeWindow: Current window maximized

2018-07-16 13:17:16 - [MESSAGE][PASSED] - Current window maximized

2018-07-16 13:17:16 - [MESSAGE][PASSED] - Call Test Case 'Test Cases/CommonTestcases/OpenBrowserandNavigateToQAURL' successfully

2018-07-16 13:17:16 - [TEST_STEP][PASSED] - waitForElementVisible: Object 'Object Repository/OMVA_Login_Page/Username_Textbox' is visible

2018-07-16 13:17:16 - [MESSAGE][PASSED] - Object 'Object Repository/OMVA_Login_Page/Username_Textbox' is visible

2018-07-16 13:17:16 - [TEST_STEP][PASSED] - sendKeys: Keys 'SuperAdmin' sent to object: 'Object Repository/OMVA_Login_Page/Username_Textbox'

2018-07-16 13:17:16 - [MESSAGE][PASSED] - Keys 'SuperAdmin' sent to object: 'Object Repository/OMVA_Login_Page/Username_Textbox'

2018-07-16 13:17:16 - [TEST_STEP][PASSED] - click: Object: 'Object Repository/OMVA_Login_Page/Next_Button' is clicked on

2018-07-16 13:17:16 - [MESSAGE][PASSED] - Object: 'Object Repository/OMVA_Login_Page/Next_Button' is clicked on

2018-07-16 13:17:16 - [TEST_STEP][PASSED] - waitForElementVisible: Object 'Object Repository/OMVA_Login_Page/Password_Textbox' is visible

2018-07-16 13:17:17 - [MESSAGE][PASSED] - Object 'Object Repository/OMVA_Login_Page/Password_Textbox' is visible

2018-07-16 13:17:17 - [TEST_STEP][PASSED] - sendKeys: Keys 'SuperAdmin' sent to object: 'Object Repository/OMVA_Login_Page/Password_Textbox'

2018-07-16 13:17:17 - [MESSAGE][PASSED] - Keys 'SuperAdmin' sent to object: 'Object Repository/OMVA_Login_Page/Password_Textbox'

2018-07-16 13:17:17 - [TEST_STEP][PASSED] - click: Object: 'Object Repository/OMVA_Login_Page/Signin_Button' is clicked on

2018-07-16 13:17:17 - [MESSAGE][PASSED] - Object: 'Object Repository/OMVA_Login_Page/Signin_Button' is clicked on

2018-07-16 13:17:17 - [TEST_STEP][PASSED] - waitForPageLoad: Wait for page load successfully

2018-07-16 13:17:18 - [MESSAGE][PASSED] - Wait for page load successfully

2018-07-16 13:17:18 - [TEST_STEP][PASSED] - delay: Delayed 5 second(s)

2018-07-16 13:17:23 - [MESSAGE][PASSED] - Delayed 5 second(s)

2018-07-16 13:17:23 - [TEST_STEP][PASSED] - waitForElementPresent: Object 'Object Repository/OMVA_Landing_Page/CreateUser_Button' is present

2018-07-16 13:17:23 - [MESSAGE][PASSED] - Object 'Object Repository/OMVA_Landing_Page/CreateUser_Button' is present

2018-07-16 13:17:23 - [TEST_STEP][PASSED] - click: Object: 'Object Repository/OMVA_Landing_Page/CreateUser_Button' is clicked on

2018-07-16 13:17:23 - [MESSAGE][PASSED] - Object: 'Object Repository/OMVA_Landing_Page/CreateUser_Button' is clicked on

2018-07-16 13:17:23 - [TEST_STEP][PASSED] - delay: Delayed 3 second(s)

2018-07-16 13:17:26 - [MESSAGE][PASSED] - Delayed 3 second(s)

2018-07-16 13:17:26 - [TEST_STEP][PASSED] - waitForElementPresent: Object 'Object Repository/OMVA_UserManagement_Page/Role_Dropdown' is present

2018-07-16 13:17:26 - [MESSAGE][PASSED] - Object 'Object Repository/OMVA_UserManagement_Page/Role_Dropdown' is present

2018-07-16 13:17:26 - [TEST_STEP][PASSED] - Statement - If (true): null

2018-07-16 13:17:26 - [TEST_STEP][PASSED] - click: Object: 'Object Repository/OMVA_UserManagement_Page/Role_Dropdown' is clicked on

2018-07-16 13:17:26 - [MESSAGE][PASSED] - Object: 'Object Repository/OMVA_UserManagement_Page/Role_Dropdown' is clicked on

2018-07-16 13:17:26 - [TEST_STEP][PASSED] - Statement - assert true: null

2018-07-16 13:17:26 - [TEST_STEP][PASSED] - scrollToElement: Scroll to object 'Object Repository/OMVA_UserManagement_Page/DropdownOption_RoleDropdown_Market Admin' successfully

2018-07-16 13:17:26 - [MESSAGE][WARNING] - Timeout '0' is invalid. Using default page load timeout: '15'

2018-07-16 13:17:26 - [MESSAGE][PASSED] - Scroll to object 'Object Repository/OMVA_UserManagement_Page/DropdownOption_RoleDropdown_Market Admin' successfully

2018-07-16 13:17:26 - [TEST_STEP][PASSED] - click: Object: 'Object Repository/OMVA_UserManagement_Page/DropdownOption_RoleDropdown_Market Admin' is clicked on

2018-07-16 13:17:26 - [MESSAGE][PASSED] - Object: 'Object Repository/OMVA_UserManagement_Page/DropdownOption_RoleDropdown_Market Admin' is clicked on

2018-07-16 13:17:26 - [TEST_STEP][PASSED] - Statement - username = CustomKeywords.commonLibrary.commonFunctions.randomStringFunction("abcdefghijklmnopqrstuvwxyz", 6): commonLibrary.commonFunctions.randomStringFunction is PASSED

2018-07-16 13:17:26 - [MESSAGE][PASSED] - commonLibrary.commonFunctions.randomStringFunction is PASSED

2018-07-16 13:17:26 - [TEST_STEP][PASSED] - Statement - uname = username.toString(): null

2018-07-16 13:17:26 - [TEST_STEP][PASSED] - sendKeys: Keys 'jjdplf' sent to object: 'Object Repository/OMVA_UserManagement_Page/UserName_Textbox'

2018-07-16 13:17:27 - [MESSAGE][PASSED] - Keys 'jjdplf' sent to object: 'Object Repository/OMVA_UserManagement_Page/UserName_Textbox'

2018-07-16 13:17:27 - [TEST_STEP][PASSED] - Statement - emailidprefix = CustomKeywords.commonLibrary.commonFunctions.randomStringFunction("abcdefghijklmnopqrstuvwxyz", 9): commonLibrary.commonFunctions.randomStringFunction is PASSED

2018-07-16 13:17:27 - [MESSAGE][PASSED] - commonLibrary.commonFunctions.randomStringFunction is PASSED

2018-07-16 13:17:27 - [TEST_STEP][PASSED] - sendKeys: Keys 'kjbhepgeg@autotestpg.com' sent to object: 'Object Repository/OMVA_UserManagement_Page/EmailID_Textbox'

2018-07-16 13:17:27 - [MESSAGE][PASSED] - Keys 'kjbhepgeg@autotestpg.com' sent to object: 'Object Repository/OMVA_UserManagement_Page/EmailID_Textbox'

2018-07-16 13:17:27 - [TEST_STEP][PASSED] - Statement - firstname = CustomKeywords.commonLibrary.commonFunctions.randomStringFunction("abcdefghijklmnopqrstuvwxyz", 7): commonLibrary.commonFunctions.randomStringFunction is PASSED

2018-07-16 13:17:27 - [MESSAGE][PASSED] - commonLibrary.commonFunctions.randomStringFunction is PASSED

2018-07-16 13:17:27 - [TEST_STEP][PASSED] - sendKeys: Keys 'fqrotzy' sent to object: 'Object Repository/OMVA_UserManagement_Page/FirstName_Textbox'

2018-07-16 13:17:28 - [MESSAGE][PASSED] - Keys 'fqrotzy' sent to object: 'Object Repository/OMVA_UserManagement_Page/FirstName_Textbox'

2018-07-16 13:17:28 - [TEST_STEP][PASSED] - Statement - lastname = CustomKeywords.commonLibrary.commonFunctions.randomStringFunction("abcdefghijklmnopqrstuvwxyz", 7): commonLibrary.commonFunctions.randomStringFunction is PASSED

2018-07-16 13:17:28 - [MESSAGE][PASSED] - commonLibrary.commonFunctions.randomStringFunction is PASSED

2018-07-16 13:17:28 - [TEST_STEP][PASSED] - sendKeys: Keys 'ishkkrm' sent to object: 'Object Repository/OMVA_UserManagement_Page/LastName_Textbox'

2018-07-16 13:17:28 - [MESSAGE][PASSED] - Keys 'ishkkrm' sent to object: 'Object Repository/OMVA_UserManagement_Page/LastName_Textbox'

2018-07-16 13:17:28 - [TEST_STEP][PASSED] - Statement - ticketnum = CustomKeywords.commonLibrary.commonFunctions.randomStringFunction("123456789", 7): commonLibrary.commonFunctions.randomStringFunction is PASSED

2018-07-16 13:17:28 - [MESSAGE][PASSED] - commonLibrary.commonFunctions.randomStringFunction is PASSED

2018-07-16 13:17:28 - [TEST_STEP][PASSED] - sendKeys: Keys '5731214' sent to object: 'Object Repository/OMVA_UserManagement_Page/TicketNumber_Textbox'

2018-07-16 13:17:28 - [MESSAGE][PASSED] - Keys '5731214' sent to object: 'Object Repository/OMVA_UserManagement_Page/TicketNumber_Textbox'

2018-07-16 13:17:28 - [TEST_STEP][PASSED] - click: Object: 'Object Repository/OMVA_UserManagement_Page/Next_Button' is clicked on

2018-07-16 13:17:28 - [MESSAGE][PASSED] - Object: 'Object Repository/OMVA_UserManagement_Page/Next_Button' is clicked on

2018-07-16 13:17:28 - [TEST_STEP][PASSED] - delay: Delayed 4 second(s)

2018-07-16 13:17:32 - [MESSAGE][PASSED] - Delayed 4 second(s)

2018-07-16 13:17:32 - [TEST_STEP][PASSED] - applicationLibrary.checkboxMultiselection.multiselectCheckbox: applicationLibrary.checkboxMultiselection.multiselectCheckbox is PASSED

2018-07-16 13:17:35 - [MESSAGE][PASSED] - applicationLibrary.checkboxMultiselection.multiselectCheckbox is PASSED

2018-07-16 13:17:35 - [TEST_STEP][PASSED] - scrollToElement: Scroll to object 'Object Repository/OMVA_UserManagement_Page/Customer_Next_Btn' successfully

2018-07-16 13:17:35 - [MESSAGE][PASSED] - Scroll to object 'Object Repository/OMVA_UserManagement_Page/Customer_Next_Btn' successfully

2018-07-16 13:17:35 - [TEST_STEP][PASSED] - click: Object: 'Object Repository/OMVA_UserManagement_Page/Customer_Next_Btn' is clicked on

2018-07-16 13:17:35 - [MESSAGE][PASSED] - Object: 'Object Repository/OMVA_UserManagement_Page/Customer_Next_Btn' is clicked on

2018-07-16 13:17:35 - [TEST_STEP][PASSED] - applicationLibrary.checkboxMultiselection.multiselectCheckbox: applicationLibrary.checkboxMultiselection.multiselectCheckbox is PASSED

2018-07-16 13:17:37 - [MESSAGE][PASSED] - applicationLibrary.checkboxMultiselection.multiselectCheckbox is PASSED

2018-07-16 13:17:37 - [TEST_STEP][PASSED] - waitForElementVisible: Object 'Object Repository/OMVA_UserManagement_Page/UserCreation_Save_Btn' is visible

2018-07-16 13:17:37 - [MESSAGE][PASSED] - Object 'Object Repository/OMVA_UserManagement_Page/UserCreation_Save_Btn' is visible

2018-07-16 13:17:37 - [TEST_STEP][PASSED] - click: Object: 'Object Repository/OMVA_UserManagement_Page/UserCreation_Save_Btn' is clicked on

2018-07-16 13:17:37 - [MESSAGE][PASSED] - Object: 'Object Repository/OMVA_UserManagement_Page/UserCreation_Save_Btn' is clicked on

2018-07-16 13:17:37 - [TEST_STEP][PASSED] - waitForElementPresent: Object 'Object Repository/OMVA_UserManagement_Page/UserCreation_HeaderTxt' is present

2018-07-16 13:17:38 - [MESSAGE][PASSED] - Object 'Object Repository/OMVA_UserManagement_Page/UserCreation_HeaderTxt' is present

2018-07-16 13:17:38 - [TEST_STEP][PASSED] - verifyElementText: Actual text and expected text of test object 'Object Repository/OMVA_UserManagement_Page/UserCreation_HeaderTxt' are matched.

2018-07-16 13:17:38 - [MESSAGE][PASSED] - Actual text and expected text of test object 'Object Repository/OMVA_UserManagement_Page/UserCreation_HeaderTxt' are matched.

2018-07-16 13:17:38 - [TEST_STEP][PASSED] - verifyElementText: Actual text and expected text of test object 'Object Repository/OMVA_UserManagement_Page/UserCreation_ContentTxt' are matched.

2018-07-16 13:17:38 - [MESSAGE][PASSED] - Actual text and expected text of test object 'Object Repository/OMVA_UserManagement_Page/UserCreation_ContentTxt' are matched.

2018-07-16 13:17:38 - [TEST_STEP][PASSED] - waitForElementVisible: Object 'Object Repository/OMVA_EditUser_Page/EditUser_OkPopupButton' is visible

2018-07-16 13:17:38 - [MESSAGE][PASSED] - Object 'Object Repository/OMVA_EditUser_Page/EditUser_OkPopupButton' is visible

2018-07-16 13:17:38 - [TEST_STEP][PASSED] - click: Object: 'Object Repository/OMVA_EditUser_Page/EditUser_OkPopupButton' is clicked on

2018-07-16 13:17:38 - [MESSAGE][PASSED] - Object: 'Object Repository/OMVA_EditUser_Page/EditUser_OkPopupButton' is clicked on

2018-07-16 13:17:38 - [TEST_STEP][PASSED] - delay: Delayed 4 second(s)

2018-07-16 13:17:42 - [MESSAGE][PASSED] - Delayed 4 second(s)

2018-07-16 13:17:42 - [TEST_STEP][PASSED] - waitForElementVisible: Object 'Object Repository/OMVA_UserManagement_Page/Search_button' is visible

2018-07-16 13:17:42 - [MESSAGE][PASSED] - Object 'Object Repository/OMVA_UserManagement_Page/Search_button' is visible

2018-07-16 13:17:42 - [TEST_STEP][PASSED] - click: Object: 'Object Repository/OMVA_UserManagement_Page/Search_button' is clicked on

2018-07-16 13:17:43 - [MESSAGE][PASSED] - Object: 'Object Repository/OMVA_UserManagement_Page/Search_button' is clicked on

2018-07-16 13:17:43 - [TEST_STEP][PASSED] - waitForElementVisible: Object 'Object Repository/OMVA_UserManagement_Page/Enter_Text_Search' is visible

2018-07-16 13:17:43 - [MESSAGE][PASSED] - Object 'Object Repository/OMVA_UserManagement_Page/Enter_Text_Search' is visible

2018-07-16 13:17:43 - [TEST_STEP][PASSED] - sendKeys: Keys 'jjdplf' sent to object: 'Object Repository/OMVA_UserManagement_Page/Enter_Text_Search'

2018-07-16 13:17:43 - [MESSAGE][PASSED] - Keys 'jjdplf' sent to object: 'Object Repository/OMVA_UserManagement_Page/Enter_Text_Search'

2018-07-16 13:17:43 - [TEST_STEP][PASSED] - waitForElementVisible: Object 'Object Repository/OMVA_Landing_Page/Uname_Grid' is visible

2018-07-16 13:17:43 - [MESSAGE][PASSED] - Object 'Object Repository/OMVA_Landing_Page/Uname_Grid' is visible

2018-07-16 13:17:43 - [TEST_STEP][PASSED] - Statement - userName = com.kms.katalon.core.webui.keyword.WebUiBuiltInKeywords.getText(com.kms.katalon.core.testobject.ObjectRepository.findTestObject(OMVA_Landing_Page/Uname_Grid)): Text of object 'Object Repository/OMVA_Landing_Page/Uname_Grid' is: 'jjdplf'

2018-07-16 13:17:43 - [MESSAGE][PASSED] - Text of object 'Object Repository/OMVA_Landing_Page/Uname_Grid' is: 'jjdplf'

2018-07-16 13:17:43 - [TEST_STEP][PASSED] - verifyMatch: Actual text 'jjdplf' and expected text 'jjdplf' are matched 

2018-07-16 13:17:43 - [MESSAGE][PASSED] - Actual text 'jjdplf' and expected text 'jjdplf' are matched 

2018-07-16 13:17:43 - [TEST_STEP][PASSED] - dataBaseConnection.dataBase.connectDB: dataBaseConnection.dataBase.connectDB is PASSED

2018-07-16 13:17:44 - [MESSAGE][PASSED] - dataBaseConnection.dataBase.connectDB is PASSED

2018-07-16 13:17:44 - [TEST_STEP][PASSED] - dataBaseConnection.dataBase.executeQuery: dataBaseConnection.dataBase.executeQuery is PASSED

2018-07-16 13:17:44 - [MESSAGE][PASSED] - dataBaseConnection.dataBase.executeQuery is PASSED

2018-07-16 13:17:44 - [TEST_STEP][PASSED] - dataBaseConnection.dataBase.closeDatabaseConnection: dataBaseConnection.dataBase.closeDatabaseConnection is PASSED

2018-07-16 13:17:44 - [MESSAGE][PASSED] - dataBaseConnection.dataBase.closeDatabaseConnection is PASSED

2018-07-16 13:17:44 - [TEST_STEP][PASSED] - callTestCase: Call Test Case 'Test Cases/CommonTestcases/Logout_Closebrowser' successfully

2018-07-16 13:17:44 - [TEST_CASE][PASSED] - Test Cases/CommonTestcases/Logout_Closebrowser: Test Cases/CommonTestcases/Logout_Closebrowser

2018-07-16 13:17:44 - [TEST_STEP][PASSED] - waitForElementPresent: Object 'Object Repository/OMVA_Landing_Page/User_icon' is present

2018-07-16 13:17:44 - [MESSAGE][PASSED] - Object 'Object Repository/OMVA_Landing_Page/User_icon' is present

2018-07-16 13:17:44 - [TEST_STEP][PASSED] - click: Object: 'Object Repository/OMVA_Landing_Page/User_icon' is clicked on

2018-07-16 13:17:44 - [MESSAGE][PASSED] - Object: 'Object Repository/OMVA_Landing_Page/User_icon' is clicked on

2018-07-16 13:17:44 - [TEST_STEP][PASSED] - waitForElementPresent: Object 'Object Repository/OMVA_Landing_Page/Logout_link' is present

2018-07-16 13:17:44 - [MESSAGE][PASSED] - Object 'Object Repository/OMVA_Landing_Page/Logout_link' is present

2018-07-16 13:17:44 - [TEST_STEP][PASSED] - click: Object: 'Object Repository/OMVA_Landing_Page/Logout_link' is clicked on

2018-07-16 13:17:44 - [MESSAGE][PASSED] - Object: 'Object Repository/OMVA_Landing_Page/Logout_link' is clicked on

2018-07-16 13:17:44 - [TEST_STEP][PASSED] - waitForElementNotPresent: Web element with id: 'Object Repository/OMVA_Landing_Page/User_icon' located by 'By.xpath: //img[@id='dropdown']' is not present after '15' second(s)

2018-07-16 13:17:44 - [MESSAGE][WARNING] - Timeout '0' is invalid. Using default page load timeout: '15'

2018-07-16 13:17:45 - [MESSAGE][PASSED] - Web element with id: 'Object Repository/OMVA_Landing_Page/User_icon' located by 'By.xpath: //img[@id='dropdown']' is not present after '15' second(s)

2018-07-16 13:17:45 - [TEST_STEP][PASSED] - closeBrowser: Browser is closed

2018-07-16 13:17:46 - [MESSAGE][PASSED] - Browser is closed

2018-07-16 13:17:46 - [MESSAGE][PASSED] - Call Test Case 'Test Cases/CommonTestcases/Logout_Closebrowser' successfully]]></system-out>
         <system-err><![CDATA[]]></system-err>
      </testcase>
      <testcase name="Test Cases/UserManagementTestCases/UserActions/Validate_Search_EmailID" classname="Test Cases/UserManagementTestCases/UserActions/Validate_Search_EmailID" status="PASSED">
         <system-out><![CDATA[2018-07-16 13:17:46 - [TEST_CASE][PASSED] - Test Cases/UserManagementTestCases/UserActions/Validate_Search_EmailID: Test Cases/UserManagementTestCases/UserActions/Validate_Search_EmailID

2018-07-16 13:17:46 - [TEST_STEP][PASSED] - callTestCase: Call Test Case 'Test Cases/CommonTestcases/OpenBrowserandNavigateToQAURL' successfully

2018-07-16 13:17:46 - [TEST_CASE][PASSED] - Test Cases/CommonTestcases/OpenBrowserandNavigateToQAURL: Test Cases/CommonTestcases/OpenBrowserandNavigateToQAURL

2018-07-16 13:17:46 - [TEST_STEP][PASSED] - openBrowser: Browser is opened with url: ''

2018-07-16 13:17:48 - [MESSAGE][PASSED] - Browser is opened with url: ''

2018-07-16 13:17:48 - [TEST_STEP][PASSED] - navigateToUrl: Navigate to 'https://coa-demo-env.azurewebsites.net/da/index.html#/login' successfully

2018-07-16 13:17:54 - [MESSAGE][PASSED] - Navigate to 'https://coa-demo-env.azurewebsites.net/da/index.html#/login' successfully

2018-07-16 13:17:54 - [TEST_STEP][PASSED] - maximizeWindow: Current window maximized

2018-07-16 13:17:55 - [MESSAGE][PASSED] - Current window maximized

2018-07-16 13:17:55 - [MESSAGE][PASSED] - Call Test Case 'Test Cases/CommonTestcases/OpenBrowserandNavigateToQAURL' successfully

2018-07-16 13:17:55 - [TEST_STEP][PASSED] - waitForElementVisible: Object 'Object Repository/OMVA_Login_Page/Username_Textbox' is visible

2018-07-16 13:17:55 - [MESSAGE][PASSED] - Object 'Object Repository/OMVA_Login_Page/Username_Textbox' is visible

2018-07-16 13:17:55 - [TEST_STEP][PASSED] - sendKeys: Keys 'SuperAdmin' sent to object: 'Object Repository/OMVA_Login_Page/Username_Textbox'

2018-07-16 13:17:55 - [MESSAGE][PASSED] - Keys 'SuperAdmin' sent to object: 'Object Repository/OMVA_Login_Page/Username_Textbox'

2018-07-16 13:17:55 - [TEST_STEP][PASSED] - click: Object: 'Object Repository/OMVA_Login_Page/Next_Button' is clicked on

2018-07-16 13:17:55 - [MESSAGE][PASSED] - Object: 'Object Repository/OMVA_Login_Page/Next_Button' is clicked on

2018-07-16 13:17:55 - [TEST_STEP][PASSED] - waitForElementVisible: Object 'Object Repository/OMVA_Login_Page/Password_Textbox' is visible

2018-07-16 13:17:56 - [MESSAGE][PASSED] - Object 'Object Repository/OMVA_Login_Page/Password_Textbox' is visible

2018-07-16 13:17:56 - [TEST_STEP][PASSED] - sendKeys: Keys 'SuperAdmin' sent to object: 'Object Repository/OMVA_Login_Page/Password_Textbox'

2018-07-16 13:17:56 - [MESSAGE][PASSED] - Keys 'SuperAdmin' sent to object: 'Object Repository/OMVA_Login_Page/Password_Textbox'

2018-07-16 13:17:56 - [TEST_STEP][PASSED] - click: Object: 'Object Repository/OMVA_Login_Page/Signin_Button' is clicked on

2018-07-16 13:17:56 - [MESSAGE][PASSED] - Object: 'Object Repository/OMVA_Login_Page/Signin_Button' is clicked on

2018-07-16 13:17:56 - [TEST_STEP][PASSED] - waitForPageLoad: Wait for page load successfully

2018-07-16 13:17:56 - [MESSAGE][PASSED] - Wait for page load successfully

2018-07-16 13:17:56 - [TEST_STEP][PASSED] - delay: Delayed 5 second(s)

2018-07-16 13:18:01 - [MESSAGE][PASSED] - Delayed 5 second(s)

2018-07-16 13:18:01 - [TEST_STEP][PASSED] - waitForElementPresent: Object 'Object Repository/OMVA_Landing_Page/CreateUser_Button' is present

2018-07-16 13:18:01 - [MESSAGE][PASSED] - Object 'Object Repository/OMVA_Landing_Page/CreateUser_Button' is present

2018-07-16 13:18:01 - [TEST_STEP][PASSED] - click: Object: 'Object Repository/OMVA_Landing_Page/CreateUser_Button' is clicked on

2018-07-16 13:18:02 - [MESSAGE][PASSED] - Object: 'Object Repository/OMVA_Landing_Page/CreateUser_Button' is clicked on

2018-07-16 13:18:02 - [TEST_STEP][PASSED] - delay: Delayed 3 second(s)

2018-07-16 13:18:05 - [MESSAGE][PASSED] - Delayed 3 second(s)

2018-07-16 13:18:05 - [TEST_STEP][PASSED] - waitForElementPresent: Object 'Object Repository/OMVA_UserManagement_Page/Role_Dropdown' is present

2018-07-16 13:18:05 - [MESSAGE][PASSED] - Object 'Object Repository/OMVA_UserManagement_Page/Role_Dropdown' is present

2018-07-16 13:18:05 - [TEST_STEP][PASSED] - Statement - If (true): null

2018-07-16 13:18:05 - [TEST_STEP][PASSED] - click: Object: 'Object Repository/OMVA_UserManagement_Page/Role_Dropdown' is clicked on

2018-07-16 13:18:05 - [MESSAGE][PASSED] - Object: 'Object Repository/OMVA_UserManagement_Page/Role_Dropdown' is clicked on

2018-07-16 13:18:05 - [TEST_STEP][PASSED] - Statement - assert true: null

2018-07-16 13:18:05 - [TEST_STEP][PASSED] - scrollToElement: Scroll to object 'Object Repository/OMVA_UserManagement_Page/DropdownOption_RoleDropdown_Market Admin' successfully

2018-07-16 13:18:05 - [MESSAGE][WARNING] - Timeout '0' is invalid. Using default page load timeout: '15'

2018-07-16 13:18:05 - [MESSAGE][PASSED] - Scroll to object 'Object Repository/OMVA_UserManagement_Page/DropdownOption_RoleDropdown_Market Admin' successfully

2018-07-16 13:18:05 - [TEST_STEP][PASSED] - click: Object: 'Object Repository/OMVA_UserManagement_Page/DropdownOption_RoleDropdown_Market Admin' is clicked on

2018-07-16 13:18:05 - [MESSAGE][PASSED] - Object: 'Object Repository/OMVA_UserManagement_Page/DropdownOption_RoleDropdown_Market Admin' is clicked on

2018-07-16 13:18:05 - [TEST_STEP][PASSED] - Statement - username = CustomKeywords.commonLibrary.commonFunctions.randomStringFunction("abcdefghijklmnopqrstuvwxyz", 6): commonLibrary.commonFunctions.randomStringFunction is PASSED

2018-07-16 13:18:05 - [MESSAGE][PASSED] - commonLibrary.commonFunctions.randomStringFunction is PASSED

2018-07-16 13:18:05 - [TEST_STEP][PASSED] - Statement - uname = username.toString(): null

2018-07-16 13:18:05 - [TEST_STEP][PASSED] - sendKeys: Keys 'wuttph' sent to object: 'Object Repository/OMVA_UserManagement_Page/UserName_Textbox'

2018-07-16 13:18:05 - [MESSAGE][PASSED] - Keys 'wuttph' sent to object: 'Object Repository/OMVA_UserManagement_Page/UserName_Textbox'

2018-07-16 13:18:05 - [TEST_STEP][PASSED] - Statement - emailidprefix = CustomKeywords.commonLibrary.commonFunctions.randomStringFunction("abcdefghijklmnopqrstuvwxyz", 9): commonLibrary.commonFunctions.randomStringFunction is PASSED

2018-07-16 13:18:05 - [MESSAGE][PASSED] - commonLibrary.commonFunctions.randomStringFunction is PASSED

2018-07-16 13:18:05 - [TEST_STEP][PASSED] - sendKeys: Keys 'wphpzguxn@autotestpg.com' sent to object: 'Object Repository/OMVA_UserManagement_Page/EmailID_Textbox'

2018-07-16 13:18:06 - [MESSAGE][PASSED] - Keys 'wphpzguxn@autotestpg.com' sent to object: 'Object Repository/OMVA_UserManagement_Page/EmailID_Textbox'

2018-07-16 13:18:06 - [TEST_STEP][PASSED] - Statement - EmailId = emailidprefix.toString(): null

2018-07-16 13:18:06 - [TEST_STEP][PASSED] - Statement - firstname = CustomKeywords.commonLibrary.commonFunctions.randomStringFunction("abcdefghijklmnopqrstuvwxyz", 7): commonLibrary.commonFunctions.randomStringFunction is PASSED

2018-07-16 13:18:06 - [MESSAGE][PASSED] - commonLibrary.commonFunctions.randomStringFunction is PASSED

2018-07-16 13:18:06 - [TEST_STEP][PASSED] - sendKeys: Keys 'ghktwia' sent to object: 'Object Repository/OMVA_UserManagement_Page/FirstName_Textbox'

2018-07-16 13:18:06 - [MESSAGE][PASSED] - Keys 'ghktwia' sent to object: 'Object Repository/OMVA_UserManagement_Page/FirstName_Textbox'

2018-07-16 13:18:06 - [TEST_STEP][PASSED] - Statement - lastname = CustomKeywords.commonLibrary.commonFunctions.randomStringFunction("abcdefghijklmnopqrstuvwxyz", 7): commonLibrary.commonFunctions.randomStringFunction is PASSED

2018-07-16 13:18:06 - [MESSAGE][PASSED] - commonLibrary.commonFunctions.randomStringFunction is PASSED

2018-07-16 13:18:06 - [TEST_STEP][PASSED] - sendKeys: Keys 'yqrdxhu' sent to object: 'Object Repository/OMVA_UserManagement_Page/LastName_Textbox'

2018-07-16 13:18:06 - [MESSAGE][PASSED] - Keys 'yqrdxhu' sent to object: 'Object Repository/OMVA_UserManagement_Page/LastName_Textbox'

2018-07-16 13:18:06 - [TEST_STEP][PASSED] - Statement - ticketnum = CustomKeywords.commonLibrary.commonFunctions.randomStringFunction("123456789", 7): commonLibrary.commonFunctions.randomStringFunction is PASSED

2018-07-16 13:18:06 - [MESSAGE][PASSED] - commonLibrary.commonFunctions.randomStringFunction is PASSED

2018-07-16 13:18:06 - [TEST_STEP][PASSED] - sendKeys: Keys '1786417' sent to object: 'Object Repository/OMVA_UserManagement_Page/TicketNumber_Textbox'

2018-07-16 13:18:07 - [MESSAGE][PASSED] - Keys '1786417' sent to object: 'Object Repository/OMVA_UserManagement_Page/TicketNumber_Textbox'

2018-07-16 13:18:07 - [TEST_STEP][PASSED] - click: Object: 'Object Repository/OMVA_UserManagement_Page/Next_Button' is clicked on

2018-07-16 13:18:07 - [MESSAGE][PASSED] - Object: 'Object Repository/OMVA_UserManagement_Page/Next_Button' is clicked on

2018-07-16 13:18:07 - [TEST_STEP][PASSED] - applicationLibrary.checkboxMultiselection.multiselectCheckbox: applicationLibrary.checkboxMultiselection.multiselectCheckbox is PASSED

2018-07-16 13:18:09 - [MESSAGE][PASSED] - applicationLibrary.checkboxMultiselection.multiselectCheckbox is PASSED

2018-07-16 13:18:09 - [TEST_STEP][PASSED] - scrollToElement: Scroll to object 'Object Repository/OMVA_UserManagement_Page/Customer_Next_Btn' successfully

2018-07-16 13:18:09 - [MESSAGE][PASSED] - Scroll to object 'Object Repository/OMVA_UserManagement_Page/Customer_Next_Btn' successfully

2018-07-16 13:18:09 - [TEST_STEP][PASSED] - click: Object: 'Object Repository/OMVA_UserManagement_Page/Customer_Next_Btn' is clicked on

2018-07-16 13:18:09 - [MESSAGE][PASSED] - Object: 'Object Repository/OMVA_UserManagement_Page/Customer_Next_Btn' is clicked on

2018-07-16 13:18:09 - [TEST_STEP][PASSED] - applicationLibrary.checkboxMultiselection.multiselectCheckbox: applicationLibrary.checkboxMultiselection.multiselectCheckbox is PASSED

2018-07-16 13:18:11 - [MESSAGE][PASSED] - applicationLibrary.checkboxMultiselection.multiselectCheckbox is PASSED

2018-07-16 13:18:11 - [TEST_STEP][PASSED] - click: Object: 'Object Repository/OMVA_UserManagement_Page/UserCreation_Save_Btn' is clicked on

2018-07-16 13:18:11 - [MESSAGE][PASSED] - Object: 'Object Repository/OMVA_UserManagement_Page/UserCreation_Save_Btn' is clicked on

2018-07-16 13:18:11 - [TEST_STEP][PASSED] - waitForElementPresent: Object 'Object Repository/OMVA_UserManagement_Page/UserCreation_HeaderTxt' is present

2018-07-16 13:18:12 - [MESSAGE][PASSED] - Object 'Object Repository/OMVA_UserManagement_Page/UserCreation_HeaderTxt' is present

2018-07-16 13:18:12 - [TEST_STEP][PASSED] - verifyElementText: Actual text and expected text of test object 'Object Repository/OMVA_UserManagement_Page/UserCreation_HeaderTxt' are matched.

2018-07-16 13:18:12 - [MESSAGE][PASSED] - Actual text and expected text of test object 'Object Repository/OMVA_UserManagement_Page/UserCreation_HeaderTxt' are matched.

2018-07-16 13:18:12 - [TEST_STEP][PASSED] - verifyElementText: Actual text and expected text of test object 'Object Repository/OMVA_UserManagement_Page/UserCreation_ContentTxt' are matched.

2018-07-16 13:18:12 - [MESSAGE][PASSED] - Actual text and expected text of test object 'Object Repository/OMVA_UserManagement_Page/UserCreation_ContentTxt' are matched.

2018-07-16 13:18:12 - [TEST_STEP][PASSED] - delay: Delayed 5 second(s)

2018-07-16 13:18:17 - [MESSAGE][PASSED] - Delayed 5 second(s)

2018-07-16 13:18:17 - [TEST_STEP][PASSED] - waitForElementVisible: Object 'Object Repository/OMVA_EditUser_Page/EditUser_OkPopupButton' is visible

2018-07-16 13:18:17 - [MESSAGE][PASSED] - Object 'Object Repository/OMVA_EditUser_Page/EditUser_OkPopupButton' is visible

2018-07-16 13:18:17 - [TEST_STEP][PASSED] - click: Object: 'Object Repository/OMVA_EditUser_Page/EditUser_OkPopupButton' is clicked on

2018-07-16 13:18:17 - [MESSAGE][PASSED] - Object: 'Object Repository/OMVA_EditUser_Page/EditUser_OkPopupButton' is clicked on

2018-07-16 13:18:17 - [TEST_STEP][PASSED] - delay: Delayed 5 second(s)

2018-07-16 13:18:22 - [MESSAGE][PASSED] - Delayed 5 second(s)

2018-07-16 13:18:22 - [TEST_STEP][PASSED] - waitForElementVisible: Object 'Object Repository/OMVA_UserManagement_Page/Search_button' is visible

2018-07-16 13:18:23 - [MESSAGE][PASSED] - Object 'Object Repository/OMVA_UserManagement_Page/Search_button' is visible

2018-07-16 13:18:23 - [TEST_STEP][PASSED] - click: Object: 'Object Repository/OMVA_UserManagement_Page/Search_button' is clicked on

2018-07-16 13:18:23 - [MESSAGE][PASSED] - Object: 'Object Repository/OMVA_UserManagement_Page/Search_button' is clicked on

2018-07-16 13:18:23 - [TEST_STEP][PASSED] - waitForElementVisible: Object 'Object Repository/OMVA_UserManagement_Page/Enter_Text_Search' is visible

2018-07-16 13:18:23 - [MESSAGE][PASSED] - Object 'Object Repository/OMVA_UserManagement_Page/Enter_Text_Search' is visible

2018-07-16 13:18:23 - [TEST_STEP][PASSED] - sendKeys: Keys 'wphpzguxn' sent to object: 'Object Repository/OMVA_UserManagement_Page/Enter_Text_Search'

2018-07-16 13:18:24 - [MESSAGE][PASSED] - Keys 'wphpzguxn' sent to object: 'Object Repository/OMVA_UserManagement_Page/Enter_Text_Search'

2018-07-16 13:18:24 - [TEST_STEP][PASSED] - delay: Delayed 4 second(s)

2018-07-16 13:18:28 - [MESSAGE][PASSED] - Delayed 4 second(s)

2018-07-16 13:18:28 - [TEST_STEP][PASSED] - waitForElementVisible: Object 'Object Repository/OMVA_Landing_Page/Email_grid' is visible

2018-07-16 13:18:28 - [MESSAGE][PASSED] - Object 'Object Repository/OMVA_Landing_Page/Email_grid' is visible

2018-07-16 13:18:28 - [TEST_STEP][PASSED] - Statement - emailNameText = com.kms.katalon.core.webui.keyword.WebUiBuiltInKeywords.getText(com.kms.katalon.core.testobject.ObjectRepository.findTestObject(OMVA_Landing_Page/Email_grid)): Text of object 'Object Repository/OMVA_Landing_Page/Email_grid' is: 'wphpzguxn@autotestpg.com'

2018-07-16 13:18:28 - [MESSAGE][PASSED] - Text of object 'Object Repository/OMVA_Landing_Page/Email_grid' is: 'wphpzguxn@autotestpg.com'

2018-07-16 13:18:28 - [TEST_STEP][PASSED] - verifyMatch: Actual text 'wphpzguxn@autotestpg.com' and expected text 'wphpzguxn@autotestpg.com' are matched 

2018-07-16 13:18:28 - [MESSAGE][PASSED] - Actual text 'wphpzguxn@autotestpg.com' and expected text 'wphpzguxn@autotestpg.com' are matched 

2018-07-16 13:18:28 - [TEST_STEP][PASSED] - dataBaseConnection.dataBase.connectDB: dataBaseConnection.dataBase.connectDB is PASSED

2018-07-16 13:18:28 - [MESSAGE][PASSED] - dataBaseConnection.dataBase.connectDB is PASSED

2018-07-16 13:18:28 - [TEST_STEP][PASSED] - dataBaseConnection.dataBase.executeQuery: dataBaseConnection.dataBase.executeQuery is PASSED

2018-07-16 13:18:28 - [MESSAGE][PASSED] - dataBaseConnection.dataBase.executeQuery is PASSED

2018-07-16 13:18:28 - [TEST_STEP][PASSED] - dataBaseConnection.dataBase.closeDatabaseConnection: dataBaseConnection.dataBase.closeDatabaseConnection is PASSED

2018-07-16 13:18:28 - [MESSAGE][PASSED] - dataBaseConnection.dataBase.closeDatabaseConnection is PASSED

2018-07-16 13:18:28 - [TEST_STEP][PASSED] - callTestCase: Call Test Case 'Test Cases/CommonTestcases/Logout_Closebrowser' successfully

2018-07-16 13:18:28 - [TEST_CASE][PASSED] - Test Cases/CommonTestcases/Logout_Closebrowser: Test Cases/CommonTestcases/Logout_Closebrowser

2018-07-16 13:18:28 - [TEST_STEP][PASSED] - waitForElementPresent: Object 'Object Repository/OMVA_Landing_Page/User_icon' is present

2018-07-16 13:18:28 - [MESSAGE][PASSED] - Object 'Object Repository/OMVA_Landing_Page/User_icon' is present

2018-07-16 13:18:28 - [TEST_STEP][PASSED] - click: Object: 'Object Repository/OMVA_Landing_Page/User_icon' is clicked on

2018-07-16 13:18:29 - [MESSAGE][PASSED] - Object: 'Object Repository/OMVA_Landing_Page/User_icon' is clicked on

2018-07-16 13:18:29 - [TEST_STEP][PASSED] - waitForElementPresent: Object 'Object Repository/OMVA_Landing_Page/Logout_link' is present

2018-07-16 13:18:29 - [MESSAGE][PASSED] - Object 'Object Repository/OMVA_Landing_Page/Logout_link' is present

2018-07-16 13:18:29 - [TEST_STEP][PASSED] - click: Object: 'Object Repository/OMVA_Landing_Page/Logout_link' is clicked on

2018-07-16 13:18:29 - [MESSAGE][PASSED] - Object: 'Object Repository/OMVA_Landing_Page/Logout_link' is clicked on

2018-07-16 13:18:29 - [TEST_STEP][PASSED] - waitForElementNotPresent: Web element with id: 'Object Repository/OMVA_Landing_Page/User_icon' located by 'By.xpath: //img[@id='dropdown']' is not present after '15' second(s)

2018-07-16 13:18:29 - [MESSAGE][WARNING] - Timeout '0' is invalid. Using default page load timeout: '15'

2018-07-16 13:18:29 - [MESSAGE][PASSED] - Web element with id: 'Object Repository/OMVA_Landing_Page/User_icon' located by 'By.xpath: //img[@id='dropdown']' is not present after '15' second(s)

2018-07-16 13:18:29 - [TEST_STEP][PASSED] - closeBrowser: Browser is closed

2018-07-16 13:18:30 - [MESSAGE][PASSED] - Browser is closed

2018-07-16 13:18:30 - [MESSAGE][PASSED] - Call Test Case 'Test Cases/CommonTestcases/Logout_Closebrowser' successfully]]></system-out>
         <system-err><![CDATA[]]></system-err>
      </testcase>
      <testcase name="Test Cases/UserManagementTestCases/UserActions/Validate_RoleBasedOnFilter" classname="Test Cases/UserManagementTestCases/UserActions/Validate_RoleBasedOnFilter" status="PASSED">
         <system-out><![CDATA[2018-07-16 13:18:30 - [TEST_CASE][PASSED] - Test Cases/UserManagementTestCases/UserActions/Validate_RoleBasedOnFilter: Test Cases/UserManagementTestCases/UserActions/Validate_RoleBasedOnFilter

2018-07-16 13:18:30 - [TEST_STEP][PASSED] - callTestCase: Call Test Case 'Test Cases/CommonTestcases/OpenBrowserandNavigateToQAURL' successfully

2018-07-16 13:18:30 - [TEST_CASE][PASSED] - Test Cases/CommonTestcases/OpenBrowserandNavigateToQAURL: Test Cases/CommonTestcases/OpenBrowserandNavigateToQAURL

2018-07-16 13:18:30 - [TEST_STEP][PASSED] - openBrowser: Browser is opened with url: ''

2018-07-16 13:18:33 - [MESSAGE][PASSED] - Browser is opened with url: ''

2018-07-16 13:18:33 - [TEST_STEP][PASSED] - navigateToUrl: Navigate to 'https://coa-demo-env.azurewebsites.net/da/index.html#/login' successfully

2018-07-16 13:18:37 - [MESSAGE][PASSED] - Navigate to 'https://coa-demo-env.azurewebsites.net/da/index.html#/login' successfully

2018-07-16 13:18:37 - [TEST_STEP][PASSED] - maximizeWindow: Current window maximized

2018-07-16 13:18:39 - [MESSAGE][PASSED] - Current window maximized

2018-07-16 13:18:39 - [MESSAGE][PASSED] - Call Test Case 'Test Cases/CommonTestcases/OpenBrowserandNavigateToQAURL' successfully

2018-07-16 13:18:39 - [TEST_STEP][PASSED] - waitForElementPresent: Object 'Object Repository/OMVA_Login_Page/Username_Textbox' is present

2018-07-16 13:18:39 - [MESSAGE][PASSED] - Object 'Object Repository/OMVA_Login_Page/Username_Textbox' is present

2018-07-16 13:18:39 - [TEST_STEP][PASSED] - sendKeys: Keys 'SuperAdmin' sent to object: 'Object Repository/OMVA_Login_Page/Username_Textbox'

2018-07-16 13:18:39 - [MESSAGE][PASSED] - Keys 'SuperAdmin' sent to object: 'Object Repository/OMVA_Login_Page/Username_Textbox'

2018-07-16 13:18:39 - [TEST_STEP][PASSED] - click: Object: 'Object Repository/OMVA_Login_Page/Next_Button' is clicked on

2018-07-16 13:18:39 - [MESSAGE][PASSED] - Object: 'Object Repository/OMVA_Login_Page/Next_Button' is clicked on

2018-07-16 13:18:39 - [TEST_STEP][PASSED] - waitForElementVisible: Object 'Object Repository/OMVA_Login_Page/Password_Textbox' is visible

2018-07-16 13:18:40 - [MESSAGE][PASSED] - Object 'Object Repository/OMVA_Login_Page/Password_Textbox' is visible

2018-07-16 13:18:40 - [TEST_STEP][PASSED] - sendKeys: Keys 'SuperAdmin' sent to object: 'Object Repository/OMVA_Login_Page/Password_Textbox'

2018-07-16 13:18:40 - [MESSAGE][PASSED] - Keys 'SuperAdmin' sent to object: 'Object Repository/OMVA_Login_Page/Password_Textbox'

2018-07-16 13:18:40 - [TEST_STEP][PASSED] - click: Object: 'Object Repository/OMVA_Login_Page/Signin_Button' is clicked on

2018-07-16 13:18:40 - [MESSAGE][PASSED] - Object: 'Object Repository/OMVA_Login_Page/Signin_Button' is clicked on

2018-07-16 13:18:40 - [TEST_STEP][PASSED] - waitForAngularLoad: This page doesn't use Angular.

2018-07-16 13:18:40 - [MESSAGE][WARNING] - This page doesn't use Angular.

2018-07-16 13:18:40 - [TEST_STEP][PASSED] - delay: Delayed 4 second(s)

2018-07-16 13:18:44 - [MESSAGE][PASSED] - Delayed 4 second(s)

2018-07-16 13:18:44 - [TEST_STEP][PASSED] - waitForElementVisible: Object 'Object Repository/OMVA_Landing_Page/Filter_Icon' is visible

2018-07-16 13:18:45 - [MESSAGE][PASSED] - Object 'Object Repository/OMVA_Landing_Page/Filter_Icon' is visible

2018-07-16 13:18:45 - [TEST_STEP][PASSED] - Statement - assert true: null

2018-07-16 13:18:45 - [TEST_STEP][PASSED] - click: Object: 'Object Repository/OMVA_Landing_Page/Filter_Icon' is clicked on

2018-07-16 13:18:45 - [MESSAGE][PASSED] - Object: 'Object Repository/OMVA_Landing_Page/Filter_Icon' is clicked on

2018-07-16 13:18:45 - [TEST_STEP][PASSED] - waitForElementVisible: Object 'Object Repository/OMVA_AdvancedFilter_Page/chkbox_MarketAdminAdvancedFilter' is visible

2018-07-16 13:18:45 - [MESSAGE][PASSED] - Object 'Object Repository/OMVA_AdvancedFilter_Page/chkbox_MarketAdminAdvancedFilter' is visible

2018-07-16 13:18:45 - [TEST_STEP][PASSED] - click: Object: 'Object Repository/OMVA_AdvancedFilter_Page/chkbox_MarketAdminAdvancedFilter' is clicked on

2018-07-16 13:18:46 - [MESSAGE][PASSED] - Object: 'Object Repository/OMVA_AdvancedFilter_Page/chkbox_MarketAdminAdvancedFilter' is clicked on

2018-07-16 13:18:46 - [TEST_STEP][PASSED] - waitForElementVisible: Object 'Object Repository/OMVA_AdvancedFilter_Page/ApplyButton' is visible

2018-07-16 13:18:46 - [MESSAGE][PASSED] - Object 'Object Repository/OMVA_AdvancedFilter_Page/ApplyButton' is visible

2018-07-16 13:18:46 - [TEST_STEP][PASSED] - click: Object: 'Object Repository/OMVA_AdvancedFilter_Page/ApplyButton' is clicked on

2018-07-16 13:18:46 - [MESSAGE][PASSED] - Object: 'Object Repository/OMVA_AdvancedFilter_Page/ApplyButton' is clicked on

2018-07-16 13:18:46 - [TEST_STEP][PASSED] - waitForElementVisible: Object 'Object Repository/OMVA_Landing_Page/MarketAdmin_Role' is visible

2018-07-16 13:18:46 - [MESSAGE][PASSED] - Object 'Object Repository/OMVA_Landing_Page/MarketAdmin_Role' is visible

2018-07-16 13:18:46 - [TEST_STEP][PASSED] - Statement - marketAdmin = com.kms.katalon.core.webui.keyword.WebUiBuiltInKeywords.getText(com.kms.katalon.core.testobject.ObjectRepository.findTestObject(OMVA_Landing_Page/MarketAdmin_Role)): Text of object 'Object Repository/OMVA_Landing_Page/MarketAdmin_Role' is: 'Market Admin'

2018-07-16 13:18:46 - [MESSAGE][PASSED] - Text of object 'Object Repository/OMVA_Landing_Page/MarketAdmin_Role' is: 'Market Admin'

2018-07-16 13:18:46 - [TEST_STEP][PASSED] - verifyMatch: Actual text 'Market Admin' and expected text 'Market Admin' are matched 

2018-07-16 13:18:46 - [MESSAGE][PASSED] - Actual text 'Market Admin' and expected text 'Market Admin' are matched 

2018-07-16 13:18:46 - [TEST_STEP][PASSED] - closeBrowser: Browser is closed

2018-07-16 13:18:47 - [MESSAGE][PASSED] - Browser is closed]]></system-out>
         <system-err><![CDATA[]]></system-err>
      </testcase>
      <testcase name="Test Cases/UserManagementTestCases/UserActions/VerifyErrorMessageDialogBox" classname="Test Cases/UserManagementTestCases/UserActions/VerifyErrorMessageDialogBox" status="PASSED">
         <system-out><![CDATA[2018-07-16 13:18:47 - [TEST_CASE][PASSED] - Test Cases/UserManagementTestCases/UserActions/VerifyErrorMessageDialogBox: Test Cases/UserManagementTestCases/UserActions/VerifyErrorMessageDialogBox

2018-07-16 13:18:47 - [TEST_STEP][PASSED] - callTestCase: Call Test Case 'Test Cases/CommonTestcases/OpenBrowserandNavigateToQAURL' successfully

2018-07-16 13:18:47 - [TEST_CASE][PASSED] - Test Cases/CommonTestcases/OpenBrowserandNavigateToQAURL: Test Cases/CommonTestcases/OpenBrowserandNavigateToQAURL

2018-07-16 13:18:47 - [TEST_STEP][PASSED] - openBrowser: Browser is opened with url: ''

2018-07-16 13:18:49 - [MESSAGE][PASSED] - Browser is opened with url: ''

2018-07-16 13:18:49 - [TEST_STEP][PASSED] - navigateToUrl: Navigate to 'https://coa-demo-env.azurewebsites.net/da/index.html#/login' successfully

2018-07-16 13:18:54 - [MESSAGE][PASSED] - Navigate to 'https://coa-demo-env.azurewebsites.net/da/index.html#/login' successfully

2018-07-16 13:18:54 - [TEST_STEP][PASSED] - maximizeWindow: Current window maximized

2018-07-16 13:18:56 - [MESSAGE][PASSED] - Current window maximized

2018-07-16 13:18:56 - [MESSAGE][PASSED] - Call Test Case 'Test Cases/CommonTestcases/OpenBrowserandNavigateToQAURL' successfully

2018-07-16 13:18:56 - [TEST_STEP][PASSED] - waitForElementVisible: Object 'Object Repository/OMVA_Login_Page/Username_Textbox' is visible

2018-07-16 13:18:56 - [MESSAGE][PASSED] - Object 'Object Repository/OMVA_Login_Page/Username_Textbox' is visible

2018-07-16 13:18:56 - [TEST_STEP][PASSED] - sendKeys: Keys 'SuperAdmin' sent to object: 'Object Repository/OMVA_Login_Page/Username_Textbox'

2018-07-16 13:18:56 - [MESSAGE][PASSED] - Keys 'SuperAdmin' sent to object: 'Object Repository/OMVA_Login_Page/Username_Textbox'

2018-07-16 13:18:56 - [TEST_STEP][PASSED] - click: Object: 'Object Repository/OMVA_Login_Page/Next_Button' is clicked on

2018-07-16 13:18:56 - [MESSAGE][PASSED] - Object: 'Object Repository/OMVA_Login_Page/Next_Button' is clicked on

2018-07-16 13:18:56 - [TEST_STEP][PASSED] - waitForElementVisible: Object 'Object Repository/OMVA_Login_Page/Password_Textbox' is visible

2018-07-16 13:18:57 - [MESSAGE][PASSED] - Object 'Object Repository/OMVA_Login_Page/Password_Textbox' is visible

2018-07-16 13:18:57 - [TEST_STEP][PASSED] - sendKeys: Keys 'SuperAdmin' sent to object: 'Object Repository/OMVA_Login_Page/Password_Textbox'

2018-07-16 13:18:57 - [MESSAGE][PASSED] - Keys 'SuperAdmin' sent to object: 'Object Repository/OMVA_Login_Page/Password_Textbox'

2018-07-16 13:18:57 - [TEST_STEP][PASSED] - click: Object: 'Object Repository/OMVA_Login_Page/Signin_Button' is clicked on

2018-07-16 13:18:57 - [MESSAGE][PASSED] - Object: 'Object Repository/OMVA_Login_Page/Signin_Button' is clicked on

2018-07-16 13:18:57 - [TEST_STEP][PASSED] - waitForPageLoad: Wait for page load successfully

2018-07-16 13:18:57 - [MESSAGE][PASSED] - Wait for page load successfully

2018-07-16 13:18:57 - [TEST_STEP][PASSED] - delay: Delayed 5 second(s)

2018-07-16 13:19:02 - [MESSAGE][PASSED] - Delayed 5 second(s)

2018-07-16 13:19:02 - [TEST_STEP][PASSED] - waitForElementPresent: Object 'Object Repository/OMVA_Landing_Page/CreateUser_Button' is present

2018-07-16 13:19:02 - [MESSAGE][PASSED] - Object 'Object Repository/OMVA_Landing_Page/CreateUser_Button' is present

2018-07-16 13:19:02 - [TEST_STEP][PASSED] - click: Object: 'Object Repository/OMVA_Landing_Page/CreateUser_Button' is clicked on

2018-07-16 13:19:03 - [MESSAGE][PASSED] - Object: 'Object Repository/OMVA_Landing_Page/CreateUser_Button' is clicked on

2018-07-16 13:19:03 - [TEST_STEP][PASSED] - delay: Delayed 3 second(s)

2018-07-16 13:19:06 - [MESSAGE][PASSED] - Delayed 3 second(s)

2018-07-16 13:19:06 - [TEST_STEP][PASSED] - waitForElementPresent: Object 'Object Repository/OMVA_UserManagement_Page/Role_Dropdown' is present

2018-07-16 13:19:06 - [MESSAGE][PASSED] - Object 'Object Repository/OMVA_UserManagement_Page/Role_Dropdown' is present

2018-07-16 13:19:06 - [TEST_STEP][PASSED] - click: Object: 'Object Repository/OMVA_UserManagement_Page/Role_Dropdown' is clicked on

2018-07-16 13:19:06 - [MESSAGE][PASSED] - Object: 'Object Repository/OMVA_UserManagement_Page/Role_Dropdown' is clicked on

2018-07-16 13:19:06 - [TEST_STEP][PASSED] - Statement - assert true: null

2018-07-16 13:19:06 - [TEST_STEP][PASSED] - scrollToElement: Scroll to object 'Object Repository/OMVA_UserManagement_Page/DropdownOption_RoleDropdown_Market Admin' successfully

2018-07-16 13:19:06 - [MESSAGE][WARNING] - Timeout '0' is invalid. Using default page load timeout: '15'

2018-07-16 13:19:06 - [MESSAGE][PASSED] - Scroll to object 'Object Repository/OMVA_UserManagement_Page/DropdownOption_RoleDropdown_Market Admin' successfully

2018-07-16 13:19:06 - [TEST_STEP][PASSED] - click: Object: 'Object Repository/OMVA_UserManagement_Page/DropdownOption_RoleDropdown_Market Admin' is clicked on

2018-07-16 13:19:06 - [MESSAGE][PASSED] - Object: 'Object Repository/OMVA_UserManagement_Page/DropdownOption_RoleDropdown_Market Admin' is clicked on

2018-07-16 13:19:06 - [TEST_STEP][PASSED] - Statement - username = CustomKeywords.commonLibrary.commonFunctions.randomStringFunction("abcdefghijklmnopqrstuvwxyz", 6): commonLibrary.commonFunctions.randomStringFunction is PASSED

2018-07-16 13:19:06 - [MESSAGE][PASSED] - commonLibrary.commonFunctions.randomStringFunction is PASSED

2018-07-16 13:19:06 - [TEST_STEP][PASSED] - Statement - uname = username.toString(): null

2018-07-16 13:19:06 - [TEST_STEP][PASSED] - sendKeys: Keys 'qvdldg' sent to object: 'Object Repository/OMVA_UserManagement_Page/UserName_Textbox'

2018-07-16 13:19:06 - [MESSAGE][PASSED] - Keys 'qvdldg' sent to object: 'Object Repository/OMVA_UserManagement_Page/UserName_Textbox'

2018-07-16 13:19:06 - [TEST_STEP][PASSED] - Statement - emailidprefix = CustomKeywords.commonLibrary.commonFunctions.randomStringFunction("abcdefghijklmnopqrstuvwxyz", 9): commonLibrary.commonFunctions.randomStringFunction is PASSED

2018-07-16 13:19:06 - [MESSAGE][PASSED] - commonLibrary.commonFunctions.randomStringFunction is PASSED

2018-07-16 13:19:06 - [TEST_STEP][PASSED] - sendKeys: Keys 'gvkjkvqjt@autotestpg.com' sent to object: 'Object Repository/OMVA_UserManagement_Page/EmailID_Textbox'

2018-07-16 13:19:07 - [MESSAGE][PASSED] - Keys 'gvkjkvqjt@autotestpg.com' sent to object: 'Object Repository/OMVA_UserManagement_Page/EmailID_Textbox'

2018-07-16 13:19:07 - [TEST_STEP][PASSED] - Statement - firstname = CustomKeywords.commonLibrary.commonFunctions.randomStringFunction("abcdefghijklmnopqrstuvwxyz", 7): commonLibrary.commonFunctions.randomStringFunction is PASSED

2018-07-16 13:19:07 - [MESSAGE][PASSED] - commonLibrary.commonFunctions.randomStringFunction is PASSED

2018-07-16 13:19:07 - [TEST_STEP][PASSED] - sendKeys: Keys 'kiziewm' sent to object: 'Object Repository/OMVA_UserManagement_Page/FirstName_Textbox'

2018-07-16 13:19:07 - [MESSAGE][PASSED] - Keys 'kiziewm' sent to object: 'Object Repository/OMVA_UserManagement_Page/FirstName_Textbox'

2018-07-16 13:19:07 - [TEST_STEP][PASSED] - Statement - lastname = CustomKeywords.commonLibrary.commonFunctions.randomStringFunction("abcdefghijklmnopqrstuvwxyz", 7): commonLibrary.commonFunctions.randomStringFunction is PASSED

2018-07-16 13:19:07 - [MESSAGE][PASSED] - commonLibrary.commonFunctions.randomStringFunction is PASSED

2018-07-16 13:19:07 - [TEST_STEP][PASSED] - sendKeys: Keys 'coflcuf' sent to object: 'Object Repository/OMVA_UserManagement_Page/LastName_Textbox'

2018-07-16 13:19:07 - [MESSAGE][PASSED] - Keys 'coflcuf' sent to object: 'Object Repository/OMVA_UserManagement_Page/LastName_Textbox'

2018-07-16 13:19:07 - [TEST_STEP][PASSED] - Statement - ticketnum = CustomKeywords.commonLibrary.commonFunctions.randomStringFunction("123456789", 7): commonLibrary.commonFunctions.randomStringFunction is PASSED

2018-07-16 13:19:07 - [MESSAGE][PASSED] - commonLibrary.commonFunctions.randomStringFunction is PASSED

2018-07-16 13:19:07 - [TEST_STEP][PASSED] - sendKeys: Keys '4342793' sent to object: 'Object Repository/OMVA_UserManagement_Page/TicketNumber_Textbox'

2018-07-16 13:19:07 - [MESSAGE][PASSED] - Keys '4342793' sent to object: 'Object Repository/OMVA_UserManagement_Page/TicketNumber_Textbox'

2018-07-16 13:19:07 - [TEST_STEP][PASSED] - click: Object: 'Object Repository/OMVA_UserManagement_Page/Next_Button' is clicked on

2018-07-16 13:19:07 - [MESSAGE][PASSED] - Object: 'Object Repository/OMVA_UserManagement_Page/Next_Button' is clicked on

2018-07-16 13:19:07 - [TEST_STEP][PASSED] - applicationLibrary.checkboxMultiselection.multiselectCheckbox: applicationLibrary.checkboxMultiselection.multiselectCheckbox is PASSED

2018-07-16 13:19:10 - [MESSAGE][PASSED] - applicationLibrary.checkboxMultiselection.multiselectCheckbox is PASSED

2018-07-16 13:19:10 - [TEST_STEP][PASSED] - scrollToElement: Scroll to object 'Object Repository/OMVA_UserManagement_Page/Customer_Next_Btn' successfully

2018-07-16 13:19:10 - [MESSAGE][PASSED] - Scroll to object 'Object Repository/OMVA_UserManagement_Page/Customer_Next_Btn' successfully

2018-07-16 13:19:10 - [TEST_STEP][PASSED] - click: Object: 'Object Repository/OMVA_UserManagement_Page/Customer_Next_Btn' is clicked on

2018-07-16 13:19:10 - [MESSAGE][PASSED] - Object: 'Object Repository/OMVA_UserManagement_Page/Customer_Next_Btn' is clicked on

2018-07-16 13:19:10 - [TEST_STEP][PASSED] - applicationLibrary.checkboxMultiselection.multiselectCheckbox: applicationLibrary.checkboxMultiselection.multiselectCheckbox is PASSED

2018-07-16 13:19:12 - [MESSAGE][PASSED] - applicationLibrary.checkboxMultiselection.multiselectCheckbox is PASSED

2018-07-16 13:19:12 - [TEST_STEP][PASSED] - waitForElementVisible: Object 'Object Repository/OMVA_UserManagement_Page/Cancel_button_customerselectionpage' is visible

2018-07-16 13:19:12 - [MESSAGE][PASSED] - Object 'Object Repository/OMVA_UserManagement_Page/Cancel_button_customerselectionpage' is visible

2018-07-16 13:19:12 - [TEST_STEP][PASSED] - click: Object: 'Object Repository/OMVA_UserManagement_Page/Cancel_button_customerselectionpage' is clicked on

2018-07-16 13:19:12 - [MESSAGE][PASSED] - Object: 'Object Repository/OMVA_UserManagement_Page/Cancel_button_customerselectionpage' is clicked on

2018-07-16 13:19:12 - [TEST_STEP][PASSED] - waitForElementVisible: Object 'Object Repository/OMVA_UserManagement_Page/Cancel_Button_Popup_HText' is visible

2018-07-16 13:19:13 - [MESSAGE][PASSED] - Object 'Object Repository/OMVA_UserManagement_Page/Cancel_Button_Popup_HText' is visible

2018-07-16 13:19:13 - [TEST_STEP][PASSED] - verifyElementText: Actual text and expected text of test object 'Object Repository/OMVA_UserManagement_Page/Cancel_Button_Popup_HText' are matched.

2018-07-16 13:19:13 - [MESSAGE][PASSED] - Actual text and expected text of test object 'Object Repository/OMVA_UserManagement_Page/Cancel_Button_Popup_HText' are matched.

2018-07-16 13:19:13 - [TEST_STEP][PASSED] - closeBrowser: Browser is closed

2018-07-16 13:19:14 - [MESSAGE][PASSED] - Browser is closed]]></system-out>
         <system-err><![CDATA[]]></system-err>
      </testcase>
      <testcase name="Test Cases/UserManagementTestCases/UserActions/Validate_Cancel_Of_CreateUsers" classname="Test Cases/UserManagementTestCases/UserActions/Validate_Cancel_Of_CreateUsers" status="PASSED">
         <system-out><![CDATA[2018-07-16 13:19:14 - [TEST_CASE][PASSED] - Test Cases/UserManagementTestCases/UserActions/Validate_Cancel_Of_CreateUsers: Test Cases/UserManagementTestCases/UserActions/Validate_Cancel_Of_CreateUsers

2018-07-16 13:19:14 - [TEST_STEP][PASSED] - callTestCase: Call Test Case 'Test Cases/CommonTestcases/OpenBrowserandNavigateToQAURL' successfully

2018-07-16 13:19:14 - [TEST_CASE][PASSED] - Test Cases/CommonTestcases/OpenBrowserandNavigateToQAURL: Test Cases/CommonTestcases/OpenBrowserandNavigateToQAURL

2018-07-16 13:19:14 - [TEST_STEP][PASSED] - openBrowser: Browser is opened with url: ''

2018-07-16 13:19:16 - [MESSAGE][PASSED] - Browser is opened with url: ''

2018-07-16 13:19:16 - [TEST_STEP][PASSED] - navigateToUrl: Navigate to 'https://coa-demo-env.azurewebsites.net/da/index.html#/login' successfully

2018-07-16 13:19:23 - [MESSAGE][PASSED] - Navigate to 'https://coa-demo-env.azurewebsites.net/da/index.html#/login' successfully

2018-07-16 13:19:23 - [TEST_STEP][PASSED] - maximizeWindow: Current window maximized

2018-07-16 13:19:24 - [MESSAGE][PASSED] - Current window maximized

2018-07-16 13:19:24 - [MESSAGE][PASSED] - Call Test Case 'Test Cases/CommonTestcases/OpenBrowserandNavigateToQAURL' successfully

2018-07-16 13:19:24 - [TEST_STEP][PASSED] - waitForElementVisible: Object 'Object Repository/OMVA_Login_Page/Username_Textbox' is visible

2018-07-16 13:19:24 - [MESSAGE][PASSED] - Object 'Object Repository/OMVA_Login_Page/Username_Textbox' is visible

2018-07-16 13:19:24 - [TEST_STEP][PASSED] - sendKeys: Keys 'SuperAdmin' sent to object: 'Object Repository/OMVA_Login_Page/Username_Textbox'

2018-07-16 13:19:24 - [MESSAGE][PASSED] - Keys 'SuperAdmin' sent to object: 'Object Repository/OMVA_Login_Page/Username_Textbox'

2018-07-16 13:19:24 - [TEST_STEP][PASSED] - click: Object: 'Object Repository/OMVA_Login_Page/Next_Button' is clicked on

2018-07-16 13:19:24 - [MESSAGE][PASSED] - Object: 'Object Repository/OMVA_Login_Page/Next_Button' is clicked on

2018-07-16 13:19:24 - [TEST_STEP][PASSED] - waitForElementVisible: Object 'Object Repository/OMVA_Login_Page/Password_Textbox' is visible

2018-07-16 13:19:25 - [MESSAGE][PASSED] - Object 'Object Repository/OMVA_Login_Page/Password_Textbox' is visible

2018-07-16 13:19:25 - [TEST_STEP][PASSED] - sendKeys: Keys 'SuperAdmin' sent to object: 'Object Repository/OMVA_Login_Page/Password_Textbox'

2018-07-16 13:19:25 - [MESSAGE][PASSED] - Keys 'SuperAdmin' sent to object: 'Object Repository/OMVA_Login_Page/Password_Textbox'

2018-07-16 13:19:25 - [TEST_STEP][PASSED] - click: Object: 'Object Repository/OMVA_Login_Page/Signin_Button' is clicked on

2018-07-16 13:19:25 - [MESSAGE][PASSED] - Object: 'Object Repository/OMVA_Login_Page/Signin_Button' is clicked on

2018-07-16 13:19:25 - [TEST_STEP][PASSED] - waitForPageLoad: Wait for page load successfully

2018-07-16 13:19:25 - [MESSAGE][PASSED] - Wait for page load successfully

2018-07-16 13:19:25 - [TEST_STEP][PASSED] - delay: Delayed 5 second(s)

2018-07-16 13:19:30 - [MESSAGE][PASSED] - Delayed 5 second(s)

2018-07-16 13:19:30 - [TEST_STEP][PASSED] - waitForElementPresent: Object 'Object Repository/OMVA_Landing_Page/CreateUser_Button' is present

2018-07-16 13:19:30 - [MESSAGE][PASSED] - Object 'Object Repository/OMVA_Landing_Page/CreateUser_Button' is present

2018-07-16 13:19:30 - [TEST_STEP][PASSED] - click: Object: 'Object Repository/OMVA_Landing_Page/CreateUser_Button' is clicked on

2018-07-16 13:19:31 - [MESSAGE][PASSED] - Object: 'Object Repository/OMVA_Landing_Page/CreateUser_Button' is clicked on

2018-07-16 13:19:31 - [TEST_STEP][PASSED] - delay: Delayed 3 second(s)

2018-07-16 13:19:34 - [MESSAGE][PASSED] - Delayed 3 second(s)

2018-07-16 13:19:34 - [TEST_STEP][PASSED] - waitForElementPresent: Object 'Object Repository/OMVA_UserManagement_Page/Role_Dropdown' is present

2018-07-16 13:19:34 - [MESSAGE][PASSED] - Object 'Object Repository/OMVA_UserManagement_Page/Role_Dropdown' is present

2018-07-16 13:19:34 - [TEST_STEP][PASSED] - Statement - If (true): null

2018-07-16 13:19:34 - [TEST_STEP][PASSED] - click: Object: 'Object Repository/OMVA_UserManagement_Page/Role_Dropdown' is clicked on

2018-07-16 13:19:34 - [MESSAGE][PASSED] - Object: 'Object Repository/OMVA_UserManagement_Page/Role_Dropdown' is clicked on

2018-07-16 13:19:34 - [TEST_STEP][PASSED] - Statement - assert true: null

2018-07-16 13:19:34 - [TEST_STEP][PASSED] - scrollToElement: Scroll to object 'Object Repository/OMVA_UserManagement_Page/DropdownOption_RoleDropdown_Market Admin' successfully

2018-07-16 13:19:34 - [MESSAGE][WARNING] - Timeout '0' is invalid. Using default page load timeout: '15'

2018-07-16 13:19:34 - [MESSAGE][PASSED] - Scroll to object 'Object Repository/OMVA_UserManagement_Page/DropdownOption_RoleDropdown_Market Admin' successfully

2018-07-16 13:19:34 - [TEST_STEP][PASSED] - click: Object: 'Object Repository/OMVA_UserManagement_Page/DropdownOption_RoleDropdown_Market Admin' is clicked on

2018-07-16 13:19:34 - [MESSAGE][PASSED] - Object: 'Object Repository/OMVA_UserManagement_Page/DropdownOption_RoleDropdown_Market Admin' is clicked on

2018-07-16 13:19:34 - [TEST_STEP][PASSED] - Statement - username = CustomKeywords.commonLibrary.commonFunctions.randomStringFunction("abcdefghijklmnopqrstuvwxyz", 6): commonLibrary.commonFunctions.randomStringFunction is PASSED

2018-07-16 13:19:34 - [MESSAGE][PASSED] - commonLibrary.commonFunctions.randomStringFunction is PASSED

2018-07-16 13:19:34 - [TEST_STEP][PASSED] - Statement - uname = username.toString(): null

2018-07-16 13:19:34 - [TEST_STEP][PASSED] - sendKeys: Keys 'clbzoc' sent to object: 'Object Repository/OMVA_UserManagement_Page/UserName_Textbox'

2018-07-16 13:19:34 - [MESSAGE][PASSED] - Keys 'clbzoc' sent to object: 'Object Repository/OMVA_UserManagement_Page/UserName_Textbox'

2018-07-16 13:19:34 - [TEST_STEP][PASSED] - Statement - emailidprefix = CustomKeywords.commonLibrary.commonFunctions.randomStringFunction("abcdefghijklmnopqrstuvwxyz", 9): commonLibrary.commonFunctions.randomStringFunction is PASSED

2018-07-16 13:19:34 - [MESSAGE][PASSED] - commonLibrary.commonFunctions.randomStringFunction is PASSED

2018-07-16 13:19:34 - [TEST_STEP][PASSED] - sendKeys: Keys 'hupmkqncm@autotestpg.com' sent to object: 'Object Repository/OMVA_UserManagement_Page/EmailID_Textbox'

2018-07-16 13:19:35 - [MESSAGE][PASSED] - Keys 'hupmkqncm@autotestpg.com' sent to object: 'Object Repository/OMVA_UserManagement_Page/EmailID_Textbox'

2018-07-16 13:19:35 - [TEST_STEP][PASSED] - Statement - firstname = CustomKeywords.commonLibrary.commonFunctions.randomStringFunction("abcdefghijklmnopqrstuvwxyz", 7): commonLibrary.commonFunctions.randomStringFunction is PASSED

2018-07-16 13:19:35 - [MESSAGE][PASSED] - commonLibrary.commonFunctions.randomStringFunction is PASSED

2018-07-16 13:19:35 - [TEST_STEP][PASSED] - sendKeys: Keys 'gjaoyzh' sent to object: 'Object Repository/OMVA_UserManagement_Page/FirstName_Textbox'

2018-07-16 13:19:35 - [MESSAGE][PASSED] - Keys 'gjaoyzh' sent to object: 'Object Repository/OMVA_UserManagement_Page/FirstName_Textbox'

2018-07-16 13:19:35 - [TEST_STEP][PASSED] - Statement - lastname = CustomKeywords.commonLibrary.commonFunctions.randomStringFunction("abcdefghijklmnopqrstuvwxyz", 7): commonLibrary.commonFunctions.randomStringFunction is PASSED

2018-07-16 13:19:35 - [MESSAGE][PASSED] - commonLibrary.commonFunctions.randomStringFunction is PASSED

2018-07-16 13:19:35 - [TEST_STEP][PASSED] - sendKeys: Keys 'bajxqby' sent to object: 'Object Repository/OMVA_UserManagement_Page/LastName_Textbox'

2018-07-16 13:19:35 - [MESSAGE][PASSED] - Keys 'bajxqby' sent to object: 'Object Repository/OMVA_UserManagement_Page/LastName_Textbox'

2018-07-16 13:19:35 - [TEST_STEP][PASSED] - Statement - ticketnum = CustomKeywords.commonLibrary.commonFunctions.randomStringFunction("123456789", 7): commonLibrary.commonFunctions.randomStringFunction is PASSED

2018-07-16 13:19:35 - [MESSAGE][PASSED] - commonLibrary.commonFunctions.randomStringFunction is PASSED

2018-07-16 13:19:35 - [TEST_STEP][PASSED] - sendKeys: Keys '3498464' sent to object: 'Object Repository/OMVA_UserManagement_Page/TicketNumber_Textbox'

2018-07-16 13:19:35 - [MESSAGE][PASSED] - Keys '3498464' sent to object: 'Object Repository/OMVA_UserManagement_Page/TicketNumber_Textbox'

2018-07-16 13:19:35 - [TEST_STEP][PASSED] - click: Object: 'Object Repository/OMVA_UserManagement_Page/Next_Button' is clicked on

2018-07-16 13:19:36 - [MESSAGE][PASSED] - Object: 'Object Repository/OMVA_UserManagement_Page/Next_Button' is clicked on

2018-07-16 13:19:36 - [TEST_STEP][PASSED] - applicationLibrary.checkboxMultiselection.multiselectCheckbox: applicationLibrary.checkboxMultiselection.multiselectCheckbox is PASSED

2018-07-16 13:19:38 - [MESSAGE][PASSED] - applicationLibrary.checkboxMultiselection.multiselectCheckbox is PASSED

2018-07-16 13:19:38 - [TEST_STEP][PASSED] - scrollToElement: Scroll to object 'Object Repository/OMVA_UserManagement_Page/Customer_Next_Btn' successfully

2018-07-16 13:19:38 - [MESSAGE][PASSED] - Scroll to object 'Object Repository/OMVA_UserManagement_Page/Customer_Next_Btn' successfully

2018-07-16 13:19:38 - [TEST_STEP][PASSED] - click: Object: 'Object Repository/OMVA_UserManagement_Page/Customer_Next_Btn' is clicked on

2018-07-16 13:19:38 - [MESSAGE][PASSED] - Object: 'Object Repository/OMVA_UserManagement_Page/Customer_Next_Btn' is clicked on

2018-07-16 13:19:38 - [TEST_STEP][PASSED] - click: Object: 'Object Repository/OMVA_UserManagement_Page/Cancel_button_ProductCategory' is clicked on

2018-07-16 13:19:38 - [MESSAGE][PASSED] - Object: 'Object Repository/OMVA_UserManagement_Page/Cancel_button_ProductCategory' is clicked on

2018-07-16 13:19:38 - [TEST_STEP][PASSED] - delay: Delayed 5 second(s)

2018-07-16 13:19:43 - [MESSAGE][PASSED] - Delayed 5 second(s)

2018-07-16 13:19:43 - [TEST_STEP][PASSED] - click: Object: 'Object Repository/OMVA_UserManagement_Page/OK_DiscardChanges' is clicked on

2018-07-16 13:19:44 - [MESSAGE][PASSED] - Object: 'Object Repository/OMVA_UserManagement_Page/OK_DiscardChanges' is clicked on

2018-07-16 13:19:44 - [TEST_STEP][PASSED] - closeBrowser: Browser is closed

2018-07-16 13:19:44 - [MESSAGE][PASSED] - Browser is closed]]></system-out>
         <system-err><![CDATA[]]></system-err>
      </testcase>
      <testcase name="Test Cases/UserManagementTestCases/UserActions/Validate_ModifyDataFromEdituser" classname="Test Cases/UserManagementTestCases/UserActions/Validate_ModifyDataFromEdituser" status="PASSED">
         <system-out><![CDATA[2018-07-16 13:19:44 - [TEST_CASE][PASSED] - Test Cases/UserManagementTestCases/UserActions/Validate_ModifyDataFromEdituser: Test Cases/UserManagementTestCases/UserActions/Validate_ModifyDataFromEdituser

2018-07-16 13:19:44 - [TEST_STEP][PASSED] - callTestCase: Call Test Case 'Test Cases/CommonTestcases/OpenBrowserandNavigateToQAURL' successfully

2018-07-16 13:19:45 - [TEST_CASE][PASSED] - Test Cases/CommonTestcases/OpenBrowserandNavigateToQAURL: Test Cases/CommonTestcases/OpenBrowserandNavigateToQAURL

2018-07-16 13:19:45 - [TEST_STEP][PASSED] - openBrowser: Browser is opened with url: ''

2018-07-16 13:19:47 - [MESSAGE][PASSED] - Browser is opened with url: ''

2018-07-16 13:19:47 - [TEST_STEP][PASSED] - navigateToUrl: Navigate to 'https://coa-demo-env.azurewebsites.net/da/index.html#/login' successfully

2018-07-16 13:19:52 - [MESSAGE][PASSED] - Navigate to 'https://coa-demo-env.azurewebsites.net/da/index.html#/login' successfully

2018-07-16 13:19:52 - [TEST_STEP][PASSED] - maximizeWindow: Current window maximized

2018-07-16 13:19:53 - [MESSAGE][PASSED] - Current window maximized

2018-07-16 13:19:53 - [MESSAGE][PASSED] - Call Test Case 'Test Cases/CommonTestcases/OpenBrowserandNavigateToQAURL' successfully

2018-07-16 13:19:53 - [TEST_STEP][PASSED] - waitForElementVisible: Object 'Object Repository/OMVA_Login_Page/Username_Textbox' is visible

2018-07-16 13:19:53 - [MESSAGE][PASSED] - Object 'Object Repository/OMVA_Login_Page/Username_Textbox' is visible

2018-07-16 13:19:53 - [TEST_STEP][PASSED] - sendKeys: Keys 'SuperAdmin' sent to object: 'Object Repository/OMVA_Login_Page/Username_Textbox'

2018-07-16 13:19:54 - [MESSAGE][PASSED] - Keys 'SuperAdmin' sent to object: 'Object Repository/OMVA_Login_Page/Username_Textbox'

2018-07-16 13:19:54 - [TEST_STEP][PASSED] - click: Object: 'Object Repository/OMVA_Login_Page/Next_Button' is clicked on

2018-07-16 13:19:54 - [MESSAGE][PASSED] - Object: 'Object Repository/OMVA_Login_Page/Next_Button' is clicked on

2018-07-16 13:19:54 - [TEST_STEP][PASSED] - waitForElementVisible: Object 'Object Repository/OMVA_Login_Page/Password_Textbox' is visible

2018-07-16 13:19:54 - [MESSAGE][PASSED] - Object 'Object Repository/OMVA_Login_Page/Password_Textbox' is visible

2018-07-16 13:19:54 - [TEST_STEP][PASSED] - sendKeys: Keys 'SuperAdmin' sent to object: 'Object Repository/OMVA_Login_Page/Password_Textbox'

2018-07-16 13:19:55 - [MESSAGE][PASSED] - Keys 'SuperAdmin' sent to object: 'Object Repository/OMVA_Login_Page/Password_Textbox'

2018-07-16 13:19:55 - [TEST_STEP][PASSED] - click: Object: 'Object Repository/OMVA_Login_Page/Signin_Button' is clicked on

2018-07-16 13:19:55 - [MESSAGE][PASSED] - Object: 'Object Repository/OMVA_Login_Page/Signin_Button' is clicked on

2018-07-16 13:19:55 - [TEST_STEP][PASSED] - waitForPageLoad: Wait for page load successfully

2018-07-16 13:19:55 - [MESSAGE][PASSED] - Wait for page load successfully

2018-07-16 13:19:55 - [TEST_STEP][PASSED] - delay: Delayed 5 second(s)

2018-07-16 13:20:00 - [MESSAGE][PASSED] - Delayed 5 second(s)

2018-07-16 13:20:00 - [TEST_STEP][PASSED] - waitForElementPresent: Object 'Object Repository/OMVA_Landing_Page/CreateUser_Button' is present

2018-07-16 13:20:00 - [MESSAGE][PASSED] - Object 'Object Repository/OMVA_Landing_Page/CreateUser_Button' is present

2018-07-16 13:20:00 - [TEST_STEP][PASSED] - click: Object: 'Object Repository/OMVA_Landing_Page/CreateUser_Button' is clicked on

2018-07-16 13:20:00 - [MESSAGE][PASSED] - Object: 'Object Repository/OMVA_Landing_Page/CreateUser_Button' is clicked on

2018-07-16 13:20:00 - [TEST_STEP][PASSED] - delay: Delayed 3 second(s)

2018-07-16 13:20:03 - [MESSAGE][PASSED] - Delayed 3 second(s)

2018-07-16 13:20:03 - [TEST_STEP][PASSED] - waitForElementPresent: Object 'Object Repository/OMVA_UserManagement_Page/Role_Dropdown' is present

2018-07-16 13:20:03 - [MESSAGE][PASSED] - Object 'Object Repository/OMVA_UserManagement_Page/Role_Dropdown' is present

2018-07-16 13:20:03 - [TEST_STEP][PASSED] - click: Object: 'Object Repository/OMVA_UserManagement_Page/Role_Dropdown' is clicked on

2018-07-16 13:20:03 - [MESSAGE][PASSED] - Object: 'Object Repository/OMVA_UserManagement_Page/Role_Dropdown' is clicked on

2018-07-16 13:20:03 - [TEST_STEP][PASSED] - Statement - assert true: null

2018-07-16 13:20:03 - [TEST_STEP][PASSED] - scrollToElement: Scroll to object 'Object Repository/OMVA_UserManagement_Page/DropdownOption_RoleDropdown_Market Admin' successfully

2018-07-16 13:20:03 - [MESSAGE][WARNING] - Timeout '0' is invalid. Using default page load timeout: '15'

2018-07-16 13:20:03 - [MESSAGE][PASSED] - Scroll to object 'Object Repository/OMVA_UserManagement_Page/DropdownOption_RoleDropdown_Market Admin' successfully

2018-07-16 13:20:03 - [TEST_STEP][PASSED] - click: Object: 'Object Repository/OMVA_UserManagement_Page/DropdownOption_RoleDropdown_Market Admin' is clicked on

2018-07-16 13:20:04 - [MESSAGE][PASSED] - Object: 'Object Repository/OMVA_UserManagement_Page/DropdownOption_RoleDropdown_Market Admin' is clicked on

2018-07-16 13:20:04 - [TEST_STEP][PASSED] - Statement - username = CustomKeywords.commonLibrary.commonFunctions.randomStringFunction("abcdefghijklmnopqrstuvwxyz", 6): commonLibrary.commonFunctions.randomStringFunction is PASSED

2018-07-16 13:20:04 - [MESSAGE][PASSED] - commonLibrary.commonFunctions.randomStringFunction is PASSED

2018-07-16 13:20:04 - [TEST_STEP][PASSED] - Statement - uname = username.toString(): null

2018-07-16 13:20:04 - [TEST_STEP][PASSED] - Statement - println(uname): null

2018-07-16 13:20:04 - [TEST_STEP][PASSED] - sendKeys: Keys 'uolcyh' sent to object: 'Object Repository/OMVA_UserManagement_Page/UserName_Textbox'

2018-07-16 13:20:04 - [MESSAGE][PASSED] - Keys 'uolcyh' sent to object: 'Object Repository/OMVA_UserManagement_Page/UserName_Textbox'

2018-07-16 13:20:04 - [TEST_STEP][PASSED] - Statement - emailidprefix = CustomKeywords.commonLibrary.commonFunctions.randomStringFunction("abcdefghijklmnopqrstuvwxyz", 9): commonLibrary.commonFunctions.randomStringFunction is PASSED

2018-07-16 13:20:04 - [MESSAGE][PASSED] - commonLibrary.commonFunctions.randomStringFunction is PASSED

2018-07-16 13:20:04 - [TEST_STEP][PASSED] - sendKeys: Keys 'qhujnlyei@autotestpg.com' sent to object: 'Object Repository/OMVA_UserManagement_Page/EmailID_Textbox'

2018-07-16 13:20:04 - [MESSAGE][PASSED] - Keys 'qhujnlyei@autotestpg.com' sent to object: 'Object Repository/OMVA_UserManagement_Page/EmailID_Textbox'

2018-07-16 13:20:04 - [TEST_STEP][PASSED] - Statement - firstname = CustomKeywords.commonLibrary.commonFunctions.randomStringFunction("abcdefghijklmnopqrstuvwxyz", 7): commonLibrary.commonFunctions.randomStringFunction is PASSED

2018-07-16 13:20:04 - [MESSAGE][PASSED] - commonLibrary.commonFunctions.randomStringFunction is PASSED

2018-07-16 13:20:04 - [TEST_STEP][PASSED] - sendKeys: Keys 'nfbamtn' sent to object: 'Object Repository/OMVA_UserManagement_Page/FirstName_Textbox'

2018-07-16 13:20:05 - [MESSAGE][PASSED] - Keys 'nfbamtn' sent to object: 'Object Repository/OMVA_UserManagement_Page/FirstName_Textbox'

2018-07-16 13:20:05 - [TEST_STEP][PASSED] - Statement - lastname = CustomKeywords.commonLibrary.commonFunctions.randomStringFunction("abcdefghijklmnopqrstuvwxyz", 7): commonLibrary.commonFunctions.randomStringFunction is PASSED

2018-07-16 13:20:05 - [MESSAGE][PASSED] - commonLibrary.commonFunctions.randomStringFunction is PASSED

2018-07-16 13:20:05 - [TEST_STEP][PASSED] - sendKeys: Keys 'qtqdjrm' sent to object: 'Object Repository/OMVA_UserManagement_Page/LastName_Textbox'

2018-07-16 13:20:05 - [MESSAGE][PASSED] - Keys 'qtqdjrm' sent to object: 'Object Repository/OMVA_UserManagement_Page/LastName_Textbox'

2018-07-16 13:20:05 - [TEST_STEP][PASSED] - Statement - ticketnum = CustomKeywords.commonLibrary.commonFunctions.randomStringFunction("123456789", 7): commonLibrary.commonFunctions.randomStringFunction is PASSED

2018-07-16 13:20:05 - [MESSAGE][PASSED] - commonLibrary.commonFunctions.randomStringFunction is PASSED

2018-07-16 13:20:05 - [TEST_STEP][PASSED] - sendKeys: Keys '2776218' sent to object: 'Object Repository/OMVA_UserManagement_Page/TicketNumber_Textbox'

2018-07-16 13:20:06 - [MESSAGE][PASSED] - Keys '2776218' sent to object: 'Object Repository/OMVA_UserManagement_Page/TicketNumber_Textbox'

2018-07-16 13:20:06 - [TEST_STEP][PASSED] - click: Object: 'Object Repository/OMVA_UserManagement_Page/Next_Button' is clicked on

2018-07-16 13:20:06 - [MESSAGE][PASSED] - Object: 'Object Repository/OMVA_UserManagement_Page/Next_Button' is clicked on

2018-07-16 13:20:06 - [TEST_STEP][PASSED] - applicationLibrary.checkboxMultiselection.multiselectCheckbox: applicationLibrary.checkboxMultiselection.multiselectCheckbox is PASSED

2018-07-16 13:20:08 - [MESSAGE][PASSED] - applicationLibrary.checkboxMultiselection.multiselectCheckbox is PASSED

2018-07-16 13:20:08 - [TEST_STEP][PASSED] - scrollToElement: Scroll to object 'Object Repository/OMVA_UserManagement_Page/Customer_Next_Btn' successfully

2018-07-16 13:20:08 - [MESSAGE][PASSED] - Scroll to object 'Object Repository/OMVA_UserManagement_Page/Customer_Next_Btn' successfully

2018-07-16 13:20:08 - [TEST_STEP][PASSED] - click: Object: 'Object Repository/OMVA_UserManagement_Page/Customer_Next_Btn' is clicked on

2018-07-16 13:20:08 - [MESSAGE][PASSED] - Object: 'Object Repository/OMVA_UserManagement_Page/Customer_Next_Btn' is clicked on

2018-07-16 13:20:08 - [TEST_STEP][PASSED] - applicationLibrary.checkboxMultiselection.multiselectCheckbox: applicationLibrary.checkboxMultiselection.multiselectCheckbox is PASSED

2018-07-16 13:20:11 - [MESSAGE][PASSED] - applicationLibrary.checkboxMultiselection.multiselectCheckbox is PASSED

2018-07-16 13:20:11 - [TEST_STEP][PASSED] - click: Object: 'Object Repository/OMVA_UserManagement_Page/UserCreation_Save_Btn' is clicked on

2018-07-16 13:20:11 - [MESSAGE][PASSED] - Object: 'Object Repository/OMVA_UserManagement_Page/UserCreation_Save_Btn' is clicked on

2018-07-16 13:20:11 - [TEST_STEP][PASSED] - waitForElementPresent: Object 'Object Repository/OMVA_UserManagement_Page/UserCreation_HeaderTxt' is present

2018-07-16 13:20:11 - [MESSAGE][PASSED] - Object 'Object Repository/OMVA_UserManagement_Page/UserCreation_HeaderTxt' is present

2018-07-16 13:20:11 - [TEST_STEP][PASSED] - verifyElementText: Actual text and expected text of test object 'Object Repository/OMVA_UserManagement_Page/UserCreation_HeaderTxt' are matched.

2018-07-16 13:20:11 - [MESSAGE][PASSED] - Actual text and expected text of test object 'Object Repository/OMVA_UserManagement_Page/UserCreation_HeaderTxt' are matched.

2018-07-16 13:20:11 - [TEST_STEP][PASSED] - verifyElementText: Actual text and expected text of test object 'Object Repository/OMVA_UserManagement_Page/UserCreation_ContentTxt' are matched.

2018-07-16 13:20:11 - [MESSAGE][PASSED] - Actual text and expected text of test object 'Object Repository/OMVA_UserManagement_Page/UserCreation_ContentTxt' are matched.

2018-07-16 13:20:11 - [TEST_STEP][PASSED] - click: Object: 'Object Repository/OMVA_UserManagement_Page/UserCreation_OK_Btn' is clicked on

2018-07-16 13:20:12 - [MESSAGE][PASSED] - Object: 'Object Repository/OMVA_UserManagement_Page/UserCreation_OK_Btn' is clicked on

2018-07-16 13:20:12 - [TEST_STEP][PASSED] - delay: Delayed 7 second(s)

2018-07-16 13:20:19 - [MESSAGE][PASSED] - Delayed 7 second(s)

2018-07-16 13:20:19 - [TEST_STEP][PASSED] - waitForElementPresent: Object 'Object Repository/OMVA_UserManagement_Page/Created_User_Username' is present

2018-07-16 13:20:19 - [MESSAGE][PASSED] - Object 'Object Repository/OMVA_UserManagement_Page/Created_User_Username' is present

2018-07-16 13:20:19 - [TEST_STEP][PASSED] - Statement - createduser = com.kms.katalon.core.webui.keyword.WebUiBuiltInKeywords.getText(com.kms.katalon.core.testobject.ObjectRepository.findTestObject(OMVA_UserManagement_Page/Created_User_Username)): Text of object 'Object Repository/OMVA_UserManagement_Page/Created_User_Username' is: 'nfbamtn qtqdjrm'

2018-07-16 13:20:19 - [MESSAGE][PASSED] - Text of object 'Object Repository/OMVA_UserManagement_Page/Created_User_Username' is: 'nfbamtn qtqdjrm'

2018-07-16 13:20:19 - [TEST_STEP][PASSED] - Statement - createduser = com.kms.katalon.core.webui.keyword.WebUiBuiltInKeywords.verifyMatch(createduser, firstname + " " + lastname, true): Actual text 'nfbamtn qtqdjrm' and expected text 'nfbamtn qtqdjrm' are matched  using regular expression

2018-07-16 13:20:19 - [MESSAGE][PASSED] - Actual text 'nfbamtn qtqdjrm' and expected text 'nfbamtn qtqdjrm' are matched  using regular expression

2018-07-16 13:20:19 - [TEST_STEP][PASSED] - waitForElementPresent: Object 'Object Repository/OMVA_UserManagement_Page/Search_button' is present

2018-07-16 13:20:19 - [MESSAGE][PASSED] - Object 'Object Repository/OMVA_UserManagement_Page/Search_button' is present

2018-07-16 13:20:19 - [TEST_STEP][PASSED] - click: Object: 'Object Repository/OMVA_UserManagement_Page/Search_button' is clicked on

2018-07-16 13:20:19 - [MESSAGE][PASSED] - Object: 'Object Repository/OMVA_UserManagement_Page/Search_button' is clicked on

2018-07-16 13:20:19 - [TEST_STEP][PASSED] - waitForElementVisible: Object 'Object Repository/OMVA_UserManagement_Page/Enter_Text_Search' is visible

2018-07-16 13:20:19 - [MESSAGE][PASSED] - Object 'Object Repository/OMVA_UserManagement_Page/Enter_Text_Search' is visible

2018-07-16 13:20:19 - [TEST_STEP][PASSED] - sendKeys: Keys 'uolcyh' sent to object: 'Object Repository/OMVA_UserManagement_Page/Enter_Text_Search'

2018-07-16 13:20:19 - [MESSAGE][PASSED] - Keys 'uolcyh' sent to object: 'Object Repository/OMVA_UserManagement_Page/Enter_Text_Search'

2018-07-16 13:20:19 - [TEST_STEP][PASSED] - waitForElementVisible: Object 'Object Repository/OMVA_Landing_Page/Edit_icon' is visible

2018-07-16 13:20:20 - [MESSAGE][PASSED] - Object 'Object Repository/OMVA_Landing_Page/Edit_icon' is visible

2018-07-16 13:20:20 - [TEST_STEP][PASSED] - click: Object: 'Object Repository/OMVA_Landing_Page/Edit_icon' is clicked on

2018-07-16 13:20:20 - [MESSAGE][PASSED] - Object: 'Object Repository/OMVA_Landing_Page/Edit_icon' is clicked on

2018-07-16 13:20:20 - [TEST_STEP][PASSED] - waitForElementVisible: Object 'Object Repository/OMVA_EditUser_Page/EditUserFirstName' is visible

2018-07-16 13:20:20 - [MESSAGE][PASSED] - Object 'Object Repository/OMVA_EditUser_Page/EditUserFirstName' is visible

2018-07-16 13:20:20 - [TEST_STEP][PASSED] - sendKeys: Keys 'asdf' sent to object: 'Object Repository/OMVA_EditUser_Page/EditUserFirstName'

2018-07-16 13:20:20 - [MESSAGE][PASSED] - Keys 'asdf' sent to object: 'Object Repository/OMVA_EditUser_Page/EditUserFirstName'

2018-07-16 13:20:20 - [TEST_STEP][PASSED] - waitForElementVisible: Object 'Object Repository/OMVA_EditUser_Page/EditUserNext_Btn' is visible

2018-07-16 13:20:20 - [MESSAGE][PASSED] - Object 'Object Repository/OMVA_EditUser_Page/EditUserNext_Btn' is visible

2018-07-16 13:20:20 - [TEST_STEP][PASSED] - click: Object: 'Object Repository/OMVA_EditUser_Page/EditUserNext_Btn' is clicked on

2018-07-16 13:20:20 - [MESSAGE][PASSED] - Object: 'Object Repository/OMVA_EditUser_Page/EditUserNext_Btn' is clicked on

2018-07-16 13:20:20 - [TEST_STEP][PASSED] - verifyElementText: Actual text and expected text of test object 'Object Repository/OMVA_EditUser_Page/UpdateSucessful_ToastMessage' are matched.

2018-07-16 13:20:21 - [MESSAGE][PASSED] - Actual text and expected text of test object 'Object Repository/OMVA_EditUser_Page/UpdateSucessful_ToastMessage' are matched.

2018-07-16 13:20:21 - [TEST_STEP][PASSED] - dataBaseConnection.dataBase.connectDB: dataBaseConnection.dataBase.connectDB is PASSED

2018-07-16 13:20:21 - [MESSAGE][PASSED] - dataBaseConnection.dataBase.connectDB is PASSED

2018-07-16 13:20:21 - [TEST_STEP][PASSED] - dataBaseConnection.dataBase.executeQuery: dataBaseConnection.dataBase.executeQuery is PASSED

2018-07-16 13:20:21 - [MESSAGE][PASSED] - dataBaseConnection.dataBase.executeQuery is PASSED

2018-07-16 13:20:21 - [TEST_STEP][PASSED] - dataBaseConnection.dataBase.closeDatabaseConnection: dataBaseConnection.dataBase.closeDatabaseConnection is PASSED

2018-07-16 13:20:21 - [MESSAGE][PASSED] - dataBaseConnection.dataBase.closeDatabaseConnection is PASSED

2018-07-16 13:20:21 - [TEST_STEP][PASSED] - closeBrowser: Browser is closed

2018-07-16 13:20:22 - [MESSAGE][PASSED] - Browser is closed]]></system-out>
         <system-err><![CDATA[]]></system-err>
      </testcase>
      <testcase name="Test Cases/UserManagementTestCases/UserActions/DeActivate_User" classname="Test Cases/UserManagementTestCases/UserActions/DeActivate_User" status="PASSED">
         <system-out><![CDATA[2018-07-16 13:20:22 - [TEST_CASE][PASSED] - Test Cases/UserManagementTestCases/UserActions/DeActivate_User: Test Cases/UserManagementTestCases/UserActions/DeActivate_User

2018-07-16 13:20:23 - [TEST_STEP][PASSED] - callTestCase: Call Test Case 'Test Cases/CommonTestcases/OpenBrowserandNavigateToQAURL' successfully

2018-07-16 13:20:23 - [TEST_CASE][PASSED] - Test Cases/CommonTestcases/OpenBrowserandNavigateToQAURL: Test Cases/CommonTestcases/OpenBrowserandNavigateToQAURL

2018-07-16 13:20:23 - [TEST_STEP][PASSED] - openBrowser: Browser is opened with url: ''

2018-07-16 13:20:25 - [MESSAGE][PASSED] - Browser is opened with url: ''

2018-07-16 13:20:25 - [TEST_STEP][PASSED] - navigateToUrl: Navigate to 'https://coa-demo-env.azurewebsites.net/da/index.html#/login' successfully

2018-07-16 13:20:31 - [MESSAGE][PASSED] - Navigate to 'https://coa-demo-env.azurewebsites.net/da/index.html#/login' successfully

2018-07-16 13:20:31 - [TEST_STEP][PASSED] - maximizeWindow: Current window maximized

2018-07-16 13:20:32 - [MESSAGE][PASSED] - Current window maximized

2018-07-16 13:20:32 - [MESSAGE][PASSED] - Call Test Case 'Test Cases/CommonTestcases/OpenBrowserandNavigateToQAURL' successfully

2018-07-16 13:20:32 - [TEST_STEP][PASSED] - waitForElementVisible: Object 'Object Repository/OMVA_Login_Page/Username_Textbox' is visible

2018-07-16 13:20:32 - [MESSAGE][PASSED] - Object 'Object Repository/OMVA_Login_Page/Username_Textbox' is visible

2018-07-16 13:20:32 - [TEST_STEP][PASSED] - sendKeys: Keys 'SuperAdmin' sent to object: 'Object Repository/OMVA_Login_Page/Username_Textbox'

2018-07-16 13:20:32 - [MESSAGE][PASSED] - Keys 'SuperAdmin' sent to object: 'Object Repository/OMVA_Login_Page/Username_Textbox'

2018-07-16 13:20:32 - [TEST_STEP][PASSED] - click: Object: 'Object Repository/OMVA_Login_Page/Next_Button' is clicked on

2018-07-16 13:20:32 - [MESSAGE][PASSED] - Object: 'Object Repository/OMVA_Login_Page/Next_Button' is clicked on

2018-07-16 13:20:32 - [TEST_STEP][PASSED] - waitForElementVisible: Object 'Object Repository/OMVA_Login_Page/Password_Textbox' is visible

2018-07-16 13:20:33 - [MESSAGE][PASSED] - Object 'Object Repository/OMVA_Login_Page/Password_Textbox' is visible

2018-07-16 13:20:33 - [TEST_STEP][PASSED] - sendKeys: Keys 'SuperAdmin' sent to object: 'Object Repository/OMVA_Login_Page/Password_Textbox'

2018-07-16 13:20:33 - [MESSAGE][PASSED] - Keys 'SuperAdmin' sent to object: 'Object Repository/OMVA_Login_Page/Password_Textbox'

2018-07-16 13:20:33 - [TEST_STEP][PASSED] - click: Object: 'Object Repository/OMVA_Login_Page/Signin_Button' is clicked on

2018-07-16 13:20:33 - [MESSAGE][PASSED] - Object: 'Object Repository/OMVA_Login_Page/Signin_Button' is clicked on

2018-07-16 13:20:33 - [TEST_STEP][PASSED] - waitForPageLoad: Wait for page load successfully

2018-07-16 13:20:33 - [MESSAGE][PASSED] - Wait for page load successfully

2018-07-16 13:20:33 - [TEST_STEP][PASSED] - delay: Delayed 5 second(s)

2018-07-16 13:20:38 - [MESSAGE][PASSED] - Delayed 5 second(s)

2018-07-16 13:20:38 - [TEST_STEP][PASSED] - waitForElementPresent: Object 'Object Repository/OMVA_Landing_Page/CreateUser_Button' is present

2018-07-16 13:20:39 - [MESSAGE][PASSED] - Object 'Object Repository/OMVA_Landing_Page/CreateUser_Button' is present

2018-07-16 13:20:39 - [TEST_STEP][PASSED] - click: Object: 'Object Repository/OMVA_Landing_Page/CreateUser_Button' is clicked on

2018-07-16 13:20:39 - [MESSAGE][PASSED] - Object: 'Object Repository/OMVA_Landing_Page/CreateUser_Button' is clicked on

2018-07-16 13:20:39 - [TEST_STEP][PASSED] - delay: Delayed 3 second(s)

2018-07-16 13:20:42 - [MESSAGE][PASSED] - Delayed 3 second(s)

2018-07-16 13:20:42 - [TEST_STEP][PASSED] - waitForElementPresent: Object 'Object Repository/OMVA_UserManagement_Page/Role_Dropdown' is present

2018-07-16 13:20:42 - [MESSAGE][PASSED] - Object 'Object Repository/OMVA_UserManagement_Page/Role_Dropdown' is present

2018-07-16 13:20:42 - [TEST_STEP][PASSED] - Statement - If (true): null

2018-07-16 13:20:42 - [TEST_STEP][PASSED] - click: Object: 'Object Repository/OMVA_UserManagement_Page/Role_Dropdown' is clicked on

2018-07-16 13:20:42 - [MESSAGE][PASSED] - Object: 'Object Repository/OMVA_UserManagement_Page/Role_Dropdown' is clicked on

2018-07-16 13:20:42 - [TEST_STEP][PASSED] - Statement - assert true: null

2018-07-16 13:20:42 - [TEST_STEP][PASSED] - scrollToElement: Scroll to object 'Object Repository/OMVA_UserManagement_Page/DropdownOption_RoleDropdown_Market Admin' successfully

2018-07-16 13:20:42 - [MESSAGE][WARNING] - Timeout '0' is invalid. Using default page load timeout: '15'

2018-07-16 13:20:42 - [MESSAGE][PASSED] - Scroll to object 'Object Repository/OMVA_UserManagement_Page/DropdownOption_RoleDropdown_Market Admin' successfully

2018-07-16 13:20:42 - [TEST_STEP][PASSED] - click: Object: 'Object Repository/OMVA_UserManagement_Page/DropdownOption_RoleDropdown_Market Admin' is clicked on

2018-07-16 13:20:42 - [MESSAGE][PASSED] - Object: 'Object Repository/OMVA_UserManagement_Page/DropdownOption_RoleDropdown_Market Admin' is clicked on

2018-07-16 13:20:42 - [TEST_STEP][PASSED] - Statement - username = CustomKeywords.commonLibrary.commonFunctions.randomStringFunction("abcdefghijklmnopqrstuvwxyz", 6): commonLibrary.commonFunctions.randomStringFunction is PASSED

2018-07-16 13:20:42 - [MESSAGE][PASSED] - commonLibrary.commonFunctions.randomStringFunction is PASSED

2018-07-16 13:20:42 - [TEST_STEP][PASSED] - sendKeys: Keys 'sjtrgw' sent to object: 'Object Repository/OMVA_UserManagement_Page/UserName_Textbox'

2018-07-16 13:20:42 - [MESSAGE][PASSED] - Keys 'sjtrgw' sent to object: 'Object Repository/OMVA_UserManagement_Page/UserName_Textbox'

2018-07-16 13:20:42 - [TEST_STEP][PASSED] - Statement - emailidprefix = CustomKeywords.commonLibrary.commonFunctions.randomStringFunction("abcdefghijklmnopqrstuvwxyz", 9): commonLibrary.commonFunctions.randomStringFunction is PASSED

2018-07-16 13:20:42 - [MESSAGE][PASSED] - commonLibrary.commonFunctions.randomStringFunction is PASSED

2018-07-16 13:20:42 - [TEST_STEP][PASSED] - sendKeys: Keys 'gphxblgth@autotestpg.com' sent to object: 'Object Repository/OMVA_UserManagement_Page/EmailID_Textbox'

2018-07-16 13:20:43 - [MESSAGE][PASSED] - Keys 'gphxblgth@autotestpg.com' sent to object: 'Object Repository/OMVA_UserManagement_Page/EmailID_Textbox'

2018-07-16 13:20:43 - [TEST_STEP][PASSED] - Statement - firstname = CustomKeywords.commonLibrary.commonFunctions.randomStringFunction("abcdefghijklmnopqrstuvwxyz", 7): commonLibrary.commonFunctions.randomStringFunction is PASSED

2018-07-16 13:20:43 - [MESSAGE][PASSED] - commonLibrary.commonFunctions.randomStringFunction is PASSED

2018-07-16 13:20:43 - [TEST_STEP][PASSED] - sendKeys: Keys 'oeduvrl' sent to object: 'Object Repository/OMVA_UserManagement_Page/FirstName_Textbox'

2018-07-16 13:20:43 - [MESSAGE][PASSED] - Keys 'oeduvrl' sent to object: 'Object Repository/OMVA_UserManagement_Page/FirstName_Textbox'

2018-07-16 13:20:43 - [TEST_STEP][PASSED] - Statement - lastname = CustomKeywords.commonLibrary.commonFunctions.randomStringFunction("abcdefghijklmnopqrstuvwxyz", 7): commonLibrary.commonFunctions.randomStringFunction is PASSED

2018-07-16 13:20:43 - [MESSAGE][PASSED] - commonLibrary.commonFunctions.randomStringFunction is PASSED

2018-07-16 13:20:43 - [TEST_STEP][PASSED] - sendKeys: Keys 'rpquuni' sent to object: 'Object Repository/OMVA_UserManagement_Page/LastName_Textbox'

2018-07-16 13:20:43 - [MESSAGE][PASSED] - Keys 'rpquuni' sent to object: 'Object Repository/OMVA_UserManagement_Page/LastName_Textbox'

2018-07-16 13:20:43 - [TEST_STEP][PASSED] - Statement - ticketnum = CustomKeywords.commonLibrary.commonFunctions.randomStringFunction("123456789", 7): commonLibrary.commonFunctions.randomStringFunction is PASSED

2018-07-16 13:20:43 - [MESSAGE][PASSED] - commonLibrary.commonFunctions.randomStringFunction is PASSED

2018-07-16 13:20:43 - [TEST_STEP][PASSED] - sendKeys: Keys '1399385' sent to object: 'Object Repository/OMVA_UserManagement_Page/TicketNumber_Textbox'

2018-07-16 13:20:43 - [MESSAGE][PASSED] - Keys '1399385' sent to object: 'Object Repository/OMVA_UserManagement_Page/TicketNumber_Textbox'

2018-07-16 13:20:43 - [TEST_STEP][PASSED] - click: Object: 'Object Repository/OMVA_UserManagement_Page/Next_Button_Update' is clicked on

2018-07-16 13:20:43 - [MESSAGE][PASSED] - Object: 'Object Repository/OMVA_UserManagement_Page/Next_Button_Update' is clicked on

2018-07-16 13:20:43 - [TEST_STEP][PASSED] - applicationLibrary.checkboxMultiselection.multiselectCheckbox: applicationLibrary.checkboxMultiselection.multiselectCheckbox is PASSED

2018-07-16 13:20:46 - [MESSAGE][PASSED] - applicationLibrary.checkboxMultiselection.multiselectCheckbox is PASSED

2018-07-16 13:20:46 - [TEST_STEP][PASSED] - scrollToElement: Scroll to object 'Object Repository/OMVA_UserManagement_Page/Customer_Next_Btn' successfully

2018-07-16 13:20:46 - [MESSAGE][PASSED] - Scroll to object 'Object Repository/OMVA_UserManagement_Page/Customer_Next_Btn' successfully

2018-07-16 13:20:46 - [TEST_STEP][PASSED] - click: Object: 'Object Repository/OMVA_UserManagement_Page/Customer_Next_Btn' is clicked on

2018-07-16 13:20:46 - [MESSAGE][PASSED] - Object: 'Object Repository/OMVA_UserManagement_Page/Customer_Next_Btn' is clicked on

2018-07-16 13:20:46 - [TEST_STEP][PASSED] - applicationLibrary.checkboxMultiselection.multiselectCheckbox: applicationLibrary.checkboxMultiselection.multiselectCheckbox is PASSED

2018-07-16 13:20:48 - [MESSAGE][PASSED] - applicationLibrary.checkboxMultiselection.multiselectCheckbox is PASSED

2018-07-16 13:20:48 - [TEST_STEP][PASSED] - click: Object: 'Object Repository/OMVA_UserManagement_Page/UserCreation_Save_Btn' is clicked on

2018-07-16 13:20:48 - [MESSAGE][PASSED] - Object: 'Object Repository/OMVA_UserManagement_Page/UserCreation_Save_Btn' is clicked on

2018-07-16 13:20:48 - [TEST_STEP][PASSED] - waitForElementPresent: Object 'Object Repository/OMVA_UserManagement_Page/UserCreation_HeaderTxt' is present

2018-07-16 13:20:49 - [MESSAGE][PASSED] - Object 'Object Repository/OMVA_UserManagement_Page/UserCreation_HeaderTxt' is present

2018-07-16 13:20:49 - [TEST_STEP][PASSED] - verifyElementText: Actual text and expected text of test object 'Object Repository/OMVA_UserManagement_Page/UserCreation_HeaderTxt' are matched.

2018-07-16 13:20:49 - [MESSAGE][PASSED] - Actual text and expected text of test object 'Object Repository/OMVA_UserManagement_Page/UserCreation_HeaderTxt' are matched.

2018-07-16 13:20:49 - [TEST_STEP][PASSED] - verifyElementText: Actual text and expected text of test object 'Object Repository/OMVA_UserManagement_Page/UserCreation_ContentTxt' are matched.

2018-07-16 13:20:49 - [MESSAGE][PASSED] - Actual text and expected text of test object 'Object Repository/OMVA_UserManagement_Page/UserCreation_ContentTxt' are matched.

2018-07-16 13:20:49 - [TEST_STEP][PASSED] - click: Object: 'Object Repository/OMVA_UserManagement_Page/UserCreation_OK_Btn' is clicked on

2018-07-16 13:20:49 - [MESSAGE][PASSED] - Object: 'Object Repository/OMVA_UserManagement_Page/UserCreation_OK_Btn' is clicked on

2018-07-16 13:20:49 - [TEST_STEP][PASSED] - delay: Delayed 5 second(s)

2018-07-16 13:20:54 - [MESSAGE][PASSED] - Delayed 5 second(s)

2018-07-16 13:20:54 - [TEST_STEP][PASSED] - waitForElementPresent: Object 'Object Repository/OMVA_UserManagement_Page/Created_User_Username' is present

2018-07-16 13:20:54 - [MESSAGE][PASSED] - Object 'Object Repository/OMVA_UserManagement_Page/Created_User_Username' is present

2018-07-16 13:20:54 - [TEST_STEP][PASSED] - Statement - createdNewuser = com.kms.katalon.core.webui.keyword.WebUiBuiltInKeywords.getText(com.kms.katalon.core.testobject.ObjectRepository.findTestObject(OMVA_UserManagement_Page/Created_User_Username)): Text of object 'Object Repository/OMVA_UserManagement_Page/Created_User_Username' is: 'oeduvrl rpquuni'

2018-07-16 13:20:54 - [MESSAGE][PASSED] - Text of object 'Object Repository/OMVA_UserManagement_Page/Created_User_Username' is: 'oeduvrl rpquuni'

2018-07-16 13:20:54 - [TEST_STEP][PASSED] - Statement - uname = createdNewuser.toString(): null

2018-07-16 13:20:54 - [TEST_STEP][PASSED] - Statement - createduser = com.kms.katalon.core.webui.keyword.WebUiBuiltInKeywords.verifyMatch(createdNewuser, firstname + " " + lastname, true): Actual text 'oeduvrl rpquuni' and expected text 'oeduvrl rpquuni' are matched  using regular expression

2018-07-16 13:20:54 - [MESSAGE][PASSED] - Actual text 'oeduvrl rpquuni' and expected text 'oeduvrl rpquuni' are matched  using regular expression

2018-07-16 13:20:54 - [TEST_STEP][PASSED] - delay: Delayed 5 second(s)

2018-07-16 13:20:59 - [MESSAGE][PASSED] - Delayed 5 second(s)

2018-07-16 13:20:59 - [TEST_STEP][PASSED] - applicationLibrary.ClicksCreatedUserDashboard.editUser: applicationLibrary.ClicksCreatedUserDashboard.editUser is PASSED

2018-07-16 13:20:59 - [MESSAGE][PASSED] - applicationLibrary.ClicksCreatedUserDashboard.editUser is PASSED

2018-07-16 13:20:59 - [TEST_STEP][PASSED] - delay: Delayed 5 second(s)

2018-07-16 13:21:04 - [MESSAGE][PASSED] - Delayed 5 second(s)

2018-07-16 13:21:04 - [TEST_STEP][PASSED] - waitForElementVisible: Object 'Object Repository/OMVA_Landing_Page/Act_DeAct_Radio_Btn' is visible

2018-07-16 13:21:05 - [MESSAGE][PASSED] - Object 'Object Repository/OMVA_Landing_Page/Act_DeAct_Radio_Btn' is visible

2018-07-16 13:21:05 - [TEST_STEP][PASSED] - click: Object: 'Object Repository/OMVA_Landing_Page/Act_DeAct_Radio_Btn' is clicked on

2018-07-16 13:21:05 - [MESSAGE][PASSED] - Object: 'Object Repository/OMVA_Landing_Page/Act_DeAct_Radio_Btn' is clicked on

2018-07-16 13:21:05 - [TEST_STEP][PASSED] - waitForElementVisible: Object 'Object Repository/OMVA_EditUser_Page/SaveExit_Btn' is visible

2018-07-16 13:21:05 - [MESSAGE][PASSED] - Object 'Object Repository/OMVA_EditUser_Page/SaveExit_Btn' is visible

2018-07-16 13:21:05 - [TEST_STEP][PASSED] - click: Object: 'Object Repository/OMVA_EditUser_Page/SaveExit_Btn' is clicked on

2018-07-16 13:21:05 - [MESSAGE][PASSED] - Object: 'Object Repository/OMVA_EditUser_Page/SaveExit_Btn' is clicked on

2018-07-16 13:21:05 - [TEST_STEP][PASSED] - waitForElementVisible: Object 'Object Repository/OMVA_EditUser_Page/DeactivateUser_HeaderTxt' is visible

2018-07-16 13:21:05 - [MESSAGE][PASSED] - Object 'Object Repository/OMVA_EditUser_Page/DeactivateUser_HeaderTxt' is visible

2018-07-16 13:21:05 - [TEST_STEP][PASSED] - Statement - AHeaderTxt = com.kms.katalon.core.webui.keyword.WebUiBuiltInKeywords.getText(com.kms.katalon.core.testobject.ObjectRepository.findTestObject(OMVA_EditUser_Page/DeactivateUser_HeaderTxt)): Text of object 'Object Repository/OMVA_EditUser_Page/DeactivateUser_HeaderTxt' is: 'Confirm Deactivation'

2018-07-16 13:21:05 - [MESSAGE][PASSED] - Text of object 'Object Repository/OMVA_EditUser_Page/DeactivateUser_HeaderTxt' is: 'Confirm Deactivation'

2018-07-16 13:21:05 - [TEST_STEP][PASSED] - verifyMatch: Actual text 'Confirm Deactivation' and expected text 'Confirm Deactivation' are matched  using regular expression

2018-07-16 13:21:05 - [MESSAGE][PASSED] - Actual text 'Confirm Deactivation' and expected text 'Confirm Deactivation' are matched  using regular expression

2018-07-16 13:21:05 - [TEST_STEP][PASSED] - Statement - AContentTxt = com.kms.katalon.core.webui.keyword.WebUiBuiltInKeywords.getText(com.kms.katalon.core.testobject.ObjectRepository.findTestObject(OMVA_EditUser_Page/DeactivateUser_ContentText)): Text of object 'Object Repository/OMVA_EditUser_Page/DeactivateUser_ContentText' is: 'Are you sure you want to deactivate oeduvrl rpquuni's account?'

2018-07-16 13:21:06 - [MESSAGE][PASSED] - Text of object 'Object Repository/OMVA_EditUser_Page/DeactivateUser_ContentText' is: 'Are you sure you want to deactivate oeduvrl rpquuni's account?'

2018-07-16 13:21:06 - [TEST_STEP][PASSED] - verifyMatch: Actual text 'Are you sure you want to deactivate oeduvrl rpquuni's account?' and expected text 'Are you sure you want to deactivate\D*' are matched  using regular expression

2018-07-16 13:21:06 - [MESSAGE][PASSED] - Actual text 'Are you sure you want to deactivate oeduvrl rpquuni's account?' and expected text 'Are you sure you want to deactivate\D*' are matched  using regular expression

2018-07-16 13:21:06 - [TEST_STEP][PASSED] - click: Object: 'Object Repository/OMVA_EditUser_Page/DeactivateUser_OKBtn' is clicked on

2018-07-16 13:21:06 - [MESSAGE][PASSED] - Object: 'Object Repository/OMVA_EditUser_Page/DeactivateUser_OKBtn' is clicked on

2018-07-16 13:21:06 - [TEST_STEP][PASSED] - Statement - ADeactivatedToastMsg = com.kms.katalon.core.webui.keyword.WebUiBuiltInKeywords.getText(com.kms.katalon.core.testobject.ObjectRepository.findTestObject(OMVA_EditUser_Page/Deactivate_ToastMsg)): Text of object 'Object Repository/OMVA_EditUser_Page/Deactivate_ToastMsg' is: 'Account Successfully Deactivated!'

2018-07-16 13:21:07 - [MESSAGE][PASSED] - Text of object 'Object Repository/OMVA_EditUser_Page/Deactivate_ToastMsg' is: 'Account Successfully Deactivated!'

2018-07-16 13:21:07 - [TEST_STEP][PASSED] - verifyMatch: Actual text 'Account Successfully Deactivated!' and expected text 'Account Successfully Deactivated!' are matched  using regular expression

2018-07-16 13:21:07 - [MESSAGE][PASSED] - Actual text 'Account Successfully Deactivated!' and expected text 'Account Successfully Deactivated!' are matched  using regular expression

2018-07-16 13:21:07 - [TEST_STEP][PASSED] - closeBrowser: Browser is closed

2018-07-16 13:21:07 - [MESSAGE][PASSED] - Browser is closed]]></system-out>
         <system-err><![CDATA[]]></system-err>
      </testcase>
      <testcase name="Test Cases/UserManagementTestCases/UserActions/LockUser" classname="Test Cases/UserManagementTestCases/UserActions/LockUser" status="FAILED">
         <failure type="FAILED" message="Unable to get text of object 'Object Repository/OMVA_Login_Page/InvalidLogin_HeaderTxt' (Root cause: com.kms.katalon.core.webui.exception.WebElementNotFoundException: Web element with id: 'Object Repository/OMVA_Login_Page/InvalidLogin_HeaderTxt' located by 'By.xpath: //h4[text()='Invalid Credentials']' not found)"/>
         <system-out><![CDATA[2018-07-16 13:21:07 - [TEST_CASE][FAILED] - Test Cases/UserManagementTestCases/UserActions/LockUser: Test Cases/UserManagementTestCases/UserActions/LockUser FAILED because (of) Unable to get text of object 'Object Repository/OMVA_Login_Page/InvalidLogin_HeaderTxt' (Root cause: com.kms.katalon.core.webui.exception.WebElementNotFoundException: Web element with id: 'Object Repository/OMVA_Login_Page/InvalidLogin_HeaderTxt' located by 'By.xpath: //h4[text()='Invalid Credentials']' not found)

2018-07-16 13:21:08 - [TEST_STEP][FAILED] - callTestCase: Unable to call Test Case with id 'Test Cases/UserManagementTestCases/Login/Invalid_Login' (Root cause: Call Test Case 'Test Cases/UserManagementTestCases/Login/Invalid_Login' failed)

2018-07-16 13:21:08 - [TEST_CASE][FAILED] - Test Cases/UserManagementTestCases/Login/Invalid_Login: Test Cases/UserManagementTestCases/Login/Invalid_Login FAILED because (of) Unable to get text of object 'Object Repository/OMVA_Login_Page/InvalidLogin_HeaderTxt' (Root cause: com.kms.katalon.core.webui.exception.WebElementNotFoundException: Web element with id: 'Object Repository/OMVA_Login_Page/InvalidLogin_HeaderTxt' located by 'By.xpath: //h4[text()='Invalid Credentials']' not found)

2018-07-16 13:21:08 - [TEST_STEP][PASSED] - callTestCase: Call Test Case 'Test Cases/CommonTestcases/OpenBrowserandNavigateToQAURL' successfully

2018-07-16 13:21:08 - [TEST_CASE][PASSED] - Test Cases/CommonTestcases/OpenBrowserandNavigateToQAURL: Test Cases/CommonTestcases/OpenBrowserandNavigateToQAURL

2018-07-16 13:21:08 - [TEST_STEP][PASSED] - openBrowser: Browser is opened with url: ''

2018-07-16 13:21:10 - [MESSAGE][PASSED] - Browser is opened with url: ''

2018-07-16 13:21:10 - [TEST_STEP][PASSED] - navigateToUrl: Navigate to 'https://coa-demo-env.azurewebsites.net/da/index.html#/login' successfully

2018-07-16 13:21:15 - [MESSAGE][PASSED] - Navigate to 'https://coa-demo-env.azurewebsites.net/da/index.html#/login' successfully

2018-07-16 13:21:15 - [TEST_STEP][PASSED] - maximizeWindow: Current window maximized

2018-07-16 13:21:16 - [MESSAGE][PASSED] - Current window maximized

2018-07-16 13:21:16 - [MESSAGE][PASSED] - Call Test Case 'Test Cases/CommonTestcases/OpenBrowserandNavigateToQAURL' successfully

2018-07-16 13:21:16 - [TEST_STEP][PASSED] - waitForElementVisible: Object 'Object Repository/OMVA_Login_Page/Username_Textbox' is visible

2018-07-16 13:21:16 - [MESSAGE][PASSED] - Object 'Object Repository/OMVA_Login_Page/Username_Textbox' is visible

2018-07-16 13:21:16 - [TEST_STEP][PASSED] - sendKeys: Keys 'Lock' sent to object: 'Object Repository/OMVA_Login_Page/Username_Textbox'

2018-07-16 13:21:16 - [MESSAGE][PASSED] - Keys 'Lock' sent to object: 'Object Repository/OMVA_Login_Page/Username_Textbox'

2018-07-16 13:21:16 - [TEST_STEP][PASSED] - click: Object: 'Object Repository/OMVA_Login_Page/Next_Button' is clicked on

2018-07-16 13:21:16 - [MESSAGE][PASSED] - Object: 'Object Repository/OMVA_Login_Page/Next_Button' is clicked on

2018-07-16 13:21:16 - [TEST_STEP][PASSED] - Statement - If (true): null

2018-07-16 13:21:16 - [TEST_STEP][PASSED] - waitForElementVisible: Object 'Object Repository/OMVA_Login_Page/Password_Textbox' is visible

2018-07-16 13:21:17 - [MESSAGE][PASSED] - Object 'Object Repository/OMVA_Login_Page/Password_Textbox' is visible

2018-07-16 13:21:17 - [TEST_STEP][PASSED] - Statement - assert true: null

2018-07-16 13:21:17 - [TEST_STEP][PASSED] - sendKeys: Keys 'Pwd' sent to object: 'Object Repository/OMVA_Login_Page/Password_Textbox'

2018-07-16 13:21:17 - [MESSAGE][PASSED] - Keys 'Pwd' sent to object: 'Object Repository/OMVA_Login_Page/Password_Textbox'

2018-07-16 13:21:17 - [TEST_STEP][PASSED] - click: Object: 'Object Repository/OMVA_Login_Page/Signin_Button' is clicked on

2018-07-16 13:21:17 - [MESSAGE][PASSED] - Object: 'Object Repository/OMVA_Login_Page/Signin_Button' is clicked on

2018-07-16 13:21:17 - [TEST_STEP][FAILED] - Statement - AHeaderTxt = com.kms.katalon.core.webui.keyword.WebUiBuiltInKeywords.getText(com.kms.katalon.core.testobject.ObjectRepository.findTestObject(OMVA_Login_Page/InvalidLogin_HeaderTxt)): Unable to get text of object 'Object Repository/OMVA_Login_Page/InvalidLogin_HeaderTxt' (Root cause: com.kms.katalon.core.webui.exception.WebElementNotFoundException: Web element with id: 'Object Repository/OMVA_Login_Page/InvalidLogin_HeaderTxt' located by 'By.xpath: //h4[text()='Invalid Credentials']' not found)

2018-07-16 13:21:33 - [MESSAGE][FAILED] - Unable to get text of object 'Object Repository/OMVA_Login_Page/InvalidLogin_HeaderTxt' (Root cause: com.kms.katalon.core.webui.exception.WebElementNotFoundException: Web element with id: 'Object Repository/OMVA_Login_Page/InvalidLogin_HeaderTxt' located by 'By.xpath: //h4[text()='Invalid Credentials']' not found)
[[ATTACHMENT|D:\\P&G New\\Automation-P&G-Code-Base\\OMVA\\Reports\\UserManagementTestSuite\\20180716_131113\\1531727493273.png]]

2018-07-16 13:21:33 - [MESSAGE][FAILED] - Unable to call Test Case with id 'Test Cases/UserManagementTestCases/Login/Invalid_Login' (Root cause: Call Test Case 'Test Cases/UserManagementTestCases/Login/Invalid_Login' failed)]]></system-out>
         <system-err><![CDATA[2018-07-16 13:21:07 - [TEST_CASE][FAILED] - Test Cases/UserManagementTestCases/UserActions/LockUser: Test Cases/UserManagementTestCases/UserActions/LockUser FAILED because (of) Unable to get text of object 'Object Repository/OMVA_Login_Page/InvalidLogin_HeaderTxt' (Root cause: com.kms.katalon.core.webui.exception.WebElementNotFoundException: Web element with id: 'Object Repository/OMVA_Login_Page/InvalidLogin_HeaderTxt' located by 'By.xpath: //h4[text()='Invalid Credentials']' not found)]]></system-err>
      </testcase>
      <testcase name="Test Cases/UserManagementTestCases/UserActions/Unlock_User" classname="Test Cases/UserManagementTestCases/UserActions/Unlock_User" status="FAILED">
         <failure type="FAILED" message="Unable to click on object 'Object Repository/OMVA_Landing_Page/Locked_Icon' (Root cause: com.kms.katalon.core.webui.exception.WebElementNotFoundException: Web element with id: 'Object Repository/OMVA_Landing_Page/Locked_Icon' located by 'By.xpath: (//tr[contains(text(),'Lock')]/ancestor::td/following-sibling::td/descendant::span[@class='locked-status-locked'])[1]' not found)"/>
         <system-out><![CDATA[2018-07-16 13:21:33 - [TEST_CASE][FAILED] - Test Cases/UserManagementTestCases/UserActions/Unlock_User: Test Cases/UserManagementTestCases/UserActions/Unlock_User FAILED because (of) Unable to click on object 'Object Repository/OMVA_Landing_Page/Locked_Icon' (Root cause: com.kms.katalon.core.webui.exception.WebElementNotFoundException: Web element with id: 'Object Repository/OMVA_Landing_Page/Locked_Icon' located by 'By.xpath: (//tr[contains(text(),'Lock')]/ancestor::td/following-sibling::td/descendant::span[@class='locked-status-locked'])[1]' not found)

2018-07-16 13:21:34 - [TEST_STEP][PASSED] - callTestCase: Call Test Case 'Test Cases/CommonTestcases/OpenBrowserandNavigateToQAURL' successfully

2018-07-16 13:21:34 - [TEST_CASE][PASSED] - Test Cases/CommonTestcases/OpenBrowserandNavigateToQAURL: Test Cases/CommonTestcases/OpenBrowserandNavigateToQAURL

2018-07-16 13:21:34 - [TEST_STEP][PASSED] - openBrowser: Browser is opened with url: ''

2018-07-16 13:21:34 - [MESSAGE][WARNING] - A browser is already opened. Closing browser and opening a new one

2018-07-16 13:21:37 - [MESSAGE][PASSED] - Browser is opened with url: ''

2018-07-16 13:21:37 - [TEST_STEP][PASSED] - navigateToUrl: Navigate to 'https://coa-demo-env.azurewebsites.net/da/index.html#/login' successfully

2018-07-16 13:21:42 - [MESSAGE][PASSED] - Navigate to 'https://coa-demo-env.azurewebsites.net/da/index.html#/login' successfully

2018-07-16 13:21:42 - [TEST_STEP][PASSED] - maximizeWindow: Current window maximized

2018-07-16 13:21:43 - [MESSAGE][PASSED] - Current window maximized

2018-07-16 13:21:43 - [MESSAGE][PASSED] - Call Test Case 'Test Cases/CommonTestcases/OpenBrowserandNavigateToQAURL' successfully

2018-07-16 13:21:43 - [TEST_STEP][PASSED] - waitForElementVisible: Object 'Object Repository/OMVA_Login_Page/Username_Textbox' is visible

2018-07-16 13:21:43 - [MESSAGE][PASSED] - Object 'Object Repository/OMVA_Login_Page/Username_Textbox' is visible

2018-07-16 13:21:43 - [TEST_STEP][PASSED] - sendKeys: Keys 'SuperAdmin' sent to object: 'Object Repository/OMVA_Login_Page/Username_Textbox'

2018-07-16 13:21:43 - [MESSAGE][PASSED] - Keys 'SuperAdmin' sent to object: 'Object Repository/OMVA_Login_Page/Username_Textbox'

2018-07-16 13:21:43 - [TEST_STEP][PASSED] - click: Object: 'Object Repository/OMVA_Login_Page/Next_Button' is clicked on

2018-07-16 13:21:43 - [MESSAGE][PASSED] - Object: 'Object Repository/OMVA_Login_Page/Next_Button' is clicked on

2018-07-16 13:21:43 - [TEST_STEP][PASSED] - waitForElementVisible: Object 'Object Repository/OMVA_Login_Page/Password_Textbox' is visible

2018-07-16 13:21:44 - [MESSAGE][PASSED] - Object 'Object Repository/OMVA_Login_Page/Password_Textbox' is visible

2018-07-16 13:21:44 - [TEST_STEP][PASSED] - sendKeys: Keys 'SuperAdmin' sent to object: 'Object Repository/OMVA_Login_Page/Password_Textbox'

2018-07-16 13:21:44 - [MESSAGE][PASSED] - Keys 'SuperAdmin' sent to object: 'Object Repository/OMVA_Login_Page/Password_Textbox'

2018-07-16 13:21:44 - [TEST_STEP][PASSED] - click: Object: 'Object Repository/OMVA_Login_Page/Signin_Button' is clicked on

2018-07-16 13:21:44 - [MESSAGE][PASSED] - Object: 'Object Repository/OMVA_Login_Page/Signin_Button' is clicked on

2018-07-16 13:21:44 - [TEST_STEP][PASSED] - delay: Delayed 5 second(s)

2018-07-16 13:21:49 - [MESSAGE][PASSED] - Delayed 5 second(s)

2018-07-16 13:21:49 - [TEST_STEP][PASSED] - waitForElementVisible: Object 'Object Repository/OMVA_Landing_Page/Search_icon' is visible

2018-07-16 13:21:49 - [MESSAGE][PASSED] - Object 'Object Repository/OMVA_Landing_Page/Search_icon' is visible

2018-07-16 13:21:49 - [TEST_STEP][PASSED] - click: Object: 'Object Repository/OMVA_Landing_Page/Search_icon' is clicked on

2018-07-16 13:21:49 - [MESSAGE][PASSED] - Object: 'Object Repository/OMVA_Landing_Page/Search_icon' is clicked on

2018-07-16 13:21:49 - [TEST_STEP][PASSED] - sendKeys: Keys 'Lock' sent to object: 'Object Repository/OMVA_Landing_Page/Search_icon'

2018-07-16 13:21:50 - [MESSAGE][PASSED] - Keys 'Lock' sent to object: 'Object Repository/OMVA_Landing_Page/Search_icon'

2018-07-16 13:21:50 - [TEST_STEP][PASSED] - delay: Delayed 3 second(s)

2018-07-16 13:21:53 - [MESSAGE][PASSED] - Delayed 3 second(s)

2018-07-16 13:21:53 - [TEST_STEP][PASSED] - waitForElementVisible: Web element with id: 'Object Repository/OMVA_Landing_Page/Locked_Icon' located by 'By.xpath: (//tr[contains(text(),'Lock')]/ancestor::td/following-sibling::td/descendant::span[@class='locked-status-locked'])[1]' not found

2018-07-16 13:21:58 - [MESSAGE][WARNING] - Web element with id: 'Object Repository/OMVA_Landing_Page/Locked_Icon' located by 'By.xpath: (//tr[contains(text(),'Lock')]/ancestor::td/following-sibling::td/descendant::span[@class='locked-status-locked'])[1]' not found

2018-07-16 13:21:58 - [TEST_STEP][FAILED] - click: Unable to click on object 'Object Repository/OMVA_Landing_Page/Locked_Icon' (Root cause: com.kms.katalon.core.webui.exception.WebElementNotFoundException: Web element with id: 'Object Repository/OMVA_Landing_Page/Locked_Icon' located by 'By.xpath: (//tr[contains(text(),'Lock')]/ancestor::td/following-sibling::td/descendant::span[@class='locked-status-locked'])[1]' not found)

2018-07-16 13:22:14 - [MESSAGE][FAILED] - Unable to click on object 'Object Repository/OMVA_Landing_Page/Locked_Icon' (Root cause: com.kms.katalon.core.webui.exception.WebElementNotFoundException: Web element with id: 'Object Repository/OMVA_Landing_Page/Locked_Icon' located by 'By.xpath: (//tr[contains(text(),'Lock')]/ancestor::td/following-sibling::td/descendant::span[@class='locked-status-locked'])[1]' not found)
[[ATTACHMENT|D:\\P&G New\\Automation-P&G-Code-Base\\OMVA\\Reports\\UserManagementTestSuite\\20180716_131113\\1531727534552.png]]]]></system-out>
         <system-err><![CDATA[2018-07-16 13:21:33 - [TEST_CASE][FAILED] - Test Cases/UserManagementTestCases/UserActions/Unlock_User: Test Cases/UserManagementTestCases/UserActions/Unlock_User FAILED because (of) Unable to click on object 'Object Repository/OMVA_Landing_Page/Locked_Icon' (Root cause: com.kms.katalon.core.webui.exception.WebElementNotFoundException: Web element with id: 'Object Repository/OMVA_Landing_Page/Locked_Icon' located by 'By.xpath: (//tr[contains(text(),'Lock')]/ancestor::td/following-sibling::td/descendant::span[@class='locked-status-locked'])[1]' not found)]]></system-err>
      </testcase>
      <system-out><![CDATA[2018-07-16 13:11:15 - [TEST_SUITE][FAILED] - UserManagementTestSuite: Test Cases/UserManagementTestCases/UserActions/LockUser FAILED because (of) Unable to get text of object 'Object Repository/OMVA_Login_Page/InvalidLogin_HeaderTxt' (Root cause: com.kms.katalon.core.webui.exception.WebElementNotFoundException: Web element with id: 'Object Repository/OMVA_Login_Page/InvalidLogin_HeaderTxt' located by 'By.xpath: //h4[text()='Invalid Credentials']' not found)]]></system-out>
      <system-err><![CDATA[2018-07-16 13:11:15 - [TEST_SUITE][FAILED] - UserManagementTestSuite: Test Cases/UserManagementTestCases/UserActions/LockUser FAILED because (of) Unable to get text of object 'Object Repository/OMVA_Login_Page/InvalidLogin_HeaderTxt' (Root cause: com.kms.katalon.core.webui.exception.WebElementNotFoundException: Web element with id: 'Object Repository/OMVA_Login_Page/InvalidLogin_HeaderTxt' located by 'By.xpath: //h4[text()='Invalid Credentials']' not found)]]></system-err>
   </testsuite>
</testsuites>
