<?xml version="1.0" encoding="UTF-8"?>
<testsuites name="UserHistoryTestSuite" time="104" tests="1" failures="2" errors="0">
   <testsuite name="UserHistoryTestSuite" tests="1" failures="2" errors="0" time="104" timestamp="2018-07-17 12:29:37" hostname="703177791 - 703177791GDL.IND.CORP.AD" id="Test Suites/UserHistoryTestSuite">
      <properties>
         <property name="deviceName" value=""/>
         <property name="devicePlatform" value=""/>
         <property name="logFolder" value="D:\\P&amp;G New\\Automation-P&amp;G-Code-Base\\OMVA\\Reports\\UserHistoryTestSuite\\20180717_120946"/>
         <property name="logFiles" value="D:\\P&amp;G New\\Automation-P&amp;G-Code-Base\\OMVA\\Reports\\UserHistoryTestSuite\\20180717_120946\\execution0.log"/>
         <property name="attachments" value="D:\\P&amp;G New\\Automation-P&amp;G-Code-Base\\OMVA\\Reports\\UserHistoryTestSuite\\20180717_120946\\1531810829872.png"/>
         <property name="hostName" value="703177791 - 703177791GDL.IND.CORP.AD"/>
         <property name="os" value="Windows 10 64bit"/>
         <property name="katalonVersion" value="5.4.2.1"/>
         <property name="browser" value="Chrome 67.0.3396.62"/>
         <property name="hostAddress" value="172.16.21.232"/>
         <property name="sessionId" value="f24c23a7994719079fdecbe3bcbe32f5"/>
         <property name="seleniumVersion" value="3.7.1"/>
         <property name="proxyInformation" value="ProxyInformation{proxyOption=NO_PROXY, proxyServerType=HTTP, password=, proxyServerAddress=, proxyServerPort=0}"/>
         <property name="platform" value="Windows 10"/>
      </properties>
      <testcase name="Test Cases/CommonTestcases/ResetTestData" classname="Test Cases/CommonTestcases/ResetTestData" status="PASSED">
         <system-out><![CDATA[2018-07-17 12:29:38 - [TEST_CASE][PASSED] - Test Cases/CommonTestcases/ResetTestData: Test Cases/CommonTestcases/ResetTestData

2018-07-17 12:29:38 - [TEST_STEP][PASSED] - dataBaseConnection.dataBase.connectDB: dataBaseConnection.dataBase.connectDB is PASSED

2018-07-17 12:29:39 - [MESSAGE][PASSED] - dataBaseConnection.dataBase.connectDB is PASSED

2018-07-17 12:29:39 - [TEST_STEP][PASSED] - dataBaseConnection.dataBase.ResetTestData: dataBaseConnection.dataBase.ResetTestData is PASSED

2018-07-17 12:29:42 - [MESSAGE][PASSED] - dataBaseConnection.dataBase.ResetTestData is PASSED

2018-07-17 12:29:42 - [TEST_STEP][PASSED] - dataBaseConnection.dataBase.closeDatabaseConnection: dataBaseConnection.dataBase.closeDatabaseConnection is PASSED

2018-07-17 12:29:42 - [MESSAGE][PASSED] - dataBaseConnection.dataBase.closeDatabaseConnection is PASSED]]></system-out>
         <system-err><![CDATA[]]></system-err>
      </testcase>
      <testcase name="Test Cases/UserHIstoryTestCases/Verify_MALSKU_MovesToHistory" classname="Test Cases/UserHIstoryTestCases/Verify_MALSKU_MovesToHistory" status="FAILED">
         <failure type="FAILED" message="Unable to click on object 'Object Repository/OMVA_Summary_Page/Select_puregold' (Root cause: com.kms.katalon.core.webui.exception.WebElementNotFoundException: Web element with id: 'Object Repository/OMVA_Summary_Page/Select_puregold' located by 'By.xpath: //div[@class='dropdown-menu filter-select']/ul/li[1]/label[@for='0_catchecked']' not found)"/>
         <system-out><![CDATA[2018-07-17 12:29:42 - [TEST_CASE][FAILED] - Test Cases/UserHIstoryTestCases/Verify_MALSKU_MovesToHistory: Test Cases/UserHIstoryTestCases/Verify_MALSKU_MovesToHistory FAILED because (of) Unable to click on object 'Object Repository/OMVA_Summary_Page/Select_puregold' (Root cause: com.kms.katalon.core.webui.exception.WebElementNotFoundException: Web element with id: 'Object Repository/OMVA_Summary_Page/Select_puregold' located by 'By.xpath: //div[@class='dropdown-menu filter-select']/ul/li[1]/label[@for='0_catchecked']' not found)

2018-07-17 12:29:42 - [TEST_STEP][PASSED] - callTestCase: Call Test Case 'Test Cases/UserManagementTestCases/Login/Login_ChannelMSP' successfully

2018-07-17 12:29:43 - [TEST_CASE][PASSED] - Test Cases/UserManagementTestCases/Login/Login_ChannelMSP: Test Cases/UserManagementTestCases/Login/Login_ChannelMSP

2018-07-17 12:29:43 - [TEST_STEP][PASSED] - callTestCase: Call Test Case 'Test Cases/CommonTestcases/OpenBrowserandNavigateToQAURL' successfully

2018-07-17 12:29:43 - [TEST_CASE][PASSED] - Test Cases/CommonTestcases/OpenBrowserandNavigateToQAURL: Test Cases/CommonTestcases/OpenBrowserandNavigateToQAURL

2018-07-17 12:29:43 - [TEST_STEP][PASSED] - openBrowser: Browser is opened with url: ''

2018-07-17 12:29:46 - [MESSAGE][PASSED] - Browser is opened with url: ''

2018-07-17 12:29:46 - [TEST_STEP][PASSED] - navigateToUrl: Navigate to 'https://coa-demo-env.azurewebsites.net/da/index.html#/login' successfully

2018-07-17 12:29:56 - [MESSAGE][PASSED] - Navigate to 'https://coa-demo-env.azurewebsites.net/da/index.html#/login' successfully

2018-07-17 12:29:56 - [TEST_STEP][PASSED] - maximizeWindow: Current window maximized

2018-07-17 12:29:57 - [MESSAGE][PASSED] - Current window maximized

2018-07-17 12:29:57 - [MESSAGE][PASSED] - Call Test Case 'Test Cases/CommonTestcases/OpenBrowserandNavigateToQAURL' successfully

2018-07-17 12:29:57 - [TEST_STEP][PASSED] - waitForElementVisible: Object 'Object Repository/OMVA_Login_Page/Password_Textbox' is not visible after 10 second(s)

2018-07-17 12:30:08 - [MESSAGE][WARNING] - Object 'Object Repository/OMVA_Login_Page/Password_Textbox' is not visible after 10 second(s)

2018-07-17 12:30:08 - [TEST_STEP][PASSED] - sendKeys: Keys 'nicole' sent to object: 'Object Repository/OMVA_Login_Page/Username_Textbox'

2018-07-17 12:30:08 - [MESSAGE][PASSED] - Keys 'nicole' sent to object: 'Object Repository/OMVA_Login_Page/Username_Textbox'

2018-07-17 12:30:08 - [TEST_STEP][PASSED] - click: Object: 'Object Repository/OMVA_Login_Page/Next_Button' is clicked on

2018-07-17 12:30:08 - [MESSAGE][PASSED] - Object: 'Object Repository/OMVA_Login_Page/Next_Button' is clicked on

2018-07-17 12:30:08 - [TEST_STEP][PASSED] - waitForElementVisible: Object 'Object Repository/OMVA_Login_Page/Password_Textbox' is visible

2018-07-17 12:30:09 - [MESSAGE][PASSED] - Object 'Object Repository/OMVA_Login_Page/Password_Textbox' is visible

2018-07-17 12:30:09 - [TEST_STEP][PASSED] - sendKeys: Keys 'nicole' sent to object: 'Object Repository/OMVA_Login_Page/Password_Textbox'

2018-07-17 12:30:09 - [MESSAGE][PASSED] - Keys 'nicole' sent to object: 'Object Repository/OMVA_Login_Page/Password_Textbox'

2018-07-17 12:30:09 - [TEST_STEP][PASSED] - click: Object: 'Object Repository/OMVA_Login_Page/Signin_Button' is clicked on

2018-07-17 12:30:09 - [MESSAGE][PASSED] - Object: 'Object Repository/OMVA_Login_Page/Signin_Button' is clicked on

2018-07-17 12:30:09 - [TEST_STEP][PASSED] - waitForAngularLoad: This page doesn't use Angular.

2018-07-17 12:30:09 - [MESSAGE][WARNING] - This page doesn't use Angular.

2018-07-17 12:30:09 - [TEST_STEP][PASSED] - Statement - greetingtext = com.kms.katalon.core.webui.keyword.WebUiBuiltInKeywords.getText(com.kms.katalon.core.testobject.ObjectRepository.findTestObject(OMVA_Landing_Page/Greeting_Label)): Text of object 'Object Repository/OMVA_Landing_Page/Greeting_Label' is: 'Good Afternoon, nicole'

2018-07-17 12:30:10 - [MESSAGE][PASSED] - Text of object 'Object Repository/OMVA_Landing_Page/Greeting_Label' is: 'Good Afternoon, nicole'

2018-07-17 12:30:10 - [TEST_STEP][PASSED] - verifyMatch: Actual text 'Good Afternoon, nicole' and expected text '\D*nicole' are matched  using regular expression

2018-07-17 12:30:10 - [MESSAGE][PASSED] - Actual text 'Good Afternoon, nicole' and expected text '\D*nicole' are matched  using regular expression

2018-07-17 12:30:10 - [MESSAGE][PASSED] - Call Test Case 'Test Cases/UserManagementTestCases/Login/Login_ChannelMSP' successfully

2018-07-17 12:30:10 - [TEST_STEP][PASSED] - delay: Delayed 3 second(s)

2018-07-17 12:30:13 - [MESSAGE][PASSED] - Delayed 3 second(s)

2018-07-17 12:30:13 - [TEST_STEP][PASSED] - click: Object: 'Object Repository/OMVA_Summary_Page/Customer_dropdown' is clicked on

2018-07-17 12:30:13 - [MESSAGE][PASSED] - Object: 'Object Repository/OMVA_Summary_Page/Customer_dropdown' is clicked on

2018-07-17 12:30:13 - [TEST_STEP][FAILED] - click: Unable to click on object 'Object Repository/OMVA_Summary_Page/Select_puregold' (Root cause: com.kms.katalon.core.webui.exception.WebElementNotFoundException: Web element with id: 'Object Repository/OMVA_Summary_Page/Select_puregold' located by 'By.xpath: //div[@class='dropdown-menu filter-select']/ul/li[1]/label[@for='0_catchecked']' not found)

2018-07-17 12:30:30 - [MESSAGE][FAILED] - Unable to click on object 'Object Repository/OMVA_Summary_Page/Select_puregold' (Root cause: com.kms.katalon.core.webui.exception.WebElementNotFoundException: Web element with id: 'Object Repository/OMVA_Summary_Page/Select_puregold' located by 'By.xpath: //div[@class='dropdown-menu filter-select']/ul/li[1]/label[@for='0_catchecked']' not found)
[[ATTACHMENT|D:\\P&G New\\Automation-P&G-Code-Base\\OMVA\\Reports\\UserHistoryTestSuite\\20180717_120946\\1531810829872.png]]]]></system-out>
         <system-err><![CDATA[2018-07-17 12:29:42 - [TEST_CASE][FAILED] - Test Cases/UserHIstoryTestCases/Verify_MALSKU_MovesToHistory: Test Cases/UserHIstoryTestCases/Verify_MALSKU_MovesToHistory FAILED because (of) Unable to click on object 'Object Repository/OMVA_Summary_Page/Select_puregold' (Root cause: com.kms.katalon.core.webui.exception.WebElementNotFoundException: Web element with id: 'Object Repository/OMVA_Summary_Page/Select_puregold' located by 'By.xpath: //div[@class='dropdown-menu filter-select']/ul/li[1]/label[@for='0_catchecked']' not found)]]></system-err>
      </testcase>
      <testcase name="Test Cases/UserHIstoryTestCases/Verify_display_of_HistoryPage" classname="Test Cases/UserHIstoryTestCases/Verify_display_of_HistoryPage" status="FAILED">
         <failure type="FAILED" message="Unable to verify match between actual text '' and expected text 'Rescue Strategy' (Root cause: Actual text '' and expected text 'Rescue Strategy' are not matched)"/>
         <system-out><![CDATA[2018-07-17 12:30:30 - [TEST_CASE][FAILED] - Test Cases/UserHIstoryTestCases/Verify_display_of_HistoryPage: Test Cases/UserHIstoryTestCases/Verify_display_of_HistoryPage FAILED because (of) Unable to verify match between actual text '' and expected text 'Rescue Strategy' (Root cause: Actual text '' and expected text 'Rescue Strategy' are not matched)

2018-07-17 12:30:30 - [TEST_STEP][PASSED] - callTestCase: Call Test Case 'Test Cases/UserManagementTestCases/Login/Login_ChannelMSP' successfully

2018-07-17 12:30:30 - [TEST_CASE][PASSED] - Test Cases/UserManagementTestCases/Login/Login_ChannelMSP: Test Cases/UserManagementTestCases/Login/Login_ChannelMSP

2018-07-17 12:30:30 - [TEST_STEP][PASSED] - callTestCase: Call Test Case 'Test Cases/CommonTestcases/OpenBrowserandNavigateToQAURL' successfully

2018-07-17 12:30:30 - [TEST_CASE][PASSED] - Test Cases/CommonTestcases/OpenBrowserandNavigateToQAURL: Test Cases/CommonTestcases/OpenBrowserandNavigateToQAURL

2018-07-17 12:30:30 - [TEST_STEP][PASSED] - openBrowser: Browser is opened with url: ''

2018-07-17 12:30:30 - [MESSAGE][WARNING] - A browser is already opened. Closing browser and opening a new one

2018-07-17 12:30:33 - [MESSAGE][PASSED] - Browser is opened with url: ''

2018-07-17 12:30:33 - [TEST_STEP][PASSED] - navigateToUrl: Navigate to 'https://coa-demo-env.azurewebsites.net/da/index.html#/login' successfully

2018-07-17 12:30:41 - [MESSAGE][PASSED] - Navigate to 'https://coa-demo-env.azurewebsites.net/da/index.html#/login' successfully

2018-07-17 12:30:41 - [TEST_STEP][PASSED] - maximizeWindow: Current window maximized

2018-07-17 12:30:42 - [MESSAGE][PASSED] - Current window maximized

2018-07-17 12:30:42 - [MESSAGE][PASSED] - Call Test Case 'Test Cases/CommonTestcases/OpenBrowserandNavigateToQAURL' successfully

2018-07-17 12:30:42 - [TEST_STEP][PASSED] - waitForElementVisible: Object 'Object Repository/OMVA_Login_Page/Password_Textbox' is not visible after 10 second(s)

2018-07-17 12:30:53 - [MESSAGE][WARNING] - Object 'Object Repository/OMVA_Login_Page/Password_Textbox' is not visible after 10 second(s)

2018-07-17 12:30:53 - [TEST_STEP][PASSED] - sendKeys: Keys 'nicole' sent to object: 'Object Repository/OMVA_Login_Page/Username_Textbox'

2018-07-17 12:30:53 - [MESSAGE][PASSED] - Keys 'nicole' sent to object: 'Object Repository/OMVA_Login_Page/Username_Textbox'

2018-07-17 12:30:53 - [TEST_STEP][PASSED] - click: Object: 'Object Repository/OMVA_Login_Page/Next_Button' is clicked on

2018-07-17 12:30:53 - [MESSAGE][PASSED] - Object: 'Object Repository/OMVA_Login_Page/Next_Button' is clicked on

2018-07-17 12:30:53 - [TEST_STEP][PASSED] - waitForElementVisible: Object 'Object Repository/OMVA_Login_Page/Password_Textbox' is visible

2018-07-17 12:30:54 - [MESSAGE][PASSED] - Object 'Object Repository/OMVA_Login_Page/Password_Textbox' is visible

2018-07-17 12:30:54 - [TEST_STEP][PASSED] - sendKeys: Keys 'nicole' sent to object: 'Object Repository/OMVA_Login_Page/Password_Textbox'

2018-07-17 12:30:54 - [MESSAGE][PASSED] - Keys 'nicole' sent to object: 'Object Repository/OMVA_Login_Page/Password_Textbox'

2018-07-17 12:30:54 - [TEST_STEP][PASSED] - click: Object: 'Object Repository/OMVA_Login_Page/Signin_Button' is clicked on

2018-07-17 12:30:54 - [MESSAGE][PASSED] - Object: 'Object Repository/OMVA_Login_Page/Signin_Button' is clicked on

2018-07-17 12:30:54 - [TEST_STEP][PASSED] - waitForAngularLoad: This page doesn't use Angular.

2018-07-17 12:30:54 - [MESSAGE][WARNING] - This page doesn't use Angular.

2018-07-17 12:30:54 - [TEST_STEP][PASSED] - Statement - greetingtext = com.kms.katalon.core.webui.keyword.WebUiBuiltInKeywords.getText(com.kms.katalon.core.testobject.ObjectRepository.findTestObject(OMVA_Landing_Page/Greeting_Label)): Text of object 'Object Repository/OMVA_Landing_Page/Greeting_Label' is: 'Good Afternoon, nicole'

2018-07-17 12:30:55 - [MESSAGE][PASSED] - Text of object 'Object Repository/OMVA_Landing_Page/Greeting_Label' is: 'Good Afternoon, nicole'

2018-07-17 12:30:55 - [TEST_STEP][PASSED] - verifyMatch: Actual text 'Good Afternoon, nicole' and expected text '\D*nicole' are matched  using regular expression

2018-07-17 12:30:55 - [MESSAGE][PASSED] - Actual text 'Good Afternoon, nicole' and expected text '\D*nicole' are matched  using regular expression

2018-07-17 12:30:55 - [MESSAGE][PASSED] - Call Test Case 'Test Cases/UserManagementTestCases/Login/Login_ChannelMSP' successfully

2018-07-17 12:30:55 - [TEST_STEP][PASSED] - delay: Delayed 5 second(s)

2018-07-17 12:31:00 - [MESSAGE][PASSED] - Delayed 5 second(s)

2018-07-17 12:31:00 - [TEST_STEP][PASSED] - waitForElementPresent: Object 'Object Repository/OMVA_Landing_Page/History_Logo' is present

2018-07-17 12:31:00 - [MESSAGE][PASSED] - Object 'Object Repository/OMVA_Landing_Page/History_Logo' is present

2018-07-17 12:31:00 - [TEST_STEP][PASSED] - click: Object: 'Object Repository/OMVA_Landing_Page/History_Logo' is clicked on

2018-07-17 12:31:00 - [MESSAGE][PASSED] - Object: 'Object Repository/OMVA_Landing_Page/History_Logo' is clicked on

2018-07-17 12:31:00 - [TEST_STEP][PASSED] - delay: Delayed 5 second(s)

2018-07-17 12:31:05 - [MESSAGE][PASSED] - Delayed 5 second(s)

2018-07-17 12:31:05 - [TEST_STEP][PASSED] - waitForElementPresent: Object 'Object Repository/OMVA_Summary_Page/Customer_dropdown' is present

2018-07-17 12:31:05 - [MESSAGE][PASSED] - Object 'Object Repository/OMVA_Summary_Page/Customer_dropdown' is present

2018-07-17 12:31:05 - [TEST_STEP][PASSED] - click: Object: 'Object Repository/OMVA_Summary_Page/Customer_dropdown' is clicked on

2018-07-17 12:31:05 - [MESSAGE][PASSED] - Object: 'Object Repository/OMVA_Summary_Page/Customer_dropdown' is clicked on

2018-07-17 12:31:05 - [TEST_STEP][PASSED] - waitForElementPresent: Object 'Object Repository/OMVA_Summary_Page/Select_puregold' is present

2018-07-17 12:31:05 - [MESSAGE][PASSED] - Object 'Object Repository/OMVA_Summary_Page/Select_puregold' is present

2018-07-17 12:31:05 - [TEST_STEP][PASSED] - click: Object: 'Object Repository/OMVA_Summary_Page/Select_puregold' is clicked on

2018-07-17 12:31:05 - [MESSAGE][PASSED] - Object: 'Object Repository/OMVA_Summary_Page/Select_puregold' is clicked on

2018-07-17 12:31:05 - [TEST_STEP][PASSED] - delay: Delayed 5 second(s)

2018-07-17 12:31:10 - [MESSAGE][PASSED] - Delayed 5 second(s)

2018-07-17 12:31:10 - [TEST_STEP][PASSED] - click: Object: 'Object Repository/OMVA_History_Page/1stSKU_History' is clicked on

2018-07-17 12:31:11 - [MESSAGE][PASSED] - Object: 'Object Repository/OMVA_History_Page/1stSKU_History' is clicked on

2018-07-17 12:31:11 - [TEST_STEP][PASSED] - delay: Delayed 10 second(s)

2018-07-17 12:31:21 - [MESSAGE][PASSED] - Delayed 10 second(s)

2018-07-17 12:31:21 - [TEST_STEP][PASSED] - Statement - rescue = com.kms.katalon.core.webui.keyword.WebUiBuiltInKeywords.getText(com.kms.katalon.core.testobject.ObjectRepository.findTestObject(OMVA_History_Page/History_RescueStrategy)): Text of object 'Object Repository/OMVA_History_Page/History_RescueStrategy' is: ''

2018-07-17 12:31:21 - [MESSAGE][PASSED] - Text of object 'Object Repository/OMVA_History_Page/History_RescueStrategy' is: ''

2018-07-17 12:31:21 - [TEST_STEP][PASSED] - scrollToElement: Scroll to object 'Object Repository/OMVA_History_Page/History_OMVARecomendation' successfully

2018-07-17 12:31:21 - [MESSAGE][PASSED] - Scroll to object 'Object Repository/OMVA_History_Page/History_OMVARecomendation' successfully

2018-07-17 12:31:21 - [TEST_STEP][FAILED] - verifyMatch: Unable to verify match between actual text '' and expected text 'Rescue Strategy' (Root cause: Actual text '' and expected text 'Rescue Strategy' are not matched)

2018-07-17 12:31:21 - [MESSAGE][FAILED] - Unable to verify match between actual text '' and expected text 'Rescue Strategy' (Root cause: Actual text '' and expected text 'Rescue Strategy' are not matched)]]></system-out>
         <system-err><![CDATA[2018-07-17 12:30:30 - [TEST_CASE][FAILED] - Test Cases/UserHIstoryTestCases/Verify_display_of_HistoryPage: Test Cases/UserHIstoryTestCases/Verify_display_of_HistoryPage FAILED because (of) Unable to verify match between actual text '' and expected text 'Rescue Strategy' (Root cause: Actual text '' and expected text 'Rescue Strategy' are not matched)]]></system-err>
      </testcase>
      <system-out><![CDATA[2018-07-17 12:29:37 - [TEST_SUITE][FAILED] - UserHistoryTestSuite: Test Cases/UserHIstoryTestCases/Verify_MALSKU_MovesToHistory FAILED because (of) Unable to click on object 'Object Repository/OMVA_Summary_Page/Select_puregold' (Root cause: com.kms.katalon.core.webui.exception.WebElementNotFoundException: Web element with id: 'Object Repository/OMVA_Summary_Page/Select_puregold' located by 'By.xpath: //div[@class='dropdown-menu filter-select']/ul/li[1]/label[@for='0_catchecked']' not found)]]></system-out>
      <system-err><![CDATA[2018-07-17 12:29:37 - [TEST_SUITE][FAILED] - UserHistoryTestSuite: Test Cases/UserHIstoryTestCases/Verify_MALSKU_MovesToHistory FAILED because (of) Unable to click on object 'Object Repository/OMVA_Summary_Page/Select_puregold' (Root cause: com.kms.katalon.core.webui.exception.WebElementNotFoundException: Web element with id: 'Object Repository/OMVA_Summary_Page/Select_puregold' located by 'By.xpath: //div[@class='dropdown-menu filter-select']/ul/li[1]/label[@for='0_catchecked']' not found)]]></system-err>
   </testsuite>
</testsuites>
