<?xml version="1.0" encoding="UTF-8"?>
<testsuites name="UserManagementTestSuite" time="472" tests="16" failures="1" errors="0">
   <testsuite name="UserManagementTestSuite" tests="16" failures="1" errors="0" time="472" timestamp="2018-07-09 16:44:53" hostname="vijay.n - EDT-168.estblr.com" id="Test Suites/UserManagementTestSuite">
      <properties>
         <property name="deviceName" value=""/>
         <property name="devicePlatform" value=""/>
         <property name="logFolder" value="D:\\Automation_P&amp;G\\Automation-P&amp;G-Code-Base\\OMVA\\Reports\\UserManagementTestSuite\\20180709_164430"/>
         <property name="logFiles" value="D:\\Automation_P&amp;G\\Automation-P&amp;G-Code-Base\\OMVA\\Reports\\UserManagementTestSuite\\20180709_164430\\execution0.log"/>
         <property name="attachments" value="D:\\Automation_P&amp;G\\Automation-P&amp;G-Code-Base\\OMVA\\Reports\\UserManagementTestSuite\\20180709_164430\\1531135168994.png"/>
         <property name="hostName" value="vijay.n - EDT-168.estblr.com"/>
         <property name="os" value="Windows 7 64bit"/>
         <property name="katalonVersion" value="5.4.2.1"/>
         <property name="browser" value="Chrome 67.0.3396.99"/>
         <property name="hostAddress" value="172.16.17.168"/>
         <property name="sessionId" value="27b43f761853f3f58288f733b5a2d104"/>
         <property name="seleniumVersion" value="3.7.1"/>
         <property name="proxyInformation" value="ProxyInformation{proxyOption=NO_PROXY, proxyServerType=HTTP, password=, proxyServerAddress=, proxyServerPort=0}"/>
         <property name="platform" value="Windows 7"/>
      </properties>
      <testcase name="Test Cases/UserManagementTestCases/Login/Invalid_Login" classname="Test Cases/UserManagementTestCases/Login/Invalid_Login" status="PASSED">
         <system-out><![CDATA[2018-07-09 16:44:54 - [TEST_CASE][PASSED] - Test Cases/UserManagementTestCases/Login/Invalid_Login: Test Cases/UserManagementTestCases/Login/Invalid_Login

2018-07-09 16:44:56 - [TEST_STEP][PASSED] - callTestCase: Call Test Case 'Test Cases/CommonTestcases/OpenBrowserandNavigateToQAURL' successfully

2018-07-09 16:44:56 - [TEST_CASE][PASSED] - Test Cases/CommonTestcases/OpenBrowserandNavigateToQAURL: Test Cases/CommonTestcases/OpenBrowserandNavigateToQAURL

2018-07-09 16:44:56 - [TEST_STEP][PASSED] - openBrowser: Browser is opened with url: ''

2018-07-09 16:45:11 - [MESSAGE][PASSED] - Browser is opened with url: ''

2018-07-09 16:45:11 - [TEST_STEP][PASSED] - navigateToUrl: Navigate to 'https://coa-demo-env.azurewebsites.net/da/index.html#/login' successfully

2018-07-09 16:45:21 - [MESSAGE][PASSED] - Navigate to 'https://coa-demo-env.azurewebsites.net/da/index.html#/login' successfully

2018-07-09 16:45:21 - [TEST_STEP][PASSED] - maximizeWindow: Current window maximized

2018-07-09 16:45:21 - [MESSAGE][PASSED] - Current window maximized

2018-07-09 16:45:21 - [MESSAGE][PASSED] - Call Test Case 'Test Cases/CommonTestcases/OpenBrowserandNavigateToQAURL' successfully

2018-07-09 16:45:21 - [TEST_STEP][PASSED] - waitForElementVisible: Object 'Object Repository/OMVA_Login_Page/Username_Textbox' is visible

2018-07-09 16:45:21 - [MESSAGE][PASSED] - Object 'Object Repository/OMVA_Login_Page/Username_Textbox' is visible

2018-07-09 16:45:21 - [TEST_STEP][PASSED] - sendKeys: Keys 'asdf' sent to object: 'Object Repository/OMVA_Login_Page/Username_Textbox'

2018-07-09 16:45:21 - [MESSAGE][PASSED] - Keys 'asdf' sent to object: 'Object Repository/OMVA_Login_Page/Username_Textbox'

2018-07-09 16:45:21 - [TEST_STEP][PASSED] - click: Object: 'Object Repository/OMVA_Login_Page/Next_Button' is clicked on

2018-07-09 16:45:22 - [MESSAGE][PASSED] - Object: 'Object Repository/OMVA_Login_Page/Next_Button' is clicked on

2018-07-09 16:45:22 - [TEST_STEP][PASSED] - Statement - If (true): null

2018-07-09 16:45:22 - [TEST_STEP][PASSED] - waitForElementVisible: Object 'Object Repository/OMVA_Login_Page/Password_Textbox' is visible

2018-07-09 16:45:22 - [MESSAGE][PASSED] - Object 'Object Repository/OMVA_Login_Page/Password_Textbox' is visible

2018-07-09 16:45:22 - [TEST_STEP][PASSED] - Statement - assert true: null

2018-07-09 16:45:22 - [TEST_STEP][PASSED] - sendKeys: Keys 'qwerty' sent to object: 'Object Repository/OMVA_Login_Page/Password_Textbox'

2018-07-09 16:45:22 - [MESSAGE][PASSED] - Keys 'qwerty' sent to object: 'Object Repository/OMVA_Login_Page/Password_Textbox'

2018-07-09 16:45:22 - [TEST_STEP][PASSED] - click: Object: 'Object Repository/OMVA_Login_Page/Signin_Button' is clicked on

2018-07-09 16:45:22 - [MESSAGE][PASSED] - Object: 'Object Repository/OMVA_Login_Page/Signin_Button' is clicked on

2018-07-09 16:45:22 - [TEST_STEP][PASSED] - Statement - AHeaderTxt = com.kms.katalon.core.webui.keyword.WebUiBuiltInKeywords.getText(com.kms.katalon.core.testobject.ObjectRepository.findTestObject(OMVA_Login_Page/InvalidLogin_HeaderTxt)): Text of object 'Object Repository/OMVA_Login_Page/InvalidLogin_HeaderTxt' is: 'Invalid Credentials'

2018-07-09 16:45:23 - [MESSAGE][PASSED] - Text of object 'Object Repository/OMVA_Login_Page/InvalidLogin_HeaderTxt' is: 'Invalid Credentials'

2018-07-09 16:45:23 - [TEST_STEP][PASSED] - verifyMatch: Actual text 'Invalid Credentials' and expected text 'Invalid Credentials' are matched  using regular expression

2018-07-09 16:45:23 - [MESSAGE][PASSED] - Actual text 'Invalid Credentials' and expected text 'Invalid Credentials' are matched  using regular expression

2018-07-09 16:45:23 - [TEST_STEP][PASSED] - Statement - AContentTxt = com.kms.katalon.core.webui.keyword.WebUiBuiltInKeywords.getText(com.kms.katalon.core.testobject.ObjectRepository.findTestObject(OMVA_Login_Page/InvalidLogin_ContentTxt)): Text of object 'Object Repository/OMVA_Login_Page/InvalidLogin_ContentTxt' is: 'The specified username / password is invalid. Please try again.'

2018-07-09 16:45:23 - [MESSAGE][PASSED] - Text of object 'Object Repository/OMVA_Login_Page/InvalidLogin_ContentTxt' is: 'The specified username / password is invalid. Please try again.'

2018-07-09 16:45:23 - [TEST_STEP][PASSED] - verifyMatch: Actual text 'The specified username / password is invalid. Please try again.' and expected text 'The specified username / password is invalid. Please try again.' are matched  using regular expression

2018-07-09 16:45:23 - [MESSAGE][PASSED] - Actual text 'The specified username / password is invalid. Please try again.' and expected text 'The specified username / password is invalid. Please try again.' are matched  using regular expression

2018-07-09 16:45:23 - [TEST_STEP][PASSED] - waitForElementVisible: Object 'Object Repository/OMVA_Login_Page/InvalidLogin_OKbtn' is visible

2018-07-09 16:45:23 - [MESSAGE][PASSED] - Object 'Object Repository/OMVA_Login_Page/InvalidLogin_OKbtn' is visible

2018-07-09 16:45:23 - [TEST_STEP][PASSED] - Statement - assert true: null

2018-07-09 16:45:23 - [TEST_STEP][PASSED] - click: Object: 'Object Repository/OMVA_Login_Page/InvalidLogin_OKbtn' is clicked on

2018-07-09 16:45:24 - [MESSAGE][PASSED] - Object: 'Object Repository/OMVA_Login_Page/InvalidLogin_OKbtn' is clicked on

2018-07-09 16:45:24 - [TEST_STEP][PASSED] - closeBrowser: Browser is closed

2018-07-09 16:45:24 - [MESSAGE][PASSED] - Browser is closed]]></system-out>
         <system-err><![CDATA[]]></system-err>
      </testcase>
      <testcase name="Test Cases/UserManagementTestCases/Login/Valid_Login" classname="Test Cases/UserManagementTestCases/Login/Valid_Login" status="PASSED">
         <system-out><![CDATA[2018-07-09 16:45:24 - [TEST_CASE][PASSED] - Test Cases/UserManagementTestCases/Login/Valid_Login: Test Cases/UserManagementTestCases/Login/Valid_Login

2018-07-09 16:45:25 - [TEST_STEP][PASSED] - callTestCase: Call Test Case 'Test Cases/CommonTestcases/OpenBrowserandNavigateToQAURL' successfully

2018-07-09 16:45:25 - [TEST_CASE][PASSED] - Test Cases/CommonTestcases/OpenBrowserandNavigateToQAURL: Test Cases/CommonTestcases/OpenBrowserandNavigateToQAURL

2018-07-09 16:45:25 - [TEST_STEP][PASSED] - openBrowser: Browser is opened with url: ''

2018-07-09 16:45:26 - [MESSAGE][PASSED] - Browser is opened with url: ''

2018-07-09 16:45:26 - [TEST_STEP][PASSED] - navigateToUrl: Navigate to 'https://coa-demo-env.azurewebsites.net/da/index.html#/login' successfully

2018-07-09 16:45:35 - [MESSAGE][PASSED] - Navigate to 'https://coa-demo-env.azurewebsites.net/da/index.html#/login' successfully

2018-07-09 16:45:35 - [TEST_STEP][PASSED] - maximizeWindow: Current window maximized

2018-07-09 16:45:35 - [MESSAGE][PASSED] - Current window maximized

2018-07-09 16:45:35 - [MESSAGE][PASSED] - Call Test Case 'Test Cases/CommonTestcases/OpenBrowserandNavigateToQAURL' successfully

2018-07-09 16:45:35 - [TEST_STEP][PASSED] - waitForElementVisible: Object 'Object Repository/OMVA_Login_Page/Username_Textbox' is visible

2018-07-09 16:45:35 - [MESSAGE][PASSED] - Object 'Object Repository/OMVA_Login_Page/Username_Textbox' is visible

2018-07-09 16:45:35 - [TEST_STEP][PASSED] - sendKeys: Keys 'SuperAdmin' sent to object: 'Object Repository/OMVA_Login_Page/Username_Textbox'

2018-07-09 16:45:36 - [MESSAGE][PASSED] - Keys 'SuperAdmin' sent to object: 'Object Repository/OMVA_Login_Page/Username_Textbox'

2018-07-09 16:45:36 - [TEST_STEP][PASSED] - click: Object: 'Object Repository/OMVA_Login_Page/Next_Button' is clicked on

2018-07-09 16:45:36 - [MESSAGE][PASSED] - Object: 'Object Repository/OMVA_Login_Page/Next_Button' is clicked on

2018-07-09 16:45:36 - [TEST_STEP][PASSED] - Statement - If (true): null

2018-07-09 16:45:36 - [TEST_STEP][PASSED] - waitForElementVisible: Object 'Object Repository/OMVA_Login_Page/Password_Textbox' is visible

2018-07-09 16:45:36 - [MESSAGE][PASSED] - Object 'Object Repository/OMVA_Login_Page/Password_Textbox' is visible

2018-07-09 16:45:36 - [TEST_STEP][PASSED] - Statement - assert true: null

2018-07-09 16:45:36 - [TEST_STEP][PASSED] - sendKeys: Keys 'SuperAdmin' sent to object: 'Object Repository/OMVA_Login_Page/Password_Textbox'

2018-07-09 16:45:36 - [MESSAGE][PASSED] - Keys 'SuperAdmin' sent to object: 'Object Repository/OMVA_Login_Page/Password_Textbox'

2018-07-09 16:45:36 - [TEST_STEP][PASSED] - click: Object: 'Object Repository/OMVA_Login_Page/Signin_Button' is clicked on

2018-07-09 16:45:37 - [MESSAGE][PASSED] - Object: 'Object Repository/OMVA_Login_Page/Signin_Button' is clicked on

2018-07-09 16:45:37 - [TEST_STEP][PASSED] - waitForAngularLoad: This page doesn't use Angular.

2018-07-09 16:45:37 - [MESSAGE][WARNING] - This page doesn't use Angular.

2018-07-09 16:45:37 - [TEST_STEP][PASSED] - Statement - greetingtext = com.kms.katalon.core.webui.keyword.WebUiBuiltInKeywords.getText(com.kms.katalon.core.testobject.ObjectRepository.findTestObject(OMVA_Landing_Page/Greeting_Label)): Text of object 'Object Repository/OMVA_Landing_Page/Greeting_Label' is: 'Good Evening, SuperAdmin'

2018-07-09 16:45:37 - [MESSAGE][PASSED] - Text of object 'Object Repository/OMVA_Landing_Page/Greeting_Label' is: 'Good Evening, SuperAdmin'

2018-07-09 16:45:37 - [TEST_STEP][PASSED] - verifyMatch: Actual text 'Good Evening, SuperAdmin' and expected text '\D*SuperAdmin' are matched  using regular expression

2018-07-09 16:45:37 - [MESSAGE][PASSED] - Actual text 'Good Evening, SuperAdmin' and expected text '\D*SuperAdmin' are matched  using regular expression

2018-07-09 16:45:37 - [TEST_STEP][PASSED] - closeBrowser: Browser is closed

2018-07-09 16:45:38 - [MESSAGE][PASSED] - Browser is closed]]></system-out>
         <system-err><![CDATA[]]></system-err>
      </testcase>
      <testcase name="Test Cases/UserManagementTestCases/CreateUser/Create_User_Validate" classname="Test Cases/UserManagementTestCases/CreateUser/Create_User_Validate" status="PASSED">
         <system-out><![CDATA[2018-07-09 16:45:38 - [TEST_CASE][PASSED] - Test Cases/UserManagementTestCases/CreateUser/Create_User_Validate: Test Cases/UserManagementTestCases/CreateUser/Create_User_Validate

2018-07-09 16:45:38 - [TEST_STEP][PASSED] - callTestCase: Call Test Case 'Test Cases/CommonTestcases/OpenBrowserandNavigateToQAURL' successfully

2018-07-09 16:45:38 - [TEST_CASE][PASSED] - Test Cases/CommonTestcases/OpenBrowserandNavigateToQAURL: Test Cases/CommonTestcases/OpenBrowserandNavigateToQAURL

2018-07-09 16:45:38 - [TEST_STEP][PASSED] - openBrowser: Browser is opened with url: ''

2018-07-09 16:45:39 - [MESSAGE][PASSED] - Browser is opened with url: ''

2018-07-09 16:45:39 - [TEST_STEP][PASSED] - navigateToUrl: Navigate to 'https://coa-demo-env.azurewebsites.net/da/index.html#/login' successfully

2018-07-09 16:45:48 - [MESSAGE][PASSED] - Navigate to 'https://coa-demo-env.azurewebsites.net/da/index.html#/login' successfully

2018-07-09 16:45:48 - [TEST_STEP][PASSED] - maximizeWindow: Current window maximized

2018-07-09 16:45:48 - [MESSAGE][PASSED] - Current window maximized

2018-07-09 16:45:48 - [MESSAGE][PASSED] - Call Test Case 'Test Cases/CommonTestcases/OpenBrowserandNavigateToQAURL' successfully

2018-07-09 16:45:48 - [TEST_STEP][PASSED] - waitForElementVisible: Object 'Object Repository/OMVA_Login_Page/Username_Textbox' is visible

2018-07-09 16:45:48 - [MESSAGE][PASSED] - Object 'Object Repository/OMVA_Login_Page/Username_Textbox' is visible

2018-07-09 16:45:48 - [TEST_STEP][PASSED] - sendKeys: Keys 'SuperAdmin' sent to object: 'Object Repository/OMVA_Login_Page/Username_Textbox'

2018-07-09 16:45:48 - [MESSAGE][PASSED] - Keys 'SuperAdmin' sent to object: 'Object Repository/OMVA_Login_Page/Username_Textbox'

2018-07-09 16:45:48 - [TEST_STEP][PASSED] - click: Object: 'Object Repository/OMVA_Login_Page/Next_Button' is clicked on

2018-07-09 16:45:48 - [MESSAGE][PASSED] - Object: 'Object Repository/OMVA_Login_Page/Next_Button' is clicked on

2018-07-09 16:45:48 - [TEST_STEP][PASSED] - waitForElementVisible: Object 'Object Repository/OMVA_Login_Page/Password_Textbox' is visible

2018-07-09 16:45:48 - [MESSAGE][PASSED] - Object 'Object Repository/OMVA_Login_Page/Password_Textbox' is visible

2018-07-09 16:45:48 - [TEST_STEP][PASSED] - sendKeys: Keys 'SuperAdmin' sent to object: 'Object Repository/OMVA_Login_Page/Password_Textbox'

2018-07-09 16:45:49 - [MESSAGE][PASSED] - Keys 'SuperAdmin' sent to object: 'Object Repository/OMVA_Login_Page/Password_Textbox'

2018-07-09 16:45:49 - [TEST_STEP][PASSED] - click: Object: 'Object Repository/OMVA_Login_Page/Signin_Button' is clicked on

2018-07-09 16:45:49 - [MESSAGE][PASSED] - Object: 'Object Repository/OMVA_Login_Page/Signin_Button' is clicked on

2018-07-09 16:45:49 - [TEST_STEP][PASSED] - waitForPageLoad: Wait for page load successfully

2018-07-09 16:45:49 - [MESSAGE][PASSED] - Wait for page load successfully

2018-07-09 16:45:49 - [TEST_STEP][PASSED] - delay: Delayed 5 second(s)

2018-07-09 16:45:54 - [MESSAGE][PASSED] - Delayed 5 second(s)

2018-07-09 16:45:54 - [TEST_STEP][PASSED] - waitForElementPresent: Object 'Object Repository/OMVA_Landing_Page/CreateUser_Button' is present

2018-07-09 16:45:54 - [MESSAGE][PASSED] - Object 'Object Repository/OMVA_Landing_Page/CreateUser_Button' is present

2018-07-09 16:45:54 - [TEST_STEP][PASSED] - click: Object: 'Object Repository/OMVA_Landing_Page/CreateUser_Button' is clicked on

2018-07-09 16:45:54 - [MESSAGE][PASSED] - Object: 'Object Repository/OMVA_Landing_Page/CreateUser_Button' is clicked on

2018-07-09 16:45:54 - [TEST_STEP][PASSED] - delay: Delayed 3 second(s)

2018-07-09 16:45:57 - [MESSAGE][PASSED] - Delayed 3 second(s)

2018-07-09 16:45:57 - [TEST_STEP][PASSED] - waitForElementPresent: Object 'Object Repository/OMVA_UserManagement_Page/Role_Dropdown' is present

2018-07-09 16:45:57 - [MESSAGE][PASSED] - Object 'Object Repository/OMVA_UserManagement_Page/Role_Dropdown' is present

2018-07-09 16:45:57 - [TEST_STEP][PASSED] - Statement - If (true): null

2018-07-09 16:45:57 - [TEST_STEP][PASSED] - click: Object: 'Object Repository/OMVA_UserManagement_Page/Role_Dropdown' is clicked on

2018-07-09 16:45:57 - [MESSAGE][PASSED] - Object: 'Object Repository/OMVA_UserManagement_Page/Role_Dropdown' is clicked on

2018-07-09 16:45:57 - [TEST_STEP][PASSED] - Statement - assert true: null

2018-07-09 16:45:57 - [TEST_STEP][PASSED] - scrollToElement: Scroll to object 'Object Repository/OMVA_UserManagement_Page/DropdownOption_RoleDropdown_Market Admin' successfully

2018-07-09 16:45:57 - [MESSAGE][WARNING] - Timeout '0' is invalid. Using default page load timeout: '15'

2018-07-09 16:45:57 - [MESSAGE][PASSED] - Scroll to object 'Object Repository/OMVA_UserManagement_Page/DropdownOption_RoleDropdown_Market Admin' successfully

2018-07-09 16:45:57 - [TEST_STEP][PASSED] - click: Object: 'Object Repository/OMVA_UserManagement_Page/DropdownOption_RoleDropdown_Market Admin' is clicked on

2018-07-09 16:45:57 - [MESSAGE][PASSED] - Object: 'Object Repository/OMVA_UserManagement_Page/DropdownOption_RoleDropdown_Market Admin' is clicked on

2018-07-09 16:45:57 - [TEST_STEP][PASSED] - Statement - username = CustomKeywords.commonLibrary.commonFunctions.randomStringFunction("abcdefghijklmnopqrstuvwxyz", 6): commonLibrary.commonFunctions.randomStringFunction is PASSED

2018-07-09 16:45:58 - [MESSAGE][PASSED] - commonLibrary.commonFunctions.randomStringFunction is PASSED

2018-07-09 16:45:58 - [TEST_STEP][PASSED] - Statement - uname = username.toString(): null

2018-07-09 16:45:58 - [TEST_STEP][PASSED] - sendKeys: Keys 'jpkzij' sent to object: 'Object Repository/OMVA_UserManagement_Page/UserName_Textbox'

2018-07-09 16:45:58 - [MESSAGE][PASSED] - Keys 'jpkzij' sent to object: 'Object Repository/OMVA_UserManagement_Page/UserName_Textbox'

2018-07-09 16:45:58 - [TEST_STEP][PASSED] - Statement - emailidprefix = CustomKeywords.commonLibrary.commonFunctions.randomStringFunction("abcdefghijklmnopqrstuvwxyz", 9): commonLibrary.commonFunctions.randomStringFunction is PASSED

2018-07-09 16:45:58 - [MESSAGE][PASSED] - commonLibrary.commonFunctions.randomStringFunction is PASSED

2018-07-09 16:45:58 - [TEST_STEP][PASSED] - sendKeys: Keys 'kewgqydgx@autotestpg.com' sent to object: 'Object Repository/OMVA_UserManagement_Page/EmailID_Textbox'

2018-07-09 16:45:58 - [MESSAGE][PASSED] - Keys 'kewgqydgx@autotestpg.com' sent to object: 'Object Repository/OMVA_UserManagement_Page/EmailID_Textbox'

2018-07-09 16:45:58 - [TEST_STEP][PASSED] - Statement - firstname = CustomKeywords.commonLibrary.commonFunctions.randomStringFunction("abcdefghijklmnopqrstuvwxyz", 7): commonLibrary.commonFunctions.randomStringFunction is PASSED

2018-07-09 16:45:58 - [MESSAGE][PASSED] - commonLibrary.commonFunctions.randomStringFunction is PASSED

2018-07-09 16:45:58 - [TEST_STEP][PASSED] - sendKeys: Keys 'wwsnuzu' sent to object: 'Object Repository/OMVA_UserManagement_Page/FirstName_Textbox'

2018-07-09 16:45:58 - [MESSAGE][PASSED] - Keys 'wwsnuzu' sent to object: 'Object Repository/OMVA_UserManagement_Page/FirstName_Textbox'

2018-07-09 16:45:58 - [TEST_STEP][PASSED] - Statement - lastname = CustomKeywords.commonLibrary.commonFunctions.randomStringFunction("abcdefghijklmnopqrstuvwxyz", 7): commonLibrary.commonFunctions.randomStringFunction is PASSED

2018-07-09 16:45:58 - [MESSAGE][PASSED] - commonLibrary.commonFunctions.randomStringFunction is PASSED

2018-07-09 16:45:58 - [TEST_STEP][PASSED] - sendKeys: Keys 'fvkzuwv' sent to object: 'Object Repository/OMVA_UserManagement_Page/LastName_Textbox'

2018-07-09 16:45:58 - [MESSAGE][PASSED] - Keys 'fvkzuwv' sent to object: 'Object Repository/OMVA_UserManagement_Page/LastName_Textbox'

2018-07-09 16:45:58 - [TEST_STEP][PASSED] - Statement - ticketnum = CustomKeywords.commonLibrary.commonFunctions.randomStringFunction("123456789", 7): commonLibrary.commonFunctions.randomStringFunction is PASSED

2018-07-09 16:45:58 - [MESSAGE][PASSED] - commonLibrary.commonFunctions.randomStringFunction is PASSED

2018-07-09 16:45:58 - [TEST_STEP][PASSED] - sendKeys: Keys '5657977' sent to object: 'Object Repository/OMVA_UserManagement_Page/TicketNumber_Textbox'

2018-07-09 16:45:59 - [MESSAGE][PASSED] - Keys '5657977' sent to object: 'Object Repository/OMVA_UserManagement_Page/TicketNumber_Textbox'

2018-07-09 16:45:59 - [TEST_STEP][PASSED] - click: Object: 'Object Repository/OMVA_UserManagement_Page/Next_Button' is clicked on

2018-07-09 16:45:59 - [MESSAGE][PASSED] - Object: 'Object Repository/OMVA_UserManagement_Page/Next_Button' is clicked on

2018-07-09 16:45:59 - [TEST_STEP][PASSED] - applicationLibrary.checkboxMultiselection.multiselectCheckbox: applicationLibrary.checkboxMultiselection.multiselectCheckbox is PASSED

2018-07-09 16:46:01 - [MESSAGE][PASSED] - applicationLibrary.checkboxMultiselection.multiselectCheckbox is PASSED

2018-07-09 16:46:01 - [TEST_STEP][PASSED] - scrollToElement: Scroll to object 'Object Repository/OMVA_UserManagement_Page/Customer_Next_Btn' successfully

2018-07-09 16:46:01 - [MESSAGE][PASSED] - Scroll to object 'Object Repository/OMVA_UserManagement_Page/Customer_Next_Btn' successfully

2018-07-09 16:46:01 - [TEST_STEP][PASSED] - click: Object: 'Object Repository/OMVA_UserManagement_Page/Customer_Next_Btn' is clicked on

2018-07-09 16:46:01 - [MESSAGE][PASSED] - Object: 'Object Repository/OMVA_UserManagement_Page/Customer_Next_Btn' is clicked on

2018-07-09 16:46:01 - [TEST_STEP][PASSED] - applicationLibrary.checkboxMultiselection.multiselectCheckbox: applicationLibrary.checkboxMultiselection.multiselectCheckbox is PASSED

2018-07-09 16:46:04 - [MESSAGE][PASSED] - applicationLibrary.checkboxMultiselection.multiselectCheckbox is PASSED

2018-07-09 16:46:04 - [TEST_STEP][PASSED] - click: Object: 'Object Repository/OMVA_UserManagement_Page/UserCreation_Save_Btn' is clicked on

2018-07-09 16:46:04 - [MESSAGE][PASSED] - Object: 'Object Repository/OMVA_UserManagement_Page/UserCreation_Save_Btn' is clicked on

2018-07-09 16:46:04 - [TEST_STEP][PASSED] - waitForElementPresent: Object 'Object Repository/OMVA_UserManagement_Page/UserCreation_HeaderTxt' is present

2018-07-09 16:46:05 - [MESSAGE][PASSED] - Object 'Object Repository/OMVA_UserManagement_Page/UserCreation_HeaderTxt' is present

2018-07-09 16:46:05 - [TEST_STEP][PASSED] - verifyElementText: Actual text and expected text of test object 'Object Repository/OMVA_UserManagement_Page/UserCreation_HeaderTxt' are matched.

2018-07-09 16:46:05 - [MESSAGE][PASSED] - Actual text and expected text of test object 'Object Repository/OMVA_UserManagement_Page/UserCreation_HeaderTxt' are matched.

2018-07-09 16:46:05 - [TEST_STEP][PASSED] - verifyElementText: Actual text and expected text of test object 'Object Repository/OMVA_UserManagement_Page/UserCreation_ContentTxt' are matched.

2018-07-09 16:46:05 - [MESSAGE][PASSED] - Actual text and expected text of test object 'Object Repository/OMVA_UserManagement_Page/UserCreation_ContentTxt' are matched.

2018-07-09 16:46:05 - [TEST_STEP][PASSED] - click: Object: 'Object Repository/OMVA_UserManagement_Page/UserCreation_OK_Btn' is clicked on

2018-07-09 16:46:05 - [MESSAGE][PASSED] - Object: 'Object Repository/OMVA_UserManagement_Page/UserCreation_OK_Btn' is clicked on

2018-07-09 16:46:05 - [TEST_STEP][PASSED] - delay: Delayed 5 second(s)

2018-07-09 16:46:10 - [MESSAGE][PASSED] - Delayed 5 second(s)

2018-07-09 16:46:10 - [TEST_STEP][PASSED] - waitForElementPresent: Object 'Object Repository/OMVA_UserManagement_Page/Created_User_Username' is present

2018-07-09 16:46:10 - [MESSAGE][PASSED] - Object 'Object Repository/OMVA_UserManagement_Page/Created_User_Username' is present

2018-07-09 16:46:10 - [TEST_STEP][PASSED] - Statement - createduser = com.kms.katalon.core.webui.keyword.WebUiBuiltInKeywords.getText(com.kms.katalon.core.testobject.ObjectRepository.findTestObject(OMVA_UserManagement_Page/Created_User_Username)): Text of object 'Object Repository/OMVA_UserManagement_Page/Created_User_Username' is: 'wwsnuzu fvkzuwv'

2018-07-09 16:46:10 - [MESSAGE][PASSED] - Text of object 'Object Repository/OMVA_UserManagement_Page/Created_User_Username' is: 'wwsnuzu fvkzuwv'

2018-07-09 16:46:10 - [TEST_STEP][PASSED] - waitForElementVisible: Object 'Object Repository/OMVA_UserManagement_Page/Search_button' is visible

2018-07-09 16:46:10 - [MESSAGE][PASSED] - Object 'Object Repository/OMVA_UserManagement_Page/Search_button' is visible

2018-07-09 16:46:10 - [TEST_STEP][PASSED] - click: Object: 'Object Repository/OMVA_UserManagement_Page/Search_button' is clicked on

2018-07-09 16:46:11 - [MESSAGE][PASSED] - Object: 'Object Repository/OMVA_UserManagement_Page/Search_button' is clicked on

2018-07-09 16:46:11 - [TEST_STEP][PASSED] - waitForElementVisible: Object 'Object Repository/OMVA_UserManagement_Page/Enter_Text_Search' is visible

2018-07-09 16:46:11 - [MESSAGE][PASSED] - Object 'Object Repository/OMVA_UserManagement_Page/Enter_Text_Search' is visible

2018-07-09 16:46:11 - [TEST_STEP][PASSED] - sendKeys: Keys 'jpkzij' sent to object: 'Object Repository/OMVA_UserManagement_Page/Enter_Text_Search'

2018-07-09 16:46:11 - [MESSAGE][PASSED] - Keys 'jpkzij' sent to object: 'Object Repository/OMVA_UserManagement_Page/Enter_Text_Search'

2018-07-09 16:46:11 - [TEST_STEP][PASSED] - Statement - createduser = com.kms.katalon.core.webui.keyword.WebUiBuiltInKeywords.verifyMatch(createduser, firstname + " " + lastname, true): Actual text 'wwsnuzu fvkzuwv' and expected text 'wwsnuzu fvkzuwv' are matched  using regular expression

2018-07-09 16:46:11 - [MESSAGE][PASSED] - Actual text 'wwsnuzu fvkzuwv' and expected text 'wwsnuzu fvkzuwv' are matched  using regular expression

2018-07-09 16:46:11 - [TEST_STEP][PASSED] - dataBaseConnection.dataBase.connectDB: dataBaseConnection.dataBase.connectDB is PASSED

2018-07-09 16:46:16 - [MESSAGE][PASSED] - dataBaseConnection.dataBase.connectDB is PASSED

2018-07-09 16:46:16 - [TEST_STEP][PASSED] - dataBaseConnection.dataBase.executeQuery: dataBaseConnection.dataBase.executeQuery is PASSED

2018-07-09 16:46:16 - [MESSAGE][PASSED] - dataBaseConnection.dataBase.executeQuery is PASSED

2018-07-09 16:46:16 - [TEST_STEP][PASSED] - dataBaseConnection.dataBase.closeDatabaseConnection: dataBaseConnection.dataBase.closeDatabaseConnection is PASSED

2018-07-09 16:46:16 - [MESSAGE][PASSED] - dataBaseConnection.dataBase.closeDatabaseConnection is PASSED

2018-07-09 16:46:16 - [TEST_STEP][PASSED] - callTestCase: Call Test Case 'Test Cases/CommonTestcases/Logout_Closebrowser' successfully

2018-07-09 16:46:16 - [TEST_CASE][PASSED] - Test Cases/CommonTestcases/Logout_Closebrowser: Test Cases/CommonTestcases/Logout_Closebrowser

2018-07-09 16:46:17 - [TEST_STEP][PASSED] - waitForElementPresent: Object 'Object Repository/OMVA_Landing_Page/User_icon' is present

2018-07-09 16:46:17 - [MESSAGE][PASSED] - Object 'Object Repository/OMVA_Landing_Page/User_icon' is present

2018-07-09 16:46:17 - [TEST_STEP][PASSED] - click: Object: 'Object Repository/OMVA_Landing_Page/User_icon' is clicked on

2018-07-09 16:46:17 - [MESSAGE][PASSED] - Object: 'Object Repository/OMVA_Landing_Page/User_icon' is clicked on

2018-07-09 16:46:17 - [TEST_STEP][PASSED] - waitForElementPresent: Object 'Object Repository/OMVA_Landing_Page/Logout_link' is present

2018-07-09 16:46:17 - [MESSAGE][PASSED] - Object 'Object Repository/OMVA_Landing_Page/Logout_link' is present

2018-07-09 16:46:17 - [TEST_STEP][PASSED] - click: Object: 'Object Repository/OMVA_Landing_Page/Logout_link' is clicked on

2018-07-09 16:46:17 - [MESSAGE][PASSED] - Object: 'Object Repository/OMVA_Landing_Page/Logout_link' is clicked on

2018-07-09 16:46:17 - [TEST_STEP][PASSED] - waitForElementNotPresent: Web element with id: 'Object Repository/OMVA_Landing_Page/User_icon' located by 'By.xpath: //img[@id='dropdown']' is not present after '15' second(s)

2018-07-09 16:46:17 - [MESSAGE][WARNING] - Timeout '0' is invalid. Using default page load timeout: '15'

2018-07-09 16:46:17 - [MESSAGE][PASSED] - Web element with id: 'Object Repository/OMVA_Landing_Page/User_icon' located by 'By.xpath: //img[@id='dropdown']' is not present after '15' second(s)

2018-07-09 16:46:17 - [TEST_STEP][PASSED] - closeBrowser: Browser is closed

2018-07-09 16:46:18 - [MESSAGE][PASSED] - Browser is closed

2018-07-09 16:46:18 - [MESSAGE][PASSED] - Call Test Case 'Test Cases/CommonTestcases/Logout_Closebrowser' successfully]]></system-out>
         <system-err><![CDATA[]]></system-err>
      </testcase>
      <testcase name="Test Cases/UserManagementTestCases/CreateUser/Verify_InValid_Email" classname="Test Cases/UserManagementTestCases/CreateUser/Verify_InValid_Email" status="PASSED">
         <system-out><![CDATA[2018-07-09 16:46:18 - [TEST_CASE][PASSED] - Test Cases/UserManagementTestCases/CreateUser/Verify_InValid_Email: Test Cases/UserManagementTestCases/CreateUser/Verify_InValid_Email

2018-07-09 16:46:19 - [TEST_STEP][PASSED] - callTestCase: Call Test Case 'Test Cases/CommonTestcases/OpenBrowserandNavigateToQAURL' successfully

2018-07-09 16:46:19 - [TEST_CASE][PASSED] - Test Cases/CommonTestcases/OpenBrowserandNavigateToQAURL: Test Cases/CommonTestcases/OpenBrowserandNavigateToQAURL

2018-07-09 16:46:19 - [TEST_STEP][PASSED] - openBrowser: Browser is opened with url: ''

2018-07-09 16:46:20 - [MESSAGE][PASSED] - Browser is opened with url: ''

2018-07-09 16:46:20 - [TEST_STEP][PASSED] - navigateToUrl: Navigate to 'https://coa-demo-env.azurewebsites.net/da/index.html#/login' successfully

2018-07-09 16:46:30 - [MESSAGE][PASSED] - Navigate to 'https://coa-demo-env.azurewebsites.net/da/index.html#/login' successfully

2018-07-09 16:46:30 - [TEST_STEP][PASSED] - maximizeWindow: Current window maximized

2018-07-09 16:46:30 - [MESSAGE][PASSED] - Current window maximized

2018-07-09 16:46:30 - [MESSAGE][PASSED] - Call Test Case 'Test Cases/CommonTestcases/OpenBrowserandNavigateToQAURL' successfully

2018-07-09 16:46:30 - [TEST_STEP][PASSED] - waitForElementVisible: Object 'Object Repository/OMVA_Login_Page/Username_Textbox' is visible

2018-07-09 16:46:30 - [MESSAGE][PASSED] - Object 'Object Repository/OMVA_Login_Page/Username_Textbox' is visible

2018-07-09 16:46:30 - [TEST_STEP][PASSED] - sendKeys: Keys 'SuperAdmin' sent to object: 'Object Repository/OMVA_Login_Page/Username_Textbox'

2018-07-09 16:46:31 - [MESSAGE][PASSED] - Keys 'SuperAdmin' sent to object: 'Object Repository/OMVA_Login_Page/Username_Textbox'

2018-07-09 16:46:31 - [TEST_STEP][PASSED] - click: Object: 'Object Repository/OMVA_Login_Page/Next_Button' is clicked on

2018-07-09 16:46:31 - [MESSAGE][PASSED] - Object: 'Object Repository/OMVA_Login_Page/Next_Button' is clicked on

2018-07-09 16:46:31 - [TEST_STEP][PASSED] - waitForElementVisible: Object 'Object Repository/OMVA_Login_Page/Password_Textbox' is visible

2018-07-09 16:46:31 - [MESSAGE][PASSED] - Object 'Object Repository/OMVA_Login_Page/Password_Textbox' is visible

2018-07-09 16:46:31 - [TEST_STEP][PASSED] - sendKeys: Keys 'SuperAdmin' sent to object: 'Object Repository/OMVA_Login_Page/Password_Textbox'

2018-07-09 16:46:32 - [MESSAGE][PASSED] - Keys 'SuperAdmin' sent to object: 'Object Repository/OMVA_Login_Page/Password_Textbox'

2018-07-09 16:46:32 - [TEST_STEP][PASSED] - click: Object: 'Object Repository/OMVA_Login_Page/Signin_Button' is clicked on

2018-07-09 16:46:32 - [MESSAGE][PASSED] - Object: 'Object Repository/OMVA_Login_Page/Signin_Button' is clicked on

2018-07-09 16:46:32 - [TEST_STEP][PASSED] - waitForAngularLoad: This page doesn't use Angular.

2018-07-09 16:46:32 - [MESSAGE][WARNING] - This page doesn't use Angular.

2018-07-09 16:46:32 - [TEST_STEP][PASSED] - delay: Delayed 5 second(s)

2018-07-09 16:46:37 - [MESSAGE][PASSED] - Delayed 5 second(s)

2018-07-09 16:46:37 - [TEST_STEP][PASSED] - waitForElementPresent: Object 'Object Repository/OMVA_Landing_Page/CreateUser_Button' is present

2018-07-09 16:46:37 - [MESSAGE][PASSED] - Object 'Object Repository/OMVA_Landing_Page/CreateUser_Button' is present

2018-07-09 16:46:37 - [TEST_STEP][PASSED] - click: Object: 'Object Repository/OMVA_Landing_Page/CreateUser_Button' is clicked on

2018-07-09 16:46:37 - [MESSAGE][PASSED] - Object: 'Object Repository/OMVA_Landing_Page/CreateUser_Button' is clicked on

2018-07-09 16:46:37 - [TEST_STEP][PASSED] - waitForElementPresent: Object 'Object Repository/OMVA_UserManagement_Page/Role_Dropdown' is present

2018-07-09 16:46:37 - [MESSAGE][PASSED] - Object 'Object Repository/OMVA_UserManagement_Page/Role_Dropdown' is present

2018-07-09 16:46:37 - [TEST_STEP][PASSED] - delay: Delayed 4 second(s)

2018-07-09 16:46:41 - [MESSAGE][PASSED] - Delayed 4 second(s)

2018-07-09 16:46:41 - [TEST_STEP][PASSED] - click: Object: 'Object Repository/OMVA_UserManagement_Page/Role_Dropdown' is clicked on

2018-07-09 16:46:41 - [MESSAGE][PASSED] - Object: 'Object Repository/OMVA_UserManagement_Page/Role_Dropdown' is clicked on

2018-07-09 16:46:41 - [TEST_STEP][PASSED] - scrollToElement: Scroll to object 'Object Repository/OMVA_UserManagement_Page/DropdownOption_RoleDropdown_Market Admin' successfully

2018-07-09 16:46:41 - [MESSAGE][WARNING] - Timeout '0' is invalid. Using default page load timeout: '15'

2018-07-09 16:46:41 - [MESSAGE][PASSED] - Scroll to object 'Object Repository/OMVA_UserManagement_Page/DropdownOption_RoleDropdown_Market Admin' successfully

2018-07-09 16:46:41 - [TEST_STEP][PASSED] - click: Object: 'Object Repository/OMVA_UserManagement_Page/DropdownOption_RoleDropdown_Market Admin' is clicked on

2018-07-09 16:46:41 - [MESSAGE][PASSED] - Object: 'Object Repository/OMVA_UserManagement_Page/DropdownOption_RoleDropdown_Market Admin' is clicked on

2018-07-09 16:46:41 - [TEST_STEP][PASSED] - sendKeys: Keys 'kartik' sent to object: 'Object Repository/OMVA_UserManagement_Page/UserName_Textbox'

2018-07-09 16:46:41 - [MESSAGE][PASSED] - Keys 'kartik' sent to object: 'Object Repository/OMVA_UserManagement_Page/UserName_Textbox'

2018-07-09 16:46:41 - [TEST_STEP][PASSED] - sendKeys: Keys 'wwww' sent to object: 'Object Repository/OMVA_UserManagement_Page/EmailID_Textbox'

2018-07-09 16:46:42 - [MESSAGE][PASSED] - Keys 'wwww' sent to object: 'Object Repository/OMVA_UserManagement_Page/EmailID_Textbox'

2018-07-09 16:46:42 - [TEST_STEP][PASSED] - sendKeys: Keys 'firstName' sent to object: 'Object Repository/OMVA_UserManagement_Page/FirstName_Textbox'

2018-07-09 16:46:42 - [MESSAGE][PASSED] - Keys 'firstName' sent to object: 'Object Repository/OMVA_UserManagement_Page/FirstName_Textbox'

2018-07-09 16:46:42 - [TEST_STEP][PASSED] - Statement - ActualInvalidMsg = com.kms.katalon.core.webui.keyword.WebUiBuiltInKeywords.getText(com.kms.katalon.core.testobject.ObjectRepository.findTestObject(OMVA_UserManagement_Page/Email_Invalid_Msg)): Text of object 'Object Repository/OMVA_UserManagement_Page/Email_Invalid_Msg' is: 'Incorrect email ID.'

2018-07-09 16:46:42 - [MESSAGE][PASSED] - Text of object 'Object Repository/OMVA_UserManagement_Page/Email_Invalid_Msg' is: 'Incorrect email ID.'

2018-07-09 16:46:42 - [TEST_STEP][PASSED] - verifyMatch: Actual text 'Incorrect email ID.' and expected text 'Incorrect email ID.' are matched  using regular expression

2018-07-09 16:46:42 - [MESSAGE][PASSED] - Actual text 'Incorrect email ID.' and expected text 'Incorrect email ID.' are matched  using regular expression

2018-07-09 16:46:42 - [TEST_STEP][PASSED] - closeBrowser: Browser is closed

2018-07-09 16:46:42 - [MESSAGE][PASSED] - Browser is closed]]></system-out>
         <system-err><![CDATA[]]></system-err>
      </testcase>
      <testcase name="Test Cases/UserManagementTestCases/CreateUser/Verify_SaveExit_Btn" classname="Test Cases/UserManagementTestCases/CreateUser/Verify_SaveExit_Btn" status="PASSED">
         <system-out><![CDATA[2018-07-09 16:46:43 - [TEST_CASE][PASSED] - Test Cases/UserManagementTestCases/CreateUser/Verify_SaveExit_Btn: Test Cases/UserManagementTestCases/CreateUser/Verify_SaveExit_Btn

2018-07-09 16:46:43 - [TEST_STEP][PASSED] - callTestCase: Call Test Case 'Test Cases/CommonTestcases/OpenBrowserandNavigateToQAURL' successfully

2018-07-09 16:46:43 - [TEST_CASE][PASSED] - Test Cases/CommonTestcases/OpenBrowserandNavigateToQAURL: Test Cases/CommonTestcases/OpenBrowserandNavigateToQAURL

2018-07-09 16:46:43 - [TEST_STEP][PASSED] - openBrowser: Browser is opened with url: ''

2018-07-09 16:46:44 - [MESSAGE][PASSED] - Browser is opened with url: ''

2018-07-09 16:46:44 - [TEST_STEP][PASSED] - navigateToUrl: Navigate to 'https://coa-demo-env.azurewebsites.net/da/index.html#/login' successfully

2018-07-09 16:46:52 - [MESSAGE][PASSED] - Navigate to 'https://coa-demo-env.azurewebsites.net/da/index.html#/login' successfully

2018-07-09 16:46:52 - [TEST_STEP][PASSED] - maximizeWindow: Current window maximized

2018-07-09 16:46:52 - [MESSAGE][PASSED] - Current window maximized

2018-07-09 16:46:52 - [MESSAGE][PASSED] - Call Test Case 'Test Cases/CommonTestcases/OpenBrowserandNavigateToQAURL' successfully

2018-07-09 16:46:52 - [TEST_STEP][PASSED] - waitForElementVisible: Object 'Object Repository/OMVA_Login_Page/Username_Textbox' is visible

2018-07-09 16:46:52 - [MESSAGE][PASSED] - Object 'Object Repository/OMVA_Login_Page/Username_Textbox' is visible

2018-07-09 16:46:52 - [TEST_STEP][PASSED] - sendKeys: Keys 'SuperAdmin' sent to object: 'Object Repository/OMVA_Login_Page/Username_Textbox'

2018-07-09 16:46:53 - [MESSAGE][PASSED] - Keys 'SuperAdmin' sent to object: 'Object Repository/OMVA_Login_Page/Username_Textbox'

2018-07-09 16:46:53 - [TEST_STEP][PASSED] - click: Object: 'Object Repository/OMVA_Login_Page/Next_Button' is clicked on

2018-07-09 16:46:53 - [MESSAGE][PASSED] - Object: 'Object Repository/OMVA_Login_Page/Next_Button' is clicked on

2018-07-09 16:46:53 - [TEST_STEP][PASSED] - waitForElementVisible: Object 'Object Repository/OMVA_Login_Page/Password_Textbox' is visible

2018-07-09 16:46:53 - [MESSAGE][PASSED] - Object 'Object Repository/OMVA_Login_Page/Password_Textbox' is visible

2018-07-09 16:46:53 - [TEST_STEP][PASSED] - sendKeys: Keys 'SuperAdmin' sent to object: 'Object Repository/OMVA_Login_Page/Password_Textbox'

2018-07-09 16:46:53 - [MESSAGE][PASSED] - Keys 'SuperAdmin' sent to object: 'Object Repository/OMVA_Login_Page/Password_Textbox'

2018-07-09 16:46:53 - [TEST_STEP][PASSED] - click: Object: 'Object Repository/OMVA_Login_Page/Signin_Button' is clicked on

2018-07-09 16:46:53 - [MESSAGE][PASSED] - Object: 'Object Repository/OMVA_Login_Page/Signin_Button' is clicked on

2018-07-09 16:46:53 - [TEST_STEP][PASSED] - delay: Delayed 5 second(s)

2018-07-09 16:46:58 - [MESSAGE][PASSED] - Delayed 5 second(s)

2018-07-09 16:46:58 - [TEST_STEP][PASSED] - waitForElementPresent: Object 'Object Repository/OMVA_Landing_Page/CreateUser_Button' is present

2018-07-09 16:46:59 - [MESSAGE][PASSED] - Object 'Object Repository/OMVA_Landing_Page/CreateUser_Button' is present

2018-07-09 16:46:59 - [TEST_STEP][PASSED] - click: Object: 'Object Repository/OMVA_Landing_Page/CreateUser_Button' is clicked on

2018-07-09 16:46:59 - [MESSAGE][PASSED] - Object: 'Object Repository/OMVA_Landing_Page/CreateUser_Button' is clicked on

2018-07-09 16:46:59 - [TEST_STEP][PASSED] - delay: Delayed 5 second(s)

2018-07-09 16:47:04 - [MESSAGE][PASSED] - Delayed 5 second(s)

2018-07-09 16:47:04 - [TEST_STEP][PASSED] - waitForElementPresent: Object 'Object Repository/OMVA_UserManagement_Page/Role_Dropdown' is present

2018-07-09 16:47:04 - [MESSAGE][PASSED] - Object 'Object Repository/OMVA_UserManagement_Page/Role_Dropdown' is present

2018-07-09 16:47:04 - [TEST_STEP][PASSED] - click: Object: 'Object Repository/OMVA_UserManagement_Page/Role_Dropdown' is clicked on

2018-07-09 16:47:04 - [MESSAGE][PASSED] - Object: 'Object Repository/OMVA_UserManagement_Page/Role_Dropdown' is clicked on

2018-07-09 16:47:04 - [TEST_STEP][PASSED] - scrollToElement: Scroll to object 'Object Repository/OMVA_UserManagement_Page/DropdownOption_RoleDropdown_Market Admin' successfully

2018-07-09 16:47:04 - [MESSAGE][WARNING] - Timeout '0' is invalid. Using default page load timeout: '15'

2018-07-09 16:47:04 - [MESSAGE][PASSED] - Scroll to object 'Object Repository/OMVA_UserManagement_Page/DropdownOption_RoleDropdown_Market Admin' successfully

2018-07-09 16:47:04 - [TEST_STEP][PASSED] - click: Object: 'Object Repository/OMVA_UserManagement_Page/DropdownOption_RoleDropdown_Market Admin' is clicked on

2018-07-09 16:47:04 - [MESSAGE][PASSED] - Object: 'Object Repository/OMVA_UserManagement_Page/DropdownOption_RoleDropdown_Market Admin' is clicked on

2018-07-09 16:47:04 - [TEST_STEP][PASSED] - Statement - username = CustomKeywords.commonLibrary.commonFunctions.randomStringFunction("abcdefghijklmnopqrstuvwxyz", 6): commonLibrary.commonFunctions.randomStringFunction is PASSED

2018-07-09 16:47:04 - [MESSAGE][PASSED] - commonLibrary.commonFunctions.randomStringFunction is PASSED

2018-07-09 16:47:04 - [TEST_STEP][PASSED] - sendKeys: Keys 'ggpuib' sent to object: 'Object Repository/OMVA_UserManagement_Page/UserName_Textbox'

2018-07-09 16:47:04 - [MESSAGE][PASSED] - Keys 'ggpuib' sent to object: 'Object Repository/OMVA_UserManagement_Page/UserName_Textbox'

2018-07-09 16:47:04 - [TEST_STEP][PASSED] - Statement - emailidprefix = CustomKeywords.commonLibrary.commonFunctions.randomStringFunction("abcdefghijklmnopqrstuvwxyz", 9): commonLibrary.commonFunctions.randomStringFunction is PASSED

2018-07-09 16:47:04 - [MESSAGE][PASSED] - commonLibrary.commonFunctions.randomStringFunction is PASSED

2018-07-09 16:47:04 - [TEST_STEP][PASSED] - sendKeys: Keys 'xoblsvqkb@autotestpg.com' sent to object: 'Object Repository/OMVA_UserManagement_Page/EmailID_Textbox'

2018-07-09 16:47:05 - [MESSAGE][PASSED] - Keys 'xoblsvqkb@autotestpg.com' sent to object: 'Object Repository/OMVA_UserManagement_Page/EmailID_Textbox'

2018-07-09 16:47:05 - [TEST_STEP][PASSED] - Statement - firstname = CustomKeywords.commonLibrary.commonFunctions.randomStringFunction("abcdefghijklmnopqrstuvwxyz", 7): commonLibrary.commonFunctions.randomStringFunction is PASSED

2018-07-09 16:47:05 - [MESSAGE][PASSED] - commonLibrary.commonFunctions.randomStringFunction is PASSED

2018-07-09 16:47:05 - [TEST_STEP][PASSED] - sendKeys: Keys 'xghdjjs' sent to object: 'Object Repository/OMVA_UserManagement_Page/FirstName_Textbox'

2018-07-09 16:47:05 - [MESSAGE][PASSED] - Keys 'xghdjjs' sent to object: 'Object Repository/OMVA_UserManagement_Page/FirstName_Textbox'

2018-07-09 16:47:05 - [TEST_STEP][PASSED] - Statement - lastname = CustomKeywords.commonLibrary.commonFunctions.randomStringFunction("abcdefghijklmnopqrstuvwxyz", 7): commonLibrary.commonFunctions.randomStringFunction is PASSED

2018-07-09 16:47:05 - [MESSAGE][PASSED] - commonLibrary.commonFunctions.randomStringFunction is PASSED

2018-07-09 16:47:05 - [TEST_STEP][PASSED] - sendKeys: Keys 'amtzuxm' sent to object: 'Object Repository/OMVA_UserManagement_Page/LastName_Textbox'

2018-07-09 16:47:05 - [MESSAGE][PASSED] - Keys 'amtzuxm' sent to object: 'Object Repository/OMVA_UserManagement_Page/LastName_Textbox'

2018-07-09 16:47:05 - [TEST_STEP][PASSED] - Statement - ticketnum = CustomKeywords.commonLibrary.commonFunctions.randomStringFunction("123456789", 7): commonLibrary.commonFunctions.randomStringFunction is PASSED

2018-07-09 16:47:05 - [MESSAGE][PASSED] - commonLibrary.commonFunctions.randomStringFunction is PASSED

2018-07-09 16:47:05 - [TEST_STEP][PASSED] - sendKeys: Keys '7921399' sent to object: 'Object Repository/OMVA_UserManagement_Page/TicketNumber_Textbox'

2018-07-09 16:47:05 - [MESSAGE][PASSED] - Keys '7921399' sent to object: 'Object Repository/OMVA_UserManagement_Page/TicketNumber_Textbox'

2018-07-09 16:47:05 - [TEST_STEP][PASSED] - click: Object: 'Object Repository/OMVA_UserManagement_Page/SaveandExit_Button' is clicked on

2018-07-09 16:47:05 - [MESSAGE][PASSED] - Object: 'Object Repository/OMVA_UserManagement_Page/SaveandExit_Button' is clicked on

2018-07-09 16:47:05 - [TEST_STEP][PASSED] - delay: Delayed 4 second(s)

2018-07-09 16:47:09 - [MESSAGE][PASSED] - Delayed 4 second(s)

2018-07-09 16:47:09 - [TEST_STEP][PASSED] - waitForElementPresent: Object 'Object Repository/OMVA_UserManagement_Page/SaveExit_button_Htext' is present

2018-07-09 16:47:09 - [MESSAGE][PASSED] - Object 'Object Repository/OMVA_UserManagement_Page/SaveExit_button_Htext' is present

2018-07-09 16:47:09 - [TEST_STEP][PASSED] - Statement - assert true: null

2018-07-09 16:47:09 - [TEST_STEP][PASSED] - verifyElementText: Actual text and expected text of test object 'Object Repository/OMVA_UserManagement_Page/SaveExit_button_Htext' are matched.

2018-07-09 16:47:09 - [MESSAGE][PASSED] - Actual text and expected text of test object 'Object Repository/OMVA_UserManagement_Page/SaveExit_button_Htext' are matched.

2018-07-09 16:47:09 - [TEST_STEP][PASSED] - delay: Delayed 2 second(s)

2018-07-09 16:47:11 - [MESSAGE][PASSED] - Delayed 2 second(s)

2018-07-09 16:47:11 - [TEST_STEP][PASSED] - verifyElementText: Actual text and expected text of test object 'Object Repository/OMVA_UserManagement_Page/SaveExit_button_Popup_Ctext' are matched.

2018-07-09 16:47:11 - [MESSAGE][PASSED] - Actual text and expected text of test object 'Object Repository/OMVA_UserManagement_Page/SaveExit_button_Popup_Ctext' are matched.

2018-07-09 16:47:11 - [TEST_STEP][PASSED] - Statement - assert true: null

2018-07-09 16:47:11 - [TEST_STEP][PASSED] - click: Object: 'Object Repository/OMVA_UserManagement_Page/SaveExit_button_Popup_OK' is clicked on

2018-07-09 16:47:11 - [MESSAGE][PASSED] - Object: 'Object Repository/OMVA_UserManagement_Page/SaveExit_button_Popup_OK' is clicked on

2018-07-09 16:47:11 - [TEST_STEP][PASSED] - Statement - greetingtext = com.kms.katalon.core.webui.keyword.WebUiBuiltInKeywords.getText(com.kms.katalon.core.testobject.ObjectRepository.findTestObject(OMVA_Landing_Page/Greeting_Label)): Text of object 'Object Repository/OMVA_Landing_Page/Greeting_Label' is: 'Good Evening, SuperAdmin'

2018-07-09 16:47:12 - [MESSAGE][PASSED] - Text of object 'Object Repository/OMVA_Landing_Page/Greeting_Label' is: 'Good Evening, SuperAdmin'

2018-07-09 16:47:12 - [TEST_STEP][PASSED] - verifyMatch: Actual text 'Good Evening, SuperAdmin' and expected text '\D*SuperAdmin' are matched  using regular expression

2018-07-09 16:47:12 - [MESSAGE][PASSED] - Actual text 'Good Evening, SuperAdmin' and expected text '\D*SuperAdmin' are matched  using regular expression

2018-07-09 16:47:12 - [TEST_STEP][PASSED] - closeBrowser: Browser is closed

2018-07-09 16:47:12 - [MESSAGE][PASSED] - Browser is closed]]></system-out>
         <system-err><![CDATA[]]></system-err>
      </testcase>
      <testcase name="Test Cases/UserManagementTestCases/CreateUser/Verifying_Duplicate_EmailID" classname="Test Cases/UserManagementTestCases/CreateUser/Verifying_Duplicate_EmailID" status="PASSED">
         <system-out><![CDATA[2018-07-09 16:47:12 - [TEST_CASE][PASSED] - Test Cases/UserManagementTestCases/CreateUser/Verifying_Duplicate_EmailID: Test Cases/UserManagementTestCases/CreateUser/Verifying_Duplicate_EmailID

2018-07-09 16:47:13 - [TEST_STEP][PASSED] - callTestCase: Call Test Case 'Test Cases/CommonTestcases/OpenBrowserandNavigateToQAURL' successfully

2018-07-09 16:47:13 - [TEST_CASE][PASSED] - Test Cases/CommonTestcases/OpenBrowserandNavigateToQAURL: Test Cases/CommonTestcases/OpenBrowserandNavigateToQAURL

2018-07-09 16:47:13 - [TEST_STEP][PASSED] - openBrowser: Browser is opened with url: ''

2018-07-09 16:47:14 - [MESSAGE][PASSED] - Browser is opened with url: ''

2018-07-09 16:47:14 - [TEST_STEP][PASSED] - navigateToUrl: Navigate to 'https://coa-demo-env.azurewebsites.net/da/index.html#/login' successfully

2018-07-09 16:47:24 - [MESSAGE][PASSED] - Navigate to 'https://coa-demo-env.azurewebsites.net/da/index.html#/login' successfully

2018-07-09 16:47:24 - [TEST_STEP][PASSED] - maximizeWindow: Current window maximized

2018-07-09 16:47:24 - [MESSAGE][PASSED] - Current window maximized

2018-07-09 16:47:24 - [MESSAGE][PASSED] - Call Test Case 'Test Cases/CommonTestcases/OpenBrowserandNavigateToQAURL' successfully

2018-07-09 16:47:24 - [TEST_STEP][PASSED] - waitForElementVisible: Object 'Object Repository/OMVA_Login_Page/Username_Textbox' is visible

2018-07-09 16:47:24 - [MESSAGE][PASSED] - Object 'Object Repository/OMVA_Login_Page/Username_Textbox' is visible

2018-07-09 16:47:24 - [TEST_STEP][PASSED] - sendKeys: Keys 'SuperAdmin' sent to object: 'Object Repository/OMVA_Login_Page/Username_Textbox'

2018-07-09 16:47:24 - [MESSAGE][PASSED] - Keys 'SuperAdmin' sent to object: 'Object Repository/OMVA_Login_Page/Username_Textbox'

2018-07-09 16:47:24 - [TEST_STEP][PASSED] - click: Object: 'Object Repository/OMVA_Login_Page/Next_Button' is clicked on

2018-07-09 16:47:25 - [MESSAGE][PASSED] - Object: 'Object Repository/OMVA_Login_Page/Next_Button' is clicked on

2018-07-09 16:47:25 - [TEST_STEP][PASSED] - waitForElementVisible: Object 'Object Repository/OMVA_Login_Page/Password_Textbox' is visible

2018-07-09 16:47:25 - [MESSAGE][PASSED] - Object 'Object Repository/OMVA_Login_Page/Password_Textbox' is visible

2018-07-09 16:47:25 - [TEST_STEP][PASSED] - sendKeys: Keys 'SuperAdmin' sent to object: 'Object Repository/OMVA_Login_Page/Password_Textbox'

2018-07-09 16:47:25 - [MESSAGE][PASSED] - Keys 'SuperAdmin' sent to object: 'Object Repository/OMVA_Login_Page/Password_Textbox'

2018-07-09 16:47:25 - [TEST_STEP][PASSED] - click: Object: 'Object Repository/OMVA_Login_Page/Signin_Button' is clicked on

2018-07-09 16:47:25 - [MESSAGE][PASSED] - Object: 'Object Repository/OMVA_Login_Page/Signin_Button' is clicked on

2018-07-09 16:47:25 - [TEST_STEP][PASSED] - waitForPageLoad: Wait for page load successfully

2018-07-09 16:47:25 - [MESSAGE][PASSED] - Wait for page load successfully

2018-07-09 16:47:25 - [TEST_STEP][PASSED] - delay: Delayed 4 second(s)

2018-07-09 16:47:29 - [MESSAGE][PASSED] - Delayed 4 second(s)

2018-07-09 16:47:29 - [TEST_STEP][PASSED] - Statement - If (true): null

2018-07-09 16:47:29 - [TEST_STEP][PASSED] - waitForElementPresent: Object 'Object Repository/OMVA_Landing_Page/CreateUser_Button' is present

2018-07-09 16:47:30 - [MESSAGE][PASSED] - Object 'Object Repository/OMVA_Landing_Page/CreateUser_Button' is present

2018-07-09 16:47:30 - [TEST_STEP][PASSED] - click: Object: 'Object Repository/OMVA_Landing_Page/CreateUser_Button' is clicked on

2018-07-09 16:47:30 - [MESSAGE][PASSED] - Object: 'Object Repository/OMVA_Landing_Page/CreateUser_Button' is clicked on

2018-07-09 16:47:30 - [TEST_STEP][PASSED] - Statement - assert true: null

2018-07-09 16:47:30 - [TEST_STEP][PASSED] - waitForElementPresent: Object 'Object Repository/OMVA_UserManagement_Page/Role_Dropdown' is present

2018-07-09 16:47:30 - [MESSAGE][PASSED] - Object 'Object Repository/OMVA_UserManagement_Page/Role_Dropdown' is present

2018-07-09 16:47:30 - [TEST_STEP][PASSED] - delay: Delayed 3 second(s)

2018-07-09 16:47:33 - [MESSAGE][PASSED] - Delayed 3 second(s)

2018-07-09 16:47:33 - [TEST_STEP][PASSED] - click: Object: 'Object Repository/OMVA_UserManagement_Page/Role_Dropdown' is clicked on

2018-07-09 16:47:33 - [MESSAGE][PASSED] - Object: 'Object Repository/OMVA_UserManagement_Page/Role_Dropdown' is clicked on

2018-07-09 16:47:33 - [TEST_STEP][PASSED] - scrollToElement: Scroll to object 'Object Repository/OMVA_UserManagement_Page/DropdownOption_RoleDropdown_Market Admin' successfully

2018-07-09 16:47:33 - [MESSAGE][WARNING] - Timeout '0' is invalid. Using default page load timeout: '15'

2018-07-09 16:47:33 - [MESSAGE][PASSED] - Scroll to object 'Object Repository/OMVA_UserManagement_Page/DropdownOption_RoleDropdown_Market Admin' successfully

2018-07-09 16:47:33 - [TEST_STEP][PASSED] - click: Object: 'Object Repository/OMVA_UserManagement_Page/DropdownOption_RoleDropdown_Market Admin' is clicked on

2018-07-09 16:47:33 - [MESSAGE][PASSED] - Object: 'Object Repository/OMVA_UserManagement_Page/DropdownOption_RoleDropdown_Market Admin' is clicked on

2018-07-09 16:47:33 - [TEST_STEP][PASSED] - Statement - username = CustomKeywords.commonLibrary.commonFunctions.randomStringFunction("abcdefghijklmnopqrstuvwxyz", 6): commonLibrary.commonFunctions.randomStringFunction is PASSED

2018-07-09 16:47:33 - [MESSAGE][PASSED] - commonLibrary.commonFunctions.randomStringFunction is PASSED

2018-07-09 16:47:33 - [TEST_STEP][PASSED] - sendKeys: Keys 'qvyltx' sent to object: 'Object Repository/OMVA_UserManagement_Page/UserName_Textbox'

2018-07-09 16:47:33 - [MESSAGE][PASSED] - Keys 'qvyltx' sent to object: 'Object Repository/OMVA_UserManagement_Page/UserName_Textbox'

2018-07-09 16:47:33 - [TEST_STEP][PASSED] - sendKeys: Keys 'santosh@k.com' sent to object: 'Object Repository/OMVA_UserManagement_Page/EmailID_Textbox'

2018-07-09 16:47:33 - [MESSAGE][PASSED] - Keys 'santosh@k.com' sent to object: 'Object Repository/OMVA_UserManagement_Page/EmailID_Textbox'

2018-07-09 16:47:33 - [TEST_STEP][PASSED] - sendKeys: Keys 'santosh' sent to object: 'Object Repository/OMVA_UserManagement_Page/FirstName_Textbox'

2018-07-09 16:47:34 - [MESSAGE][PASSED] - Keys 'santosh' sent to object: 'Object Repository/OMVA_UserManagement_Page/FirstName_Textbox'

2018-07-09 16:47:34 - [TEST_STEP][PASSED] - sendKeys: Keys 'k' sent to object: 'Object Repository/OMVA_UserManagement_Page/LastName_Textbox'

2018-07-09 16:47:34 - [MESSAGE][PASSED] - Keys 'k' sent to object: 'Object Repository/OMVA_UserManagement_Page/LastName_Textbox'

2018-07-09 16:47:34 - [TEST_STEP][PASSED] - sendKeys: Keys '1212' sent to object: 'Object Repository/OMVA_UserManagement_Page/TicketNumber_Textbox'

2018-07-09 16:47:34 - [MESSAGE][PASSED] - Keys '1212' sent to object: 'Object Repository/OMVA_UserManagement_Page/TicketNumber_Textbox'

2018-07-09 16:47:34 - [TEST_STEP][PASSED] - click: Object: 'Object Repository/OMVA_UserManagement_Page/Next_Button' is clicked on

2018-07-09 16:47:34 - [MESSAGE][PASSED] - Object: 'Object Repository/OMVA_UserManagement_Page/Next_Button' is clicked on

2018-07-09 16:47:34 - [TEST_STEP][PASSED] - Statement - ActualToastMessage = com.kms.katalon.core.webui.keyword.WebUiBuiltInKeywords.getText(com.kms.katalon.core.testobject.ObjectRepository.findTestObject(OMVA_UserManagement_Page/EmailID_ToastMsg)): Text of object 'Object Repository/OMVA_UserManagement_Page/EmailID_ToastMsg' is: 'Email ID already exists.'

2018-07-09 16:47:35 - [MESSAGE][PASSED] - Text of object 'Object Repository/OMVA_UserManagement_Page/EmailID_ToastMsg' is: 'Email ID already exists.'

2018-07-09 16:47:35 - [TEST_STEP][PASSED] - verifyMatch: Actual text 'Email ID already exists.' and expected text 'Email ID already exists.' are matched  using regular expression

2018-07-09 16:47:35 - [MESSAGE][PASSED] - Actual text 'Email ID already exists.' and expected text 'Email ID already exists.' are matched  using regular expression

2018-07-09 16:47:35 - [TEST_STEP][PASSED] - closeBrowser: Browser is closed

2018-07-09 16:47:35 - [MESSAGE][PASSED] - Browser is closed]]></system-out>
         <system-err><![CDATA[]]></system-err>
      </testcase>
      <testcase name="Test Cases/UserManagementTestCases/UserActions/DeActivate_User" classname="Test Cases/UserManagementTestCases/UserActions/DeActivate_User" status="PASSED">
         <system-out><![CDATA[2018-07-09 16:47:35 - [TEST_CASE][PASSED] - Test Cases/UserManagementTestCases/UserActions/DeActivate_User: Test Cases/UserManagementTestCases/UserActions/DeActivate_User

2018-07-09 16:47:36 - [TEST_STEP][PASSED] - callTestCase: Call Test Case 'Test Cases/CommonTestcases/OpenBrowserandNavigateToQAURL' successfully

2018-07-09 16:47:36 - [TEST_CASE][PASSED] - Test Cases/CommonTestcases/OpenBrowserandNavigateToQAURL: Test Cases/CommonTestcases/OpenBrowserandNavigateToQAURL

2018-07-09 16:47:36 - [TEST_STEP][PASSED] - openBrowser: Browser is opened with url: ''

2018-07-09 16:47:37 - [MESSAGE][PASSED] - Browser is opened with url: ''

2018-07-09 16:47:37 - [TEST_STEP][PASSED] - navigateToUrl: Navigate to 'https://coa-demo-env.azurewebsites.net/da/index.html#/login' successfully

2018-07-09 16:47:44 - [MESSAGE][PASSED] - Navigate to 'https://coa-demo-env.azurewebsites.net/da/index.html#/login' successfully

2018-07-09 16:47:44 - [TEST_STEP][PASSED] - maximizeWindow: Current window maximized

2018-07-09 16:47:44 - [MESSAGE][PASSED] - Current window maximized

2018-07-09 16:47:44 - [MESSAGE][PASSED] - Call Test Case 'Test Cases/CommonTestcases/OpenBrowserandNavigateToQAURL' successfully

2018-07-09 16:47:44 - [TEST_STEP][PASSED] - waitForElementVisible: Object 'Object Repository/OMVA_Login_Page/Username_Textbox' is visible

2018-07-09 16:47:44 - [MESSAGE][PASSED] - Object 'Object Repository/OMVA_Login_Page/Username_Textbox' is visible

2018-07-09 16:47:44 - [TEST_STEP][PASSED] - sendKeys: Keys 'SuperAdmin' sent to object: 'Object Repository/OMVA_Login_Page/Username_Textbox'

2018-07-09 16:47:45 - [MESSAGE][PASSED] - Keys 'SuperAdmin' sent to object: 'Object Repository/OMVA_Login_Page/Username_Textbox'

2018-07-09 16:47:45 - [TEST_STEP][PASSED] - click: Object: 'Object Repository/OMVA_Login_Page/Next_Button' is clicked on

2018-07-09 16:47:45 - [MESSAGE][PASSED] - Object: 'Object Repository/OMVA_Login_Page/Next_Button' is clicked on

2018-07-09 16:47:45 - [TEST_STEP][PASSED] - waitForElementVisible: Object 'Object Repository/OMVA_Login_Page/Password_Textbox' is visible

2018-07-09 16:47:45 - [MESSAGE][PASSED] - Object 'Object Repository/OMVA_Login_Page/Password_Textbox' is visible

2018-07-09 16:47:45 - [TEST_STEP][PASSED] - sendKeys: Keys 'SuperAdmin' sent to object: 'Object Repository/OMVA_Login_Page/Password_Textbox'

2018-07-09 16:47:46 - [MESSAGE][PASSED] - Keys 'SuperAdmin' sent to object: 'Object Repository/OMVA_Login_Page/Password_Textbox'

2018-07-09 16:47:46 - [TEST_STEP][PASSED] - click: Object: 'Object Repository/OMVA_Login_Page/Signin_Button' is clicked on

2018-07-09 16:47:46 - [MESSAGE][PASSED] - Object: 'Object Repository/OMVA_Login_Page/Signin_Button' is clicked on

2018-07-09 16:47:46 - [TEST_STEP][PASSED] - waitForPageLoad: Wait for page load successfully

2018-07-09 16:47:46 - [MESSAGE][PASSED] - Wait for page load successfully

2018-07-09 16:47:46 - [TEST_STEP][PASSED] - delay: Delayed 5 second(s)

2018-07-09 16:47:51 - [MESSAGE][PASSED] - Delayed 5 second(s)

2018-07-09 16:47:51 - [TEST_STEP][PASSED] - waitForElementPresent: Object 'Object Repository/OMVA_Landing_Page/CreateUser_Button' is present

2018-07-09 16:47:51 - [MESSAGE][PASSED] - Object 'Object Repository/OMVA_Landing_Page/CreateUser_Button' is present

2018-07-09 16:47:51 - [TEST_STEP][PASSED] - click: Object: 'Object Repository/OMVA_Landing_Page/CreateUser_Button' is clicked on

2018-07-09 16:47:51 - [MESSAGE][PASSED] - Object: 'Object Repository/OMVA_Landing_Page/CreateUser_Button' is clicked on

2018-07-09 16:47:51 - [TEST_STEP][PASSED] - delay: Delayed 3 second(s)

2018-07-09 16:47:54 - [MESSAGE][PASSED] - Delayed 3 second(s)

2018-07-09 16:47:54 - [TEST_STEP][PASSED] - waitForElementPresent: Object 'Object Repository/OMVA_UserManagement_Page/Role_Dropdown' is present

2018-07-09 16:47:54 - [MESSAGE][PASSED] - Object 'Object Repository/OMVA_UserManagement_Page/Role_Dropdown' is present

2018-07-09 16:47:54 - [TEST_STEP][PASSED] - Statement - If (true): null

2018-07-09 16:47:54 - [TEST_STEP][PASSED] - click: Object: 'Object Repository/OMVA_UserManagement_Page/Role_Dropdown' is clicked on

2018-07-09 16:47:54 - [MESSAGE][PASSED] - Object: 'Object Repository/OMVA_UserManagement_Page/Role_Dropdown' is clicked on

2018-07-09 16:47:54 - [TEST_STEP][PASSED] - Statement - assert true: null

2018-07-09 16:47:54 - [TEST_STEP][PASSED] - scrollToElement: Scroll to object 'Object Repository/OMVA_UserManagement_Page/DropdownOption_RoleDropdown_Market Admin' successfully

2018-07-09 16:47:54 - [MESSAGE][WARNING] - Timeout '0' is invalid. Using default page load timeout: '15'

2018-07-09 16:47:54 - [MESSAGE][PASSED] - Scroll to object 'Object Repository/OMVA_UserManagement_Page/DropdownOption_RoleDropdown_Market Admin' successfully

2018-07-09 16:47:54 - [TEST_STEP][PASSED] - click: Object: 'Object Repository/OMVA_UserManagement_Page/DropdownOption_RoleDropdown_Market Admin' is clicked on

2018-07-09 16:47:54 - [MESSAGE][PASSED] - Object: 'Object Repository/OMVA_UserManagement_Page/DropdownOption_RoleDropdown_Market Admin' is clicked on

2018-07-09 16:47:54 - [TEST_STEP][PASSED] - Statement - username = CustomKeywords.commonLibrary.commonFunctions.randomStringFunction("abcdefghijklmnopqrstuvwxyz", 6): commonLibrary.commonFunctions.randomStringFunction is PASSED

2018-07-09 16:47:54 - [MESSAGE][PASSED] - commonLibrary.commonFunctions.randomStringFunction is PASSED

2018-07-09 16:47:54 - [TEST_STEP][PASSED] - sendKeys: Keys 'ydigaw' sent to object: 'Object Repository/OMVA_UserManagement_Page/UserName_Textbox'

2018-07-09 16:47:54 - [MESSAGE][PASSED] - Keys 'ydigaw' sent to object: 'Object Repository/OMVA_UserManagement_Page/UserName_Textbox'

2018-07-09 16:47:54 - [TEST_STEP][PASSED] - Statement - emailidprefix = CustomKeywords.commonLibrary.commonFunctions.randomStringFunction("abcdefghijklmnopqrstuvwxyz", 9): commonLibrary.commonFunctions.randomStringFunction is PASSED

2018-07-09 16:47:54 - [MESSAGE][PASSED] - commonLibrary.commonFunctions.randomStringFunction is PASSED

2018-07-09 16:47:54 - [TEST_STEP][PASSED] - sendKeys: Keys 'rafdsxaaj@autotestpg.com' sent to object: 'Object Repository/OMVA_UserManagement_Page/EmailID_Textbox'

2018-07-09 16:47:55 - [MESSAGE][PASSED] - Keys 'rafdsxaaj@autotestpg.com' sent to object: 'Object Repository/OMVA_UserManagement_Page/EmailID_Textbox'

2018-07-09 16:47:55 - [TEST_STEP][PASSED] - Statement - firstname = CustomKeywords.commonLibrary.commonFunctions.randomStringFunction("abcdefghijklmnopqrstuvwxyz", 7): commonLibrary.commonFunctions.randomStringFunction is PASSED

2018-07-09 16:47:55 - [MESSAGE][PASSED] - commonLibrary.commonFunctions.randomStringFunction is PASSED

2018-07-09 16:47:55 - [TEST_STEP][PASSED] - sendKeys: Keys 'oaxvfbd' sent to object: 'Object Repository/OMVA_UserManagement_Page/FirstName_Textbox'

2018-07-09 16:47:55 - [MESSAGE][PASSED] - Keys 'oaxvfbd' sent to object: 'Object Repository/OMVA_UserManagement_Page/FirstName_Textbox'

2018-07-09 16:47:55 - [TEST_STEP][PASSED] - Statement - lastname = CustomKeywords.commonLibrary.commonFunctions.randomStringFunction("abcdefghijklmnopqrstuvwxyz", 7): commonLibrary.commonFunctions.randomStringFunction is PASSED

2018-07-09 16:47:55 - [MESSAGE][PASSED] - commonLibrary.commonFunctions.randomStringFunction is PASSED

2018-07-09 16:47:55 - [TEST_STEP][PASSED] - sendKeys: Keys 'bsomfwz' sent to object: 'Object Repository/OMVA_UserManagement_Page/LastName_Textbox'

2018-07-09 16:47:55 - [MESSAGE][PASSED] - Keys 'bsomfwz' sent to object: 'Object Repository/OMVA_UserManagement_Page/LastName_Textbox'

2018-07-09 16:47:55 - [TEST_STEP][PASSED] - Statement - ticketnum = CustomKeywords.commonLibrary.commonFunctions.randomStringFunction("123456789", 7): commonLibrary.commonFunctions.randomStringFunction is PASSED

2018-07-09 16:47:55 - [MESSAGE][PASSED] - commonLibrary.commonFunctions.randomStringFunction is PASSED

2018-07-09 16:47:55 - [TEST_STEP][PASSED] - sendKeys: Keys '3741191' sent to object: 'Object Repository/OMVA_UserManagement_Page/TicketNumber_Textbox'

2018-07-09 16:47:55 - [MESSAGE][PASSED] - Keys '3741191' sent to object: 'Object Repository/OMVA_UserManagement_Page/TicketNumber_Textbox'

2018-07-09 16:47:55 - [TEST_STEP][PASSED] - click: Object: 'Object Repository/OMVA_UserManagement_Page/Next_Button_Update' is clicked on

2018-07-09 16:47:55 - [MESSAGE][PASSED] - Object: 'Object Repository/OMVA_UserManagement_Page/Next_Button_Update' is clicked on

2018-07-09 16:47:55 - [TEST_STEP][PASSED] - applicationLibrary.checkboxMultiselection.multiselectCheckbox: applicationLibrary.checkboxMultiselection.multiselectCheckbox is PASSED

2018-07-09 16:47:57 - [MESSAGE][PASSED] - applicationLibrary.checkboxMultiselection.multiselectCheckbox is PASSED

2018-07-09 16:47:57 - [TEST_STEP][PASSED] - scrollToElement: Scroll to object 'Object Repository/OMVA_UserManagement_Page/Customer_Next_Btn' successfully

2018-07-09 16:47:57 - [MESSAGE][PASSED] - Scroll to object 'Object Repository/OMVA_UserManagement_Page/Customer_Next_Btn' successfully

2018-07-09 16:47:57 - [TEST_STEP][PASSED] - click: Object: 'Object Repository/OMVA_UserManagement_Page/Customer_Next_Btn' is clicked on

2018-07-09 16:47:58 - [MESSAGE][PASSED] - Object: 'Object Repository/OMVA_UserManagement_Page/Customer_Next_Btn' is clicked on

2018-07-09 16:47:58 - [TEST_STEP][PASSED] - applicationLibrary.checkboxMultiselection.multiselectCheckbox: applicationLibrary.checkboxMultiselection.multiselectCheckbox is PASSED

2018-07-09 16:48:00 - [MESSAGE][PASSED] - applicationLibrary.checkboxMultiselection.multiselectCheckbox is PASSED

2018-07-09 16:48:00 - [TEST_STEP][PASSED] - click: Object: 'Object Repository/OMVA_UserManagement_Page/UserCreation_Save_Btn' is clicked on

2018-07-09 16:48:00 - [MESSAGE][PASSED] - Object: 'Object Repository/OMVA_UserManagement_Page/UserCreation_Save_Btn' is clicked on

2018-07-09 16:48:00 - [TEST_STEP][PASSED] - waitForElementPresent: Object 'Object Repository/OMVA_UserManagement_Page/UserCreation_HeaderTxt' is present

2018-07-09 16:48:00 - [MESSAGE][PASSED] - Object 'Object Repository/OMVA_UserManagement_Page/UserCreation_HeaderTxt' is present

2018-07-09 16:48:00 - [TEST_STEP][PASSED] - verifyElementText: Actual text and expected text of test object 'Object Repository/OMVA_UserManagement_Page/UserCreation_HeaderTxt' are matched.

2018-07-09 16:48:01 - [MESSAGE][PASSED] - Actual text and expected text of test object 'Object Repository/OMVA_UserManagement_Page/UserCreation_HeaderTxt' are matched.

2018-07-09 16:48:01 - [TEST_STEP][PASSED] - verifyElementText: Actual text and expected text of test object 'Object Repository/OMVA_UserManagement_Page/UserCreation_ContentTxt' are matched.

2018-07-09 16:48:01 - [MESSAGE][PASSED] - Actual text and expected text of test object 'Object Repository/OMVA_UserManagement_Page/UserCreation_ContentTxt' are matched.

2018-07-09 16:48:01 - [TEST_STEP][PASSED] - click: Object: 'Object Repository/OMVA_UserManagement_Page/UserCreation_OK_Btn' is clicked on

2018-07-09 16:48:01 - [MESSAGE][PASSED] - Object: 'Object Repository/OMVA_UserManagement_Page/UserCreation_OK_Btn' is clicked on

2018-07-09 16:48:01 - [TEST_STEP][PASSED] - delay: Delayed 5 second(s)

2018-07-09 16:48:06 - [MESSAGE][PASSED] - Delayed 5 second(s)

2018-07-09 16:48:06 - [TEST_STEP][PASSED] - waitForElementPresent: Object 'Object Repository/OMVA_UserManagement_Page/Created_User_Username' is present

2018-07-09 16:48:06 - [MESSAGE][PASSED] - Object 'Object Repository/OMVA_UserManagement_Page/Created_User_Username' is present

2018-07-09 16:48:06 - [TEST_STEP][PASSED] - Statement - createdNewuser = com.kms.katalon.core.webui.keyword.WebUiBuiltInKeywords.getText(com.kms.katalon.core.testobject.ObjectRepository.findTestObject(OMVA_UserManagement_Page/Created_User_Username)): Text of object 'Object Repository/OMVA_UserManagement_Page/Created_User_Username' is: 'oaxvfbd bsomfwz'

2018-07-09 16:48:06 - [MESSAGE][PASSED] - Text of object 'Object Repository/OMVA_UserManagement_Page/Created_User_Username' is: 'oaxvfbd bsomfwz'

2018-07-09 16:48:06 - [TEST_STEP][PASSED] - Statement - uname = createdNewuser.toString(): null

2018-07-09 16:48:06 - [TEST_STEP][PASSED] - Statement - createduser = com.kms.katalon.core.webui.keyword.WebUiBuiltInKeywords.verifyMatch(createdNewuser, firstname + " " + lastname, true): Actual text 'oaxvfbd bsomfwz' and expected text 'oaxvfbd bsomfwz' are matched  using regular expression

2018-07-09 16:48:06 - [MESSAGE][PASSED] - Actual text 'oaxvfbd bsomfwz' and expected text 'oaxvfbd bsomfwz' are matched  using regular expression

2018-07-09 16:48:06 - [TEST_STEP][PASSED] - delay: Delayed 5 second(s)

2018-07-09 16:48:11 - [MESSAGE][PASSED] - Delayed 5 second(s)

2018-07-09 16:48:11 - [TEST_STEP][PASSED] - applicationLibrary.ClicksCreatedUserDashboard.editUser: applicationLibrary.ClicksCreatedUserDashboard.editUser is PASSED

2018-07-09 16:48:11 - [MESSAGE][PASSED] - applicationLibrary.ClicksCreatedUserDashboard.editUser is PASSED

2018-07-09 16:48:11 - [TEST_STEP][PASSED] - delay: Delayed 5 second(s)

2018-07-09 16:48:16 - [MESSAGE][PASSED] - Delayed 5 second(s)

2018-07-09 16:48:16 - [TEST_STEP][PASSED] - waitForElementVisible: Object 'Object Repository/OMVA_Landing_Page/Act_DeAct_Radio_Btn' is visible

2018-07-09 16:48:16 - [MESSAGE][PASSED] - Object 'Object Repository/OMVA_Landing_Page/Act_DeAct_Radio_Btn' is visible

2018-07-09 16:48:16 - [TEST_STEP][PASSED] - click: Object: 'Object Repository/OMVA_Landing_Page/Act_DeAct_Radio_Btn' is clicked on

2018-07-09 16:48:16 - [MESSAGE][PASSED] - Object: 'Object Repository/OMVA_Landing_Page/Act_DeAct_Radio_Btn' is clicked on

2018-07-09 16:48:16 - [TEST_STEP][PASSED] - waitForElementVisible: Object 'Object Repository/OMVA_EditUser_Page/SaveExit_Btn' is visible

2018-07-09 16:48:16 - [MESSAGE][PASSED] - Object 'Object Repository/OMVA_EditUser_Page/SaveExit_Btn' is visible

2018-07-09 16:48:16 - [TEST_STEP][PASSED] - click: Object: 'Object Repository/OMVA_EditUser_Page/SaveExit_Btn' is clicked on

2018-07-09 16:48:16 - [MESSAGE][PASSED] - Object: 'Object Repository/OMVA_EditUser_Page/SaveExit_Btn' is clicked on

2018-07-09 16:48:16 - [TEST_STEP][PASSED] - waitForElementVisible: Object 'Object Repository/OMVA_EditUser_Page/DeactivateUser_HeaderTxt' is visible

2018-07-09 16:48:17 - [MESSAGE][PASSED] - Object 'Object Repository/OMVA_EditUser_Page/DeactivateUser_HeaderTxt' is visible

2018-07-09 16:48:17 - [TEST_STEP][PASSED] - Statement - AHeaderTxt = com.kms.katalon.core.webui.keyword.WebUiBuiltInKeywords.getText(com.kms.katalon.core.testobject.ObjectRepository.findTestObject(OMVA_EditUser_Page/DeactivateUser_HeaderTxt)): Text of object 'Object Repository/OMVA_EditUser_Page/DeactivateUser_HeaderTxt' is: 'Confirm Deactivation'

2018-07-09 16:48:17 - [MESSAGE][PASSED] - Text of object 'Object Repository/OMVA_EditUser_Page/DeactivateUser_HeaderTxt' is: 'Confirm Deactivation'

2018-07-09 16:48:17 - [TEST_STEP][PASSED] - verifyMatch: Actual text 'Confirm Deactivation' and expected text 'Confirm Deactivation' are matched  using regular expression

2018-07-09 16:48:17 - [MESSAGE][PASSED] - Actual text 'Confirm Deactivation' and expected text 'Confirm Deactivation' are matched  using regular expression

2018-07-09 16:48:17 - [TEST_STEP][PASSED] - Statement - AContentTxt = com.kms.katalon.core.webui.keyword.WebUiBuiltInKeywords.getText(com.kms.katalon.core.testobject.ObjectRepository.findTestObject(OMVA_EditUser_Page/DeactivateUser_ContentText)): Text of object 'Object Repository/OMVA_EditUser_Page/DeactivateUser_ContentText' is: 'Are you sure you want to deactivate oaxvfbd bsomfwz's account?'

2018-07-09 16:48:17 - [MESSAGE][PASSED] - Text of object 'Object Repository/OMVA_EditUser_Page/DeactivateUser_ContentText' is: 'Are you sure you want to deactivate oaxvfbd bsomfwz's account?'

2018-07-09 16:48:17 - [TEST_STEP][PASSED] - verifyMatch: Actual text 'Are you sure you want to deactivate oaxvfbd bsomfwz's account?' and expected text 'Are you sure you want to deactivate\D*' are matched  using regular expression

2018-07-09 16:48:17 - [MESSAGE][PASSED] - Actual text 'Are you sure you want to deactivate oaxvfbd bsomfwz's account?' and expected text 'Are you sure you want to deactivate\D*' are matched  using regular expression

2018-07-09 16:48:17 - [TEST_STEP][PASSED] - click: Object: 'Object Repository/OMVA_EditUser_Page/DeactivateUser_OKBtn' is clicked on

2018-07-09 16:48:17 - [MESSAGE][PASSED] - Object: 'Object Repository/OMVA_EditUser_Page/DeactivateUser_OKBtn' is clicked on

2018-07-09 16:48:17 - [TEST_STEP][PASSED] - Statement - ADeactivatedToastMsg = com.kms.katalon.core.webui.keyword.WebUiBuiltInKeywords.getText(com.kms.katalon.core.testobject.ObjectRepository.findTestObject(OMVA_EditUser_Page/Deactivate_ToastMsg)): Text of object 'Object Repository/OMVA_EditUser_Page/Deactivate_ToastMsg' is: 'Account Successfully Deactivated!'

2018-07-09 16:48:19 - [MESSAGE][PASSED] - Text of object 'Object Repository/OMVA_EditUser_Page/Deactivate_ToastMsg' is: 'Account Successfully Deactivated!'

2018-07-09 16:48:19 - [TEST_STEP][PASSED] - verifyMatch: Actual text 'Account Successfully Deactivated!' and expected text 'Account Successfully Deactivated!' are matched  using regular expression

2018-07-09 16:48:19 - [MESSAGE][PASSED] - Actual text 'Account Successfully Deactivated!' and expected text 'Account Successfully Deactivated!' are matched  using regular expression

2018-07-09 16:48:19 - [TEST_STEP][PASSED] - closeBrowser: Browser is closed

2018-07-09 16:48:20 - [MESSAGE][PASSED] - Browser is closed]]></system-out>
         <system-err><![CDATA[]]></system-err>
      </testcase>
      <testcase name="Test Cases/UserManagementTestCases/UserActions/Activate_User" classname="Test Cases/UserManagementTestCases/UserActions/Activate_User" status="PASSED">
         <system-out><![CDATA[2018-07-09 16:48:20 - [TEST_CASE][PASSED] - Test Cases/UserManagementTestCases/UserActions/Activate_User: Test Cases/UserManagementTestCases/UserActions/Activate_User

2018-07-09 16:48:20 - [TEST_STEP][PASSED] - callTestCase: Call Test Case 'Test Cases/CommonTestcases/OpenBrowserandNavigateToQAURL' successfully

2018-07-09 16:48:20 - [TEST_CASE][PASSED] - Test Cases/CommonTestcases/OpenBrowserandNavigateToQAURL: Test Cases/CommonTestcases/OpenBrowserandNavigateToQAURL

2018-07-09 16:48:20 - [TEST_STEP][PASSED] - openBrowser: Browser is opened with url: ''

2018-07-09 16:48:21 - [MESSAGE][PASSED] - Browser is opened with url: ''

2018-07-09 16:48:21 - [TEST_STEP][PASSED] - navigateToUrl: Navigate to 'https://coa-demo-env.azurewebsites.net/da/index.html#/login' successfully

2018-07-09 16:48:32 - [MESSAGE][PASSED] - Navigate to 'https://coa-demo-env.azurewebsites.net/da/index.html#/login' successfully

2018-07-09 16:48:32 - [TEST_STEP][PASSED] - maximizeWindow: Current window maximized

2018-07-09 16:48:32 - [MESSAGE][PASSED] - Current window maximized

2018-07-09 16:48:32 - [MESSAGE][PASSED] - Call Test Case 'Test Cases/CommonTestcases/OpenBrowserandNavigateToQAURL' successfully

2018-07-09 16:48:32 - [TEST_STEP][PASSED] - waitForElementVisible: Object 'Object Repository/OMVA_Login_Page/Username_Textbox' is visible

2018-07-09 16:48:32 - [MESSAGE][PASSED] - Object 'Object Repository/OMVA_Login_Page/Username_Textbox' is visible

2018-07-09 16:48:32 - [TEST_STEP][PASSED] - sendKeys: Keys 'SuperAdmin' sent to object: 'Object Repository/OMVA_Login_Page/Username_Textbox'

2018-07-09 16:48:32 - [MESSAGE][PASSED] - Keys 'SuperAdmin' sent to object: 'Object Repository/OMVA_Login_Page/Username_Textbox'

2018-07-09 16:48:32 - [TEST_STEP][PASSED] - click: Object: 'Object Repository/OMVA_Login_Page/Next_Button' is clicked on

2018-07-09 16:48:32 - [MESSAGE][PASSED] - Object: 'Object Repository/OMVA_Login_Page/Next_Button' is clicked on

2018-07-09 16:48:32 - [TEST_STEP][PASSED] - waitForElementVisible: Object 'Object Repository/OMVA_Login_Page/Password_Textbox' is visible

2018-07-09 16:48:33 - [MESSAGE][PASSED] - Object 'Object Repository/OMVA_Login_Page/Password_Textbox' is visible

2018-07-09 16:48:33 - [TEST_STEP][PASSED] - sendKeys: Keys 'SuperAdmin' sent to object: 'Object Repository/OMVA_Login_Page/Password_Textbox'

2018-07-09 16:48:33 - [MESSAGE][PASSED] - Keys 'SuperAdmin' sent to object: 'Object Repository/OMVA_Login_Page/Password_Textbox'

2018-07-09 16:48:33 - [TEST_STEP][PASSED] - click: Object: 'Object Repository/OMVA_Login_Page/Signin_Button' is clicked on

2018-07-09 16:48:33 - [MESSAGE][PASSED] - Object: 'Object Repository/OMVA_Login_Page/Signin_Button' is clicked on

2018-07-09 16:48:33 - [TEST_STEP][PASSED] - delay: Delayed 5 second(s)

2018-07-09 16:48:38 - [MESSAGE][PASSED] - Delayed 5 second(s)

2018-07-09 16:48:38 - [TEST_STEP][PASSED] - waitForElementVisible: Object 'Object Repository/OMVA_Landing_Page/DeactiveUserEdit_Icon' is visible

2018-07-09 16:48:38 - [MESSAGE][PASSED] - Object 'Object Repository/OMVA_Landing_Page/DeactiveUserEdit_Icon' is visible

2018-07-09 16:48:38 - [TEST_STEP][PASSED] - delay: Delayed 3 second(s)

2018-07-09 16:48:41 - [MESSAGE][PASSED] - Delayed 3 second(s)

2018-07-09 16:48:41 - [TEST_STEP][PASSED] - click: Object: 'Object Repository/OMVA_Landing_Page/DeactiveUserEdit_Icon' is clicked on

2018-07-09 16:48:42 - [MESSAGE][PASSED] - Object: 'Object Repository/OMVA_Landing_Page/DeactiveUserEdit_Icon' is clicked on

2018-07-09 16:48:42 - [TEST_STEP][PASSED] - delay: Delayed 5 second(s)

2018-07-09 16:48:47 - [MESSAGE][PASSED] - Delayed 5 second(s)

2018-07-09 16:48:47 - [TEST_STEP][PASSED] - waitForElementVisible: Object 'Object Repository/OMVA_Landing_Page/Act_DeAct_Radio_Btn' is visible

2018-07-09 16:48:47 - [MESSAGE][PASSED] - Object 'Object Repository/OMVA_Landing_Page/Act_DeAct_Radio_Btn' is visible

2018-07-09 16:48:47 - [TEST_STEP][PASSED] - click: Object: 'Object Repository/OMVA_Landing_Page/Act_DeAct_Radio_Btn' is clicked on

2018-07-09 16:48:47 - [MESSAGE][PASSED] - Object: 'Object Repository/OMVA_Landing_Page/Act_DeAct_Radio_Btn' is clicked on

2018-07-09 16:48:47 - [TEST_STEP][PASSED] - waitForElementVisible: Object 'Object Repository/OMVA_EditUser_Page/EditUserNext_Btn' is visible

2018-07-09 16:48:47 - [MESSAGE][PASSED] - Object 'Object Repository/OMVA_EditUser_Page/EditUserNext_Btn' is visible

2018-07-09 16:48:47 - [TEST_STEP][PASSED] - click: Object: 'Object Repository/OMVA_EditUser_Page/EditUserNext_Btn' is clicked on

2018-07-09 16:48:47 - [MESSAGE][PASSED] - Object: 'Object Repository/OMVA_EditUser_Page/EditUserNext_Btn' is clicked on

2018-07-09 16:48:47 - [TEST_STEP][PASSED] - waitForElementVisible: Object 'Object Repository/OMVA_EditUser_Page/DeactivateUser_HeaderTxt' is visible

2018-07-09 16:48:48 - [MESSAGE][PASSED] - Object 'Object Repository/OMVA_EditUser_Page/DeactivateUser_HeaderTxt' is visible

2018-07-09 16:48:48 - [TEST_STEP][PASSED] - Statement - AHeaderTxt = com.kms.katalon.core.webui.keyword.WebUiBuiltInKeywords.getText(com.kms.katalon.core.testobject.ObjectRepository.findTestObject(OMVA_EditUser_Page/DeactivateUser_HeaderTxt)): Text of object 'Object Repository/OMVA_EditUser_Page/DeactivateUser_HeaderTxt' is: 'Confirm Activation'

2018-07-09 16:48:48 - [MESSAGE][PASSED] - Text of object 'Object Repository/OMVA_EditUser_Page/DeactivateUser_HeaderTxt' is: 'Confirm Activation'

2018-07-09 16:48:48 - [TEST_STEP][PASSED] - verifyMatch: Actual text 'Confirm Activation' and expected text 'Confirm Activation' are matched  using regular expression

2018-07-09 16:48:48 - [MESSAGE][PASSED] - Actual text 'Confirm Activation' and expected text 'Confirm Activation' are matched  using regular expression

2018-07-09 16:48:48 - [TEST_STEP][PASSED] - Statement - AContentTxt = com.kms.katalon.core.webui.keyword.WebUiBuiltInKeywords.getText(com.kms.katalon.core.testobject.ObjectRepository.findTestObject(OMVA_EditUser_Page/DeactivateUser_ContentText)): Text of object 'Object Repository/OMVA_EditUser_Page/DeactivateUser_ContentText' is: 'Are you sure you want to activate oaxvfbd bsomfwz's account?'

2018-07-09 16:48:48 - [MESSAGE][PASSED] - Text of object 'Object Repository/OMVA_EditUser_Page/DeactivateUser_ContentText' is: 'Are you sure you want to activate oaxvfbd bsomfwz's account?'

2018-07-09 16:48:48 - [TEST_STEP][PASSED] - verifyMatch: Actual text 'Are you sure you want to activate oaxvfbd bsomfwz's account?' and expected text 'Are you sure you want to activate\D*' are matched  using regular expression

2018-07-09 16:48:48 - [MESSAGE][PASSED] - Actual text 'Are you sure you want to activate oaxvfbd bsomfwz's account?' and expected text 'Are you sure you want to activate\D*' are matched  using regular expression

2018-07-09 16:48:48 - [TEST_STEP][PASSED] - click: Object: 'Object Repository/OMVA_EditUser_Page/DeactivateUser_OKBtn' is clicked on

2018-07-09 16:48:48 - [MESSAGE][PASSED] - Object: 'Object Repository/OMVA_EditUser_Page/DeactivateUser_OKBtn' is clicked on

2018-07-09 16:48:48 - [TEST_STEP][PASSED] - Statement - AActivateToastMsg = com.kms.katalon.core.webui.keyword.WebUiBuiltInKeywords.getText(com.kms.katalon.core.testobject.ObjectRepository.findTestObject(OMVA_EditUser_Page/Activate_ToastMsg)): Text of object 'Object Repository/OMVA_EditUser_Page/Activate_ToastMsg' is: 'Account Successfully Activated!'

2018-07-09 16:48:48 - [MESSAGE][PASSED] - Text of object 'Object Repository/OMVA_EditUser_Page/Activate_ToastMsg' is: 'Account Successfully Activated!'

2018-07-09 16:48:48 - [TEST_STEP][PASSED] - verifyMatch: Actual text 'Account Successfully Activated!' and expected text 'Account Successfully Activated!' are matched  using regular expression

2018-07-09 16:48:48 - [MESSAGE][PASSED] - Actual text 'Account Successfully Activated!' and expected text 'Account Successfully Activated!' are matched  using regular expression

2018-07-09 16:48:48 - [TEST_STEP][PASSED] - closeBrowser: Browser is closed

2018-07-09 16:48:49 - [MESSAGE][PASSED] - Browser is closed]]></system-out>
         <system-err><![CDATA[]]></system-err>
      </testcase>
      <testcase name="Test Cases/UserManagementTestCases/Login/LogoutAndCloseBrowser" classname="Test Cases/UserManagementTestCases/Login/LogoutAndCloseBrowser" status="PASSED">
         <system-out><![CDATA[2018-07-09 16:48:49 - [TEST_CASE][PASSED] - Test Cases/UserManagementTestCases/Login/LogoutAndCloseBrowser: Test Cases/UserManagementTestCases/Login/LogoutAndCloseBrowser

2018-07-09 16:48:49 - [TEST_STEP][PASSED] - callTestCase: Call Test Case 'Test Cases/CommonTestcases/OpenBrowserandNavigateToQAURL' successfully

2018-07-09 16:48:49 - [TEST_CASE][PASSED] - Test Cases/CommonTestcases/OpenBrowserandNavigateToQAURL: Test Cases/CommonTestcases/OpenBrowserandNavigateToQAURL

2018-07-09 16:48:49 - [TEST_STEP][PASSED] - openBrowser: Browser is opened with url: ''

2018-07-09 16:48:51 - [MESSAGE][PASSED] - Browser is opened with url: ''

2018-07-09 16:48:51 - [TEST_STEP][PASSED] - navigateToUrl: Navigate to 'https://coa-demo-env.azurewebsites.net/da/index.html#/login' successfully

2018-07-09 16:48:58 - [MESSAGE][PASSED] - Navigate to 'https://coa-demo-env.azurewebsites.net/da/index.html#/login' successfully

2018-07-09 16:48:58 - [TEST_STEP][PASSED] - maximizeWindow: Current window maximized

2018-07-09 16:48:58 - [MESSAGE][PASSED] - Current window maximized

2018-07-09 16:48:58 - [MESSAGE][PASSED] - Call Test Case 'Test Cases/CommonTestcases/OpenBrowserandNavigateToQAURL' successfully

2018-07-09 16:48:58 - [TEST_STEP][PASSED] - waitForElementVisible: Object 'Object Repository/OMVA_Login_Page/Username_Textbox' is visible

2018-07-09 16:48:59 - [MESSAGE][PASSED] - Object 'Object Repository/OMVA_Login_Page/Username_Textbox' is visible

2018-07-09 16:48:59 - [TEST_STEP][PASSED] - sendKeys: Keys 'SuperAdmin' sent to object: 'Object Repository/OMVA_Login_Page/Username_Textbox'

2018-07-09 16:48:59 - [MESSAGE][PASSED] - Keys 'SuperAdmin' sent to object: 'Object Repository/OMVA_Login_Page/Username_Textbox'

2018-07-09 16:48:59 - [TEST_STEP][PASSED] - click: Object: 'Object Repository/OMVA_Login_Page/Next_Button' is clicked on

2018-07-09 16:48:59 - [MESSAGE][PASSED] - Object: 'Object Repository/OMVA_Login_Page/Next_Button' is clicked on

2018-07-09 16:48:59 - [TEST_STEP][PASSED] - waitForElementVisible: Object 'Object Repository/OMVA_Login_Page/Password_Textbox' is visible

2018-07-09 16:48:59 - [MESSAGE][PASSED] - Object 'Object Repository/OMVA_Login_Page/Password_Textbox' is visible

2018-07-09 16:48:59 - [TEST_STEP][PASSED] - sendKeys: Keys 'SuperAdmin' sent to object: 'Object Repository/OMVA_Login_Page/Password_Textbox'

2018-07-09 16:48:59 - [MESSAGE][PASSED] - Keys 'SuperAdmin' sent to object: 'Object Repository/OMVA_Login_Page/Password_Textbox'

2018-07-09 16:48:59 - [TEST_STEP][PASSED] - click: Object: 'Object Repository/OMVA_Login_Page/Signin_Button' is clicked on

2018-07-09 16:49:00 - [MESSAGE][PASSED] - Object: 'Object Repository/OMVA_Login_Page/Signin_Button' is clicked on

2018-07-09 16:49:00 - [TEST_STEP][PASSED] - waitForElementPresent: Object 'Object Repository/OMVA_Landing_Page/User_icon' is present

2018-07-09 16:49:00 - [MESSAGE][PASSED] - Object 'Object Repository/OMVA_Landing_Page/User_icon' is present

2018-07-09 16:49:00 - [TEST_STEP][PASSED] - Statement - assert true: null

2018-07-09 16:49:00 - [TEST_STEP][PASSED] - click: Object: 'Object Repository/OMVA_Landing_Page/User_icon' is clicked on

2018-07-09 16:49:01 - [MESSAGE][PASSED] - Object: 'Object Repository/OMVA_Landing_Page/User_icon' is clicked on

2018-07-09 16:49:01 - [TEST_STEP][PASSED] - waitForElementPresent: Object 'Object Repository/OMVA_Landing_Page/Logout_link' is present

2018-07-09 16:49:01 - [MESSAGE][PASSED] - Object 'Object Repository/OMVA_Landing_Page/Logout_link' is present

2018-07-09 16:49:01 - [TEST_STEP][PASSED] - Statement - assert true: null

2018-07-09 16:49:01 - [TEST_STEP][PASSED] - click: Object: 'Object Repository/OMVA_Landing_Page/Logout_link' is clicked on

2018-07-09 16:49:01 - [MESSAGE][PASSED] - Object: 'Object Repository/OMVA_Landing_Page/Logout_link' is clicked on

2018-07-09 16:49:01 - [TEST_STEP][PASSED] - waitForElementNotPresent: Web element with id: 'Object Repository/OMVA_Landing_Page/User_icon' located by 'By.xpath: //img[@id='dropdown']' is not present after '4' second(s)

2018-07-09 16:49:01 - [MESSAGE][PASSED] - Web element with id: 'Object Repository/OMVA_Landing_Page/User_icon' located by 'By.xpath: //img[@id='dropdown']' is not present after '4' second(s)

2018-07-09 16:49:01 - [TEST_STEP][PASSED] - closeBrowser: Browser is closed

2018-07-09 16:49:02 - [MESSAGE][PASSED] - Browser is closed]]></system-out>
         <system-err><![CDATA[]]></system-err>
      </testcase>
      <testcase name="Test Cases/UserManagementTestCases/UserActions/LockUser" classname="Test Cases/UserManagementTestCases/UserActions/LockUser" status="FAILED">
         <failure type="FAILED" message="Unable to get text of object 'Object Repository/OMVA_Login_Page/InvalidLogin_HeaderTxt' (Root cause: com.kms.katalon.core.webui.exception.WebElementNotFoundException: Web element with id: 'Object Repository/OMVA_Login_Page/InvalidLogin_HeaderTxt' located by 'By.xpath: //h4[text()='Invalid Credentials']' not found)"/>
         <system-out><![CDATA[2018-07-09 16:49:02 - [TEST_CASE][FAILED] - Test Cases/UserManagementTestCases/UserActions/LockUser: Test Cases/UserManagementTestCases/UserActions/LockUser FAILED because (of) Unable to get text of object 'Object Repository/OMVA_Login_Page/InvalidLogin_HeaderTxt' (Root cause: com.kms.katalon.core.webui.exception.WebElementNotFoundException: Web element with id: 'Object Repository/OMVA_Login_Page/InvalidLogin_HeaderTxt' located by 'By.xpath: //h4[text()='Invalid Credentials']' not found)

2018-07-09 16:49:02 - [TEST_STEP][FAILED] - callTestCase: Unable to call Test Case with id 'Test Cases/UserManagementTestCases/Login/Invalid_Login' (Root cause: Call Test Case 'Test Cases/UserManagementTestCases/Login/Invalid_Login' failed)

2018-07-09 16:49:02 - [TEST_CASE][FAILED] - Test Cases/UserManagementTestCases/Login/Invalid_Login: Test Cases/UserManagementTestCases/Login/Invalid_Login FAILED because (of) Unable to get text of object 'Object Repository/OMVA_Login_Page/InvalidLogin_HeaderTxt' (Root cause: com.kms.katalon.core.webui.exception.WebElementNotFoundException: Web element with id: 'Object Repository/OMVA_Login_Page/InvalidLogin_HeaderTxt' located by 'By.xpath: //h4[text()='Invalid Credentials']' not found)

2018-07-09 16:49:02 - [TEST_STEP][PASSED] - callTestCase: Call Test Case 'Test Cases/CommonTestcases/OpenBrowserandNavigateToQAURL' successfully

2018-07-09 16:49:02 - [TEST_CASE][PASSED] - Test Cases/CommonTestcases/OpenBrowserandNavigateToQAURL: Test Cases/CommonTestcases/OpenBrowserandNavigateToQAURL

2018-07-09 16:49:02 - [TEST_STEP][PASSED] - openBrowser: Browser is opened with url: ''

2018-07-09 16:49:03 - [MESSAGE][PASSED] - Browser is opened with url: ''

2018-07-09 16:49:03 - [TEST_STEP][PASSED] - navigateToUrl: Navigate to 'https://coa-demo-env.azurewebsites.net/da/index.html#/login' successfully

2018-07-09 16:49:12 - [MESSAGE][PASSED] - Navigate to 'https://coa-demo-env.azurewebsites.net/da/index.html#/login' successfully

2018-07-09 16:49:12 - [TEST_STEP][PASSED] - maximizeWindow: Current window maximized

2018-07-09 16:49:12 - [MESSAGE][PASSED] - Current window maximized

2018-07-09 16:49:12 - [MESSAGE][PASSED] - Call Test Case 'Test Cases/CommonTestcases/OpenBrowserandNavigateToQAURL' successfully

2018-07-09 16:49:12 - [TEST_STEP][PASSED] - waitForElementVisible: Object 'Object Repository/OMVA_Login_Page/Username_Textbox' is visible

2018-07-09 16:49:12 - [MESSAGE][PASSED] - Object 'Object Repository/OMVA_Login_Page/Username_Textbox' is visible

2018-07-09 16:49:12 - [TEST_STEP][PASSED] - sendKeys: Keys 'Lock' sent to object: 'Object Repository/OMVA_Login_Page/Username_Textbox'

2018-07-09 16:49:12 - [MESSAGE][PASSED] - Keys 'Lock' sent to object: 'Object Repository/OMVA_Login_Page/Username_Textbox'

2018-07-09 16:49:12 - [TEST_STEP][PASSED] - click: Object: 'Object Repository/OMVA_Login_Page/Next_Button' is clicked on

2018-07-09 16:49:12 - [MESSAGE][PASSED] - Object: 'Object Repository/OMVA_Login_Page/Next_Button' is clicked on

2018-07-09 16:49:12 - [TEST_STEP][PASSED] - Statement - If (true): null

2018-07-09 16:49:12 - [TEST_STEP][PASSED] - waitForElementVisible: Object 'Object Repository/OMVA_Login_Page/Password_Textbox' is visible

2018-07-09 16:49:13 - [MESSAGE][PASSED] - Object 'Object Repository/OMVA_Login_Page/Password_Textbox' is visible

2018-07-09 16:49:13 - [TEST_STEP][PASSED] - Statement - assert true: null

2018-07-09 16:49:13 - [TEST_STEP][PASSED] - sendKeys: Keys 'Pwd' sent to object: 'Object Repository/OMVA_Login_Page/Password_Textbox'

2018-07-09 16:49:13 - [MESSAGE][PASSED] - Keys 'Pwd' sent to object: 'Object Repository/OMVA_Login_Page/Password_Textbox'

2018-07-09 16:49:13 - [TEST_STEP][PASSED] - click: Object: 'Object Repository/OMVA_Login_Page/Signin_Button' is clicked on

2018-07-09 16:49:13 - [MESSAGE][PASSED] - Object: 'Object Repository/OMVA_Login_Page/Signin_Button' is clicked on

2018-07-09 16:49:13 - [TEST_STEP][FAILED] - Statement - AHeaderTxt = com.kms.katalon.core.webui.keyword.WebUiBuiltInKeywords.getText(com.kms.katalon.core.testobject.ObjectRepository.findTestObject(OMVA_Login_Page/InvalidLogin_HeaderTxt)): Unable to get text of object 'Object Repository/OMVA_Login_Page/InvalidLogin_HeaderTxt' (Root cause: com.kms.katalon.core.webui.exception.WebElementNotFoundException: Web element with id: 'Object Repository/OMVA_Login_Page/InvalidLogin_HeaderTxt' located by 'By.xpath: //h4[text()='Invalid Credentials']' not found)

2018-07-09 16:49:29 - [MESSAGE][FAILED] - Unable to get text of object 'Object Repository/OMVA_Login_Page/InvalidLogin_HeaderTxt' (Root cause: com.kms.katalon.core.webui.exception.WebElementNotFoundException: Web element with id: 'Object Repository/OMVA_Login_Page/InvalidLogin_HeaderTxt' located by 'By.xpath: //h4[text()='Invalid Credentials']' not found)
[[ATTACHMENT|D:\\Automation_P&G\\Automation-P&G-Code-Base\\OMVA\\Reports\\UserManagementTestSuite\\20180709_164430\\1531135168994.png]]

2018-07-09 16:49:29 - [MESSAGE][FAILED] - Unable to call Test Case with id 'Test Cases/UserManagementTestCases/Login/Invalid_Login' (Root cause: Call Test Case 'Test Cases/UserManagementTestCases/Login/Invalid_Login' failed)]]></system-out>
         <system-err><![CDATA[2018-07-09 16:49:02 - [TEST_CASE][FAILED] - Test Cases/UserManagementTestCases/UserActions/LockUser: Test Cases/UserManagementTestCases/UserActions/LockUser FAILED because (of) Unable to get text of object 'Object Repository/OMVA_Login_Page/InvalidLogin_HeaderTxt' (Root cause: com.kms.katalon.core.webui.exception.WebElementNotFoundException: Web element with id: 'Object Repository/OMVA_Login_Page/InvalidLogin_HeaderTxt' located by 'By.xpath: //h4[text()='Invalid Credentials']' not found)]]></system-err>
      </testcase>
      <testcase name="Test Cases/UserManagementTestCases/UserActions/Verify_RoleChange" classname="Test Cases/UserManagementTestCases/UserActions/Verify_RoleChange" status="PASSED">
         <system-out><![CDATA[2018-07-09 16:49:29 - [TEST_CASE][PASSED] - Test Cases/UserManagementTestCases/UserActions/Verify_RoleChange: Test Cases/UserManagementTestCases/UserActions/Verify_RoleChange

2018-07-09 16:49:29 - [TEST_STEP][PASSED] - callTestCase: Call Test Case 'Test Cases/CommonTestcases/OpenBrowserandNavigateToQAURL' successfully

2018-07-09 16:49:30 - [TEST_CASE][PASSED] - Test Cases/CommonTestcases/OpenBrowserandNavigateToQAURL: Test Cases/CommonTestcases/OpenBrowserandNavigateToQAURL

2018-07-09 16:49:30 - [TEST_STEP][PASSED] - openBrowser: Browser is opened with url: ''

2018-07-09 16:49:30 - [MESSAGE][WARNING] - A browser is already opened. Closing browser and opening a new one

2018-07-09 16:49:31 - [MESSAGE][PASSED] - Browser is opened with url: ''

2018-07-09 16:49:31 - [TEST_STEP][PASSED] - navigateToUrl: Navigate to 'https://coa-demo-env.azurewebsites.net/da/index.html#/login' successfully

2018-07-09 16:49:42 - [MESSAGE][PASSED] - Navigate to 'https://coa-demo-env.azurewebsites.net/da/index.html#/login' successfully

2018-07-09 16:49:42 - [TEST_STEP][PASSED] - maximizeWindow: Current window maximized

2018-07-09 16:49:42 - [MESSAGE][PASSED] - Current window maximized

2018-07-09 16:49:42 - [MESSAGE][PASSED] - Call Test Case 'Test Cases/CommonTestcases/OpenBrowserandNavigateToQAURL' successfully

2018-07-09 16:49:42 - [TEST_STEP][PASSED] - waitForElementVisible: Object 'Object Repository/OMVA_Login_Page/Username_Textbox' is visible

2018-07-09 16:49:42 - [MESSAGE][PASSED] - Object 'Object Repository/OMVA_Login_Page/Username_Textbox' is visible

2018-07-09 16:49:42 - [TEST_STEP][PASSED] - sendKeys: Keys 'SuperAdmin' sent to object: 'Object Repository/OMVA_Login_Page/Username_Textbox'

2018-07-09 16:49:42 - [MESSAGE][PASSED] - Keys 'SuperAdmin' sent to object: 'Object Repository/OMVA_Login_Page/Username_Textbox'

2018-07-09 16:49:42 - [TEST_STEP][PASSED] - click: Object: 'Object Repository/OMVA_Login_Page/Next_Button' is clicked on

2018-07-09 16:49:42 - [MESSAGE][PASSED] - Object: 'Object Repository/OMVA_Login_Page/Next_Button' is clicked on

2018-07-09 16:49:42 - [TEST_STEP][PASSED] - waitForElementVisible: Object 'Object Repository/OMVA_Login_Page/Password_Textbox' is visible

2018-07-09 16:49:43 - [MESSAGE][PASSED] - Object 'Object Repository/OMVA_Login_Page/Password_Textbox' is visible

2018-07-09 16:49:43 - [TEST_STEP][PASSED] - sendKeys: Keys 'SuperAdmin' sent to object: 'Object Repository/OMVA_Login_Page/Password_Textbox'

2018-07-09 16:49:43 - [MESSAGE][PASSED] - Keys 'SuperAdmin' sent to object: 'Object Repository/OMVA_Login_Page/Password_Textbox'

2018-07-09 16:49:43 - [TEST_STEP][PASSED] - click: Object: 'Object Repository/OMVA_Login_Page/Signin_Button' is clicked on

2018-07-09 16:49:43 - [MESSAGE][PASSED] - Object: 'Object Repository/OMVA_Login_Page/Signin_Button' is clicked on

2018-07-09 16:49:43 - [TEST_STEP][PASSED] - waitForPageLoad: Wait for page load successfully

2018-07-09 16:49:43 - [MESSAGE][PASSED] - Wait for page load successfully

2018-07-09 16:49:43 - [TEST_STEP][PASSED] - delay: Delayed 5 second(s)

2018-07-09 16:49:48 - [MESSAGE][PASSED] - Delayed 5 second(s)

2018-07-09 16:49:48 - [TEST_STEP][PASSED] - waitForElementPresent: Object 'Object Repository/OMVA_Landing_Page/CreateUser_Button' is present

2018-07-09 16:49:48 - [MESSAGE][PASSED] - Object 'Object Repository/OMVA_Landing_Page/CreateUser_Button' is present

2018-07-09 16:49:48 - [TEST_STEP][PASSED] - click: Object: 'Object Repository/OMVA_Landing_Page/CreateUser_Button' is clicked on

2018-07-09 16:49:48 - [MESSAGE][PASSED] - Object: 'Object Repository/OMVA_Landing_Page/CreateUser_Button' is clicked on

2018-07-09 16:49:48 - [TEST_STEP][PASSED] - delay: Delayed 3 second(s)

2018-07-09 16:49:51 - [MESSAGE][PASSED] - Delayed 3 second(s)

2018-07-09 16:49:51 - [TEST_STEP][PASSED] - waitForElementPresent: Object 'Object Repository/OMVA_UserManagement_Page/Role_Dropdown' is present

2018-07-09 16:49:52 - [MESSAGE][PASSED] - Object 'Object Repository/OMVA_UserManagement_Page/Role_Dropdown' is present

2018-07-09 16:49:52 - [TEST_STEP][PASSED] - Statement - If (true): null

2018-07-09 16:49:52 - [TEST_STEP][PASSED] - click: Object: 'Object Repository/OMVA_UserManagement_Page/Role_Dropdown' is clicked on

2018-07-09 16:49:52 - [MESSAGE][PASSED] - Object: 'Object Repository/OMVA_UserManagement_Page/Role_Dropdown' is clicked on

2018-07-09 16:49:52 - [TEST_STEP][PASSED] - Statement - assert true: null

2018-07-09 16:49:52 - [TEST_STEP][PASSED] - scrollToElement: Scroll to object 'Object Repository/OMVA_UserManagement_Page/DropdownOption_RoleDropdown_Market Admin' successfully

2018-07-09 16:49:52 - [MESSAGE][WARNING] - Timeout '0' is invalid. Using default page load timeout: '15'

2018-07-09 16:49:52 - [MESSAGE][PASSED] - Scroll to object 'Object Repository/OMVA_UserManagement_Page/DropdownOption_RoleDropdown_Market Admin' successfully

2018-07-09 16:49:52 - [TEST_STEP][PASSED] - click: Object: 'Object Repository/OMVA_UserManagement_Page/DropdownOption_RoleDropdown_Market Admin' is clicked on

2018-07-09 16:49:52 - [MESSAGE][PASSED] - Object: 'Object Repository/OMVA_UserManagement_Page/DropdownOption_RoleDropdown_Market Admin' is clicked on

2018-07-09 16:49:52 - [TEST_STEP][PASSED] - Statement - username = CustomKeywords.commonLibrary.commonFunctions.randomStringFunction("abcdefghijklmnopqrstuvwxyz", 6): commonLibrary.commonFunctions.randomStringFunction is PASSED

2018-07-09 16:49:52 - [MESSAGE][PASSED] - commonLibrary.commonFunctions.randomStringFunction is PASSED

2018-07-09 16:49:52 - [TEST_STEP][PASSED] - sendKeys: Keys 'yptimb' sent to object: 'Object Repository/OMVA_UserManagement_Page/UserName_Textbox'

2018-07-09 16:49:52 - [MESSAGE][PASSED] - Keys 'yptimb' sent to object: 'Object Repository/OMVA_UserManagement_Page/UserName_Textbox'

2018-07-09 16:49:52 - [TEST_STEP][PASSED] - Statement - emailidprefix = CustomKeywords.commonLibrary.commonFunctions.randomStringFunction("abcdefghijklmnopqrstuvwxyz", 9): commonLibrary.commonFunctions.randomStringFunction is PASSED

2018-07-09 16:49:52 - [MESSAGE][PASSED] - commonLibrary.commonFunctions.randomStringFunction is PASSED

2018-07-09 16:49:52 - [TEST_STEP][PASSED] - sendKeys: Keys 'kxpxdibsv@autotestpg.com' sent to object: 'Object Repository/OMVA_UserManagement_Page/EmailID_Textbox'

2018-07-09 16:49:52 - [MESSAGE][PASSED] - Keys 'kxpxdibsv@autotestpg.com' sent to object: 'Object Repository/OMVA_UserManagement_Page/EmailID_Textbox'

2018-07-09 16:49:52 - [TEST_STEP][PASSED] - Statement - firstname = CustomKeywords.commonLibrary.commonFunctions.randomStringFunction("abcdefghijklmnopqrstuvwxyz", 7): commonLibrary.commonFunctions.randomStringFunction is PASSED

2018-07-09 16:49:52 - [MESSAGE][PASSED] - commonLibrary.commonFunctions.randomStringFunction is PASSED

2018-07-09 16:49:52 - [TEST_STEP][PASSED] - sendKeys: Keys 'ftmtvnd' sent to object: 'Object Repository/OMVA_UserManagement_Page/FirstName_Textbox'

2018-07-09 16:49:52 - [MESSAGE][PASSED] - Keys 'ftmtvnd' sent to object: 'Object Repository/OMVA_UserManagement_Page/FirstName_Textbox'

2018-07-09 16:49:52 - [TEST_STEP][PASSED] - Statement - lastname = CustomKeywords.commonLibrary.commonFunctions.randomStringFunction("abcdefghijklmnopqrstuvwxyz", 7): commonLibrary.commonFunctions.randomStringFunction is PASSED

2018-07-09 16:49:52 - [MESSAGE][PASSED] - commonLibrary.commonFunctions.randomStringFunction is PASSED

2018-07-09 16:49:52 - [TEST_STEP][PASSED] - sendKeys: Keys 'jplrtpg' sent to object: 'Object Repository/OMVA_UserManagement_Page/LastName_Textbox'

2018-07-09 16:49:52 - [MESSAGE][PASSED] - Keys 'jplrtpg' sent to object: 'Object Repository/OMVA_UserManagement_Page/LastName_Textbox'

2018-07-09 16:49:52 - [TEST_STEP][PASSED] - Statement - ticketnum = CustomKeywords.commonLibrary.commonFunctions.randomStringFunction("123456789", 7): commonLibrary.commonFunctions.randomStringFunction is PASSED

2018-07-09 16:49:52 - [MESSAGE][PASSED] - commonLibrary.commonFunctions.randomStringFunction is PASSED

2018-07-09 16:49:52 - [TEST_STEP][PASSED] - sendKeys: Keys '1277623' sent to object: 'Object Repository/OMVA_UserManagement_Page/TicketNumber_Textbox'

2018-07-09 16:49:53 - [MESSAGE][PASSED] - Keys '1277623' sent to object: 'Object Repository/OMVA_UserManagement_Page/TicketNumber_Textbox'

2018-07-09 16:49:53 - [TEST_STEP][PASSED] - click: Object: 'Object Repository/OMVA_UserManagement_Page/Next_Button_Update' is clicked on

2018-07-09 16:49:53 - [MESSAGE][PASSED] - Object: 'Object Repository/OMVA_UserManagement_Page/Next_Button_Update' is clicked on

2018-07-09 16:49:53 - [TEST_STEP][PASSED] - applicationLibrary.checkboxMultiselection.multiselectCheckbox: applicationLibrary.checkboxMultiselection.multiselectCheckbox is PASSED

2018-07-09 16:49:55 - [MESSAGE][PASSED] - applicationLibrary.checkboxMultiselection.multiselectCheckbox is PASSED

2018-07-09 16:49:55 - [TEST_STEP][PASSED] - scrollToElement: Scroll to object 'Object Repository/OMVA_UserManagement_Page/Customer_Next_Btn' successfully

2018-07-09 16:49:55 - [MESSAGE][PASSED] - Scroll to object 'Object Repository/OMVA_UserManagement_Page/Customer_Next_Btn' successfully

2018-07-09 16:49:55 - [TEST_STEP][PASSED] - click: Object: 'Object Repository/OMVA_UserManagement_Page/Customer_Next_Btn' is clicked on

2018-07-09 16:49:55 - [MESSAGE][PASSED] - Object: 'Object Repository/OMVA_UserManagement_Page/Customer_Next_Btn' is clicked on

2018-07-09 16:49:55 - [TEST_STEP][PASSED] - applicationLibrary.checkboxMultiselection.multiselectCheckbox: applicationLibrary.checkboxMultiselection.multiselectCheckbox is PASSED

2018-07-09 16:49:57 - [MESSAGE][PASSED] - applicationLibrary.checkboxMultiselection.multiselectCheckbox is PASSED

2018-07-09 16:49:57 - [TEST_STEP][PASSED] - click: Object: 'Object Repository/OMVA_UserManagement_Page/UserCreation_Save_Btn' is clicked on

2018-07-09 16:49:57 - [MESSAGE][PASSED] - Object: 'Object Repository/OMVA_UserManagement_Page/UserCreation_Save_Btn' is clicked on

2018-07-09 16:49:57 - [TEST_STEP][PASSED] - waitForElementPresent: Object 'Object Repository/OMVA_UserManagement_Page/UserCreation_HeaderTxt' is present

2018-07-09 16:49:58 - [MESSAGE][PASSED] - Object 'Object Repository/OMVA_UserManagement_Page/UserCreation_HeaderTxt' is present

2018-07-09 16:49:58 - [TEST_STEP][PASSED] - verifyElementText: Actual text and expected text of test object 'Object Repository/OMVA_UserManagement_Page/UserCreation_HeaderTxt' are matched.

2018-07-09 16:49:58 - [MESSAGE][PASSED] - Actual text and expected text of test object 'Object Repository/OMVA_UserManagement_Page/UserCreation_HeaderTxt' are matched.

2018-07-09 16:49:58 - [TEST_STEP][PASSED] - verifyElementText: Actual text and expected text of test object 'Object Repository/OMVA_UserManagement_Page/UserCreation_ContentTxt' are matched.

2018-07-09 16:49:58 - [MESSAGE][PASSED] - Actual text and expected text of test object 'Object Repository/OMVA_UserManagement_Page/UserCreation_ContentTxt' are matched.

2018-07-09 16:49:58 - [TEST_STEP][PASSED] - click: Object: 'Object Repository/OMVA_UserManagement_Page/UserCreation_OK_Btn' is clicked on

2018-07-09 16:49:58 - [MESSAGE][PASSED] - Object: 'Object Repository/OMVA_UserManagement_Page/UserCreation_OK_Btn' is clicked on

2018-07-09 16:49:58 - [TEST_STEP][PASSED] - delay: Delayed 5 second(s)

2018-07-09 16:50:03 - [MESSAGE][PASSED] - Delayed 5 second(s)

2018-07-09 16:50:03 - [TEST_STEP][PASSED] - waitForElementPresent: Object 'Object Repository/OMVA_UserManagement_Page/Created_User_Username' is present

2018-07-09 16:50:03 - [MESSAGE][PASSED] - Object 'Object Repository/OMVA_UserManagement_Page/Created_User_Username' is present

2018-07-09 16:50:03 - [TEST_STEP][PASSED] - Statement - createdNewuser = com.kms.katalon.core.webui.keyword.WebUiBuiltInKeywords.getText(com.kms.katalon.core.testobject.ObjectRepository.findTestObject(OMVA_UserManagement_Page/Created_User_Username)): Text of object 'Object Repository/OMVA_UserManagement_Page/Created_User_Username' is: 'ftmtvnd jplrtpg'

2018-07-09 16:50:03 - [MESSAGE][PASSED] - Text of object 'Object Repository/OMVA_UserManagement_Page/Created_User_Username' is: 'ftmtvnd jplrtpg'

2018-07-09 16:50:03 - [TEST_STEP][PASSED] - Statement - uname = createdNewuser.toString(): null

2018-07-09 16:50:03 - [TEST_STEP][PASSED] - Statement - createduser = com.kms.katalon.core.webui.keyword.WebUiBuiltInKeywords.verifyMatch(createdNewuser, firstname + " " + lastname, true): Actual text 'ftmtvnd jplrtpg' and expected text 'ftmtvnd jplrtpg' are matched  using regular expression

2018-07-09 16:50:03 - [MESSAGE][PASSED] - Actual text 'ftmtvnd jplrtpg' and expected text 'ftmtvnd jplrtpg' are matched  using regular expression

2018-07-09 16:50:03 - [TEST_STEP][PASSED] - delay: Delayed 5 second(s)

2018-07-09 16:50:08 - [MESSAGE][PASSED] - Delayed 5 second(s)

2018-07-09 16:50:08 - [TEST_STEP][PASSED] - applicationLibrary.ClicksCreatedUserDashboard.editUser: applicationLibrary.ClicksCreatedUserDashboard.editUser is PASSED

2018-07-09 16:50:09 - [MESSAGE][PASSED] - applicationLibrary.ClicksCreatedUserDashboard.editUser is PASSED

2018-07-09 16:50:09 - [TEST_STEP][PASSED] - delay: Delayed 5 second(s)

2018-07-09 16:50:14 - [MESSAGE][PASSED] - Delayed 5 second(s)

2018-07-09 16:50:14 - [TEST_STEP][PASSED] - waitForElementPresent: Object 'Object Repository/OMVA_UserManagement_Page/Role_Dropdown' is present

2018-07-09 16:50:14 - [MESSAGE][PASSED] - Object 'Object Repository/OMVA_UserManagement_Page/Role_Dropdown' is present

2018-07-09 16:50:14 - [TEST_STEP][PASSED] - Statement - If (true): null

2018-07-09 16:50:14 - [TEST_STEP][PASSED] - click: Object: 'Object Repository/OMVA_UserManagement_Page/Role_Dropdown' is clicked on

2018-07-09 16:50:14 - [MESSAGE][PASSED] - Object: 'Object Repository/OMVA_UserManagement_Page/Role_Dropdown' is clicked on

2018-07-09 16:50:14 - [TEST_STEP][PASSED] - Statement - assert true: null

2018-07-09 16:50:14 - [TEST_STEP][PASSED] - scrollToElement: Scroll to object 'Object Repository/OMVA_UserManagement_Page/DropdownOption_RoleDropdown_CategoryMSP' successfully

2018-07-09 16:50:14 - [MESSAGE][WARNING] - Timeout '0' is invalid. Using default page load timeout: '15'

2018-07-09 16:50:14 - [MESSAGE][PASSED] - Scroll to object 'Object Repository/OMVA_UserManagement_Page/DropdownOption_RoleDropdown_CategoryMSP' successfully

2018-07-09 16:50:14 - [TEST_STEP][PASSED] - click: Object: 'Object Repository/OMVA_UserManagement_Page/DropdownOption_RoleDropdown_CategoryMSP' is clicked on

2018-07-09 16:50:14 - [MESSAGE][PASSED] - Object: 'Object Repository/OMVA_UserManagement_Page/DropdownOption_RoleDropdown_CategoryMSP' is clicked on

2018-07-09 16:50:14 - [TEST_STEP][PASSED] - delay: Delayed 3 second(s)

2018-07-09 16:50:17 - [MESSAGE][PASSED] - Delayed 3 second(s)

2018-07-09 16:50:17 - [TEST_STEP][PASSED] - click: Object: 'Object Repository/OMVA_UserManagement_Page/Next_Button_Update' is clicked on

2018-07-09 16:50:17 - [MESSAGE][PASSED] - Object: 'Object Repository/OMVA_UserManagement_Page/Next_Button_Update' is clicked on

2018-07-09 16:50:17 - [TEST_STEP][PASSED] - Statement - If (true): null

2018-07-09 16:50:17 - [TEST_STEP][PASSED] - verifyElementText: Actual text and expected text of test object 'Object Repository/OMVA_UserManagement_Page/Update_Role' are matched.

2018-07-09 16:50:18 - [MESSAGE][PASSED] - Actual text and expected text of test object 'Object Repository/OMVA_UserManagement_Page/Update_Role' are matched.

2018-07-09 16:50:18 - [TEST_STEP][PASSED] - Statement - assert true: null

2018-07-09 16:50:18 - [TEST_STEP][PASSED] - closeBrowser: Browser is closed

2018-07-09 16:50:19 - [MESSAGE][PASSED] - Browser is closed]]></system-out>
         <system-err><![CDATA[]]></system-err>
      </testcase>
      <testcase name="Test Cases/UserManagementTestCases/UserActions/Verify_AdvanceFilterPopUp" classname="Test Cases/UserManagementTestCases/UserActions/Verify_AdvanceFilterPopUp" status="PASSED">
         <system-out><![CDATA[2018-07-09 16:50:19 - [TEST_CASE][PASSED] - Test Cases/UserManagementTestCases/UserActions/Verify_AdvanceFilterPopUp: Test Cases/UserManagementTestCases/UserActions/Verify_AdvanceFilterPopUp

2018-07-09 16:50:19 - [TEST_STEP][PASSED] - callTestCase: Call Test Case 'Test Cases/CommonTestcases/OpenBrowserandNavigateToQAURL' successfully

2018-07-09 16:50:19 - [TEST_CASE][PASSED] - Test Cases/CommonTestcases/OpenBrowserandNavigateToQAURL: Test Cases/CommonTestcases/OpenBrowserandNavigateToQAURL

2018-07-09 16:50:19 - [TEST_STEP][PASSED] - openBrowser: Browser is opened with url: ''

2018-07-09 16:50:20 - [MESSAGE][PASSED] - Browser is opened with url: ''

2018-07-09 16:50:20 - [TEST_STEP][PASSED] - navigateToUrl: Navigate to 'https://coa-demo-env.azurewebsites.net/da/index.html#/login' successfully

2018-07-09 16:50:29 - [MESSAGE][PASSED] - Navigate to 'https://coa-demo-env.azurewebsites.net/da/index.html#/login' successfully

2018-07-09 16:50:29 - [TEST_STEP][PASSED] - maximizeWindow: Current window maximized

2018-07-09 16:50:29 - [MESSAGE][PASSED] - Current window maximized

2018-07-09 16:50:29 - [MESSAGE][PASSED] - Call Test Case 'Test Cases/CommonTestcases/OpenBrowserandNavigateToQAURL' successfully

2018-07-09 16:50:29 - [TEST_STEP][PASSED] - waitForElementPresent: Object 'Object Repository/OMVA_Login_Page/Username_Textbox' is present

2018-07-09 16:50:29 - [MESSAGE][PASSED] - Object 'Object Repository/OMVA_Login_Page/Username_Textbox' is present

2018-07-09 16:50:29 - [TEST_STEP][PASSED] - sendKeys: Keys 'SuperAdmin' sent to object: 'Object Repository/OMVA_Login_Page/Username_Textbox'

2018-07-09 16:50:29 - [MESSAGE][PASSED] - Keys 'SuperAdmin' sent to object: 'Object Repository/OMVA_Login_Page/Username_Textbox'

2018-07-09 16:50:29 - [TEST_STEP][PASSED] - click: Object: 'Object Repository/OMVA_Login_Page/Next_Button' is clicked on

2018-07-09 16:50:29 - [MESSAGE][PASSED] - Object: 'Object Repository/OMVA_Login_Page/Next_Button' is clicked on

2018-07-09 16:50:29 - [TEST_STEP][PASSED] - waitForElementVisible: Object 'Object Repository/OMVA_Login_Page/Password_Textbox' is visible

2018-07-09 16:50:30 - [MESSAGE][PASSED] - Object 'Object Repository/OMVA_Login_Page/Password_Textbox' is visible

2018-07-09 16:50:30 - [TEST_STEP][PASSED] - sendKeys: Keys 'SuperAdmin' sent to object: 'Object Repository/OMVA_Login_Page/Password_Textbox'

2018-07-09 16:50:30 - [MESSAGE][PASSED] - Keys 'SuperAdmin' sent to object: 'Object Repository/OMVA_Login_Page/Password_Textbox'

2018-07-09 16:50:30 - [TEST_STEP][PASSED] - click: Object: 'Object Repository/OMVA_Login_Page/Signin_Button' is clicked on

2018-07-09 16:50:30 - [MESSAGE][PASSED] - Object: 'Object Repository/OMVA_Login_Page/Signin_Button' is clicked on

2018-07-09 16:50:30 - [TEST_STEP][PASSED] - waitForAngularLoad: This page doesn't use Angular.

2018-07-09 16:50:30 - [MESSAGE][WARNING] - This page doesn't use Angular.

2018-07-09 16:50:30 - [TEST_STEP][PASSED] - delay: Delayed 4 second(s)

2018-07-09 16:50:34 - [MESSAGE][PASSED] - Delayed 4 second(s)

2018-07-09 16:50:34 - [TEST_STEP][PASSED] - waitForElementVisible: Object 'Object Repository/OMVA_Landing_Page/Filter_Icon' is visible

2018-07-09 16:50:34 - [MESSAGE][PASSED] - Object 'Object Repository/OMVA_Landing_Page/Filter_Icon' is visible

2018-07-09 16:50:34 - [TEST_STEP][PASSED] - Statement - assert true: null

2018-07-09 16:50:34 - [TEST_STEP][PASSED] - click: Object: 'Object Repository/OMVA_Landing_Page/Filter_Icon' is clicked on

2018-07-09 16:50:34 - [MESSAGE][PASSED] - Object: 'Object Repository/OMVA_Landing_Page/Filter_Icon' is clicked on

2018-07-09 16:50:34 - [TEST_STEP][PASSED] - waitForElementVisible: Object 'Object Repository/OMVA_Landing_Page/Advanced_FilterPopUp' is visible

2018-07-09 16:50:35 - [MESSAGE][PASSED] - Object 'Object Repository/OMVA_Landing_Page/Advanced_FilterPopUp' is visible

2018-07-09 16:50:35 - [TEST_STEP][PASSED] - Statement - assert true: null

2018-07-09 16:50:35 - [TEST_STEP][PASSED] - closeBrowser: Browser is closed

2018-07-09 16:50:36 - [MESSAGE][PASSED] - Browser is closed]]></system-out>
         <system-err><![CDATA[]]></system-err>
      </testcase>
      <testcase name="Test Cases/UserManagementTestCases/UserActions/VerifyNextButtonClickNotAllowed" classname="Test Cases/UserManagementTestCases/UserActions/VerifyNextButtonClickNotAllowed" status="PASSED">
         <system-out><![CDATA[2018-07-09 16:50:36 - [TEST_CASE][PASSED] - Test Cases/UserManagementTestCases/UserActions/VerifyNextButtonClickNotAllowed: Test Cases/UserManagementTestCases/UserActions/VerifyNextButtonClickNotAllowed

2018-07-09 16:50:36 - [TEST_STEP][PASSED] - callTestCase: Call Test Case 'Test Cases/CommonTestcases/OpenBrowserandNavigateToQAURL' successfully

2018-07-09 16:50:36 - [TEST_CASE][PASSED] - Test Cases/CommonTestcases/OpenBrowserandNavigateToQAURL: Test Cases/CommonTestcases/OpenBrowserandNavigateToQAURL

2018-07-09 16:50:36 - [TEST_STEP][PASSED] - openBrowser: Browser is opened with url: ''

2018-07-09 16:50:37 - [MESSAGE][PASSED] - Browser is opened with url: ''

2018-07-09 16:50:37 - [TEST_STEP][PASSED] - navigateToUrl: Navigate to 'https://coa-demo-env.azurewebsites.net/da/index.html#/login' successfully

2018-07-09 16:50:47 - [MESSAGE][PASSED] - Navigate to 'https://coa-demo-env.azurewebsites.net/da/index.html#/login' successfully

2018-07-09 16:50:47 - [TEST_STEP][PASSED] - maximizeWindow: Current window maximized

2018-07-09 16:50:48 - [MESSAGE][PASSED] - Current window maximized

2018-07-09 16:50:48 - [MESSAGE][PASSED] - Call Test Case 'Test Cases/CommonTestcases/OpenBrowserandNavigateToQAURL' successfully

2018-07-09 16:50:48 - [TEST_STEP][PASSED] - waitForElementVisible: Object 'Object Repository/OMVA_Login_Page/Username_Textbox' is visible

2018-07-09 16:50:48 - [MESSAGE][PASSED] - Object 'Object Repository/OMVA_Login_Page/Username_Textbox' is visible

2018-07-09 16:50:48 - [TEST_STEP][PASSED] - sendKeys: Keys 'SuperAdmin' sent to object: 'Object Repository/OMVA_Login_Page/Username_Textbox'

2018-07-09 16:50:48 - [MESSAGE][PASSED] - Keys 'SuperAdmin' sent to object: 'Object Repository/OMVA_Login_Page/Username_Textbox'

2018-07-09 16:50:48 - [TEST_STEP][PASSED] - click: Object: 'Object Repository/OMVA_Login_Page/Next_Button' is clicked on

2018-07-09 16:50:48 - [MESSAGE][PASSED] - Object: 'Object Repository/OMVA_Login_Page/Next_Button' is clicked on

2018-07-09 16:50:48 - [TEST_STEP][PASSED] - waitForElementVisible: Object 'Object Repository/OMVA_Login_Page/Password_Textbox' is visible

2018-07-09 16:50:48 - [MESSAGE][PASSED] - Object 'Object Repository/OMVA_Login_Page/Password_Textbox' is visible

2018-07-09 16:50:48 - [TEST_STEP][PASSED] - sendKeys: Keys 'SuperAdmin' sent to object: 'Object Repository/OMVA_Login_Page/Password_Textbox'

2018-07-09 16:50:49 - [MESSAGE][PASSED] - Keys 'SuperAdmin' sent to object: 'Object Repository/OMVA_Login_Page/Password_Textbox'

2018-07-09 16:50:49 - [TEST_STEP][PASSED] - click: Object: 'Object Repository/OMVA_Login_Page/Signin_Button' is clicked on

2018-07-09 16:50:49 - [MESSAGE][PASSED] - Object: 'Object Repository/OMVA_Login_Page/Signin_Button' is clicked on

2018-07-09 16:50:49 - [TEST_STEP][PASSED] - waitForPageLoad: Wait for page load successfully

2018-07-09 16:50:49 - [MESSAGE][PASSED] - Wait for page load successfully

2018-07-09 16:50:49 - [TEST_STEP][PASSED] - delay: Delayed 5 second(s)

2018-07-09 16:50:54 - [MESSAGE][PASSED] - Delayed 5 second(s)

2018-07-09 16:50:54 - [TEST_STEP][PASSED] - waitForElementPresent: Object 'Object Repository/OMVA_Landing_Page/CreateUser_Button' is present

2018-07-09 16:50:54 - [MESSAGE][PASSED] - Object 'Object Repository/OMVA_Landing_Page/CreateUser_Button' is present

2018-07-09 16:50:54 - [TEST_STEP][PASSED] - click: Object: 'Object Repository/OMVA_Landing_Page/CreateUser_Button' is clicked on

2018-07-09 16:50:54 - [MESSAGE][PASSED] - Object: 'Object Repository/OMVA_Landing_Page/CreateUser_Button' is clicked on

2018-07-09 16:50:54 - [TEST_STEP][PASSED] - delay: Delayed 3 second(s)

2018-07-09 16:50:57 - [MESSAGE][PASSED] - Delayed 3 second(s)

2018-07-09 16:50:57 - [TEST_STEP][PASSED] - verifyElementNotClickable: Object 'Object Repository/OMVA_UserManagement_Page/NextButtonDisabled' is NOT clickable

2018-07-09 16:50:57 - [MESSAGE][PASSED] - Object 'Object Repository/OMVA_UserManagement_Page/NextButtonDisabled' is NOT clickable

2018-07-09 16:50:57 - [TEST_STEP][PASSED] - closeBrowser: Browser is closed

2018-07-09 16:50:58 - [MESSAGE][PASSED] - Browser is closed]]></system-out>
         <system-err><![CDATA[]]></system-err>
      </testcase>
      <testcase name="Test Cases/UserManagementTestCases/UserActions/VerifyDefaultSelectionAdvancedFilter" classname="Test Cases/UserManagementTestCases/UserActions/VerifyDefaultSelectionAdvancedFilter" status="PASSED">
         <system-out><![CDATA[2018-07-09 16:50:58 - [TEST_CASE][PASSED] - Test Cases/UserManagementTestCases/UserActions/VerifyDefaultSelectionAdvancedFilter: Test Cases/UserManagementTestCases/UserActions/VerifyDefaultSelectionAdvancedFilter

2018-07-09 16:50:58 - [TEST_STEP][PASSED] - callTestCase: Call Test Case 'Test Cases/CommonTestcases/OpenBrowserandNavigateToQAURL' successfully

2018-07-09 16:50:58 - [TEST_CASE][PASSED] - Test Cases/CommonTestcases/OpenBrowserandNavigateToQAURL: Test Cases/CommonTestcases/OpenBrowserandNavigateToQAURL

2018-07-09 16:50:58 - [TEST_STEP][PASSED] - openBrowser: Browser is opened with url: ''

2018-07-09 16:50:59 - [MESSAGE][PASSED] - Browser is opened with url: ''

2018-07-09 16:50:59 - [TEST_STEP][PASSED] - navigateToUrl: Navigate to 'https://coa-demo-env.azurewebsites.net/da/index.html#/login' successfully

2018-07-09 16:51:07 - [MESSAGE][PASSED] - Navigate to 'https://coa-demo-env.azurewebsites.net/da/index.html#/login' successfully

2018-07-09 16:51:07 - [TEST_STEP][PASSED] - maximizeWindow: Current window maximized

2018-07-09 16:51:07 - [MESSAGE][PASSED] - Current window maximized

2018-07-09 16:51:07 - [MESSAGE][PASSED] - Call Test Case 'Test Cases/CommonTestcases/OpenBrowserandNavigateToQAURL' successfully

2018-07-09 16:51:07 - [TEST_STEP][PASSED] - waitForElementPresent: Object 'Object Repository/OMVA_Login_Page/Username_Textbox' is present

2018-07-09 16:51:07 - [MESSAGE][PASSED] - Object 'Object Repository/OMVA_Login_Page/Username_Textbox' is present

2018-07-09 16:51:07 - [TEST_STEP][PASSED] - sendKeys: Keys 'SuperAdmin' sent to object: 'Object Repository/OMVA_Login_Page/Username_Textbox'

2018-07-09 16:51:07 - [MESSAGE][PASSED] - Keys 'SuperAdmin' sent to object: 'Object Repository/OMVA_Login_Page/Username_Textbox'

2018-07-09 16:51:07 - [TEST_STEP][PASSED] - click: Object: 'Object Repository/OMVA_Login_Page/Next_Button' is clicked on

2018-07-09 16:51:07 - [MESSAGE][PASSED] - Object: 'Object Repository/OMVA_Login_Page/Next_Button' is clicked on

2018-07-09 16:51:07 - [TEST_STEP][PASSED] - waitForElementVisible: Object 'Object Repository/OMVA_Login_Page/Password_Textbox' is visible

2018-07-09 16:51:08 - [MESSAGE][PASSED] - Object 'Object Repository/OMVA_Login_Page/Password_Textbox' is visible

2018-07-09 16:51:08 - [TEST_STEP][PASSED] - sendKeys: Keys 'SuperAdmin' sent to object: 'Object Repository/OMVA_Login_Page/Password_Textbox'

2018-07-09 16:51:08 - [MESSAGE][PASSED] - Keys 'SuperAdmin' sent to object: 'Object Repository/OMVA_Login_Page/Password_Textbox'

2018-07-09 16:51:08 - [TEST_STEP][PASSED] - click: Object: 'Object Repository/OMVA_Login_Page/Signin_Button' is clicked on

2018-07-09 16:51:08 - [MESSAGE][PASSED] - Object: 'Object Repository/OMVA_Login_Page/Signin_Button' is clicked on

2018-07-09 16:51:08 - [TEST_STEP][PASSED] - waitForAngularLoad: This page doesn't use Angular.

2018-07-09 16:51:08 - [MESSAGE][WARNING] - This page doesn't use Angular.

2018-07-09 16:51:08 - [TEST_STEP][PASSED] - delay: Delayed 4 second(s)

2018-07-09 16:51:12 - [MESSAGE][PASSED] - Delayed 4 second(s)

2018-07-09 16:51:12 - [TEST_STEP][PASSED] - waitForElementVisible: Object 'Object Repository/OMVA_Landing_Page/Filter_Icon' is visible

2018-07-09 16:51:12 - [MESSAGE][PASSED] - Object 'Object Repository/OMVA_Landing_Page/Filter_Icon' is visible

2018-07-09 16:51:12 - [TEST_STEP][PASSED] - Statement - assert true: null

2018-07-09 16:51:12 - [TEST_STEP][PASSED] - click: Object: 'Object Repository/OMVA_Landing_Page/Filter_Icon' is clicked on

2018-07-09 16:51:12 - [MESSAGE][PASSED] - Object: 'Object Repository/OMVA_Landing_Page/Filter_Icon' is clicked on

2018-07-09 16:51:12 - [TEST_STEP][PASSED] - waitForElementVisible: Object 'Object Repository/OMVA_Landing_Page/Advanced_FilterPopUp' is visible

2018-07-09 16:51:13 - [MESSAGE][PASSED] - Object 'Object Repository/OMVA_Landing_Page/Advanced_FilterPopUp' is visible

2018-07-09 16:51:13 - [TEST_STEP][PASSED] - Statement - assert true: null

2018-07-09 16:51:13 - [TEST_STEP][PASSED] - delay: Delayed 3 second(s)

2018-07-09 16:51:16 - [MESSAGE][PASSED] - Delayed 3 second(s)

2018-07-09 16:51:16 - [TEST_STEP][PASSED] - applicationLibrary.checkboxMultiselection.checkbox: applicationLibrary.checkboxMultiselection.checkbox is PASSED

2018-07-09 16:51:18 - [MESSAGE][PASSED] - applicationLibrary.checkboxMultiselection.checkbox is PASSED

2018-07-09 16:51:18 - [TEST_STEP][PASSED] - waitForElementVisible: Object 'Object Repository/OMVA_AdvancedFilter_Page/resetButton' is visible

2018-07-09 16:51:18 - [MESSAGE][PASSED] - Object 'Object Repository/OMVA_AdvancedFilter_Page/resetButton' is visible

2018-07-09 16:51:18 - [TEST_STEP][PASSED] - click: Object: 'Object Repository/OMVA_AdvancedFilter_Page/resetButton' is clicked on

2018-07-09 16:51:18 - [MESSAGE][PASSED] - Object: 'Object Repository/OMVA_AdvancedFilter_Page/resetButton' is clicked on

2018-07-09 16:51:18 - [TEST_STEP][PASSED] - verifyElementAttributeValue: Object 'Object Repository/OMVA_AdvancedFilter_Page/checkboxSelectAll' has attribute 'ng-reflect-model' with value 'false'

2018-07-09 16:51:19 - [MESSAGE][PASSED] - Object 'Object Repository/OMVA_AdvancedFilter_Page/checkboxSelectAll' has attribute 'ng-reflect-model' with value 'false']]></system-out>
         <system-err><![CDATA[]]></system-err>
      </testcase>
      <testcase name="Test Cases/UserManagementTestCases/UserActions/Validate_User_Search" classname="Test Cases/UserManagementTestCases/UserActions/Validate_User_Search" status="PASSED">
         <system-out><![CDATA[2018-07-09 16:51:19 - [TEST_CASE][PASSED] - Test Cases/UserManagementTestCases/UserActions/Validate_User_Search: Test Cases/UserManagementTestCases/UserActions/Validate_User_Search

2018-07-09 16:51:19 - [TEST_STEP][PASSED] - callTestCase: Call Test Case 'Test Cases/CommonTestcases/OpenBrowserandNavigateToQAURL' successfully

2018-07-09 16:51:19 - [TEST_CASE][PASSED] - Test Cases/CommonTestcases/OpenBrowserandNavigateToQAURL: Test Cases/CommonTestcases/OpenBrowserandNavigateToQAURL

2018-07-09 16:51:19 - [TEST_STEP][PASSED] - openBrowser: Browser is opened with url: ''

2018-07-09 16:51:19 - [MESSAGE][WARNING] - A browser is already opened. Closing browser and opening a new one

2018-07-09 16:51:21 - [MESSAGE][PASSED] - Browser is opened with url: ''

2018-07-09 16:51:21 - [TEST_STEP][PASSED] - navigateToUrl: Navigate to 'https://coa-demo-env.azurewebsites.net/da/index.html#/login' successfully

2018-07-09 16:51:29 - [MESSAGE][PASSED] - Navigate to 'https://coa-demo-env.azurewebsites.net/da/index.html#/login' successfully

2018-07-09 16:51:29 - [TEST_STEP][PASSED] - maximizeWindow: Current window maximized

2018-07-09 16:51:29 - [MESSAGE][PASSED] - Current window maximized

2018-07-09 16:51:29 - [MESSAGE][PASSED] - Call Test Case 'Test Cases/CommonTestcases/OpenBrowserandNavigateToQAURL' successfully

2018-07-09 16:51:29 - [TEST_STEP][PASSED] - waitForElementVisible: Object 'Object Repository/OMVA_Login_Page/Username_Textbox' is visible

2018-07-09 16:51:29 - [MESSAGE][PASSED] - Object 'Object Repository/OMVA_Login_Page/Username_Textbox' is visible

2018-07-09 16:51:29 - [TEST_STEP][PASSED] - sendKeys: Keys 'SuperAdmin' sent to object: 'Object Repository/OMVA_Login_Page/Username_Textbox'

2018-07-09 16:51:30 - [MESSAGE][PASSED] - Keys 'SuperAdmin' sent to object: 'Object Repository/OMVA_Login_Page/Username_Textbox'

2018-07-09 16:51:30 - [TEST_STEP][PASSED] - click: Object: 'Object Repository/OMVA_Login_Page/Next_Button' is clicked on

2018-07-09 16:51:30 - [MESSAGE][PASSED] - Object: 'Object Repository/OMVA_Login_Page/Next_Button' is clicked on

2018-07-09 16:51:30 - [TEST_STEP][PASSED] - waitForElementVisible: Object 'Object Repository/OMVA_Login_Page/Password_Textbox' is visible

2018-07-09 16:51:30 - [MESSAGE][PASSED] - Object 'Object Repository/OMVA_Login_Page/Password_Textbox' is visible

2018-07-09 16:51:30 - [TEST_STEP][PASSED] - sendKeys: Keys 'SuperAdmin' sent to object: 'Object Repository/OMVA_Login_Page/Password_Textbox'

2018-07-09 16:51:30 - [MESSAGE][PASSED] - Keys 'SuperAdmin' sent to object: 'Object Repository/OMVA_Login_Page/Password_Textbox'

2018-07-09 16:51:30 - [TEST_STEP][PASSED] - click: Object: 'Object Repository/OMVA_Login_Page/Signin_Button' is clicked on

2018-07-09 16:51:30 - [MESSAGE][PASSED] - Object: 'Object Repository/OMVA_Login_Page/Signin_Button' is clicked on

2018-07-09 16:51:30 - [TEST_STEP][PASSED] - waitForPageLoad: Wait for page load successfully

2018-07-09 16:51:30 - [MESSAGE][PASSED] - Wait for page load successfully

2018-07-09 16:51:30 - [TEST_STEP][PASSED] - delay: Delayed 5 second(s)

2018-07-09 16:51:35 - [MESSAGE][PASSED] - Delayed 5 second(s)

2018-07-09 16:51:35 - [TEST_STEP][PASSED] - waitForElementPresent: Object 'Object Repository/OMVA_Landing_Page/CreateUser_Button' is present

2018-07-09 16:51:36 - [MESSAGE][PASSED] - Object 'Object Repository/OMVA_Landing_Page/CreateUser_Button' is present

2018-07-09 16:51:36 - [TEST_STEP][PASSED] - click: Object: 'Object Repository/OMVA_Landing_Page/CreateUser_Button' is clicked on

2018-07-09 16:51:36 - [MESSAGE][PASSED] - Object: 'Object Repository/OMVA_Landing_Page/CreateUser_Button' is clicked on

2018-07-09 16:51:36 - [TEST_STEP][PASSED] - delay: Delayed 3 second(s)

2018-07-09 16:51:39 - [MESSAGE][PASSED] - Delayed 3 second(s)

2018-07-09 16:51:39 - [TEST_STEP][PASSED] - waitForElementPresent: Object 'Object Repository/OMVA_UserManagement_Page/Role_Dropdown' is present

2018-07-09 16:51:39 - [MESSAGE][PASSED] - Object 'Object Repository/OMVA_UserManagement_Page/Role_Dropdown' is present

2018-07-09 16:51:39 - [TEST_STEP][PASSED] - Statement - If (true): null

2018-07-09 16:51:39 - [TEST_STEP][PASSED] - click: Object: 'Object Repository/OMVA_UserManagement_Page/Role_Dropdown' is clicked on

2018-07-09 16:51:39 - [MESSAGE][PASSED] - Object: 'Object Repository/OMVA_UserManagement_Page/Role_Dropdown' is clicked on

2018-07-09 16:51:39 - [TEST_STEP][PASSED] - Statement - assert true: null

2018-07-09 16:51:39 - [TEST_STEP][PASSED] - scrollToElement: Scroll to object 'Object Repository/OMVA_UserManagement_Page/DropdownOption_RoleDropdown_Market Admin' successfully

2018-07-09 16:51:39 - [MESSAGE][WARNING] - Timeout '0' is invalid. Using default page load timeout: '15'

2018-07-09 16:51:39 - [MESSAGE][PASSED] - Scroll to object 'Object Repository/OMVA_UserManagement_Page/DropdownOption_RoleDropdown_Market Admin' successfully

2018-07-09 16:51:39 - [TEST_STEP][PASSED] - click: Object: 'Object Repository/OMVA_UserManagement_Page/DropdownOption_RoleDropdown_Market Admin' is clicked on

2018-07-09 16:51:39 - [MESSAGE][PASSED] - Object: 'Object Repository/OMVA_UserManagement_Page/DropdownOption_RoleDropdown_Market Admin' is clicked on

2018-07-09 16:51:39 - [TEST_STEP][PASSED] - Statement - username = CustomKeywords.commonLibrary.commonFunctions.randomStringFunction("abcdefghijklmnopqrstuvwxyz", 6): commonLibrary.commonFunctions.randomStringFunction is PASSED

2018-07-09 16:51:39 - [MESSAGE][PASSED] - commonLibrary.commonFunctions.randomStringFunction is PASSED

2018-07-09 16:51:39 - [TEST_STEP][PASSED] - Statement - uname = username.toString(): null

2018-07-09 16:51:39 - [TEST_STEP][PASSED] - sendKeys: Keys 'aoipzx' sent to object: 'Object Repository/OMVA_UserManagement_Page/UserName_Textbox'

2018-07-09 16:51:39 - [MESSAGE][PASSED] - Keys 'aoipzx' sent to object: 'Object Repository/OMVA_UserManagement_Page/UserName_Textbox'

2018-07-09 16:51:39 - [TEST_STEP][PASSED] - Statement - emailidprefix = CustomKeywords.commonLibrary.commonFunctions.randomStringFunction("abcdefghijklmnopqrstuvwxyz", 9): commonLibrary.commonFunctions.randomStringFunction is PASSED

2018-07-09 16:51:39 - [MESSAGE][PASSED] - commonLibrary.commonFunctions.randomStringFunction is PASSED

2018-07-09 16:51:39 - [TEST_STEP][PASSED] - sendKeys: Keys 'qubelomah@autotestpg.com' sent to object: 'Object Repository/OMVA_UserManagement_Page/EmailID_Textbox'

2018-07-09 16:51:39 - [MESSAGE][PASSED] - Keys 'qubelomah@autotestpg.com' sent to object: 'Object Repository/OMVA_UserManagement_Page/EmailID_Textbox'

2018-07-09 16:51:39 - [TEST_STEP][PASSED] - Statement - firstname = CustomKeywords.commonLibrary.commonFunctions.randomStringFunction("abcdefghijklmnopqrstuvwxyz", 7): commonLibrary.commonFunctions.randomStringFunction is PASSED

2018-07-09 16:51:39 - [MESSAGE][PASSED] - commonLibrary.commonFunctions.randomStringFunction is PASSED

2018-07-09 16:51:39 - [TEST_STEP][PASSED] - sendKeys: Keys 'xgnbcfm' sent to object: 'Object Repository/OMVA_UserManagement_Page/FirstName_Textbox'

2018-07-09 16:51:40 - [MESSAGE][PASSED] - Keys 'xgnbcfm' sent to object: 'Object Repository/OMVA_UserManagement_Page/FirstName_Textbox'

2018-07-09 16:51:40 - [TEST_STEP][PASSED] - Statement - lastname = CustomKeywords.commonLibrary.commonFunctions.randomStringFunction("abcdefghijklmnopqrstuvwxyz", 7): commonLibrary.commonFunctions.randomStringFunction is PASSED

2018-07-09 16:51:40 - [MESSAGE][PASSED] - commonLibrary.commonFunctions.randomStringFunction is PASSED

2018-07-09 16:51:40 - [TEST_STEP][PASSED] - sendKeys: Keys 'tfdtjfk' sent to object: 'Object Repository/OMVA_UserManagement_Page/LastName_Textbox'

2018-07-09 16:51:40 - [MESSAGE][PASSED] - Keys 'tfdtjfk' sent to object: 'Object Repository/OMVA_UserManagement_Page/LastName_Textbox'

2018-07-09 16:51:40 - [TEST_STEP][PASSED] - Statement - ticketnum = CustomKeywords.commonLibrary.commonFunctions.randomStringFunction("123456789", 7): commonLibrary.commonFunctions.randomStringFunction is PASSED

2018-07-09 16:51:40 - [MESSAGE][PASSED] - commonLibrary.commonFunctions.randomStringFunction is PASSED

2018-07-09 16:51:40 - [TEST_STEP][PASSED] - sendKeys: Keys '8215389' sent to object: 'Object Repository/OMVA_UserManagement_Page/TicketNumber_Textbox'

2018-07-09 16:51:40 - [MESSAGE][PASSED] - Keys '8215389' sent to object: 'Object Repository/OMVA_UserManagement_Page/TicketNumber_Textbox'

2018-07-09 16:51:40 - [TEST_STEP][PASSED] - click: Object: 'Object Repository/OMVA_UserManagement_Page/Next_Button' is clicked on

2018-07-09 16:51:40 - [MESSAGE][PASSED] - Object: 'Object Repository/OMVA_UserManagement_Page/Next_Button' is clicked on

2018-07-09 16:51:40 - [TEST_STEP][PASSED] - applicationLibrary.checkboxMultiselection.multiselectCheckbox: applicationLibrary.checkboxMultiselection.multiselectCheckbox is PASSED

2018-07-09 16:51:42 - [MESSAGE][PASSED] - applicationLibrary.checkboxMultiselection.multiselectCheckbox is PASSED

2018-07-09 16:51:42 - [TEST_STEP][PASSED] - scrollToElement: Scroll to object 'Object Repository/OMVA_UserManagement_Page/Customer_Next_Btn' successfully

2018-07-09 16:51:42 - [MESSAGE][PASSED] - Scroll to object 'Object Repository/OMVA_UserManagement_Page/Customer_Next_Btn' successfully

2018-07-09 16:51:42 - [TEST_STEP][PASSED] - click: Object: 'Object Repository/OMVA_UserManagement_Page/Customer_Next_Btn' is clicked on

2018-07-09 16:51:42 - [MESSAGE][PASSED] - Object: 'Object Repository/OMVA_UserManagement_Page/Customer_Next_Btn' is clicked on

2018-07-09 16:51:42 - [TEST_STEP][PASSED] - applicationLibrary.checkboxMultiselection.multiselectCheckbox: applicationLibrary.checkboxMultiselection.multiselectCheckbox is PASSED

2018-07-09 16:51:45 - [MESSAGE][PASSED] - applicationLibrary.checkboxMultiselection.multiselectCheckbox is PASSED

2018-07-09 16:51:45 - [TEST_STEP][PASSED] - click: Object: 'Object Repository/OMVA_UserManagement_Page/UserCreation_Save_Btn' is clicked on

2018-07-09 16:51:45 - [MESSAGE][PASSED] - Object: 'Object Repository/OMVA_UserManagement_Page/UserCreation_Save_Btn' is clicked on

2018-07-09 16:51:45 - [TEST_STEP][PASSED] - waitForElementPresent: Object 'Object Repository/OMVA_UserManagement_Page/UserCreation_HeaderTxt' is present

2018-07-09 16:51:46 - [MESSAGE][PASSED] - Object 'Object Repository/OMVA_UserManagement_Page/UserCreation_HeaderTxt' is present

2018-07-09 16:51:46 - [TEST_STEP][PASSED] - verifyElementText: Actual text and expected text of test object 'Object Repository/OMVA_UserManagement_Page/UserCreation_HeaderTxt' are matched.

2018-07-09 16:51:46 - [MESSAGE][PASSED] - Actual text and expected text of test object 'Object Repository/OMVA_UserManagement_Page/UserCreation_HeaderTxt' are matched.

2018-07-09 16:51:46 - [TEST_STEP][PASSED] - verifyElementText: Actual text and expected text of test object 'Object Repository/OMVA_UserManagement_Page/UserCreation_ContentTxt' are matched.

2018-07-09 16:51:46 - [MESSAGE][PASSED] - Actual text and expected text of test object 'Object Repository/OMVA_UserManagement_Page/UserCreation_ContentTxt' are matched.

2018-07-09 16:51:46 - [TEST_STEP][PASSED] - click: Object: 'Object Repository/OMVA_UserManagement_Page/UserCreation_OK_Btn' is clicked on

2018-07-09 16:51:46 - [MESSAGE][PASSED] - Object: 'Object Repository/OMVA_UserManagement_Page/UserCreation_OK_Btn' is clicked on

2018-07-09 16:51:46 - [TEST_STEP][PASSED] - delay: Delayed 5 second(s)

2018-07-09 16:51:51 - [MESSAGE][PASSED] - Delayed 5 second(s)

2018-07-09 16:51:51 - [TEST_STEP][NOT_RUN] - waitForElementPresent: NOT_RUN: waitForElementPresent

2018-07-09 16:51:51 - [MESSAGE][NOT_RUN] - NOT_RUN: waitForElementPresent

2018-07-09 16:51:51 - [TEST_STEP][NOT_RUN] - Statement - createduser = com.kms.katalon.core.webui.keyword.WebUiBuiltInKeywords.getText(com.kms.katalon.core.testobject.ObjectRepository.findTestObject(OMVA_UserManagement_Page/Created_User_Username)): NOT_RUN: Statement - createduser = com.kms.katalon.core.webui.keyword.WebUiBuiltInKeywords.getText(com.kms.katalon.core.testobject.ObjectRepository.findTestObject(OMVA_UserManagement_Page/Created_User_Username))

2018-07-09 16:51:51 - [MESSAGE][NOT_RUN] - NOT_RUN: Statement - createduser = com.kms.katalon.core.webui.keyword.WebUiBuiltInKeywords.getText(com.kms.katalon.core.testobject.ObjectRepository.findTestObject(OMVA_UserManagement_Page/Created_User_Username))

2018-07-09 16:51:51 - [TEST_STEP][PASSED] - waitForElementVisible: Object 'Object Repository/OMVA_UserManagement_Page/Search_button' is visible

2018-07-09 16:51:51 - [MESSAGE][PASSED] - Object 'Object Repository/OMVA_UserManagement_Page/Search_button' is visible

2018-07-09 16:51:51 - [TEST_STEP][PASSED] - click: Object: 'Object Repository/OMVA_UserManagement_Page/Search_button' is clicked on

2018-07-09 16:51:51 - [MESSAGE][PASSED] - Object: 'Object Repository/OMVA_UserManagement_Page/Search_button' is clicked on

2018-07-09 16:51:51 - [TEST_STEP][PASSED] - waitForElementVisible: Object 'Object Repository/OMVA_UserManagement_Page/Enter_Text_Search' is visible

2018-07-09 16:51:51 - [MESSAGE][PASSED] - Object 'Object Repository/OMVA_UserManagement_Page/Enter_Text_Search' is visible

2018-07-09 16:51:51 - [TEST_STEP][PASSED] - sendKeys: Keys 'aoipzx' sent to object: 'Object Repository/OMVA_UserManagement_Page/Enter_Text_Search'

2018-07-09 16:51:52 - [MESSAGE][PASSED] - Keys 'aoipzx' sent to object: 'Object Repository/OMVA_UserManagement_Page/Enter_Text_Search'

2018-07-09 16:51:52 - [TEST_STEP][PASSED] - waitForElementVisible: Object 'Object Repository/OMVA_Landing_Page/Uname_Grid' is visible

2018-07-09 16:51:52 - [MESSAGE][PASSED] - Object 'Object Repository/OMVA_Landing_Page/Uname_Grid' is visible

2018-07-09 16:51:52 - [TEST_STEP][PASSED] - Statement - userName = com.kms.katalon.core.webui.keyword.WebUiBuiltInKeywords.getText(com.kms.katalon.core.testobject.ObjectRepository.findTestObject(OMVA_Landing_Page/Uname_Grid)): Text of object 'Object Repository/OMVA_Landing_Page/Uname_Grid' is: 'aoipzx'

2018-07-09 16:51:52 - [MESSAGE][PASSED] - Text of object 'Object Repository/OMVA_Landing_Page/Uname_Grid' is: 'aoipzx'

2018-07-09 16:51:52 - [TEST_STEP][PASSED] - verifyMatch: Actual text 'aoipzx' and expected text 'aoipzx' are matched 

2018-07-09 16:51:52 - [MESSAGE][PASSED] - Actual text 'aoipzx' and expected text 'aoipzx' are matched 

2018-07-09 16:51:52 - [TEST_STEP][PASSED] - dataBaseConnection.dataBase.connectDB: dataBaseConnection.dataBase.connectDB is PASSED

2018-07-09 16:51:54 - [MESSAGE][PASSED] - dataBaseConnection.dataBase.connectDB is PASSED

2018-07-09 16:51:54 - [TEST_STEP][PASSED] - dataBaseConnection.dataBase.executeQuery: dataBaseConnection.dataBase.executeQuery is PASSED

2018-07-09 16:51:55 - [MESSAGE][PASSED] - dataBaseConnection.dataBase.executeQuery is PASSED

2018-07-09 16:51:55 - [TEST_STEP][PASSED] - dataBaseConnection.dataBase.closeDatabaseConnection: dataBaseConnection.dataBase.closeDatabaseConnection is PASSED

2018-07-09 16:51:55 - [MESSAGE][PASSED] - dataBaseConnection.dataBase.closeDatabaseConnection is PASSED

2018-07-09 16:51:55 - [TEST_STEP][PASSED] - callTestCase: Call Test Case 'Test Cases/CommonTestcases/Logout_Closebrowser' successfully

2018-07-09 16:51:55 - [TEST_CASE][PASSED] - Test Cases/CommonTestcases/Logout_Closebrowser: Test Cases/CommonTestcases/Logout_Closebrowser

2018-07-09 16:51:55 - [TEST_STEP][PASSED] - waitForElementPresent: Object 'Object Repository/OMVA_Landing_Page/User_icon' is present

2018-07-09 16:51:55 - [MESSAGE][PASSED] - Object 'Object Repository/OMVA_Landing_Page/User_icon' is present

2018-07-09 16:51:55 - [TEST_STEP][PASSED] - click: Object: 'Object Repository/OMVA_Landing_Page/User_icon' is clicked on

2018-07-09 16:51:55 - [MESSAGE][PASSED] - Object: 'Object Repository/OMVA_Landing_Page/User_icon' is clicked on

2018-07-09 16:51:55 - [TEST_STEP][PASSED] - waitForElementPresent: Object 'Object Repository/OMVA_Landing_Page/Logout_link' is present

2018-07-09 16:51:55 - [MESSAGE][PASSED] - Object 'Object Repository/OMVA_Landing_Page/Logout_link' is present

2018-07-09 16:51:55 - [TEST_STEP][PASSED] - click: Object: 'Object Repository/OMVA_Landing_Page/Logout_link' is clicked on

2018-07-09 16:51:55 - [MESSAGE][PASSED] - Object: 'Object Repository/OMVA_Landing_Page/Logout_link' is clicked on

2018-07-09 16:51:55 - [TEST_STEP][PASSED] - waitForElementNotPresent: Web element with id: 'Object Repository/OMVA_Landing_Page/User_icon' located by 'By.xpath: //img[@id='dropdown']' is not present after '15' second(s)

2018-07-09 16:51:55 - [MESSAGE][WARNING] - Timeout '0' is invalid. Using default page load timeout: '15'

2018-07-09 16:51:56 - [MESSAGE][PASSED] - Web element with id: 'Object Repository/OMVA_Landing_Page/User_icon' located by 'By.xpath: //img[@id='dropdown']' is not present after '15' second(s)

2018-07-09 16:51:56 - [TEST_STEP][PASSED] - closeBrowser: Browser is closed

2018-07-09 16:51:57 - [MESSAGE][PASSED] - Browser is closed

2018-07-09 16:51:57 - [MESSAGE][PASSED] - Call Test Case 'Test Cases/CommonTestcases/Logout_Closebrowser' successfully]]></system-out>
         <system-err><![CDATA[]]></system-err>
      </testcase>
      <testcase name="Test Cases/UserManagementTestCases/UserActions/Validate_Search_EmailID" classname="Test Cases/UserManagementTestCases/UserActions/Validate_Search_EmailID" status="PASSED">
         <system-out><![CDATA[2018-07-09 16:51:57 - [TEST_CASE][PASSED] - Test Cases/UserManagementTestCases/UserActions/Validate_Search_EmailID: Test Cases/UserManagementTestCases/UserActions/Validate_Search_EmailID

2018-07-09 16:51:57 - [TEST_STEP][PASSED] - callTestCase: Call Test Case 'Test Cases/CommonTestcases/OpenBrowserandNavigateToQAURL' successfully

2018-07-09 16:51:57 - [TEST_CASE][PASSED] - Test Cases/CommonTestcases/OpenBrowserandNavigateToQAURL: Test Cases/CommonTestcases/OpenBrowserandNavigateToQAURL

2018-07-09 16:51:57 - [TEST_STEP][PASSED] - openBrowser: Browser is opened with url: ''

2018-07-09 16:51:59 - [MESSAGE][PASSED] - Browser is opened with url: ''

2018-07-09 16:51:59 - [TEST_STEP][PASSED] - navigateToUrl: Navigate to 'https://coa-demo-env.azurewebsites.net/da/index.html#/login' successfully

2018-07-09 16:52:09 - [MESSAGE][PASSED] - Navigate to 'https://coa-demo-env.azurewebsites.net/da/index.html#/login' successfully

2018-07-09 16:52:09 - [TEST_STEP][PASSED] - maximizeWindow: Current window maximized

2018-07-09 16:52:09 - [MESSAGE][PASSED] - Current window maximized

2018-07-09 16:52:09 - [MESSAGE][PASSED] - Call Test Case 'Test Cases/CommonTestcases/OpenBrowserandNavigateToQAURL' successfully

2018-07-09 16:52:09 - [TEST_STEP][PASSED] - waitForElementVisible: Object 'Object Repository/OMVA_Login_Page/Username_Textbox' is visible

2018-07-09 16:52:09 - [MESSAGE][PASSED] - Object 'Object Repository/OMVA_Login_Page/Username_Textbox' is visible

2018-07-09 16:52:09 - [TEST_STEP][PASSED] - sendKeys: Keys 'SuperAdmin' sent to object: 'Object Repository/OMVA_Login_Page/Username_Textbox'

2018-07-09 16:52:09 - [MESSAGE][PASSED] - Keys 'SuperAdmin' sent to object: 'Object Repository/OMVA_Login_Page/Username_Textbox'

2018-07-09 16:52:09 - [TEST_STEP][PASSED] - click: Object: 'Object Repository/OMVA_Login_Page/Next_Button' is clicked on

2018-07-09 16:52:09 - [MESSAGE][PASSED] - Object: 'Object Repository/OMVA_Login_Page/Next_Button' is clicked on

2018-07-09 16:52:09 - [TEST_STEP][PASSED] - waitForElementVisible: Object 'Object Repository/OMVA_Login_Page/Password_Textbox' is visible

2018-07-09 16:52:10 - [MESSAGE][PASSED] - Object 'Object Repository/OMVA_Login_Page/Password_Textbox' is visible

2018-07-09 16:52:10 - [TEST_STEP][PASSED] - sendKeys: Keys 'SuperAdmin' sent to object: 'Object Repository/OMVA_Login_Page/Password_Textbox'

2018-07-09 16:52:10 - [MESSAGE][PASSED] - Keys 'SuperAdmin' sent to object: 'Object Repository/OMVA_Login_Page/Password_Textbox'

2018-07-09 16:52:10 - [TEST_STEP][PASSED] - click: Object: 'Object Repository/OMVA_Login_Page/Signin_Button' is clicked on

2018-07-09 16:52:10 - [MESSAGE][PASSED] - Object: 'Object Repository/OMVA_Login_Page/Signin_Button' is clicked on

2018-07-09 16:52:10 - [TEST_STEP][PASSED] - waitForPageLoad: Wait for page load successfully

2018-07-09 16:52:10 - [MESSAGE][PASSED] - Wait for page load successfully

2018-07-09 16:52:10 - [TEST_STEP][PASSED] - delay: Delayed 5 second(s)

2018-07-09 16:52:15 - [MESSAGE][PASSED] - Delayed 5 second(s)

2018-07-09 16:52:15 - [TEST_STEP][PASSED] - click: Object: 'Object Repository/OMVA_UserManagement_Page/Search_button' is clicked on

2018-07-09 16:52:15 - [MESSAGE][PASSED] - Object: 'Object Repository/OMVA_UserManagement_Page/Search_button' is clicked on

2018-07-09 16:52:15 - [TEST_STEP][PASSED] - waitForElementVisible: Object 'Object Repository/OMVA_UserManagement_Page/Search_button' is not visible after 5 second(s)

2018-07-09 16:52:21 - [MESSAGE][WARNING] - Object 'Object Repository/OMVA_UserManagement_Page/Search_button' is not visible after 5 second(s)

2018-07-09 16:52:21 - [TEST_STEP][PASSED] - sendKeys: Keys 'phanindra.gadde@genpact.com' sent to object: 'Object Repository/OMVA_UserManagement_Page/Enter_Text_Search'

2018-07-09 16:52:21 - [MESSAGE][PASSED] - Keys 'phanindra.gadde@genpact.com' sent to object: 'Object Repository/OMVA_UserManagement_Page/Enter_Text_Search'

2018-07-09 16:52:21 - [TEST_STEP][PASSED] - Statement - Email = com.kms.katalon.core.webui.keyword.WebUiBuiltInKeywords.getText(com.kms.katalon.core.testobject.ObjectRepository.findTestObject(OMVA_UserManagement_Page/Email_Verify)): Text of object 'Object Repository/OMVA_UserManagement_Page/Email_Verify' is: 'phanindra.gadde@genpact.com'

2018-07-09 16:52:21 - [MESSAGE][PASSED] - Text of object 'Object Repository/OMVA_UserManagement_Page/Email_Verify' is: 'phanindra.gadde@genpact.com'

2018-07-09 16:52:21 - [TEST_STEP][PASSED] - verifyMatch: Actual text 'phanindra.gadde@genpact.com' and expected text 'phanindra.gadde@genpact.com' are matched 

2018-07-09 16:52:21 - [MESSAGE][PASSED] - Actual text 'phanindra.gadde@genpact.com' and expected text 'phanindra.gadde@genpact.com' are matched 

2018-07-09 16:52:21 - [TEST_STEP][PASSED] - delay: Delayed 5 second(s)

2018-07-09 16:52:26 - [MESSAGE][PASSED] - Delayed 5 second(s)

2018-07-09 16:52:26 - [TEST_STEP][PASSED] - callTestCase: Call Test Case 'Test Cases/CommonTestcases/Logout_Closebrowser' successfully

2018-07-09 16:52:26 - [TEST_CASE][PASSED] - Test Cases/CommonTestcases/Logout_Closebrowser: Test Cases/CommonTestcases/Logout_Closebrowser

2018-07-09 16:52:26 - [TEST_STEP][PASSED] - waitForElementPresent: Object 'Object Repository/OMVA_Landing_Page/User_icon' is present

2018-07-09 16:52:26 - [MESSAGE][PASSED] - Object 'Object Repository/OMVA_Landing_Page/User_icon' is present

2018-07-09 16:52:26 - [TEST_STEP][PASSED] - click: Object: 'Object Repository/OMVA_Landing_Page/User_icon' is clicked on

2018-07-09 16:52:26 - [MESSAGE][PASSED] - Object: 'Object Repository/OMVA_Landing_Page/User_icon' is clicked on

2018-07-09 16:52:26 - [TEST_STEP][PASSED] - waitForElementPresent: Object 'Object Repository/OMVA_Landing_Page/Logout_link' is present

2018-07-09 16:52:26 - [MESSAGE][PASSED] - Object 'Object Repository/OMVA_Landing_Page/Logout_link' is present

2018-07-09 16:52:26 - [TEST_STEP][PASSED] - click: Object: 'Object Repository/OMVA_Landing_Page/Logout_link' is clicked on

2018-07-09 16:52:26 - [MESSAGE][PASSED] - Object: 'Object Repository/OMVA_Landing_Page/Logout_link' is clicked on

2018-07-09 16:52:26 - [TEST_STEP][PASSED] - waitForElementNotPresent: Web element with id: 'Object Repository/OMVA_Landing_Page/User_icon' located by 'By.xpath: //img[@id='dropdown']' is not present after '15' second(s)

2018-07-09 16:52:26 - [MESSAGE][WARNING] - Timeout '0' is invalid. Using default page load timeout: '15'

2018-07-09 16:52:27 - [MESSAGE][PASSED] - Web element with id: 'Object Repository/OMVA_Landing_Page/User_icon' located by 'By.xpath: //img[@id='dropdown']' is not present after '15' second(s)

2018-07-09 16:52:27 - [TEST_STEP][PASSED] - closeBrowser: Browser is closed

2018-07-09 16:52:28 - [MESSAGE][PASSED] - Browser is closed

2018-07-09 16:52:28 - [MESSAGE][PASSED] - Call Test Case 'Test Cases/CommonTestcases/Logout_Closebrowser' successfully]]></system-out>
         <system-err><![CDATA[]]></system-err>
      </testcase>
      <testcase name="Test Cases/UserManagementTestCases/UserActions/Validate_RoleBasedOnFilter" classname="Test Cases/UserManagementTestCases/UserActions/Validate_RoleBasedOnFilter" status="PASSED">
         <system-out><![CDATA[2018-07-09 16:52:28 - [TEST_CASE][PASSED] - Test Cases/UserManagementTestCases/UserActions/Validate_RoleBasedOnFilter: Test Cases/UserManagementTestCases/UserActions/Validate_RoleBasedOnFilter

2018-07-09 16:52:28 - [TEST_STEP][PASSED] - callTestCase: Call Test Case 'Test Cases/CommonTestcases/OpenBrowserandNavigateToQAURL' successfully

2018-07-09 16:52:28 - [TEST_CASE][PASSED] - Test Cases/CommonTestcases/OpenBrowserandNavigateToQAURL: Test Cases/CommonTestcases/OpenBrowserandNavigateToQAURL

2018-07-09 16:52:28 - [TEST_STEP][PASSED] - openBrowser: Browser is opened with url: ''

2018-07-09 16:52:30 - [MESSAGE][PASSED] - Browser is opened with url: ''

2018-07-09 16:52:30 - [TEST_STEP][PASSED] - navigateToUrl: Navigate to 'https://coa-demo-env.azurewebsites.net/da/index.html#/login' successfully

2018-07-09 16:52:38 - [MESSAGE][PASSED] - Navigate to 'https://coa-demo-env.azurewebsites.net/da/index.html#/login' successfully

2018-07-09 16:52:38 - [TEST_STEP][PASSED] - maximizeWindow: Current window maximized

2018-07-09 16:52:38 - [MESSAGE][PASSED] - Current window maximized

2018-07-09 16:52:38 - [MESSAGE][PASSED] - Call Test Case 'Test Cases/CommonTestcases/OpenBrowserandNavigateToQAURL' successfully

2018-07-09 16:52:38 - [TEST_STEP][PASSED] - waitForElementPresent: Object 'Object Repository/OMVA_Login_Page/Username_Textbox' is present

2018-07-09 16:52:38 - [MESSAGE][PASSED] - Object 'Object Repository/OMVA_Login_Page/Username_Textbox' is present

2018-07-09 16:52:38 - [TEST_STEP][PASSED] - sendKeys: Keys 'SuperAdmin' sent to object: 'Object Repository/OMVA_Login_Page/Username_Textbox'

2018-07-09 16:52:38 - [MESSAGE][PASSED] - Keys 'SuperAdmin' sent to object: 'Object Repository/OMVA_Login_Page/Username_Textbox'

2018-07-09 16:52:38 - [TEST_STEP][PASSED] - click: Object: 'Object Repository/OMVA_Login_Page/Next_Button' is clicked on

2018-07-09 16:52:38 - [MESSAGE][PASSED] - Object: 'Object Repository/OMVA_Login_Page/Next_Button' is clicked on

2018-07-09 16:52:38 - [TEST_STEP][PASSED] - waitForElementVisible: Object 'Object Repository/OMVA_Login_Page/Password_Textbox' is visible

2018-07-09 16:52:39 - [MESSAGE][PASSED] - Object 'Object Repository/OMVA_Login_Page/Password_Textbox' is visible

2018-07-09 16:52:39 - [TEST_STEP][PASSED] - sendKeys: Keys 'SuperAdmin' sent to object: 'Object Repository/OMVA_Login_Page/Password_Textbox'

2018-07-09 16:52:39 - [MESSAGE][PASSED] - Keys 'SuperAdmin' sent to object: 'Object Repository/OMVA_Login_Page/Password_Textbox'

2018-07-09 16:52:39 - [TEST_STEP][PASSED] - click: Object: 'Object Repository/OMVA_Login_Page/Signin_Button' is clicked on

2018-07-09 16:52:39 - [MESSAGE][PASSED] - Object: 'Object Repository/OMVA_Login_Page/Signin_Button' is clicked on

2018-07-09 16:52:39 - [TEST_STEP][PASSED] - waitForAngularLoad: This page doesn't use Angular.

2018-07-09 16:52:39 - [MESSAGE][WARNING] - This page doesn't use Angular.

2018-07-09 16:52:39 - [TEST_STEP][PASSED] - delay: Delayed 4 second(s)

2018-07-09 16:52:43 - [MESSAGE][PASSED] - Delayed 4 second(s)

2018-07-09 16:52:43 - [TEST_STEP][PASSED] - waitForElementVisible: Object 'Object Repository/OMVA_Landing_Page/Filter_Icon' is visible

2018-07-09 16:52:43 - [MESSAGE][PASSED] - Object 'Object Repository/OMVA_Landing_Page/Filter_Icon' is visible

2018-07-09 16:52:43 - [TEST_STEP][PASSED] - Statement - assert true: null

2018-07-09 16:52:43 - [TEST_STEP][PASSED] - click: Object: 'Object Repository/OMVA_Landing_Page/Filter_Icon' is clicked on

2018-07-09 16:52:43 - [MESSAGE][PASSED] - Object: 'Object Repository/OMVA_Landing_Page/Filter_Icon' is clicked on

2018-07-09 16:52:43 - [TEST_STEP][PASSED] - waitForElementVisible: Object 'Object Repository/OMVA_AdvancedFilter_Page/chkbox_MarketAdminAdvancedFilter' is visible

2018-07-09 16:52:44 - [MESSAGE][PASSED] - Object 'Object Repository/OMVA_AdvancedFilter_Page/chkbox_MarketAdminAdvancedFilter' is visible

2018-07-09 16:52:44 - [TEST_STEP][PASSED] - click: Object: 'Object Repository/OMVA_AdvancedFilter_Page/chkbox_MarketAdminAdvancedFilter' is clicked on

2018-07-09 16:52:44 - [MESSAGE][PASSED] - Object: 'Object Repository/OMVA_AdvancedFilter_Page/chkbox_MarketAdminAdvancedFilter' is clicked on

2018-07-09 16:52:44 - [TEST_STEP][PASSED] - waitForElementVisible: Object 'Object Repository/OMVA_AdvancedFilter_Page/ApplyButton' is visible

2018-07-09 16:52:44 - [MESSAGE][PASSED] - Object 'Object Repository/OMVA_AdvancedFilter_Page/ApplyButton' is visible

2018-07-09 16:52:44 - [TEST_STEP][PASSED] - click: Object: 'Object Repository/OMVA_AdvancedFilter_Page/ApplyButton' is clicked on

2018-07-09 16:52:45 - [MESSAGE][PASSED] - Object: 'Object Repository/OMVA_AdvancedFilter_Page/ApplyButton' is clicked on

2018-07-09 16:52:45 - [TEST_STEP][PASSED] - waitForElementVisible: Object 'Object Repository/OMVA_Landing_Page/MarketAdmin_Role' is visible

2018-07-09 16:52:45 - [MESSAGE][PASSED] - Object 'Object Repository/OMVA_Landing_Page/MarketAdmin_Role' is visible

2018-07-09 16:52:45 - [TEST_STEP][PASSED] - Statement - marketAdmin = com.kms.katalon.core.webui.keyword.WebUiBuiltInKeywords.getText(com.kms.katalon.core.testobject.ObjectRepository.findTestObject(OMVA_Landing_Page/MarketAdmin_Role)): Text of object 'Object Repository/OMVA_Landing_Page/MarketAdmin_Role' is: 'Market Admin'

2018-07-09 16:52:45 - [MESSAGE][PASSED] - Text of object 'Object Repository/OMVA_Landing_Page/MarketAdmin_Role' is: 'Market Admin'

2018-07-09 16:52:45 - [TEST_STEP][PASSED] - verifyMatch: Actual text 'Market Admin' and expected text 'Market Admin' are matched 

2018-07-09 16:52:45 - [MESSAGE][PASSED] - Actual text 'Market Admin' and expected text 'Market Admin' are matched 

2018-07-09 16:52:45 - [TEST_STEP][PASSED] - closeBrowser: Browser is closed

2018-07-09 16:52:45 - [MESSAGE][PASSED] - Browser is closed]]></system-out>
         <system-err><![CDATA[]]></system-err>
      </testcase>
      <system-out><![CDATA[2018-07-09 16:44:53 - [TEST_SUITE][FAILED] - UserManagementTestSuite: Test Cases/UserManagementTestCases/UserActions/LockUser FAILED because (of) Unable to get text of object 'Object Repository/OMVA_Login_Page/InvalidLogin_HeaderTxt' (Root cause: com.kms.katalon.core.webui.exception.WebElementNotFoundException: Web element with id: 'Object Repository/OMVA_Login_Page/InvalidLogin_HeaderTxt' located by 'By.xpath: //h4[text()='Invalid Credentials']' not found)]]></system-out>
      <system-err><![CDATA[2018-07-09 16:44:53 - [TEST_SUITE][FAILED] - UserManagementTestSuite: Test Cases/UserManagementTestCases/UserActions/LockUser FAILED because (of) Unable to get text of object 'Object Repository/OMVA_Login_Page/InvalidLogin_HeaderTxt' (Root cause: com.kms.katalon.core.webui.exception.WebElementNotFoundException: Web element with id: 'Object Repository/OMVA_Login_Page/InvalidLogin_HeaderTxt' located by 'By.xpath: //h4[text()='Invalid Credentials']' not found)]]></system-err>
   </testsuite>
</testsuites>
