<?xml version="1.0" encoding="UTF-8"?>
<testsuites name="WorkBenchTestSuite" time="96" tests="0" failures="2" errors="0">
   <testsuite name="WorkBenchTestSuite" tests="0" failures="2" errors="0" time="96" timestamp="2018-07-16 13:41:00" hostname="703177791 - 703177791GDL.IND.CORP.AD" id="Test Suites/WorkBenchTestSuite">
      <properties>
         <property name="deviceName" value=""/>
         <property name="devicePlatform" value=""/>
         <property name="logFolder" value="D:\\P&amp;G New\\Automation-P&amp;G-Code-Base\\OMVA\\Reports\\WorkBenchTestSuite\\20180716_133927"/>
         <property name="logFiles" value="D:\\P&amp;G New\\Automation-P&amp;G-Code-Base\\OMVA\\Reports\\WorkBenchTestSuite\\20180716_133927\\execution0.log"/>
         <property name="attachments" value="D:\\P&amp;G New\\Automation-P&amp;G-Code-Base\\OMVA\\Reports\\WorkBenchTestSuite\\20180716_133927\\1531728708060.png, D:\\P&amp;G New\\Automation-P&amp;G-Code-Base\\OMVA\\Reports\\WorkBenchTestSuite\\20180716_133927\\1531728756020.png"/>
         <property name="hostName" value="703177791 - 703177791GDL.IND.CORP.AD"/>
         <property name="os" value="Windows 10 64bit"/>
         <property name="katalonVersion" value="5.4.2.1"/>
         <property name="browser" value="Chrome 67.0.3396.62"/>
         <property name="hostAddress" value="192.168.34.59"/>
         <property name="sessionId" value="888b74d58d14a4d1c9ffe7be816e6c0f"/>
         <property name="seleniumVersion" value="3.7.1"/>
         <property name="proxyInformation" value="ProxyInformation{proxyOption=NO_PROXY, proxyServerType=HTTP, password=, proxyServerAddress=, proxyServerPort=0}"/>
         <property name="platform" value="Windows 10"/>
      </properties>
      <testcase name="Test Cases/WorkBenchTestCases/Validate_ChannelMSPAuthorisedIncreaseAllocation" classname="Test Cases/WorkBenchTestCases/Validate_ChannelMSPAuthorisedIncreaseAllocation" status="FAILED">
         <failure type="FAILED" message="Unable to click on object 'Object Repository/OMVA_Workbench_Page/1st_SKUMaterial' (Root cause: com.kms.katalon.core.webui.exception.WebElementNotFoundException: Web element with id: 'Object Repository/OMVA_Workbench_Page/1st_SKUMaterial' located by 'By.xpath: (//div[@id='parent']//descendant::h2[@data-parent='#parent'])[1]' not found)"/>
         <system-out><![CDATA[2018-07-16 13:41:00 - [TEST_CASE][FAILED] - Test Cases/WorkBenchTestCases/Validate_ChannelMSPAuthorisedIncreaseAllocation: Test Cases/WorkBenchTestCases/Validate_ChannelMSPAuthorisedIncreaseAllocation FAILED because (of) Unable to click on object 'Object Repository/OMVA_Workbench_Page/1st_SKUMaterial' (Root cause: com.kms.katalon.core.webui.exception.WebElementNotFoundException: Web element with id: 'Object Repository/OMVA_Workbench_Page/1st_SKUMaterial' located by 'By.xpath: (//div[@id='parent']//descendant::h2[@data-parent='#parent'])[1]' not found)

2018-07-16 13:41:01 - [TEST_STEP][PASSED] - callTestCase: Call Test Case 'Test Cases/UserManagementTestCases/Login/Login_ChannelMSP' successfully

2018-07-16 13:41:03 - [TEST_CASE][PASSED] - Test Cases/UserManagementTestCases/Login/Login_ChannelMSP: Test Cases/UserManagementTestCases/Login/Login_ChannelMSP

2018-07-16 13:41:03 - [TEST_STEP][PASSED] - callTestCase: Call Test Case 'Test Cases/CommonTestcases/OpenBrowserandNavigateToQAURL' successfully

2018-07-16 13:41:03 - [TEST_CASE][PASSED] - Test Cases/CommonTestcases/OpenBrowserandNavigateToQAURL: Test Cases/CommonTestcases/OpenBrowserandNavigateToQAURL

2018-07-16 13:41:03 - [TEST_STEP][PASSED] - openBrowser: Browser is opened with url: ''

2018-07-16 13:41:07 - [MESSAGE][PASSED] - Browser is opened with url: ''

2018-07-16 13:41:07 - [TEST_STEP][PASSED] - navigateToUrl: Navigate to 'https://coa-demo-env.azurewebsites.net/da/index.html#/login' successfully

2018-07-16 13:41:11 - [MESSAGE][PASSED] - Navigate to 'https://coa-demo-env.azurewebsites.net/da/index.html#/login' successfully

2018-07-16 13:41:11 - [TEST_STEP][PASSED] - maximizeWindow: Current window maximized

2018-07-16 13:41:13 - [MESSAGE][PASSED] - Current window maximized

2018-07-16 13:41:13 - [MESSAGE][PASSED] - Call Test Case 'Test Cases/CommonTestcases/OpenBrowserandNavigateToQAURL' successfully

2018-07-16 13:41:13 - [TEST_STEP][PASSED] - waitForElementVisible: Object 'Object Repository/OMVA_Login_Page/Password_Textbox' is not visible after 10 second(s)

2018-07-16 13:41:23 - [MESSAGE][WARNING] - Object 'Object Repository/OMVA_Login_Page/Password_Textbox' is not visible after 10 second(s)

2018-07-16 13:41:23 - [TEST_STEP][PASSED] - sendKeys: Keys 'nicole' sent to object: 'Object Repository/OMVA_Login_Page/Username_Textbox'

2018-07-16 13:41:23 - [MESSAGE][PASSED] - Keys 'nicole' sent to object: 'Object Repository/OMVA_Login_Page/Username_Textbox'

2018-07-16 13:41:23 - [TEST_STEP][PASSED] - click: Object: 'Object Repository/OMVA_Login_Page/Next_Button' is clicked on

2018-07-16 13:41:23 - [MESSAGE][PASSED] - Object: 'Object Repository/OMVA_Login_Page/Next_Button' is clicked on

2018-07-16 13:41:23 - [TEST_STEP][PASSED] - waitForElementVisible: Object 'Object Repository/OMVA_Login_Page/Password_Textbox' is visible

2018-07-16 13:41:24 - [MESSAGE][PASSED] - Object 'Object Repository/OMVA_Login_Page/Password_Textbox' is visible

2018-07-16 13:41:24 - [TEST_STEP][PASSED] - sendKeys: Keys 'nicole' sent to object: 'Object Repository/OMVA_Login_Page/Password_Textbox'

2018-07-16 13:41:24 - [MESSAGE][PASSED] - Keys 'nicole' sent to object: 'Object Repository/OMVA_Login_Page/Password_Textbox'

2018-07-16 13:41:24 - [TEST_STEP][PASSED] - click: Object: 'Object Repository/OMVA_Login_Page/Signin_Button' is clicked on

2018-07-16 13:41:24 - [MESSAGE][PASSED] - Object: 'Object Repository/OMVA_Login_Page/Signin_Button' is clicked on

2018-07-16 13:41:24 - [TEST_STEP][PASSED] - waitForAngularLoad: This page doesn't use Angular.

2018-07-16 13:41:24 - [MESSAGE][WARNING] - This page doesn't use Angular.

2018-07-16 13:41:24 - [TEST_STEP][PASSED] - Statement - greetingtext = com.kms.katalon.core.webui.keyword.WebUiBuiltInKeywords.getText(com.kms.katalon.core.testobject.ObjectRepository.findTestObject(OMVA_Landing_Page/Greeting_Label)): Text of object 'Object Repository/OMVA_Landing_Page/Greeting_Label' is: 'Good Afternoon, nicole'

2018-07-16 13:41:25 - [MESSAGE][PASSED] - Text of object 'Object Repository/OMVA_Landing_Page/Greeting_Label' is: 'Good Afternoon, nicole'

2018-07-16 13:41:25 - [TEST_STEP][PASSED] - verifyMatch: Actual text 'Good Afternoon, nicole' and expected text '\D*nicole' are matched  using regular expression

2018-07-16 13:41:25 - [MESSAGE][PASSED] - Actual text 'Good Afternoon, nicole' and expected text '\D*nicole' are matched  using regular expression

2018-07-16 13:41:25 - [MESSAGE][PASSED] - Call Test Case 'Test Cases/UserManagementTestCases/Login/Login_ChannelMSP' successfully

2018-07-16 13:41:25 - [TEST_STEP][PASSED] - waitForElementPresent: Object 'Object Repository/OMVA_UserManagement_Page/Search_button' is present

2018-07-16 13:41:25 - [MESSAGE][PASSED] - Object 'Object Repository/OMVA_UserManagement_Page/Search_button' is present

2018-07-16 13:41:25 - [TEST_STEP][PASSED] - click: Object: 'Object Repository/OMVA_UserManagement_Page/Search_button' is clicked on

2018-07-16 13:41:25 - [MESSAGE][PASSED] - Object: 'Object Repository/OMVA_UserManagement_Page/Search_button' is clicked on

2018-07-16 13:41:25 - [TEST_STEP][PASSED] - waitForElementVisible: Object 'Object Repository/OMVA_UserManagement_Page/Enter_Text_Search' is visible

2018-07-16 13:41:26 - [MESSAGE][PASSED] - Object 'Object Repository/OMVA_UserManagement_Page/Enter_Text_Search' is visible

2018-07-16 13:41:26 - [TEST_STEP][PASSED] - sendKeys: Keys '82273947' sent to object: 'Object Repository/OMVA_UserManagement_Page/Enter_Text_Search'

2018-07-16 13:41:26 - [MESSAGE][PASSED] - Keys '82273947' sent to object: 'Object Repository/OMVA_UserManagement_Page/Enter_Text_Search'

2018-07-16 13:41:26 - [TEST_STEP][PASSED] - waitForElementVisible: Web element with id: 'Object Repository/OMVA_Workbench_Page/1st_SKUMaterial' located by 'By.xpath: (//div[@id='parent']//descendant::h2[@data-parent='#parent'])[1]' not found

2018-07-16 13:41:31 - [MESSAGE][WARNING] - Web element with id: 'Object Repository/OMVA_Workbench_Page/1st_SKUMaterial' located by 'By.xpath: (//div[@id='parent']//descendant::h2[@data-parent='#parent'])[1]' not found

2018-07-16 13:41:31 - [TEST_STEP][FAILED] - click: Unable to click on object 'Object Repository/OMVA_Workbench_Page/1st_SKUMaterial' (Root cause: com.kms.katalon.core.webui.exception.WebElementNotFoundException: Web element with id: 'Object Repository/OMVA_Workbench_Page/1st_SKUMaterial' located by 'By.xpath: (//div[@id='parent']//descendant::h2[@data-parent='#parent'])[1]' not found)

2018-07-16 13:41:48 - [MESSAGE][FAILED] - Unable to click on object 'Object Repository/OMVA_Workbench_Page/1st_SKUMaterial' (Root cause: com.kms.katalon.core.webui.exception.WebElementNotFoundException: Web element with id: 'Object Repository/OMVA_Workbench_Page/1st_SKUMaterial' located by 'By.xpath: (//div[@id='parent']//descendant::h2[@data-parent='#parent'])[1]' not found)
[[ATTACHMENT|D:\\P&G New\\Automation-P&G-Code-Base\\OMVA\\Reports\\WorkBenchTestSuite\\20180716_133927\\1531728708060.png]]]]></system-out>
         <system-err><![CDATA[2018-07-16 13:41:00 - [TEST_CASE][FAILED] - Test Cases/WorkBenchTestCases/Validate_ChannelMSPAuthorisedIncreaseAllocation: Test Cases/WorkBenchTestCases/Validate_ChannelMSPAuthorisedIncreaseAllocation FAILED because (of) Unable to click on object 'Object Repository/OMVA_Workbench_Page/1st_SKUMaterial' (Root cause: com.kms.katalon.core.webui.exception.WebElementNotFoundException: Web element with id: 'Object Repository/OMVA_Workbench_Page/1st_SKUMaterial' located by 'By.xpath: (//div[@id='parent']//descendant::h2[@data-parent='#parent'])[1]' not found)]]></system-err>
      </testcase>
      <testcase name="Test Cases/WorkBenchTestCases/Validate_ChannelMSPOutsideChannelQtyUpdateNotAllowed" classname="Test Cases/WorkBenchTestCases/Validate_ChannelMSPOutsideChannelQtyUpdateNotAllowed" status="FAILED">
         <failure type="FAILED" message="Unable to click on object 'Object Repository/OMVA_Workbench_Page/1st_SKUMaterial' (Root cause: com.kms.katalon.core.webui.exception.WebElementNotFoundException: Web element with id: 'Object Repository/OMVA_Workbench_Page/1st_SKUMaterial' located by 'By.xpath: (//div[@id='parent']//descendant::h2[@data-parent='#parent'])[1]' not found)"/>
         <system-out><![CDATA[2018-07-16 13:41:48 - [TEST_CASE][FAILED] - Test Cases/WorkBenchTestCases/Validate_ChannelMSPOutsideChannelQtyUpdateNotAllowed: Test Cases/WorkBenchTestCases/Validate_ChannelMSPOutsideChannelQtyUpdateNotAllowed FAILED because (of) Unable to click on object 'Object Repository/OMVA_Workbench_Page/1st_SKUMaterial' (Root cause: com.kms.katalon.core.webui.exception.WebElementNotFoundException: Web element with id: 'Object Repository/OMVA_Workbench_Page/1st_SKUMaterial' located by 'By.xpath: (//div[@id='parent']//descendant::h2[@data-parent='#parent'])[1]' not found)

2018-07-16 13:41:48 - [TEST_STEP][PASSED] - callTestCase: Call Test Case 'Test Cases/UserManagementTestCases/Login/Login_ChannelMSP' successfully

2018-07-16 13:41:48 - [TEST_CASE][PASSED] - Test Cases/UserManagementTestCases/Login/Login_ChannelMSP: Test Cases/UserManagementTestCases/Login/Login_ChannelMSP

2018-07-16 13:41:48 - [TEST_STEP][PASSED] - callTestCase: Call Test Case 'Test Cases/CommonTestcases/OpenBrowserandNavigateToQAURL' successfully

2018-07-16 13:41:48 - [TEST_CASE][PASSED] - Test Cases/CommonTestcases/OpenBrowserandNavigateToQAURL: Test Cases/CommonTestcases/OpenBrowserandNavigateToQAURL

2018-07-16 13:41:48 - [TEST_STEP][PASSED] - openBrowser: Browser is opened with url: ''

2018-07-16 13:41:48 - [MESSAGE][WARNING] - A browser is already opened. Closing browser and opening a new one

2018-07-16 13:41:51 - [MESSAGE][PASSED] - Browser is opened with url: ''

2018-07-16 13:41:51 - [TEST_STEP][PASSED] - navigateToUrl: Navigate to 'https://coa-demo-env.azurewebsites.net/da/index.html#/login' successfully

2018-07-16 13:41:56 - [MESSAGE][PASSED] - Navigate to 'https://coa-demo-env.azurewebsites.net/da/index.html#/login' successfully

2018-07-16 13:41:56 - [TEST_STEP][PASSED] - maximizeWindow: Current window maximized

2018-07-16 13:41:57 - [MESSAGE][PASSED] - Current window maximized

2018-07-16 13:41:57 - [MESSAGE][PASSED] - Call Test Case 'Test Cases/CommonTestcases/OpenBrowserandNavigateToQAURL' successfully

2018-07-16 13:41:57 - [TEST_STEP][PASSED] - waitForElementVisible: Object 'Object Repository/OMVA_Login_Page/Password_Textbox' is not visible after 10 second(s)

2018-07-16 13:42:07 - [MESSAGE][WARNING] - Object 'Object Repository/OMVA_Login_Page/Password_Textbox' is not visible after 10 second(s)

2018-07-16 13:42:07 - [TEST_STEP][PASSED] - sendKeys: Keys 'nicole' sent to object: 'Object Repository/OMVA_Login_Page/Username_Textbox'

2018-07-16 13:42:08 - [MESSAGE][PASSED] - Keys 'nicole' sent to object: 'Object Repository/OMVA_Login_Page/Username_Textbox'

2018-07-16 13:42:08 - [TEST_STEP][PASSED] - click: Object: 'Object Repository/OMVA_Login_Page/Next_Button' is clicked on

2018-07-16 13:42:08 - [MESSAGE][PASSED] - Object: 'Object Repository/OMVA_Login_Page/Next_Button' is clicked on

2018-07-16 13:42:08 - [TEST_STEP][PASSED] - waitForElementVisible: Object 'Object Repository/OMVA_Login_Page/Password_Textbox' is visible

2018-07-16 13:42:08 - [MESSAGE][PASSED] - Object 'Object Repository/OMVA_Login_Page/Password_Textbox' is visible

2018-07-16 13:42:08 - [TEST_STEP][PASSED] - sendKeys: Keys 'nicole' sent to object: 'Object Repository/OMVA_Login_Page/Password_Textbox'

2018-07-16 13:42:08 - [MESSAGE][PASSED] - Keys 'nicole' sent to object: 'Object Repository/OMVA_Login_Page/Password_Textbox'

2018-07-16 13:42:08 - [TEST_STEP][PASSED] - click: Object: 'Object Repository/OMVA_Login_Page/Signin_Button' is clicked on

2018-07-16 13:42:09 - [MESSAGE][PASSED] - Object: 'Object Repository/OMVA_Login_Page/Signin_Button' is clicked on

2018-07-16 13:42:09 - [TEST_STEP][PASSED] - waitForAngularLoad: This page doesn't use Angular.

2018-07-16 13:42:09 - [MESSAGE][WARNING] - This page doesn't use Angular.

2018-07-16 13:42:09 - [TEST_STEP][PASSED] - Statement - greetingtext = com.kms.katalon.core.webui.keyword.WebUiBuiltInKeywords.getText(com.kms.katalon.core.testobject.ObjectRepository.findTestObject(OMVA_Landing_Page/Greeting_Label)): Text of object 'Object Repository/OMVA_Landing_Page/Greeting_Label' is: 'Good Afternoon, nicole'

2018-07-16 13:42:09 - [MESSAGE][PASSED] - Text of object 'Object Repository/OMVA_Landing_Page/Greeting_Label' is: 'Good Afternoon, nicole'

2018-07-16 13:42:09 - [TEST_STEP][PASSED] - verifyMatch: Actual text 'Good Afternoon, nicole' and expected text '\D*nicole' are matched  using regular expression

2018-07-16 13:42:09 - [MESSAGE][PASSED] - Actual text 'Good Afternoon, nicole' and expected text '\D*nicole' are matched  using regular expression

2018-07-16 13:42:09 - [MESSAGE][PASSED] - Call Test Case 'Test Cases/UserManagementTestCases/Login/Login_ChannelMSP' successfully

2018-07-16 13:42:09 - [TEST_STEP][PASSED] - delay: Delayed 4 second(s)

2018-07-16 13:42:13 - [MESSAGE][PASSED] - Delayed 4 second(s)

2018-07-16 13:42:13 - [TEST_STEP][PASSED] - waitForElementPresent: Object 'Object Repository/OMVA_UserManagement_Page/Search_button' is present

2018-07-16 13:42:13 - [MESSAGE][PASSED] - Object 'Object Repository/OMVA_UserManagement_Page/Search_button' is present

2018-07-16 13:42:13 - [TEST_STEP][PASSED] - click: Object: 'Object Repository/OMVA_UserManagement_Page/Search_button' is clicked on

2018-07-16 13:42:13 - [MESSAGE][PASSED] - Object: 'Object Repository/OMVA_UserManagement_Page/Search_button' is clicked on

2018-07-16 13:42:13 - [TEST_STEP][PASSED] - waitForElementVisible: Object 'Object Repository/OMVA_UserManagement_Page/Enter_Text_Search' is visible

2018-07-16 13:42:14 - [MESSAGE][PASSED] - Object 'Object Repository/OMVA_UserManagement_Page/Enter_Text_Search' is visible

2018-07-16 13:42:14 - [TEST_STEP][PASSED] - sendKeys: Keys '82273947' sent to object: 'Object Repository/OMVA_UserManagement_Page/Enter_Text_Search'

2018-07-16 13:42:14 - [MESSAGE][PASSED] - Keys '82273947' sent to object: 'Object Repository/OMVA_UserManagement_Page/Enter_Text_Search'

2018-07-16 13:42:14 - [TEST_STEP][PASSED] - waitForElementVisible: Web element with id: 'Object Repository/OMVA_Workbench_Page/1st_SKUMaterial' located by 'By.xpath: (//div[@id='parent']//descendant::h2[@data-parent='#parent'])[1]' not found

2018-07-16 13:42:19 - [MESSAGE][WARNING] - Web element with id: 'Object Repository/OMVA_Workbench_Page/1st_SKUMaterial' located by 'By.xpath: (//div[@id='parent']//descendant::h2[@data-parent='#parent'])[1]' not found

2018-07-16 13:42:19 - [TEST_STEP][FAILED] - click: Unable to click on object 'Object Repository/OMVA_Workbench_Page/1st_SKUMaterial' (Root cause: com.kms.katalon.core.webui.exception.WebElementNotFoundException: Web element with id: 'Object Repository/OMVA_Workbench_Page/1st_SKUMaterial' located by 'By.xpath: (//div[@id='parent']//descendant::h2[@data-parent='#parent'])[1]' not found)

2018-07-16 13:42:36 - [MESSAGE][FAILED] - Unable to click on object 'Object Repository/OMVA_Workbench_Page/1st_SKUMaterial' (Root cause: com.kms.katalon.core.webui.exception.WebElementNotFoundException: Web element with id: 'Object Repository/OMVA_Workbench_Page/1st_SKUMaterial' located by 'By.xpath: (//div[@id='parent']//descendant::h2[@data-parent='#parent'])[1]' not found)
[[ATTACHMENT|D:\\P&G New\\Automation-P&G-Code-Base\\OMVA\\Reports\\WorkBenchTestSuite\\20180716_133927\\1531728756020.png]]]]></system-out>
         <system-err><![CDATA[2018-07-16 13:41:48 - [TEST_CASE][FAILED] - Test Cases/WorkBenchTestCases/Validate_ChannelMSPOutsideChannelQtyUpdateNotAllowed: Test Cases/WorkBenchTestCases/Validate_ChannelMSPOutsideChannelQtyUpdateNotAllowed FAILED because (of) Unable to click on object 'Object Repository/OMVA_Workbench_Page/1st_SKUMaterial' (Root cause: com.kms.katalon.core.webui.exception.WebElementNotFoundException: Web element with id: 'Object Repository/OMVA_Workbench_Page/1st_SKUMaterial' located by 'By.xpath: (//div[@id='parent']//descendant::h2[@data-parent='#parent'])[1]' not found)]]></system-err>
      </testcase>
      <system-out><![CDATA[2018-07-16 13:41:00 - [TEST_SUITE][FAILED] - WorkBenchTestSuite: Test Cases/WorkBenchTestCases/Validate_ChannelMSPAuthorisedIncreaseAllocation FAILED because (of) Unable to click on object 'Object Repository/OMVA_Workbench_Page/1st_SKUMaterial' (Root cause: com.kms.katalon.core.webui.exception.WebElementNotFoundException: Web element with id: 'Object Repository/OMVA_Workbench_Page/1st_SKUMaterial' located by 'By.xpath: (//div[@id='parent']//descendant::h2[@data-parent='#parent'])[1]' not found)]]></system-out>
      <system-err><![CDATA[2018-07-16 13:41:00 - [TEST_SUITE][FAILED] - WorkBenchTestSuite: Test Cases/WorkBenchTestCases/Validate_ChannelMSPAuthorisedIncreaseAllocation FAILED because (of) Unable to click on object 'Object Repository/OMVA_Workbench_Page/1st_SKUMaterial' (Root cause: com.kms.katalon.core.webui.exception.WebElementNotFoundException: Web element with id: 'Object Repository/OMVA_Workbench_Page/1st_SKUMaterial' located by 'By.xpath: (//div[@id='parent']//descendant::h2[@data-parent='#parent'])[1]' not found)]]></system-err>
   </testsuite>
</testsuites>
