<?xml version="1.0" encoding="UTF-8"?>
<testsuites name="WorkBenchTestSuite" time="52" tests="0" failures="1" errors="0">
   <testsuite name="WorkBenchTestSuite" tests="0" failures="1" errors="0" time="52" timestamp="2018-07-18 15:21:32" hostname="703177791 - 703177791GDL.IND.CORP.AD" id="Test Suites/WorkBenchTestSuite">
      <properties>
         <property name="deviceName" value=""/>
         <property name="devicePlatform" value=""/>
         <property name="logFolder" value="D:\\P&amp;G New\\Automation-P&amp;G-Code-Base\\OMVA\\Reports\\WorkBenchTestSuite\\20180718_150224"/>
         <property name="logFiles" value="D:\\P&amp;G New\\Automation-P&amp;G-Code-Base\\OMVA\\Reports\\WorkBenchTestSuite\\20180718_150224\\execution0.log"/>
         <property name="attachments" value=""/>
         <property name="hostName" value="703177791 - 703177791GDL.IND.CORP.AD"/>
         <property name="os" value="Windows 10 64bit"/>
         <property name="katalonVersion" value="5.4.2.1"/>
         <property name="browser" value="Chrome 67.0.3396.62"/>
         <property name="hostAddress" value="172.16.21.232"/>
         <property name="sessionId" value="61c6471b7a10ce01300a0c350734d7dd"/>
         <property name="seleniumVersion" value="3.7.1"/>
         <property name="proxyInformation" value="ProxyInformation{proxyOption=NO_PROXY, proxyServerType=HTTP, password=, proxyServerAddress=, proxyServerPort=0}"/>
         <property name="platform" value="Windows 10"/>
      </properties>
      <testcase name="Test Cases/WorkBenchTestCases/Verify_MatchOfPendingTaskForSumaryandWBforChanMSP" classname="Test Cases/WorkBenchTestCases/Verify_MatchOfPendingTaskForSumaryandWBforChanMSP" status="FAILED">
         <failure type="FAILED" message="Unable to verify equal between actual object '28' and expected object '25' (Root cause: Actual object '28' and expected object '25' are not equal)"/>
         <system-out><![CDATA[2018-07-18 15:21:36 - [TEST_CASE][FAILED] - Test Cases/WorkBenchTestCases/Verify_MatchOfPendingTaskForSumaryandWBforChanMSP: Test Cases/WorkBenchTestCases/Verify_MatchOfPendingTaskForSumaryandWBforChanMSP FAILED because (of) Unable to verify equal between actual object '28' and expected object '25' (Root cause: Actual object '28' and expected object '25' are not equal)

2018-07-18 15:21:36 - [TEST_STEP][PASSED] - callTestCase: Call Test Case 'Test Cases/UserManagementTestCases/Login/Login_ChannelMSP' successfully

2018-07-18 15:21:37 - [TEST_CASE][PASSED] - Test Cases/UserManagementTestCases/Login/Login_ChannelMSP: Test Cases/UserManagementTestCases/Login/Login_ChannelMSP

2018-07-18 15:21:38 - [TEST_STEP][PASSED] - callTestCase: Call Test Case 'Test Cases/CommonTestcases/OpenBrowserandNavigateToQAURL' successfully

2018-07-18 15:21:38 - [TEST_CASE][PASSED] - Test Cases/CommonTestcases/OpenBrowserandNavigateToQAURL: Test Cases/CommonTestcases/OpenBrowserandNavigateToQAURL

2018-07-18 15:21:38 - [TEST_STEP][PASSED] - openBrowser: Browser is opened with url: ''

2018-07-18 15:21:41 - [MESSAGE][PASSED] - Browser is opened with url: ''

2018-07-18 15:21:41 - [TEST_STEP][PASSED] - navigateToUrl: Navigate to 'https://coa-demo-env.azurewebsites.net/da/index.html#/login' successfully

2018-07-18 15:21:51 - [MESSAGE][PASSED] - Navigate to 'https://coa-demo-env.azurewebsites.net/da/index.html#/login' successfully

2018-07-18 15:21:51 - [TEST_STEP][PASSED] - maximizeWindow: Current window maximized

2018-07-18 15:21:53 - [MESSAGE][PASSED] - Current window maximized

2018-07-18 15:21:53 - [MESSAGE][PASSED] - Call Test Case 'Test Cases/CommonTestcases/OpenBrowserandNavigateToQAURL' successfully

2018-07-18 15:21:53 - [TEST_STEP][PASSED] - waitForElementVisible: Object 'Object Repository/OMVA_Login_Page/Password_Textbox' is not visible after 10 second(s)

2018-07-18 15:22:03 - [MESSAGE][WARNING] - Object 'Object Repository/OMVA_Login_Page/Password_Textbox' is not visible after 10 second(s)

2018-07-18 15:22:03 - [TEST_STEP][PASSED] - sendKeys: Keys 'nicole' sent to object: 'Object Repository/OMVA_Login_Page/Username_Textbox'

2018-07-18 15:22:03 - [MESSAGE][PASSED] - Keys 'nicole' sent to object: 'Object Repository/OMVA_Login_Page/Username_Textbox'

2018-07-18 15:22:03 - [TEST_STEP][PASSED] - click: Object: 'Object Repository/OMVA_Login_Page/Next_Button' is clicked on

2018-07-18 15:22:03 - [MESSAGE][PASSED] - Object: 'Object Repository/OMVA_Login_Page/Next_Button' is clicked on

2018-07-18 15:22:03 - [TEST_STEP][PASSED] - waitForElementVisible: Object 'Object Repository/OMVA_Login_Page/Password_Textbox' is visible

2018-07-18 15:22:04 - [MESSAGE][PASSED] - Object 'Object Repository/OMVA_Login_Page/Password_Textbox' is visible

2018-07-18 15:22:04 - [TEST_STEP][PASSED] - sendKeys: Keys 'nicole' sent to object: 'Object Repository/OMVA_Login_Page/Password_Textbox'

2018-07-18 15:22:04 - [MESSAGE][PASSED] - Keys 'nicole' sent to object: 'Object Repository/OMVA_Login_Page/Password_Textbox'

2018-07-18 15:22:04 - [TEST_STEP][PASSED] - click: Object: 'Object Repository/OMVA_Login_Page/Signin_Button' is clicked on

2018-07-18 15:22:04 - [MESSAGE][PASSED] - Object: 'Object Repository/OMVA_Login_Page/Signin_Button' is clicked on

2018-07-18 15:22:04 - [TEST_STEP][PASSED] - waitForAngularLoad: This page doesn't use Angular.

2018-07-18 15:22:04 - [MESSAGE][WARNING] - This page doesn't use Angular.

2018-07-18 15:22:04 - [TEST_STEP][PASSED] - Statement - greetingtext = com.kms.katalon.core.webui.keyword.WebUiBuiltInKeywords.getText(com.kms.katalon.core.testobject.ObjectRepository.findTestObject(OMVA_Landing_Page/Greeting_Label)): Text of object 'Object Repository/OMVA_Landing_Page/Greeting_Label' is: 'Good Afternoon, nicole'

2018-07-18 15:22:05 - [MESSAGE][PASSED] - Text of object 'Object Repository/OMVA_Landing_Page/Greeting_Label' is: 'Good Afternoon, nicole'

2018-07-18 15:22:05 - [TEST_STEP][PASSED] - verifyMatch: Actual text 'Good Afternoon, nicole' and expected text '\D*nicole' are matched  using regular expression

2018-07-18 15:22:05 - [MESSAGE][PASSED] - Actual text 'Good Afternoon, nicole' and expected text '\D*nicole' are matched  using regular expression

2018-07-18 15:22:05 - [MESSAGE][PASSED] - Call Test Case 'Test Cases/UserManagementTestCases/Login/Login_ChannelMSP' successfully

2018-07-18 15:22:05 - [TEST_STEP][PASSED] - delay: Delayed 5 second(s)

2018-07-18 15:22:10 - [MESSAGE][PASSED] - Delayed 5 second(s)

2018-07-18 15:22:10 - [TEST_STEP][PASSED] - Statement - ChanMSP_WB_Count = CustomKeywords.applicationLibrary.GetsPendingTaskCount_WBScreen.Get_PendingTask_Count_WBscreen(): applicationLibrary.GetsPendingTaskCount_WBScreen.Get_PendingTask_Count_WBscreen is PASSED

2018-07-18 15:22:10 - [MESSAGE][PASSED] - applicationLibrary.GetsPendingTaskCount_WBScreen.Get_PendingTask_Count_WBscreen is PASSED

2018-07-18 15:22:10 - [TEST_STEP][PASSED] - click: Object: 'Object Repository/OMVA_Landing_Page/Summary_Logo' is clicked on

2018-07-18 15:22:10 - [MESSAGE][PASSED] - Object: 'Object Repository/OMVA_Landing_Page/Summary_Logo' is clicked on

2018-07-18 15:22:10 - [TEST_STEP][PASSED] - delay: Delayed 5 second(s)

2018-07-18 15:22:15 - [MESSAGE][PASSED] - Delayed 5 second(s)

2018-07-18 15:22:15 - [TEST_STEP][PASSED] - waitForElementPresent: Object 'Object Repository/OMVA_Summary_Page/Customer_dropdown' is present

2018-07-18 15:22:15 - [MESSAGE][PASSED] - Object 'Object Repository/OMVA_Summary_Page/Customer_dropdown' is present

2018-07-18 15:22:15 - [TEST_STEP][PASSED] - click: Object: 'Object Repository/OMVA_Summary_Page/Customer_dropdown' is clicked on

2018-07-18 15:22:16 - [MESSAGE][PASSED] - Object: 'Object Repository/OMVA_Summary_Page/Customer_dropdown' is clicked on

2018-07-18 15:22:16 - [TEST_STEP][PASSED] - waitForElementPresent: Object 'Object Repository/OMVA_Summary_Page/Select_puregold' is present

2018-07-18 15:22:16 - [MESSAGE][PASSED] - Object 'Object Repository/OMVA_Summary_Page/Select_puregold' is present

2018-07-18 15:22:16 - [TEST_STEP][PASSED] - click: Object: 'Object Repository/OMVA_Summary_Page/Select_puregold' is clicked on

2018-07-18 15:22:16 - [MESSAGE][PASSED] - Object: 'Object Repository/OMVA_Summary_Page/Select_puregold' is clicked on

2018-07-18 15:22:16 - [TEST_STEP][PASSED] - delay: Delayed 5 second(s)

2018-07-18 15:22:21 - [MESSAGE][PASSED] - Delayed 5 second(s)

2018-07-18 15:22:21 - [TEST_STEP][PASSED] - Statement - ChanMSP_S_Count = CustomKeywords.applicationLibrary.GetsPendingTaskCount_ChanMSP_SummaryScreen.Get_ChanMSPPendingTask_Count_Summaryscreen(): applicationLibrary.GetsPendingTaskCount_ChanMSP_SummaryScreen.Get_ChanMSPPendingTask_Count_Summaryscreen is PASSED

2018-07-18 15:22:21 - [MESSAGE][PASSED] - applicationLibrary.GetsPendingTaskCount_ChanMSP_SummaryScreen.Get_ChanMSPPendingTask_Count_Summaryscreen is PASSED

2018-07-18 15:22:21 - [TEST_STEP][FAILED] - verifyEqual: Unable to verify equal between actual object '28' and expected object '25' (Root cause: Actual object '28' and expected object '25' are not equal)

2018-07-18 15:22:21 - [MESSAGE][FAILED] - Unable to verify equal between actual object '28' and expected object '25' (Root cause: Actual object '28' and expected object '25' are not equal)]]></system-out>
         <system-err><![CDATA[2018-07-18 15:21:36 - [TEST_CASE][FAILED] - Test Cases/WorkBenchTestCases/Verify_MatchOfPendingTaskForSumaryandWBforChanMSP: Test Cases/WorkBenchTestCases/Verify_MatchOfPendingTaskForSumaryandWBforChanMSP FAILED because (of) Unable to verify equal between actual object '28' and expected object '25' (Root cause: Actual object '28' and expected object '25' are not equal)]]></system-err>
      </testcase>
      <system-out><![CDATA[2018-07-18 15:21:32 - [TEST_SUITE][FAILED] - WorkBenchTestSuite: Test Cases/WorkBenchTestCases/Verify_MatchOfPendingTaskForSumaryandWBforChanMSP FAILED because (of) Unable to verify equal between actual object '28' and expected object '25' (Root cause: Actual object '28' and expected object '25' are not equal)]]></system-out>
      <system-err><![CDATA[2018-07-18 15:21:32 - [TEST_SUITE][FAILED] - WorkBenchTestSuite: Test Cases/WorkBenchTestCases/Verify_MatchOfPendingTaskForSumaryandWBforChanMSP FAILED because (of) Unable to verify equal between actual object '28' and expected object '25' (Root cause: Actual object '28' and expected object '25' are not equal)]]></system-err>
   </testsuite>
</testsuites>
