<?xml version="1.0" encoding="UTF-8"?>
<testsuites name="UserHistoryTestSuite" time="149" tests="1" failures="1" errors="0">
   <testsuite name="UserHistoryTestSuite" tests="1" failures="1" errors="0" time="149" timestamp="2018-07-24 13:42:09" hostname="703177791GDL$ - 703177791gdl.ind.corp.ad" id="Test Suites/UserHistoryTestSuite">
      <properties>
         <property name="deviceName" value=""/>
         <property name="devicePlatform" value=""/>
         <property name="logFolder" value="D:\\P&amp;G Updated\\Automation-P&amp;G-Code-Base\\OMVA\\Reports\\UserHistoryTestSuite\\20180724_134207"/>
         <property name="logFiles" value="D:\\P&amp;G Updated\\Automation-P&amp;G-Code-Base\\OMVA\\Reports\\UserHistoryTestSuite\\20180724_134207\\execution0.log"/>
         <property name="attachments" value=""/>
         <property name="hostName" value="703177791GDL$ - 703177791gdl.ind.corp.ad"/>
         <property name="os" value="Windows 10 64bit"/>
         <property name="katalonVersion" value="5.4.2.1"/>
         <property name="browser" value="Chrome 67.0.3396.62"/>
         <property name="hostAddress" value="172.16.21.232"/>
         <property name="sessionId" value="dfea010835b875d330328391930a4b42"/>
         <property name="seleniumVersion" value="3.7.1"/>
         <property name="proxyInformation" value="ProxyInformation{proxyOption=NO_PROXY, proxyServerType=HTTP, password=, proxyServerAddress=, proxyServerPort=0}"/>
         <property name="platform" value="Windows 10"/>
      </properties>
      <testcase name="Test Cases/UserHIstoryTestCases/Verify_display_of_HistoryPage" classname="Test Cases/UserHIstoryTestCases/Verify_display_of_HistoryPage" status="FAILED">
         <failure type="FAILED" message="Unable to verify match between actual text '' and expected text 'Rescue Strategy' (Root cause: Actual text '' and expected text 'Rescue Strategy' are not matched)"/>
         <system-out><![CDATA[2018-07-24 13:42:17 - [TEST_CASE][FAILED] - Test Cases/UserHIstoryTestCases/Verify_display_of_HistoryPage: Test Cases/UserHIstoryTestCases/Verify_display_of_HistoryPage FAILED because (of) Unable to verify match between actual text '' and expected text 'Rescue Strategy' (Root cause: Actual text '' and expected text 'Rescue Strategy' are not matched)

2018-07-24 13:42:17 - [TEST_STEP][PASSED] - callTestCase: Call Test Case 'Test Cases/UserManagementTestCases/Login/Login_ChannelMSP' successfully

2018-07-24 13:42:18 - [TEST_CASE][PASSED] - Test Cases/UserManagementTestCases/Login/Login_ChannelMSP: Test Cases/UserManagementTestCases/Login/Login_ChannelMSP

2018-07-24 13:42:18 - [TEST_STEP][PASSED] - callTestCase: Call Test Case 'Test Cases/CommonTestcases/OpenBrowserandNavigateToQAURL' successfully

2018-07-24 13:42:18 - [TEST_CASE][PASSED] - Test Cases/CommonTestcases/OpenBrowserandNavigateToQAURL: Test Cases/CommonTestcases/OpenBrowserandNavigateToQAURL

2018-07-24 13:42:18 - [TEST_STEP][PASSED] - openBrowser: Browser is opened with url: ''

2018-07-24 13:42:25 - [MESSAGE][PASSED] - Browser is opened with url: ''

2018-07-24 13:42:25 - [TEST_STEP][PASSED] - navigateToUrl: Navigate to 'https://coa-demo-env.azurewebsites.net/da/index.html#/login' successfully

2018-07-24 13:42:37 - [MESSAGE][PASSED] - Navigate to 'https://coa-demo-env.azurewebsites.net/da/index.html#/login' successfully

2018-07-24 13:42:37 - [TEST_STEP][PASSED] - maximizeWindow: Current window maximized

2018-07-24 13:42:38 - [MESSAGE][PASSED] - Current window maximized

2018-07-24 13:42:38 - [MESSAGE][PASSED] - Call Test Case 'Test Cases/CommonTestcases/OpenBrowserandNavigateToQAURL' successfully

2018-07-24 13:42:38 - [TEST_STEP][PASSED] - waitForElementVisible: Object 'Object Repository/OMVA_Login_Page/Password_Textbox' is not visible after 10 second(s)

2018-07-24 13:42:48 - [MESSAGE][WARNING] - Object 'Object Repository/OMVA_Login_Page/Password_Textbox' is not visible after 10 second(s)

2018-07-24 13:42:48 - [TEST_STEP][PASSED] - sendKeys: Keys 'nicole' sent to object: 'Object Repository/OMVA_Login_Page/Username_Textbox'

2018-07-24 13:42:48 - [MESSAGE][PASSED] - Keys 'nicole' sent to object: 'Object Repository/OMVA_Login_Page/Username_Textbox'

2018-07-24 13:42:48 - [TEST_STEP][PASSED] - click: Object: 'Object Repository/OMVA_Login_Page/Next_Button' is clicked on

2018-07-24 13:42:48 - [MESSAGE][PASSED] - Object: 'Object Repository/OMVA_Login_Page/Next_Button' is clicked on

2018-07-24 13:42:48 - [TEST_STEP][PASSED] - waitForElementVisible: Object 'Object Repository/OMVA_Login_Page/Password_Textbox' is visible

2018-07-24 13:42:49 - [MESSAGE][PASSED] - Object 'Object Repository/OMVA_Login_Page/Password_Textbox' is visible

2018-07-24 13:42:49 - [TEST_STEP][PASSED] - sendKeys: Keys 'nicole' sent to object: 'Object Repository/OMVA_Login_Page/Password_Textbox'

2018-07-24 13:42:49 - [MESSAGE][PASSED] - Keys 'nicole' sent to object: 'Object Repository/OMVA_Login_Page/Password_Textbox'

2018-07-24 13:42:49 - [TEST_STEP][PASSED] - click: Object: 'Object Repository/OMVA_Login_Page/Signin_Button' is clicked on

2018-07-24 13:42:49 - [MESSAGE][PASSED] - Object: 'Object Repository/OMVA_Login_Page/Signin_Button' is clicked on

2018-07-24 13:42:49 - [TEST_STEP][PASSED] - waitForAngularLoad: This page doesn't use Angular.

2018-07-24 13:42:49 - [MESSAGE][WARNING] - This page doesn't use Angular.

2018-07-24 13:42:49 - [TEST_STEP][PASSED] - Statement - greetingtext = com.kms.katalon.core.webui.keyword.WebUiBuiltInKeywords.getText(com.kms.katalon.core.testobject.ObjectRepository.findTestObject(OMVA_Landing_Page/Greeting_Label)): Text of object 'Object Repository/OMVA_Landing_Page/Greeting_Label' is: 'Good Afternoon, nicole'

2018-07-24 13:42:49 - [MESSAGE][PASSED] - Text of object 'Object Repository/OMVA_Landing_Page/Greeting_Label' is: 'Good Afternoon, nicole'

2018-07-24 13:42:49 - [TEST_STEP][PASSED] - verifyMatch: Actual text 'Good Afternoon, nicole' and expected text '\D*nicole' are matched  using regular expression

2018-07-24 13:42:50 - [MESSAGE][PASSED] - Actual text 'Good Afternoon, nicole' and expected text '\D*nicole' are matched  using regular expression

2018-07-24 13:42:50 - [MESSAGE][PASSED] - Call Test Case 'Test Cases/UserManagementTestCases/Login/Login_ChannelMSP' successfully

2018-07-24 13:42:50 - [TEST_STEP][PASSED] - delay: Delayed 3 second(s)

2018-07-24 13:42:53 - [MESSAGE][PASSED] - Delayed 3 second(s)

2018-07-24 13:42:53 - [TEST_STEP][PASSED] - delay: Delayed 5 second(s)

2018-07-24 13:42:58 - [MESSAGE][PASSED] - Delayed 5 second(s)

2018-07-24 13:42:58 - [TEST_STEP][PASSED] - waitForElementPresent: Object 'Object Repository/OMVA_Landing_Page/History_Logo' is present

2018-07-24 13:42:58 - [MESSAGE][PASSED] - Object 'Object Repository/OMVA_Landing_Page/History_Logo' is present

2018-07-24 13:42:58 - [TEST_STEP][PASSED] - click: Object: 'Object Repository/OMVA_Landing_Page/History_Logo' is clicked on

2018-07-24 13:42:58 - [MESSAGE][PASSED] - Object: 'Object Repository/OMVA_Landing_Page/History_Logo' is clicked on

2018-07-24 13:42:58 - [TEST_STEP][PASSED] - delay: Delayed 5 second(s)

2018-07-24 13:43:03 - [MESSAGE][PASSED] - Delayed 5 second(s)

2018-07-24 13:43:03 - [TEST_STEP][PASSED] - waitForElementPresent: Object 'Object Repository/OMVA_Summary_Page/Customer_dropdown' is present

2018-07-24 13:43:03 - [MESSAGE][PASSED] - Object 'Object Repository/OMVA_Summary_Page/Customer_dropdown' is present

2018-07-24 13:43:03 - [TEST_STEP][PASSED] - click: Object: 'Object Repository/OMVA_Summary_Page/Customer_dropdown' is clicked on

2018-07-24 13:43:03 - [MESSAGE][PASSED] - Object: 'Object Repository/OMVA_Summary_Page/Customer_dropdown' is clicked on

2018-07-24 13:43:03 - [TEST_STEP][PASSED] - waitForElementPresent: Object 'Object Repository/OMVA_Summary_Page/Select_puregold' is present

2018-07-24 13:43:03 - [MESSAGE][PASSED] - Object 'Object Repository/OMVA_Summary_Page/Select_puregold' is present

2018-07-24 13:43:03 - [TEST_STEP][PASSED] - click: Object: 'Object Repository/OMVA_Summary_Page/Select_puregold' is clicked on

2018-07-24 13:43:03 - [MESSAGE][PASSED] - Object: 'Object Repository/OMVA_Summary_Page/Select_puregold' is clicked on

2018-07-24 13:43:03 - [TEST_STEP][PASSED] - delay: Delayed 5 second(s)

2018-07-24 13:43:08 - [MESSAGE][PASSED] - Delayed 5 second(s)

2018-07-24 13:43:08 - [TEST_STEP][PASSED] - click: Object: 'Object Repository/OMVA_History_Page/1stSKU_History' is clicked on

2018-07-24 13:43:08 - [MESSAGE][PASSED] - Object: 'Object Repository/OMVA_History_Page/1stSKU_History' is clicked on

2018-07-24 13:43:08 - [TEST_STEP][PASSED] - delay: Delayed 10 second(s)

2018-07-24 13:43:18 - [MESSAGE][PASSED] - Delayed 10 second(s)

2018-07-24 13:43:18 - [TEST_STEP][PASSED] - Statement - rescue = com.kms.katalon.core.webui.keyword.WebUiBuiltInKeywords.getText(com.kms.katalon.core.testobject.ObjectRepository.findTestObject(OMVA_History_Page/History_RescueStrategy)): Text of object 'Object Repository/OMVA_History_Page/History_RescueStrategy' is: ''

2018-07-24 13:43:18 - [MESSAGE][PASSED] - Text of object 'Object Repository/OMVA_History_Page/History_RescueStrategy' is: ''

2018-07-24 13:43:18 - [TEST_STEP][PASSED] - scrollToElement: Scroll to object 'Object Repository/OMVA_History_Page/History_OMVARecomendation' successfully

2018-07-24 13:43:18 - [MESSAGE][PASSED] - Scroll to object 'Object Repository/OMVA_History_Page/History_OMVARecomendation' successfully

2018-07-24 13:43:18 - [TEST_STEP][FAILED] - verifyMatch: Unable to verify match between actual text '' and expected text 'Rescue Strategy' (Root cause: Actual text '' and expected text 'Rescue Strategy' are not matched)

2018-07-24 13:43:19 - [MESSAGE][FAILED] - Unable to verify match between actual text '' and expected text 'Rescue Strategy' (Root cause: Actual text '' and expected text 'Rescue Strategy' are not matched)]]></system-out>
         <system-err><![CDATA[2018-07-24 13:42:17 - [TEST_CASE][FAILED] - Test Cases/UserHIstoryTestCases/Verify_display_of_HistoryPage: Test Cases/UserHIstoryTestCases/Verify_display_of_HistoryPage FAILED because (of) Unable to verify match between actual text '' and expected text 'Rescue Strategy' (Root cause: Actual text '' and expected text 'Rescue Strategy' are not matched)]]></system-err>
      </testcase>
      <testcase name="Test Cases/UserHIstoryTestCases/Verify_MALSKU_MovesToHistory" classname="Test Cases/UserHIstoryTestCases/Verify_MALSKU_MovesToHistory" status="PASSED">
         <system-out><![CDATA[2018-07-24 13:43:19 - [TEST_CASE][PASSED] - Test Cases/UserHIstoryTestCases/Verify_MALSKU_MovesToHistory: Test Cases/UserHIstoryTestCases/Verify_MALSKU_MovesToHistory

2018-07-24 13:43:19 - [TEST_STEP][PASSED] - callTestCase: Call Test Case 'Test Cases/UserManagementTestCases/Login/Login_ChannelMSP' successfully

2018-07-24 13:43:20 - [TEST_CASE][PASSED] - Test Cases/UserManagementTestCases/Login/Login_ChannelMSP: Test Cases/UserManagementTestCases/Login/Login_ChannelMSP

2018-07-24 13:43:20 - [TEST_STEP][PASSED] - callTestCase: Call Test Case 'Test Cases/CommonTestcases/OpenBrowserandNavigateToQAURL' successfully

2018-07-24 13:43:20 - [TEST_CASE][PASSED] - Test Cases/CommonTestcases/OpenBrowserandNavigateToQAURL: Test Cases/CommonTestcases/OpenBrowserandNavigateToQAURL

2018-07-24 13:43:20 - [TEST_STEP][PASSED] - openBrowser: Browser is opened with url: ''

2018-07-24 13:43:20 - [MESSAGE][WARNING] - A browser is already opened. Closing browser and opening a new one

2018-07-24 13:43:23 - [MESSAGE][PASSED] - Browser is opened with url: ''

2018-07-24 13:43:23 - [TEST_STEP][PASSED] - navigateToUrl: Navigate to 'https://coa-demo-env.azurewebsites.net/da/index.html#/login' successfully

2018-07-24 13:43:35 - [MESSAGE][PASSED] - Navigate to 'https://coa-demo-env.azurewebsites.net/da/index.html#/login' successfully

2018-07-24 13:43:35 - [TEST_STEP][PASSED] - maximizeWindow: Current window maximized

2018-07-24 13:43:36 - [MESSAGE][PASSED] - Current window maximized

2018-07-24 13:43:36 - [MESSAGE][PASSED] - Call Test Case 'Test Cases/CommonTestcases/OpenBrowserandNavigateToQAURL' successfully

2018-07-24 13:43:36 - [TEST_STEP][PASSED] - waitForElementVisible: Object 'Object Repository/OMVA_Login_Page/Password_Textbox' is not visible after 10 second(s)

2018-07-24 13:43:46 - [MESSAGE][WARNING] - Object 'Object Repository/OMVA_Login_Page/Password_Textbox' is not visible after 10 second(s)

2018-07-24 13:43:46 - [TEST_STEP][PASSED] - sendKeys: Keys 'nicole' sent to object: 'Object Repository/OMVA_Login_Page/Username_Textbox'

2018-07-24 13:43:47 - [MESSAGE][PASSED] - Keys 'nicole' sent to object: 'Object Repository/OMVA_Login_Page/Username_Textbox'

2018-07-24 13:43:47 - [TEST_STEP][PASSED] - click: Object: 'Object Repository/OMVA_Login_Page/Next_Button' is clicked on

2018-07-24 13:43:47 - [MESSAGE][PASSED] - Object: 'Object Repository/OMVA_Login_Page/Next_Button' is clicked on

2018-07-24 13:43:47 - [TEST_STEP][PASSED] - waitForElementVisible: Object 'Object Repository/OMVA_Login_Page/Password_Textbox' is visible

2018-07-24 13:43:47 - [MESSAGE][PASSED] - Object 'Object Repository/OMVA_Login_Page/Password_Textbox' is visible

2018-07-24 13:43:47 - [TEST_STEP][PASSED] - sendKeys: Keys 'nicole' sent to object: 'Object Repository/OMVA_Login_Page/Password_Textbox'

2018-07-24 13:43:47 - [MESSAGE][PASSED] - Keys 'nicole' sent to object: 'Object Repository/OMVA_Login_Page/Password_Textbox'

2018-07-24 13:43:47 - [TEST_STEP][PASSED] - click: Object: 'Object Repository/OMVA_Login_Page/Signin_Button' is clicked on

2018-07-24 13:43:47 - [MESSAGE][PASSED] - Object: 'Object Repository/OMVA_Login_Page/Signin_Button' is clicked on

2018-07-24 13:43:47 - [TEST_STEP][PASSED] - waitForAngularLoad: This page doesn't use Angular.

2018-07-24 13:43:47 - [MESSAGE][WARNING] - This page doesn't use Angular.

2018-07-24 13:43:47 - [TEST_STEP][PASSED] - Statement - greetingtext = com.kms.katalon.core.webui.keyword.WebUiBuiltInKeywords.getText(com.kms.katalon.core.testobject.ObjectRepository.findTestObject(OMVA_Landing_Page/Greeting_Label)): Text of object 'Object Repository/OMVA_Landing_Page/Greeting_Label' is: 'Good Afternoon, nicole'

2018-07-24 13:43:48 - [MESSAGE][PASSED] - Text of object 'Object Repository/OMVA_Landing_Page/Greeting_Label' is: 'Good Afternoon, nicole'

2018-07-24 13:43:48 - [TEST_STEP][PASSED] - verifyMatch: Actual text 'Good Afternoon, nicole' and expected text '\D*nicole' are matched  using regular expression

2018-07-24 13:43:48 - [MESSAGE][PASSED] - Actual text 'Good Afternoon, nicole' and expected text '\D*nicole' are matched  using regular expression

2018-07-24 13:43:48 - [MESSAGE][PASSED] - Call Test Case 'Test Cases/UserManagementTestCases/Login/Login_ChannelMSP' successfully

2018-07-24 13:43:48 - [TEST_STEP][PASSED] - delay: Delayed 3 second(s)

2018-07-24 13:43:51 - [MESSAGE][PASSED] - Delayed 3 second(s)

2018-07-24 13:43:51 - [TEST_STEP][PASSED] - click: Object: 'Object Repository/OMVA_Summary_Page/Customer_dropdown' is clicked on

2018-07-24 13:43:51 - [MESSAGE][PASSED] - Object: 'Object Repository/OMVA_Summary_Page/Customer_dropdown' is clicked on

2018-07-24 13:43:51 - [TEST_STEP][PASSED] - click: Object: 'Object Repository/OMVA_Summary_Page/Select_puregold' is clicked on

2018-07-24 13:43:51 - [MESSAGE][PASSED] - Object: 'Object Repository/OMVA_Summary_Page/Select_puregold' is clicked on

2018-07-24 13:43:51 - [TEST_STEP][PASSED] - delay: Delayed 5 second(s)

2018-07-24 13:43:56 - [MESSAGE][PASSED] - Delayed 5 second(s)

2018-07-24 13:43:56 - [TEST_STEP][PASSED] - waitForElementPresent: Object 'Object Repository/OMVA_Workbench_Page/1st_SKUMaterial' is present

2018-07-24 13:43:56 - [MESSAGE][WARNING] - Timeout '0' is invalid. Using default page load timeout: '15'

2018-07-24 13:43:56 - [MESSAGE][PASSED] - Object 'Object Repository/OMVA_Workbench_Page/1st_SKUMaterial' is present

2018-07-24 13:43:56 - [TEST_STEP][PASSED] - Statement - SKUID = com.kms.katalon.core.webui.keyword.WebUiBuiltInKeywords.getText(com.kms.katalon.core.testobject.ObjectRepository.findTestObject(OMVA_Workbench_Page/1st_SKUMaterial)): Text of object 'Object Repository/OMVA_Workbench_Page/1st_SKUMaterial' is: '82276850'

2018-07-24 13:43:56 - [MESSAGE][PASSED] - Text of object 'Object Repository/OMVA_Workbench_Page/1st_SKUMaterial' is: '82276850'

2018-07-24 13:43:56 - [TEST_STEP][PASSED] - waitForElementPresent: Object 'Object Repository/OMVA_Workbench_Page/DONE_Btn' is present

2018-07-24 13:43:56 - [MESSAGE][PASSED] - Object 'Object Repository/OMVA_Workbench_Page/DONE_Btn' is present

2018-07-24 13:43:56 - [TEST_STEP][PASSED] - scrollToElement: Scroll to object 'Object Repository/OMVA_Workbench_Page/DONE_Btn' successfully

2018-07-24 13:43:56 - [MESSAGE][PASSED] - Scroll to object 'Object Repository/OMVA_Workbench_Page/DONE_Btn' successfully

2018-07-24 13:43:56 - [TEST_STEP][PASSED] - click: Object: 'Object Repository/OMVA_Workbench_Page/DONE_Btn' is clicked on

2018-07-24 13:43:56 - [MESSAGE][PASSED] - Object: 'Object Repository/OMVA_Workbench_Page/DONE_Btn' is clicked on

2018-07-24 13:43:56 - [TEST_STEP][PASSED] - applicationLibrary.ClicksOn1stBatchof_SKUID_andgetsBatchNo.ClickOnSKUInprogressBatch: applicationLibrary.ClicksOn1stBatchof_SKUID_andgetsBatchNo.ClickOnSKUInprogressBatch is PASSED

2018-07-24 13:44:02 - [MESSAGE][PASSED] - applicationLibrary.ClicksOn1stBatchof_SKUID_andgetsBatchNo.ClickOnSKUInprogressBatch is PASSED

2018-07-24 13:44:02 - [TEST_STEP][PASSED] - delay: Delayed 3 second(s)

2018-07-24 13:44:05 - [MESSAGE][PASSED] - Delayed 3 second(s)

2018-07-24 13:44:05 - [TEST_STEP][PASSED] - waitForElementPresent: Object 'Object Repository/OMVA_Workbench_Page/Notify_Btn' is present

2018-07-24 13:44:05 - [MESSAGE][PASSED] - Object 'Object Repository/OMVA_Workbench_Page/Notify_Btn' is present

2018-07-24 13:44:05 - [TEST_STEP][PASSED] - click: Object: 'Object Repository/OMVA_Workbench_Page/Notify_Btn' is clicked on

2018-07-24 13:44:05 - [MESSAGE][PASSED] - Object: 'Object Repository/OMVA_Workbench_Page/Notify_Btn' is clicked on

2018-07-24 13:44:05 - [TEST_STEP][PASSED] - delay: Delayed 5 second(s)

2018-07-24 13:44:10 - [MESSAGE][PASSED] - Delayed 5 second(s)

2018-07-24 13:44:10 - [TEST_STEP][PASSED] - waitForElementPresent: Object 'Object Repository/OMVA_Workbench_Page/ActionTaken_HeaderTxt' is present

2018-07-24 13:44:10 - [MESSAGE][PASSED] - Object 'Object Repository/OMVA_Workbench_Page/ActionTaken_HeaderTxt' is present

2018-07-24 13:44:10 - [TEST_STEP][PASSED] - Statement - ActionTakenHTxt = com.kms.katalon.core.webui.keyword.WebUiBuiltInKeywords.getText(com.kms.katalon.core.testobject.ObjectRepository.findTestObject(OMVA_Workbench_Page/ActionTaken_HeaderTxt)): Text of object 'Object Repository/OMVA_Workbench_Page/ActionTaken_HeaderTxt' is: 'Action Taken'

2018-07-24 13:44:10 - [MESSAGE][PASSED] - Text of object 'Object Repository/OMVA_Workbench_Page/ActionTaken_HeaderTxt' is: 'Action Taken'

2018-07-24 13:44:10 - [TEST_STEP][PASSED] - Statement - ActionTakenCTxt = com.kms.katalon.core.webui.keyword.WebUiBuiltInKeywords.getText(com.kms.katalon.core.testobject.ObjectRepository.findTestObject(OMVA_Workbench_Page/ActionTaken_ContenetTxt)): Text of object 'Object Repository/OMVA_Workbench_Page/ActionTaken_ContenetTxt' is: 'Email has been triggered to SMO stakeholders to update allocations in SAP.'

2018-07-24 13:44:10 - [MESSAGE][PASSED] - Text of object 'Object Repository/OMVA_Workbench_Page/ActionTaken_ContenetTxt' is: 'Email has been triggered to SMO stakeholders to update allocations in SAP.'

2018-07-24 13:44:10 - [TEST_STEP][PASSED] - verifyMatch: Actual text 'Action Taken' and expected text 'Action Taken' are matched  using regular expression

2018-07-24 13:44:10 - [MESSAGE][PASSED] - Actual text 'Action Taken' and expected text 'Action Taken' are matched  using regular expression

2018-07-24 13:44:10 - [TEST_STEP][PASSED] - click: Object: 'Object Repository/OMVA_Workbench_Page/ActionTaken_CrossBtn' is clicked on

2018-07-24 13:44:10 - [MESSAGE][PASSED] - Object: 'Object Repository/OMVA_Workbench_Page/ActionTaken_CrossBtn' is clicked on

2018-07-24 13:44:10 - [TEST_STEP][PASSED] - verifyMatch: Actual text 'Email has been triggered to SMO stakeholders to update allocations in SAP.' and expected text 'Email has been triggered to SMO stakeholders to update allocations in SAP.' are matched  using regular expression

2018-07-24 13:44:10 - [MESSAGE][PASSED] - Actual text 'Email has been triggered to SMO stakeholders to update allocations in SAP.' and expected text 'Email has been triggered to SMO stakeholders to update allocations in SAP.' are matched  using regular expression

2018-07-24 13:44:10 - [TEST_STEP][PASSED] - delay: Delayed 5 second(s)

2018-07-24 13:44:15 - [MESSAGE][PASSED] - Delayed 5 second(s)

2018-07-24 13:44:15 - [TEST_STEP][PASSED] - waitForElementPresent: Object 'Object Repository/OMVA_Landing_Page/History_Logo' is present

2018-07-24 13:44:15 - [MESSAGE][PASSED] - Object 'Object Repository/OMVA_Landing_Page/History_Logo' is present

2018-07-24 13:44:15 - [TEST_STEP][PASSED] - click: Object: 'Object Repository/OMVA_Landing_Page/History_Logo' is clicked on

2018-07-24 13:44:15 - [MESSAGE][PASSED] - Object: 'Object Repository/OMVA_Landing_Page/History_Logo' is clicked on

2018-07-24 13:44:15 - [TEST_STEP][PASSED] - delay: Delayed 5 second(s)

2018-07-24 13:44:20 - [MESSAGE][PASSED] - Delayed 5 second(s)

2018-07-24 13:44:20 - [TEST_STEP][PASSED] - waitForElementPresent: Object 'Object Repository/OMVA_Summary_Page/Customer_dropdown' is present

2018-07-24 13:44:20 - [MESSAGE][PASSED] - Object 'Object Repository/OMVA_Summary_Page/Customer_dropdown' is present

2018-07-24 13:44:20 - [TEST_STEP][PASSED] - click: Object: 'Object Repository/OMVA_Summary_Page/Customer_dropdown' is clicked on

2018-07-24 13:44:20 - [MESSAGE][PASSED] - Object: 'Object Repository/OMVA_Summary_Page/Customer_dropdown' is clicked on

2018-07-24 13:44:20 - [TEST_STEP][PASSED] - waitForElementPresent: Object 'Object Repository/OMVA_Summary_Page/Select_puregold' is present

2018-07-24 13:44:20 - [MESSAGE][PASSED] - Object 'Object Repository/OMVA_Summary_Page/Select_puregold' is present

2018-07-24 13:44:20 - [TEST_STEP][PASSED] - click: Object: 'Object Repository/OMVA_Summary_Page/Select_puregold' is clicked on

2018-07-24 13:44:21 - [MESSAGE][PASSED] - Object: 'Object Repository/OMVA_Summary_Page/Select_puregold' is clicked on

2018-07-24 13:44:21 - [TEST_STEP][PASSED] - delay: Delayed 3 second(s)

2018-07-24 13:44:24 - [MESSAGE][PASSED] - Delayed 3 second(s)

2018-07-24 13:44:24 - [TEST_STEP][PASSED] - verifyElementPresent: Object 'Object Repository/OMVA_Landing_Page/Search_icon' is present

2018-07-24 13:44:24 - [MESSAGE][PASSED] - Object 'Object Repository/OMVA_Landing_Page/Search_icon' is present

2018-07-24 13:44:24 - [TEST_STEP][PASSED] - click: Object: 'Object Repository/OMVA_Landing_Page/Search_icon' is clicked on

2018-07-24 13:44:24 - [MESSAGE][PASSED] - Object: 'Object Repository/OMVA_Landing_Page/Search_icon' is clicked on

2018-07-24 13:44:24 - [TEST_STEP][PASSED] - waitForElementPresent: Object 'Object Repository/OMVA_Landing_Page/Type_Here' is present

2018-07-24 13:44:24 - [MESSAGE][WARNING] - Timeout '0' is invalid. Using default page load timeout: '15'

2018-07-24 13:44:24 - [MESSAGE][PASSED] - Object 'Object Repository/OMVA_Landing_Page/Type_Here' is present

2018-07-24 13:44:24 - [TEST_STEP][PASSED] - sendKeys: Keys '82276850' sent to object: 'Object Repository/OMVA_Landing_Page/Type_Here'

2018-07-24 13:44:24 - [MESSAGE][PASSED] - Keys '82276850' sent to object: 'Object Repository/OMVA_Landing_Page/Type_Here'

2018-07-24 13:44:24 - [TEST_STEP][PASSED] - delay: Delayed 3 second(s)

2018-07-24 13:44:27 - [MESSAGE][PASSED] - Delayed 3 second(s)

2018-07-24 13:44:27 - [TEST_STEP][NOT_RUN] - applicationLibrary.Checks_SelectedBatchIsDisplayedInHistory.ChecksBatchIsDisplayedInHistory: NOT_RUN: applicationLibrary.Checks_SelectedBatchIsDisplayedInHistory.ChecksBatchIsDisplayedInHistory

2018-07-24 13:44:27 - [MESSAGE][NOT_RUN] - NOT_RUN: applicationLibrary.Checks_SelectedBatchIsDisplayedInHistory.ChecksBatchIsDisplayedInHistory

2018-07-24 13:44:27 - [TEST_STEP][PASSED] - Statement - searchedsku = com.kms.katalon.core.webui.keyword.WebUiBuiltInKeywords.getText(com.kms.katalon.core.testobject.ObjectRepository.findTestObject(OMVA_Workbench_Page/1st_SKUMaterial)): Text of object 'Object Repository/OMVA_Workbench_Page/1st_SKUMaterial' is: '82276850'

2018-07-24 13:44:27 - [MESSAGE][PASSED] - Text of object 'Object Repository/OMVA_Workbench_Page/1st_SKUMaterial' is: '82276850'

2018-07-24 13:44:27 - [TEST_STEP][PASSED] - verifyMatch: Actual text '82276850' and expected text '82276850' are matched 

2018-07-24 13:44:27 - [MESSAGE][PASSED] - Actual text '82276850' and expected text '82276850' are matched 

2018-07-24 13:44:27 - [TEST_STEP][PASSED] - delay: Delayed 10 second(s)

2018-07-24 13:44:37 - [MESSAGE][PASSED] - Delayed 10 second(s)

2018-07-24 13:44:37 - [TEST_STEP][PASSED] - Statement - rescue = com.kms.katalon.core.webui.keyword.WebUiBuiltInKeywords.getText(com.kms.katalon.core.testobject.ObjectRepository.findTestObject(OMVA_History_Page/History_RescueStrategy)): Text of object 'Object Repository/OMVA_History_Page/History_RescueStrategy' is: 'Rescue Strategy'

2018-07-24 13:44:37 - [MESSAGE][PASSED] - Text of object 'Object Repository/OMVA_History_Page/History_RescueStrategy' is: 'Rescue Strategy'

2018-07-24 13:44:37 - [TEST_STEP][PASSED] - verifyMatch: Actual text 'Rescue Strategy' and expected text 'Rescue Strategy' are matched 

2018-07-24 13:44:37 - [MESSAGE][PASSED] - Actual text 'Rescue Strategy' and expected text 'Rescue Strategy' are matched 

2018-07-24 13:44:37 - [TEST_STEP][PASSED] - scrollToElement: Scroll to object 'Object Repository/OMVA_History_Page/History_OMVARecomendation' successfully

2018-07-24 13:44:37 - [MESSAGE][PASSED] - Scroll to object 'Object Repository/OMVA_History_Page/History_OMVARecomendation' successfully

2018-07-24 13:44:37 - [TEST_STEP][PASSED] - verifyElementPresent: Object 'Object Repository/OMVA_History_Page/History_OMVARecomendation' is present

2018-07-24 13:44:37 - [MESSAGE][PASSED] - Object 'Object Repository/OMVA_History_Page/History_OMVARecomendation' is present

2018-07-24 13:44:37 - [TEST_STEP][PASSED] - Statement - RemcomendationHistory = com.kms.katalon.core.webui.keyword.WebUiBuiltInKeywords.getText(com.kms.katalon.core.testobject.ObjectRepository.findTestObject(OMVA_History_Page/History_OMVARecomendation)): Text of object 'Object Repository/OMVA_History_Page/History_OMVARecomendation' is: 'OMVA Recommendation'

2018-07-24 13:44:37 - [MESSAGE][PASSED] - Text of object 'Object Repository/OMVA_History_Page/History_OMVARecomendation' is: 'OMVA Recommendation'

2018-07-24 13:44:37 - [TEST_STEP][PASSED] - verifyMatch: Actual text 'OMVA Recommendation' and expected text 'OMVA Recommendation' are matched 

2018-07-24 13:44:37 - [MESSAGE][PASSED] - Actual text 'OMVA Recommendation' and expected text 'OMVA Recommendation' are matched 

2018-07-24 13:44:37 - [TEST_STEP][PASSED] - closeBrowser: Browser is closed

2018-07-24 13:44:38 - [MESSAGE][PASSED] - Browser is closed]]></system-out>
         <system-err><![CDATA[]]></system-err>
      </testcase>
      <system-out><![CDATA[2018-07-24 13:42:09 - [TEST_SUITE][FAILED] - UserHistoryTestSuite: Test Cases/UserHIstoryTestCases/Verify_display_of_HistoryPage FAILED because (of) Unable to verify match between actual text '' and expected text 'Rescue Strategy' (Root cause: Actual text '' and expected text 'Rescue Strategy' are not matched)]]></system-out>
      <system-err><![CDATA[2018-07-24 13:42:09 - [TEST_SUITE][FAILED] - UserHistoryTestSuite: Test Cases/UserHIstoryTestCases/Verify_display_of_HistoryPage FAILED because (of) Unable to verify match between actual text '' and expected text 'Rescue Strategy' (Root cause: Actual text '' and expected text 'Rescue Strategy' are not matched)]]></system-err>
   </testsuite>
</testsuites>
