<?xml version="1.0" encoding="UTF-8"?>
<testsuites name="WorkBenchTestSuite" time="103" tests="0" failures="2" errors="0">
   <testsuite name="WorkBenchTestSuite" tests="0" failures="2" errors="0" time="103" timestamp="2018-07-16 16:41:01" hostname="703177791 - 703177791GDL.IND.CORP.AD" id="Test Suites/WorkBenchTestSuite">
      <properties>
         <property name="deviceName" value=""/>
         <property name="devicePlatform" value=""/>
         <property name="logFolder" value="D:\\P&amp;G New\\Automation-P&amp;G-Code-Base\\OMVA\\Reports\\WorkBenchTestSuite\\20180716_162044"/>
         <property name="logFiles" value="D:\\P&amp;G New\\Automation-P&amp;G-Code-Base\\OMVA\\Reports\\WorkBenchTestSuite\\20180716_162044\\execution0.log"/>
         <property name="attachments" value="D:\\P&amp;G New\\Automation-P&amp;G-Code-Base\\OMVA\\Reports\\WorkBenchTestSuite\\20180716_162044\\1531739516517.png"/>
         <property name="hostName" value="703177791 - 703177791GDL.IND.CORP.AD"/>
         <property name="os" value="Windows 10 64bit"/>
         <property name="katalonVersion" value="5.4.2.1"/>
         <property name="browser" value="Chrome 67.0.3396.62"/>
         <property name="hostAddress" value="172.16.21.232"/>
         <property name="sessionId" value="56bbb41bd668a0f6dc7284de21bb7b43"/>
         <property name="seleniumVersion" value="3.7.1"/>
         <property name="proxyInformation" value="ProxyInformation{proxyOption=NO_PROXY, proxyServerType=HTTP, password=, proxyServerAddress=, proxyServerPort=0}"/>
         <property name="platform" value="Windows 10"/>
      </properties>
      <testcase name="Test Cases/WorkBenchTestCases/Validate_CategoryMSPIncreaseAllocationQtyNotEditable" classname="Test Cases/WorkBenchTestCases/Validate_CategoryMSPIncreaseAllocationQtyNotEditable" status="FAILED">
         <failure type="FAILED" message="Unable to click on object 'Object Repository/OMVA_Workbench_Page/1st_SKUMaterial' (Root cause: com.kms.katalon.core.webui.exception.WebElementNotFoundException: Web element with id: 'Object Repository/OMVA_Workbench_Page/1st_SKUMaterial' located by 'By.xpath: (//div[@id='parent']//descendant::h2[@data-parent='#parent'])[1]' not found)"/>
         <system-out><![CDATA[2018-07-16 16:41:01 - [TEST_CASE][FAILED] - Test Cases/WorkBenchTestCases/Validate_CategoryMSPIncreaseAllocationQtyNotEditable: Test Cases/WorkBenchTestCases/Validate_CategoryMSPIncreaseAllocationQtyNotEditable FAILED because (of) Unable to click on object 'Object Repository/OMVA_Workbench_Page/1st_SKUMaterial' (Root cause: com.kms.katalon.core.webui.exception.WebElementNotFoundException: Web element with id: 'Object Repository/OMVA_Workbench_Page/1st_SKUMaterial' located by 'By.xpath: (//div[@id='parent']//descendant::h2[@data-parent='#parent'])[1]' not found)

2018-07-16 16:41:02 - [TEST_STEP][PASSED] - callTestCase: Call Test Case 'Test Cases/UserManagementTestCases/Login/Login_ChannelMSP' successfully

2018-07-16 16:41:03 - [TEST_CASE][PASSED] - Test Cases/UserManagementTestCases/Login/Login_ChannelMSP: Test Cases/UserManagementTestCases/Login/Login_ChannelMSP

2018-07-16 16:41:03 - [TEST_STEP][PASSED] - callTestCase: Call Test Case 'Test Cases/CommonTestcases/OpenBrowserandNavigateToQAURL' successfully

2018-07-16 16:41:03 - [TEST_CASE][PASSED] - Test Cases/CommonTestcases/OpenBrowserandNavigateToQAURL: Test Cases/CommonTestcases/OpenBrowserandNavigateToQAURL

2018-07-16 16:41:03 - [TEST_STEP][PASSED] - openBrowser: Browser is opened with url: ''

2018-07-16 16:41:06 - [MESSAGE][PASSED] - Browser is opened with url: ''

2018-07-16 16:41:06 - [TEST_STEP][PASSED] - navigateToUrl: Navigate to 'https://coa-demo-env.azurewebsites.net/da/index.html#/login' successfully

2018-07-16 16:41:20 - [MESSAGE][PASSED] - Navigate to 'https://coa-demo-env.azurewebsites.net/da/index.html#/login' successfully

2018-07-16 16:41:20 - [TEST_STEP][PASSED] - maximizeWindow: Current window maximized

2018-07-16 16:41:21 - [MESSAGE][PASSED] - Current window maximized

2018-07-16 16:41:21 - [MESSAGE][PASSED] - Call Test Case 'Test Cases/CommonTestcases/OpenBrowserandNavigateToQAURL' successfully

2018-07-16 16:41:21 - [TEST_STEP][PASSED] - waitForElementVisible: Object 'Object Repository/OMVA_Login_Page/Password_Textbox' is not visible after 10 second(s)

2018-07-16 16:41:31 - [MESSAGE][WARNING] - Object 'Object Repository/OMVA_Login_Page/Password_Textbox' is not visible after 10 second(s)

2018-07-16 16:41:31 - [TEST_STEP][PASSED] - sendKeys: Keys 'alvin' sent to object: 'Object Repository/OMVA_Login_Page/Username_Textbox'

2018-07-16 16:41:32 - [MESSAGE][PASSED] - Keys 'alvin' sent to object: 'Object Repository/OMVA_Login_Page/Username_Textbox'

2018-07-16 16:41:32 - [TEST_STEP][PASSED] - click: Object: 'Object Repository/OMVA_Login_Page/Next_Button' is clicked on

2018-07-16 16:41:32 - [MESSAGE][PASSED] - Object: 'Object Repository/OMVA_Login_Page/Next_Button' is clicked on

2018-07-16 16:41:32 - [TEST_STEP][PASSED] - waitForElementVisible: Object 'Object Repository/OMVA_Login_Page/Password_Textbox' is visible

2018-07-16 16:41:32 - [MESSAGE][PASSED] - Object 'Object Repository/OMVA_Login_Page/Password_Textbox' is visible

2018-07-16 16:41:32 - [TEST_STEP][PASSED] - sendKeys: Keys 'alvin' sent to object: 'Object Repository/OMVA_Login_Page/Password_Textbox'

2018-07-16 16:41:33 - [MESSAGE][PASSED] - Keys 'alvin' sent to object: 'Object Repository/OMVA_Login_Page/Password_Textbox'

2018-07-16 16:41:33 - [TEST_STEP][PASSED] - click: Object: 'Object Repository/OMVA_Login_Page/Signin_Button' is clicked on

2018-07-16 16:41:33 - [MESSAGE][PASSED] - Object: 'Object Repository/OMVA_Login_Page/Signin_Button' is clicked on

2018-07-16 16:41:33 - [TEST_STEP][PASSED] - waitForAngularLoad: This page doesn't use Angular.

2018-07-16 16:41:33 - [MESSAGE][WARNING] - This page doesn't use Angular.

2018-07-16 16:41:33 - [TEST_STEP][PASSED] - Statement - greetingtext = com.kms.katalon.core.webui.keyword.WebUiBuiltInKeywords.getText(com.kms.katalon.core.testobject.ObjectRepository.findTestObject(OMVA_Landing_Page/Greeting_Label)): Text of object 'Object Repository/OMVA_Landing_Page/Greeting_Label' is: 'Good Evening, alvin'

2018-07-16 16:41:34 - [MESSAGE][PASSED] - Text of object 'Object Repository/OMVA_Landing_Page/Greeting_Label' is: 'Good Evening, alvin'

2018-07-16 16:41:34 - [TEST_STEP][PASSED] - verifyMatch: Actual text 'Good Evening, alvin' and expected text '\D*alvin' are matched  using regular expression

2018-07-16 16:41:34 - [MESSAGE][PASSED] - Actual text 'Good Evening, alvin' and expected text '\D*alvin' are matched  using regular expression

2018-07-16 16:41:34 - [MESSAGE][PASSED] - Call Test Case 'Test Cases/UserManagementTestCases/Login/Login_ChannelMSP' successfully

2018-07-16 16:41:34 - [TEST_STEP][PASSED] - waitForElementVisible: Web element with id: 'Object Repository/OMVA_Workbench_Page/1st_SKUMaterial' located by 'By.xpath: (//div[@id='parent']//descendant::h2[@data-parent='#parent'])[1]' not found

2018-07-16 16:41:39 - [MESSAGE][WARNING] - Web element with id: 'Object Repository/OMVA_Workbench_Page/1st_SKUMaterial' located by 'By.xpath: (//div[@id='parent']//descendant::h2[@data-parent='#parent'])[1]' not found

2018-07-16 16:41:39 - [TEST_STEP][FAILED] - click: Unable to click on object 'Object Repository/OMVA_Workbench_Page/1st_SKUMaterial' (Root cause: com.kms.katalon.core.webui.exception.WebElementNotFoundException: Web element with id: 'Object Repository/OMVA_Workbench_Page/1st_SKUMaterial' located by 'By.xpath: (//div[@id='parent']//descendant::h2[@data-parent='#parent'])[1]' not found)

2018-07-16 16:41:56 - [MESSAGE][FAILED] - Unable to click on object 'Object Repository/OMVA_Workbench_Page/1st_SKUMaterial' (Root cause: com.kms.katalon.core.webui.exception.WebElementNotFoundException: Web element with id: 'Object Repository/OMVA_Workbench_Page/1st_SKUMaterial' located by 'By.xpath: (//div[@id='parent']//descendant::h2[@data-parent='#parent'])[1]' not found)
[[ATTACHMENT|D:\\P&G New\\Automation-P&G-Code-Base\\OMVA\\Reports\\WorkBenchTestSuite\\20180716_162044\\1531739516517.png]]]]></system-out>
         <system-err><![CDATA[2018-07-16 16:41:01 - [TEST_CASE][FAILED] - Test Cases/WorkBenchTestCases/Validate_CategoryMSPIncreaseAllocationQtyNotEditable: Test Cases/WorkBenchTestCases/Validate_CategoryMSPIncreaseAllocationQtyNotEditable FAILED because (of) Unable to click on object 'Object Repository/OMVA_Workbench_Page/1st_SKUMaterial' (Root cause: com.kms.katalon.core.webui.exception.WebElementNotFoundException: Web element with id: 'Object Repository/OMVA_Workbench_Page/1st_SKUMaterial' located by 'By.xpath: (//div[@id='parent']//descendant::h2[@data-parent='#parent'])[1]' not found)]]></system-err>
      </testcase>
      <testcase name="Test Cases/WorkBenchTestCases/Verify_MatchOfPendingTaskForSumaryandWBforChanMSP" classname="Test Cases/WorkBenchTestCases/Verify_MatchOfPendingTaskForSumaryandWBforChanMSP" status="FAILED">
         <failure type="FAILED" message="Unable to verify equal between actual object '7' and expected object '6' (Root cause: Actual object '7' and expected object '6' are not equal)"/>
         <system-out><![CDATA[2018-07-16 16:41:56 - [TEST_CASE][FAILED] - Test Cases/WorkBenchTestCases/Verify_MatchOfPendingTaskForSumaryandWBforChanMSP: Test Cases/WorkBenchTestCases/Verify_MatchOfPendingTaskForSumaryandWBforChanMSP FAILED because (of) Unable to verify equal between actual object '7' and expected object '6' (Root cause: Actual object '7' and expected object '6' are not equal)

2018-07-16 16:41:57 - [TEST_STEP][PASSED] - callTestCase: Call Test Case 'Test Cases/UserManagementTestCases/Login/Login_ChannelMSP' successfully

2018-07-16 16:41:57 - [TEST_CASE][PASSED] - Test Cases/UserManagementTestCases/Login/Login_ChannelMSP: Test Cases/UserManagementTestCases/Login/Login_ChannelMSP

2018-07-16 16:41:57 - [TEST_STEP][PASSED] - callTestCase: Call Test Case 'Test Cases/CommonTestcases/OpenBrowserandNavigateToQAURL' successfully

2018-07-16 16:41:57 - [TEST_CASE][PASSED] - Test Cases/CommonTestcases/OpenBrowserandNavigateToQAURL: Test Cases/CommonTestcases/OpenBrowserandNavigateToQAURL

2018-07-16 16:41:57 - [TEST_STEP][PASSED] - openBrowser: Browser is opened with url: ''

2018-07-16 16:41:57 - [MESSAGE][WARNING] - A browser is already opened. Closing browser and opening a new one

2018-07-16 16:42:01 - [MESSAGE][PASSED] - Browser is opened with url: ''

2018-07-16 16:42:01 - [TEST_STEP][PASSED] - navigateToUrl: Navigate to 'https://coa-demo-env.azurewebsites.net/da/index.html#/login' successfully

2018-07-16 16:42:13 - [MESSAGE][PASSED] - Navigate to 'https://coa-demo-env.azurewebsites.net/da/index.html#/login' successfully

2018-07-16 16:42:13 - [TEST_STEP][PASSED] - maximizeWindow: Current window maximized

2018-07-16 16:42:14 - [MESSAGE][PASSED] - Current window maximized

2018-07-16 16:42:14 - [MESSAGE][PASSED] - Call Test Case 'Test Cases/CommonTestcases/OpenBrowserandNavigateToQAURL' successfully

2018-07-16 16:42:14 - [TEST_STEP][PASSED] - waitForElementVisible: Object 'Object Repository/OMVA_Login_Page/Password_Textbox' is not visible after 10 second(s)

2018-07-16 16:42:24 - [MESSAGE][WARNING] - Object 'Object Repository/OMVA_Login_Page/Password_Textbox' is not visible after 10 second(s)

2018-07-16 16:42:24 - [TEST_STEP][PASSED] - sendKeys: Keys 'nicole' sent to object: 'Object Repository/OMVA_Login_Page/Username_Textbox'

2018-07-16 16:42:25 - [MESSAGE][PASSED] - Keys 'nicole' sent to object: 'Object Repository/OMVA_Login_Page/Username_Textbox'

2018-07-16 16:42:25 - [TEST_STEP][PASSED] - click: Object: 'Object Repository/OMVA_Login_Page/Next_Button' is clicked on

2018-07-16 16:42:25 - [MESSAGE][PASSED] - Object: 'Object Repository/OMVA_Login_Page/Next_Button' is clicked on

2018-07-16 16:42:25 - [TEST_STEP][PASSED] - waitForElementVisible: Object 'Object Repository/OMVA_Login_Page/Password_Textbox' is visible

2018-07-16 16:42:26 - [MESSAGE][PASSED] - Object 'Object Repository/OMVA_Login_Page/Password_Textbox' is visible

2018-07-16 16:42:26 - [TEST_STEP][PASSED] - sendKeys: Keys 'nicole' sent to object: 'Object Repository/OMVA_Login_Page/Password_Textbox'

2018-07-16 16:42:26 - [MESSAGE][PASSED] - Keys 'nicole' sent to object: 'Object Repository/OMVA_Login_Page/Password_Textbox'

2018-07-16 16:42:26 - [TEST_STEP][PASSED] - click: Object: 'Object Repository/OMVA_Login_Page/Signin_Button' is clicked on

2018-07-16 16:42:26 - [MESSAGE][PASSED] - Object: 'Object Repository/OMVA_Login_Page/Signin_Button' is clicked on

2018-07-16 16:42:26 - [TEST_STEP][PASSED] - waitForAngularLoad: This page doesn't use Angular.

2018-07-16 16:42:26 - [MESSAGE][WARNING] - This page doesn't use Angular.

2018-07-16 16:42:26 - [TEST_STEP][PASSED] - Statement - greetingtext = com.kms.katalon.core.webui.keyword.WebUiBuiltInKeywords.getText(com.kms.katalon.core.testobject.ObjectRepository.findTestObject(OMVA_Landing_Page/Greeting_Label)): Text of object 'Object Repository/OMVA_Landing_Page/Greeting_Label' is: 'Good Evening, nicole'

2018-07-16 16:42:27 - [MESSAGE][PASSED] - Text of object 'Object Repository/OMVA_Landing_Page/Greeting_Label' is: 'Good Evening, nicole'

2018-07-16 16:42:27 - [TEST_STEP][PASSED] - verifyMatch: Actual text 'Good Evening, nicole' and expected text '\D*nicole' are matched  using regular expression

2018-07-16 16:42:27 - [MESSAGE][PASSED] - Actual text 'Good Evening, nicole' and expected text '\D*nicole' are matched  using regular expression

2018-07-16 16:42:27 - [MESSAGE][PASSED] - Call Test Case 'Test Cases/UserManagementTestCases/Login/Login_ChannelMSP' successfully

2018-07-16 16:42:27 - [TEST_STEP][PASSED] - delay: Delayed 5 second(s)

2018-07-16 16:42:32 - [MESSAGE][PASSED] - Delayed 5 second(s)

2018-07-16 16:42:32 - [TEST_STEP][PASSED] - Statement - ChanMSP_WB_Count = CustomKeywords.applicationLibrary.GetsPendingTaskCount_WBScreen.Get_PendingTask_Count_WBscreen(): applicationLibrary.GetsPendingTaskCount_WBScreen.Get_PendingTask_Count_WBscreen is PASSED

2018-07-16 16:42:32 - [MESSAGE][PASSED] - applicationLibrary.GetsPendingTaskCount_WBScreen.Get_PendingTask_Count_WBscreen is PASSED

2018-07-16 16:42:32 - [TEST_STEP][PASSED] - click: Object: 'Object Repository/OMVA_Landing_Page/Summary_Logo' is clicked on

2018-07-16 16:42:32 - [MESSAGE][PASSED] - Object: 'Object Repository/OMVA_Landing_Page/Summary_Logo' is clicked on

2018-07-16 16:42:32 - [TEST_STEP][PASSED] - delay: Delayed 5 second(s)

2018-07-16 16:42:37 - [MESSAGE][PASSED] - Delayed 5 second(s)

2018-07-16 16:42:37 - [TEST_STEP][PASSED] - waitForElementPresent: Object 'Object Repository/OMVA_Summary_Page/Customer_dropdown' is present

2018-07-16 16:42:37 - [MESSAGE][PASSED] - Object 'Object Repository/OMVA_Summary_Page/Customer_dropdown' is present

2018-07-16 16:42:37 - [TEST_STEP][PASSED] - click: Object: 'Object Repository/OMVA_Summary_Page/Customer_dropdown' is clicked on

2018-07-16 16:42:38 - [MESSAGE][PASSED] - Object: 'Object Repository/OMVA_Summary_Page/Customer_dropdown' is clicked on

2018-07-16 16:42:38 - [TEST_STEP][PASSED] - waitForElementPresent: Object 'Object Repository/OMVA_Summary_Page/Select_puregold' is present

2018-07-16 16:42:38 - [MESSAGE][PASSED] - Object 'Object Repository/OMVA_Summary_Page/Select_puregold' is present

2018-07-16 16:42:38 - [TEST_STEP][PASSED] - click: Object: 'Object Repository/OMVA_Summary_Page/Select_puregold' is clicked on

2018-07-16 16:42:38 - [MESSAGE][PASSED] - Object: 'Object Repository/OMVA_Summary_Page/Select_puregold' is clicked on

2018-07-16 16:42:38 - [TEST_STEP][PASSED] - delay: Delayed 5 second(s)

2018-07-16 16:42:43 - [MESSAGE][PASSED] - Delayed 5 second(s)

2018-07-16 16:42:43 - [TEST_STEP][PASSED] - Statement - ChanMSP_S_Count = CustomKeywords.applicationLibrary.GetsPendingTaskCount_ChanMSP_SummaryScreen.Get_ChanMSPPendingTask_Count_Summaryscreen(): applicationLibrary.GetsPendingTaskCount_ChanMSP_SummaryScreen.Get_ChanMSPPendingTask_Count_Summaryscreen is PASSED

2018-07-16 16:42:43 - [MESSAGE][PASSED] - applicationLibrary.GetsPendingTaskCount_ChanMSP_SummaryScreen.Get_ChanMSPPendingTask_Count_Summaryscreen is PASSED

2018-07-16 16:42:43 - [TEST_STEP][FAILED] - verifyEqual: Unable to verify equal between actual object '7' and expected object '6' (Root cause: Actual object '7' and expected object '6' are not equal)

2018-07-16 16:42:43 - [MESSAGE][FAILED] - Unable to verify equal between actual object '7' and expected object '6' (Root cause: Actual object '7' and expected object '6' are not equal)]]></system-out>
         <system-err><![CDATA[2018-07-16 16:41:56 - [TEST_CASE][FAILED] - Test Cases/WorkBenchTestCases/Verify_MatchOfPendingTaskForSumaryandWBforChanMSP: Test Cases/WorkBenchTestCases/Verify_MatchOfPendingTaskForSumaryandWBforChanMSP FAILED because (of) Unable to verify equal between actual object '7' and expected object '6' (Root cause: Actual object '7' and expected object '6' are not equal)]]></system-err>
      </testcase>
      <system-out><![CDATA[2018-07-16 16:41:01 - [TEST_SUITE][FAILED] - WorkBenchTestSuite: Test Cases/WorkBenchTestCases/Validate_CategoryMSPIncreaseAllocationQtyNotEditable FAILED because (of) Unable to click on object 'Object Repository/OMVA_Workbench_Page/1st_SKUMaterial' (Root cause: com.kms.katalon.core.webui.exception.WebElementNotFoundException: Web element with id: 'Object Repository/OMVA_Workbench_Page/1st_SKUMaterial' located by 'By.xpath: (//div[@id='parent']//descendant::h2[@data-parent='#parent'])[1]' not found)]]></system-out>
      <system-err><![CDATA[2018-07-16 16:41:01 - [TEST_SUITE][FAILED] - WorkBenchTestSuite: Test Cases/WorkBenchTestCases/Validate_CategoryMSPIncreaseAllocationQtyNotEditable FAILED because (of) Unable to click on object 'Object Repository/OMVA_Workbench_Page/1st_SKUMaterial' (Root cause: com.kms.katalon.core.webui.exception.WebElementNotFoundException: Web element with id: 'Object Repository/OMVA_Workbench_Page/1st_SKUMaterial' located by 'By.xpath: (//div[@id='parent']//descendant::h2[@data-parent='#parent'])[1]' not found)]]></system-err>
   </testsuite>
</testsuites>
