{"devicePlatform":"","logFolder":"D:\\Automation_P\u0026G\\Automation-P\u0026G-Code-Base\\OMVA\\Reports\\UserManagementTestSuite\\20180709_191033","runData":{"hostName":"vijay.n - EDT-168.estblr.com","os":"Windows 7 64bit","katalonVersion":"5.4.2.1","browser":"Chrome 67.0.3396.99","hostAddress":"172.16.17.168","sessionId":"4db155462f6def70d709ead3327c2610","seleniumVersion":"3.7.1","proxyInformation":"ProxyInformation{proxyOption\u003dNO_PROXY, proxyServerType\u003dHTTP, password\u003d, proxyServerAddress\u003d, proxyServerPort\u003d0}","platform":"Windows 7"},"type":"TEST_SUITE","name":"UserManagementTestSuite","id":"Test Suites/UserManagementTestSuite","source":"","message":"Test Cases/UserManagementTestCases/UserActions/DeActivate_User FAILED because (of) Unable to navigate to \u0027https://coa-demo-env.azurewebsites.net/da/index.html#/login\u0027 (Root cause: org.openqa.selenium.WebDriverException: chrome not reachable\n  (Session info: chrome\u003d67.0.3396.99)\n  (Driver info: chromedriver\u003d2.35.528161 (5b82f2d2aae0ca24b877009200ced9065a772e73),platform\u003dWindows NT 6.1.7601 SP1 x86_64) (WARNING: The server did not provide any stacktrace information)\nCommand duration or timeout: 0 milliseconds\nBuild info: version: \u00273.7.1\u0027, revision: \u00278a0099a\u0027, time: \u00272017-11-06T21:07:36.161Z\u0027\nSystem info: host: \u0027EDT-168\u0027, ip: \u0027172.16.17.168\u0027, os.name: \u0027Windows 7\u0027, os.arch: \u0027amd64\u0027, os.version: \u00276.1\u0027, java.version: \u00271.8.0_102\u0027\nDriver info: com.kms.katalon.selenium.driver.CChromeDriver\nCapabilities {acceptInsecureCerts: false, acceptSslCerts: false, applicationCacheEnabled: false, browserConnectionEnabled: false, browserName: chrome, chrome: {chromedriverVersion: 2.35.528161 (5b82f2d2aae0ca..., userDataDir: D:\\Users\\vijay.n\\AppData\\Lo...}, cssSelectorsEnabled: true, databaseEnabled: false, handlesAlerts: true, hasTouchScreen: false, javascriptEnabled: true, locationContextEnabled: true, mobileEmulationEnabled: false, nativeEvents: true, networkConnectionEnabled: false, pageLoadStrategy: normal, platform: XP, platformName: XP, rotatable: false, setWindowRect: true, takesHeapSnapshot: true, takesScreenshot: true, unexpectedAlertBehaviour: , unhandledPromptBehavior: , version: 67.0.3396.99, webStorageEnabled: true}\nSession ID: 3cfa1f9e36a6783f0d3d35c2696f6989)","description":"","startTime":1531143639370,"endTime":1531143745102,"childRecords":[{"isOptional":false,"type":"TEST_CASE","name":"Test Cases/UserManagementTestCases/UserActions/DeActivate_User","id":"Test Cases/UserManagementTestCases/UserActions/DeActivate_User","source":"D:\\\\Automation_P\u0026G\\\\Automation-P\u0026G-Code-Base\\\\OMVA\\\\Test Cases\\\\UserManagementTestCases\\\\UserActions\\\\DeActivate_User.tc","message":"Test Cases/UserManagementTestCases/UserActions/DeActivate_User FAILED because (of) Unable to navigate to \u0027https://coa-demo-env.azurewebsites.net/da/index.html#/login\u0027 (Root cause: org.openqa.selenium.WebDriverException: chrome not reachable\n  (Session info: chrome\u003d67.0.3396.99)\n  (Driver info: chromedriver\u003d2.35.528161 (5b82f2d2aae0ca24b877009200ced9065a772e73),platform\u003dWindows NT 6.1.7601 SP1 x86_64) (WARNING: The server did not provide any stacktrace information)\nCommand duration or timeout: 0 milliseconds\nBuild info: version: \u00273.7.1\u0027, revision: \u00278a0099a\u0027, time: \u00272017-11-06T21:07:36.161Z\u0027\nSystem info: host: \u0027EDT-168\u0027, ip: \u0027172.16.17.168\u0027, os.name: \u0027Windows 7\u0027, os.arch: \u0027amd64\u0027, os.version: \u00276.1\u0027, java.version: \u00271.8.0_102\u0027\nDriver info: com.kms.katalon.selenium.driver.CChromeDriver\nCapabilities {acceptInsecureCerts: false, acceptSslCerts: false, applicationCacheEnabled: false, browserConnectionEnabled: false, browserName: chrome, chrome: {chromedriverVersion: 2.35.528161 (5b82f2d2aae0ca..., userDataDir: D:\\Users\\vijay.n\\AppData\\Lo...}, cssSelectorsEnabled: true, databaseEnabled: false, handlesAlerts: true, hasTouchScreen: false, javascriptEnabled: true, locationContextEnabled: true, mobileEmulationEnabled: false, nativeEvents: true, networkConnectionEnabled: false, pageLoadStrategy: normal, platform: XP, platformName: XP, rotatable: false, setWindowRect: true, takesHeapSnapshot: true, takesScreenshot: true, unexpectedAlertBehaviour: , unhandledPromptBehavior: , version: 67.0.3396.99, webStorageEnabled: true}\nSession ID: 3cfa1f9e36a6783f0d3d35c2696f6989)","description":"This Scenario logs in the Super Admin and deactivates a particular user","startTime":1531143640241,"endTime":1531143666938,"childRecords":[{"testStatus":{"stackTrace":"","statusValue":"INFO"},"type":"MESSAGE","name":"","message":"Evaluating variables for test case","startTime":1531143640288,"endTime":0,"childRecords":[],"interuppted":false},{"testStatus":{"stackTrace":"","statusValue":"WARNING"},"type":"MESSAGE","name":"","message":"Unable to set variable \u0027AHeaderTxt\u0027 for test case because (of) No such property: null for class: internal.GlobalVariable","startTime":1531143640350,"endTime":0,"childRecords":[],"interuppted":false},{"testStatus":{"stackTrace":"","statusValue":"WARNING"},"type":"MESSAGE","name":"","message":"Unable to set variable \u0027AContentTxt\u0027 for test case because (of) No such property: null for class: internal.GlobalVariable","startTime":1531143640350,"endTime":0,"childRecords":[],"interuppted":false},{"testStatus":{"stackTrace":"","statusValue":"WARNING"},"type":"MESSAGE","name":"","message":"Unable to set variable \u0027ADeactivatedToastMsg\u0027 for test case because (of) No such property: null for class: internal.GlobalVariable","startTime":1531143640366,"endTime":0,"childRecords":[],"interuppted":false},{"testStatus":{"stackTrace":"","statusValue":"INFO"},"type":"MESSAGE","name":"","message":"Variable \u0027emailidprefix\u0027 is set to  as default","startTime":1531143640381,"endTime":0,"childRecords":[],"interuppted":false},{"testStatus":{"stackTrace":"","statusValue":"INFO"},"type":"MESSAGE","name":"","message":"Variable \u0027createdNewuser\u0027 is set to  as default","startTime":1531143640381,"endTime":0,"childRecords":[],"interuppted":false},{"testStatus":{"stackTrace":"","statusValue":"INFO"},"type":"MESSAGE","name":"","message":"Variable \u0027createduser\u0027 is set to  as default","startTime":1531143640382,"endTime":0,"childRecords":[],"interuppted":false},{"index":1,"isIgnoredIfFailed":false,"type":"TEST_STEP","name":"callTestCase","message":"Unable to call Test Case with id \u0027Test Cases/CommonTestcases/OpenBrowserandNavigateToQAURL\u0027 (Root cause: Call Test Case \u0027Test Cases/CommonTestcases/OpenBrowserandNavigateToQAURL\u0027 failed)","description":"","startTime":1531143640946,"endTime":1531143666931,"childRecords":[{"isOptional":false,"type":"TEST_CASE","name":"Test Cases/CommonTestcases/OpenBrowserandNavigateToQAURL","id":"Test Cases/CommonTestcases/OpenBrowserandNavigateToQAURL","source":"D:\\\\Automation_P\u0026G\\\\Automation-P\u0026G-Code-Base\\\\OMVA\\\\Test Cases\\\\CommonTestcases\\\\OpenBrowserandNavigateToQAURL.tc","message":"Test Cases/CommonTestcases/OpenBrowserandNavigateToQAURL FAILED because (of) Unable to navigate to \u0027https://coa-demo-env.azurewebsites.net/da/index.html#/login\u0027 (Root cause: org.openqa.selenium.WebDriverException: chrome not reachable\n  (Session info: chrome\u003d67.0.3396.99)\n  (Driver info: chromedriver\u003d2.35.528161 (5b82f2d2aae0ca24b877009200ced9065a772e73),platform\u003dWindows NT 6.1.7601 SP1 x86_64) (WARNING: The server did not provide any stacktrace information)\nCommand duration or timeout: 0 milliseconds\nBuild info: version: \u00273.7.1\u0027, revision: \u00278a0099a\u0027, time: \u00272017-11-06T21:07:36.161Z\u0027\nSystem info: host: \u0027EDT-168\u0027, ip: \u0027172.16.17.168\u0027, os.name: \u0027Windows 7\u0027, os.arch: \u0027amd64\u0027, os.version: \u00276.1\u0027, java.version: \u00271.8.0_102\u0027\nDriver info: com.kms.katalon.selenium.driver.CChromeDriver\nCapabilities {acceptInsecureCerts: false, acceptSslCerts: false, applicationCacheEnabled: false, browserConnectionEnabled: false, browserName: chrome, chrome: {chromedriverVersion: 2.35.528161 (5b82f2d2aae0ca..., userDataDir: D:\\Users\\vijay.n\\AppData\\Lo...}, cssSelectorsEnabled: true, databaseEnabled: false, handlesAlerts: true, hasTouchScreen: false, javascriptEnabled: true, locationContextEnabled: true, mobileEmulationEnabled: false, nativeEvents: true, networkConnectionEnabled: false, pageLoadStrategy: normal, platform: XP, platformName: XP, rotatable: false, setWindowRect: true, takesHeapSnapshot: true, takesScreenshot: true, unexpectedAlertBehaviour: , unhandledPromptBehavior: , version: 67.0.3396.99, webStorageEnabled: true}\nSession ID: 3cfa1f9e36a6783f0d3d35c2696f6989)","description":"This test case will open a browser and navigates to URL","startTime":1531143641031,"endTime":1531143666931,"childRecords":[{"testStatus":{"stackTrace":"","statusValue":"INFO"},"type":"MESSAGE","name":"","message":"Evaluating variables for test case","startTime":1531143641031,"endTime":0,"childRecords":[],"interuppted":false},{"index":1,"isIgnoredIfFailed":false,"type":"TEST_STEP","name":"openBrowser","message":"Browser is opened with url: \u0027\u0027","description":"","startTime":1531143641162,"endTime":1531143654521,"childRecords":[{"testStatus":{"stackTrace":"","statusValue":"PASSED"},"type":"MESSAGE","name":"","message":"Browser is opened with url: \u0027\u0027","startTime":1531143654520,"endTime":0,"childRecords":[],"interuppted":false}],"interuppted":false},{"index":2,"isIgnoredIfFailed":false,"type":"TEST_STEP","name":"navigateToUrl","message":"Unable to navigate to \u0027https://coa-demo-env.azurewebsites.net/da/index.html#/login\u0027 (Root cause: org.openqa.selenium.WebDriverException: chrome not reachable\n  (Session info: chrome\u003d67.0.3396.99)\n  (Driver info: chromedriver\u003d2.35.528161 (5b82f2d2aae0ca24b877009200ced9065a772e73),platform\u003dWindows NT 6.1.7601 SP1 x86_64) (WARNING: The server did not provide any stacktrace information)\nCommand duration or timeout: 0 milliseconds\nBuild info: version: \u00273.7.1\u0027, revision: \u00278a0099a\u0027, time: \u00272017-11-06T21:07:36.161Z\u0027\nSystem info: host: \u0027EDT-168\u0027, ip: \u0027172.16.17.168\u0027, os.name: \u0027Windows 7\u0027, os.arch: \u0027amd64\u0027, os.version: \u00276.1\u0027, java.version: \u00271.8.0_102\u0027\nDriver info: com.kms.katalon.selenium.driver.CChromeDriver\nCapabilities {acceptInsecureCerts: false, acceptSslCerts: false, applicationCacheEnabled: false, browserConnectionEnabled: false, browserName: chrome, chrome: {chromedriverVersion: 2.35.528161 (5b82f2d2aae0ca..., userDataDir: D:\\Users\\vijay.n\\AppData\\Lo...}, cssSelectorsEnabled: true, databaseEnabled: false, handlesAlerts: true, hasTouchScreen: false, javascriptEnabled: true, locationContextEnabled: true, mobileEmulationEnabled: false, nativeEvents: true, networkConnectionEnabled: false, pageLoadStrategy: normal, platform: XP, platformName: XP, rotatable: false, setWindowRect: true, takesHeapSnapshot: true, takesScreenshot: true, unexpectedAlertBehaviour: , unhandledPromptBehavior: , version: 67.0.3396.99, webStorageEnabled: true}\nSession ID: 3cfa1f9e36a6783f0d3d35c2696f6989)","description":"","startTime":1531143654522,"endTime":1531143666931,"childRecords":[{"testStatus":{"stackTrace":"","statusValue":"WARNING"},"type":"MESSAGE","name":"","message":"Cannot take screenshot","startTime":1531143666912,"endTime":0,"childRecords":[],"interuppted":false},{"testStatus":{"stackTrace":"","statusValue":"FAILED"},"type":"MESSAGE","name":"","message":"Unable to navigate to \u0027https://coa-demo-env.azurewebsites.net/da/index.html#/login\u0027 (Root cause: org.openqa.selenium.WebDriverException: chrome not reachable\n  (Session info: chrome\u003d67.0.3396.99)\n  (Driver info: chromedriver\u003d2.35.528161 (5b82f2d2aae0ca24b877009200ced9065a772e73),platform\u003dWindows NT 6.1.7601 SP1 x86_64) (WARNING: The server did not provide any stacktrace information)\nCommand duration or timeout: 0 milliseconds\nBuild info: version: \u00273.7.1\u0027, revision: \u00278a0099a\u0027, time: \u00272017-11-06T21:07:36.161Z\u0027\nSystem info: host: \u0027EDT-168\u0027, ip: \u0027172.16.17.168\u0027, os.name: \u0027Windows 7\u0027, os.arch: \u0027amd64\u0027, os.version: \u00276.1\u0027, java.version: \u00271.8.0_102\u0027\nDriver info: com.kms.katalon.selenium.driver.CChromeDriver\nCapabilities {acceptInsecureCerts: false, acceptSslCerts: false, applicationCacheEnabled: false, browserConnectionEnabled: false, browserName: chrome, chrome: {chromedriverVersion: 2.35.528161 (5b82f2d2aae0ca..., userDataDir: D:\\Users\\vijay.n\\AppData\\Lo...}, cssSelectorsEnabled: true, databaseEnabled: false, handlesAlerts: true, hasTouchScreen: false, javascriptEnabled: true, locationContextEnabled: true, mobileEmulationEnabled: false, nativeEvents: true, networkConnectionEnabled: false, pageLoadStrategy: normal, platform: XP, platformName: XP, rotatable: false, setWindowRect: true, takesHeapSnapshot: true, takesScreenshot: true, unexpectedAlertBehaviour: , unhandledPromptBehavior: , version: 67.0.3396.99, webStorageEnabled: true}\nSession ID: 3cfa1f9e36a6783f0d3d35c2696f6989)","startTime":1531143666930,"endTime":0,"childRecords":[],"interuppted":false}],"interuppted":false},{"testStatus":{"stackTrace":"","statusValue":"FAILED"},"type":"MESSAGE","name":"","message":"Test Cases/CommonTestcases/OpenBrowserandNavigateToQAURL FAILED because (of) Unable to navigate to \u0027https://coa-demo-env.azurewebsites.net/da/index.html#/login\u0027 (Root cause: org.openqa.selenium.WebDriverException: chrome not reachable\n  (Session info: chrome\u003d67.0.3396.99)\n  (Driver info: chromedriver\u003d2.35.528161 (5b82f2d2aae0ca24b877009200ced9065a772e73),platform\u003dWindows NT 6.1.7601 SP1 x86_64) (WARNING: The server did not provide any stacktrace information)\nCommand duration or timeout: 0 milliseconds\nBuild info: version: \u00273.7.1\u0027, revision: \u00278a0099a\u0027, time: \u00272017-11-06T21:07:36.161Z\u0027\nSystem info: host: \u0027EDT-168\u0027, ip: \u0027172.16.17.168\u0027, os.name: \u0027Windows 7\u0027, os.arch: \u0027amd64\u0027, os.version: \u00276.1\u0027, java.version: \u00271.8.0_102\u0027\nDriver info: com.kms.katalon.selenium.driver.CChromeDriver\nCapabilities {acceptInsecureCerts: false, acceptSslCerts: false, applicationCacheEnabled: false, browserConnectionEnabled: false, browserName: chrome, chrome: {chromedriverVersion: 2.35.528161 (5b82f2d2aae0ca..., userDataDir: D:\\Users\\vijay.n\\AppData\\Lo...}, cssSelectorsEnabled: true, databaseEnabled: false, handlesAlerts: true, hasTouchScreen: false, javascriptEnabled: true, locationContextEnabled: true, mobileEmulationEnabled: false, nativeEvents: true, networkConnectionEnabled: false, pageLoadStrategy: normal, platform: XP, platformName: XP, rotatable: false, setWindowRect: true, takesHeapSnapshot: true, takesScreenshot: true, unexpectedAlertBehaviour: , unhandledPromptBehavior: , version: 67.0.3396.99, webStorageEnabled: true}\nSession ID: 3cfa1f9e36a6783f0d3d35c2696f6989)","startTime":1531143666931,"endTime":0,"childRecords":[],"interuppted":false}],"interuppted":false},{"testStatus":{"stackTrace":"","statusValue":"FAILED"},"type":"MESSAGE","name":"","message":"Unable to call Test Case with id \u0027Test Cases/CommonTestcases/OpenBrowserandNavigateToQAURL\u0027 (Root cause: Call Test Case \u0027Test Cases/CommonTestcases/OpenBrowserandNavigateToQAURL\u0027 failed)","startTime":1531143666931,"endTime":0,"childRecords":[],"interuppted":false}],"interuppted":false},{"testStatus":{"stackTrace":"","statusValue":"FAILED"},"type":"MESSAGE","name":"","message":"Test Cases/UserManagementTestCases/UserActions/DeActivate_User FAILED because (of) Unable to navigate to \u0027https://coa-demo-env.azurewebsites.net/da/index.html#/login\u0027 (Root cause: org.openqa.selenium.WebDriverException: chrome not reachable\n  (Session info: chrome\u003d67.0.3396.99)\n  (Driver info: chromedriver\u003d2.35.528161 (5b82f2d2aae0ca24b877009200ced9065a772e73),platform\u003dWindows NT 6.1.7601 SP1 x86_64) (WARNING: The server did not provide any stacktrace information)\nCommand duration or timeout: 0 milliseconds\nBuild info: version: \u00273.7.1\u0027, revision: \u00278a0099a\u0027, time: \u00272017-11-06T21:07:36.161Z\u0027\nSystem info: host: \u0027EDT-168\u0027, ip: \u0027172.16.17.168\u0027, os.name: \u0027Windows 7\u0027, os.arch: \u0027amd64\u0027, os.version: \u00276.1\u0027, java.version: \u00271.8.0_102\u0027\nDriver info: com.kms.katalon.selenium.driver.CChromeDriver\nCapabilities {acceptInsecureCerts: false, acceptSslCerts: false, applicationCacheEnabled: false, browserConnectionEnabled: false, browserName: chrome, chrome: {chromedriverVersion: 2.35.528161 (5b82f2d2aae0ca..., userDataDir: D:\\Users\\vijay.n\\AppData\\Lo...}, cssSelectorsEnabled: true, databaseEnabled: false, handlesAlerts: true, hasTouchScreen: false, javascriptEnabled: true, locationContextEnabled: true, mobileEmulationEnabled: false, nativeEvents: true, networkConnectionEnabled: false, pageLoadStrategy: normal, platform: XP, platformName: XP, rotatable: false, setWindowRect: true, takesHeapSnapshot: true, takesScreenshot: true, unexpectedAlertBehaviour: , unhandledPromptBehavior: , version: 67.0.3396.99, webStorageEnabled: true}\nSession ID: 3cfa1f9e36a6783f0d3d35c2696f6989)","startTime":1531143666932,"endTime":0,"childRecords":[],"interuppted":false}],"interuppted":false},{"isOptional":false,"type":"TEST_CASE","name":"Test Cases/UserManagementTestCases/UserActions/LockUser","id":"Test Cases/UserManagementTestCases/UserActions/LockUser","source":"D:\\\\Automation_P\u0026G\\\\Automation-P\u0026G-Code-Base\\\\OMVA\\\\Test Cases\\\\UserManagementTestCases\\\\UserActions\\\\LockUser.tc","message":"Test Cases/UserManagementTestCases/UserActions/LockUser FAILED because (of) Unable to get text of object \u0027Object Repository/OMVA_Login_Page/InvalidLogin_HeaderTxt\u0027 (Root cause: com.kms.katalon.core.webui.exception.WebElementNotFoundException: Web element with id: \u0027Object Repository/OMVA_Login_Page/InvalidLogin_HeaderTxt\u0027 located by \u0027By.xpath: //h4[text()\u003d\u0027Invalid Credentials\u0027]\u0027 not found)","description":"This scenarios locks a user account by trying to log in into a valid account with invalid password for 5 attempts","startTime":1531143666954,"endTime":1531143698594,"childRecords":[{"testStatus":{"stackTrace":"","statusValue":"INFO"},"type":"MESSAGE","name":"","message":"Evaluating variables for test case","startTime":1531143666965,"endTime":0,"childRecords":[],"interuppted":false},{"index":1,"isIgnoredIfFailed":false,"type":"TEST_STEP","name":"callTestCase","message":"Unable to call Test Case with id \u0027Test Cases/UserManagementTestCases/Login/Invalid_Login\u0027 (Root cause: Call Test Case \u0027Test Cases/UserManagementTestCases/Login/Invalid_Login\u0027 failed)","description":"","startTime":1531143667131,"endTime":1531143698594,"childRecords":[{"isOptional":false,"type":"TEST_CASE","name":"Test Cases/UserManagementTestCases/Login/Invalid_Login","id":"Test Cases/UserManagementTestCases/Login/Invalid_Login","source":"D:\\\\Automation_P\u0026G\\\\Automation-P\u0026G-Code-Base\\\\OMVA\\\\Test Cases\\\\UserManagementTestCases\\\\Login\\\\Invalid_Login.tc","message":"Test Cases/UserManagementTestCases/Login/Invalid_Login FAILED because (of) Unable to get text of object \u0027Object Repository/OMVA_Login_Page/InvalidLogin_HeaderTxt\u0027 (Root cause: com.kms.katalon.core.webui.exception.WebElementNotFoundException: Web element with id: \u0027Object Repository/OMVA_Login_Page/InvalidLogin_HeaderTxt\u0027 located by \u0027By.xpath: //h4[text()\u003d\u0027Invalid Credentials\u0027]\u0027 not found)","description":"","startTime":1531143667335,"endTime":1531143698593,"childRecords":[{"testStatus":{"stackTrace":"","statusValue":"INFO"},"type":"MESSAGE","name":"","message":"Evaluating variables for test case","startTime":1531143667352,"endTime":0,"childRecords":[],"interuppted":false},{"testStatus":{"stackTrace":"","statusValue":"INFO"},"type":"MESSAGE","name":"","message":"Variable \u0027InvalidID\u0027 is set to Lock","startTime":1531143667352,"endTime":0,"childRecords":[],"interuppted":false},{"testStatus":{"stackTrace":"","statusValue":"INFO"},"type":"MESSAGE","name":"","message":"Variable \u0027InvalidPassword\u0027 is set to Pwd","startTime":1531143667352,"endTime":0,"childRecords":[],"interuppted":false},{"testStatus":{"stackTrace":"","statusValue":"WARNING"},"type":"MESSAGE","name":"","message":"Unable to set variable \u0027AHeaderTxt\u0027 for test case because (of) No such property: null for class: internal.GlobalVariable","startTime":1531143667352,"endTime":0,"childRecords":[],"interuppted":false},{"testStatus":{"stackTrace":"","statusValue":"INFO"},"type":"MESSAGE","name":"","message":"Variable \u0027AContentTxt\u0027 is set to The specified username / password is invalid. Please try again. as default","startTime":1531143667358,"endTime":0,"childRecords":[],"interuppted":false},{"index":1,"isIgnoredIfFailed":false,"type":"TEST_STEP","name":"callTestCase","message":"Call Test Case \u0027Test Cases/CommonTestcases/OpenBrowserandNavigateToQAURL\u0027 successfully","description":"","startTime":1531143667569,"endTime":1531143681538,"childRecords":[{"isOptional":false,"type":"TEST_CASE","name":"Test Cases/CommonTestcases/OpenBrowserandNavigateToQAURL","id":"Test Cases/CommonTestcases/OpenBrowserandNavigateToQAURL","source":"D:\\\\Automation_P\u0026G\\\\Automation-P\u0026G-Code-Base\\\\OMVA\\\\Test Cases\\\\CommonTestcases\\\\OpenBrowserandNavigateToQAURL.tc","message":"Test Cases/CommonTestcases/OpenBrowserandNavigateToQAURL","description":"This test case will open a browser and navigates to URL","startTime":1531143667608,"endTime":1531143681522,"childRecords":[{"testStatus":{"stackTrace":"","statusValue":"INFO"},"type":"MESSAGE","name":"","message":"Evaluating variables for test case","startTime":1531143667615,"endTime":0,"childRecords":[],"interuppted":false},{"index":1,"isIgnoredIfFailed":false,"type":"TEST_STEP","name":"openBrowser","message":"Browser is opened with url: \u0027\u0027","description":"","startTime":1531143667621,"endTime":1531143670337,"childRecords":[{"testStatus":{"stackTrace":"","statusValue":"WARNING"},"type":"MESSAGE","name":"","message":"A browser is already opened. Closing browser and opening a new one","startTime":1531143667623,"endTime":0,"childRecords":[],"interuppted":false},{"testStatus":{"stackTrace":"","statusValue":"PASSED"},"type":"MESSAGE","name":"","message":"Browser is opened with url: \u0027\u0027","startTime":1531143670336,"endTime":0,"childRecords":[],"interuppted":false}],"interuppted":false},{"index":2,"isIgnoredIfFailed":false,"type":"TEST_STEP","name":"navigateToUrl","message":"Navigate to \u0027https://coa-demo-env.azurewebsites.net/da/index.html#/login\u0027 successfully","description":"","startTime":1531143670338,"endTime":1531143681353,"childRecords":[{"testStatus":{"stackTrace":"","statusValue":"PASSED"},"type":"MESSAGE","name":"","message":"Navigate to \u0027https://coa-demo-env.azurewebsites.net/da/index.html#/login\u0027 successfully","startTime":1531143681351,"endTime":0,"childRecords":[],"interuppted":false}],"interuppted":false},{"index":3,"isIgnoredIfFailed":false,"type":"TEST_STEP","name":"maximizeWindow","message":"Current window maximized","description":"","startTime":1531143681354,"endTime":1531143681507,"childRecords":[{"testStatus":{"stackTrace":"","statusValue":"PASSED"},"type":"MESSAGE","name":"","message":"Current window maximized","startTime":1531143681506,"endTime":0,"childRecords":[],"interuppted":false}],"interuppted":false},{"testStatus":{"stackTrace":"","statusValue":"PASSED"},"type":"MESSAGE","name":"","message":"Test Cases/CommonTestcases/OpenBrowserandNavigateToQAURL","startTime":1531143681507,"endTime":0,"childRecords":[],"interuppted":false}],"interuppted":false},{"testStatus":{"stackTrace":"","statusValue":"PASSED"},"type":"MESSAGE","name":"","message":"Call Test Case \u0027Test Cases/CommonTestcases/OpenBrowserandNavigateToQAURL\u0027 successfully","startTime":1531143681522,"endTime":0,"childRecords":[],"interuppted":false}],"interuppted":false},{"index":2,"isIgnoredIfFailed":false,"type":"TEST_STEP","name":"waitForElementVisible","message":"Object \u0027Object Repository/OMVA_Login_Page/Username_Textbox\u0027 is visible","description":"","startTime":1531143681538,"endTime":1531143681771,"childRecords":[{"testStatus":{"stackTrace":"","statusValue":"PASSED"},"type":"MESSAGE","name":"","message":"Object \u0027Object Repository/OMVA_Login_Page/Username_Textbox\u0027 is visible","startTime":1531143681770,"endTime":0,"childRecords":[],"interuppted":false}],"interuppted":false},{"index":3,"isIgnoredIfFailed":false,"type":"TEST_STEP","name":"sendKeys","message":"Keys \u0027Lock\u0027 sent to object: \u0027Object Repository/OMVA_Login_Page/Username_Textbox\u0027","description":"","startTime":1531143681771,"endTime":1531143681914,"childRecords":[{"testStatus":{"stackTrace":"","statusValue":"PASSED"},"type":"MESSAGE","name":"","message":"Keys \u0027Lock\u0027 sent to object: \u0027Object Repository/OMVA_Login_Page/Username_Textbox\u0027","startTime":1531143681913,"endTime":0,"childRecords":[],"interuppted":false}],"interuppted":false},{"index":4,"isIgnoredIfFailed":false,"type":"TEST_STEP","name":"click","message":"Object: \u0027Object Repository/OMVA_Login_Page/Next_Button\u0027 is clicked on","description":"","startTime":1531143681914,"endTime":1531143682080,"childRecords":[{"testStatus":{"stackTrace":"","statusValue":"PASSED"},"type":"MESSAGE","name":"","message":"Object: \u0027Object Repository/OMVA_Login_Page/Next_Button\u0027 is clicked on","startTime":1531143682079,"endTime":0,"childRecords":[],"interuppted":false}],"interuppted":false},{"index":5,"isIgnoredIfFailed":false,"type":"TEST_STEP","name":"Statement - If (true)","description":"","startTime":1531143682081,"endTime":1531143682082,"childRecords":[],"interuppted":false},{"index":6,"isIgnoredIfFailed":false,"type":"TEST_STEP","name":"waitForElementVisible","message":"Object \u0027Object Repository/OMVA_Login_Page/Password_Textbox\u0027 is visible","description":"","startTime":1531143682082,"endTime":1531143682162,"childRecords":[{"testStatus":{"stackTrace":"","statusValue":"PASSED"},"type":"MESSAGE","name":"","message":"Object \u0027Object Repository/OMVA_Login_Page/Password_Textbox\u0027 is visible","startTime":1531143682161,"endTime":0,"childRecords":[],"interuppted":false}],"interuppted":false},{"index":7,"isIgnoredIfFailed":false,"type":"TEST_STEP","name":"Statement - assert true","description":"","startTime":1531143682162,"endTime":1531143682164,"childRecords":[],"interuppted":false},{"index":8,"isIgnoredIfFailed":false,"type":"TEST_STEP","name":"sendKeys","message":"Keys \u0027Pwd\u0027 sent to object: \u0027Object Repository/OMVA_Login_Page/Password_Textbox\u0027","description":"","startTime":1531143682164,"endTime":1531143682241,"childRecords":[{"testStatus":{"stackTrace":"","statusValue":"PASSED"},"type":"MESSAGE","name":"","message":"Keys \u0027Pwd\u0027 sent to object: \u0027Object Repository/OMVA_Login_Page/Password_Textbox\u0027","startTime":1531143682239,"endTime":0,"childRecords":[],"interuppted":false}],"interuppted":false},{"index":9,"isIgnoredIfFailed":false,"type":"TEST_STEP","name":"click","message":"Object: \u0027Object Repository/OMVA_Login_Page/Signin_Button\u0027 is clicked on","description":"","startTime":1531143682242,"endTime":1531143682352,"childRecords":[{"testStatus":{"stackTrace":"","statusValue":"PASSED"},"type":"MESSAGE","name":"","message":"Object: \u0027Object Repository/OMVA_Login_Page/Signin_Button\u0027 is clicked on","startTime":1531143682352,"endTime":0,"childRecords":[],"interuppted":false}],"interuppted":false},{"attachment":"1531143697987.png","index":10,"isIgnoredIfFailed":false,"type":"TEST_STEP","name":"Statement - AHeaderTxt \u003d com.kms.katalon.core.webui.keyword.WebUiBuiltInKeywords.getText(com.kms.katalon.core.testobject.ObjectRepository.findTestObject(OMVA_Login_Page/InvalidLogin_HeaderTxt))","message":"Unable to get text of object \u0027Object Repository/OMVA_Login_Page/InvalidLogin_HeaderTxt\u0027 (Root cause: com.kms.katalon.core.webui.exception.WebElementNotFoundException: Web element with id: \u0027Object Repository/OMVA_Login_Page/InvalidLogin_HeaderTxt\u0027 located by \u0027By.xpath: //h4[text()\u003d\u0027Invalid Credentials\u0027]\u0027 not found)","description":"","startTime":1531143682353,"endTime":1531143698577,"childRecords":[{"testStatus":{"stackTrace":"","statusValue":"FAILED"},"attachment":"1531143697987.png","type":"MESSAGE","name":"","message":"Unable to get text of object \u0027Object Repository/OMVA_Login_Page/InvalidLogin_HeaderTxt\u0027 (Root cause: com.kms.katalon.core.webui.exception.WebElementNotFoundException: Web element with id: \u0027Object Repository/OMVA_Login_Page/InvalidLogin_HeaderTxt\u0027 located by \u0027By.xpath: //h4[text()\u003d\u0027Invalid Credentials\u0027]\u0027 not found)","startTime":1531143698576,"endTime":0,"childRecords":[],"interuppted":false}],"interuppted":false},{"testStatus":{"stackTrace":"","statusValue":"FAILED"},"type":"MESSAGE","name":"","message":"Test Cases/UserManagementTestCases/Login/Invalid_Login FAILED because (of) Unable to get text of object \u0027Object Repository/OMVA_Login_Page/InvalidLogin_HeaderTxt\u0027 (Root cause: com.kms.katalon.core.webui.exception.WebElementNotFoundException: Web element with id: \u0027Object Repository/OMVA_Login_Page/InvalidLogin_HeaderTxt\u0027 located by \u0027By.xpath: //h4[text()\u003d\u0027Invalid Credentials\u0027]\u0027 not found)","startTime":1531143698577,"endTime":0,"childRecords":[],"interuppted":false}],"interuppted":false},{"testStatus":{"stackTrace":"","statusValue":"FAILED"},"type":"MESSAGE","name":"","message":"Unable to call Test Case with id \u0027Test Cases/UserManagementTestCases/Login/Invalid_Login\u0027 (Root cause: Call Test Case \u0027Test Cases/UserManagementTestCases/Login/Invalid_Login\u0027 failed)","startTime":1531143698594,"endTime":0,"childRecords":[],"interuppted":false}],"interuppted":false},{"testStatus":{"stackTrace":"","statusValue":"FAILED"},"type":"MESSAGE","name":"","message":"Test Cases/UserManagementTestCases/UserActions/LockUser FAILED because (of) Unable to get text of object \u0027Object Repository/OMVA_Login_Page/InvalidLogin_HeaderTxt\u0027 (Root cause: com.kms.katalon.core.webui.exception.WebElementNotFoundException: Web element with id: \u0027Object Repository/OMVA_Login_Page/InvalidLogin_HeaderTxt\u0027 located by \u0027By.xpath: //h4[text()\u003d\u0027Invalid Credentials\u0027]\u0027 not found)","startTime":1531143698594,"endTime":0,"childRecords":[],"interuppted":false}],"interuppted":false},{"isOptional":false,"type":"TEST_CASE","name":"Test Cases/UserManagementTestCases/UserActions/Validate_ModifyDataFromEdituser","id":"Test Cases/UserManagementTestCases/UserActions/Validate_ModifyDataFromEdituser","source":"D:\\\\Automation_P\u0026G\\\\Automation-P\u0026G-Code-Base\\\\OMVA\\\\Test Cases\\\\UserManagementTestCases\\\\UserActions\\\\Validate_ModifyDataFromEdituser.tc","message":"Test Cases/UserManagementTestCases/UserActions/Validate_ModifyDataFromEdituser FAILED because (of) org.openqa.selenium.NoSuchElementException: no such element: Unable to locate element: {\"method\":\"xpath\",\"selector\":\"//tr[contains(text(),\u0027mtptnm\u0027)]/ancestor::td/following-sibling::td/descendant::span[@class\u003d\u0027icon-edit custom-cursor\u0027]\"}\n  (Session info: chrome\u003d67.0.3396.99)\n  (Driver info: chromedriver\u003d2.35.528161 (5b82f2d2aae0ca24b877009200ced9065a772e73),platform\u003dWindows NT 6.1.7601 SP1 x86_64) (WARNING: The server did not provide any stacktrace information)\nCommand duration or timeout: 0 milliseconds\nFor documentation on this error, please visit: http://seleniumhq.org/exceptions/no_such_element.html\nBuild info: version: \u00273.7.1\u0027, revision: \u00278a0099a\u0027, time: \u00272017-11-06T21:07:36.161Z\u0027\nSystem info: host: \u0027EDT-168\u0027, ip: \u0027172.16.17.168\u0027, os.name: \u0027Windows 7\u0027, os.arch: \u0027amd64\u0027, os.version: \u00276.1\u0027, java.version: \u00271.8.0_102\u0027\nDriver info: com.kms.katalon.selenium.driver.CChromeDriver\nCapabilities {acceptInsecureCerts: false, acceptSslCerts: false, applicationCacheEnabled: false, browserConnectionEnabled: false, browserName: chrome, chrome: {chromedriverVersion: 2.35.528161 (5b82f2d2aae0ca..., userDataDir: D:\\Users\\vijay.n\\AppData\\Lo...}, cssSelectorsEnabled: true, databaseEnabled: false, handlesAlerts: true, hasTouchScreen: false, javascriptEnabled: true, locationContextEnabled: true, mobileEmulationEnabled: false, nativeEvents: true, networkConnectionEnabled: false, pageLoadStrategy: normal, platform: XP, platformName: XP, rotatable: false, setWindowRect: true, takesHeapSnapshot: true, takesScreenshot: true, unexpectedAlertBehaviour: , unhandledPromptBehavior: , version: 67.0.3396.99, webStorageEnabled: true}\nSession ID: 4db155462f6def70d709ead3327c2610\n*** Element info: {Using\u003dxpath, value\u003d//tr[contains(text(),\u0027mtptnm\u0027)]/ancestor::td/following-sibling::td/descendant::span[@class\u003d\u0027icon-edit custom-cursor\u0027]}","description":"","startTime":1531143698598,"endTime":1531143744452,"childRecords":[{"testStatus":{"stackTrace":"","statusValue":"INFO"},"type":"MESSAGE","name":"","message":"Evaluating variables for test case","startTime":1531143698615,"endTime":0,"childRecords":[],"interuppted":false},{"testStatus":{"stackTrace":"","statusValue":"WARNING"},"type":"MESSAGE","name":"","message":"Unable to set variable \u0027greetingtext\u0027 for test case because (of) No such property: null for class: internal.GlobalVariable","startTime":1531143698627,"endTime":0,"childRecords":[],"interuppted":false},{"testStatus":{"stackTrace":"","statusValue":"INFO"},"type":"MESSAGE","name":"","message":"Variable \u0027username\u0027 is set to  as default","startTime":1531143698663,"endTime":0,"childRecords":[],"interuppted":false},{"testStatus":{"stackTrace":"","statusValue":"INFO"},"type":"MESSAGE","name":"","message":"Variable \u0027emailidprefix\u0027 is set to  as default","startTime":1531143698678,"endTime":0,"childRecords":[],"interuppted":false},{"testStatus":{"stackTrace":"","statusValue":"INFO"},"type":"MESSAGE","name":"","message":"Variable \u0027firstname\u0027 is set to  as default","startTime":1531143698694,"endTime":0,"childRecords":[],"interuppted":false},{"testStatus":{"stackTrace":"","statusValue":"INFO"},"type":"MESSAGE","name":"","message":"Variable \u0027lastname\u0027 is set to  as default","startTime":1531143698709,"endTime":0,"childRecords":[],"interuppted":false},{"testStatus":{"stackTrace":"","statusValue":"INFO"},"type":"MESSAGE","name":"","message":"Variable \u0027ticketnum\u0027 is set to  as default","startTime":1531143698742,"endTime":0,"childRecords":[],"interuppted":false},{"testStatus":{"stackTrace":"","statusValue":"INFO"},"type":"MESSAGE","name":"","message":"Variable \u0027createduser\u0027 is set to  as default","startTime":1531143698742,"endTime":0,"childRecords":[],"interuppted":false},{"testStatus":{"stackTrace":"","statusValue":"INFO"},"type":"MESSAGE","name":"","message":"Variable \u0027uname\u0027 is set to  as default","startTime":1531143698757,"endTime":0,"childRecords":[],"interuppted":false},{"index":1,"isIgnoredIfFailed":false,"type":"TEST_STEP","name":"callTestCase","message":"Call Test Case \u0027Test Cases/CommonTestcases/OpenBrowserandNavigateToQAURL\u0027 successfully","description":"","startTime":1531143698950,"endTime":1531143715125,"childRecords":[{"isOptional":false,"type":"TEST_CASE","name":"Test Cases/CommonTestcases/OpenBrowserandNavigateToQAURL","id":"Test Cases/CommonTestcases/OpenBrowserandNavigateToQAURL","source":"D:\\\\Automation_P\u0026G\\\\Automation-P\u0026G-Code-Base\\\\OMVA\\\\Test Cases\\\\CommonTestcases\\\\OpenBrowserandNavigateToQAURL.tc","message":"Test Cases/CommonTestcases/OpenBrowserandNavigateToQAURL","description":"This test case will open a browser and navigates to URL","startTime":1531143699012,"endTime":1531143715124,"childRecords":[{"testStatus":{"stackTrace":"","statusValue":"INFO"},"type":"MESSAGE","name":"","message":"Evaluating variables for test case","startTime":1531143699012,"endTime":0,"childRecords":[],"interuppted":false},{"index":1,"isIgnoredIfFailed":false,"type":"TEST_STEP","name":"openBrowser","message":"Browser is opened with url: \u0027\u0027","description":"","startTime":1531143699012,"endTime":1531143700765,"childRecords":[{"testStatus":{"stackTrace":"","statusValue":"WARNING"},"type":"MESSAGE","name":"","message":"A browser is already opened. Closing browser and opening a new one","startTime":1531143699028,"endTime":0,"childRecords":[],"interuppted":false},{"testStatus":{"stackTrace":"","statusValue":"PASSED"},"type":"MESSAGE","name":"","message":"Browser is opened with url: \u0027\u0027","startTime":1531143700765,"endTime":0,"childRecords":[],"interuppted":false}],"interuppted":false},{"index":2,"isIgnoredIfFailed":false,"type":"TEST_STEP","name":"navigateToUrl","message":"Navigate to \u0027https://coa-demo-env.azurewebsites.net/da/index.html#/login\u0027 successfully","description":"","startTime":1531143700766,"endTime":1531143714975,"childRecords":[{"testStatus":{"stackTrace":"","statusValue":"PASSED"},"type":"MESSAGE","name":"","message":"Navigate to \u0027https://coa-demo-env.azurewebsites.net/da/index.html#/login\u0027 successfully","startTime":1531143714974,"endTime":0,"childRecords":[],"interuppted":false}],"interuppted":false},{"index":3,"isIgnoredIfFailed":false,"type":"TEST_STEP","name":"maximizeWindow","message":"Current window maximized","description":"","startTime":1531143714976,"endTime":1531143715123,"childRecords":[{"testStatus":{"stackTrace":"","statusValue":"PASSED"},"type":"MESSAGE","name":"","message":"Current window maximized","startTime":1531143715121,"endTime":0,"childRecords":[],"interuppted":false}],"interuppted":false},{"testStatus":{"stackTrace":"","statusValue":"PASSED"},"type":"MESSAGE","name":"","message":"Test Cases/CommonTestcases/OpenBrowserandNavigateToQAURL","startTime":1531143715123,"endTime":0,"childRecords":[],"interuppted":false}],"interuppted":false},{"testStatus":{"stackTrace":"","statusValue":"PASSED"},"type":"MESSAGE","name":"","message":"Call Test Case \u0027Test Cases/CommonTestcases/OpenBrowserandNavigateToQAURL\u0027 successfully","startTime":1531143715124,"endTime":0,"childRecords":[],"interuppted":false}],"interuppted":false},{"index":2,"isIgnoredIfFailed":false,"type":"TEST_STEP","name":"waitForElementVisible","message":"Object \u0027Object Repository/OMVA_Login_Page/Username_Textbox\u0027 is visible","description":"","startTime":1531143715125,"endTime":1531143715197,"childRecords":[{"testStatus":{"stackTrace":"","statusValue":"PASSED"},"type":"MESSAGE","name":"","message":"Object \u0027Object Repository/OMVA_Login_Page/Username_Textbox\u0027 is visible","startTime":1531143715196,"endTime":0,"childRecords":[],"interuppted":false}],"interuppted":false},{"index":3,"isIgnoredIfFailed":false,"type":"TEST_STEP","name":"sendKeys","message":"Keys \u0027SuperAdmin\u0027 sent to object: \u0027Object Repository/OMVA_Login_Page/Username_Textbox\u0027","description":"","startTime":1531143715197,"endTime":1531143715385,"childRecords":[{"testStatus":{"stackTrace":"","statusValue":"PASSED"},"type":"MESSAGE","name":"","message":"Keys \u0027SuperAdmin\u0027 sent to object: \u0027Object Repository/OMVA_Login_Page/Username_Textbox\u0027","startTime":1531143715385,"endTime":0,"childRecords":[],"interuppted":false}],"interuppted":false},{"index":4,"isIgnoredIfFailed":false,"type":"TEST_STEP","name":"click","message":"Object: \u0027Object Repository/OMVA_Login_Page/Next_Button\u0027 is clicked on","description":"","startTime":1531143715386,"endTime":1531143715570,"childRecords":[{"testStatus":{"stackTrace":"","statusValue":"PASSED"},"type":"MESSAGE","name":"","message":"Object: \u0027Object Repository/OMVA_Login_Page/Next_Button\u0027 is clicked on","startTime":1531143715569,"endTime":0,"childRecords":[],"interuppted":false}],"interuppted":false},{"index":5,"isIgnoredIfFailed":false,"type":"TEST_STEP","name":"waitForElementVisible","message":"Object \u0027Object Repository/OMVA_Login_Page/Password_Textbox\u0027 is visible","description":"","startTime":1531143715589,"endTime":1531143716165,"childRecords":[{"testStatus":{"stackTrace":"","statusValue":"PASSED"},"type":"MESSAGE","name":"","message":"Object \u0027Object Repository/OMVA_Login_Page/Password_Textbox\u0027 is visible","startTime":1531143716164,"endTime":0,"childRecords":[],"interuppted":false}],"interuppted":false},{"index":6,"isIgnoredIfFailed":false,"type":"TEST_STEP","name":"sendKeys","message":"Keys \u0027SuperAdmin\u0027 sent to object: \u0027Object Repository/OMVA_Login_Page/Password_Textbox\u0027","description":"","startTime":1531143716166,"endTime":1531143716358,"childRecords":[{"testStatus":{"stackTrace":"","statusValue":"PASSED"},"type":"MESSAGE","name":"","message":"Keys \u0027SuperAdmin\u0027 sent to object: \u0027Object Repository/OMVA_Login_Page/Password_Textbox\u0027","startTime":1531143716356,"endTime":0,"childRecords":[],"interuppted":false}],"interuppted":false},{"index":7,"isIgnoredIfFailed":false,"type":"TEST_STEP","name":"click","message":"Object: \u0027Object Repository/OMVA_Login_Page/Signin_Button\u0027 is clicked on","description":"","startTime":1531143716358,"endTime":1531143716453,"childRecords":[{"testStatus":{"stackTrace":"","statusValue":"PASSED"},"type":"MESSAGE","name":"","message":"Object: \u0027Object Repository/OMVA_Login_Page/Signin_Button\u0027 is clicked on","startTime":1531143716453,"endTime":0,"childRecords":[],"interuppted":false}],"interuppted":false},{"index":8,"isIgnoredIfFailed":false,"type":"TEST_STEP","name":"waitForPageLoad","message":"Wait for page load successfully","description":"","startTime":1531143716454,"endTime":1531143716526,"childRecords":[{"testStatus":{"stackTrace":"","statusValue":"PASSED"},"type":"MESSAGE","name":"","message":"Wait for page load successfully","startTime":1531143716525,"endTime":0,"childRecords":[],"interuppted":false}],"interuppted":false},{"index":9,"isIgnoredIfFailed":false,"type":"TEST_STEP","name":"delay","message":"Delayed 5 second(s)","description":"","startTime":1531143716526,"endTime":1531143721536,"childRecords":[{"testStatus":{"stackTrace":"","statusValue":"PASSED"},"type":"MESSAGE","name":"","message":"Delayed 5 second(s)","startTime":1531143721535,"endTime":0,"childRecords":[],"interuppted":false}],"interuppted":false},{"index":10,"isIgnoredIfFailed":false,"type":"TEST_STEP","name":"waitForElementPresent","message":"Object \u0027Object Repository/OMVA_Landing_Page/CreateUser_Button\u0027 is present","description":"","startTime":1531143721537,"endTime":1531143721598,"childRecords":[{"testStatus":{"stackTrace":"","statusValue":"PASSED"},"type":"MESSAGE","name":"","message":"Object \u0027Object Repository/OMVA_Landing_Page/CreateUser_Button\u0027 is present","startTime":1531143721597,"endTime":0,"childRecords":[],"interuppted":false}],"interuppted":false},{"index":11,"isIgnoredIfFailed":false,"type":"TEST_STEP","name":"click","message":"Object: \u0027Object Repository/OMVA_Landing_Page/CreateUser_Button\u0027 is clicked on","description":"","startTime":1531143721599,"endTime":1531143721817,"childRecords":[{"testStatus":{"stackTrace":"","statusValue":"PASSED"},"type":"MESSAGE","name":"","message":"Object: \u0027Object Repository/OMVA_Landing_Page/CreateUser_Button\u0027 is clicked on","startTime":1531143721816,"endTime":0,"childRecords":[],"interuppted":false}],"interuppted":false},{"index":12,"isIgnoredIfFailed":false,"type":"TEST_STEP","name":"delay","message":"Delayed 3 second(s)","description":"","startTime":1531143721818,"endTime":1531143724822,"childRecords":[{"testStatus":{"stackTrace":"","statusValue":"PASSED"},"type":"MESSAGE","name":"","message":"Delayed 3 second(s)","startTime":1531143724821,"endTime":0,"childRecords":[],"interuppted":false}],"interuppted":false},{"index":13,"isIgnoredIfFailed":false,"type":"TEST_STEP","name":"waitForElementPresent","message":"Object \u0027Object Repository/OMVA_UserManagement_Page/Role_Dropdown\u0027 is present","description":"","startTime":1531143724822,"endTime":1531143724887,"childRecords":[{"testStatus":{"stackTrace":"","statusValue":"PASSED"},"type":"MESSAGE","name":"","message":"Object \u0027Object Repository/OMVA_UserManagement_Page/Role_Dropdown\u0027 is present","startTime":1531143724887,"endTime":0,"childRecords":[],"interuppted":false}],"interuppted":false},{"index":14,"isIgnoredIfFailed":false,"type":"TEST_STEP","name":"Statement - If (true)","description":"","startTime":1531143724887,"endTime":1531143724887,"childRecords":[],"interuppted":false},{"index":15,"isIgnoredIfFailed":false,"type":"TEST_STEP","name":"click","message":"Object: \u0027Object Repository/OMVA_UserManagement_Page/Role_Dropdown\u0027 is clicked on","description":"","startTime":1531143724887,"endTime":1531143724982,"childRecords":[{"testStatus":{"stackTrace":"","statusValue":"PASSED"},"type":"MESSAGE","name":"","message":"Object: \u0027Object Repository/OMVA_UserManagement_Page/Role_Dropdown\u0027 is clicked on","startTime":1531143724981,"endTime":0,"childRecords":[],"interuppted":false}],"interuppted":false},{"index":16,"isIgnoredIfFailed":false,"type":"TEST_STEP","name":"Statement - assert true","description":"","startTime":1531143724985,"endTime":1531143724988,"childRecords":[],"interuppted":false},{"index":17,"isIgnoredIfFailed":false,"type":"TEST_STEP","name":"scrollToElement","message":"Scroll to object \u0027Object Repository/OMVA_UserManagement_Page/DropdownOption_RoleDropdown_Market Admin\u0027 successfully","description":"","startTime":1531143724988,"endTime":1531143725064,"childRecords":[{"testStatus":{"stackTrace":"","statusValue":"WARNING"},"type":"MESSAGE","name":"","message":"Timeout \u00270\u0027 is invalid. Using default page load timeout: \u002715\u0027","startTime":1531143725025,"endTime":0,"childRecords":[],"interuppted":false},{"testStatus":{"stackTrace":"","statusValue":"PASSED"},"type":"MESSAGE","name":"","message":"Scroll to object \u0027Object Repository/OMVA_UserManagement_Page/DropdownOption_RoleDropdown_Market Admin\u0027 successfully","startTime":1531143725064,"endTime":0,"childRecords":[],"interuppted":false}],"interuppted":false},{"index":18,"isIgnoredIfFailed":false,"type":"TEST_STEP","name":"click","message":"Object: \u0027Object Repository/OMVA_UserManagement_Page/DropdownOption_RoleDropdown_Market Admin\u0027 is clicked on","description":"","startTime":1531143725064,"endTime":1531143725138,"childRecords":[{"testStatus":{"stackTrace":"","statusValue":"PASSED"},"type":"MESSAGE","name":"","message":"Object: \u0027Object Repository/OMVA_UserManagement_Page/DropdownOption_RoleDropdown_Market Admin\u0027 is clicked on","startTime":1531143725137,"endTime":0,"childRecords":[],"interuppted":false}],"interuppted":false},{"index":19,"isIgnoredIfFailed":false,"type":"TEST_STEP","name":"Statement - username \u003d CustomKeywords.commonLibrary.commonFunctions.randomStringFunction(\"abcdefghijklmnopqrstuvwxyz\", 6)","message":"commonLibrary.commonFunctions.randomStringFunction is PASSED","description":"","startTime":1531143725139,"endTime":1531143725231,"childRecords":[{"testStatus":{"stackTrace":"","statusValue":"PASSED"},"type":"MESSAGE","name":"","message":"commonLibrary.commonFunctions.randomStringFunction is PASSED","startTime":1531143725231,"endTime":0,"childRecords":[],"interuppted":false}],"interuppted":false},{"index":20,"isIgnoredIfFailed":false,"type":"TEST_STEP","name":"Statement - uname \u003d username.toString()","description":"","startTime":1531143725231,"endTime":1531143725231,"childRecords":[],"interuppted":false},{"index":21,"isIgnoredIfFailed":false,"type":"TEST_STEP","name":"sendKeys","message":"Keys \u0027mtptnm\u0027 sent to object: \u0027Object Repository/OMVA_UserManagement_Page/UserName_Textbox\u0027","description":"","startTime":1531143725231,"endTime":1531143725535,"childRecords":[{"testStatus":{"stackTrace":"","statusValue":"PASSED"},"type":"MESSAGE","name":"","message":"Keys \u0027mtptnm\u0027 sent to object: \u0027Object Repository/OMVA_UserManagement_Page/UserName_Textbox\u0027","startTime":1531143725534,"endTime":0,"childRecords":[],"interuppted":false}],"interuppted":false},{"index":22,"isIgnoredIfFailed":false,"type":"TEST_STEP","name":"Statement - emailidprefix \u003d CustomKeywords.commonLibrary.commonFunctions.randomStringFunction(\"abcdefghijklmnopqrstuvwxyz\", 9)","message":"commonLibrary.commonFunctions.randomStringFunction is PASSED","description":"","startTime":1531143725535,"endTime":1531143725536,"childRecords":[{"testStatus":{"stackTrace":"","statusValue":"PASSED"},"type":"MESSAGE","name":"","message":"commonLibrary.commonFunctions.randomStringFunction is PASSED","startTime":1531143725536,"endTime":0,"childRecords":[],"interuppted":false}],"interuppted":false},{"index":23,"isIgnoredIfFailed":false,"type":"TEST_STEP","name":"sendKeys","message":"Keys \u0027csdijujjp@autotestpg.com\u0027 sent to object: \u0027Object Repository/OMVA_UserManagement_Page/EmailID_Textbox\u0027","description":"","startTime":1531143725536,"endTime":1531143725850,"childRecords":[{"testStatus":{"stackTrace":"","statusValue":"PASSED"},"type":"MESSAGE","name":"","message":"Keys \u0027csdijujjp@autotestpg.com\u0027 sent to object: \u0027Object Repository/OMVA_UserManagement_Page/EmailID_Textbox\u0027","startTime":1531143725850,"endTime":0,"childRecords":[],"interuppted":false}],"interuppted":false},{"index":24,"isIgnoredIfFailed":false,"type":"TEST_STEP","name":"Statement - firstname \u003d CustomKeywords.commonLibrary.commonFunctions.randomStringFunction(\"abcdefghijklmnopqrstuvwxyz\", 7)","message":"commonLibrary.commonFunctions.randomStringFunction is PASSED","description":"","startTime":1531143725851,"endTime":1531143725852,"childRecords":[{"testStatus":{"stackTrace":"","statusValue":"PASSED"},"type":"MESSAGE","name":"","message":"commonLibrary.commonFunctions.randomStringFunction is PASSED","startTime":1531143725851,"endTime":0,"childRecords":[],"interuppted":false}],"interuppted":false},{"index":25,"isIgnoredIfFailed":false,"type":"TEST_STEP","name":"sendKeys","message":"Keys \u0027kranqms\u0027 sent to object: \u0027Object Repository/OMVA_UserManagement_Page/FirstName_Textbox\u0027","description":"","startTime":1531143725852,"endTime":1531143726004,"childRecords":[{"testStatus":{"stackTrace":"","statusValue":"PASSED"},"type":"MESSAGE","name":"","message":"Keys \u0027kranqms\u0027 sent to object: \u0027Object Repository/OMVA_UserManagement_Page/FirstName_Textbox\u0027","startTime":1531143726003,"endTime":0,"childRecords":[],"interuppted":false}],"interuppted":false},{"index":26,"isIgnoredIfFailed":false,"type":"TEST_STEP","name":"Statement - lastname \u003d CustomKeywords.commonLibrary.commonFunctions.randomStringFunction(\"abcdefghijklmnopqrstuvwxyz\", 7)","message":"commonLibrary.commonFunctions.randomStringFunction is PASSED","description":"","startTime":1531143726004,"endTime":1531143726005,"childRecords":[{"testStatus":{"stackTrace":"","statusValue":"PASSED"},"type":"MESSAGE","name":"","message":"commonLibrary.commonFunctions.randomStringFunction is PASSED","startTime":1531143726004,"endTime":0,"childRecords":[],"interuppted":false}],"interuppted":false},{"index":27,"isIgnoredIfFailed":false,"type":"TEST_STEP","name":"sendKeys","message":"Keys \u0027tcgxkzn\u0027 sent to object: \u0027Object Repository/OMVA_UserManagement_Page/LastName_Textbox\u0027","description":"","startTime":1531143726005,"endTime":1531143726149,"childRecords":[{"testStatus":{"stackTrace":"","statusValue":"PASSED"},"type":"MESSAGE","name":"","message":"Keys \u0027tcgxkzn\u0027 sent to object: \u0027Object Repository/OMVA_UserManagement_Page/LastName_Textbox\u0027","startTime":1531143726148,"endTime":0,"childRecords":[],"interuppted":false}],"interuppted":false},{"index":28,"isIgnoredIfFailed":false,"type":"TEST_STEP","name":"Statement - ticketnum \u003d CustomKeywords.commonLibrary.commonFunctions.randomStringFunction(\"123456789\", 7)","message":"commonLibrary.commonFunctions.randomStringFunction is PASSED","description":"","startTime":1531143726149,"endTime":1531143726150,"childRecords":[{"testStatus":{"stackTrace":"","statusValue":"PASSED"},"type":"MESSAGE","name":"","message":"commonLibrary.commonFunctions.randomStringFunction is PASSED","startTime":1531143726150,"endTime":0,"childRecords":[],"interuppted":false}],"interuppted":false},{"index":29,"isIgnoredIfFailed":false,"type":"TEST_STEP","name":"sendKeys","message":"Keys \u00271884539\u0027 sent to object: \u0027Object Repository/OMVA_UserManagement_Page/TicketNumber_Textbox\u0027","description":"","startTime":1531143726151,"endTime":1531143726305,"childRecords":[{"testStatus":{"stackTrace":"","statusValue":"PASSED"},"type":"MESSAGE","name":"","message":"Keys \u00271884539\u0027 sent to object: \u0027Object Repository/OMVA_UserManagement_Page/TicketNumber_Textbox\u0027","startTime":1531143726304,"endTime":0,"childRecords":[],"interuppted":false}],"interuppted":false},{"index":30,"isIgnoredIfFailed":false,"type":"TEST_STEP","name":"click","message":"Object: \u0027Object Repository/OMVA_UserManagement_Page/Next_Button\u0027 is clicked on","description":"","startTime":1531143726305,"endTime":1531143726407,"childRecords":[{"testStatus":{"stackTrace":"","statusValue":"PASSED"},"type":"MESSAGE","name":"","message":"Object: \u0027Object Repository/OMVA_UserManagement_Page/Next_Button\u0027 is clicked on","startTime":1531143726406,"endTime":0,"childRecords":[],"interuppted":false}],"interuppted":false},{"index":31,"isIgnoredIfFailed":false,"type":"TEST_STEP","name":"applicationLibrary.checkboxMultiselection.multiselectCheckbox","message":"applicationLibrary.checkboxMultiselection.multiselectCheckbox is PASSED","description":"","startTime":1531143726407,"endTime":1531143728808,"childRecords":[{"testStatus":{"stackTrace":"","statusValue":"PASSED"},"type":"MESSAGE","name":"","message":"applicationLibrary.checkboxMultiselection.multiselectCheckbox is PASSED","startTime":1531143728806,"endTime":0,"childRecords":[],"interuppted":false}],"interuppted":false},{"index":32,"isIgnoredIfFailed":false,"type":"TEST_STEP","name":"scrollToElement","message":"Scroll to object \u0027Object Repository/OMVA_UserManagement_Page/Customer_Next_Btn\u0027 successfully","description":"","startTime":1531143728818,"endTime":1531143728870,"childRecords":[{"testStatus":{"stackTrace":"","statusValue":"PASSED"},"type":"MESSAGE","name":"","message":"Scroll to object \u0027Object Repository/OMVA_UserManagement_Page/Customer_Next_Btn\u0027 successfully","startTime":1531143728867,"endTime":0,"childRecords":[],"interuppted":false}],"interuppted":false},{"index":33,"isIgnoredIfFailed":false,"type":"TEST_STEP","name":"click","message":"Object: \u0027Object Repository/OMVA_UserManagement_Page/Customer_Next_Btn\u0027 is clicked on","description":"","startTime":1531143728871,"endTime":1531143729038,"childRecords":[{"testStatus":{"stackTrace":"","statusValue":"PASSED"},"type":"MESSAGE","name":"","message":"Object: \u0027Object Repository/OMVA_UserManagement_Page/Customer_Next_Btn\u0027 is clicked on","startTime":1531143729037,"endTime":0,"childRecords":[],"interuppted":false}],"interuppted":false},{"index":34,"isIgnoredIfFailed":false,"type":"TEST_STEP","name":"applicationLibrary.checkboxMultiselection.multiselectCheckbox","message":"applicationLibrary.checkboxMultiselection.multiselectCheckbox is PASSED","description":"","startTime":1531143729040,"endTime":1531143731240,"childRecords":[{"testStatus":{"stackTrace":"","statusValue":"PASSED"},"type":"MESSAGE","name":"","message":"applicationLibrary.checkboxMultiselection.multiselectCheckbox is PASSED","startTime":1531143731239,"endTime":0,"childRecords":[],"interuppted":false}],"interuppted":false},{"index":35,"isIgnoredIfFailed":false,"type":"TEST_STEP","name":"click","message":"Object: \u0027Object Repository/OMVA_UserManagement_Page/UserCreation_Save_Btn\u0027 is clicked on","description":"","startTime":1531143731241,"endTime":1531143731413,"childRecords":[{"testStatus":{"stackTrace":"","statusValue":"PASSED"},"type":"MESSAGE","name":"","message":"Object: \u0027Object Repository/OMVA_UserManagement_Page/UserCreation_Save_Btn\u0027 is clicked on","startTime":1531143731412,"endTime":0,"childRecords":[],"interuppted":false}],"interuppted":false},{"index":36,"isIgnoredIfFailed":false,"type":"TEST_STEP","name":"waitForElementPresent","message":"Object \u0027Object Repository/OMVA_UserManagement_Page/UserCreation_HeaderTxt\u0027 is present","description":"","startTime":1531143731413,"endTime":1531143731962,"childRecords":[{"testStatus":{"stackTrace":"","statusValue":"PASSED"},"type":"MESSAGE","name":"","message":"Object \u0027Object Repository/OMVA_UserManagement_Page/UserCreation_HeaderTxt\u0027 is present","startTime":1531143731962,"endTime":0,"childRecords":[],"interuppted":false}],"interuppted":false},{"index":37,"isIgnoredIfFailed":false,"type":"TEST_STEP","name":"verifyElementText","message":"Actual text and expected text of test object \u0027Object Repository/OMVA_UserManagement_Page/UserCreation_HeaderTxt\u0027 are matched.","description":"","startTime":1531143731963,"endTime":1531143732078,"childRecords":[{"testStatus":{"stackTrace":"","statusValue":"PASSED"},"type":"MESSAGE","name":"","message":"Actual text and expected text of test object \u0027Object Repository/OMVA_UserManagement_Page/UserCreation_HeaderTxt\u0027 are matched.","startTime":1531143732077,"endTime":0,"childRecords":[],"interuppted":false}],"interuppted":false},{"index":38,"isIgnoredIfFailed":false,"type":"TEST_STEP","name":"verifyElementText","message":"Actual text and expected text of test object \u0027Object Repository/OMVA_UserManagement_Page/UserCreation_ContentTxt\u0027 are matched.","description":"","startTime":1531143732079,"endTime":1531143732152,"childRecords":[{"testStatus":{"stackTrace":"","statusValue":"PASSED"},"type":"MESSAGE","name":"","message":"Actual text and expected text of test object \u0027Object Repository/OMVA_UserManagement_Page/UserCreation_ContentTxt\u0027 are matched.","startTime":1531143732137,"endTime":0,"childRecords":[],"interuppted":false}],"interuppted":false},{"index":39,"isIgnoredIfFailed":false,"type":"TEST_STEP","name":"click","message":"Object: \u0027Object Repository/OMVA_UserManagement_Page/UserCreation_OK_Btn\u0027 is clicked on","description":"","startTime":1531143732152,"endTime":1531143732301,"childRecords":[{"testStatus":{"stackTrace":"","statusValue":"PASSED"},"type":"MESSAGE","name":"","message":"Object: \u0027Object Repository/OMVA_UserManagement_Page/UserCreation_OK_Btn\u0027 is clicked on","startTime":1531143732300,"endTime":0,"childRecords":[],"interuppted":false}],"interuppted":false},{"index":40,"isIgnoredIfFailed":false,"type":"TEST_STEP","name":"delay","message":"Delayed 7 second(s)","description":"","startTime":1531143732302,"endTime":1531143739305,"childRecords":[{"testStatus":{"stackTrace":"","statusValue":"PASSED"},"type":"MESSAGE","name":"","message":"Delayed 7 second(s)","startTime":1531143739304,"endTime":0,"childRecords":[],"interuppted":false}],"interuppted":false},{"index":41,"isIgnoredIfFailed":false,"type":"TEST_STEP","name":"waitForElementPresent","message":"Object \u0027Object Repository/OMVA_UserManagement_Page/Created_User_Username\u0027 is present","description":"","startTime":1531143739305,"endTime":1531143739367,"childRecords":[{"testStatus":{"stackTrace":"","statusValue":"PASSED"},"type":"MESSAGE","name":"","message":"Object \u0027Object Repository/OMVA_UserManagement_Page/Created_User_Username\u0027 is present","startTime":1531143739367,"endTime":0,"childRecords":[],"interuppted":false}],"interuppted":false},{"index":42,"isIgnoredIfFailed":false,"type":"TEST_STEP","name":"Statement - createduser \u003d com.kms.katalon.core.webui.keyword.WebUiBuiltInKeywords.getText(com.kms.katalon.core.testobject.ObjectRepository.findTestObject(OMVA_UserManagement_Page/Created_User_Username))","message":"Text of object \u0027Object Repository/OMVA_UserManagement_Page/Created_User_Username\u0027 is: \u0027kranqms tcgxkzn\u0027","description":"","startTime":1531143739367,"endTime":1531143739431,"childRecords":[{"testStatus":{"stackTrace":"","statusValue":"PASSED"},"type":"MESSAGE","name":"","message":"Text of object \u0027Object Repository/OMVA_UserManagement_Page/Created_User_Username\u0027 is: \u0027kranqms tcgxkzn\u0027","startTime":1531143739431,"endTime":0,"childRecords":[],"interuppted":false}],"interuppted":false},{"index":43,"isIgnoredIfFailed":false,"type":"TEST_STEP","name":"Statement - createduser \u003d com.kms.katalon.core.webui.keyword.WebUiBuiltInKeywords.verifyMatch(createduser, firstname + \" \" + lastname, true)","message":"Actual text \u0027kranqms tcgxkzn\u0027 and expected text \u0027kranqms tcgxkzn\u0027 are matched  using regular expression","description":"","startTime":1531143739431,"endTime":1531143739431,"childRecords":[{"testStatus":{"stackTrace":"","statusValue":"PASSED"},"type":"MESSAGE","name":"","message":"Actual text \u0027kranqms tcgxkzn\u0027 and expected text \u0027kranqms tcgxkzn\u0027 are matched  using regular expression","startTime":1531143739431,"endTime":0,"childRecords":[],"interuppted":false}],"interuppted":false},{"index":44,"isIgnoredIfFailed":false,"type":"TEST_STEP","name":"delay","message":"Delayed 5 second(s)","description":"","startTime":1531143739431,"endTime":1531143744403,"childRecords":[{"testStatus":{"stackTrace":"","statusValue":"PASSED"},"type":"MESSAGE","name":"","message":"Delayed 5 second(s)","startTime":1531143744402,"endTime":0,"childRecords":[],"interuppted":false}],"interuppted":false},{"index":45,"isIgnoredIfFailed":false,"type":"TEST_STEP","name":"applicationLibrary.ClicksCreatedUserDashboard.editUser","message":"no such element: Unable to locate element: {\"method\":\"xpath\",\"selector\":\"//tr[contains(text(),\u0027mtptnm\u0027)]/ancestor::td/following-sibling::td/descendant::span[@class\u003d\u0027icon-edit custom-cursor\u0027]\"}\n  (Session info: chrome\u003d67.0.3396.99)\n  (Driver info: chromedriver\u003d2.35.528161 (5b82f2d2aae0ca24b877009200ced9065a772e73),platform\u003dWindows NT 6.1.7601 SP1 x86_64) (WARNING: The server did not provide any stacktrace information)\nCommand duration or timeout: 0 milliseconds\nFor documentation on this error, please visit: http://seleniumhq.org/exceptions/no_such_element.html\nBuild info: version: \u00273.7.1\u0027, revision: \u00278a0099a\u0027, time: \u00272017-11-06T21:07:36.161Z\u0027\nSystem info: host: \u0027EDT-168\u0027, ip: \u0027172.16.17.168\u0027, os.name: \u0027Windows 7\u0027, os.arch: \u0027amd64\u0027, os.version: \u00276.1\u0027, java.version: \u00271.8.0_102\u0027\nDriver info: com.kms.katalon.selenium.driver.CChromeDriver\nCapabilities {acceptInsecureCerts: false, acceptSslCerts: false, applicationCacheEnabled: false, browserConnectionEnabled: false, browserName: chrome, chrome: {chromedriverVersion: 2.35.528161 (5b82f2d2aae0ca..., userDataDir: D:\\Users\\vijay.n\\AppData\\Lo...}, cssSelectorsEnabled: true, databaseEnabled: false, handlesAlerts: true, hasTouchScreen: false, javascriptEnabled: true, locationContextEnabled: true, mobileEmulationEnabled: false, nativeEvents: true, networkConnectionEnabled: false, pageLoadStrategy: normal, platform: XP, platformName: XP, rotatable: false, setWindowRect: true, takesHeapSnapshot: true, takesScreenshot: true, unexpectedAlertBehaviour: , unhandledPromptBehavior: , version: 67.0.3396.99, webStorageEnabled: true}\nSession ID: 4db155462f6def70d709ead3327c2610\n*** Element info: {Using\u003dxpath, value\u003d//tr[contains(text(),\u0027mtptnm\u0027)]/ancestor::td/following-sibling::td/descendant::span[@class\u003d\u0027icon-edit custom-cursor\u0027]}","description":"","startTime":1531143744403,"endTime":1531143744450,"childRecords":[{"testStatus":{"stackTrace":"","statusValue":"ERROR"},"type":"MESSAGE","name":"","message":"no such element: Unable to locate element: {\"method\":\"xpath\",\"selector\":\"//tr[contains(text(),\u0027mtptnm\u0027)]/ancestor::td/following-sibling::td/descendant::span[@class\u003d\u0027icon-edit custom-cursor\u0027]\"}\n  (Session info: chrome\u003d67.0.3396.99)\n  (Driver info: chromedriver\u003d2.35.528161 (5b82f2d2aae0ca24b877009200ced9065a772e73),platform\u003dWindows NT 6.1.7601 SP1 x86_64) (WARNING: The server did not provide any stacktrace information)\nCommand duration or timeout: 0 milliseconds\nFor documentation on this error, please visit: http://seleniumhq.org/exceptions/no_such_element.html\nBuild info: version: \u00273.7.1\u0027, revision: \u00278a0099a\u0027, time: \u00272017-11-06T21:07:36.161Z\u0027\nSystem info: host: \u0027EDT-168\u0027, ip: \u0027172.16.17.168\u0027, os.name: \u0027Windows 7\u0027, os.arch: \u0027amd64\u0027, os.version: \u00276.1\u0027, java.version: \u00271.8.0_102\u0027\nDriver info: com.kms.katalon.selenium.driver.CChromeDriver\nCapabilities {acceptInsecureCerts: false, acceptSslCerts: false, applicationCacheEnabled: false, browserConnectionEnabled: false, browserName: chrome, chrome: {chromedriverVersion: 2.35.528161 (5b82f2d2aae0ca..., userDataDir: D:\\Users\\vijay.n\\AppData\\Lo...}, cssSelectorsEnabled: true, databaseEnabled: false, handlesAlerts: true, hasTouchScreen: false, javascriptEnabled: true, locationContextEnabled: true, mobileEmulationEnabled: false, nativeEvents: true, networkConnectionEnabled: false, pageLoadStrategy: normal, platform: XP, platformName: XP, rotatable: false, setWindowRect: true, takesHeapSnapshot: true, takesScreenshot: true, unexpectedAlertBehaviour: , unhandledPromptBehavior: , version: 67.0.3396.99, webStorageEnabled: true}\nSession ID: 4db155462f6def70d709ead3327c2610\n*** Element info: {Using\u003dxpath, value\u003d//tr[contains(text(),\u0027mtptnm\u0027)]/ancestor::td/following-sibling::td/descendant::span[@class\u003d\u0027icon-edit custom-cursor\u0027]}","startTime":1531143744449,"endTime":0,"childRecords":[],"interuppted":false}],"interuppted":false},{"testStatus":{"stackTrace":"","statusValue":"ERROR"},"type":"MESSAGE","name":"","message":"Test Cases/UserManagementTestCases/UserActions/Validate_ModifyDataFromEdituser FAILED because (of) org.openqa.selenium.NoSuchElementException: no such element: Unable to locate element: {\"method\":\"xpath\",\"selector\":\"//tr[contains(text(),\u0027mtptnm\u0027)]/ancestor::td/following-sibling::td/descendant::span[@class\u003d\u0027icon-edit custom-cursor\u0027]\"}\n  (Session info: chrome\u003d67.0.3396.99)\n  (Driver info: chromedriver\u003d2.35.528161 (5b82f2d2aae0ca24b877009200ced9065a772e73),platform\u003dWindows NT 6.1.7601 SP1 x86_64) (WARNING: The server did not provide any stacktrace information)\nCommand duration or timeout: 0 milliseconds\nFor documentation on this error, please visit: http://seleniumhq.org/exceptions/no_such_element.html\nBuild info: version: \u00273.7.1\u0027, revision: \u00278a0099a\u0027, time: \u00272017-11-06T21:07:36.161Z\u0027\nSystem info: host: \u0027EDT-168\u0027, ip: \u0027172.16.17.168\u0027, os.name: \u0027Windows 7\u0027, os.arch: \u0027amd64\u0027, os.version: \u00276.1\u0027, java.version: \u00271.8.0_102\u0027\nDriver info: com.kms.katalon.selenium.driver.CChromeDriver\nCapabilities {acceptInsecureCerts: false, acceptSslCerts: false, applicationCacheEnabled: false, browserConnectionEnabled: false, browserName: chrome, chrome: {chromedriverVersion: 2.35.528161 (5b82f2d2aae0ca..., userDataDir: D:\\Users\\vijay.n\\AppData\\Lo...}, cssSelectorsEnabled: true, databaseEnabled: false, handlesAlerts: true, hasTouchScreen: false, javascriptEnabled: true, locationContextEnabled: true, mobileEmulationEnabled: false, nativeEvents: true, networkConnectionEnabled: false, pageLoadStrategy: normal, platform: XP, platformName: XP, rotatable: false, setWindowRect: true, takesHeapSnapshot: true, takesScreenshot: true, unexpectedAlertBehaviour: , unhandledPromptBehavior: , version: 67.0.3396.99, webStorageEnabled: true}\nSession ID: 4db155462f6def70d709ead3327c2610\n*** Element info: {Using\u003dxpath, value\u003d//tr[contains(text(),\u0027mtptnm\u0027)]/ancestor::td/following-sibling::td/descendant::span[@class\u003d\u0027icon-edit custom-cursor\u0027]}","startTime":1531143744450,"endTime":0,"childRecords":[],"interuppted":false}],"interuppted":false}],"interuppted":false}