<?xml version="1.0" encoding="UTF-8"?>
<testsuites name="WorkBenchTestSuite" time="326" tests="5" failures="1" errors="1">
   <testsuite name="WorkBenchTestSuite" tests="5" failures="1" errors="1" time="326" timestamp="2018-07-19 13:53:25" hostname="703177791 - 703177791GDL.IND.CORP.AD" id="Test Suites/WorkBenchTestSuite">
      <properties>
         <property name="deviceName" value=""/>
         <property name="devicePlatform" value=""/>
         <property name="logFolder" value="D:\\P&amp;G New\\Automation-P&amp;G-Code-Base\\OMVA\\Reports\\WorkBenchTestSuite\\20180719_135323"/>
         <property name="logFiles" value="D:\\P&amp;G New\\Automation-P&amp;G-Code-Base\\OMVA\\Reports\\WorkBenchTestSuite\\20180719_135323\\execution0.log"/>
         <property name="attachments" value="D:\\P&amp;G New\\Automation-P&amp;G-Code-Base\\OMVA\\Reports\\WorkBenchTestSuite\\20180719_135323\\1531988679231.png"/>
         <property name="hostName" value="703177791 - 703177791GDL.IND.CORP.AD"/>
         <property name="os" value="Windows 10 64bit"/>
         <property name="katalonVersion" value="5.4.2.1"/>
         <property name="browser" value="Chrome 67.0.3396.62"/>
         <property name="hostAddress" value="172.16.21.232"/>
         <property name="sessionId" value="7f8172c2f2e200beed7f10bff217a4e0"/>
         <property name="seleniumVersion" value="3.7.1"/>
         <property name="proxyInformation" value="ProxyInformation{proxyOption=NO_PROXY, proxyServerType=HTTP, password=, proxyServerAddress=, proxyServerPort=0}"/>
         <property name="platform" value="Windows 10"/>
      </properties>
      <testcase name="Test Cases/WorkBenchTestCases/Validate_CategoryMSPIncreaseAllocationQtyNotEditable" classname="Test Cases/WorkBenchTestCases/Validate_CategoryMSPIncreaseAllocationQtyNotEditable" status="FAILED">
         <failure type="FAILED" message="Unable to click on object 'Object Repository/OMVA_Workbench_Page/1st_SKUMaterial' (Root cause: com.kms.katalon.core.webui.exception.WebElementNotFoundException: Web element with id: 'Object Repository/OMVA_Workbench_Page/1st_SKUMaterial' located by 'By.xpath: (//div[@id='parent']//descendant::h2[@data-parent='#parent'])[1]' not found)"/>
         <system-out><![CDATA[2018-07-19 13:53:34 - [TEST_CASE][FAILED] - Test Cases/WorkBenchTestCases/Validate_CategoryMSPIncreaseAllocationQtyNotEditable: Test Cases/WorkBenchTestCases/Validate_CategoryMSPIncreaseAllocationQtyNotEditable FAILED because (of) Unable to click on object 'Object Repository/OMVA_Workbench_Page/1st_SKUMaterial' (Root cause: com.kms.katalon.core.webui.exception.WebElementNotFoundException: Web element with id: 'Object Repository/OMVA_Workbench_Page/1st_SKUMaterial' located by 'By.xpath: (//div[@id='parent']//descendant::h2[@data-parent='#parent'])[1]' not found)

2018-07-19 13:53:34 - [TEST_STEP][PASSED] - callTestCase: Call Test Case 'Test Cases/UserManagementTestCases/Login/Login_ChannelMSP' successfully

2018-07-19 13:53:35 - [TEST_CASE][PASSED] - Test Cases/UserManagementTestCases/Login/Login_ChannelMSP: Test Cases/UserManagementTestCases/Login/Login_ChannelMSP

2018-07-19 13:53:35 - [TEST_STEP][PASSED] - callTestCase: Call Test Case 'Test Cases/CommonTestcases/OpenBrowserandNavigateToQAURL' successfully

2018-07-19 13:53:35 - [TEST_CASE][PASSED] - Test Cases/CommonTestcases/OpenBrowserandNavigateToQAURL: Test Cases/CommonTestcases/OpenBrowserandNavigateToQAURL

2018-07-19 13:53:35 - [TEST_STEP][PASSED] - openBrowser: Browser is opened with url: ''

2018-07-19 13:53:38 - [MESSAGE][PASSED] - Browser is opened with url: ''

2018-07-19 13:53:38 - [TEST_STEP][PASSED] - navigateToUrl: Navigate to 'https://coa-demo-env.azurewebsites.net/da/index.html#/login' successfully

2018-07-19 13:54:02 - [MESSAGE][PASSED] - Navigate to 'https://coa-demo-env.azurewebsites.net/da/index.html#/login' successfully

2018-07-19 13:54:02 - [TEST_STEP][PASSED] - maximizeWindow: Current window maximized

2018-07-19 13:54:03 - [MESSAGE][PASSED] - Current window maximized

2018-07-19 13:54:03 - [MESSAGE][PASSED] - Call Test Case 'Test Cases/CommonTestcases/OpenBrowserandNavigateToQAURL' successfully

2018-07-19 13:54:03 - [TEST_STEP][PASSED] - waitForElementVisible: Object 'Object Repository/OMVA_Login_Page/Password_Textbox' is not visible after 10 second(s)

2018-07-19 13:54:14 - [MESSAGE][WARNING] - Object 'Object Repository/OMVA_Login_Page/Password_Textbox' is not visible after 10 second(s)

2018-07-19 13:54:14 - [TEST_STEP][PASSED] - sendKeys: Keys 'alvin' sent to object: 'Object Repository/OMVA_Login_Page/Username_Textbox'

2018-07-19 13:54:14 - [MESSAGE][PASSED] - Keys 'alvin' sent to object: 'Object Repository/OMVA_Login_Page/Username_Textbox'

2018-07-19 13:54:14 - [TEST_STEP][PASSED] - click: Object: 'Object Repository/OMVA_Login_Page/Next_Button' is clicked on

2018-07-19 13:54:14 - [MESSAGE][PASSED] - Object: 'Object Repository/OMVA_Login_Page/Next_Button' is clicked on

2018-07-19 13:54:14 - [TEST_STEP][PASSED] - waitForElementVisible: Object 'Object Repository/OMVA_Login_Page/Password_Textbox' is visible

2018-07-19 13:54:16 - [MESSAGE][PASSED] - Object 'Object Repository/OMVA_Login_Page/Password_Textbox' is visible

2018-07-19 13:54:16 - [TEST_STEP][PASSED] - sendKeys: Keys 'alvin' sent to object: 'Object Repository/OMVA_Login_Page/Password_Textbox'

2018-07-19 13:54:16 - [MESSAGE][PASSED] - Keys 'alvin' sent to object: 'Object Repository/OMVA_Login_Page/Password_Textbox'

2018-07-19 13:54:16 - [TEST_STEP][PASSED] - click: Object: 'Object Repository/OMVA_Login_Page/Signin_Button' is clicked on

2018-07-19 13:54:16 - [MESSAGE][PASSED] - Object: 'Object Repository/OMVA_Login_Page/Signin_Button' is clicked on

2018-07-19 13:54:16 - [TEST_STEP][PASSED] - waitForAngularLoad: This page doesn't use Angular.

2018-07-19 13:54:16 - [MESSAGE][WARNING] - This page doesn't use Angular.

2018-07-19 13:54:16 - [TEST_STEP][PASSED] - Statement - greetingtext = com.kms.katalon.core.webui.keyword.WebUiBuiltInKeywords.getText(com.kms.katalon.core.testobject.ObjectRepository.findTestObject(OMVA_Landing_Page/Greeting_Label)): Text of object 'Object Repository/OMVA_Landing_Page/Greeting_Label' is: 'Good Afternoon, alvin'

2018-07-19 13:54:17 - [MESSAGE][PASSED] - Text of object 'Object Repository/OMVA_Landing_Page/Greeting_Label' is: 'Good Afternoon, alvin'

2018-07-19 13:54:17 - [TEST_STEP][PASSED] - verifyMatch: Actual text 'Good Afternoon, alvin' and expected text '\D*alvin' are matched  using regular expression

2018-07-19 13:54:17 - [MESSAGE][PASSED] - Actual text 'Good Afternoon, alvin' and expected text '\D*alvin' are matched  using regular expression

2018-07-19 13:54:17 - [MESSAGE][PASSED] - Call Test Case 'Test Cases/UserManagementTestCases/Login/Login_ChannelMSP' successfully

2018-07-19 13:54:17 - [TEST_STEP][PASSED] - waitForElementVisible: Web element with id: 'Object Repository/OMVA_Workbench_Page/1st_SKUMaterial' located by 'By.xpath: (//div[@id='parent']//descendant::h2[@data-parent='#parent'])[1]' not found

2018-07-19 13:54:22 - [MESSAGE][WARNING] - Web element with id: 'Object Repository/OMVA_Workbench_Page/1st_SKUMaterial' located by 'By.xpath: (//div[@id='parent']//descendant::h2[@data-parent='#parent'])[1]' not found

2018-07-19 13:54:22 - [TEST_STEP][FAILED] - click: Unable to click on object 'Object Repository/OMVA_Workbench_Page/1st_SKUMaterial' (Root cause: com.kms.katalon.core.webui.exception.WebElementNotFoundException: Web element with id: 'Object Repository/OMVA_Workbench_Page/1st_SKUMaterial' located by 'By.xpath: (//div[@id='parent']//descendant::h2[@data-parent='#parent'])[1]' not found)

2018-07-19 13:54:39 - [MESSAGE][FAILED] - Unable to click on object 'Object Repository/OMVA_Workbench_Page/1st_SKUMaterial' (Root cause: com.kms.katalon.core.webui.exception.WebElementNotFoundException: Web element with id: 'Object Repository/OMVA_Workbench_Page/1st_SKUMaterial' located by 'By.xpath: (//div[@id='parent']//descendant::h2[@data-parent='#parent'])[1]' not found)
[[ATTACHMENT|D:\\P&G New\\Automation-P&G-Code-Base\\OMVA\\Reports\\WorkBenchTestSuite\\20180719_135323\\1531988679231.png]]]]></system-out>
         <system-err><![CDATA[2018-07-19 13:53:34 - [TEST_CASE][FAILED] - Test Cases/WorkBenchTestCases/Validate_CategoryMSPIncreaseAllocationQtyNotEditable: Test Cases/WorkBenchTestCases/Validate_CategoryMSPIncreaseAllocationQtyNotEditable FAILED because (of) Unable to click on object 'Object Repository/OMVA_Workbench_Page/1st_SKUMaterial' (Root cause: com.kms.katalon.core.webui.exception.WebElementNotFoundException: Web element with id: 'Object Repository/OMVA_Workbench_Page/1st_SKUMaterial' located by 'By.xpath: (//div[@id='parent']//descendant::h2[@data-parent='#parent'])[1]' not found)]]></system-err>
      </testcase>
      <testcase name="Test Cases/WorkBenchTestCases/Validate_ChannelMSPOutsideChannelQtyUpdateNotAllowed" classname="Test Cases/WorkBenchTestCases/Validate_ChannelMSPOutsideChannelQtyUpdateNotAllowed" status="PASSED">
         <system-out><![CDATA[2018-07-19 13:54:39 - [TEST_CASE][PASSED] - Test Cases/WorkBenchTestCases/Validate_ChannelMSPOutsideChannelQtyUpdateNotAllowed: Test Cases/WorkBenchTestCases/Validate_ChannelMSPOutsideChannelQtyUpdateNotAllowed

2018-07-19 13:54:39 - [TEST_STEP][PASSED] - callTestCase: Call Test Case 'Test Cases/UserManagementTestCases/Login/Login_ChannelMSP' successfully

2018-07-19 13:54:39 - [TEST_CASE][PASSED] - Test Cases/UserManagementTestCases/Login/Login_ChannelMSP: Test Cases/UserManagementTestCases/Login/Login_ChannelMSP

2018-07-19 13:54:39 - [TEST_STEP][PASSED] - callTestCase: Call Test Case 'Test Cases/CommonTestcases/OpenBrowserandNavigateToQAURL' successfully

2018-07-19 13:54:39 - [TEST_CASE][PASSED] - Test Cases/CommonTestcases/OpenBrowserandNavigateToQAURL: Test Cases/CommonTestcases/OpenBrowserandNavigateToQAURL

2018-07-19 13:54:39 - [TEST_STEP][PASSED] - openBrowser: Browser is opened with url: ''

2018-07-19 13:54:39 - [MESSAGE][WARNING] - A browser is already opened. Closing browser and opening a new one

2018-07-19 13:54:42 - [MESSAGE][PASSED] - Browser is opened with url: ''

2018-07-19 13:54:42 - [TEST_STEP][PASSED] - navigateToUrl: Navigate to 'https://coa-demo-env.azurewebsites.net/da/index.html#/login' successfully

2018-07-19 13:54:55 - [MESSAGE][PASSED] - Navigate to 'https://coa-demo-env.azurewebsites.net/da/index.html#/login' successfully

2018-07-19 13:54:55 - [TEST_STEP][PASSED] - maximizeWindow: Current window maximized

2018-07-19 13:54:56 - [MESSAGE][PASSED] - Current window maximized

2018-07-19 13:54:56 - [MESSAGE][PASSED] - Call Test Case 'Test Cases/CommonTestcases/OpenBrowserandNavigateToQAURL' successfully

2018-07-19 13:54:56 - [TEST_STEP][PASSED] - waitForElementVisible: Object 'Object Repository/OMVA_Login_Page/Password_Textbox' is not visible after 10 second(s)

2018-07-19 13:55:06 - [MESSAGE][WARNING] - Object 'Object Repository/OMVA_Login_Page/Password_Textbox' is not visible after 10 second(s)

2018-07-19 13:55:06 - [TEST_STEP][PASSED] - sendKeys: Keys 'nicole' sent to object: 'Object Repository/OMVA_Login_Page/Username_Textbox'

2018-07-19 13:55:06 - [MESSAGE][PASSED] - Keys 'nicole' sent to object: 'Object Repository/OMVA_Login_Page/Username_Textbox'

2018-07-19 13:55:06 - [TEST_STEP][PASSED] - click: Object: 'Object Repository/OMVA_Login_Page/Next_Button' is clicked on

2018-07-19 13:55:06 - [MESSAGE][PASSED] - Object: 'Object Repository/OMVA_Login_Page/Next_Button' is clicked on

2018-07-19 13:55:06 - [TEST_STEP][PASSED] - waitForElementVisible: Object 'Object Repository/OMVA_Login_Page/Password_Textbox' is visible

2018-07-19 13:55:07 - [MESSAGE][PASSED] - Object 'Object Repository/OMVA_Login_Page/Password_Textbox' is visible

2018-07-19 13:55:07 - [TEST_STEP][PASSED] - sendKeys: Keys 'nicole' sent to object: 'Object Repository/OMVA_Login_Page/Password_Textbox'

2018-07-19 13:55:07 - [MESSAGE][PASSED] - Keys 'nicole' sent to object: 'Object Repository/OMVA_Login_Page/Password_Textbox'

2018-07-19 13:55:07 - [TEST_STEP][PASSED] - click: Object: 'Object Repository/OMVA_Login_Page/Signin_Button' is clicked on

2018-07-19 13:55:07 - [MESSAGE][PASSED] - Object: 'Object Repository/OMVA_Login_Page/Signin_Button' is clicked on

2018-07-19 13:55:07 - [TEST_STEP][PASSED] - waitForAngularLoad: This page doesn't use Angular.

2018-07-19 13:55:07 - [MESSAGE][WARNING] - This page doesn't use Angular.

2018-07-19 13:55:07 - [TEST_STEP][PASSED] - Statement - greetingtext = com.kms.katalon.core.webui.keyword.WebUiBuiltInKeywords.getText(com.kms.katalon.core.testobject.ObjectRepository.findTestObject(OMVA_Landing_Page/Greeting_Label)): Text of object 'Object Repository/OMVA_Landing_Page/Greeting_Label' is: 'Good Afternoon, nicole'

2018-07-19 13:55:08 - [MESSAGE][PASSED] - Text of object 'Object Repository/OMVA_Landing_Page/Greeting_Label' is: 'Good Afternoon, nicole'

2018-07-19 13:55:08 - [TEST_STEP][PASSED] - verifyMatch: Actual text 'Good Afternoon, nicole' and expected text '\D*nicole' are matched  using regular expression

2018-07-19 13:55:08 - [MESSAGE][PASSED] - Actual text 'Good Afternoon, nicole' and expected text '\D*nicole' are matched  using regular expression

2018-07-19 13:55:08 - [MESSAGE][PASSED] - Call Test Case 'Test Cases/UserManagementTestCases/Login/Login_ChannelMSP' successfully

2018-07-19 13:55:08 - [TEST_STEP][PASSED] - delay: Delayed 4 second(s)

2018-07-19 13:55:12 - [MESSAGE][PASSED] - Delayed 4 second(s)

2018-07-19 13:55:12 - [TEST_STEP][PASSED] - waitForElementPresent: Object 'Object Repository/OMVA_UserManagement_Page/Search_button' is present

2018-07-19 13:55:12 - [MESSAGE][PASSED] - Object 'Object Repository/OMVA_UserManagement_Page/Search_button' is present

2018-07-19 13:55:12 - [TEST_STEP][PASSED] - click: Object: 'Object Repository/OMVA_UserManagement_Page/Search_button' is clicked on

2018-07-19 13:55:12 - [MESSAGE][PASSED] - Object: 'Object Repository/OMVA_UserManagement_Page/Search_button' is clicked on

2018-07-19 13:55:12 - [TEST_STEP][PASSED] - waitForElementVisible: Object 'Object Repository/OMVA_UserManagement_Page/Enter_Text_Search' is visible

2018-07-19 13:55:12 - [MESSAGE][PASSED] - Object 'Object Repository/OMVA_UserManagement_Page/Enter_Text_Search' is visible

2018-07-19 13:55:12 - [TEST_STEP][PASSED] - sendKeys: Keys '82269564' sent to object: 'Object Repository/OMVA_UserManagement_Page/Enter_Text_Search'

2018-07-19 13:55:12 - [MESSAGE][PASSED] - Keys '82269564' sent to object: 'Object Repository/OMVA_UserManagement_Page/Enter_Text_Search'

2018-07-19 13:55:12 - [TEST_STEP][PASSED] - waitForElementVisible: Object 'Object Repository/OMVA_Workbench_Page/1st_SKUMaterial' is visible

2018-07-19 13:55:13 - [MESSAGE][PASSED] - Object 'Object Repository/OMVA_Workbench_Page/1st_SKUMaterial' is visible

2018-07-19 13:55:13 - [TEST_STEP][PASSED] - click: Object: 'Object Repository/OMVA_Workbench_Page/1st_SKUMaterial' is clicked on

2018-07-19 13:55:13 - [MESSAGE][PASSED] - Object: 'Object Repository/OMVA_Workbench_Page/1st_SKUMaterial' is clicked on

2018-07-19 13:55:13 - [TEST_STEP][PASSED] - waitForElementVisible: Object 'Object Repository/OMVA_Summary_Page/SummaryText' is visible

2018-07-19 13:55:13 - [MESSAGE][PASSED] - Object 'Object Repository/OMVA_Summary_Page/SummaryText' is visible

2018-07-19 13:55:13 - [TEST_STEP][PASSED] - scrollToElement: Scroll to object 'Object Repository/OMVA_Landing_Page/Act_DeAct_Radio_Btn' successfully

2018-07-19 13:55:13 - [MESSAGE][PASSED] - Scroll to object 'Object Repository/OMVA_Landing_Page/Act_DeAct_Radio_Btn' successfully

2018-07-19 13:55:13 - [TEST_STEP][PASSED] - delay: Delayed 5 second(s)

2018-07-19 13:55:18 - [MESSAGE][PASSED] - Delayed 5 second(s)

2018-07-19 13:55:18 - [TEST_STEP][PASSED] - waitForElementVisible: Object 'Object Repository/OMVA_Landing_Page/Act_DeAct_Radio_Btn' is visible

2018-07-19 13:55:18 - [MESSAGE][PASSED] - Object 'Object Repository/OMVA_Landing_Page/Act_DeAct_Radio_Btn' is visible

2018-07-19 13:55:18 - [TEST_STEP][PASSED] - click: Object: 'Object Repository/OMVA_Landing_Page/Act_DeAct_Radio_Btn' is clicked on

2018-07-19 13:55:18 - [MESSAGE][PASSED] - Object: 'Object Repository/OMVA_Landing_Page/Act_DeAct_Radio_Btn' is clicked on

2018-07-19 13:55:18 - [TEST_STEP][PASSED] - waitForElementNotVisible: Web element with id: 'Object Repository/OMVA_Landing_Page/pinBtn_AddSubtractions' located by 'By.xpath: (//button[@class='pin-btn addSubtractButtons add-btn'])[1]' not found

2018-07-19 13:55:23 - [MESSAGE][WARNING] - Web element with id: 'Object Repository/OMVA_Landing_Page/pinBtn_AddSubtractions' located by 'By.xpath: (//button[@class='pin-btn addSubtractButtons add-btn'])[1]' not found

2018-07-19 13:55:23 - [TEST_STEP][PASSED] - closeBrowser: Browser is closed

2018-07-19 13:55:24 - [MESSAGE][PASSED] - Browser is closed]]></system-out>
         <system-err><![CDATA[]]></system-err>
      </testcase>
      <testcase name="Test Cases/WorkBenchTestCases/Verify_MatchOfPendingTaskForSumaryandWBforChanMSP" classname="Test Cases/WorkBenchTestCases/Verify_MatchOfPendingTaskForSumaryandWBforChanMSP" status="PASSED">
         <system-out><![CDATA[2018-07-19 13:55:24 - [TEST_CASE][PASSED] - Test Cases/WorkBenchTestCases/Verify_MatchOfPendingTaskForSumaryandWBforChanMSP: Test Cases/WorkBenchTestCases/Verify_MatchOfPendingTaskForSumaryandWBforChanMSP

2018-07-19 13:55:24 - [TEST_STEP][PASSED] - callTestCase: Call Test Case 'Test Cases/UserManagementTestCases/Login/Login_ChannelMSP' successfully

2018-07-19 13:55:25 - [TEST_CASE][PASSED] - Test Cases/UserManagementTestCases/Login/Login_ChannelMSP: Test Cases/UserManagementTestCases/Login/Login_ChannelMSP

2018-07-19 13:55:25 - [TEST_STEP][PASSED] - callTestCase: Call Test Case 'Test Cases/CommonTestcases/OpenBrowserandNavigateToQAURL' successfully

2018-07-19 13:55:25 - [TEST_CASE][PASSED] - Test Cases/CommonTestcases/OpenBrowserandNavigateToQAURL: Test Cases/CommonTestcases/OpenBrowserandNavigateToQAURL

2018-07-19 13:55:25 - [TEST_STEP][PASSED] - openBrowser: Browser is opened with url: ''

2018-07-19 13:55:27 - [MESSAGE][PASSED] - Browser is opened with url: ''

2018-07-19 13:55:27 - [TEST_STEP][PASSED] - navigateToUrl: Navigate to 'https://coa-demo-env.azurewebsites.net/da/index.html#/login' successfully

2018-07-19 13:55:37 - [MESSAGE][PASSED] - Navigate to 'https://coa-demo-env.azurewebsites.net/da/index.html#/login' successfully

2018-07-19 13:55:37 - [TEST_STEP][PASSED] - maximizeWindow: Current window maximized

2018-07-19 13:55:39 - [MESSAGE][PASSED] - Current window maximized

2018-07-19 13:55:39 - [MESSAGE][PASSED] - Call Test Case 'Test Cases/CommonTestcases/OpenBrowserandNavigateToQAURL' successfully

2018-07-19 13:55:39 - [TEST_STEP][PASSED] - waitForElementVisible: Object 'Object Repository/OMVA_Login_Page/Password_Textbox' is not visible after 10 second(s)

2018-07-19 13:55:49 - [MESSAGE][WARNING] - Object 'Object Repository/OMVA_Login_Page/Password_Textbox' is not visible after 10 second(s)

2018-07-19 13:55:49 - [TEST_STEP][PASSED] - sendKeys: Keys 'nicole' sent to object: 'Object Repository/OMVA_Login_Page/Username_Textbox'

2018-07-19 13:55:49 - [MESSAGE][PASSED] - Keys 'nicole' sent to object: 'Object Repository/OMVA_Login_Page/Username_Textbox'

2018-07-19 13:55:49 - [TEST_STEP][PASSED] - click: Object: 'Object Repository/OMVA_Login_Page/Next_Button' is clicked on

2018-07-19 13:55:49 - [MESSAGE][PASSED] - Object: 'Object Repository/OMVA_Login_Page/Next_Button' is clicked on

2018-07-19 13:55:49 - [TEST_STEP][PASSED] - waitForElementVisible: Object 'Object Repository/OMVA_Login_Page/Password_Textbox' is visible

2018-07-19 13:55:50 - [MESSAGE][PASSED] - Object 'Object Repository/OMVA_Login_Page/Password_Textbox' is visible

2018-07-19 13:55:50 - [TEST_STEP][PASSED] - sendKeys: Keys 'nicole' sent to object: 'Object Repository/OMVA_Login_Page/Password_Textbox'

2018-07-19 13:55:50 - [MESSAGE][PASSED] - Keys 'nicole' sent to object: 'Object Repository/OMVA_Login_Page/Password_Textbox'

2018-07-19 13:55:50 - [TEST_STEP][PASSED] - click: Object: 'Object Repository/OMVA_Login_Page/Signin_Button' is clicked on

2018-07-19 13:55:50 - [MESSAGE][PASSED] - Object: 'Object Repository/OMVA_Login_Page/Signin_Button' is clicked on

2018-07-19 13:55:50 - [TEST_STEP][PASSED] - waitForAngularLoad: This page doesn't use Angular.

2018-07-19 13:55:50 - [MESSAGE][WARNING] - This page doesn't use Angular.

2018-07-19 13:55:50 - [TEST_STEP][PASSED] - Statement - greetingtext = com.kms.katalon.core.webui.keyword.WebUiBuiltInKeywords.getText(com.kms.katalon.core.testobject.ObjectRepository.findTestObject(OMVA_Landing_Page/Greeting_Label)): Text of object 'Object Repository/OMVA_Landing_Page/Greeting_Label' is: 'Good Afternoon, nicole'

2018-07-19 13:55:51 - [MESSAGE][PASSED] - Text of object 'Object Repository/OMVA_Landing_Page/Greeting_Label' is: 'Good Afternoon, nicole'

2018-07-19 13:55:51 - [TEST_STEP][PASSED] - verifyMatch: Actual text 'Good Afternoon, nicole' and expected text '\D*nicole' are matched  using regular expression

2018-07-19 13:55:51 - [MESSAGE][PASSED] - Actual text 'Good Afternoon, nicole' and expected text '\D*nicole' are matched  using regular expression

2018-07-19 13:55:51 - [MESSAGE][PASSED] - Call Test Case 'Test Cases/UserManagementTestCases/Login/Login_ChannelMSP' successfully

2018-07-19 13:55:51 - [TEST_STEP][PASSED] - delay: Delayed 5 second(s)

2018-07-19 13:55:56 - [MESSAGE][PASSED] - Delayed 5 second(s)

2018-07-19 13:55:56 - [TEST_STEP][PASSED] - Statement - ChanMSP_WB_Count = CustomKeywords.applicationLibrary.GetsPendingTaskCount_WBScreen.Get_PendingTask_Count_WBscreen(): applicationLibrary.GetsPendingTaskCount_WBScreen.Get_PendingTask_Count_WBscreen is PASSED

2018-07-19 13:55:56 - [MESSAGE][PASSED] - applicationLibrary.GetsPendingTaskCount_WBScreen.Get_PendingTask_Count_WBscreen is PASSED

2018-07-19 13:55:56 - [TEST_STEP][PASSED] - click: Object: 'Object Repository/OMVA_Landing_Page/Summary_Logo' is clicked on

2018-07-19 13:55:56 - [MESSAGE][PASSED] - Object: 'Object Repository/OMVA_Landing_Page/Summary_Logo' is clicked on

2018-07-19 13:55:56 - [TEST_STEP][PASSED] - delay: Delayed 5 second(s)

2018-07-19 13:56:01 - [MESSAGE][PASSED] - Delayed 5 second(s)

2018-07-19 13:56:01 - [TEST_STEP][PASSED] - waitForElementPresent: Object 'Object Repository/OMVA_Summary_Page/Customer_dropdown' is present

2018-07-19 13:56:01 - [MESSAGE][PASSED] - Object 'Object Repository/OMVA_Summary_Page/Customer_dropdown' is present

2018-07-19 13:56:01 - [TEST_STEP][PASSED] - click: Object: 'Object Repository/OMVA_Summary_Page/Customer_dropdown' is clicked on

2018-07-19 13:56:01 - [MESSAGE][PASSED] - Object: 'Object Repository/OMVA_Summary_Page/Customer_dropdown' is clicked on

2018-07-19 13:56:01 - [TEST_STEP][PASSED] - waitForElementPresent: Object 'Object Repository/OMVA_Summary_Page/Select_puregold' is present

2018-07-19 13:56:01 - [MESSAGE][PASSED] - Object 'Object Repository/OMVA_Summary_Page/Select_puregold' is present

2018-07-19 13:56:01 - [TEST_STEP][PASSED] - click: Object: 'Object Repository/OMVA_Summary_Page/Select_puregold' is clicked on

2018-07-19 13:56:02 - [MESSAGE][PASSED] - Object: 'Object Repository/OMVA_Summary_Page/Select_puregold' is clicked on

2018-07-19 13:56:02 - [TEST_STEP][PASSED] - delay: Delayed 5 second(s)

2018-07-19 13:56:07 - [MESSAGE][PASSED] - Delayed 5 second(s)

2018-07-19 13:56:07 - [TEST_STEP][PASSED] - Statement - ChanMSP_S_Count = CustomKeywords.applicationLibrary.GetsPendingTaskCount_ChanMSP_SummaryScreen.Get_ChanMSPPendingTask_Count_Summaryscreen(): applicationLibrary.GetsPendingTaskCount_ChanMSP_SummaryScreen.Get_ChanMSPPendingTask_Count_Summaryscreen is PASSED

2018-07-19 13:56:07 - [MESSAGE][PASSED] - applicationLibrary.GetsPendingTaskCount_ChanMSP_SummaryScreen.Get_ChanMSPPendingTask_Count_Summaryscreen is PASSED

2018-07-19 13:56:07 - [TEST_STEP][PASSED] - verifyEqual: Actual object '7' and expected object '7' are equal

2018-07-19 13:56:07 - [MESSAGE][PASSED] - Actual object '7' and expected object '7' are equal

2018-07-19 13:56:07 - [TEST_STEP][PASSED] - callTestCase: Call Test Case 'Test Cases/CommonTestcases/Logout_Closebrowser' successfully

2018-07-19 13:56:07 - [TEST_CASE][PASSED] - Test Cases/CommonTestcases/Logout_Closebrowser: Test Cases/CommonTestcases/Logout_Closebrowser

2018-07-19 13:56:07 - [TEST_STEP][PASSED] - waitForElementPresent: Object 'Object Repository/OMVA_Landing_Page/User_icon' is present

2018-07-19 13:56:07 - [MESSAGE][PASSED] - Object 'Object Repository/OMVA_Landing_Page/User_icon' is present

2018-07-19 13:56:07 - [TEST_STEP][PASSED] - click: Object: 'Object Repository/OMVA_Landing_Page/User_icon' is clicked on

2018-07-19 13:56:07 - [MESSAGE][PASSED] - Object: 'Object Repository/OMVA_Landing_Page/User_icon' is clicked on

2018-07-19 13:56:07 - [TEST_STEP][PASSED] - waitForElementPresent: Object 'Object Repository/OMVA_Landing_Page/Logout_link' is present

2018-07-19 13:56:07 - [MESSAGE][PASSED] - Object 'Object Repository/OMVA_Landing_Page/Logout_link' is present

2018-07-19 13:56:07 - [TEST_STEP][PASSED] - click: Object: 'Object Repository/OMVA_Landing_Page/Logout_link' is clicked on

2018-07-19 13:56:07 - [MESSAGE][PASSED] - Object: 'Object Repository/OMVA_Landing_Page/Logout_link' is clicked on

2018-07-19 13:56:07 - [TEST_STEP][PASSED] - waitForElementNotPresent: Web element with id: 'Object Repository/OMVA_Landing_Page/User_icon' located by 'By.xpath: //img[@id='dropdown']' is not present after '15' second(s)

2018-07-19 13:56:07 - [MESSAGE][WARNING] - Timeout '0' is invalid. Using default page load timeout: '15'

2018-07-19 13:56:08 - [MESSAGE][PASSED] - Web element with id: 'Object Repository/OMVA_Landing_Page/User_icon' located by 'By.xpath: //img[@id='dropdown']' is not present after '15' second(s)

2018-07-19 13:56:08 - [TEST_STEP][PASSED] - closeBrowser: Browser is closed

2018-07-19 13:56:09 - [MESSAGE][PASSED] - Browser is closed

2018-07-19 13:56:09 - [MESSAGE][PASSED] - Call Test Case 'Test Cases/CommonTestcases/Logout_Closebrowser' successfully]]></system-out>
         <system-err><![CDATA[]]></system-err>
      </testcase>
      <testcase name="Test Cases/WorkBenchTestCases/Verify_MatchOfPendingTaskForSumaryandWBforMAL" classname="Test Cases/WorkBenchTestCases/Verify_MatchOfPendingTaskForSumaryandWBforMAL" status="PASSED">
         <system-out><![CDATA[2018-07-19 13:56:09 - [TEST_CASE][PASSED] - Test Cases/WorkBenchTestCases/Verify_MatchOfPendingTaskForSumaryandWBforMAL: Test Cases/WorkBenchTestCases/Verify_MatchOfPendingTaskForSumaryandWBforMAL

2018-07-19 13:56:09 - [TEST_STEP][PASSED] - callTestCase: Call Test Case 'Test Cases/UserManagementTestCases/Login/Login_MAL' successfully

2018-07-19 13:56:09 - [TEST_CASE][PASSED] - Test Cases/UserManagementTestCases/Login/Login_MAL: Test Cases/UserManagementTestCases/Login/Login_MAL

2018-07-19 13:56:09 - [TEST_STEP][PASSED] - callTestCase: Call Test Case 'Test Cases/CommonTestcases/OpenBrowserandNavigateToQAURL' successfully

2018-07-19 13:56:09 - [TEST_CASE][PASSED] - Test Cases/CommonTestcases/OpenBrowserandNavigateToQAURL: Test Cases/CommonTestcases/OpenBrowserandNavigateToQAURL

2018-07-19 13:56:09 - [TEST_STEP][PASSED] - openBrowser: Browser is opened with url: ''

2018-07-19 13:56:11 - [MESSAGE][PASSED] - Browser is opened with url: ''

2018-07-19 13:56:11 - [TEST_STEP][PASSED] - navigateToUrl: Navigate to 'https://coa-demo-env.azurewebsites.net/da/index.html#/login' successfully

2018-07-19 13:56:18 - [MESSAGE][PASSED] - Navigate to 'https://coa-demo-env.azurewebsites.net/da/index.html#/login' successfully

2018-07-19 13:56:18 - [TEST_STEP][PASSED] - maximizeWindow: Current window maximized

2018-07-19 13:56:19 - [MESSAGE][PASSED] - Current window maximized

2018-07-19 13:56:19 - [MESSAGE][PASSED] - Call Test Case 'Test Cases/CommonTestcases/OpenBrowserandNavigateToQAURL' successfully

2018-07-19 13:56:19 - [TEST_STEP][PASSED] - waitForElementVisible: Object 'Object Repository/OMVA_Login_Page/Password_Textbox' is not visible after 10 second(s)

2018-07-19 13:56:30 - [MESSAGE][WARNING] - Object 'Object Repository/OMVA_Login_Page/Password_Textbox' is not visible after 10 second(s)

2018-07-19 13:56:30 - [TEST_STEP][PASSED] - sendKeys: Keys 'angelica' sent to object: 'Object Repository/OMVA_Login_Page/Username_Textbox'

2018-07-19 13:56:30 - [MESSAGE][PASSED] - Keys 'angelica' sent to object: 'Object Repository/OMVA_Login_Page/Username_Textbox'

2018-07-19 13:56:30 - [TEST_STEP][PASSED] - click: Object: 'Object Repository/OMVA_Login_Page/Next_Button' is clicked on

2018-07-19 13:56:30 - [MESSAGE][PASSED] - Object: 'Object Repository/OMVA_Login_Page/Next_Button' is clicked on

2018-07-19 13:56:30 - [TEST_STEP][PASSED] - waitForElementVisible: Object 'Object Repository/OMVA_Login_Page/Password_Textbox' is visible

2018-07-19 13:56:31 - [MESSAGE][PASSED] - Object 'Object Repository/OMVA_Login_Page/Password_Textbox' is visible

2018-07-19 13:56:31 - [TEST_STEP][PASSED] - sendKeys: Keys 'angelica' sent to object: 'Object Repository/OMVA_Login_Page/Password_Textbox'

2018-07-19 13:56:31 - [MESSAGE][PASSED] - Keys 'angelica' sent to object: 'Object Repository/OMVA_Login_Page/Password_Textbox'

2018-07-19 13:56:31 - [TEST_STEP][PASSED] - click: Object: 'Object Repository/OMVA_Login_Page/Signin_Button' is clicked on

2018-07-19 13:56:31 - [MESSAGE][PASSED] - Object: 'Object Repository/OMVA_Login_Page/Signin_Button' is clicked on

2018-07-19 13:56:31 - [TEST_STEP][PASSED] - waitForAngularLoad: This page doesn't use Angular.

2018-07-19 13:56:31 - [MESSAGE][WARNING] - This page doesn't use Angular.

2018-07-19 13:56:31 - [TEST_STEP][PASSED] - Statement - greetingtext = com.kms.katalon.core.webui.keyword.WebUiBuiltInKeywords.getText(com.kms.katalon.core.testobject.ObjectRepository.findTestObject(OMVA_Landing_Page/Greeting_Label)): Text of object 'Object Repository/OMVA_Landing_Page/Greeting_Label' is: 'Good Afternoon, angelica'

2018-07-19 13:56:33 - [MESSAGE][PASSED] - Text of object 'Object Repository/OMVA_Landing_Page/Greeting_Label' is: 'Good Afternoon, angelica'

2018-07-19 13:56:33 - [TEST_STEP][PASSED] - verifyMatch: Actual text 'Good Afternoon, angelica' and expected text '\D*angelica' are matched  using regular expression

2018-07-19 13:56:33 - [MESSAGE][PASSED] - Actual text 'Good Afternoon, angelica' and expected text '\D*angelica' are matched  using regular expression

2018-07-19 13:56:33 - [MESSAGE][PASSED] - Call Test Case 'Test Cases/UserManagementTestCases/Login/Login_MAL' successfully

2018-07-19 13:56:33 - [TEST_STEP][PASSED] - delay: Delayed 5 second(s)

2018-07-19 13:56:38 - [MESSAGE][PASSED] - Delayed 5 second(s)

2018-07-19 13:56:38 - [TEST_STEP][PASSED] - Statement - MAL_WB_Count = CustomKeywords.applicationLibrary.GetsPendingTaskCount_WBScreen.Get_PendingTask_Count_WBscreen(): applicationLibrary.GetsPendingTaskCount_WBScreen.Get_PendingTask_Count_WBscreen is PASSED

2018-07-19 13:56:38 - [MESSAGE][PASSED] - applicationLibrary.GetsPendingTaskCount_WBScreen.Get_PendingTask_Count_WBscreen is PASSED

2018-07-19 13:56:38 - [TEST_STEP][PASSED] - click: Object: 'Object Repository/OMVA_Landing_Page/Summary_Logo' is clicked on

2018-07-19 13:56:38 - [MESSAGE][PASSED] - Object: 'Object Repository/OMVA_Landing_Page/Summary_Logo' is clicked on

2018-07-19 13:56:38 - [TEST_STEP][PASSED] - delay: Delayed 5 second(s)

2018-07-19 13:56:43 - [MESSAGE][PASSED] - Delayed 5 second(s)

2018-07-19 13:56:43 - [TEST_STEP][PASSED] - waitForElementPresent: Object 'Object Repository/OMVA_Summary_Page/Customer_dropdown' is present

2018-07-19 13:56:43 - [MESSAGE][PASSED] - Object 'Object Repository/OMVA_Summary_Page/Customer_dropdown' is present

2018-07-19 13:56:43 - [TEST_STEP][PASSED] - click: Object: 'Object Repository/OMVA_Summary_Page/Customer_dropdown' is clicked on

2018-07-19 13:56:43 - [MESSAGE][PASSED] - Object: 'Object Repository/OMVA_Summary_Page/Customer_dropdown' is clicked on

2018-07-19 13:56:43 - [TEST_STEP][PASSED] - waitForElementPresent: Object 'Object Repository/OMVA_Summary_Page/Select_puregold' is present

2018-07-19 13:56:43 - [MESSAGE][PASSED] - Object 'Object Repository/OMVA_Summary_Page/Select_puregold' is present

2018-07-19 13:56:43 - [TEST_STEP][PASSED] - click: Object: 'Object Repository/OMVA_Summary_Page/Select_puregold' is clicked on

2018-07-19 13:56:43 - [MESSAGE][PASSED] - Object: 'Object Repository/OMVA_Summary_Page/Select_puregold' is clicked on

2018-07-19 13:56:44 - [TEST_STEP][PASSED] - delay: Delayed 5 second(s)

2018-07-19 13:56:49 - [MESSAGE][PASSED] - Delayed 5 second(s)

2018-07-19 13:56:49 - [TEST_STEP][PASSED] - Statement - MAL_S_Count = CustomKeywords.applicationLibrary.GetsPendingTaskCount_MALSummaryScreen.Get_MALPendingTask_Count_Summaryscreen(): applicationLibrary.GetsPendingTaskCount_MALSummaryScreen.Get_MALPendingTask_Count_Summaryscreen is PASSED

2018-07-19 13:56:49 - [MESSAGE][PASSED] - applicationLibrary.GetsPendingTaskCount_MALSummaryScreen.Get_MALPendingTask_Count_Summaryscreen is PASSED

2018-07-19 13:56:49 - [TEST_STEP][PASSED] - verifyEqual: Actual object '5' and expected object '5' are equal

2018-07-19 13:56:49 - [MESSAGE][PASSED] - Actual object '5' and expected object '5' are equal

2018-07-19 13:56:49 - [TEST_STEP][PASSED] - callTestCase: Call Test Case 'Test Cases/CommonTestcases/Logout_Closebrowser' successfully

2018-07-19 13:56:49 - [TEST_CASE][PASSED] - Test Cases/CommonTestcases/Logout_Closebrowser: Test Cases/CommonTestcases/Logout_Closebrowser

2018-07-19 13:56:49 - [TEST_STEP][PASSED] - waitForElementPresent: Object 'Object Repository/OMVA_Landing_Page/User_icon' is present

2018-07-19 13:56:49 - [MESSAGE][PASSED] - Object 'Object Repository/OMVA_Landing_Page/User_icon' is present

2018-07-19 13:56:49 - [TEST_STEP][PASSED] - click: Object: 'Object Repository/OMVA_Landing_Page/User_icon' is clicked on

2018-07-19 13:56:49 - [MESSAGE][PASSED] - Object: 'Object Repository/OMVA_Landing_Page/User_icon' is clicked on

2018-07-19 13:56:49 - [TEST_STEP][PASSED] - waitForElementPresent: Object 'Object Repository/OMVA_Landing_Page/Logout_link' is present

2018-07-19 13:56:49 - [MESSAGE][PASSED] - Object 'Object Repository/OMVA_Landing_Page/Logout_link' is present

2018-07-19 13:56:49 - [TEST_STEP][PASSED] - click: Object: 'Object Repository/OMVA_Landing_Page/Logout_link' is clicked on

2018-07-19 13:56:49 - [MESSAGE][PASSED] - Object: 'Object Repository/OMVA_Landing_Page/Logout_link' is clicked on

2018-07-19 13:56:49 - [TEST_STEP][PASSED] - waitForElementNotPresent: Web element with id: 'Object Repository/OMVA_Landing_Page/User_icon' located by 'By.xpath: //img[@id='dropdown']' is not present after '15' second(s)

2018-07-19 13:56:49 - [MESSAGE][WARNING] - Timeout '0' is invalid. Using default page load timeout: '15'

2018-07-19 13:56:49 - [MESSAGE][PASSED] - Web element with id: 'Object Repository/OMVA_Landing_Page/User_icon' located by 'By.xpath: //img[@id='dropdown']' is not present after '15' second(s)

2018-07-19 13:56:49 - [TEST_STEP][PASSED] - closeBrowser: Browser is closed

2018-07-19 13:56:50 - [MESSAGE][PASSED] - Browser is closed

2018-07-19 13:56:50 - [MESSAGE][PASSED] - Call Test Case 'Test Cases/CommonTestcases/Logout_Closebrowser' successfully]]></system-out>
         <system-err><![CDATA[]]></system-err>
      </testcase>
      <testcase name="Test Cases/WorkBenchTestCases/Verify_DisplayOfHomePageForAllocSPOC" classname="Test Cases/WorkBenchTestCases/Verify_DisplayOfHomePageForAllocSPOC" status="PASSED">
         <system-out><![CDATA[2018-07-19 13:56:50 - [TEST_CASE][PASSED] - Test Cases/WorkBenchTestCases/Verify_DisplayOfHomePageForAllocSPOC: Test Cases/WorkBenchTestCases/Verify_DisplayOfHomePageForAllocSPOC

2018-07-19 13:56:50 - [TEST_STEP][PASSED] - callTestCase: Call Test Case 'Test Cases/UserManagementTestCases/Login/Login_AllocSPOC' successfully

2018-07-19 13:56:50 - [TEST_CASE][PASSED] - Test Cases/UserManagementTestCases/Login/Login_AllocSPOC: Test Cases/UserManagementTestCases/Login/Login_AllocSPOC

2018-07-19 13:56:51 - [TEST_STEP][PASSED] - callTestCase: Call Test Case 'Test Cases/CommonTestcases/OpenBrowserandNavigateToQAURL' successfully

2018-07-19 13:56:51 - [TEST_CASE][PASSED] - Test Cases/CommonTestcases/OpenBrowserandNavigateToQAURL: Test Cases/CommonTestcases/OpenBrowserandNavigateToQAURL

2018-07-19 13:56:51 - [TEST_STEP][PASSED] - openBrowser: Browser is opened with url: ''

2018-07-19 13:56:53 - [MESSAGE][PASSED] - Browser is opened with url: ''

2018-07-19 13:56:53 - [TEST_STEP][PASSED] - navigateToUrl: Navigate to 'https://coa-demo-env.azurewebsites.net/da/index.html#/login' successfully

2018-07-19 13:57:04 - [MESSAGE][PASSED] - Navigate to 'https://coa-demo-env.azurewebsites.net/da/index.html#/login' successfully

2018-07-19 13:57:04 - [TEST_STEP][PASSED] - maximizeWindow: Current window maximized

2018-07-19 13:57:05 - [MESSAGE][PASSED] - Current window maximized

2018-07-19 13:57:05 - [MESSAGE][PASSED] - Call Test Case 'Test Cases/CommonTestcases/OpenBrowserandNavigateToQAURL' successfully

2018-07-19 13:57:05 - [TEST_STEP][PASSED] - waitForElementVisible: Object 'Object Repository/OMVA_Login_Page/Password_Textbox' is not visible after 10 second(s)

2018-07-19 13:57:15 - [MESSAGE][WARNING] - Object 'Object Repository/OMVA_Login_Page/Password_Textbox' is not visible after 10 second(s)

2018-07-19 13:57:15 - [TEST_STEP][PASSED] - sendKeys: Keys 'romeo' sent to object: 'Object Repository/OMVA_Login_Page/Username_Textbox'

2018-07-19 13:57:15 - [MESSAGE][PASSED] - Keys 'romeo' sent to object: 'Object Repository/OMVA_Login_Page/Username_Textbox'

2018-07-19 13:57:15 - [TEST_STEP][PASSED] - click: Object: 'Object Repository/OMVA_Login_Page/Next_Button' is clicked on

2018-07-19 13:57:15 - [MESSAGE][PASSED] - Object: 'Object Repository/OMVA_Login_Page/Next_Button' is clicked on

2018-07-19 13:57:15 - [TEST_STEP][PASSED] - waitForElementVisible: Object 'Object Repository/OMVA_Login_Page/Password_Textbox' is visible

2018-07-19 13:57:16 - [MESSAGE][PASSED] - Object 'Object Repository/OMVA_Login_Page/Password_Textbox' is visible

2018-07-19 13:57:16 - [TEST_STEP][PASSED] - sendKeys: Keys 'romeo' sent to object: 'Object Repository/OMVA_Login_Page/Password_Textbox'

2018-07-19 13:57:16 - [MESSAGE][PASSED] - Keys 'romeo' sent to object: 'Object Repository/OMVA_Login_Page/Password_Textbox'

2018-07-19 13:57:16 - [TEST_STEP][PASSED] - click: Object: 'Object Repository/OMVA_Login_Page/Signin_Button' is clicked on

2018-07-19 13:57:16 - [MESSAGE][PASSED] - Object: 'Object Repository/OMVA_Login_Page/Signin_Button' is clicked on

2018-07-19 13:57:16 - [TEST_STEP][PASSED] - waitForAngularLoad: This page doesn't use Angular.

2018-07-19 13:57:16 - [MESSAGE][WARNING] - This page doesn't use Angular.

2018-07-19 13:57:16 - [TEST_STEP][PASSED] - Statement - greetingtext = com.kms.katalon.core.webui.keyword.WebUiBuiltInKeywords.getText(com.kms.katalon.core.testobject.ObjectRepository.findTestObject(OMVA_Landing_Page/Greeting_Label)): Text of object 'Object Repository/OMVA_Landing_Page/Greeting_Label' is: 'Good Afternoon, romeo'

2018-07-19 13:57:17 - [MESSAGE][PASSED] - Text of object 'Object Repository/OMVA_Landing_Page/Greeting_Label' is: 'Good Afternoon, romeo'

2018-07-19 13:57:17 - [TEST_STEP][PASSED] - verifyMatch: Actual text 'Good Afternoon, romeo' and expected text '\D*romeo' are matched  using regular expression

2018-07-19 13:57:17 - [MESSAGE][PASSED] - Actual text 'Good Afternoon, romeo' and expected text '\D*romeo' are matched  using regular expression

2018-07-19 13:57:17 - [MESSAGE][PASSED] - Call Test Case 'Test Cases/UserManagementTestCases/Login/Login_AllocSPOC' successfully

2018-07-19 13:57:17 - [TEST_STEP][PASSED] - delay: Delayed 5 second(s)

2018-07-19 13:57:22 - [MESSAGE][PASSED] - Delayed 5 second(s)

2018-07-19 13:57:22 - [TEST_STEP][PASSED] - verifyElementPresent: Object 'Object Repository/OMVA_Landing_Page/SummaryLogo_ASpoc' is present

2018-07-19 13:57:22 - [MESSAGE][PASSED] - Object 'Object Repository/OMVA_Landing_Page/SummaryLogo_ASpoc' is present

2018-07-19 13:57:22 - [TEST_STEP][PASSED] - verifyElementPresent: Object 'Object Repository/OMVA_Landing_Page/History_Logo' is present

2018-07-19 13:57:22 - [MESSAGE][PASSED] - Object 'Object Repository/OMVA_Landing_Page/History_Logo' is present

2018-07-19 13:57:22 - [TEST_STEP][PASSED] - verifyElementNotPresent: Web element with id: 'Object Repository/OMVA_Landing_Page/Workbench_Logo' located by 'By.xpath: //li[@class='workBenchLogo']' is not present after '5' second(s)

2018-07-19 13:57:22 - [MESSAGE][PASSED] - Web element with id: 'Object Repository/OMVA_Landing_Page/Workbench_Logo' located by 'By.xpath: //li[@class='workBenchLogo']' is not present after '5' second(s)

2018-07-19 13:57:22 - [TEST_STEP][PASSED] - callTestCase: Call Test Case 'Test Cases/CommonTestcases/Logout_Closebrowser' successfully

2018-07-19 13:57:22 - [TEST_CASE][PASSED] - Test Cases/CommonTestcases/Logout_Closebrowser: Test Cases/CommonTestcases/Logout_Closebrowser

2018-07-19 13:57:22 - [TEST_STEP][PASSED] - waitForElementPresent: Object 'Object Repository/OMVA_Landing_Page/User_icon' is present

2018-07-19 13:57:22 - [MESSAGE][PASSED] - Object 'Object Repository/OMVA_Landing_Page/User_icon' is present

2018-07-19 13:57:22 - [TEST_STEP][PASSED] - click: Object: 'Object Repository/OMVA_Landing_Page/User_icon' is clicked on

2018-07-19 13:57:22 - [MESSAGE][PASSED] - Object: 'Object Repository/OMVA_Landing_Page/User_icon' is clicked on

2018-07-19 13:57:22 - [TEST_STEP][PASSED] - waitForElementPresent: Object 'Object Repository/OMVA_Landing_Page/Logout_link' is present

2018-07-19 13:57:22 - [MESSAGE][PASSED] - Object 'Object Repository/OMVA_Landing_Page/Logout_link' is present

2018-07-19 13:57:22 - [TEST_STEP][PASSED] - click: Object: 'Object Repository/OMVA_Landing_Page/Logout_link' is clicked on

2018-07-19 13:57:22 - [MESSAGE][PASSED] - Object: 'Object Repository/OMVA_Landing_Page/Logout_link' is clicked on

2018-07-19 13:57:22 - [TEST_STEP][PASSED] - waitForElementNotPresent: Web element with id: 'Object Repository/OMVA_Landing_Page/User_icon' located by 'By.xpath: //img[@id='dropdown']' is not present after '15' second(s)

2018-07-19 13:57:22 - [MESSAGE][WARNING] - Timeout '0' is invalid. Using default page load timeout: '15'

2018-07-19 13:57:23 - [MESSAGE][PASSED] - Web element with id: 'Object Repository/OMVA_Landing_Page/User_icon' located by 'By.xpath: //img[@id='dropdown']' is not present after '15' second(s)

2018-07-19 13:57:23 - [TEST_STEP][PASSED] - closeBrowser: Browser is closed

2018-07-19 13:57:24 - [MESSAGE][PASSED] - Browser is closed

2018-07-19 13:57:24 - [MESSAGE][PASSED] - Call Test Case 'Test Cases/CommonTestcases/Logout_Closebrowser' successfully]]></system-out>
         <system-err><![CDATA[]]></system-err>
      </testcase>
      <testcase name="Test Cases/WorkBenchTestCases/Verify_MALSKU_MovesToHistory" classname="Test Cases/WorkBenchTestCases/Verify_MALSKU_MovesToHistory" status="ERROR">
         <error type="ERROR" message="Test Cases/WorkBenchTestCases/Verify_MALSKU_MovesToHistory FAILED because (of) org.openqa.selenium.WebDriverException: unknown error: Element &lt;div _ngcontent-c8=&quot;&quot; class=&quot;sm-chk&quot;>...&lt;/div> is not clickable at point (119, 323). Other element would receive the click: &lt;div _ngcontent-c0=&quot;&quot; id=&quot;Loader&quot; style=&quot;display: block;&quot;>...&lt;/div>
  (Session info: chrome=67.0.3396.62)
  (Driver info: chromedriver=2.35.528161 (5b82f2d2aae0ca24b877009200ced9065a772e73),platform=Windows NT 10.0.16299 x86_64) (WARNING: The server did not provide any stacktrace information)
Command duration or timeout: 0 milliseconds
Build info: version: '3.7.1', revision: '8a0099a', time: '2017-11-06T21:07:36.161Z'
System info: host: '703177791GDL', ip: '172.16.21.232', os.name: 'Windows 10', os.arch: 'amd64', os.version: '10.0', java.version: '1.8.0_102'
Driver info: com.kms.katalon.selenium.driver.CChromeDriver
Capabilities {acceptInsecureCerts: false, acceptSslCerts: false, applicationCacheEnabled: false, browserConnectionEnabled: false, browserName: chrome, chrome: {chromedriverVersion: 2.35.528161 (5b82f2d2aae0ca..., userDataDir: D:\Users\703177791\AppData\...}, cssSelectorsEnabled: true, databaseEnabled: false, handlesAlerts: true, hasTouchScreen: false, javascriptEnabled: true, locationContextEnabled: true, mobileEmulationEnabled: false, nativeEvents: true, networkConnectionEnabled: false, pageLoadStrategy: normal, platform: XP, platformName: XP, rotatable: false, setWindowRect: true, takesHeapSnapshot: true, takesScreenshot: true, unexpectedAlertBehaviour: , unhandledPromptBehavior: , version: 67.0.3396.62, webStorageEnabled: true}
Session ID: 7d08f2699530af52a10f62199770e7b9"/>
         <system-out><![CDATA[2018-07-19 13:57:24 - [TEST_CASE][ERROR] - Test Cases/WorkBenchTestCases/Verify_MALSKU_MovesToHistory: Test Cases/WorkBenchTestCases/Verify_MALSKU_MovesToHistory FAILED because (of) org.openqa.selenium.WebDriverException: unknown error: Element <div _ngcontent-c8="" class="sm-chk">...</div> is not clickable at point (119, 323). Other element would receive the click: <div _ngcontent-c0="" id="Loader" style="display: block;">...</div>
  (Session info: chrome=67.0.3396.62)
  (Driver info: chromedriver=2.35.528161 (5b82f2d2aae0ca24b877009200ced9065a772e73),platform=Windows NT 10.0.16299 x86_64) (WARNING: The server did not provide any stacktrace information)
Command duration or timeout: 0 milliseconds
Build info: version: '3.7.1', revision: '8a0099a', time: '2017-11-06T21:07:36.161Z'
System info: host: '703177791GDL', ip: '172.16.21.232', os.name: 'Windows 10', os.arch: 'amd64', os.version: '10.0', java.version: '1.8.0_102'
Driver info: com.kms.katalon.selenium.driver.CChromeDriver
Capabilities {acceptInsecureCerts: false, acceptSslCerts: false, applicationCacheEnabled: false, browserConnectionEnabled: false, browserName: chrome, chrome: {chromedriverVersion: 2.35.528161 (5b82f2d2aae0ca..., userDataDir: D:\Users\703177791\AppData\...}, cssSelectorsEnabled: true, databaseEnabled: false, handlesAlerts: true, hasTouchScreen: false, javascriptEnabled: true, locationContextEnabled: true, mobileEmulationEnabled: false, nativeEvents: true, networkConnectionEnabled: false, pageLoadStrategy: normal, platform: XP, platformName: XP, rotatable: false, setWindowRect: true, takesHeapSnapshot: true, takesScreenshot: true, unexpectedAlertBehaviour: , unhandledPromptBehavior: , version: 67.0.3396.62, webStorageEnabled: true}
Session ID: 7d08f2699530af52a10f62199770e7b9

2018-07-19 13:57:24 - [TEST_STEP][PASSED] - callTestCase: Call Test Case 'Test Cases/UserManagementTestCases/Login/Login_ChannelMSP' successfully

2018-07-19 13:57:24 - [TEST_CASE][PASSED] - Test Cases/UserManagementTestCases/Login/Login_ChannelMSP: Test Cases/UserManagementTestCases/Login/Login_ChannelMSP

2018-07-19 13:57:24 - [TEST_STEP][PASSED] - callTestCase: Call Test Case 'Test Cases/CommonTestcases/OpenBrowserandNavigateToQAURL' successfully

2018-07-19 13:57:24 - [TEST_CASE][PASSED] - Test Cases/CommonTestcases/OpenBrowserandNavigateToQAURL: Test Cases/CommonTestcases/OpenBrowserandNavigateToQAURL

2018-07-19 13:57:24 - [TEST_STEP][PASSED] - openBrowser: Browser is opened with url: ''

2018-07-19 13:57:26 - [MESSAGE][PASSED] - Browser is opened with url: ''

2018-07-19 13:57:26 - [TEST_STEP][PASSED] - navigateToUrl: Navigate to 'https://coa-demo-env.azurewebsites.net/da/index.html#/login' successfully

2018-07-19 13:57:34 - [MESSAGE][PASSED] - Navigate to 'https://coa-demo-env.azurewebsites.net/da/index.html#/login' successfully

2018-07-19 13:57:34 - [TEST_STEP][PASSED] - maximizeWindow: Current window maximized

2018-07-19 13:57:36 - [MESSAGE][PASSED] - Current window maximized

2018-07-19 13:57:36 - [MESSAGE][PASSED] - Call Test Case 'Test Cases/CommonTestcases/OpenBrowserandNavigateToQAURL' successfully

2018-07-19 13:57:36 - [TEST_STEP][PASSED] - waitForElementVisible: Object 'Object Repository/OMVA_Login_Page/Password_Textbox' is not visible after 10 second(s)

2018-07-19 13:57:46 - [MESSAGE][WARNING] - Object 'Object Repository/OMVA_Login_Page/Password_Textbox' is not visible after 10 second(s)

2018-07-19 13:57:46 - [TEST_STEP][PASSED] - sendKeys: Keys 'nicole' sent to object: 'Object Repository/OMVA_Login_Page/Username_Textbox'

2018-07-19 13:57:46 - [MESSAGE][PASSED] - Keys 'nicole' sent to object: 'Object Repository/OMVA_Login_Page/Username_Textbox'

2018-07-19 13:57:46 - [TEST_STEP][PASSED] - click: Object: 'Object Repository/OMVA_Login_Page/Next_Button' is clicked on

2018-07-19 13:57:46 - [MESSAGE][PASSED] - Object: 'Object Repository/OMVA_Login_Page/Next_Button' is clicked on

2018-07-19 13:57:46 - [TEST_STEP][PASSED] - waitForElementVisible: Object 'Object Repository/OMVA_Login_Page/Password_Textbox' is visible

2018-07-19 13:57:47 - [MESSAGE][PASSED] - Object 'Object Repository/OMVA_Login_Page/Password_Textbox' is visible

2018-07-19 13:57:47 - [TEST_STEP][PASSED] - sendKeys: Keys 'nicole' sent to object: 'Object Repository/OMVA_Login_Page/Password_Textbox'

2018-07-19 13:57:47 - [MESSAGE][PASSED] - Keys 'nicole' sent to object: 'Object Repository/OMVA_Login_Page/Password_Textbox'

2018-07-19 13:57:47 - [TEST_STEP][PASSED] - click: Object: 'Object Repository/OMVA_Login_Page/Signin_Button' is clicked on

2018-07-19 13:57:47 - [MESSAGE][PASSED] - Object: 'Object Repository/OMVA_Login_Page/Signin_Button' is clicked on

2018-07-19 13:57:47 - [TEST_STEP][PASSED] - waitForAngularLoad: This page doesn't use Angular.

2018-07-19 13:57:47 - [MESSAGE][WARNING] - This page doesn't use Angular.

2018-07-19 13:57:47 - [TEST_STEP][PASSED] - Statement - greetingtext = com.kms.katalon.core.webui.keyword.WebUiBuiltInKeywords.getText(com.kms.katalon.core.testobject.ObjectRepository.findTestObject(OMVA_Landing_Page/Greeting_Label)): Text of object 'Object Repository/OMVA_Landing_Page/Greeting_Label' is: 'Good Afternoon, nicole'

2018-07-19 13:57:48 - [MESSAGE][PASSED] - Text of object 'Object Repository/OMVA_Landing_Page/Greeting_Label' is: 'Good Afternoon, nicole'

2018-07-19 13:57:48 - [TEST_STEP][PASSED] - verifyMatch: Actual text 'Good Afternoon, nicole' and expected text '\D*nicole' are matched  using regular expression

2018-07-19 13:57:48 - [MESSAGE][PASSED] - Actual text 'Good Afternoon, nicole' and expected text '\D*nicole' are matched  using regular expression

2018-07-19 13:57:48 - [MESSAGE][PASSED] - Call Test Case 'Test Cases/UserManagementTestCases/Login/Login_ChannelMSP' successfully

2018-07-19 13:57:48 - [TEST_STEP][PASSED] - delay: Delayed 3 second(s)

2018-07-19 13:57:51 - [MESSAGE][PASSED] - Delayed 3 second(s)

2018-07-19 13:57:51 - [TEST_STEP][PASSED] - click: Object: 'Object Repository/OMVA_Summary_Page/Customer_dropdown' is clicked on

2018-07-19 13:57:51 - [MESSAGE][PASSED] - Object: 'Object Repository/OMVA_Summary_Page/Customer_dropdown' is clicked on

2018-07-19 13:57:51 - [TEST_STEP][PASSED] - click: Object: 'Object Repository/OMVA_Summary_Page/Select_puregold' is clicked on

2018-07-19 13:57:51 - [MESSAGE][PASSED] - Object: 'Object Repository/OMVA_Summary_Page/Select_puregold' is clicked on

2018-07-19 13:57:51 - [TEST_STEP][PASSED] - delay: Delayed 5 second(s)

2018-07-19 13:57:56 - [MESSAGE][PASSED] - Delayed 5 second(s)

2018-07-19 13:57:56 - [TEST_STEP][PASSED] - waitForElementPresent: Object 'Object Repository/OMVA_Workbench_Page/1st_SKUMaterial' is present

2018-07-19 13:57:56 - [MESSAGE][WARNING] - Timeout '0' is invalid. Using default page load timeout: '15'

2018-07-19 13:57:56 - [MESSAGE][PASSED] - Object 'Object Repository/OMVA_Workbench_Page/1st_SKUMaterial' is present

2018-07-19 13:57:56 - [TEST_STEP][PASSED] - Statement - SKUID = com.kms.katalon.core.webui.keyword.WebUiBuiltInKeywords.getText(com.kms.katalon.core.testobject.ObjectRepository.findTestObject(OMVA_Workbench_Page/1st_SKUMaterial)): Text of object 'Object Repository/OMVA_Workbench_Page/1st_SKUMaterial' is: '82276850'

2018-07-19 13:57:56 - [MESSAGE][PASSED] - Text of object 'Object Repository/OMVA_Workbench_Page/1st_SKUMaterial' is: '82276850'

2018-07-19 13:57:56 - [TEST_STEP][PASSED] - waitForElementPresent: Object 'Object Repository/OMVA_Workbench_Page/DONE_Btn' is present

2018-07-19 13:57:56 - [MESSAGE][PASSED] - Object 'Object Repository/OMVA_Workbench_Page/DONE_Btn' is present

2018-07-19 13:57:56 - [TEST_STEP][PASSED] - scrollToElement: Scroll to object 'Object Repository/OMVA_Workbench_Page/DONE_Btn' successfully

2018-07-19 13:57:56 - [MESSAGE][PASSED] - Scroll to object 'Object Repository/OMVA_Workbench_Page/DONE_Btn' successfully

2018-07-19 13:57:56 - [TEST_STEP][PASSED] - click: Object: 'Object Repository/OMVA_Workbench_Page/DONE_Btn' is clicked on

2018-07-19 13:57:57 - [MESSAGE][PASSED] - Object: 'Object Repository/OMVA_Workbench_Page/DONE_Btn' is clicked on

2018-07-19 13:57:57 - [TEST_STEP][ERROR] - applicationLibrary.ClicksOn1stBatchof_SKUID_andgetsBatchNo.ClickOnSKUInprogressBatch: unknown error: Element <div _ngcontent-c8="" class="sm-chk">...</div> is not clickable at point (119, 323). Other element would receive the click: <div _ngcontent-c0="" id="Loader" style="display: block;">...</div>
  (Session info: chrome=67.0.3396.62)
  (Driver info: chromedriver=2.35.528161 (5b82f2d2aae0ca24b877009200ced9065a772e73),platform=Windows NT 10.0.16299 x86_64) (WARNING: The server did not provide any stacktrace information)
Command duration or timeout: 0 milliseconds
Build info: version: '3.7.1', revision: '8a0099a', time: '2017-11-06T21:07:36.161Z'
System info: host: '703177791GDL', ip: '172.16.21.232', os.name: 'Windows 10', os.arch: 'amd64', os.version: '10.0', java.version: '1.8.0_102'
Driver info: com.kms.katalon.selenium.driver.CChromeDriver
Capabilities {acceptInsecureCerts: false, acceptSslCerts: false, applicationCacheEnabled: false, browserConnectionEnabled: false, browserName: chrome, chrome: {chromedriverVersion: 2.35.528161 (5b82f2d2aae0ca..., userDataDir: D:\Users\703177791\AppData\...}, cssSelectorsEnabled: true, databaseEnabled: false, handlesAlerts: true, hasTouchScreen: false, javascriptEnabled: true, locationContextEnabled: true, mobileEmulationEnabled: false, nativeEvents: true, networkConnectionEnabled: false, pageLoadStrategy: normal, platform: XP, platformName: XP, rotatable: false, setWindowRect: true, takesHeapSnapshot: true, takesScreenshot: true, unexpectedAlertBehaviour: , unhandledPromptBehavior: , version: 67.0.3396.62, webStorageEnabled: true}
Session ID: 7d08f2699530af52a10f62199770e7b9

2018-07-19 13:58:02 - [MESSAGE][ERROR] - unknown error: Element <div _ngcontent-c8="" class="sm-chk">...</div> is not clickable at point (119, 323). Other element would receive the click: <div _ngcontent-c0="" id="Loader" style="display: block;">...</div>
  (Session info: chrome=67.0.3396.62)
  (Driver info: chromedriver=2.35.528161 (5b82f2d2aae0ca24b877009200ced9065a772e73),platform=Windows NT 10.0.16299 x86_64) (WARNING: The server did not provide any stacktrace information)
Command duration or timeout: 0 milliseconds
Build info: version: '3.7.1', revision: '8a0099a', time: '2017-11-06T21:07:36.161Z'
System info: host: '703177791GDL', ip: '172.16.21.232', os.name: 'Windows 10', os.arch: 'amd64', os.version: '10.0', java.version: '1.8.0_102'
Driver info: com.kms.katalon.selenium.driver.CChromeDriver
Capabilities {acceptInsecureCerts: false, acceptSslCerts: false, applicationCacheEnabled: false, browserConnectionEnabled: false, browserName: chrome, chrome: {chromedriverVersion: 2.35.528161 (5b82f2d2aae0ca..., userDataDir: D:\Users\703177791\AppData\...}, cssSelectorsEnabled: true, databaseEnabled: false, handlesAlerts: true, hasTouchScreen: false, javascriptEnabled: true, locationContextEnabled: true, mobileEmulationEnabled: false, nativeEvents: true, networkConnectionEnabled: false, pageLoadStrategy: normal, platform: XP, platformName: XP, rotatable: false, setWindowRect: true, takesHeapSnapshot: true, takesScreenshot: true, unexpectedAlertBehaviour: , unhandledPromptBehavior: , version: 67.0.3396.62, webStorageEnabled: true}
Session ID: 7d08f2699530af52a10f62199770e7b9]]></system-out>
         <system-err><![CDATA[2018-07-19 13:57:24 - [TEST_CASE][ERROR] - Test Cases/WorkBenchTestCases/Verify_MALSKU_MovesToHistory: Test Cases/WorkBenchTestCases/Verify_MALSKU_MovesToHistory FAILED because (of) org.openqa.selenium.WebDriverException: unknown error: Element <div _ngcontent-c8="" class="sm-chk">...</div> is not clickable at point (119, 323). Other element would receive the click: <div _ngcontent-c0="" id="Loader" style="display: block;">...</div>
  (Session info: chrome=67.0.3396.62)
  (Driver info: chromedriver=2.35.528161 (5b82f2d2aae0ca24b877009200ced9065a772e73),platform=Windows NT 10.0.16299 x86_64) (WARNING: The server did not provide any stacktrace information)
Command duration or timeout: 0 milliseconds
Build info: version: '3.7.1', revision: '8a0099a', time: '2017-11-06T21:07:36.161Z'
System info: host: '703177791GDL', ip: '172.16.21.232', os.name: 'Windows 10', os.arch: 'amd64', os.version: '10.0', java.version: '1.8.0_102'
Driver info: com.kms.katalon.selenium.driver.CChromeDriver
Capabilities {acceptInsecureCerts: false, acceptSslCerts: false, applicationCacheEnabled: false, browserConnectionEnabled: false, browserName: chrome, chrome: {chromedriverVersion: 2.35.528161 (5b82f2d2aae0ca..., userDataDir: D:\Users\703177791\AppData\...}, cssSelectorsEnabled: true, databaseEnabled: false, handlesAlerts: true, hasTouchScreen: false, javascriptEnabled: true, locationContextEnabled: true, mobileEmulationEnabled: false, nativeEvents: true, networkConnectionEnabled: false, pageLoadStrategy: normal, platform: XP, platformName: XP, rotatable: false, setWindowRect: true, takesHeapSnapshot: true, takesScreenshot: true, unexpectedAlertBehaviour: , unhandledPromptBehavior: , version: 67.0.3396.62, webStorageEnabled: true}
Session ID: 7d08f2699530af52a10f62199770e7b9]]></system-err>
      </testcase>
      <testcase name="Test Cases/WorkBenchTestCases/Validate_ChannelMSPAuthorisedIncreaseAllocation" classname="Test Cases/WorkBenchTestCases/Validate_ChannelMSPAuthorisedIncreaseAllocation" status="PASSED">
         <system-out><![CDATA[2018-07-19 13:58:02 - [TEST_CASE][PASSED] - Test Cases/WorkBenchTestCases/Validate_ChannelMSPAuthorisedIncreaseAllocation: Test Cases/WorkBenchTestCases/Validate_ChannelMSPAuthorisedIncreaseAllocation

2018-07-19 13:58:02 - [TEST_STEP][PASSED] - callTestCase: Call Test Case 'Test Cases/UserManagementTestCases/Login/Login_ChannelMSP' successfully

2018-07-19 13:58:02 - [TEST_CASE][PASSED] - Test Cases/UserManagementTestCases/Login/Login_ChannelMSP: Test Cases/UserManagementTestCases/Login/Login_ChannelMSP

2018-07-19 13:58:02 - [TEST_STEP][PASSED] - callTestCase: Call Test Case 'Test Cases/CommonTestcases/OpenBrowserandNavigateToQAURL' successfully

2018-07-19 13:58:02 - [TEST_CASE][PASSED] - Test Cases/CommonTestcases/OpenBrowserandNavigateToQAURL: Test Cases/CommonTestcases/OpenBrowserandNavigateToQAURL

2018-07-19 13:58:02 - [TEST_STEP][PASSED] - openBrowser: Browser is opened with url: ''

2018-07-19 13:58:02 - [MESSAGE][WARNING] - A browser is already opened. Closing browser and opening a new one

2018-07-19 13:58:05 - [MESSAGE][PASSED] - Browser is opened with url: ''

2018-07-19 13:58:05 - [TEST_STEP][PASSED] - navigateToUrl: Navigate to 'https://coa-demo-env.azurewebsites.net/da/index.html#/login' successfully

2018-07-19 13:58:17 - [MESSAGE][PASSED] - Navigate to 'https://coa-demo-env.azurewebsites.net/da/index.html#/login' successfully

2018-07-19 13:58:17 - [TEST_STEP][PASSED] - maximizeWindow: Current window maximized

2018-07-19 13:58:18 - [MESSAGE][PASSED] - Current window maximized

2018-07-19 13:58:18 - [MESSAGE][PASSED] - Call Test Case 'Test Cases/CommonTestcases/OpenBrowserandNavigateToQAURL' successfully

2018-07-19 13:58:18 - [TEST_STEP][PASSED] - waitForElementVisible: Object 'Object Repository/OMVA_Login_Page/Password_Textbox' is not visible after 10 second(s)

2018-07-19 13:58:28 - [MESSAGE][WARNING] - Object 'Object Repository/OMVA_Login_Page/Password_Textbox' is not visible after 10 second(s)

2018-07-19 13:58:28 - [TEST_STEP][PASSED] - sendKeys: Keys 'nicole' sent to object: 'Object Repository/OMVA_Login_Page/Username_Textbox'

2018-07-19 13:58:28 - [MESSAGE][PASSED] - Keys 'nicole' sent to object: 'Object Repository/OMVA_Login_Page/Username_Textbox'

2018-07-19 13:58:28 - [TEST_STEP][PASSED] - click: Object: 'Object Repository/OMVA_Login_Page/Next_Button' is clicked on

2018-07-19 13:58:29 - [MESSAGE][PASSED] - Object: 'Object Repository/OMVA_Login_Page/Next_Button' is clicked on

2018-07-19 13:58:29 - [TEST_STEP][PASSED] - waitForElementVisible: Object 'Object Repository/OMVA_Login_Page/Password_Textbox' is visible

2018-07-19 13:58:29 - [MESSAGE][PASSED] - Object 'Object Repository/OMVA_Login_Page/Password_Textbox' is visible

2018-07-19 13:58:29 - [TEST_STEP][PASSED] - sendKeys: Keys 'nicole' sent to object: 'Object Repository/OMVA_Login_Page/Password_Textbox'

2018-07-19 13:58:29 - [MESSAGE][PASSED] - Keys 'nicole' sent to object: 'Object Repository/OMVA_Login_Page/Password_Textbox'

2018-07-19 13:58:29 - [TEST_STEP][PASSED] - click: Object: 'Object Repository/OMVA_Login_Page/Signin_Button' is clicked on

2018-07-19 13:58:29 - [MESSAGE][PASSED] - Object: 'Object Repository/OMVA_Login_Page/Signin_Button' is clicked on

2018-07-19 13:58:29 - [TEST_STEP][PASSED] - waitForAngularLoad: This page doesn't use Angular.

2018-07-19 13:58:29 - [MESSAGE][WARNING] - This page doesn't use Angular.

2018-07-19 13:58:29 - [TEST_STEP][PASSED] - Statement - greetingtext = com.kms.katalon.core.webui.keyword.WebUiBuiltInKeywords.getText(com.kms.katalon.core.testobject.ObjectRepository.findTestObject(OMVA_Landing_Page/Greeting_Label)): Text of object 'Object Repository/OMVA_Landing_Page/Greeting_Label' is: 'Good Afternoon, nicole'

2018-07-19 13:58:30 - [MESSAGE][PASSED] - Text of object 'Object Repository/OMVA_Landing_Page/Greeting_Label' is: 'Good Afternoon, nicole'

2018-07-19 13:58:30 - [TEST_STEP][PASSED] - verifyMatch: Actual text 'Good Afternoon, nicole' and expected text '\D*nicole' are matched  using regular expression

2018-07-19 13:58:30 - [MESSAGE][PASSED] - Actual text 'Good Afternoon, nicole' and expected text '\D*nicole' are matched  using regular expression

2018-07-19 13:58:30 - [MESSAGE][PASSED] - Call Test Case 'Test Cases/UserManagementTestCases/Login/Login_ChannelMSP' successfully

2018-07-19 13:58:30 - [TEST_STEP][PASSED] - waitForElementPresent: Object 'Object Repository/OMVA_UserManagement_Page/Search_button' is present

2018-07-19 13:58:30 - [MESSAGE][PASSED] - Object 'Object Repository/OMVA_UserManagement_Page/Search_button' is present

2018-07-19 13:58:30 - [TEST_STEP][PASSED] - click: Object: 'Object Repository/OMVA_UserManagement_Page/Search_button' is clicked on

2018-07-19 13:58:30 - [MESSAGE][PASSED] - Object: 'Object Repository/OMVA_UserManagement_Page/Search_button' is clicked on

2018-07-19 13:58:30 - [TEST_STEP][PASSED] - waitForElementVisible: Object 'Object Repository/OMVA_UserManagement_Page/Enter_Text_Search' is not visible after 7 second(s)

2018-07-19 13:58:37 - [MESSAGE][WARNING] - Object 'Object Repository/OMVA_UserManagement_Page/Enter_Text_Search' is not visible after 7 second(s)

2018-07-19 13:58:37 - [TEST_STEP][PASSED] - sendKeys: Keys '82269564' sent to object: 'Object Repository/OMVA_UserManagement_Page/Enter_Text_Search'

2018-07-19 13:58:38 - [MESSAGE][PASSED] - Keys '82269564' sent to object: 'Object Repository/OMVA_UserManagement_Page/Enter_Text_Search'

2018-07-19 13:58:38 - [TEST_STEP][PASSED] - waitForElementVisible: Object 'Object Repository/OMVA_Workbench_Page/1st_SKUMaterial' is visible

2018-07-19 13:58:38 - [MESSAGE][PASSED] - Object 'Object Repository/OMVA_Workbench_Page/1st_SKUMaterial' is visible

2018-07-19 13:58:38 - [TEST_STEP][PASSED] - click: Object: 'Object Repository/OMVA_Workbench_Page/1st_SKUMaterial' is clicked on

2018-07-19 13:58:38 - [MESSAGE][PASSED] - Object: 'Object Repository/OMVA_Workbench_Page/1st_SKUMaterial' is clicked on

2018-07-19 13:58:38 - [TEST_STEP][PASSED] - waitForElementVisible: Object 'Object Repository/OMVA_Summary_Page/SummaryText' is visible

2018-07-19 13:58:38 - [MESSAGE][PASSED] - Object 'Object Repository/OMVA_Summary_Page/SummaryText' is visible

2018-07-19 13:58:38 - [TEST_STEP][PASSED] - delay: Delayed 4 second(s)

2018-07-19 13:58:42 - [MESSAGE][PASSED] - Delayed 4 second(s)

2018-07-19 13:58:42 - [TEST_STEP][PASSED] - scrollToElement: Scroll to object 'Object Repository/OMVA_Landing_Page/OMVA_Recommendation' successfully

2018-07-19 13:58:42 - [MESSAGE][PASSED] - Scroll to object 'Object Repository/OMVA_Landing_Page/OMVA_Recommendation' successfully

2018-07-19 13:58:42 - [TEST_STEP][PASSED] - waitForElementNotPresent: Web element with id: 'Object Repository/OMVA_Landing_Page/IncreaseAllocation_Summary' located by 'By.xpath: //LABEL[@_ngcontent-c8=''][text()='Increase Allocation']' is not present after '5' second(s)

2018-07-19 13:58:42 - [MESSAGE][PASSED] - Web element with id: 'Object Repository/OMVA_Landing_Page/IncreaseAllocation_Summary' located by 'By.xpath: //LABEL[@_ngcontent-c8=''][text()='Increase Allocation']' is not present after '5' second(s)

2018-07-19 13:58:42 - [TEST_STEP][PASSED] - callTestCase: Call Test Case 'Test Cases/CommonTestcases/Logout_Closebrowser' successfully

2018-07-19 13:58:42 - [TEST_CASE][PASSED] - Test Cases/CommonTestcases/Logout_Closebrowser: Test Cases/CommonTestcases/Logout_Closebrowser

2018-07-19 13:58:42 - [TEST_STEP][PASSED] - waitForElementPresent: Object 'Object Repository/OMVA_Landing_Page/User_icon' is present

2018-07-19 13:58:42 - [MESSAGE][PASSED] - Object 'Object Repository/OMVA_Landing_Page/User_icon' is present

2018-07-19 13:58:42 - [TEST_STEP][PASSED] - click: Object: 'Object Repository/OMVA_Landing_Page/User_icon' is clicked on

2018-07-19 13:58:42 - [MESSAGE][PASSED] - Object: 'Object Repository/OMVA_Landing_Page/User_icon' is clicked on

2018-07-19 13:58:42 - [TEST_STEP][PASSED] - waitForElementPresent: Object 'Object Repository/OMVA_Landing_Page/Logout_link' is present

2018-07-19 13:58:42 - [MESSAGE][PASSED] - Object 'Object Repository/OMVA_Landing_Page/Logout_link' is present

2018-07-19 13:58:42 - [TEST_STEP][PASSED] - click: Object: 'Object Repository/OMVA_Landing_Page/Logout_link' is clicked on

2018-07-19 13:58:42 - [MESSAGE][PASSED] - Object: 'Object Repository/OMVA_Landing_Page/Logout_link' is clicked on

2018-07-19 13:58:42 - [TEST_STEP][PASSED] - waitForElementNotPresent: Web element with id: 'Object Repository/OMVA_Landing_Page/User_icon' located by 'By.xpath: //img[@id='dropdown']' is not present after '15' second(s)

2018-07-19 13:58:42 - [MESSAGE][WARNING] - Timeout '0' is invalid. Using default page load timeout: '15'

2018-07-19 13:58:43 - [MESSAGE][PASSED] - Web element with id: 'Object Repository/OMVA_Landing_Page/User_icon' located by 'By.xpath: //img[@id='dropdown']' is not present after '15' second(s)

2018-07-19 13:58:43 - [TEST_STEP][PASSED] - closeBrowser: Browser is closed

2018-07-19 13:58:44 - [MESSAGE][PASSED] - Browser is closed

2018-07-19 13:58:44 - [MESSAGE][PASSED] - Call Test Case 'Test Cases/CommonTestcases/Logout_Closebrowser' successfully]]></system-out>
         <system-err><![CDATA[]]></system-err>
      </testcase>
      <system-out><![CDATA[2018-07-19 13:53:25 - [TEST_SUITE][FAILED] - WorkBenchTestSuite: Test Cases/WorkBenchTestCases/Validate_CategoryMSPIncreaseAllocationQtyNotEditable FAILED because (of) Unable to click on object 'Object Repository/OMVA_Workbench_Page/1st_SKUMaterial' (Root cause: com.kms.katalon.core.webui.exception.WebElementNotFoundException: Web element with id: 'Object Repository/OMVA_Workbench_Page/1st_SKUMaterial' located by 'By.xpath: (//div[@id='parent']//descendant::h2[@data-parent='#parent'])[1]' not found)]]></system-out>
      <system-err><![CDATA[2018-07-19 13:53:25 - [TEST_SUITE][FAILED] - WorkBenchTestSuite: Test Cases/WorkBenchTestCases/Validate_CategoryMSPIncreaseAllocationQtyNotEditable FAILED because (of) Unable to click on object 'Object Repository/OMVA_Workbench_Page/1st_SKUMaterial' (Root cause: com.kms.katalon.core.webui.exception.WebElementNotFoundException: Web element with id: 'Object Repository/OMVA_Workbench_Page/1st_SKUMaterial' located by 'By.xpath: (//div[@id='parent']//descendant::h2[@data-parent='#parent'])[1]' not found)]]></system-err>
   </testsuite>
</testsuites>
