{"devicePlatform":"","logFolder":"D:\\Automation_P\u0026G\\Automation-P\u0026G-Code-Base\\OMVA\\Reports\\WorkBenchTestSuite\\20180711_140306","runData":{"hostName":"vijay.n - EDT-168.estblr.com","os":"Windows 7 64bit","katalonVersion":"5.4.2.1","browser":"Chrome 67.0.3396.99","hostAddress":"172.16.17.168","sessionId":"9652e98bdfc12cc560b172da4373bcf8","seleniumVersion":"3.7.1","proxyInformation":"ProxyInformation{proxyOption\u003dNO_PROXY, proxyServerType\u003dHTTP, password\u003d, proxyServerAddress\u003d, proxyServerPort\u003d0}","platform":"Windows 7"},"type":"TEST_SUITE","name":"WorkBenchTestSuite","id":"Test Suites/WorkBenchTestSuite","source":"","message":"Test Cases/WorkBenchTestCases/Verify_MatchOfPendingTaskForSumaryandWBforMAL FAILED because (of) Unable to open browser with url: \u0027\u0027 (Root cause: org.openqa.selenium.WebDriverException: chrome not reachable\n  (Driver info: chromedriver\u003d2.35.528161 (5b82f2d2aae0ca24b877009200ced9065a772e73),platform\u003dWindows NT 6.1.7601 SP1 x86_64) (WARNING: The server did not provide any stacktrace information)\nCommand duration or timeout: 61.73 seconds\nBuild info: version: \u00273.7.1\u0027, revision: \u00278a0099a\u0027, time: \u00272017-11-06T21:07:36.161Z\u0027\nSystem info: host: \u0027EDT-168\u0027, ip: \u0027172.16.17.168\u0027, os.name: \u0027Windows 7\u0027, os.arch: \u0027amd64\u0027, os.version: \u00276.1\u0027, java.version: \u00271.8.0_102\u0027\nDriver info: driver.version: CChromeDriver)","description":"","startTime":1531297989744,"endTime":1531298381914,"childRecords":[{"isOptional":false,"type":"TEST_CASE","name":"Test Cases/WorkBenchTestCases/Verify_MatchOfPendingTaskForSumaryandWBforMAL","id":"Test Cases/WorkBenchTestCases/Verify_MatchOfPendingTaskForSumaryandWBforMAL","source":"D:\\\\Automation_P\u0026G\\\\Automation-P\u0026G-Code-Base\\\\OMVA\\\\Test Cases\\\\WorkBenchTestCases\\\\Verify_MatchOfPendingTaskForSumaryandWBforMAL.tc","message":"Test Cases/WorkBenchTestCases/Verify_MatchOfPendingTaskForSumaryandWBforMAL FAILED because (of) Unable to open browser with url: \u0027\u0027 (Root cause: org.openqa.selenium.WebDriverException: chrome not reachable\n  (Driver info: chromedriver\u003d2.35.528161 (5b82f2d2aae0ca24b877009200ced9065a772e73),platform\u003dWindows NT 6.1.7601 SP1 x86_64) (WARNING: The server did not provide any stacktrace information)\nCommand duration or timeout: 61.73 seconds\nBuild info: version: \u00273.7.1\u0027, revision: \u00278a0099a\u0027, time: \u00272017-11-06T21:07:36.161Z\u0027\nSystem info: host: \u0027EDT-168\u0027, ip: \u0027172.16.17.168\u0027, os.name: \u0027Windows 7\u0027, os.arch: \u0027amd64\u0027, os.version: \u00276.1\u0027, java.version: \u00271.8.0_102\u0027\nDriver info: driver.version: CChromeDriver)","description":"To verify the count listed under workbench should match with the count in summary","startTime":1531297990083,"endTime":1531298055036,"childRecords":[{"testStatus":{"stackTrace":"","statusValue":"INFO"},"type":"MESSAGE","name":"","message":"Evaluating variables for test case","startTime":1531297990153,"endTime":0,"childRecords":[],"interuppted":false},{"testStatus":{"stackTrace":"","statusValue":"WARNING"},"type":"MESSAGE","name":"","message":"Unable to set variable \u0027MAL_WB_Count\u0027 for test case because (of) No such property: null for class: internal.GlobalVariable","startTime":1531297990201,"endTime":0,"childRecords":[],"interuppted":false},{"testStatus":{"stackTrace":"","statusValue":"WARNING"},"type":"MESSAGE","name":"","message":"Unable to set variable \u0027MAL_S_Count\u0027 for test case because (of) No such property: null for class: internal.GlobalVariable","startTime":1531297990201,"endTime":0,"childRecords":[],"interuppted":false},{"index":1,"isIgnoredIfFailed":false,"type":"TEST_STEP","name":"callTestCase","message":"Unable to call Test Case with id \u0027Test Cases/UserManagementTestCases/Login/Login_MAL\u0027 (Root cause: Call Test Case \u0027Test Cases/UserManagementTestCases/Login/Login_MAL\u0027 failed)","description":"","startTime":1531297990496,"endTime":1531298055036,"childRecords":[{"isOptional":false,"type":"TEST_CASE","name":"Test Cases/UserManagementTestCases/Login/Login_MAL","id":"Test Cases/UserManagementTestCases/Login/Login_MAL","source":"D:\\\\Automation_P\u0026G\\\\Automation-P\u0026G-Code-Base\\\\OMVA\\\\Test Cases\\\\UserManagementTestCases\\\\Login\\\\Login_MAL.tc","message":"Test Cases/UserManagementTestCases/Login/Login_MAL FAILED because (of) Unable to open browser with url: \u0027\u0027 (Root cause: org.openqa.selenium.WebDriverException: chrome not reachable\n  (Driver info: chromedriver\u003d2.35.528161 (5b82f2d2aae0ca24b877009200ced9065a772e73),platform\u003dWindows NT 6.1.7601 SP1 x86_64) (WARNING: The server did not provide any stacktrace information)\nCommand duration or timeout: 61.73 seconds\nBuild info: version: \u00273.7.1\u0027, revision: \u00278a0099a\u0027, time: \u00272017-11-06T21:07:36.161Z\u0027\nSystem info: host: \u0027EDT-168\u0027, ip: \u0027172.16.17.168\u0027, os.name: \u0027Windows 7\u0027, os.arch: \u0027amd64\u0027, os.version: \u00276.1\u0027, java.version: \u00271.8.0_102\u0027\nDriver info: driver.version: CChromeDriver)","description":"This test case is to test MAL login","startTime":1531297991527,"endTime":1531298055036,"childRecords":[{"testStatus":{"stackTrace":"","statusValue":"INFO"},"type":"MESSAGE","name":"","message":"Evaluating variables for test case","startTime":1531297991543,"endTime":0,"childRecords":[],"interuppted":false},{"testStatus":{"stackTrace":"","statusValue":"INFO"},"type":"MESSAGE","name":"","message":"Variable \u0027MALID\u0027 is set to MALSG","startTime":1531297991543,"endTime":0,"childRecords":[],"interuppted":false},{"testStatus":{"stackTrace":"","statusValue":"INFO"},"type":"MESSAGE","name":"","message":"Variable \u0027MALPwd\u0027 is set to MALSG","startTime":1531297991544,"endTime":0,"childRecords":[],"interuppted":false},{"index":1,"isIgnoredIfFailed":false,"type":"TEST_STEP","name":"callTestCase","message":"Unable to call Test Case with id \u0027Test Cases/CommonTestcases/OpenBrowserandNavigateToQAURL\u0027 (Root cause: Call Test Case \u0027Test Cases/CommonTestcases/OpenBrowserandNavigateToQAURL\u0027 failed)","description":"","startTime":1531297991695,"endTime":1531298055013,"childRecords":[{"isOptional":false,"type":"TEST_CASE","name":"Test Cases/CommonTestcases/OpenBrowserandNavigateToQAURL","id":"Test Cases/CommonTestcases/OpenBrowserandNavigateToQAURL","source":"D:\\\\Automation_P\u0026G\\\\Automation-P\u0026G-Code-Base\\\\OMVA\\\\Test Cases\\\\CommonTestcases\\\\OpenBrowserandNavigateToQAURL.tc","message":"Test Cases/CommonTestcases/OpenBrowserandNavigateToQAURL FAILED because (of) Unable to open browser with url: \u0027\u0027 (Root cause: org.openqa.selenium.WebDriverException: chrome not reachable\n  (Driver info: chromedriver\u003d2.35.528161 (5b82f2d2aae0ca24b877009200ced9065a772e73),platform\u003dWindows NT 6.1.7601 SP1 x86_64) (WARNING: The server did not provide any stacktrace information)\nCommand duration or timeout: 61.73 seconds\nBuild info: version: \u00273.7.1\u0027, revision: \u00278a0099a\u0027, time: \u00272017-11-06T21:07:36.161Z\u0027\nSystem info: host: \u0027EDT-168\u0027, ip: \u0027172.16.17.168\u0027, os.name: \u0027Windows 7\u0027, os.arch: \u0027amd64\u0027, os.version: \u00276.1\u0027, java.version: \u00271.8.0_102\u0027\nDriver info: driver.version: CChromeDriver)","description":"This test case will open a browser and navigates to URL","startTime":1531297991772,"endTime":1531298055007,"childRecords":[{"testStatus":{"stackTrace":"","statusValue":"INFO"},"type":"MESSAGE","name":"","message":"Evaluating variables for test case","startTime":1531297991772,"endTime":0,"childRecords":[],"interuppted":false},{"index":1,"isIgnoredIfFailed":false,"type":"TEST_STEP","name":"openBrowser","message":"Unable to open browser with url: \u0027\u0027 (Root cause: org.openqa.selenium.WebDriverException: chrome not reachable\n  (Driver info: chromedriver\u003d2.35.528161 (5b82f2d2aae0ca24b877009200ced9065a772e73),platform\u003dWindows NT 6.1.7601 SP1 x86_64) (WARNING: The server did not provide any stacktrace information)\nCommand duration or timeout: 61.73 seconds\nBuild info: version: \u00273.7.1\u0027, revision: \u00278a0099a\u0027, time: \u00272017-11-06T21:07:36.161Z\u0027\nSystem info: host: \u0027EDT-168\u0027, ip: \u0027172.16.17.168\u0027, os.name: \u0027Windows 7\u0027, os.arch: \u0027amd64\u0027, os.version: \u00276.1\u0027, java.version: \u00271.8.0_102\u0027\nDriver info: driver.version: CChromeDriver)","description":"","startTime":1531297991912,"endTime":1531298055006,"childRecords":[{"testStatus":{"stackTrace":"","statusValue":"FAILED"},"type":"MESSAGE","name":"","message":"Unable to open browser with url: \u0027\u0027 (Root cause: org.openqa.selenium.WebDriverException: chrome not reachable\n  (Driver info: chromedriver\u003d2.35.528161 (5b82f2d2aae0ca24b877009200ced9065a772e73),platform\u003dWindows NT 6.1.7601 SP1 x86_64) (WARNING: The server did not provide any stacktrace information)\nCommand duration or timeout: 61.73 seconds\nBuild info: version: \u00273.7.1\u0027, revision: \u00278a0099a\u0027, time: \u00272017-11-06T21:07:36.161Z\u0027\nSystem info: host: \u0027EDT-168\u0027, ip: \u0027172.16.17.168\u0027, os.name: \u0027Windows 7\u0027, os.arch: \u0027amd64\u0027, os.version: \u00276.1\u0027, java.version: \u00271.8.0_102\u0027\nDriver info: driver.version: CChromeDriver)","startTime":1531298055006,"endTime":0,"childRecords":[],"interuppted":false}],"interuppted":false},{"testStatus":{"stackTrace":"","statusValue":"FAILED"},"type":"MESSAGE","name":"","message":"Test Cases/CommonTestcases/OpenBrowserandNavigateToQAURL FAILED because (of) Unable to open browser with url: \u0027\u0027 (Root cause: org.openqa.selenium.WebDriverException: chrome not reachable\n  (Driver info: chromedriver\u003d2.35.528161 (5b82f2d2aae0ca24b877009200ced9065a772e73),platform\u003dWindows NT 6.1.7601 SP1 x86_64) (WARNING: The server did not provide any stacktrace information)\nCommand duration or timeout: 61.73 seconds\nBuild info: version: \u00273.7.1\u0027, revision: \u00278a0099a\u0027, time: \u00272017-11-06T21:07:36.161Z\u0027\nSystem info: host: \u0027EDT-168\u0027, ip: \u0027172.16.17.168\u0027, os.name: \u0027Windows 7\u0027, os.arch: \u0027amd64\u0027, os.version: \u00276.1\u0027, java.version: \u00271.8.0_102\u0027\nDriver info: driver.version: CChromeDriver)","startTime":1531298055006,"endTime":0,"childRecords":[],"interuppted":false}],"interuppted":false},{"testStatus":{"stackTrace":"","statusValue":"FAILED"},"type":"MESSAGE","name":"","message":"Unable to call Test Case with id \u0027Test Cases/CommonTestcases/OpenBrowserandNavigateToQAURL\u0027 (Root cause: Call Test Case \u0027Test Cases/CommonTestcases/OpenBrowserandNavigateToQAURL\u0027 failed)","startTime":1531298055012,"endTime":0,"childRecords":[],"interuppted":false}],"interuppted":false},{"testStatus":{"stackTrace":"","statusValue":"FAILED"},"type":"MESSAGE","name":"","message":"Test Cases/UserManagementTestCases/Login/Login_MAL FAILED because (of) Unable to open browser with url: \u0027\u0027 (Root cause: org.openqa.selenium.WebDriverException: chrome not reachable\n  (Driver info: chromedriver\u003d2.35.528161 (5b82f2d2aae0ca24b877009200ced9065a772e73),platform\u003dWindows NT 6.1.7601 SP1 x86_64) (WARNING: The server did not provide any stacktrace information)\nCommand duration or timeout: 61.73 seconds\nBuild info: version: \u00273.7.1\u0027, revision: \u00278a0099a\u0027, time: \u00272017-11-06T21:07:36.161Z\u0027\nSystem info: host: \u0027EDT-168\u0027, ip: \u0027172.16.17.168\u0027, os.name: \u0027Windows 7\u0027, os.arch: \u0027amd64\u0027, os.version: \u00276.1\u0027, java.version: \u00271.8.0_102\u0027\nDriver info: driver.version: CChromeDriver)","startTime":1531298055014,"endTime":0,"childRecords":[],"interuppted":false}],"interuppted":false},{"testStatus":{"stackTrace":"","statusValue":"FAILED"},"type":"MESSAGE","name":"","message":"Unable to call Test Case with id \u0027Test Cases/UserManagementTestCases/Login/Login_MAL\u0027 (Root cause: Call Test Case \u0027Test Cases/UserManagementTestCases/Login/Login_MAL\u0027 failed)","startTime":1531298055036,"endTime":0,"childRecords":[],"interuppted":false}],"interuppted":false},{"testStatus":{"stackTrace":"","statusValue":"FAILED"},"type":"MESSAGE","name":"","message":"Test Cases/WorkBenchTestCases/Verify_MatchOfPendingTaskForSumaryandWBforMAL FAILED because (of) Unable to open browser with url: \u0027\u0027 (Root cause: org.openqa.selenium.WebDriverException: chrome not reachable\n  (Driver info: chromedriver\u003d2.35.528161 (5b82f2d2aae0ca24b877009200ced9065a772e73),platform\u003dWindows NT 6.1.7601 SP1 x86_64) (WARNING: The server did not provide any stacktrace information)\nCommand duration or timeout: 61.73 seconds\nBuild info: version: \u00273.7.1\u0027, revision: \u00278a0099a\u0027, time: \u00272017-11-06T21:07:36.161Z\u0027\nSystem info: host: \u0027EDT-168\u0027, ip: \u0027172.16.17.168\u0027, os.name: \u0027Windows 7\u0027, os.arch: \u0027amd64\u0027, os.version: \u00276.1\u0027, java.version: \u00271.8.0_102\u0027\nDriver info: driver.version: CChromeDriver)","startTime":1531298055036,"endTime":0,"childRecords":[],"interuppted":false}],"interuppted":false},{"isOptional":false,"type":"TEST_CASE","name":"Test Cases/SummaryTestCases/SKU_Count","id":"Test Cases/SummaryTestCases/SKU_Count","source":"D:\\\\Automation_P\u0026G\\\\Automation-P\u0026G-Code-Base\\\\OMVA\\\\Test Cases\\\\SummaryTestCases\\\\SKU_Count.tc","message":"Test Cases/SummaryTestCases/SKU_Count FAILED because (of) Unable to open browser with url: \u0027\u0027 (Root cause: org.openqa.selenium.SessionNotCreatedException: session not created exception\nfrom disconnected: received Inspector.detached event\n  (Session info: chrome\u003d67.0.3396.99)\n  (Driver info: chromedriver\u003d2.35.528161 (5b82f2d2aae0ca24b877009200ced9065a772e73),platform\u003dWindows NT 6.1.7601 SP1 x86_64) (WARNING: The server did not provide any stacktrace information)\nCommand duration or timeout: 251.81 seconds\nBuild info: version: \u00273.7.1\u0027, revision: \u00278a0099a\u0027, time: \u00272017-11-06T21:07:36.161Z\u0027\nSystem info: host: \u0027EDT-168\u0027, ip: \u0027172.16.17.168\u0027, os.name: \u0027Windows 7\u0027, os.arch: \u0027amd64\u0027, os.version: \u00276.1\u0027, java.version: \u00271.8.0_102\u0027\nDriver info: driver.version: CChromeDriver)","description":"","startTime":1531298055036,"endTime":1531298307937,"childRecords":[{"testStatus":{"stackTrace":"","statusValue":"INFO"},"type":"MESSAGE","name":"","message":"Evaluating variables for test case","startTime":1531298055067,"endTime":0,"childRecords":[],"interuppted":false},{"testStatus":{"stackTrace":"","statusValue":"WARNING"},"type":"MESSAGE","name":"","message":"Unable to set variable \u0027SKUCount\u0027 for test case because (of) No such property: null for class: internal.GlobalVariable","startTime":1531298055083,"endTime":0,"childRecords":[],"interuppted":false},{"testStatus":{"stackTrace":"","statusValue":"INFO"},"type":"MESSAGE","name":"","message":"Checking test data id","startTime":1531298055099,"endTime":0,"childRecords":[],"interuppted":false},{"testStatus":{"stackTrace":"","statusValue":"INFO"},"type":"MESSAGE","name":"","message":"Finding test data with id \u0027Data Files/Credentials_IDPwd\u0027","startTime":1531298055099,"endTime":0,"childRecords":[],"interuppted":false},{"testStatus":{"stackTrace":"","statusValue":"WARNING"},"type":"MESSAGE","name":"","message":"Unable to set variable \u0027ValidID\u0027 for test case because (of) Cannot find test data with id \u0027Data Files/Credentials_IDPwd\u0027 because (of) \u0027java.lang.IllegalArgumentException: Test data with id \u0027Data Files/Credentials_IDPwd\u0027 does not exist\u0027","startTime":1531298055099,"endTime":0,"childRecords":[],"interuppted":false},{"testStatus":{"stackTrace":"","statusValue":"INFO"},"type":"MESSAGE","name":"","message":"Checking test data id","startTime":1531298055100,"endTime":0,"childRecords":[],"interuppted":false},{"testStatus":{"stackTrace":"","statusValue":"INFO"},"type":"MESSAGE","name":"","message":"Finding test data with id \u0027Data Files/Credentials_IDPwd\u0027","startTime":1531298055100,"endTime":0,"childRecords":[],"interuppted":false},{"testStatus":{"stackTrace":"","statusValue":"WARNING"},"type":"MESSAGE","name":"","message":"Unable to set variable \u0027ValidPwd\u0027 for test case because (of) Cannot find test data with id \u0027Data Files/Credentials_IDPwd\u0027 because (of) \u0027java.lang.IllegalArgumentException: Test data with id \u0027Data Files/Credentials_IDPwd\u0027 does not exist\u0027","startTime":1531298055100,"endTime":0,"childRecords":[],"interuppted":false},{"testStatus":{"stackTrace":"","statusValue":"WARNING"},"type":"MESSAGE","name":"","message":"Unable to set variable \u0027CountText\u0027 for test case because (of) No such property: null for class: internal.GlobalVariable","startTime":1531298055132,"endTime":0,"childRecords":[],"interuppted":false},{"index":1,"isIgnoredIfFailed":false,"type":"TEST_STEP","name":"callTestCase","message":"Unable to call Test Case with id \u0027Test Cases/UserManagementTestCases/Login/Login_MAL\u0027 (Root cause: Call Test Case \u0027Test Cases/UserManagementTestCases/Login/Login_MAL\u0027 failed)","description":"","startTime":1531298055288,"endTime":1531298307937,"childRecords":[{"isOptional":false,"type":"TEST_CASE","name":"Test Cases/UserManagementTestCases/Login/Login_MAL","id":"Test Cases/UserManagementTestCases/Login/Login_MAL","source":"D:\\\\Automation_P\u0026G\\\\Automation-P\u0026G-Code-Base\\\\OMVA\\\\Test Cases\\\\UserManagementTestCases\\\\Login\\\\Login_MAL.tc","message":"Test Cases/UserManagementTestCases/Login/Login_MAL FAILED because (of) Unable to open browser with url: \u0027\u0027 (Root cause: org.openqa.selenium.SessionNotCreatedException: session not created exception\nfrom disconnected: received Inspector.detached event\n  (Session info: chrome\u003d67.0.3396.99)\n  (Driver info: chromedriver\u003d2.35.528161 (5b82f2d2aae0ca24b877009200ced9065a772e73),platform\u003dWindows NT 6.1.7601 SP1 x86_64) (WARNING: The server did not provide any stacktrace information)\nCommand duration or timeout: 251.81 seconds\nBuild info: version: \u00273.7.1\u0027, revision: \u00278a0099a\u0027, time: \u00272017-11-06T21:07:36.161Z\u0027\nSystem info: host: \u0027EDT-168\u0027, ip: \u0027172.16.17.168\u0027, os.name: \u0027Windows 7\u0027, os.arch: \u0027amd64\u0027, os.version: \u00276.1\u0027, java.version: \u00271.8.0_102\u0027\nDriver info: driver.version: CChromeDriver)","description":"This test case is to test MAL login","startTime":1531298055476,"endTime":1531298307937,"childRecords":[{"testStatus":{"stackTrace":"","statusValue":"INFO"},"type":"MESSAGE","name":"","message":"Evaluating variables for test case","startTime":1531298055476,"endTime":0,"childRecords":[],"interuppted":false},{"testStatus":{"stackTrace":"","statusValue":"INFO"},"type":"MESSAGE","name":"","message":"Variable \u0027MALID\u0027 is set to angelica","startTime":1531298055476,"endTime":0,"childRecords":[],"interuppted":false},{"testStatus":{"stackTrace":"","statusValue":"INFO"},"type":"MESSAGE","name":"","message":"Variable \u0027MALPwd\u0027 is set to angelica","startTime":1531298055476,"endTime":0,"childRecords":[],"interuppted":false},{"index":1,"isIgnoredIfFailed":false,"type":"TEST_STEP","name":"callTestCase","message":"Unable to call Test Case with id \u0027Test Cases/CommonTestcases/OpenBrowserandNavigateToQAURL\u0027 (Root cause: Call Test Case \u0027Test Cases/CommonTestcases/OpenBrowserandNavigateToQAURL\u0027 failed)","description":"","startTime":1531298055477,"endTime":1531298307937,"childRecords":[{"isOptional":false,"type":"TEST_CASE","name":"Test Cases/CommonTestcases/OpenBrowserandNavigateToQAURL","id":"Test Cases/CommonTestcases/OpenBrowserandNavigateToQAURL","source":"D:\\\\Automation_P\u0026G\\\\Automation-P\u0026G-Code-Base\\\\OMVA\\\\Test Cases\\\\CommonTestcases\\\\OpenBrowserandNavigateToQAURL.tc","message":"Test Cases/CommonTestcases/OpenBrowserandNavigateToQAURL FAILED because (of) Unable to open browser with url: \u0027\u0027 (Root cause: org.openqa.selenium.SessionNotCreatedException: session not created exception\nfrom disconnected: received Inspector.detached event\n  (Session info: chrome\u003d67.0.3396.99)\n  (Driver info: chromedriver\u003d2.35.528161 (5b82f2d2aae0ca24b877009200ced9065a772e73),platform\u003dWindows NT 6.1.7601 SP1 x86_64) (WARNING: The server did not provide any stacktrace information)\nCommand duration or timeout: 251.81 seconds\nBuild info: version: \u00273.7.1\u0027, revision: \u00278a0099a\u0027, time: \u00272017-11-06T21:07:36.161Z\u0027\nSystem info: host: \u0027EDT-168\u0027, ip: \u0027172.16.17.168\u0027, os.name: \u0027Windows 7\u0027, os.arch: \u0027amd64\u0027, os.version: \u00276.1\u0027, java.version: \u00271.8.0_102\u0027\nDriver info: driver.version: CChromeDriver)","description":"This test case will open a browser and navigates to URL","startTime":1531298055580,"endTime":1531298307920,"childRecords":[{"testStatus":{"stackTrace":"","statusValue":"INFO"},"type":"MESSAGE","name":"","message":"Evaluating variables for test case","startTime":1531298055580,"endTime":0,"childRecords":[],"interuppted":false},{"index":1,"isIgnoredIfFailed":false,"type":"TEST_STEP","name":"openBrowser","message":"Unable to open browser with url: \u0027\u0027 (Root cause: org.openqa.selenium.SessionNotCreatedException: session not created exception\nfrom disconnected: received Inspector.detached event\n  (Session info: chrome\u003d67.0.3396.99)\n  (Driver info: chromedriver\u003d2.35.528161 (5b82f2d2aae0ca24b877009200ced9065a772e73),platform\u003dWindows NT 6.1.7601 SP1 x86_64) (WARNING: The server did not provide any stacktrace information)\nCommand duration or timeout: 251.81 seconds\nBuild info: version: \u00273.7.1\u0027, revision: \u00278a0099a\u0027, time: \u00272017-11-06T21:07:36.161Z\u0027\nSystem info: host: \u0027EDT-168\u0027, ip: \u0027172.16.17.168\u0027, os.name: \u0027Windows 7\u0027, os.arch: \u0027amd64\u0027, os.version: \u00276.1\u0027, java.version: \u00271.8.0_102\u0027\nDriver info: driver.version: CChromeDriver)","description":"","startTime":1531298055580,"endTime":1531298307914,"childRecords":[{"testStatus":{"stackTrace":"","statusValue":"FAILED"},"type":"MESSAGE","name":"","message":"Unable to open browser with url: \u0027\u0027 (Root cause: org.openqa.selenium.SessionNotCreatedException: session not created exception\nfrom disconnected: received Inspector.detached event\n  (Session info: chrome\u003d67.0.3396.99)\n  (Driver info: chromedriver\u003d2.35.528161 (5b82f2d2aae0ca24b877009200ced9065a772e73),platform\u003dWindows NT 6.1.7601 SP1 x86_64) (WARNING: The server did not provide any stacktrace information)\nCommand duration or timeout: 251.81 seconds\nBuild info: version: \u00273.7.1\u0027, revision: \u00278a0099a\u0027, time: \u00272017-11-06T21:07:36.161Z\u0027\nSystem info: host: \u0027EDT-168\u0027, ip: \u0027172.16.17.168\u0027, os.name: \u0027Windows 7\u0027, os.arch: \u0027amd64\u0027, os.version: \u00276.1\u0027, java.version: \u00271.8.0_102\u0027\nDriver info: driver.version: CChromeDriver)","startTime":1531298307911,"endTime":0,"childRecords":[],"interuppted":false}],"interuppted":false},{"testStatus":{"stackTrace":"","statusValue":"FAILED"},"type":"MESSAGE","name":"","message":"Test Cases/CommonTestcases/OpenBrowserandNavigateToQAURL FAILED because (of) Unable to open browser with url: \u0027\u0027 (Root cause: org.openqa.selenium.SessionNotCreatedException: session not created exception\nfrom disconnected: received Inspector.detached event\n  (Session info: chrome\u003d67.0.3396.99)\n  (Driver info: chromedriver\u003d2.35.528161 (5b82f2d2aae0ca24b877009200ced9065a772e73),platform\u003dWindows NT 6.1.7601 SP1 x86_64) (WARNING: The server did not provide any stacktrace information)\nCommand duration or timeout: 251.81 seconds\nBuild info: version: \u00273.7.1\u0027, revision: \u00278a0099a\u0027, time: \u00272017-11-06T21:07:36.161Z\u0027\nSystem info: host: \u0027EDT-168\u0027, ip: \u0027172.16.17.168\u0027, os.name: \u0027Windows 7\u0027, os.arch: \u0027amd64\u0027, os.version: \u00276.1\u0027, java.version: \u00271.8.0_102\u0027\nDriver info: driver.version: CChromeDriver)","startTime":1531298307917,"endTime":0,"childRecords":[],"interuppted":false}],"interuppted":false},{"testStatus":{"stackTrace":"","statusValue":"FAILED"},"type":"MESSAGE","name":"","message":"Unable to call Test Case with id \u0027Test Cases/CommonTestcases/OpenBrowserandNavigateToQAURL\u0027 (Root cause: Call Test Case \u0027Test Cases/CommonTestcases/OpenBrowserandNavigateToQAURL\u0027 failed)","startTime":1531298307937,"endTime":0,"childRecords":[],"interuppted":false}],"interuppted":false},{"testStatus":{"stackTrace":"","statusValue":"FAILED"},"type":"MESSAGE","name":"","message":"Test Cases/UserManagementTestCases/Login/Login_MAL FAILED because (of) Unable to open browser with url: \u0027\u0027 (Root cause: org.openqa.selenium.SessionNotCreatedException: session not created exception\nfrom disconnected: received Inspector.detached event\n  (Session info: chrome\u003d67.0.3396.99)\n  (Driver info: chromedriver\u003d2.35.528161 (5b82f2d2aae0ca24b877009200ced9065a772e73),platform\u003dWindows NT 6.1.7601 SP1 x86_64) (WARNING: The server did not provide any stacktrace information)\nCommand duration or timeout: 251.81 seconds\nBuild info: version: \u00273.7.1\u0027, revision: \u00278a0099a\u0027, time: \u00272017-11-06T21:07:36.161Z\u0027\nSystem info: host: \u0027EDT-168\u0027, ip: \u0027172.16.17.168\u0027, os.name: \u0027Windows 7\u0027, os.arch: \u0027amd64\u0027, os.version: \u00276.1\u0027, java.version: \u00271.8.0_102\u0027\nDriver info: driver.version: CChromeDriver)","startTime":1531298307937,"endTime":0,"childRecords":[],"interuppted":false}],"interuppted":false},{"testStatus":{"stackTrace":"","statusValue":"FAILED"},"type":"MESSAGE","name":"","message":"Unable to call Test Case with id \u0027Test Cases/UserManagementTestCases/Login/Login_MAL\u0027 (Root cause: Call Test Case \u0027Test Cases/UserManagementTestCases/Login/Login_MAL\u0027 failed)","startTime":1531298307937,"endTime":0,"childRecords":[],"interuppted":false}],"interuppted":false},{"testStatus":{"stackTrace":"","statusValue":"FAILED"},"type":"MESSAGE","name":"","message":"Test Cases/SummaryTestCases/SKU_Count FAILED because (of) Unable to open browser with url: \u0027\u0027 (Root cause: org.openqa.selenium.SessionNotCreatedException: session not created exception\nfrom disconnected: received Inspector.detached event\n  (Session info: chrome\u003d67.0.3396.99)\n  (Driver info: chromedriver\u003d2.35.528161 (5b82f2d2aae0ca24b877009200ced9065a772e73),platform\u003dWindows NT 6.1.7601 SP1 x86_64) (WARNING: The server did not provide any stacktrace information)\nCommand duration or timeout: 251.81 seconds\nBuild info: version: \u00273.7.1\u0027, revision: \u00278a0099a\u0027, time: \u00272017-11-06T21:07:36.161Z\u0027\nSystem info: host: \u0027EDT-168\u0027, ip: \u0027172.16.17.168\u0027, os.name: \u0027Windows 7\u0027, os.arch: \u0027amd64\u0027, os.version: \u00276.1\u0027, java.version: \u00271.8.0_102\u0027\nDriver info: driver.version: CChromeDriver)","startTime":1531298307937,"endTime":0,"childRecords":[],"interuppted":false}],"interuppted":false},{"isOptional":false,"type":"TEST_CASE","name":"Test Cases/WorkBenchTestCases/Verify_MatchOfPendingTaskForSumaryandWBforChanMSP","id":"Test Cases/WorkBenchTestCases/Verify_MatchOfPendingTaskForSumaryandWBforChanMSP","source":"D:\\\\Automation_P\u0026G\\\\Automation-P\u0026G-Code-Base\\\\OMVA\\\\Test Cases\\\\WorkBenchTestCases\\\\Verify_MatchOfPendingTaskForSumaryandWBforChanMSP.tc","message":"Test Cases/WorkBenchTestCases/Verify_MatchOfPendingTaskForSumaryandWBforChanMSP","description":"Verify if Category MS\u0026P is authorised to do Increase allocation \\n Increase allocation should only be readable for Category MS\u0026P","startTime":1531298307968,"endTime":1531298350546,"childRecords":[{"testStatus":{"stackTrace":"","statusValue":"INFO"},"type":"MESSAGE","name":"","message":"Evaluating variables for test case","startTime":1531298307969,"endTime":0,"childRecords":[],"interuppted":false},{"testStatus":{"stackTrace":"","statusValue":"WARNING"},"type":"MESSAGE","name":"","message":"Unable to set variable \u0027ChanMSP_WB_Count\u0027 for test case because (of) No such property: null for class: internal.GlobalVariable","startTime":1531298308000,"endTime":0,"childRecords":[],"interuppted":false},{"testStatus":{"stackTrace":"","statusValue":"WARNING"},"type":"MESSAGE","name":"","message":"Unable to set variable \u0027ChanMSP_S_Count\u0027 for test case because (of) No such property: null for class: internal.GlobalVariable","startTime":1531298308016,"endTime":0,"childRecords":[],"interuppted":false},{"index":1,"isIgnoredIfFailed":false,"type":"TEST_STEP","name":"callTestCase","message":"Call Test Case \u0027Test Cases/UserManagementTestCases/Login/Login_ChannelMSP\u0027 successfully","description":"","startTime":1531298308249,"endTime":1531298332934,"childRecords":[{"isOptional":false,"type":"TEST_CASE","name":"Test Cases/UserManagementTestCases/Login/Login_ChannelMSP","id":"Test Cases/UserManagementTestCases/Login/Login_ChannelMSP","source":"D:\\\\Automation_P\u0026G\\\\Automation-P\u0026G-Code-Base\\\\OMVA\\\\Test Cases\\\\UserManagementTestCases\\\\Login\\\\Login_ChannelMSP.tc","message":"Test Cases/UserManagementTestCases/Login/Login_ChannelMSP","description":"This test case is to test MAL login","startTime":1531298308426,"endTime":1531298332933,"childRecords":[{"testStatus":{"stackTrace":"","statusValue":"INFO"},"type":"MESSAGE","name":"","message":"Evaluating variables for test case","startTime":1531298308427,"endTime":0,"childRecords":[],"interuppted":false},{"testStatus":{"stackTrace":"","statusValue":"INFO"},"type":"MESSAGE","name":"","message":"Variable \u0027ChannelMSPID\u0027 is set to nicole","startTime":1531298308427,"endTime":0,"childRecords":[],"interuppted":false},{"testStatus":{"stackTrace":"","statusValue":"INFO"},"type":"MESSAGE","name":"","message":"Variable \u0027ChannelMSPPwd\u0027 is set to nicole","startTime":1531298308427,"endTime":0,"childRecords":[],"interuppted":false},{"index":1,"isIgnoredIfFailed":false,"type":"TEST_STEP","name":"callTestCase","message":"Call Test Case \u0027Test Cases/CommonTestcases/OpenBrowserandNavigateToQAURL\u0027 successfully","description":"","startTime":1531298308601,"endTime":1531298319863,"childRecords":[{"isOptional":false,"type":"TEST_CASE","name":"Test Cases/CommonTestcases/OpenBrowserandNavigateToQAURL","id":"Test Cases/CommonTestcases/OpenBrowserandNavigateToQAURL","source":"D:\\\\Automation_P\u0026G\\\\Automation-P\u0026G-Code-Base\\\\OMVA\\\\Test Cases\\\\CommonTestcases\\\\OpenBrowserandNavigateToQAURL.tc","message":"Test Cases/CommonTestcases/OpenBrowserandNavigateToQAURL","description":"This test case will open a browser and navigates to URL","startTime":1531298308669,"endTime":1531298319862,"childRecords":[{"testStatus":{"stackTrace":"","statusValue":"INFO"},"type":"MESSAGE","name":"","message":"Evaluating variables for test case","startTime":1531298308669,"endTime":0,"childRecords":[],"interuppted":false},{"index":1,"isIgnoredIfFailed":false,"type":"TEST_STEP","name":"openBrowser","message":"Browser is opened with url: \u0027\u0027","description":"","startTime":1531298308669,"endTime":1531298309851,"childRecords":[{"testStatus":{"stackTrace":"","statusValue":"PASSED"},"type":"MESSAGE","name":"","message":"Browser is opened with url: \u0027\u0027","startTime":1531298309851,"endTime":0,"childRecords":[],"interuppted":false}],"interuppted":false},{"index":2,"isIgnoredIfFailed":false,"type":"TEST_STEP","name":"navigateToUrl","message":"Navigate to \u0027https://coa-demo-env.azurewebsites.net/da/index.html#/login\u0027 successfully","description":"","startTime":1531298309852,"endTime":1531298319652,"childRecords":[{"testStatus":{"stackTrace":"","statusValue":"PASSED"},"type":"MESSAGE","name":"","message":"Navigate to \u0027https://coa-demo-env.azurewebsites.net/da/index.html#/login\u0027 successfully","startTime":1531298319651,"endTime":0,"childRecords":[],"interuppted":false}],"interuppted":false},{"index":3,"isIgnoredIfFailed":false,"type":"TEST_STEP","name":"maximizeWindow","message":"Current window maximized","description":"","startTime":1531298319663,"endTime":1531298319862,"childRecords":[{"testStatus":{"stackTrace":"","statusValue":"PASSED"},"type":"MESSAGE","name":"","message":"Current window maximized","startTime":1531298319861,"endTime":0,"childRecords":[],"interuppted":false}],"interuppted":false},{"testStatus":{"stackTrace":"","statusValue":"PASSED"},"type":"MESSAGE","name":"","message":"Test Cases/CommonTestcases/OpenBrowserandNavigateToQAURL","startTime":1531298319862,"endTime":0,"childRecords":[],"interuppted":false}],"interuppted":false},{"testStatus":{"stackTrace":"","statusValue":"PASSED"},"type":"MESSAGE","name":"","message":"Call Test Case \u0027Test Cases/CommonTestcases/OpenBrowserandNavigateToQAURL\u0027 successfully","startTime":1531298319863,"endTime":0,"childRecords":[],"interuppted":false}],"interuppted":false},{"index":2,"isIgnoredIfFailed":false,"type":"TEST_STEP","name":"waitForElementVisible","message":"Object \u0027Object Repository/OMVA_Login_Page/Password_Textbox\u0027 is not visible after 10 second(s)","description":"","startTime":1531298319864,"endTime":1531298330556,"childRecords":[{"testStatus":{"stackTrace":"","statusValue":"WARNING"},"type":"MESSAGE","name":"","message":"Object \u0027Object Repository/OMVA_Login_Page/Password_Textbox\u0027 is not visible after 10 second(s)","startTime":1531298330555,"endTime":0,"childRecords":[],"interuppted":false}],"interuppted":false},{"index":3,"isIgnoredIfFailed":false,"type":"TEST_STEP","name":"sendKeys","message":"Keys \u0027nicole\u0027 sent to object: \u0027Object Repository/OMVA_Login_Page/Username_Textbox\u0027","description":"","startTime":1531298330556,"endTime":1531298330786,"childRecords":[{"testStatus":{"stackTrace":"","statusValue":"PASSED"},"type":"MESSAGE","name":"","message":"Keys \u0027nicole\u0027 sent to object: \u0027Object Repository/OMVA_Login_Page/Username_Textbox\u0027","startTime":1531298330785,"endTime":0,"childRecords":[],"interuppted":false}],"interuppted":false},{"index":4,"isIgnoredIfFailed":false,"type":"TEST_STEP","name":"click","message":"Object: \u0027Object Repository/OMVA_Login_Page/Next_Button\u0027 is clicked on","description":"","startTime":1531298330787,"endTime":1531298330943,"childRecords":[{"testStatus":{"stackTrace":"","statusValue":"PASSED"},"type":"MESSAGE","name":"","message":"Object: \u0027Object Repository/OMVA_Login_Page/Next_Button\u0027 is clicked on","startTime":1531298330941,"endTime":0,"childRecords":[],"interuppted":false}],"interuppted":false},{"index":5,"isIgnoredIfFailed":false,"type":"TEST_STEP","name":"waitForElementVisible","message":"Object \u0027Object Repository/OMVA_Login_Page/Password_Textbox\u0027 is visible","description":"","startTime":1531298330944,"endTime":1531298331513,"childRecords":[{"testStatus":{"stackTrace":"","statusValue":"PASSED"},"type":"MESSAGE","name":"","message":"Object \u0027Object Repository/OMVA_Login_Page/Password_Textbox\u0027 is visible","startTime":1531298331512,"endTime":0,"childRecords":[],"interuppted":false}],"interuppted":false},{"index":6,"isIgnoredIfFailed":false,"type":"TEST_STEP","name":"sendKeys","message":"Keys \u0027nicole\u0027 sent to object: \u0027Object Repository/OMVA_Login_Page/Password_Textbox\u0027","description":"","startTime":1531298331514,"endTime":1531298331647,"childRecords":[{"testStatus":{"stackTrace":"","statusValue":"PASSED"},"type":"MESSAGE","name":"","message":"Keys \u0027nicole\u0027 sent to object: \u0027Object Repository/OMVA_Login_Page/Password_Textbox\u0027","startTime":1531298331646,"endTime":0,"childRecords":[],"interuppted":false}],"interuppted":false},{"index":7,"isIgnoredIfFailed":false,"type":"TEST_STEP","name":"click","message":"Object: \u0027Object Repository/OMVA_Login_Page/Signin_Button\u0027 is clicked on","description":"","startTime":1531298331648,"endTime":1531298331771,"childRecords":[{"testStatus":{"stackTrace":"","statusValue":"PASSED"},"type":"MESSAGE","name":"","message":"Object: \u0027Object Repository/OMVA_Login_Page/Signin_Button\u0027 is clicked on","startTime":1531298331770,"endTime":0,"childRecords":[],"interuppted":false}],"interuppted":false},{"index":8,"isIgnoredIfFailed":false,"type":"TEST_STEP","name":"waitForAngularLoad","message":"This page doesn\u0027t use Angular.","description":"","startTime":1531298331771,"endTime":1531298331801,"childRecords":[{"testStatus":{"stackTrace":"","statusValue":"WARNING"},"type":"MESSAGE","name":"","message":"This page doesn\u0027t use Angular.","startTime":1531298331799,"endTime":0,"childRecords":[],"interuppted":false}],"interuppted":false},{"index":9,"isIgnoredIfFailed":false,"type":"TEST_STEP","name":"Statement - greetingtext \u003d com.kms.katalon.core.webui.keyword.WebUiBuiltInKeywords.getText(com.kms.katalon.core.testobject.ObjectRepository.findTestObject(OMVA_Landing_Page/Greeting_Label))","message":"Text of object \u0027Object Repository/OMVA_Landing_Page/Greeting_Label\u0027 is: \u0027Good Afternoon, nicole\u0027","description":"","startTime":1531298331801,"endTime":1531298332924,"childRecords":[{"testStatus":{"stackTrace":"","statusValue":"PASSED"},"type":"MESSAGE","name":"","message":"Text of object \u0027Object Repository/OMVA_Landing_Page/Greeting_Label\u0027 is: \u0027Good Afternoon, nicole\u0027","startTime":1531298332923,"endTime":0,"childRecords":[],"interuppted":false}],"interuppted":false},{"index":10,"isIgnoredIfFailed":false,"type":"TEST_STEP","name":"verifyMatch","message":"Actual text \u0027Good Afternoon, nicole\u0027 and expected text \u0027\\D*nicole\u0027 are matched  using regular expression","description":"","startTime":1531298332924,"endTime":1531298332932,"childRecords":[{"testStatus":{"stackTrace":"","statusValue":"PASSED"},"type":"MESSAGE","name":"","message":"Actual text \u0027Good Afternoon, nicole\u0027 and expected text \u0027\\D*nicole\u0027 are matched  using regular expression","startTime":1531298332932,"endTime":0,"childRecords":[],"interuppted":false}],"interuppted":false},{"testStatus":{"stackTrace":"","statusValue":"PASSED"},"type":"MESSAGE","name":"","message":"Test Cases/UserManagementTestCases/Login/Login_ChannelMSP","startTime":1531298332932,"endTime":0,"childRecords":[],"interuppted":false}],"interuppted":false},{"testStatus":{"stackTrace":"","statusValue":"PASSED"},"type":"MESSAGE","name":"","message":"Call Test Case \u0027Test Cases/UserManagementTestCases/Login/Login_ChannelMSP\u0027 successfully","startTime":1531298332933,"endTime":0,"childRecords":[],"interuppted":false}],"interuppted":false},{"index":2,"isIgnoredIfFailed":false,"type":"TEST_STEP","name":"delay","message":"Delayed 5 second(s)","description":"","startTime":1531298332934,"endTime":1531298337942,"childRecords":[{"testStatus":{"stackTrace":"","statusValue":"PASSED"},"type":"MESSAGE","name":"","message":"Delayed 5 second(s)","startTime":1531298337941,"endTime":0,"childRecords":[],"interuppted":false}],"interuppted":false},{"index":3,"isIgnoredIfFailed":false,"type":"TEST_STEP","name":"Statement - ChanMSP_WB_Count \u003d CustomKeywords.applicationLibrary.GetsPendingTaskCount_WBScreen.Get_PendingTask_Count_WBscreen()","message":"applicationLibrary.GetsPendingTaskCount_WBScreen.Get_PendingTask_Count_WBscreen is PASSED","description":"","startTime":1531298337942,"endTime":1531298338073,"childRecords":[{"testStatus":{"stackTrace":"","statusValue":"PASSED"},"type":"MESSAGE","name":"","message":"applicationLibrary.GetsPendingTaskCount_WBScreen.Get_PendingTask_Count_WBscreen is PASSED","startTime":1531298338072,"endTime":0,"childRecords":[],"interuppted":false}],"interuppted":false},{"index":4,"isIgnoredIfFailed":false,"type":"TEST_STEP","name":"click","message":"Object: \u0027Object Repository/OMVA_Landing_Page/Summary_Logo\u0027 is clicked on","description":"","startTime":1531298338073,"endTime":1531298338247,"childRecords":[{"testStatus":{"stackTrace":"","statusValue":"PASSED"},"type":"MESSAGE","name":"","message":"Object: \u0027Object Repository/OMVA_Landing_Page/Summary_Logo\u0027 is clicked on","startTime":1531298338245,"endTime":0,"childRecords":[],"interuppted":false}],"interuppted":false},{"index":5,"isIgnoredIfFailed":false,"type":"TEST_STEP","name":"delay","message":"Delayed 5 second(s)","description":"","startTime":1531298338249,"endTime":1531298343259,"childRecords":[{"testStatus":{"stackTrace":"","statusValue":"PASSED"},"type":"MESSAGE","name":"","message":"Delayed 5 second(s)","startTime":1531298343258,"endTime":0,"childRecords":[],"interuppted":false}],"interuppted":false},{"index":6,"isIgnoredIfFailed":false,"type":"TEST_STEP","name":"waitForElementPresent","message":"Object \u0027Object Repository/OMVA_Summary_Page/Customer_dropdown\u0027 is present","description":"","startTime":1531298343260,"endTime":1531298343324,"childRecords":[{"testStatus":{"stackTrace":"","statusValue":"PASSED"},"type":"MESSAGE","name":"","message":"Object \u0027Object Repository/OMVA_Summary_Page/Customer_dropdown\u0027 is present","startTime":1531298343324,"endTime":0,"childRecords":[],"interuppted":false}],"interuppted":false},{"index":7,"isIgnoredIfFailed":false,"type":"TEST_STEP","name":"click","message":"Object: \u0027Object Repository/OMVA_Summary_Page/Customer_dropdown\u0027 is clicked on","description":"","startTime":1531298343324,"endTime":1531298343424,"childRecords":[{"testStatus":{"stackTrace":"","statusValue":"PASSED"},"type":"MESSAGE","name":"","message":"Object: \u0027Object Repository/OMVA_Summary_Page/Customer_dropdown\u0027 is clicked on","startTime":1531298343424,"endTime":0,"childRecords":[],"interuppted":false}],"interuppted":false},{"index":8,"isIgnoredIfFailed":false,"type":"TEST_STEP","name":"waitForElementPresent","message":"Object \u0027Object Repository/OMVA_Summary_Page/Select_puregold\u0027 is present","description":"","startTime":1531298343424,"endTime":1531298343449,"childRecords":[{"testStatus":{"stackTrace":"","statusValue":"PASSED"},"type":"MESSAGE","name":"","message":"Object \u0027Object Repository/OMVA_Summary_Page/Select_puregold\u0027 is present","startTime":1531298343448,"endTime":0,"childRecords":[],"interuppted":false}],"interuppted":false},{"index":9,"isIgnoredIfFailed":false,"type":"TEST_STEP","name":"click","message":"Object: \u0027Object Repository/OMVA_Summary_Page/Select_puregold\u0027 is clicked on","description":"","startTime":1531298343450,"endTime":1531298343545,"childRecords":[{"testStatus":{"stackTrace":"","statusValue":"PASSED"},"type":"MESSAGE","name":"","message":"Object: \u0027Object Repository/OMVA_Summary_Page/Select_puregold\u0027 is clicked on","startTime":1531298343544,"endTime":0,"childRecords":[],"interuppted":false}],"interuppted":false},{"index":10,"isIgnoredIfFailed":false,"type":"TEST_STEP","name":"delay","message":"Delayed 5 second(s)","description":"","startTime":1531298343545,"endTime":1531298348548,"childRecords":[{"testStatus":{"stackTrace":"","statusValue":"PASSED"},"type":"MESSAGE","name":"","message":"Delayed 5 second(s)","startTime":1531298348547,"endTime":0,"childRecords":[],"interuppted":false}],"interuppted":false},{"index":11,"isIgnoredIfFailed":false,"type":"TEST_STEP","name":"Statement - ChanMSP_S_Count \u003d CustomKeywords.applicationLibrary.GetsPendingTaskCount_ChanMSP_SummaryScreen.Get_ChanMSPPendingTask_Count_Summaryscreen()","message":"applicationLibrary.GetsPendingTaskCount_ChanMSP_SummaryScreen.Get_ChanMSPPendingTask_Count_Summaryscreen is PASSED","description":"","startTime":1531298348548,"endTime":1531298348613,"childRecords":[{"testStatus":{"stackTrace":"","statusValue":"PASSED"},"type":"MESSAGE","name":"","message":"applicationLibrary.GetsPendingTaskCount_ChanMSP_SummaryScreen.Get_ChanMSPPendingTask_Count_Summaryscreen is PASSED","startTime":1531298348613,"endTime":0,"childRecords":[],"interuppted":false}],"interuppted":false},{"index":12,"isIgnoredIfFailed":false,"type":"TEST_STEP","name":"verifyEqual","message":"Actual object \u00277\u0027 and expected object \u00277\u0027 are equal","description":"","startTime":1531298348613,"endTime":1531298348631,"childRecords":[{"testStatus":{"stackTrace":"","statusValue":"PASSED"},"type":"MESSAGE","name":"","message":"Actual object \u00277\u0027 and expected object \u00277\u0027 are equal","startTime":1531298348631,"endTime":0,"childRecords":[],"interuppted":false}],"interuppted":false},{"index":13,"isIgnoredIfFailed":false,"type":"TEST_STEP","name":"callTestCase","message":"Call Test Case \u0027Test Cases/CommonTestcases/Logout_Closebrowser\u0027 successfully","description":"","startTime":1531298348631,"endTime":1531298350530,"childRecords":[{"isOptional":false,"type":"TEST_CASE","name":"Test Cases/CommonTestcases/Logout_Closebrowser","id":"Test Cases/CommonTestcases/Logout_Closebrowser","source":"D:\\\\Automation_P\u0026G\\\\Automation-P\u0026G-Code-Base\\\\OMVA\\\\Test Cases\\\\CommonTestcases\\\\Logout_Closebrowser.tc","message":"Test Cases/CommonTestcases/Logout_Closebrowser","description":"This is test case to logout of app","startTime":1531298348728,"endTime":1531298350515,"childRecords":[{"testStatus":{"stackTrace":"","statusValue":"INFO"},"type":"MESSAGE","name":"","message":"Evaluating variables for test case","startTime":1531298348728,"endTime":0,"childRecords":[],"interuppted":false},{"index":1,"isIgnoredIfFailed":false,"type":"TEST_STEP","name":"waitForElementPresent","message":"Object \u0027Object Repository/OMVA_Landing_Page/User_icon\u0027 is present","description":"","startTime":1531298348840,"endTime":1531298348900,"childRecords":[{"testStatus":{"stackTrace":"","statusValue":"PASSED"},"type":"MESSAGE","name":"","message":"Object \u0027Object Repository/OMVA_Landing_Page/User_icon\u0027 is present","startTime":1531298348900,"endTime":0,"childRecords":[],"interuppted":false}],"interuppted":false},{"index":2,"isIgnoredIfFailed":false,"type":"TEST_STEP","name":"click","message":"Object: \u0027Object Repository/OMVA_Landing_Page/User_icon\u0027 is clicked on","description":"","startTime":1531298348900,"endTime":1531298348967,"childRecords":[{"testStatus":{"stackTrace":"","statusValue":"PASSED"},"type":"MESSAGE","name":"","message":"Object: \u0027Object Repository/OMVA_Landing_Page/User_icon\u0027 is clicked on","startTime":1531298348967,"endTime":0,"childRecords":[],"interuppted":false}],"interuppted":false},{"index":3,"isIgnoredIfFailed":false,"type":"TEST_STEP","name":"waitForElementPresent","message":"Object \u0027Object Repository/OMVA_Landing_Page/Logout_link\u0027 is present","description":"","startTime":1531298348967,"endTime":1531298348999,"childRecords":[{"testStatus":{"stackTrace":"","statusValue":"PASSED"},"type":"MESSAGE","name":"","message":"Object \u0027Object Repository/OMVA_Landing_Page/Logout_link\u0027 is present","startTime":1531298348999,"endTime":0,"childRecords":[],"interuppted":false}],"interuppted":false},{"index":4,"isIgnoredIfFailed":false,"type":"TEST_STEP","name":"click","message":"Object: \u0027Object Repository/OMVA_Landing_Page/Logout_link\u0027 is clicked on","description":"","startTime":1531298349000,"endTime":1531298349177,"childRecords":[{"testStatus":{"stackTrace":"","statusValue":"PASSED"},"type":"MESSAGE","name":"","message":"Object: \u0027Object Repository/OMVA_Landing_Page/Logout_link\u0027 is clicked on","startTime":1531298349177,"endTime":0,"childRecords":[],"interuppted":false}],"interuppted":false},{"index":5,"isIgnoredIfFailed":false,"type":"TEST_STEP","name":"waitForElementNotPresent","message":"Web element with id: \u0027Object Repository/OMVA_Landing_Page/User_icon\u0027 located by \u0027By.xpath: //img[@id\u003d\u0027dropdown\u0027]\u0027 is not present after \u002730\u0027 second(s)","description":"","startTime":1531298349177,"endTime":1531298349744,"childRecords":[{"testStatus":{"stackTrace":"","statusValue":"WARNING"},"type":"MESSAGE","name":"","message":"Timeout \u00270\u0027 is invalid. Using default page load timeout: \u002730\u0027","startTime":1531298349188,"endTime":0,"childRecords":[],"interuppted":false},{"testStatus":{"stackTrace":"","statusValue":"PASSED"},"type":"MESSAGE","name":"","message":"Web element with id: \u0027Object Repository/OMVA_Landing_Page/User_icon\u0027 located by \u0027By.xpath: //img[@id\u003d\u0027dropdown\u0027]\u0027 is not present after \u002730\u0027 second(s)","startTime":1531298349743,"endTime":0,"childRecords":[],"interuppted":false}],"interuppted":false},{"index":6,"isIgnoredIfFailed":false,"type":"TEST_STEP","name":"closeBrowser","message":"Browser is closed","description":"","startTime":1531298349744,"endTime":1531298350514,"childRecords":[{"testStatus":{"stackTrace":"","statusValue":"PASSED"},"type":"MESSAGE","name":"","message":"Browser is closed","startTime":1531298350514,"endTime":0,"childRecords":[],"interuppted":false}],"interuppted":false},{"testStatus":{"stackTrace":"","statusValue":"PASSED"},"type":"MESSAGE","name":"","message":"Test Cases/CommonTestcases/Logout_Closebrowser","startTime":1531298350515,"endTime":0,"childRecords":[],"interuppted":false}],"interuppted":false},{"testStatus":{"stackTrace":"","statusValue":"PASSED"},"type":"MESSAGE","name":"","message":"Call Test Case \u0027Test Cases/CommonTestcases/Logout_Closebrowser\u0027 successfully","startTime":1531298350515,"endTime":0,"childRecords":[],"interuppted":false}],"interuppted":false},{"testStatus":{"stackTrace":"","statusValue":"PASSED"},"type":"MESSAGE","name":"","message":"Test Cases/WorkBenchTestCases/Verify_MatchOfPendingTaskForSumaryandWBforChanMSP","startTime":1531298350530,"endTime":0,"childRecords":[],"interuppted":false}],"interuppted":false},{"isOptional":false,"type":"TEST_CASE","name":"Test Cases/WorkBenchTestCases/Verify_DisplayOfHomePageForAllocSPOC","id":"Test Cases/WorkBenchTestCases/Verify_DisplayOfHomePageForAllocSPOC","source":"D:\\\\Automation_P\u0026G\\\\Automation-P\u0026G-Code-Base\\\\OMVA\\\\Test Cases\\\\WorkBenchTestCases\\\\Verify_DisplayOfHomePageForAllocSPOC.tc","message":"Test Cases/WorkBenchTestCases/Verify_DisplayOfHomePageForAllocSPOC","description":"Testcase to verifyAlloc SPOC home page contains only summary and History and not workbench","startTime":1531298350546,"endTime":1531298381729,"childRecords":[{"testStatus":{"stackTrace":"","statusValue":"INFO"},"type":"MESSAGE","name":"","message":"Evaluating variables for test case","startTime":1531298350547,"endTime":0,"childRecords":[],"interuppted":false},{"index":1,"isIgnoredIfFailed":false,"type":"TEST_STEP","name":"callTestCase","message":"Call Test Case \u0027Test Cases/UserManagementTestCases/Login/Login_AllocSPOC\u0027 successfully","description":"","startTime":1531298350694,"endTime":1531298374964,"childRecords":[{"isOptional":false,"type":"TEST_CASE","name":"Test Cases/UserManagementTestCases/Login/Login_AllocSPOC","id":"Test Cases/UserManagementTestCases/Login/Login_AllocSPOC","source":"D:\\\\Automation_P\u0026G\\\\Automation-P\u0026G-Code-Base\\\\OMVA\\\\Test Cases\\\\UserManagementTestCases\\\\Login\\\\Login_AllocSPOC.tc","message":"Test Cases/UserManagementTestCases/Login/Login_AllocSPOC","description":"This test case is to test MAL login","startTime":1531298350903,"endTime":1531298374962,"childRecords":[{"testStatus":{"stackTrace":"","statusValue":"INFO"},"type":"MESSAGE","name":"","message":"Evaluating variables for test case","startTime":1531298350904,"endTime":0,"childRecords":[],"interuppted":false},{"testStatus":{"stackTrace":"","statusValue":"INFO"},"type":"MESSAGE","name":"","message":"Variable \u0027AllocSPOCID\u0027 is set to romeo","startTime":1531298350904,"endTime":0,"childRecords":[],"interuppted":false},{"testStatus":{"stackTrace":"","statusValue":"INFO"},"type":"MESSAGE","name":"","message":"Variable \u0027AllocSPOCPwd\u0027 is set to romeo","startTime":1531298350904,"endTime":0,"childRecords":[],"interuppted":false},{"index":1,"isIgnoredIfFailed":false,"type":"TEST_STEP","name":"callTestCase","message":"Call Test Case \u0027Test Cases/CommonTestcases/OpenBrowserandNavigateToQAURL\u0027 successfully","description":"","startTime":1531298351069,"endTime":1531298362866,"childRecords":[{"isOptional":false,"type":"TEST_CASE","name":"Test Cases/CommonTestcases/OpenBrowserandNavigateToQAURL","id":"Test Cases/CommonTestcases/OpenBrowserandNavigateToQAURL","source":"D:\\\\Automation_P\u0026G\\\\Automation-P\u0026G-Code-Base\\\\OMVA\\\\Test Cases\\\\CommonTestcases\\\\OpenBrowserandNavigateToQAURL.tc","message":"Test Cases/CommonTestcases/OpenBrowserandNavigateToQAURL","description":"This test case will open a browser and navigates to URL","startTime":1531298351135,"endTime":1531298362865,"childRecords":[{"testStatus":{"stackTrace":"","statusValue":"INFO"},"type":"MESSAGE","name":"","message":"Evaluating variables for test case","startTime":1531298351135,"endTime":0,"childRecords":[],"interuppted":false},{"index":1,"isIgnoredIfFailed":false,"type":"TEST_STEP","name":"openBrowser","message":"Browser is opened with url: \u0027\u0027","description":"","startTime":1531298351135,"endTime":1531298352189,"childRecords":[{"testStatus":{"stackTrace":"","statusValue":"PASSED"},"type":"MESSAGE","name":"","message":"Browser is opened with url: \u0027\u0027","startTime":1531298352187,"endTime":0,"childRecords":[],"interuppted":false}],"interuppted":false},{"index":2,"isIgnoredIfFailed":false,"type":"TEST_STEP","name":"navigateToUrl","message":"Navigate to \u0027https://coa-demo-env.azurewebsites.net/da/index.html#/login\u0027 successfully","description":"","startTime":1531298352189,"endTime":1531298362707,"childRecords":[{"testStatus":{"stackTrace":"","statusValue":"PASSED"},"type":"MESSAGE","name":"","message":"Navigate to \u0027https://coa-demo-env.azurewebsites.net/da/index.html#/login\u0027 successfully","startTime":1531298362705,"endTime":0,"childRecords":[],"interuppted":false}],"interuppted":false},{"index":3,"isIgnoredIfFailed":false,"type":"TEST_STEP","name":"maximizeWindow","message":"Current window maximized","description":"","startTime":1531298362709,"endTime":1531298362863,"childRecords":[{"testStatus":{"stackTrace":"","statusValue":"PASSED"},"type":"MESSAGE","name":"","message":"Current window maximized","startTime":1531298362863,"endTime":0,"childRecords":[],"interuppted":false}],"interuppted":false},{"testStatus":{"stackTrace":"","statusValue":"PASSED"},"type":"MESSAGE","name":"","message":"Test Cases/CommonTestcases/OpenBrowserandNavigateToQAURL","startTime":1531298362864,"endTime":0,"childRecords":[],"interuppted":false}],"interuppted":false},{"testStatus":{"stackTrace":"","statusValue":"PASSED"},"type":"MESSAGE","name":"","message":"Call Test Case \u0027Test Cases/CommonTestcases/OpenBrowserandNavigateToQAURL\u0027 successfully","startTime":1531298362865,"endTime":0,"childRecords":[],"interuppted":false}],"interuppted":false},{"index":2,"isIgnoredIfFailed":false,"type":"TEST_STEP","name":"waitForElementVisible","message":"Object \u0027Object Repository/OMVA_Login_Page/Password_Textbox\u0027 is not visible after 10 second(s)","description":"","startTime":1531298362866,"endTime":1531298373280,"childRecords":[{"testStatus":{"stackTrace":"","statusValue":"WARNING"},"type":"MESSAGE","name":"","message":"Object \u0027Object Repository/OMVA_Login_Page/Password_Textbox\u0027 is not visible after 10 second(s)","startTime":1531298373279,"endTime":0,"childRecords":[],"interuppted":false}],"interuppted":false},{"index":3,"isIgnoredIfFailed":false,"type":"TEST_STEP","name":"sendKeys","message":"Keys \u0027romeo\u0027 sent to object: \u0027Object Repository/OMVA_Login_Page/Username_Textbox\u0027","description":"","startTime":1531298373281,"endTime":1531298373409,"childRecords":[{"testStatus":{"stackTrace":"","statusValue":"PASSED"},"type":"MESSAGE","name":"","message":"Keys \u0027romeo\u0027 sent to object: \u0027Object Repository/OMVA_Login_Page/Username_Textbox\u0027","startTime":1531298373408,"endTime":0,"childRecords":[],"interuppted":false}],"interuppted":false},{"index":4,"isIgnoredIfFailed":false,"type":"TEST_STEP","name":"click","message":"Object: \u0027Object Repository/OMVA_Login_Page/Next_Button\u0027 is clicked on","description":"","startTime":1531298373409,"endTime":1531298373542,"childRecords":[{"testStatus":{"stackTrace":"","statusValue":"PASSED"},"type":"MESSAGE","name":"","message":"Object: \u0027Object Repository/OMVA_Login_Page/Next_Button\u0027 is clicked on","startTime":1531298373528,"endTime":0,"childRecords":[],"interuppted":false}],"interuppted":false},{"index":5,"isIgnoredIfFailed":false,"type":"TEST_STEP","name":"waitForElementVisible","message":"Object \u0027Object Repository/OMVA_Login_Page/Password_Textbox\u0027 is visible","description":"","startTime":1531298373542,"endTime":1531298374105,"childRecords":[{"testStatus":{"stackTrace":"","statusValue":"PASSED"},"type":"MESSAGE","name":"","message":"Object \u0027Object Repository/OMVA_Login_Page/Password_Textbox\u0027 is visible","startTime":1531298374104,"endTime":0,"childRecords":[],"interuppted":false}],"interuppted":false},{"index":6,"isIgnoredIfFailed":false,"type":"TEST_STEP","name":"sendKeys","message":"Keys \u0027romeo\u0027 sent to object: \u0027Object Repository/OMVA_Login_Page/Password_Textbox\u0027","description":"","startTime":1531298374105,"endTime":1531298374232,"childRecords":[{"testStatus":{"stackTrace":"","statusValue":"PASSED"},"type":"MESSAGE","name":"","message":"Keys \u0027romeo\u0027 sent to object: \u0027Object Repository/OMVA_Login_Page/Password_Textbox\u0027","startTime":1531298374232,"endTime":0,"childRecords":[],"interuppted":false}],"interuppted":false},{"index":7,"isIgnoredIfFailed":false,"type":"TEST_STEP","name":"click","message":"Object: \u0027Object Repository/OMVA_Login_Page/Signin_Button\u0027 is clicked on","description":"","startTime":1531298374233,"endTime":1531298374339,"childRecords":[{"testStatus":{"stackTrace":"","statusValue":"PASSED"},"type":"MESSAGE","name":"","message":"Object: \u0027Object Repository/OMVA_Login_Page/Signin_Button\u0027 is clicked on","startTime":1531298374338,"endTime":0,"childRecords":[],"interuppted":false}],"interuppted":false},{"index":8,"isIgnoredIfFailed":false,"type":"TEST_STEP","name":"waitForAngularLoad","message":"This page doesn\u0027t use Angular.","description":"","startTime":1531298374339,"endTime":1531298374357,"childRecords":[{"testStatus":{"stackTrace":"","statusValue":"WARNING"},"type":"MESSAGE","name":"","message":"This page doesn\u0027t use Angular.","startTime":1531298374357,"endTime":0,"childRecords":[],"interuppted":false}],"interuppted":false},{"index":9,"isIgnoredIfFailed":false,"type":"TEST_STEP","name":"Statement - greetingtext \u003d com.kms.katalon.core.webui.keyword.WebUiBuiltInKeywords.getText(com.kms.katalon.core.testobject.ObjectRepository.findTestObject(OMVA_Landing_Page/Greeting_Label))","message":"Text of object \u0027Object Repository/OMVA_Landing_Page/Greeting_Label\u0027 is: \u0027Good Afternoon, romeo\u0027","description":"","startTime":1531298374358,"endTime":1531298374956,"childRecords":[{"testStatus":{"stackTrace":"","statusValue":"PASSED"},"type":"MESSAGE","name":"","message":"Text of object \u0027Object Repository/OMVA_Landing_Page/Greeting_Label\u0027 is: \u0027Good Afternoon, romeo\u0027","startTime":1531298374955,"endTime":0,"childRecords":[],"interuppted":false}],"interuppted":false},{"index":10,"isIgnoredIfFailed":false,"type":"TEST_STEP","name":"verifyMatch","message":"Actual text \u0027Good Afternoon, romeo\u0027 and expected text \u0027\\D*romeo\u0027 are matched  using regular expression","description":"","startTime":1531298374958,"endTime":1531298374961,"childRecords":[{"testStatus":{"stackTrace":"","statusValue":"PASSED"},"type":"MESSAGE","name":"","message":"Actual text \u0027Good Afternoon, romeo\u0027 and expected text \u0027\\D*romeo\u0027 are matched  using regular expression","startTime":1531298374960,"endTime":0,"childRecords":[],"interuppted":false}],"interuppted":false},{"testStatus":{"stackTrace":"","statusValue":"PASSED"},"type":"MESSAGE","name":"","message":"Test Cases/UserManagementTestCases/Login/Login_AllocSPOC","startTime":1531298374962,"endTime":0,"childRecords":[],"interuppted":false}],"interuppted":false},{"testStatus":{"stackTrace":"","statusValue":"PASSED"},"type":"MESSAGE","name":"","message":"Call Test Case \u0027Test Cases/UserManagementTestCases/Login/Login_AllocSPOC\u0027 successfully","startTime":1531298374963,"endTime":0,"childRecords":[],"interuppted":false}],"interuppted":false},{"index":2,"isIgnoredIfFailed":false,"type":"TEST_STEP","name":"delay","message":"Delayed 5 second(s)","description":"","startTime":1531298374964,"endTime":1531298379968,"childRecords":[{"testStatus":{"stackTrace":"","statusValue":"PASSED"},"type":"MESSAGE","name":"","message":"Delayed 5 second(s)","startTime":1531298379967,"endTime":0,"childRecords":[],"interuppted":false}],"interuppted":false},{"index":3,"isIgnoredIfFailed":false,"type":"TEST_STEP","name":"verifyElementPresent","message":"Object \u0027Object Repository/OMVA_Landing_Page/SummaryLogo_ASpoc\u0027 is present","description":"","startTime":1531298379968,"endTime":1531298380034,"childRecords":[{"testStatus":{"stackTrace":"","statusValue":"PASSED"},"type":"MESSAGE","name":"","message":"Object \u0027Object Repository/OMVA_Landing_Page/SummaryLogo_ASpoc\u0027 is present","startTime":1531298380034,"endTime":0,"childRecords":[],"interuppted":false}],"interuppted":false},{"index":4,"isIgnoredIfFailed":false,"type":"TEST_STEP","name":"verifyElementPresent","message":"Object \u0027Object Repository/OMVA_Landing_Page/History_Logo\u0027 is present","description":"","startTime":1531298380034,"endTime":1531298380082,"childRecords":[{"testStatus":{"stackTrace":"","statusValue":"PASSED"},"type":"MESSAGE","name":"","message":"Object \u0027Object Repository/OMVA_Landing_Page/History_Logo\u0027 is present","startTime":1531298380082,"endTime":0,"childRecords":[],"interuppted":false}],"interuppted":false},{"index":5,"isIgnoredIfFailed":false,"type":"TEST_STEP","name":"verifyElementNotPresent","message":"Web element with id: \u0027Object Repository/OMVA_Landing_Page/Workbench_Logo\u0027 located by \u0027By.xpath: //li[@class\u003d\u0027workBenchLogo\u0027]\u0027 is not present after \u00275\u0027 second(s)","description":"","startTime":1531298380082,"endTime":1531298380119,"childRecords":[{"testStatus":{"stackTrace":"","statusValue":"PASSED"},"type":"MESSAGE","name":"","message":"Web element with id: \u0027Object Repository/OMVA_Landing_Page/Workbench_Logo\u0027 located by \u0027By.xpath: //li[@class\u003d\u0027workBenchLogo\u0027]\u0027 is not present after \u00275\u0027 second(s)","startTime":1531298380119,"endTime":0,"childRecords":[],"interuppted":false}],"interuppted":false},{"index":6,"isIgnoredIfFailed":false,"type":"TEST_STEP","name":"callTestCase","message":"Call Test Case \u0027Test Cases/CommonTestcases/Logout_Closebrowser\u0027 successfully","description":"","startTime":1531298380119,"endTime":1531298381729,"childRecords":[{"isOptional":false,"type":"TEST_CASE","name":"Test Cases/CommonTestcases/Logout_Closebrowser","id":"Test Cases/CommonTestcases/Logout_Closebrowser","source":"D:\\\\Automation_P\u0026G\\\\Automation-P\u0026G-Code-Base\\\\OMVA\\\\Test Cases\\\\CommonTestcases\\\\Logout_Closebrowser.tc","message":"Test Cases/CommonTestcases/Logout_Closebrowser","description":"This is test case to logout of app","startTime":1531298380185,"endTime":1531298381713,"childRecords":[{"testStatus":{"stackTrace":"","statusValue":"INFO"},"type":"MESSAGE","name":"","message":"Evaluating variables for test case","startTime":1531298380185,"endTime":0,"childRecords":[],"interuppted":false},{"index":1,"isIgnoredIfFailed":false,"type":"TEST_STEP","name":"waitForElementPresent","message":"Object \u0027Object Repository/OMVA_Landing_Page/User_icon\u0027 is present","description":"","startTime":1531298380185,"endTime":1531298380218,"childRecords":[{"testStatus":{"stackTrace":"","statusValue":"PASSED"},"type":"MESSAGE","name":"","message":"Object \u0027Object Repository/OMVA_Landing_Page/User_icon\u0027 is present","startTime":1531298380218,"endTime":0,"childRecords":[],"interuppted":false}],"interuppted":false},{"index":2,"isIgnoredIfFailed":false,"type":"TEST_STEP","name":"click","message":"Object: \u0027Object Repository/OMVA_Landing_Page/User_icon\u0027 is clicked on","description":"","startTime":1531298380218,"endTime":1531298380288,"childRecords":[{"testStatus":{"stackTrace":"","statusValue":"PASSED"},"type":"MESSAGE","name":"","message":"Object: \u0027Object Repository/OMVA_Landing_Page/User_icon\u0027 is clicked on","startTime":1531298380288,"endTime":0,"childRecords":[],"interuppted":false}],"interuppted":false},{"index":3,"isIgnoredIfFailed":false,"type":"TEST_STEP","name":"waitForElementPresent","message":"Object \u0027Object Repository/OMVA_Landing_Page/Logout_link\u0027 is present","description":"","startTime":1531298380288,"endTime":1531298380310,"childRecords":[{"testStatus":{"stackTrace":"","statusValue":"PASSED"},"type":"MESSAGE","name":"","message":"Object \u0027Object Repository/OMVA_Landing_Page/Logout_link\u0027 is present","startTime":1531298380310,"endTime":0,"childRecords":[],"interuppted":false}],"interuppted":false},{"index":4,"isIgnoredIfFailed":false,"type":"TEST_STEP","name":"click","message":"Object: \u0027Object Repository/OMVA_Landing_Page/Logout_link\u0027 is clicked on","description":"","startTime":1531298380310,"endTime":1531298380416,"childRecords":[{"testStatus":{"stackTrace":"","statusValue":"PASSED"},"type":"MESSAGE","name":"","message":"Object: \u0027Object Repository/OMVA_Landing_Page/Logout_link\u0027 is clicked on","startTime":1531298380415,"endTime":0,"childRecords":[],"interuppted":false}],"interuppted":false},{"index":5,"isIgnoredIfFailed":false,"type":"TEST_STEP","name":"waitForElementNotPresent","message":"Web element with id: \u0027Object Repository/OMVA_Landing_Page/User_icon\u0027 located by \u0027By.xpath: //img[@id\u003d\u0027dropdown\u0027]\u0027 is not present after \u002730\u0027 second(s)","description":"","startTime":1531298380417,"endTime":1531298380980,"childRecords":[{"testStatus":{"stackTrace":"","statusValue":"WARNING"},"type":"MESSAGE","name":"","message":"Timeout \u00270\u0027 is invalid. Using default page load timeout: \u002730\u0027","startTime":1531298380422,"endTime":0,"childRecords":[],"interuppted":false},{"testStatus":{"stackTrace":"","statusValue":"PASSED"},"type":"MESSAGE","name":"","message":"Web element with id: \u0027Object Repository/OMVA_Landing_Page/User_icon\u0027 located by \u0027By.xpath: //img[@id\u003d\u0027dropdown\u0027]\u0027 is not present after \u002730\u0027 second(s)","startTime":1531298380980,"endTime":0,"childRecords":[],"interuppted":false}],"interuppted":false},{"index":6,"isIgnoredIfFailed":false,"type":"TEST_STEP","name":"closeBrowser","message":"Browser is closed","description":"","startTime":1531298380980,"endTime":1531298381698,"childRecords":[{"testStatus":{"stackTrace":"","statusValue":"PASSED"},"type":"MESSAGE","name":"","message":"Browser is closed","startTime":1531298381697,"endTime":0,"childRecords":[],"interuppted":false}],"interuppted":false},{"testStatus":{"stackTrace":"","statusValue":"PASSED"},"type":"MESSAGE","name":"","message":"Test Cases/CommonTestcases/Logout_Closebrowser","startTime":1531298381698,"endTime":0,"childRecords":[],"interuppted":false}],"interuppted":false},{"testStatus":{"stackTrace":"","statusValue":"PASSED"},"type":"MESSAGE","name":"","message":"Call Test Case \u0027Test Cases/CommonTestcases/Logout_Closebrowser\u0027 successfully","startTime":1531298381713,"endTime":0,"childRecords":[],"interuppted":false}],"interuppted":false},{"testStatus":{"stackTrace":"","statusValue":"PASSED"},"type":"MESSAGE","name":"","message":"Test Cases/WorkBenchTestCases/Verify_DisplayOfHomePageForAllocSPOC","startTime":1531298381729,"endTime":0,"childRecords":[],"interuppted":false}],"interuppted":false}],"interuppted":false}