<?xml version="1.0" encoding="UTF-8"?>
<testsuites name="UserManagementTestSuite" time="656" tests="16" failures="4" errors="0">
   <testsuite name="UserManagementTestSuite" tests="16" failures="4" errors="0" time="656" timestamp="2018-07-11 10:04:32" hostname="vijay.n - edt-168.estblr.com" id="Test Suites/UserManagementTestSuite">
      <properties>
         <property name="deviceName" value=""/>
         <property name="devicePlatform" value=""/>
         <property name="logFolder" value="D:\\Automation_P&amp;G\\Automation-P&amp;G-Code-Base\\OMVA\\Reports\\UserManagementTestSuite\\20180711_100421"/>
         <property name="logFiles" value="D:\\Automation_P&amp;G\\Automation-P&amp;G-Code-Base\\OMVA\\Reports\\UserManagementTestSuite\\20180711_100421\\execution0.log"/>
         <property name="attachments" value="D:\\Automation_P&amp;G\\Automation-P&amp;G-Code-Base\\OMVA\\Reports\\UserManagementTestSuite\\20180711_100421\\1531283931286.png, D:\\Automation_P&amp;G\\Automation-P&amp;G-Code-Base\\OMVA\\Reports\\UserManagementTestSuite\\20180711_100421\\1531284160840.png, D:\\Automation_P&amp;G\\Automation-P&amp;G-Code-Base\\OMVA\\Reports\\UserManagementTestSuite\\20180711_100421\\1531284327989.png"/>
         <property name="hostName" value="vijay.n - edt-168.estblr.com"/>
         <property name="os" value="Windows 7 64bit"/>
         <property name="katalonVersion" value="5.4.2.1"/>
         <property name="browser" value="Chrome 67.0.3396.99"/>
         <property name="hostAddress" value="172.16.17.168"/>
         <property name="sessionId" value="e65cb0214bb94a96805283062f8376ae"/>
         <property name="seleniumVersion" value="3.7.1"/>
         <property name="proxyInformation" value="ProxyInformation{proxyOption=NO_PROXY, proxyServerType=HTTP, password=, proxyServerAddress=, proxyServerPort=0}"/>
         <property name="platform" value="Windows 7"/>
      </properties>
      <testcase name="Test Cases/UserManagementTestCases/Login/Invalid_Login" classname="Test Cases/UserManagementTestCases/Login/Invalid_Login" status="PASSED">
         <system-out><![CDATA[2018-07-11 10:04:33 - [TEST_CASE][PASSED] - Test Cases/UserManagementTestCases/Login/Invalid_Login: Test Cases/UserManagementTestCases/Login/Invalid_Login

2018-07-11 10:04:36 - [TEST_STEP][PASSED] - callTestCase: Call Test Case 'Test Cases/CommonTestcases/OpenBrowserandNavigateToQAURL' successfully

2018-07-11 10:04:36 - [TEST_CASE][PASSED] - Test Cases/CommonTestcases/OpenBrowserandNavigateToQAURL: Test Cases/CommonTestcases/OpenBrowserandNavigateToQAURL

2018-07-11 10:04:36 - [TEST_STEP][PASSED] - openBrowser: Browser is opened with url: ''

2018-07-11 10:05:07 - [MESSAGE][PASSED] - Browser is opened with url: ''

2018-07-11 10:05:07 - [TEST_STEP][PASSED] - navigateToUrl: Navigate to 'https://coa-demo-env.azurewebsites.net/da/index.html#/login' successfully

2018-07-11 10:05:23 - [MESSAGE][PASSED] - Navigate to 'https://coa-demo-env.azurewebsites.net/da/index.html#/login' successfully

2018-07-11 10:05:23 - [TEST_STEP][PASSED] - maximizeWindow: Current window maximized

2018-07-11 10:05:23 - [MESSAGE][PASSED] - Current window maximized

2018-07-11 10:05:23 - [MESSAGE][PASSED] - Call Test Case 'Test Cases/CommonTestcases/OpenBrowserandNavigateToQAURL' successfully

2018-07-11 10:05:23 - [TEST_STEP][PASSED] - waitForElementVisible: Object 'Object Repository/OMVA_Login_Page/Username_Textbox' is visible

2018-07-11 10:05:24 - [MESSAGE][PASSED] - Object 'Object Repository/OMVA_Login_Page/Username_Textbox' is visible

2018-07-11 10:05:24 - [TEST_STEP][PASSED] - sendKeys: Keys 'asdf' sent to object: 'Object Repository/OMVA_Login_Page/Username_Textbox'

2018-07-11 10:05:25 - [MESSAGE][PASSED] - Keys 'asdf' sent to object: 'Object Repository/OMVA_Login_Page/Username_Textbox'

2018-07-11 10:05:25 - [TEST_STEP][PASSED] - click: Object: 'Object Repository/OMVA_Login_Page/Next_Button' is clicked on

2018-07-11 10:05:25 - [MESSAGE][PASSED] - Object: 'Object Repository/OMVA_Login_Page/Next_Button' is clicked on

2018-07-11 10:05:25 - [TEST_STEP][PASSED] - Statement - If (true): null

2018-07-11 10:05:25 - [TEST_STEP][PASSED] - waitForElementVisible: Object 'Object Repository/OMVA_Login_Page/Password_Textbox' is visible

2018-07-11 10:05:26 - [MESSAGE][PASSED] - Object 'Object Repository/OMVA_Login_Page/Password_Textbox' is visible

2018-07-11 10:05:26 - [TEST_STEP][PASSED] - Statement - assert true: null

2018-07-11 10:05:26 - [TEST_STEP][PASSED] - sendKeys: Keys 'qwerty' sent to object: 'Object Repository/OMVA_Login_Page/Password_Textbox'

2018-07-11 10:05:26 - [MESSAGE][PASSED] - Keys 'qwerty' sent to object: 'Object Repository/OMVA_Login_Page/Password_Textbox'

2018-07-11 10:05:26 - [TEST_STEP][PASSED] - click: Object: 'Object Repository/OMVA_Login_Page/Signin_Button' is clicked on

2018-07-11 10:05:27 - [MESSAGE][PASSED] - Object: 'Object Repository/OMVA_Login_Page/Signin_Button' is clicked on

2018-07-11 10:05:27 - [TEST_STEP][PASSED] - Statement - AHeaderTxt = com.kms.katalon.core.webui.keyword.WebUiBuiltInKeywords.getText(com.kms.katalon.core.testobject.ObjectRepository.findTestObject(OMVA_Login_Page/InvalidLogin_HeaderTxt)): Text of object 'Object Repository/OMVA_Login_Page/InvalidLogin_HeaderTxt' is: 'Invalid Credentials'

2018-07-11 10:05:28 - [MESSAGE][PASSED] - Text of object 'Object Repository/OMVA_Login_Page/InvalidLogin_HeaderTxt' is: 'Invalid Credentials'

2018-07-11 10:05:28 - [TEST_STEP][PASSED] - verifyMatch: Actual text 'Invalid Credentials' and expected text 'Invalid Credentials' are matched  using regular expression

2018-07-11 10:05:28 - [MESSAGE][PASSED] - Actual text 'Invalid Credentials' and expected text 'Invalid Credentials' are matched  using regular expression

2018-07-11 10:05:28 - [TEST_STEP][PASSED] - Statement - AContentTxt = com.kms.katalon.core.webui.keyword.WebUiBuiltInKeywords.getText(com.kms.katalon.core.testobject.ObjectRepository.findTestObject(OMVA_Login_Page/InvalidLogin_ContentTxt)): Text of object 'Object Repository/OMVA_Login_Page/InvalidLogin_ContentTxt' is: 'The specified username / password is invalid. Please try again.'

2018-07-11 10:05:28 - [MESSAGE][PASSED] - Text of object 'Object Repository/OMVA_Login_Page/InvalidLogin_ContentTxt' is: 'The specified username / password is invalid. Please try again.'

2018-07-11 10:05:28 - [TEST_STEP][PASSED] - verifyMatch: Actual text 'The specified username / password is invalid. Please try again.' and expected text 'The specified username / password is invalid. Please try again.' are matched  using regular expression

2018-07-11 10:05:28 - [MESSAGE][PASSED] - Actual text 'The specified username / password is invalid. Please try again.' and expected text 'The specified username / password is invalid. Please try again.' are matched  using regular expression

2018-07-11 10:05:28 - [TEST_STEP][PASSED] - waitForElementVisible: Object 'Object Repository/OMVA_Login_Page/InvalidLogin_OKbtn' is visible

2018-07-11 10:05:28 - [MESSAGE][PASSED] - Object 'Object Repository/OMVA_Login_Page/InvalidLogin_OKbtn' is visible

2018-07-11 10:05:29 - [TEST_STEP][PASSED] - Statement - assert true: null

2018-07-11 10:05:29 - [TEST_STEP][PASSED] - click: Object: 'Object Repository/OMVA_Login_Page/InvalidLogin_OKbtn' is clicked on

2018-07-11 10:05:29 - [MESSAGE][PASSED] - Object: 'Object Repository/OMVA_Login_Page/InvalidLogin_OKbtn' is clicked on

2018-07-11 10:05:29 - [TEST_STEP][PASSED] - closeBrowser: Browser is closed

2018-07-11 10:05:29 - [MESSAGE][PASSED] - Browser is closed]]></system-out>
         <system-err><![CDATA[]]></system-err>
      </testcase>
      <testcase name="Test Cases/UserManagementTestCases/Login/Valid_Login" classname="Test Cases/UserManagementTestCases/Login/Valid_Login" status="PASSED">
         <system-out><![CDATA[2018-07-11 10:05:29 - [TEST_CASE][PASSED] - Test Cases/UserManagementTestCases/Login/Valid_Login: Test Cases/UserManagementTestCases/Login/Valid_Login

2018-07-11 10:05:30 - [TEST_STEP][PASSED] - callTestCase: Call Test Case 'Test Cases/CommonTestcases/OpenBrowserandNavigateToQAURL' successfully

2018-07-11 10:05:30 - [TEST_CASE][PASSED] - Test Cases/CommonTestcases/OpenBrowserandNavigateToQAURL: Test Cases/CommonTestcases/OpenBrowserandNavigateToQAURL

2018-07-11 10:05:30 - [TEST_STEP][PASSED] - openBrowser: Browser is opened with url: ''

2018-07-11 10:05:34 - [MESSAGE][PASSED] - Browser is opened with url: ''

2018-07-11 10:05:34 - [TEST_STEP][PASSED] - navigateToUrl: Navigate to 'https://coa-demo-env.azurewebsites.net/da/index.html#/login' successfully

2018-07-11 10:05:42 - [MESSAGE][PASSED] - Navigate to 'https://coa-demo-env.azurewebsites.net/da/index.html#/login' successfully

2018-07-11 10:05:42 - [TEST_STEP][PASSED] - maximizeWindow: Current window maximized

2018-07-11 10:05:42 - [MESSAGE][PASSED] - Current window maximized

2018-07-11 10:05:42 - [MESSAGE][PASSED] - Call Test Case 'Test Cases/CommonTestcases/OpenBrowserandNavigateToQAURL' successfully

2018-07-11 10:05:42 - [TEST_STEP][PASSED] - waitForElementVisible: Object 'Object Repository/OMVA_Login_Page/Username_Textbox' is visible

2018-07-11 10:05:42 - [MESSAGE][PASSED] - Object 'Object Repository/OMVA_Login_Page/Username_Textbox' is visible

2018-07-11 10:05:42 - [TEST_STEP][PASSED] - sendKeys: Keys 'SuperAdmin' sent to object: 'Object Repository/OMVA_Login_Page/Username_Textbox'

2018-07-11 10:05:42 - [MESSAGE][PASSED] - Keys 'SuperAdmin' sent to object: 'Object Repository/OMVA_Login_Page/Username_Textbox'

2018-07-11 10:05:42 - [TEST_STEP][PASSED] - click: Object: 'Object Repository/OMVA_Login_Page/Next_Button' is clicked on

2018-07-11 10:05:43 - [MESSAGE][PASSED] - Object: 'Object Repository/OMVA_Login_Page/Next_Button' is clicked on

2018-07-11 10:05:43 - [TEST_STEP][PASSED] - Statement - If (true): null

2018-07-11 10:05:43 - [TEST_STEP][PASSED] - waitForElementVisible: Object 'Object Repository/OMVA_Login_Page/Password_Textbox' is visible

2018-07-11 10:05:43 - [MESSAGE][PASSED] - Object 'Object Repository/OMVA_Login_Page/Password_Textbox' is visible

2018-07-11 10:05:43 - [TEST_STEP][PASSED] - Statement - assert true: null

2018-07-11 10:05:43 - [TEST_STEP][PASSED] - sendKeys: Keys 'SuperAdmin' sent to object: 'Object Repository/OMVA_Login_Page/Password_Textbox'

2018-07-11 10:05:43 - [MESSAGE][PASSED] - Keys 'SuperAdmin' sent to object: 'Object Repository/OMVA_Login_Page/Password_Textbox'

2018-07-11 10:05:43 - [TEST_STEP][PASSED] - click: Object: 'Object Repository/OMVA_Login_Page/Signin_Button' is clicked on

2018-07-11 10:05:43 - [MESSAGE][PASSED] - Object: 'Object Repository/OMVA_Login_Page/Signin_Button' is clicked on

2018-07-11 10:05:43 - [TEST_STEP][PASSED] - waitForAngularLoad: This page doesn't use Angular.

2018-07-11 10:05:43 - [MESSAGE][WARNING] - This page doesn't use Angular.

2018-07-11 10:05:43 - [TEST_STEP][PASSED] - Statement - greetingtext = com.kms.katalon.core.webui.keyword.WebUiBuiltInKeywords.getText(com.kms.katalon.core.testobject.ObjectRepository.findTestObject(OMVA_Landing_Page/Greeting_Label)): Text of object 'Object Repository/OMVA_Landing_Page/Greeting_Label' is: 'Good Morning, SuperAdmin'

2018-07-11 10:05:45 - [MESSAGE][PASSED] - Text of object 'Object Repository/OMVA_Landing_Page/Greeting_Label' is: 'Good Morning, SuperAdmin'

2018-07-11 10:05:45 - [TEST_STEP][PASSED] - verifyMatch: Actual text 'Good Morning, SuperAdmin' and expected text '\D*SuperAdmin' are matched  using regular expression

2018-07-11 10:05:45 - [MESSAGE][PASSED] - Actual text 'Good Morning, SuperAdmin' and expected text '\D*SuperAdmin' are matched  using regular expression

2018-07-11 10:05:45 - [TEST_STEP][PASSED] - closeBrowser: Browser is closed

2018-07-11 10:05:45 - [MESSAGE][PASSED] - Browser is closed]]></system-out>
         <system-err><![CDATA[]]></system-err>
      </testcase>
      <testcase name="Test Cases/UserManagementTestCases/CreateUser/Create_User_Validate" classname="Test Cases/UserManagementTestCases/CreateUser/Create_User_Validate" status="PASSED">
         <system-out><![CDATA[2018-07-11 10:05:45 - [TEST_CASE][PASSED] - Test Cases/UserManagementTestCases/CreateUser/Create_User_Validate: Test Cases/UserManagementTestCases/CreateUser/Create_User_Validate

2018-07-11 10:05:46 - [TEST_STEP][PASSED] - callTestCase: Call Test Case 'Test Cases/CommonTestcases/OpenBrowserandNavigateToQAURL' successfully

2018-07-11 10:05:46 - [TEST_CASE][PASSED] - Test Cases/CommonTestcases/OpenBrowserandNavigateToQAURL: Test Cases/CommonTestcases/OpenBrowserandNavigateToQAURL

2018-07-11 10:05:46 - [TEST_STEP][PASSED] - openBrowser: Browser is opened with url: ''

2018-07-11 10:05:49 - [MESSAGE][PASSED] - Browser is opened with url: ''

2018-07-11 10:05:49 - [TEST_STEP][PASSED] - navigateToUrl: Navigate to 'https://coa-demo-env.azurewebsites.net/da/index.html#/login' successfully

2018-07-11 10:06:00 - [MESSAGE][PASSED] - Navigate to 'https://coa-demo-env.azurewebsites.net/da/index.html#/login' successfully

2018-07-11 10:06:00 - [TEST_STEP][PASSED] - maximizeWindow: Current window maximized

2018-07-11 10:06:00 - [MESSAGE][PASSED] - Current window maximized

2018-07-11 10:06:00 - [MESSAGE][PASSED] - Call Test Case 'Test Cases/CommonTestcases/OpenBrowserandNavigateToQAURL' successfully

2018-07-11 10:06:00 - [TEST_STEP][PASSED] - waitForElementVisible: Object 'Object Repository/OMVA_Login_Page/Username_Textbox' is visible

2018-07-11 10:06:00 - [MESSAGE][PASSED] - Object 'Object Repository/OMVA_Login_Page/Username_Textbox' is visible

2018-07-11 10:06:00 - [TEST_STEP][PASSED] - sendKeys: Keys 'SuperAdmin' sent to object: 'Object Repository/OMVA_Login_Page/Username_Textbox'

2018-07-11 10:06:01 - [MESSAGE][PASSED] - Keys 'SuperAdmin' sent to object: 'Object Repository/OMVA_Login_Page/Username_Textbox'

2018-07-11 10:06:01 - [TEST_STEP][PASSED] - click: Object: 'Object Repository/OMVA_Login_Page/Next_Button' is clicked on

2018-07-11 10:06:01 - [MESSAGE][PASSED] - Object: 'Object Repository/OMVA_Login_Page/Next_Button' is clicked on

2018-07-11 10:06:01 - [TEST_STEP][PASSED] - waitForElementVisible: Object 'Object Repository/OMVA_Login_Page/Password_Textbox' is visible

2018-07-11 10:06:01 - [MESSAGE][PASSED] - Object 'Object Repository/OMVA_Login_Page/Password_Textbox' is visible

2018-07-11 10:06:01 - [TEST_STEP][PASSED] - sendKeys: Keys 'SuperAdmin' sent to object: 'Object Repository/OMVA_Login_Page/Password_Textbox'

2018-07-11 10:06:02 - [MESSAGE][PASSED] - Keys 'SuperAdmin' sent to object: 'Object Repository/OMVA_Login_Page/Password_Textbox'

2018-07-11 10:06:02 - [TEST_STEP][PASSED] - click: Object: 'Object Repository/OMVA_Login_Page/Signin_Button' is clicked on

2018-07-11 10:06:02 - [MESSAGE][PASSED] - Object: 'Object Repository/OMVA_Login_Page/Signin_Button' is clicked on

2018-07-11 10:06:02 - [TEST_STEP][PASSED] - waitForPageLoad: Wait for page load successfully

2018-07-11 10:06:02 - [MESSAGE][PASSED] - Wait for page load successfully

2018-07-11 10:06:02 - [TEST_STEP][PASSED] - delay: Delayed 5 second(s)

2018-07-11 10:06:07 - [MESSAGE][PASSED] - Delayed 5 second(s)

2018-07-11 10:06:07 - [TEST_STEP][PASSED] - waitForElementPresent: Object 'Object Repository/OMVA_Landing_Page/CreateUser_Button' is present

2018-07-11 10:06:07 - [MESSAGE][PASSED] - Object 'Object Repository/OMVA_Landing_Page/CreateUser_Button' is present

2018-07-11 10:06:07 - [TEST_STEP][PASSED] - click: Object: 'Object Repository/OMVA_Landing_Page/CreateUser_Button' is clicked on

2018-07-11 10:06:07 - [MESSAGE][PASSED] - Object: 'Object Repository/OMVA_Landing_Page/CreateUser_Button' is clicked on

2018-07-11 10:06:07 - [TEST_STEP][PASSED] - delay: Delayed 3 second(s)

2018-07-11 10:06:10 - [MESSAGE][PASSED] - Delayed 3 second(s)

2018-07-11 10:06:10 - [TEST_STEP][PASSED] - waitForElementPresent: Object 'Object Repository/OMVA_UserManagement_Page/Role_Dropdown' is present

2018-07-11 10:06:11 - [MESSAGE][PASSED] - Object 'Object Repository/OMVA_UserManagement_Page/Role_Dropdown' is present

2018-07-11 10:06:11 - [TEST_STEP][PASSED] - Statement - If (true): null

2018-07-11 10:06:11 - [TEST_STEP][PASSED] - click: Object: 'Object Repository/OMVA_UserManagement_Page/Role_Dropdown' is clicked on

2018-07-11 10:06:11 - [MESSAGE][PASSED] - Object: 'Object Repository/OMVA_UserManagement_Page/Role_Dropdown' is clicked on

2018-07-11 10:06:11 - [TEST_STEP][PASSED] - Statement - assert true: null

2018-07-11 10:06:11 - [TEST_STEP][PASSED] - scrollToElement: Scroll to object 'Object Repository/OMVA_UserManagement_Page/DropdownOption_RoleDropdown_Market Admin' successfully

2018-07-11 10:06:11 - [MESSAGE][WARNING] - Timeout '0' is invalid. Using default page load timeout: '15'

2018-07-11 10:06:11 - [MESSAGE][PASSED] - Scroll to object 'Object Repository/OMVA_UserManagement_Page/DropdownOption_RoleDropdown_Market Admin' successfully

2018-07-11 10:06:11 - [TEST_STEP][PASSED] - click: Object: 'Object Repository/OMVA_UserManagement_Page/DropdownOption_RoleDropdown_Market Admin' is clicked on

2018-07-11 10:06:11 - [MESSAGE][PASSED] - Object: 'Object Repository/OMVA_UserManagement_Page/DropdownOption_RoleDropdown_Market Admin' is clicked on

2018-07-11 10:06:11 - [TEST_STEP][PASSED] - Statement - username = CustomKeywords.commonLibrary.commonFunctions.randomStringFunction("abcdefghijklmnopqrstuvwxyz", 6): commonLibrary.commonFunctions.randomStringFunction is PASSED

2018-07-11 10:06:11 - [MESSAGE][PASSED] - commonLibrary.commonFunctions.randomStringFunction is PASSED

2018-07-11 10:06:11 - [TEST_STEP][PASSED] - Statement - uname = username.toString(): null

2018-07-11 10:06:11 - [TEST_STEP][PASSED] - sendKeys: Keys 'yfzlsg' sent to object: 'Object Repository/OMVA_UserManagement_Page/UserName_Textbox'

2018-07-11 10:06:11 - [MESSAGE][PASSED] - Keys 'yfzlsg' sent to object: 'Object Repository/OMVA_UserManagement_Page/UserName_Textbox'

2018-07-11 10:06:11 - [TEST_STEP][PASSED] - Statement - emailidprefix = CustomKeywords.commonLibrary.commonFunctions.randomStringFunction("abcdefghijklmnopqrstuvwxyz", 9): commonLibrary.commonFunctions.randomStringFunction is PASSED

2018-07-11 10:06:11 - [MESSAGE][PASSED] - commonLibrary.commonFunctions.randomStringFunction is PASSED

2018-07-11 10:06:11 - [TEST_STEP][PASSED] - sendKeys: Keys 'nefokatbv@autotestpg.com' sent to object: 'Object Repository/OMVA_UserManagement_Page/EmailID_Textbox'

2018-07-11 10:06:12 - [MESSAGE][PASSED] - Keys 'nefokatbv@autotestpg.com' sent to object: 'Object Repository/OMVA_UserManagement_Page/EmailID_Textbox'

2018-07-11 10:06:12 - [TEST_STEP][PASSED] - Statement - firstname = CustomKeywords.commonLibrary.commonFunctions.randomStringFunction("abcdefghijklmnopqrstuvwxyz", 7): commonLibrary.commonFunctions.randomStringFunction is PASSED

2018-07-11 10:06:12 - [MESSAGE][PASSED] - commonLibrary.commonFunctions.randomStringFunction is PASSED

2018-07-11 10:06:12 - [TEST_STEP][PASSED] - sendKeys: Keys 'pejkvur' sent to object: 'Object Repository/OMVA_UserManagement_Page/FirstName_Textbox'

2018-07-11 10:06:12 - [MESSAGE][PASSED] - Keys 'pejkvur' sent to object: 'Object Repository/OMVA_UserManagement_Page/FirstName_Textbox'

2018-07-11 10:06:12 - [TEST_STEP][PASSED] - Statement - lastname = CustomKeywords.commonLibrary.commonFunctions.randomStringFunction("abcdefghijklmnopqrstuvwxyz", 7): commonLibrary.commonFunctions.randomStringFunction is PASSED

2018-07-11 10:06:12 - [MESSAGE][PASSED] - commonLibrary.commonFunctions.randomStringFunction is PASSED

2018-07-11 10:06:12 - [TEST_STEP][PASSED] - sendKeys: Keys 'lsvocnh' sent to object: 'Object Repository/OMVA_UserManagement_Page/LastName_Textbox'

2018-07-11 10:06:12 - [MESSAGE][PASSED] - Keys 'lsvocnh' sent to object: 'Object Repository/OMVA_UserManagement_Page/LastName_Textbox'

2018-07-11 10:06:12 - [TEST_STEP][PASSED] - Statement - ticketnum = CustomKeywords.commonLibrary.commonFunctions.randomStringFunction("123456789", 7): commonLibrary.commonFunctions.randomStringFunction is PASSED

2018-07-11 10:06:12 - [MESSAGE][PASSED] - commonLibrary.commonFunctions.randomStringFunction is PASSED

2018-07-11 10:06:12 - [TEST_STEP][PASSED] - sendKeys: Keys '5327149' sent to object: 'Object Repository/OMVA_UserManagement_Page/TicketNumber_Textbox'

2018-07-11 10:06:13 - [MESSAGE][PASSED] - Keys '5327149' sent to object: 'Object Repository/OMVA_UserManagement_Page/TicketNumber_Textbox'

2018-07-11 10:06:13 - [TEST_STEP][PASSED] - click: Object: 'Object Repository/OMVA_UserManagement_Page/Next_Button' is clicked on

2018-07-11 10:06:13 - [MESSAGE][PASSED] - Object: 'Object Repository/OMVA_UserManagement_Page/Next_Button' is clicked on

2018-07-11 10:06:13 - [TEST_STEP][PASSED] - applicationLibrary.checkboxMultiselection.multiselectCheckbox: applicationLibrary.checkboxMultiselection.multiselectCheckbox is PASSED

2018-07-11 10:06:15 - [MESSAGE][PASSED] - applicationLibrary.checkboxMultiselection.multiselectCheckbox is PASSED

2018-07-11 10:06:15 - [TEST_STEP][PASSED] - scrollToElement: Scroll to object 'Object Repository/OMVA_UserManagement_Page/Customer_Next_Btn' successfully

2018-07-11 10:06:15 - [MESSAGE][PASSED] - Scroll to object 'Object Repository/OMVA_UserManagement_Page/Customer_Next_Btn' successfully

2018-07-11 10:06:15 - [TEST_STEP][PASSED] - click: Object: 'Object Repository/OMVA_UserManagement_Page/Customer_Next_Btn' is clicked on

2018-07-11 10:06:15 - [MESSAGE][PASSED] - Object: 'Object Repository/OMVA_UserManagement_Page/Customer_Next_Btn' is clicked on

2018-07-11 10:06:15 - [TEST_STEP][PASSED] - applicationLibrary.checkboxMultiselection.multiselectCheckbox: applicationLibrary.checkboxMultiselection.multiselectCheckbox is PASSED

2018-07-11 10:06:18 - [MESSAGE][PASSED] - applicationLibrary.checkboxMultiselection.multiselectCheckbox is PASSED

2018-07-11 10:06:18 - [TEST_STEP][PASSED] - click: Object: 'Object Repository/OMVA_UserManagement_Page/UserCreation_Save_Btn' is clicked on

2018-07-11 10:06:18 - [MESSAGE][PASSED] - Object: 'Object Repository/OMVA_UserManagement_Page/UserCreation_Save_Btn' is clicked on

2018-07-11 10:06:18 - [TEST_STEP][PASSED] - waitForElementPresent: Object 'Object Repository/OMVA_UserManagement_Page/UserCreation_HeaderTxt' is present

2018-07-11 10:06:20 - [MESSAGE][PASSED] - Object 'Object Repository/OMVA_UserManagement_Page/UserCreation_HeaderTxt' is present

2018-07-11 10:06:20 - [TEST_STEP][PASSED] - verifyElementText: Actual text and expected text of test object 'Object Repository/OMVA_UserManagement_Page/UserCreation_HeaderTxt' are matched.

2018-07-11 10:06:20 - [MESSAGE][PASSED] - Actual text and expected text of test object 'Object Repository/OMVA_UserManagement_Page/UserCreation_HeaderTxt' are matched.

2018-07-11 10:06:20 - [TEST_STEP][PASSED] - verifyElementText: Actual text and expected text of test object 'Object Repository/OMVA_UserManagement_Page/UserCreation_ContentTxt' are matched.

2018-07-11 10:06:20 - [MESSAGE][PASSED] - Actual text and expected text of test object 'Object Repository/OMVA_UserManagement_Page/UserCreation_ContentTxt' are matched.

2018-07-11 10:06:20 - [TEST_STEP][PASSED] - click: Object: 'Object Repository/OMVA_UserManagement_Page/UserCreation_OK_Btn' is clicked on

2018-07-11 10:06:20 - [MESSAGE][PASSED] - Object: 'Object Repository/OMVA_UserManagement_Page/UserCreation_OK_Btn' is clicked on

2018-07-11 10:06:20 - [TEST_STEP][PASSED] - delay: Delayed 5 second(s)

2018-07-11 10:06:25 - [MESSAGE][PASSED] - Delayed 5 second(s)

2018-07-11 10:06:25 - [TEST_STEP][PASSED] - waitForElementPresent: Object 'Object Repository/OMVA_UserManagement_Page/Created_User_Username' is present

2018-07-11 10:06:25 - [MESSAGE][PASSED] - Object 'Object Repository/OMVA_UserManagement_Page/Created_User_Username' is present

2018-07-11 10:06:25 - [TEST_STEP][PASSED] - Statement - createduser = com.kms.katalon.core.webui.keyword.WebUiBuiltInKeywords.getText(com.kms.katalon.core.testobject.ObjectRepository.findTestObject(OMVA_UserManagement_Page/Created_User_Username)): Text of object 'Object Repository/OMVA_UserManagement_Page/Created_User_Username' is: 'pejkvur lsvocnh'

2018-07-11 10:06:25 - [MESSAGE][PASSED] - Text of object 'Object Repository/OMVA_UserManagement_Page/Created_User_Username' is: 'pejkvur lsvocnh'

2018-07-11 10:06:25 - [TEST_STEP][PASSED] - waitForElementVisible: Object 'Object Repository/OMVA_UserManagement_Page/Search_button' is visible

2018-07-11 10:06:26 - [MESSAGE][PASSED] - Object 'Object Repository/OMVA_UserManagement_Page/Search_button' is visible

2018-07-11 10:06:26 - [TEST_STEP][PASSED] - click: Object: 'Object Repository/OMVA_UserManagement_Page/Search_button' is clicked on

2018-07-11 10:06:26 - [MESSAGE][PASSED] - Object: 'Object Repository/OMVA_UserManagement_Page/Search_button' is clicked on

2018-07-11 10:06:26 - [TEST_STEP][PASSED] - waitForElementVisible: Object 'Object Repository/OMVA_UserManagement_Page/Enter_Text_Search' is visible

2018-07-11 10:06:26 - [MESSAGE][PASSED] - Object 'Object Repository/OMVA_UserManagement_Page/Enter_Text_Search' is visible

2018-07-11 10:06:26 - [TEST_STEP][PASSED] - sendKeys: Keys 'yfzlsg' sent to object: 'Object Repository/OMVA_UserManagement_Page/Enter_Text_Search'

2018-07-11 10:06:26 - [MESSAGE][PASSED] - Keys 'yfzlsg' sent to object: 'Object Repository/OMVA_UserManagement_Page/Enter_Text_Search'

2018-07-11 10:06:26 - [TEST_STEP][PASSED] - Statement - createduser = com.kms.katalon.core.webui.keyword.WebUiBuiltInKeywords.verifyMatch(createduser, firstname + " " + lastname, true): Actual text 'pejkvur lsvocnh' and expected text 'pejkvur lsvocnh' are matched  using regular expression

2018-07-11 10:06:26 - [MESSAGE][PASSED] - Actual text 'pejkvur lsvocnh' and expected text 'pejkvur lsvocnh' are matched  using regular expression

2018-07-11 10:06:26 - [TEST_STEP][PASSED] - dataBaseConnection.dataBase.connectDB: dataBaseConnection.dataBase.connectDB is PASSED

2018-07-11 10:06:31 - [MESSAGE][PASSED] - dataBaseConnection.dataBase.connectDB is PASSED

2018-07-11 10:06:31 - [TEST_STEP][PASSED] - dataBaseConnection.dataBase.executeQuery: dataBaseConnection.dataBase.executeQuery is PASSED

2018-07-11 10:06:31 - [MESSAGE][PASSED] - dataBaseConnection.dataBase.executeQuery is PASSED

2018-07-11 10:06:31 - [TEST_STEP][PASSED] - dataBaseConnection.dataBase.closeDatabaseConnection: dataBaseConnection.dataBase.closeDatabaseConnection is PASSED

2018-07-11 10:06:31 - [MESSAGE][PASSED] - dataBaseConnection.dataBase.closeDatabaseConnection is PASSED

2018-07-11 10:06:31 - [TEST_STEP][PASSED] - callTestCase: Call Test Case 'Test Cases/CommonTestcases/Logout_Closebrowser' successfully

2018-07-11 10:06:31 - [TEST_CASE][PASSED] - Test Cases/CommonTestcases/Logout_Closebrowser: Test Cases/CommonTestcases/Logout_Closebrowser

2018-07-11 10:06:31 - [TEST_STEP][PASSED] - waitForElementPresent: Object 'Object Repository/OMVA_Landing_Page/User_icon' is present

2018-07-11 10:06:31 - [MESSAGE][PASSED] - Object 'Object Repository/OMVA_Landing_Page/User_icon' is present

2018-07-11 10:06:31 - [TEST_STEP][PASSED] - click: Object: 'Object Repository/OMVA_Landing_Page/User_icon' is clicked on

2018-07-11 10:06:32 - [MESSAGE][PASSED] - Object: 'Object Repository/OMVA_Landing_Page/User_icon' is clicked on

2018-07-11 10:06:32 - [TEST_STEP][PASSED] - waitForElementPresent: Object 'Object Repository/OMVA_Landing_Page/Logout_link' is present

2018-07-11 10:06:32 - [MESSAGE][PASSED] - Object 'Object Repository/OMVA_Landing_Page/Logout_link' is present

2018-07-11 10:06:32 - [TEST_STEP][PASSED] - click: Object: 'Object Repository/OMVA_Landing_Page/Logout_link' is clicked on

2018-07-11 10:06:32 - [MESSAGE][PASSED] - Object: 'Object Repository/OMVA_Landing_Page/Logout_link' is clicked on

2018-07-11 10:06:32 - [TEST_STEP][PASSED] - waitForElementNotPresent: Web element with id: 'Object Repository/OMVA_Landing_Page/User_icon' located by 'By.xpath: //img[@id='dropdown']' is not present after '15' second(s)

2018-07-11 10:06:32 - [MESSAGE][WARNING] - Timeout '0' is invalid. Using default page load timeout: '15'

2018-07-11 10:06:33 - [MESSAGE][PASSED] - Web element with id: 'Object Repository/OMVA_Landing_Page/User_icon' located by 'By.xpath: //img[@id='dropdown']' is not present after '15' second(s)

2018-07-11 10:06:33 - [TEST_STEP][PASSED] - closeBrowser: Browser is closed

2018-07-11 10:06:34 - [MESSAGE][PASSED] - Browser is closed

2018-07-11 10:06:34 - [MESSAGE][PASSED] - Call Test Case 'Test Cases/CommonTestcases/Logout_Closebrowser' successfully]]></system-out>
         <system-err><![CDATA[]]></system-err>
      </testcase>
      <testcase name="Test Cases/UserManagementTestCases/CreateUser/Verify_InValid_Email" classname="Test Cases/UserManagementTestCases/CreateUser/Verify_InValid_Email" status="PASSED">
         <system-out><![CDATA[2018-07-11 10:06:34 - [TEST_CASE][PASSED] - Test Cases/UserManagementTestCases/CreateUser/Verify_InValid_Email: Test Cases/UserManagementTestCases/CreateUser/Verify_InValid_Email

2018-07-11 10:06:35 - [TEST_STEP][PASSED] - callTestCase: Call Test Case 'Test Cases/CommonTestcases/OpenBrowserandNavigateToQAURL' successfully

2018-07-11 10:06:35 - [TEST_CASE][PASSED] - Test Cases/CommonTestcases/OpenBrowserandNavigateToQAURL: Test Cases/CommonTestcases/OpenBrowserandNavigateToQAURL

2018-07-11 10:06:35 - [TEST_STEP][PASSED] - openBrowser: Browser is opened with url: ''

2018-07-11 10:06:38 - [MESSAGE][PASSED] - Browser is opened with url: ''

2018-07-11 10:06:38 - [TEST_STEP][PASSED] - navigateToUrl: Navigate to 'https://coa-demo-env.azurewebsites.net/da/index.html#/login' successfully

2018-07-11 10:06:48 - [MESSAGE][PASSED] - Navigate to 'https://coa-demo-env.azurewebsites.net/da/index.html#/login' successfully

2018-07-11 10:06:48 - [TEST_STEP][PASSED] - maximizeWindow: Current window maximized

2018-07-11 10:06:48 - [MESSAGE][PASSED] - Current window maximized

2018-07-11 10:06:48 - [MESSAGE][PASSED] - Call Test Case 'Test Cases/CommonTestcases/OpenBrowserandNavigateToQAURL' successfully

2018-07-11 10:06:48 - [TEST_STEP][PASSED] - waitForElementVisible: Object 'Object Repository/OMVA_Login_Page/Username_Textbox' is visible

2018-07-11 10:06:48 - [MESSAGE][PASSED] - Object 'Object Repository/OMVA_Login_Page/Username_Textbox' is visible

2018-07-11 10:06:48 - [TEST_STEP][PASSED] - sendKeys: Keys 'SuperAdmin' sent to object: 'Object Repository/OMVA_Login_Page/Username_Textbox'

2018-07-11 10:06:48 - [MESSAGE][PASSED] - Keys 'SuperAdmin' sent to object: 'Object Repository/OMVA_Login_Page/Username_Textbox'

2018-07-11 10:06:48 - [TEST_STEP][PASSED] - click: Object: 'Object Repository/OMVA_Login_Page/Next_Button' is clicked on

2018-07-11 10:06:48 - [MESSAGE][PASSED] - Object: 'Object Repository/OMVA_Login_Page/Next_Button' is clicked on

2018-07-11 10:06:48 - [TEST_STEP][PASSED] - waitForElementVisible: Object 'Object Repository/OMVA_Login_Page/Password_Textbox' is visible

2018-07-11 10:06:49 - [MESSAGE][PASSED] - Object 'Object Repository/OMVA_Login_Page/Password_Textbox' is visible

2018-07-11 10:06:49 - [TEST_STEP][PASSED] - sendKeys: Keys 'SuperAdmin' sent to object: 'Object Repository/OMVA_Login_Page/Password_Textbox'

2018-07-11 10:06:49 - [MESSAGE][PASSED] - Keys 'SuperAdmin' sent to object: 'Object Repository/OMVA_Login_Page/Password_Textbox'

2018-07-11 10:06:49 - [TEST_STEP][PASSED] - click: Object: 'Object Repository/OMVA_Login_Page/Signin_Button' is clicked on

2018-07-11 10:06:49 - [MESSAGE][PASSED] - Object: 'Object Repository/OMVA_Login_Page/Signin_Button' is clicked on

2018-07-11 10:06:49 - [TEST_STEP][PASSED] - waitForAngularLoad: This page doesn't use Angular.

2018-07-11 10:06:49 - [MESSAGE][WARNING] - This page doesn't use Angular.

2018-07-11 10:06:49 - [TEST_STEP][PASSED] - delay: Delayed 5 second(s)

2018-07-11 10:06:54 - [MESSAGE][PASSED] - Delayed 5 second(s)

2018-07-11 10:06:54 - [TEST_STEP][PASSED] - waitForElementPresent: Object 'Object Repository/OMVA_Landing_Page/CreateUser_Button' is present

2018-07-11 10:06:54 - [MESSAGE][PASSED] - Object 'Object Repository/OMVA_Landing_Page/CreateUser_Button' is present

2018-07-11 10:06:54 - [TEST_STEP][PASSED] - click: Object: 'Object Repository/OMVA_Landing_Page/CreateUser_Button' is clicked on

2018-07-11 10:06:54 - [MESSAGE][PASSED] - Object: 'Object Repository/OMVA_Landing_Page/CreateUser_Button' is clicked on

2018-07-11 10:06:54 - [TEST_STEP][PASSED] - waitForElementPresent: Object 'Object Repository/OMVA_UserManagement_Page/Role_Dropdown' is present

2018-07-11 10:06:55 - [MESSAGE][PASSED] - Object 'Object Repository/OMVA_UserManagement_Page/Role_Dropdown' is present

2018-07-11 10:06:55 - [TEST_STEP][PASSED] - delay: Delayed 4 second(s)

2018-07-11 10:06:59 - [MESSAGE][PASSED] - Delayed 4 second(s)

2018-07-11 10:06:59 - [TEST_STEP][PASSED] - click: Object: 'Object Repository/OMVA_UserManagement_Page/Role_Dropdown' is clicked on

2018-07-11 10:06:59 - [MESSAGE][PASSED] - Object: 'Object Repository/OMVA_UserManagement_Page/Role_Dropdown' is clicked on

2018-07-11 10:06:59 - [TEST_STEP][PASSED] - scrollToElement: Scroll to object 'Object Repository/OMVA_UserManagement_Page/DropdownOption_RoleDropdown_Market Admin' successfully

2018-07-11 10:06:59 - [MESSAGE][WARNING] - Timeout '0' is invalid. Using default page load timeout: '15'

2018-07-11 10:06:59 - [MESSAGE][PASSED] - Scroll to object 'Object Repository/OMVA_UserManagement_Page/DropdownOption_RoleDropdown_Market Admin' successfully

2018-07-11 10:06:59 - [TEST_STEP][PASSED] - click: Object: 'Object Repository/OMVA_UserManagement_Page/DropdownOption_RoleDropdown_Market Admin' is clicked on

2018-07-11 10:06:59 - [MESSAGE][PASSED] - Object: 'Object Repository/OMVA_UserManagement_Page/DropdownOption_RoleDropdown_Market Admin' is clicked on

2018-07-11 10:06:59 - [TEST_STEP][PASSED] - sendKeys: Keys 'kartik' sent to object: 'Object Repository/OMVA_UserManagement_Page/UserName_Textbox'

2018-07-11 10:06:59 - [MESSAGE][PASSED] - Keys 'kartik' sent to object: 'Object Repository/OMVA_UserManagement_Page/UserName_Textbox'

2018-07-11 10:06:59 - [TEST_STEP][PASSED] - sendKeys: Keys 'wwww' sent to object: 'Object Repository/OMVA_UserManagement_Page/EmailID_Textbox'

2018-07-11 10:06:59 - [MESSAGE][PASSED] - Keys 'wwww' sent to object: 'Object Repository/OMVA_UserManagement_Page/EmailID_Textbox'

2018-07-11 10:06:59 - [TEST_STEP][PASSED] - sendKeys: Keys 'firstName' sent to object: 'Object Repository/OMVA_UserManagement_Page/FirstName_Textbox'

2018-07-11 10:06:59 - [MESSAGE][PASSED] - Keys 'firstName' sent to object: 'Object Repository/OMVA_UserManagement_Page/FirstName_Textbox'

2018-07-11 10:06:59 - [TEST_STEP][PASSED] - Statement - ActualInvalidMsg = com.kms.katalon.core.webui.keyword.WebUiBuiltInKeywords.getText(com.kms.katalon.core.testobject.ObjectRepository.findTestObject(OMVA_UserManagement_Page/Email_Invalid_Msg)): Text of object 'Object Repository/OMVA_UserManagement_Page/Email_Invalid_Msg' is: 'Incorrect email ID.'

2018-07-11 10:06:59 - [MESSAGE][PASSED] - Text of object 'Object Repository/OMVA_UserManagement_Page/Email_Invalid_Msg' is: 'Incorrect email ID.'

2018-07-11 10:06:59 - [TEST_STEP][PASSED] - verifyMatch: Actual text 'Incorrect email ID.' and expected text 'Incorrect email ID.' are matched  using regular expression

2018-07-11 10:06:59 - [MESSAGE][PASSED] - Actual text 'Incorrect email ID.' and expected text 'Incorrect email ID.' are matched  using regular expression

2018-07-11 10:06:59 - [TEST_STEP][PASSED] - closeBrowser: Browser is closed

2018-07-11 10:07:00 - [MESSAGE][PASSED] - Browser is closed]]></system-out>
         <system-err><![CDATA[]]></system-err>
      </testcase>
      <testcase name="Test Cases/UserManagementTestCases/CreateUser/Verify_SaveExit_Btn" classname="Test Cases/UserManagementTestCases/CreateUser/Verify_SaveExit_Btn" status="PASSED">
         <system-out><![CDATA[2018-07-11 10:07:00 - [TEST_CASE][PASSED] - Test Cases/UserManagementTestCases/CreateUser/Verify_SaveExit_Btn: Test Cases/UserManagementTestCases/CreateUser/Verify_SaveExit_Btn

2018-07-11 10:07:00 - [TEST_STEP][PASSED] - callTestCase: Call Test Case 'Test Cases/CommonTestcases/OpenBrowserandNavigateToQAURL' successfully

2018-07-11 10:07:00 - [TEST_CASE][PASSED] - Test Cases/CommonTestcases/OpenBrowserandNavigateToQAURL: Test Cases/CommonTestcases/OpenBrowserandNavigateToQAURL

2018-07-11 10:07:00 - [TEST_STEP][PASSED] - openBrowser: Browser is opened with url: ''

2018-07-11 10:07:03 - [MESSAGE][PASSED] - Browser is opened with url: ''

2018-07-11 10:07:03 - [TEST_STEP][PASSED] - navigateToUrl: Navigate to 'https://coa-demo-env.azurewebsites.net/da/index.html#/login' successfully

2018-07-11 10:07:14 - [MESSAGE][PASSED] - Navigate to 'https://coa-demo-env.azurewebsites.net/da/index.html#/login' successfully

2018-07-11 10:07:14 - [TEST_STEP][PASSED] - maximizeWindow: Current window maximized

2018-07-11 10:07:14 - [MESSAGE][PASSED] - Current window maximized

2018-07-11 10:07:14 - [MESSAGE][PASSED] - Call Test Case 'Test Cases/CommonTestcases/OpenBrowserandNavigateToQAURL' successfully

2018-07-11 10:07:14 - [TEST_STEP][PASSED] - waitForElementVisible: Object 'Object Repository/OMVA_Login_Page/Username_Textbox' is visible

2018-07-11 10:07:14 - [MESSAGE][PASSED] - Object 'Object Repository/OMVA_Login_Page/Username_Textbox' is visible

2018-07-11 10:07:14 - [TEST_STEP][PASSED] - sendKeys: Keys 'SuperAdmin' sent to object: 'Object Repository/OMVA_Login_Page/Username_Textbox'

2018-07-11 10:07:14 - [MESSAGE][PASSED] - Keys 'SuperAdmin' sent to object: 'Object Repository/OMVA_Login_Page/Username_Textbox'

2018-07-11 10:07:14 - [TEST_STEP][PASSED] - click: Object: 'Object Repository/OMVA_Login_Page/Next_Button' is clicked on

2018-07-11 10:07:14 - [MESSAGE][PASSED] - Object: 'Object Repository/OMVA_Login_Page/Next_Button' is clicked on

2018-07-11 10:07:14 - [TEST_STEP][PASSED] - waitForElementVisible: Object 'Object Repository/OMVA_Login_Page/Password_Textbox' is visible

2018-07-11 10:07:15 - [MESSAGE][PASSED] - Object 'Object Repository/OMVA_Login_Page/Password_Textbox' is visible

2018-07-11 10:07:15 - [TEST_STEP][PASSED] - sendKeys: Keys 'SuperAdmin' sent to object: 'Object Repository/OMVA_Login_Page/Password_Textbox'

2018-07-11 10:07:15 - [MESSAGE][PASSED] - Keys 'SuperAdmin' sent to object: 'Object Repository/OMVA_Login_Page/Password_Textbox'

2018-07-11 10:07:15 - [TEST_STEP][PASSED] - click: Object: 'Object Repository/OMVA_Login_Page/Signin_Button' is clicked on

2018-07-11 10:07:15 - [MESSAGE][PASSED] - Object: 'Object Repository/OMVA_Login_Page/Signin_Button' is clicked on

2018-07-11 10:07:15 - [TEST_STEP][PASSED] - delay: Delayed 5 second(s)

2018-07-11 10:07:20 - [MESSAGE][PASSED] - Delayed 5 second(s)

2018-07-11 10:07:20 - [TEST_STEP][PASSED] - waitForElementPresent: Object 'Object Repository/OMVA_Landing_Page/CreateUser_Button' is present

2018-07-11 10:07:20 - [MESSAGE][PASSED] - Object 'Object Repository/OMVA_Landing_Page/CreateUser_Button' is present

2018-07-11 10:07:20 - [TEST_STEP][PASSED] - click: Object: 'Object Repository/OMVA_Landing_Page/CreateUser_Button' is clicked on

2018-07-11 10:07:21 - [MESSAGE][PASSED] - Object: 'Object Repository/OMVA_Landing_Page/CreateUser_Button' is clicked on

2018-07-11 10:07:21 - [TEST_STEP][PASSED] - delay: Delayed 5 second(s)

2018-07-11 10:07:26 - [MESSAGE][PASSED] - Delayed 5 second(s)

2018-07-11 10:07:26 - [TEST_STEP][PASSED] - waitForElementPresent: Object 'Object Repository/OMVA_UserManagement_Page/Role_Dropdown' is present

2018-07-11 10:07:26 - [MESSAGE][PASSED] - Object 'Object Repository/OMVA_UserManagement_Page/Role_Dropdown' is present

2018-07-11 10:07:26 - [TEST_STEP][PASSED] - click: Object: 'Object Repository/OMVA_UserManagement_Page/Role_Dropdown' is clicked on

2018-07-11 10:07:26 - [MESSAGE][PASSED] - Object: 'Object Repository/OMVA_UserManagement_Page/Role_Dropdown' is clicked on

2018-07-11 10:07:26 - [TEST_STEP][PASSED] - scrollToElement: Scroll to object 'Object Repository/OMVA_UserManagement_Page/DropdownOption_RoleDropdown_Market Admin' successfully

2018-07-11 10:07:26 - [MESSAGE][WARNING] - Timeout '0' is invalid. Using default page load timeout: '15'

2018-07-11 10:07:26 - [MESSAGE][PASSED] - Scroll to object 'Object Repository/OMVA_UserManagement_Page/DropdownOption_RoleDropdown_Market Admin' successfully

2018-07-11 10:07:26 - [TEST_STEP][PASSED] - click: Object: 'Object Repository/OMVA_UserManagement_Page/DropdownOption_RoleDropdown_Market Admin' is clicked on

2018-07-11 10:07:26 - [MESSAGE][PASSED] - Object: 'Object Repository/OMVA_UserManagement_Page/DropdownOption_RoleDropdown_Market Admin' is clicked on

2018-07-11 10:07:26 - [TEST_STEP][PASSED] - Statement - username = CustomKeywords.commonLibrary.commonFunctions.randomStringFunction("abcdefghijklmnopqrstuvwxyz", 6): commonLibrary.commonFunctions.randomStringFunction is PASSED

2018-07-11 10:07:26 - [MESSAGE][PASSED] - commonLibrary.commonFunctions.randomStringFunction is PASSED

2018-07-11 10:07:26 - [TEST_STEP][PASSED] - sendKeys: Keys 'dknojs' sent to object: 'Object Repository/OMVA_UserManagement_Page/UserName_Textbox'

2018-07-11 10:07:26 - [MESSAGE][PASSED] - Keys 'dknojs' sent to object: 'Object Repository/OMVA_UserManagement_Page/UserName_Textbox'

2018-07-11 10:07:26 - [TEST_STEP][PASSED] - Statement - emailidprefix = CustomKeywords.commonLibrary.commonFunctions.randomStringFunction("abcdefghijklmnopqrstuvwxyz", 9): commonLibrary.commonFunctions.randomStringFunction is PASSED

2018-07-11 10:07:26 - [MESSAGE][PASSED] - commonLibrary.commonFunctions.randomStringFunction is PASSED

2018-07-11 10:07:26 - [TEST_STEP][PASSED] - sendKeys: Keys 'yjzqvwbcs@autotestpg.com' sent to object: 'Object Repository/OMVA_UserManagement_Page/EmailID_Textbox'

2018-07-11 10:07:26 - [MESSAGE][PASSED] - Keys 'yjzqvwbcs@autotestpg.com' sent to object: 'Object Repository/OMVA_UserManagement_Page/EmailID_Textbox'

2018-07-11 10:07:26 - [TEST_STEP][PASSED] - Statement - firstname = CustomKeywords.commonLibrary.commonFunctions.randomStringFunction("abcdefghijklmnopqrstuvwxyz", 7): commonLibrary.commonFunctions.randomStringFunction is PASSED

2018-07-11 10:07:26 - [MESSAGE][PASSED] - commonLibrary.commonFunctions.randomStringFunction is PASSED

2018-07-11 10:07:26 - [TEST_STEP][PASSED] - sendKeys: Keys 'ospbele' sent to object: 'Object Repository/OMVA_UserManagement_Page/FirstName_Textbox'

2018-07-11 10:07:27 - [MESSAGE][PASSED] - Keys 'ospbele' sent to object: 'Object Repository/OMVA_UserManagement_Page/FirstName_Textbox'

2018-07-11 10:07:27 - [TEST_STEP][PASSED] - Statement - lastname = CustomKeywords.commonLibrary.commonFunctions.randomStringFunction("abcdefghijklmnopqrstuvwxyz", 7): commonLibrary.commonFunctions.randomStringFunction is PASSED

2018-07-11 10:07:27 - [MESSAGE][PASSED] - commonLibrary.commonFunctions.randomStringFunction is PASSED

2018-07-11 10:07:27 - [TEST_STEP][PASSED] - sendKeys: Keys 'lrnqatu' sent to object: 'Object Repository/OMVA_UserManagement_Page/LastName_Textbox'

2018-07-11 10:07:27 - [MESSAGE][PASSED] - Keys 'lrnqatu' sent to object: 'Object Repository/OMVA_UserManagement_Page/LastName_Textbox'

2018-07-11 10:07:27 - [TEST_STEP][PASSED] - Statement - ticketnum = CustomKeywords.commonLibrary.commonFunctions.randomStringFunction("123456789", 7): commonLibrary.commonFunctions.randomStringFunction is PASSED

2018-07-11 10:07:27 - [MESSAGE][PASSED] - commonLibrary.commonFunctions.randomStringFunction is PASSED

2018-07-11 10:07:27 - [TEST_STEP][PASSED] - sendKeys: Keys '3735959' sent to object: 'Object Repository/OMVA_UserManagement_Page/TicketNumber_Textbox'

2018-07-11 10:07:27 - [MESSAGE][PASSED] - Keys '3735959' sent to object: 'Object Repository/OMVA_UserManagement_Page/TicketNumber_Textbox'

2018-07-11 10:07:27 - [TEST_STEP][PASSED] - click: Object: 'Object Repository/OMVA_UserManagement_Page/SaveandExit_Button' is clicked on

2018-07-11 10:07:27 - [MESSAGE][PASSED] - Object: 'Object Repository/OMVA_UserManagement_Page/SaveandExit_Button' is clicked on

2018-07-11 10:07:27 - [TEST_STEP][PASSED] - delay: Delayed 4 second(s)

2018-07-11 10:07:31 - [MESSAGE][PASSED] - Delayed 4 second(s)

2018-07-11 10:07:31 - [TEST_STEP][PASSED] - waitForElementPresent: Object 'Object Repository/OMVA_UserManagement_Page/SaveExit_button_Htext' is present

2018-07-11 10:07:31 - [MESSAGE][PASSED] - Object 'Object Repository/OMVA_UserManagement_Page/SaveExit_button_Htext' is present

2018-07-11 10:07:31 - [TEST_STEP][PASSED] - Statement - assert true: null

2018-07-11 10:07:31 - [TEST_STEP][PASSED] - verifyElementText: Actual text and expected text of test object 'Object Repository/OMVA_UserManagement_Page/SaveExit_button_Htext' are matched.

2018-07-11 10:07:31 - [MESSAGE][PASSED] - Actual text and expected text of test object 'Object Repository/OMVA_UserManagement_Page/SaveExit_button_Htext' are matched.

2018-07-11 10:07:31 - [TEST_STEP][PASSED] - delay: Delayed 2 second(s)

2018-07-11 10:07:33 - [MESSAGE][PASSED] - Delayed 2 second(s)

2018-07-11 10:07:33 - [TEST_STEP][PASSED] - verifyElementText: Actual text and expected text of test object 'Object Repository/OMVA_UserManagement_Page/SaveExit_button_Popup_Ctext' are matched.

2018-07-11 10:07:33 - [MESSAGE][PASSED] - Actual text and expected text of test object 'Object Repository/OMVA_UserManagement_Page/SaveExit_button_Popup_Ctext' are matched.

2018-07-11 10:07:33 - [TEST_STEP][PASSED] - Statement - assert true: null

2018-07-11 10:07:33 - [TEST_STEP][PASSED] - click: Object: 'Object Repository/OMVA_UserManagement_Page/SaveExit_button_Popup_OK' is clicked on

2018-07-11 10:07:33 - [MESSAGE][PASSED] - Object: 'Object Repository/OMVA_UserManagement_Page/SaveExit_button_Popup_OK' is clicked on

2018-07-11 10:07:33 - [TEST_STEP][PASSED] - Statement - greetingtext = com.kms.katalon.core.webui.keyword.WebUiBuiltInKeywords.getText(com.kms.katalon.core.testobject.ObjectRepository.findTestObject(OMVA_Landing_Page/Greeting_Label)): Text of object 'Object Repository/OMVA_Landing_Page/Greeting_Label' is: 'Good Morning, SuperAdmin'

2018-07-11 10:07:33 - [MESSAGE][PASSED] - Text of object 'Object Repository/OMVA_Landing_Page/Greeting_Label' is: 'Good Morning, SuperAdmin'

2018-07-11 10:07:33 - [TEST_STEP][PASSED] - verifyMatch: Actual text 'Good Morning, SuperAdmin' and expected text '\D*SuperAdmin' are matched  using regular expression

2018-07-11 10:07:33 - [MESSAGE][PASSED] - Actual text 'Good Morning, SuperAdmin' and expected text '\D*SuperAdmin' are matched  using regular expression

2018-07-11 10:07:33 - [TEST_STEP][PASSED] - closeBrowser: Browser is closed

2018-07-11 10:07:34 - [MESSAGE][PASSED] - Browser is closed]]></system-out>
         <system-err><![CDATA[]]></system-err>
      </testcase>
      <testcase name="Test Cases/UserManagementTestCases/CreateUser/Verifying_Duplicate_EmailID" classname="Test Cases/UserManagementTestCases/CreateUser/Verifying_Duplicate_EmailID" status="PASSED">
         <system-out><![CDATA[2018-07-11 10:07:34 - [TEST_CASE][PASSED] - Test Cases/UserManagementTestCases/CreateUser/Verifying_Duplicate_EmailID: Test Cases/UserManagementTestCases/CreateUser/Verifying_Duplicate_EmailID

2018-07-11 10:07:34 - [TEST_STEP][PASSED] - callTestCase: Call Test Case 'Test Cases/CommonTestcases/OpenBrowserandNavigateToQAURL' successfully

2018-07-11 10:07:35 - [TEST_CASE][PASSED] - Test Cases/CommonTestcases/OpenBrowserandNavigateToQAURL: Test Cases/CommonTestcases/OpenBrowserandNavigateToQAURL

2018-07-11 10:07:35 - [TEST_STEP][PASSED] - openBrowser: Browser is opened with url: ''

2018-07-11 10:07:39 - [MESSAGE][PASSED] - Browser is opened with url: ''

2018-07-11 10:07:39 - [TEST_STEP][PASSED] - navigateToUrl: Navigate to 'https://coa-demo-env.azurewebsites.net/da/index.html#/login' successfully

2018-07-11 10:07:48 - [MESSAGE][PASSED] - Navigate to 'https://coa-demo-env.azurewebsites.net/da/index.html#/login' successfully

2018-07-11 10:07:48 - [TEST_STEP][PASSED] - maximizeWindow: Current window maximized

2018-07-11 10:07:48 - [MESSAGE][PASSED] - Current window maximized

2018-07-11 10:07:48 - [MESSAGE][PASSED] - Call Test Case 'Test Cases/CommonTestcases/OpenBrowserandNavigateToQAURL' successfully

2018-07-11 10:07:48 - [TEST_STEP][PASSED] - waitForElementVisible: Object 'Object Repository/OMVA_Login_Page/Username_Textbox' is visible

2018-07-11 10:07:48 - [MESSAGE][PASSED] - Object 'Object Repository/OMVA_Login_Page/Username_Textbox' is visible

2018-07-11 10:07:48 - [TEST_STEP][PASSED] - sendKeys: Keys 'SuperAdmin' sent to object: 'Object Repository/OMVA_Login_Page/Username_Textbox'

2018-07-11 10:07:48 - [MESSAGE][PASSED] - Keys 'SuperAdmin' sent to object: 'Object Repository/OMVA_Login_Page/Username_Textbox'

2018-07-11 10:07:48 - [TEST_STEP][PASSED] - click: Object: 'Object Repository/OMVA_Login_Page/Next_Button' is clicked on

2018-07-11 10:07:48 - [MESSAGE][PASSED] - Object: 'Object Repository/OMVA_Login_Page/Next_Button' is clicked on

2018-07-11 10:07:48 - [TEST_STEP][PASSED] - waitForElementVisible: Object 'Object Repository/OMVA_Login_Page/Password_Textbox' is visible

2018-07-11 10:07:49 - [MESSAGE][PASSED] - Object 'Object Repository/OMVA_Login_Page/Password_Textbox' is visible

2018-07-11 10:07:49 - [TEST_STEP][PASSED] - sendKeys: Keys 'SuperAdmin' sent to object: 'Object Repository/OMVA_Login_Page/Password_Textbox'

2018-07-11 10:07:49 - [MESSAGE][PASSED] - Keys 'SuperAdmin' sent to object: 'Object Repository/OMVA_Login_Page/Password_Textbox'

2018-07-11 10:07:49 - [TEST_STEP][PASSED] - click: Object: 'Object Repository/OMVA_Login_Page/Signin_Button' is clicked on

2018-07-11 10:07:49 - [MESSAGE][PASSED] - Object: 'Object Repository/OMVA_Login_Page/Signin_Button' is clicked on

2018-07-11 10:07:49 - [TEST_STEP][PASSED] - waitForPageLoad: Wait for page load successfully

2018-07-11 10:07:49 - [MESSAGE][PASSED] - Wait for page load successfully

2018-07-11 10:07:49 - [TEST_STEP][PASSED] - delay: Delayed 4 second(s)

2018-07-11 10:07:53 - [MESSAGE][PASSED] - Delayed 4 second(s)

2018-07-11 10:07:53 - [TEST_STEP][PASSED] - Statement - If (true): null

2018-07-11 10:07:53 - [TEST_STEP][PASSED] - waitForElementPresent: Object 'Object Repository/OMVA_Landing_Page/CreateUser_Button' is present

2018-07-11 10:07:53 - [MESSAGE][PASSED] - Object 'Object Repository/OMVA_Landing_Page/CreateUser_Button' is present

2018-07-11 10:07:53 - [TEST_STEP][PASSED] - click: Object: 'Object Repository/OMVA_Landing_Page/CreateUser_Button' is clicked on

2018-07-11 10:07:53 - [MESSAGE][PASSED] - Object: 'Object Repository/OMVA_Landing_Page/CreateUser_Button' is clicked on

2018-07-11 10:07:53 - [TEST_STEP][PASSED] - Statement - assert true: null

2018-07-11 10:07:53 - [TEST_STEP][PASSED] - waitForElementPresent: Object 'Object Repository/OMVA_UserManagement_Page/Role_Dropdown' is present

2018-07-11 10:07:53 - [MESSAGE][PASSED] - Object 'Object Repository/OMVA_UserManagement_Page/Role_Dropdown' is present

2018-07-11 10:07:53 - [TEST_STEP][PASSED] - delay: Delayed 3 second(s)

2018-07-11 10:07:56 - [MESSAGE][PASSED] - Delayed 3 second(s)

2018-07-11 10:07:56 - [TEST_STEP][PASSED] - click: Object: 'Object Repository/OMVA_UserManagement_Page/Role_Dropdown' is clicked on

2018-07-11 10:07:57 - [MESSAGE][PASSED] - Object: 'Object Repository/OMVA_UserManagement_Page/Role_Dropdown' is clicked on

2018-07-11 10:07:57 - [TEST_STEP][PASSED] - scrollToElement: Scroll to object 'Object Repository/OMVA_UserManagement_Page/DropdownOption_RoleDropdown_Market Admin' successfully

2018-07-11 10:07:57 - [MESSAGE][WARNING] - Timeout '0' is invalid. Using default page load timeout: '15'

2018-07-11 10:07:57 - [MESSAGE][PASSED] - Scroll to object 'Object Repository/OMVA_UserManagement_Page/DropdownOption_RoleDropdown_Market Admin' successfully

2018-07-11 10:07:57 - [TEST_STEP][PASSED] - click: Object: 'Object Repository/OMVA_UserManagement_Page/DropdownOption_RoleDropdown_Market Admin' is clicked on

2018-07-11 10:07:57 - [MESSAGE][PASSED] - Object: 'Object Repository/OMVA_UserManagement_Page/DropdownOption_RoleDropdown_Market Admin' is clicked on

2018-07-11 10:07:57 - [TEST_STEP][PASSED] - Statement - username = CustomKeywords.commonLibrary.commonFunctions.randomStringFunction("abcdefghijklmnopqrstuvwxyz", 6): commonLibrary.commonFunctions.randomStringFunction is PASSED

2018-07-11 10:07:57 - [MESSAGE][PASSED] - commonLibrary.commonFunctions.randomStringFunction is PASSED

2018-07-11 10:07:57 - [TEST_STEP][PASSED] - sendKeys: Keys 'lgssbd' sent to object: 'Object Repository/OMVA_UserManagement_Page/UserName_Textbox'

2018-07-11 10:07:57 - [MESSAGE][PASSED] - Keys 'lgssbd' sent to object: 'Object Repository/OMVA_UserManagement_Page/UserName_Textbox'

2018-07-11 10:07:57 - [TEST_STEP][PASSED] - sendKeys: Keys 'santosh@k.com' sent to object: 'Object Repository/OMVA_UserManagement_Page/EmailID_Textbox'

2018-07-11 10:07:57 - [MESSAGE][PASSED] - Keys 'santosh@k.com' sent to object: 'Object Repository/OMVA_UserManagement_Page/EmailID_Textbox'

2018-07-11 10:07:57 - [TEST_STEP][PASSED] - sendKeys: Keys 'santosh' sent to object: 'Object Repository/OMVA_UserManagement_Page/FirstName_Textbox'

2018-07-11 10:07:57 - [MESSAGE][PASSED] - Keys 'santosh' sent to object: 'Object Repository/OMVA_UserManagement_Page/FirstName_Textbox'

2018-07-11 10:07:57 - [TEST_STEP][PASSED] - sendKeys: Keys 'k' sent to object: 'Object Repository/OMVA_UserManagement_Page/LastName_Textbox'

2018-07-11 10:07:57 - [MESSAGE][PASSED] - Keys 'k' sent to object: 'Object Repository/OMVA_UserManagement_Page/LastName_Textbox'

2018-07-11 10:07:57 - [TEST_STEP][PASSED] - sendKeys: Keys '1212' sent to object: 'Object Repository/OMVA_UserManagement_Page/TicketNumber_Textbox'

2018-07-11 10:07:57 - [MESSAGE][PASSED] - Keys '1212' sent to object: 'Object Repository/OMVA_UserManagement_Page/TicketNumber_Textbox'

2018-07-11 10:07:57 - [TEST_STEP][PASSED] - click: Object: 'Object Repository/OMVA_UserManagement_Page/Next_Button' is clicked on

2018-07-11 10:07:58 - [MESSAGE][PASSED] - Object: 'Object Repository/OMVA_UserManagement_Page/Next_Button' is clicked on

2018-07-11 10:07:58 - [TEST_STEP][PASSED] - Statement - ActualToastMessage = com.kms.katalon.core.webui.keyword.WebUiBuiltInKeywords.getText(com.kms.katalon.core.testobject.ObjectRepository.findTestObject(OMVA_UserManagement_Page/EmailID_ToastMsg)): Text of object 'Object Repository/OMVA_UserManagement_Page/EmailID_ToastMsg' is: 'Email ID already exists.'

2018-07-11 10:07:58 - [MESSAGE][PASSED] - Text of object 'Object Repository/OMVA_UserManagement_Page/EmailID_ToastMsg' is: 'Email ID already exists.'

2018-07-11 10:07:58 - [TEST_STEP][PASSED] - verifyMatch: Actual text 'Email ID already exists.' and expected text 'Email ID already exists.' are matched  using regular expression

2018-07-11 10:07:58 - [MESSAGE][PASSED] - Actual text 'Email ID already exists.' and expected text 'Email ID already exists.' are matched  using regular expression

2018-07-11 10:07:58 - [TEST_STEP][PASSED] - closeBrowser: Browser is closed

2018-07-11 10:07:59 - [MESSAGE][PASSED] - Browser is closed]]></system-out>
         <system-err><![CDATA[]]></system-err>
      </testcase>
      <testcase name="Test Cases/UserManagementTestCases/UserActions/Activate_User" classname="Test Cases/UserManagementTestCases/UserActions/Activate_User" status="FAILED">
         <failure type="FAILED" message="Unable to get text of object 'Object Repository/OMVA_EditUser_Page/Activate_ToastMsg' (Root cause: com.kms.katalon.core.webui.exception.WebElementNotFoundException: Web element with id: 'Object Repository/OMVA_EditUser_Page/Activate_ToastMsg' located by 'By.xpath: //div[@class='toast-title' and contains(text(),'Activated')]
' not found)"/>
         <system-out><![CDATA[2018-07-11 10:07:59 - [TEST_CASE][FAILED] - Test Cases/UserManagementTestCases/UserActions/Activate_User: Test Cases/UserManagementTestCases/UserActions/Activate_User FAILED because (of) Unable to get text of object 'Object Repository/OMVA_EditUser_Page/Activate_ToastMsg' (Root cause: com.kms.katalon.core.webui.exception.WebElementNotFoundException: Web element with id: 'Object Repository/OMVA_EditUser_Page/Activate_ToastMsg' located by 'By.xpath: //div[@class='toast-title' and contains(text(),'Activated')]
' not found)

2018-07-11 10:07:59 - [TEST_STEP][PASSED] - callTestCase: Call Test Case 'Test Cases/CommonTestcases/OpenBrowserandNavigateToQAURL' successfully

2018-07-11 10:07:59 - [TEST_CASE][PASSED] - Test Cases/CommonTestcases/OpenBrowserandNavigateToQAURL: Test Cases/CommonTestcases/OpenBrowserandNavigateToQAURL

2018-07-11 10:07:59 - [TEST_STEP][PASSED] - openBrowser: Browser is opened with url: ''

2018-07-11 10:08:08 - [MESSAGE][PASSED] - Browser is opened with url: ''

2018-07-11 10:08:08 - [TEST_STEP][PASSED] - navigateToUrl: Navigate to 'https://coa-demo-env.azurewebsites.net/da/index.html#/login' successfully

2018-07-11 10:08:19 - [MESSAGE][PASSED] - Navigate to 'https://coa-demo-env.azurewebsites.net/da/index.html#/login' successfully

2018-07-11 10:08:19 - [TEST_STEP][PASSED] - maximizeWindow: Current window maximized

2018-07-11 10:08:19 - [MESSAGE][PASSED] - Current window maximized

2018-07-11 10:08:19 - [MESSAGE][PASSED] - Call Test Case 'Test Cases/CommonTestcases/OpenBrowserandNavigateToQAURL' successfully

2018-07-11 10:08:19 - [TEST_STEP][PASSED] - waitForElementVisible: Object 'Object Repository/OMVA_Login_Page/Username_Textbox' is visible

2018-07-11 10:08:19 - [MESSAGE][PASSED] - Object 'Object Repository/OMVA_Login_Page/Username_Textbox' is visible

2018-07-11 10:08:19 - [TEST_STEP][PASSED] - sendKeys: Keys 'SuperAdmin' sent to object: 'Object Repository/OMVA_Login_Page/Username_Textbox'

2018-07-11 10:08:20 - [MESSAGE][PASSED] - Keys 'SuperAdmin' sent to object: 'Object Repository/OMVA_Login_Page/Username_Textbox'

2018-07-11 10:08:20 - [TEST_STEP][PASSED] - click: Object: 'Object Repository/OMVA_Login_Page/Next_Button' is clicked on

2018-07-11 10:08:20 - [MESSAGE][PASSED] - Object: 'Object Repository/OMVA_Login_Page/Next_Button' is clicked on

2018-07-11 10:08:20 - [TEST_STEP][PASSED] - waitForElementVisible: Object 'Object Repository/OMVA_Login_Page/Password_Textbox' is visible

2018-07-11 10:08:20 - [MESSAGE][PASSED] - Object 'Object Repository/OMVA_Login_Page/Password_Textbox' is visible

2018-07-11 10:08:20 - [TEST_STEP][PASSED] - sendKeys: Keys 'SuperAdmin' sent to object: 'Object Repository/OMVA_Login_Page/Password_Textbox'

2018-07-11 10:08:20 - [MESSAGE][PASSED] - Keys 'SuperAdmin' sent to object: 'Object Repository/OMVA_Login_Page/Password_Textbox'

2018-07-11 10:08:20 - [TEST_STEP][PASSED] - click: Object: 'Object Repository/OMVA_Login_Page/Signin_Button' is clicked on

2018-07-11 10:08:21 - [MESSAGE][PASSED] - Object: 'Object Repository/OMVA_Login_Page/Signin_Button' is clicked on

2018-07-11 10:08:21 - [TEST_STEP][PASSED] - delay: Delayed 5 second(s)

2018-07-11 10:08:26 - [MESSAGE][PASSED] - Delayed 5 second(s)

2018-07-11 10:08:26 - [TEST_STEP][PASSED] - waitForElementVisible: Object 'Object Repository/OMVA_Landing_Page/DeactiveUserEdit_Icon' is visible

2018-07-11 10:08:26 - [MESSAGE][PASSED] - Object 'Object Repository/OMVA_Landing_Page/DeactiveUserEdit_Icon' is visible

2018-07-11 10:08:26 - [TEST_STEP][PASSED] - delay: Delayed 3 second(s)

2018-07-11 10:08:29 - [MESSAGE][PASSED] - Delayed 3 second(s)

2018-07-11 10:08:29 - [TEST_STEP][PASSED] - click: Object: 'Object Repository/OMVA_Landing_Page/DeactiveUserEdit_Icon' is clicked on

2018-07-11 10:08:29 - [MESSAGE][PASSED] - Object: 'Object Repository/OMVA_Landing_Page/DeactiveUserEdit_Icon' is clicked on

2018-07-11 10:08:29 - [TEST_STEP][PASSED] - delay: Delayed 5 second(s)

2018-07-11 10:08:34 - [MESSAGE][PASSED] - Delayed 5 second(s)

2018-07-11 10:08:34 - [TEST_STEP][PASSED] - waitForElementVisible: Object 'Object Repository/OMVA_Landing_Page/Act_DeAct_Radio_Btn' is visible

2018-07-11 10:08:34 - [MESSAGE][PASSED] - Object 'Object Repository/OMVA_Landing_Page/Act_DeAct_Radio_Btn' is visible

2018-07-11 10:08:34 - [TEST_STEP][PASSED] - click: Object: 'Object Repository/OMVA_Landing_Page/Act_DeAct_Radio_Btn' is clicked on

2018-07-11 10:08:34 - [MESSAGE][PASSED] - Object: 'Object Repository/OMVA_Landing_Page/Act_DeAct_Radio_Btn' is clicked on

2018-07-11 10:08:34 - [TEST_STEP][PASSED] - waitForElementVisible: Object 'Object Repository/OMVA_EditUser_Page/EditUserNext_Btn' is visible

2018-07-11 10:08:34 - [MESSAGE][PASSED] - Object 'Object Repository/OMVA_EditUser_Page/EditUserNext_Btn' is visible

2018-07-11 10:08:34 - [TEST_STEP][PASSED] - click: Object: 'Object Repository/OMVA_EditUser_Page/EditUserNext_Btn' is clicked on

2018-07-11 10:08:34 - [MESSAGE][PASSED] - Object: 'Object Repository/OMVA_EditUser_Page/EditUserNext_Btn' is clicked on

2018-07-11 10:08:34 - [TEST_STEP][PASSED] - waitForElementVisible: Object 'Object Repository/OMVA_EditUser_Page/DeactivateUser_HeaderTxt' is visible

2018-07-11 10:08:35 - [MESSAGE][PASSED] - Object 'Object Repository/OMVA_EditUser_Page/DeactivateUser_HeaderTxt' is visible

2018-07-11 10:08:35 - [TEST_STEP][PASSED] - Statement - AHeaderTxt = com.kms.katalon.core.webui.keyword.WebUiBuiltInKeywords.getText(com.kms.katalon.core.testobject.ObjectRepository.findTestObject(OMVA_EditUser_Page/DeactivateUser_HeaderTxt)): Text of object 'Object Repository/OMVA_EditUser_Page/DeactivateUser_HeaderTxt' is: 'Confirm Activation'

2018-07-11 10:08:35 - [MESSAGE][PASSED] - Text of object 'Object Repository/OMVA_EditUser_Page/DeactivateUser_HeaderTxt' is: 'Confirm Activation'

2018-07-11 10:08:35 - [TEST_STEP][PASSED] - verifyMatch: Actual text 'Confirm Activation' and expected text 'Confirm Activation' are matched  using regular expression

2018-07-11 10:08:35 - [MESSAGE][PASSED] - Actual text 'Confirm Activation' and expected text 'Confirm Activation' are matched  using regular expression

2018-07-11 10:08:35 - [TEST_STEP][PASSED] - Statement - AContentTxt = com.kms.katalon.core.webui.keyword.WebUiBuiltInKeywords.getText(com.kms.katalon.core.testobject.ObjectRepository.findTestObject(OMVA_EditUser_Page/DeactivateUser_ContentText)): Text of object 'Object Repository/OMVA_EditUser_Page/DeactivateUser_ContentText' is: 'Are you sure you want to activate ospbele lrnqatu's account?'

2018-07-11 10:08:35 - [MESSAGE][PASSED] - Text of object 'Object Repository/OMVA_EditUser_Page/DeactivateUser_ContentText' is: 'Are you sure you want to activate ospbele lrnqatu's account?'

2018-07-11 10:08:35 - [TEST_STEP][PASSED] - verifyMatch: Actual text 'Are you sure you want to activate ospbele lrnqatu's account?' and expected text 'Are you sure you want to activate\D*' are matched  using regular expression

2018-07-11 10:08:35 - [MESSAGE][PASSED] - Actual text 'Are you sure you want to activate ospbele lrnqatu's account?' and expected text 'Are you sure you want to activate\D*' are matched  using regular expression

2018-07-11 10:08:35 - [TEST_STEP][PASSED] - click: Object: 'Object Repository/OMVA_EditUser_Page/DeactivateUser_OKBtn' is clicked on

2018-07-11 10:08:35 - [MESSAGE][PASSED] - Object: 'Object Repository/OMVA_EditUser_Page/DeactivateUser_OKBtn' is clicked on

2018-07-11 10:08:35 - [TEST_STEP][FAILED] - Statement - AActivateToastMsg = com.kms.katalon.core.webui.keyword.WebUiBuiltInKeywords.getText(com.kms.katalon.core.testobject.ObjectRepository.findTestObject(OMVA_EditUser_Page/Activate_ToastMsg)): Unable to get text of object 'Object Repository/OMVA_EditUser_Page/Activate_ToastMsg' (Root cause: com.kms.katalon.core.webui.exception.WebElementNotFoundException: Web element with id: 'Object Repository/OMVA_EditUser_Page/Activate_ToastMsg' located by 'By.xpath: //div[@class='toast-title' and contains(text(),'Activated')]
' not found)

2018-07-11 10:08:52 - [MESSAGE][FAILED] - Unable to get text of object 'Object Repository/OMVA_EditUser_Page/Activate_ToastMsg' (Root cause: com.kms.katalon.core.webui.exception.WebElementNotFoundException: Web element with id: 'Object Repository/OMVA_EditUser_Page/Activate_ToastMsg' located by 'By.xpath: //div[@class='toast-title' and contains(text(),'Activated')]
' not found)
[[ATTACHMENT|D:\\Automation_P&G\\Automation-P&G-Code-Base\\OMVA\\Reports\\UserManagementTestSuite\\20180711_100421\\1531283931286.png]]]]></system-out>
         <system-err><![CDATA[2018-07-11 10:07:59 - [TEST_CASE][FAILED] - Test Cases/UserManagementTestCases/UserActions/Activate_User: Test Cases/UserManagementTestCases/UserActions/Activate_User FAILED because (of) Unable to get text of object 'Object Repository/OMVA_EditUser_Page/Activate_ToastMsg' (Root cause: com.kms.katalon.core.webui.exception.WebElementNotFoundException: Web element with id: 'Object Repository/OMVA_EditUser_Page/Activate_ToastMsg' located by 'By.xpath: //div[@class='toast-title' and contains(text(),'Activated')]
' not found)]]></system-err>
      </testcase>
      <testcase name="Test Cases/UserManagementTestCases/Login/LogoutAndCloseBrowser" classname="Test Cases/UserManagementTestCases/Login/LogoutAndCloseBrowser" status="PASSED">
         <system-out><![CDATA[2018-07-11 10:08:52 - [TEST_CASE][PASSED] - Test Cases/UserManagementTestCases/Login/LogoutAndCloseBrowser: Test Cases/UserManagementTestCases/Login/LogoutAndCloseBrowser

2018-07-11 10:08:52 - [TEST_STEP][PASSED] - callTestCase: Call Test Case 'Test Cases/CommonTestcases/OpenBrowserandNavigateToQAURL' successfully

2018-07-11 10:08:52 - [TEST_CASE][PASSED] - Test Cases/CommonTestcases/OpenBrowserandNavigateToQAURL: Test Cases/CommonTestcases/OpenBrowserandNavigateToQAURL

2018-07-11 10:08:52 - [TEST_STEP][PASSED] - openBrowser: Browser is opened with url: ''

2018-07-11 10:08:52 - [MESSAGE][WARNING] - A browser is already opened. Closing browser and opening a new one

2018-07-11 10:08:58 - [MESSAGE][PASSED] - Browser is opened with url: ''

2018-07-11 10:08:58 - [TEST_STEP][PASSED] - navigateToUrl: Navigate to 'https://coa-demo-env.azurewebsites.net/da/index.html#/login' successfully

2018-07-11 10:09:07 - [MESSAGE][PASSED] - Navigate to 'https://coa-demo-env.azurewebsites.net/da/index.html#/login' successfully

2018-07-11 10:09:07 - [TEST_STEP][PASSED] - maximizeWindow: Current window maximized

2018-07-11 10:09:07 - [MESSAGE][PASSED] - Current window maximized

2018-07-11 10:09:07 - [MESSAGE][PASSED] - Call Test Case 'Test Cases/CommonTestcases/OpenBrowserandNavigateToQAURL' successfully

2018-07-11 10:09:07 - [TEST_STEP][PASSED] - waitForElementVisible: Object 'Object Repository/OMVA_Login_Page/Username_Textbox' is visible

2018-07-11 10:09:07 - [MESSAGE][PASSED] - Object 'Object Repository/OMVA_Login_Page/Username_Textbox' is visible

2018-07-11 10:09:07 - [TEST_STEP][PASSED] - sendKeys: Keys 'SuperAdmin' sent to object: 'Object Repository/OMVA_Login_Page/Username_Textbox'

2018-07-11 10:09:07 - [MESSAGE][PASSED] - Keys 'SuperAdmin' sent to object: 'Object Repository/OMVA_Login_Page/Username_Textbox'

2018-07-11 10:09:07 - [TEST_STEP][PASSED] - click: Object: 'Object Repository/OMVA_Login_Page/Next_Button' is clicked on

2018-07-11 10:09:07 - [MESSAGE][PASSED] - Object: 'Object Repository/OMVA_Login_Page/Next_Button' is clicked on

2018-07-11 10:09:07 - [TEST_STEP][PASSED] - waitForElementVisible: Object 'Object Repository/OMVA_Login_Page/Password_Textbox' is visible

2018-07-11 10:09:08 - [MESSAGE][PASSED] - Object 'Object Repository/OMVA_Login_Page/Password_Textbox' is visible

2018-07-11 10:09:08 - [TEST_STEP][PASSED] - sendKeys: Keys 'SuperAdmin' sent to object: 'Object Repository/OMVA_Login_Page/Password_Textbox'

2018-07-11 10:09:08 - [MESSAGE][PASSED] - Keys 'SuperAdmin' sent to object: 'Object Repository/OMVA_Login_Page/Password_Textbox'

2018-07-11 10:09:08 - [TEST_STEP][PASSED] - click: Object: 'Object Repository/OMVA_Login_Page/Signin_Button' is clicked on

2018-07-11 10:09:08 - [MESSAGE][PASSED] - Object: 'Object Repository/OMVA_Login_Page/Signin_Button' is clicked on

2018-07-11 10:09:08 - [TEST_STEP][PASSED] - waitForElementPresent: Object 'Object Repository/OMVA_Landing_Page/User_icon' is present

2018-07-11 10:09:09 - [MESSAGE][PASSED] - Object 'Object Repository/OMVA_Landing_Page/User_icon' is present

2018-07-11 10:09:09 - [TEST_STEP][PASSED] - Statement - assert true: null

2018-07-11 10:09:09 - [TEST_STEP][PASSED] - click: Object: 'Object Repository/OMVA_Landing_Page/User_icon' is clicked on

2018-07-11 10:09:09 - [MESSAGE][PASSED] - Object: 'Object Repository/OMVA_Landing_Page/User_icon' is clicked on

2018-07-11 10:09:09 - [TEST_STEP][PASSED] - waitForElementPresent: Object 'Object Repository/OMVA_Landing_Page/Logout_link' is present

2018-07-11 10:09:09 - [MESSAGE][PASSED] - Object 'Object Repository/OMVA_Landing_Page/Logout_link' is present

2018-07-11 10:09:09 - [TEST_STEP][PASSED] - Statement - assert true: null

2018-07-11 10:09:09 - [TEST_STEP][PASSED] - click: Object: 'Object Repository/OMVA_Landing_Page/Logout_link' is clicked on

2018-07-11 10:09:09 - [MESSAGE][PASSED] - Object: 'Object Repository/OMVA_Landing_Page/Logout_link' is clicked on

2018-07-11 10:09:09 - [TEST_STEP][PASSED] - waitForElementNotPresent: Web element with id: 'Object Repository/OMVA_Landing_Page/User_icon' located by 'By.xpath: //img[@id='dropdown']' is not present after '4' second(s)

2018-07-11 10:09:09 - [MESSAGE][PASSED] - Web element with id: 'Object Repository/OMVA_Landing_Page/User_icon' located by 'By.xpath: //img[@id='dropdown']' is not present after '4' second(s)

2018-07-11 10:09:09 - [TEST_STEP][PASSED] - closeBrowser: Browser is closed

2018-07-11 10:09:10 - [MESSAGE][PASSED] - Browser is closed]]></system-out>
         <system-err><![CDATA[]]></system-err>
      </testcase>
      <testcase name="Test Cases/UserManagementTestCases/UserActions/Verify_RoleChange" classname="Test Cases/UserManagementTestCases/UserActions/Verify_RoleChange" status="PASSED">
         <system-out><![CDATA[2018-07-11 10:09:10 - [TEST_CASE][PASSED] - Test Cases/UserManagementTestCases/UserActions/Verify_RoleChange: Test Cases/UserManagementTestCases/UserActions/Verify_RoleChange

2018-07-11 10:09:10 - [TEST_STEP][PASSED] - callTestCase: Call Test Case 'Test Cases/CommonTestcases/OpenBrowserandNavigateToQAURL' successfully

2018-07-11 10:09:10 - [TEST_CASE][PASSED] - Test Cases/CommonTestcases/OpenBrowserandNavigateToQAURL: Test Cases/CommonTestcases/OpenBrowserandNavigateToQAURL

2018-07-11 10:09:10 - [TEST_STEP][PASSED] - openBrowser: Browser is opened with url: ''

2018-07-11 10:09:14 - [MESSAGE][PASSED] - Browser is opened with url: ''

2018-07-11 10:09:14 - [TEST_STEP][PASSED] - navigateToUrl: Navigate to 'https://coa-demo-env.azurewebsites.net/da/index.html#/login' successfully

2018-07-11 10:09:25 - [MESSAGE][PASSED] - Navigate to 'https://coa-demo-env.azurewebsites.net/da/index.html#/login' successfully

2018-07-11 10:09:25 - [TEST_STEP][PASSED] - maximizeWindow: Current window maximized

2018-07-11 10:09:25 - [MESSAGE][PASSED] - Current window maximized

2018-07-11 10:09:25 - [MESSAGE][PASSED] - Call Test Case 'Test Cases/CommonTestcases/OpenBrowserandNavigateToQAURL' successfully

2018-07-11 10:09:25 - [TEST_STEP][PASSED] - waitForElementVisible: Object 'Object Repository/OMVA_Login_Page/Username_Textbox' is visible

2018-07-11 10:09:25 - [MESSAGE][PASSED] - Object 'Object Repository/OMVA_Login_Page/Username_Textbox' is visible

2018-07-11 10:09:25 - [TEST_STEP][PASSED] - sendKeys: Keys 'SuperAdmin' sent to object: 'Object Repository/OMVA_Login_Page/Username_Textbox'

2018-07-11 10:09:25 - [MESSAGE][PASSED] - Keys 'SuperAdmin' sent to object: 'Object Repository/OMVA_Login_Page/Username_Textbox'

2018-07-11 10:09:25 - [TEST_STEP][PASSED] - click: Object: 'Object Repository/OMVA_Login_Page/Next_Button' is clicked on

2018-07-11 10:09:25 - [MESSAGE][PASSED] - Object: 'Object Repository/OMVA_Login_Page/Next_Button' is clicked on

2018-07-11 10:09:25 - [TEST_STEP][PASSED] - waitForElementVisible: Object 'Object Repository/OMVA_Login_Page/Password_Textbox' is visible

2018-07-11 10:09:26 - [MESSAGE][PASSED] - Object 'Object Repository/OMVA_Login_Page/Password_Textbox' is visible

2018-07-11 10:09:26 - [TEST_STEP][PASSED] - sendKeys: Keys 'SuperAdmin' sent to object: 'Object Repository/OMVA_Login_Page/Password_Textbox'

2018-07-11 10:09:26 - [MESSAGE][PASSED] - Keys 'SuperAdmin' sent to object: 'Object Repository/OMVA_Login_Page/Password_Textbox'

2018-07-11 10:09:26 - [TEST_STEP][PASSED] - click: Object: 'Object Repository/OMVA_Login_Page/Signin_Button' is clicked on

2018-07-11 10:09:26 - [MESSAGE][PASSED] - Object: 'Object Repository/OMVA_Login_Page/Signin_Button' is clicked on

2018-07-11 10:09:26 - [TEST_STEP][PASSED] - waitForPageLoad: Wait for page load successfully

2018-07-11 10:09:26 - [MESSAGE][PASSED] - Wait for page load successfully

2018-07-11 10:09:26 - [TEST_STEP][PASSED] - delay: Delayed 5 second(s)

2018-07-11 10:09:31 - [MESSAGE][PASSED] - Delayed 5 second(s)

2018-07-11 10:09:31 - [TEST_STEP][PASSED] - waitForElementPresent: Object 'Object Repository/OMVA_Landing_Page/CreateUser_Button' is present

2018-07-11 10:09:31 - [MESSAGE][PASSED] - Object 'Object Repository/OMVA_Landing_Page/CreateUser_Button' is present

2018-07-11 10:09:31 - [TEST_STEP][PASSED] - click: Object: 'Object Repository/OMVA_Landing_Page/CreateUser_Button' is clicked on

2018-07-11 10:09:32 - [MESSAGE][PASSED] - Object: 'Object Repository/OMVA_Landing_Page/CreateUser_Button' is clicked on

2018-07-11 10:09:32 - [TEST_STEP][PASSED] - delay: Delayed 3 second(s)

2018-07-11 10:09:35 - [MESSAGE][PASSED] - Delayed 3 second(s)

2018-07-11 10:09:35 - [TEST_STEP][PASSED] - waitForElementPresent: Object 'Object Repository/OMVA_UserManagement_Page/Role_Dropdown' is present

2018-07-11 10:09:35 - [MESSAGE][PASSED] - Object 'Object Repository/OMVA_UserManagement_Page/Role_Dropdown' is present

2018-07-11 10:09:35 - [TEST_STEP][PASSED] - Statement - If (true): null

2018-07-11 10:09:35 - [TEST_STEP][PASSED] - click: Object: 'Object Repository/OMVA_UserManagement_Page/Role_Dropdown' is clicked on

2018-07-11 10:09:35 - [MESSAGE][PASSED] - Object: 'Object Repository/OMVA_UserManagement_Page/Role_Dropdown' is clicked on

2018-07-11 10:09:35 - [TEST_STEP][PASSED] - Statement - assert true: null

2018-07-11 10:09:35 - [TEST_STEP][PASSED] - scrollToElement: Scroll to object 'Object Repository/OMVA_UserManagement_Page/DropdownOption_RoleDropdown_Market Admin' successfully

2018-07-11 10:09:35 - [MESSAGE][WARNING] - Timeout '0' is invalid. Using default page load timeout: '15'

2018-07-11 10:09:35 - [MESSAGE][PASSED] - Scroll to object 'Object Repository/OMVA_UserManagement_Page/DropdownOption_RoleDropdown_Market Admin' successfully

2018-07-11 10:09:35 - [TEST_STEP][PASSED] - click: Object: 'Object Repository/OMVA_UserManagement_Page/DropdownOption_RoleDropdown_Market Admin' is clicked on

2018-07-11 10:09:35 - [MESSAGE][PASSED] - Object: 'Object Repository/OMVA_UserManagement_Page/DropdownOption_RoleDropdown_Market Admin' is clicked on

2018-07-11 10:09:35 - [TEST_STEP][PASSED] - Statement - username = CustomKeywords.commonLibrary.commonFunctions.randomStringFunction("abcdefghijklmnopqrstuvwxyz", 6): commonLibrary.commonFunctions.randomStringFunction is PASSED

2018-07-11 10:09:35 - [MESSAGE][PASSED] - commonLibrary.commonFunctions.randomStringFunction is PASSED

2018-07-11 10:09:35 - [TEST_STEP][PASSED] - sendKeys: Keys 'sdrwmw' sent to object: 'Object Repository/OMVA_UserManagement_Page/UserName_Textbox'

2018-07-11 10:09:35 - [MESSAGE][PASSED] - Keys 'sdrwmw' sent to object: 'Object Repository/OMVA_UserManagement_Page/UserName_Textbox'

2018-07-11 10:09:35 - [TEST_STEP][PASSED] - Statement - emailidprefix = CustomKeywords.commonLibrary.commonFunctions.randomStringFunction("abcdefghijklmnopqrstuvwxyz", 9): commonLibrary.commonFunctions.randomStringFunction is PASSED

2018-07-11 10:09:35 - [MESSAGE][PASSED] - commonLibrary.commonFunctions.randomStringFunction is PASSED

2018-07-11 10:09:35 - [TEST_STEP][PASSED] - sendKeys: Keys 'gdvqtdgxf@autotestpg.com' sent to object: 'Object Repository/OMVA_UserManagement_Page/EmailID_Textbox'

2018-07-11 10:09:35 - [MESSAGE][PASSED] - Keys 'gdvqtdgxf@autotestpg.com' sent to object: 'Object Repository/OMVA_UserManagement_Page/EmailID_Textbox'

2018-07-11 10:09:35 - [TEST_STEP][PASSED] - Statement - firstname = CustomKeywords.commonLibrary.commonFunctions.randomStringFunction("abcdefghijklmnopqrstuvwxyz", 7): commonLibrary.commonFunctions.randomStringFunction is PASSED

2018-07-11 10:09:35 - [MESSAGE][PASSED] - commonLibrary.commonFunctions.randomStringFunction is PASSED

2018-07-11 10:09:35 - [TEST_STEP][PASSED] - sendKeys: Keys 'zvsyabq' sent to object: 'Object Repository/OMVA_UserManagement_Page/FirstName_Textbox'

2018-07-11 10:09:35 - [MESSAGE][PASSED] - Keys 'zvsyabq' sent to object: 'Object Repository/OMVA_UserManagement_Page/FirstName_Textbox'

2018-07-11 10:09:35 - [TEST_STEP][PASSED] - Statement - lastname = CustomKeywords.commonLibrary.commonFunctions.randomStringFunction("abcdefghijklmnopqrstuvwxyz", 7): commonLibrary.commonFunctions.randomStringFunction is PASSED

2018-07-11 10:09:35 - [MESSAGE][PASSED] - commonLibrary.commonFunctions.randomStringFunction is PASSED

2018-07-11 10:09:35 - [TEST_STEP][PASSED] - sendKeys: Keys 'syxxeoh' sent to object: 'Object Repository/OMVA_UserManagement_Page/LastName_Textbox'

2018-07-11 10:09:36 - [MESSAGE][PASSED] - Keys 'syxxeoh' sent to object: 'Object Repository/OMVA_UserManagement_Page/LastName_Textbox'

2018-07-11 10:09:36 - [TEST_STEP][PASSED] - Statement - ticketnum = CustomKeywords.commonLibrary.commonFunctions.randomStringFunction("123456789", 7): commonLibrary.commonFunctions.randomStringFunction is PASSED

2018-07-11 10:09:36 - [MESSAGE][PASSED] - commonLibrary.commonFunctions.randomStringFunction is PASSED

2018-07-11 10:09:36 - [TEST_STEP][PASSED] - sendKeys: Keys '7563521' sent to object: 'Object Repository/OMVA_UserManagement_Page/TicketNumber_Textbox'

2018-07-11 10:09:36 - [MESSAGE][PASSED] - Keys '7563521' sent to object: 'Object Repository/OMVA_UserManagement_Page/TicketNumber_Textbox'

2018-07-11 10:09:36 - [TEST_STEP][PASSED] - click: Object: 'Object Repository/OMVA_UserManagement_Page/Next_Button_Update' is clicked on

2018-07-11 10:09:36 - [MESSAGE][PASSED] - Object: 'Object Repository/OMVA_UserManagement_Page/Next_Button_Update' is clicked on

2018-07-11 10:09:36 - [TEST_STEP][PASSED] - applicationLibrary.checkboxMultiselection.multiselectCheckbox: applicationLibrary.checkboxMultiselection.multiselectCheckbox is PASSED

2018-07-11 10:09:38 - [MESSAGE][PASSED] - applicationLibrary.checkboxMultiselection.multiselectCheckbox is PASSED

2018-07-11 10:09:38 - [TEST_STEP][PASSED] - scrollToElement: Scroll to object 'Object Repository/OMVA_UserManagement_Page/Customer_Next_Btn' successfully

2018-07-11 10:09:38 - [MESSAGE][PASSED] - Scroll to object 'Object Repository/OMVA_UserManagement_Page/Customer_Next_Btn' successfully

2018-07-11 10:09:38 - [TEST_STEP][PASSED] - click: Object: 'Object Repository/OMVA_UserManagement_Page/Customer_Next_Btn' is clicked on

2018-07-11 10:09:38 - [MESSAGE][PASSED] - Object: 'Object Repository/OMVA_UserManagement_Page/Customer_Next_Btn' is clicked on

2018-07-11 10:09:38 - [TEST_STEP][PASSED] - applicationLibrary.checkboxMultiselection.multiselectCheckbox: applicationLibrary.checkboxMultiselection.multiselectCheckbox is PASSED

2018-07-11 10:09:40 - [MESSAGE][PASSED] - applicationLibrary.checkboxMultiselection.multiselectCheckbox is PASSED

2018-07-11 10:09:40 - [TEST_STEP][PASSED] - click: Object: 'Object Repository/OMVA_UserManagement_Page/UserCreation_Save_Btn' is clicked on

2018-07-11 10:09:40 - [MESSAGE][PASSED] - Object: 'Object Repository/OMVA_UserManagement_Page/UserCreation_Save_Btn' is clicked on

2018-07-11 10:09:40 - [TEST_STEP][PASSED] - waitForElementPresent: Object 'Object Repository/OMVA_UserManagement_Page/UserCreation_HeaderTxt' is present

2018-07-11 10:09:41 - [MESSAGE][PASSED] - Object 'Object Repository/OMVA_UserManagement_Page/UserCreation_HeaderTxt' is present

2018-07-11 10:09:41 - [TEST_STEP][PASSED] - verifyElementText: Actual text and expected text of test object 'Object Repository/OMVA_UserManagement_Page/UserCreation_HeaderTxt' are matched.

2018-07-11 10:09:41 - [MESSAGE][PASSED] - Actual text and expected text of test object 'Object Repository/OMVA_UserManagement_Page/UserCreation_HeaderTxt' are matched.

2018-07-11 10:09:41 - [TEST_STEP][PASSED] - verifyElementText: Actual text and expected text of test object 'Object Repository/OMVA_UserManagement_Page/UserCreation_ContentTxt' are matched.

2018-07-11 10:09:41 - [MESSAGE][PASSED] - Actual text and expected text of test object 'Object Repository/OMVA_UserManagement_Page/UserCreation_ContentTxt' are matched.

2018-07-11 10:09:41 - [TEST_STEP][PASSED] - click: Object: 'Object Repository/OMVA_UserManagement_Page/UserCreation_OK_Btn' is clicked on

2018-07-11 10:09:41 - [MESSAGE][PASSED] - Object: 'Object Repository/OMVA_UserManagement_Page/UserCreation_OK_Btn' is clicked on

2018-07-11 10:09:41 - [TEST_STEP][PASSED] - delay: Delayed 5 second(s)

2018-07-11 10:09:46 - [MESSAGE][PASSED] - Delayed 5 second(s)

2018-07-11 10:09:46 - [TEST_STEP][PASSED] - waitForElementPresent: Object 'Object Repository/OMVA_UserManagement_Page/Created_User_Username' is present

2018-07-11 10:09:47 - [MESSAGE][PASSED] - Object 'Object Repository/OMVA_UserManagement_Page/Created_User_Username' is present

2018-07-11 10:09:47 - [TEST_STEP][PASSED] - Statement - createdNewuser = com.kms.katalon.core.webui.keyword.WebUiBuiltInKeywords.getText(com.kms.katalon.core.testobject.ObjectRepository.findTestObject(OMVA_UserManagement_Page/Created_User_Username)): Text of object 'Object Repository/OMVA_UserManagement_Page/Created_User_Username' is: 'zvsyabq syxxeoh'

2018-07-11 10:09:47 - [MESSAGE][PASSED] - Text of object 'Object Repository/OMVA_UserManagement_Page/Created_User_Username' is: 'zvsyabq syxxeoh'

2018-07-11 10:09:47 - [TEST_STEP][PASSED] - Statement - uname = createdNewuser.toString(): null

2018-07-11 10:09:47 - [TEST_STEP][PASSED] - Statement - createduser = com.kms.katalon.core.webui.keyword.WebUiBuiltInKeywords.verifyMatch(createdNewuser, firstname + " " + lastname, true): Actual text 'zvsyabq syxxeoh' and expected text 'zvsyabq syxxeoh' are matched  using regular expression

2018-07-11 10:09:47 - [MESSAGE][PASSED] - Actual text 'zvsyabq syxxeoh' and expected text 'zvsyabq syxxeoh' are matched  using regular expression

2018-07-11 10:09:47 - [TEST_STEP][PASSED] - delay: Delayed 5 second(s)

2018-07-11 10:09:52 - [MESSAGE][PASSED] - Delayed 5 second(s)

2018-07-11 10:09:52 - [TEST_STEP][PASSED] - applicationLibrary.ClicksCreatedUserDashboard.editUser: applicationLibrary.ClicksCreatedUserDashboard.editUser is PASSED

2018-07-11 10:09:52 - [MESSAGE][PASSED] - applicationLibrary.ClicksCreatedUserDashboard.editUser is PASSED

2018-07-11 10:09:52 - [TEST_STEP][PASSED] - delay: Delayed 5 second(s)

2018-07-11 10:09:57 - [MESSAGE][PASSED] - Delayed 5 second(s)

2018-07-11 10:09:57 - [TEST_STEP][PASSED] - waitForElementPresent: Object 'Object Repository/OMVA_UserManagement_Page/Role_Dropdown' is present

2018-07-11 10:09:57 - [MESSAGE][PASSED] - Object 'Object Repository/OMVA_UserManagement_Page/Role_Dropdown' is present

2018-07-11 10:09:57 - [TEST_STEP][PASSED] - Statement - If (true): null

2018-07-11 10:09:57 - [TEST_STEP][PASSED] - click: Object: 'Object Repository/OMVA_UserManagement_Page/Role_Dropdown' is clicked on

2018-07-11 10:09:57 - [MESSAGE][PASSED] - Object: 'Object Repository/OMVA_UserManagement_Page/Role_Dropdown' is clicked on

2018-07-11 10:09:57 - [TEST_STEP][PASSED] - Statement - assert true: null

2018-07-11 10:09:57 - [TEST_STEP][PASSED] - scrollToElement: Scroll to object 'Object Repository/OMVA_UserManagement_Page/DropdownOption_RoleDropdown_CategoryMSP' successfully

2018-07-11 10:09:57 - [MESSAGE][WARNING] - Timeout '0' is invalid. Using default page load timeout: '15'

2018-07-11 10:09:57 - [MESSAGE][PASSED] - Scroll to object 'Object Repository/OMVA_UserManagement_Page/DropdownOption_RoleDropdown_CategoryMSP' successfully

2018-07-11 10:09:57 - [TEST_STEP][PASSED] - click: Object: 'Object Repository/OMVA_UserManagement_Page/DropdownOption_RoleDropdown_CategoryMSP' is clicked on

2018-07-11 10:09:57 - [MESSAGE][PASSED] - Object: 'Object Repository/OMVA_UserManagement_Page/DropdownOption_RoleDropdown_CategoryMSP' is clicked on

2018-07-11 10:09:57 - [TEST_STEP][PASSED] - delay: Delayed 3 second(s)

2018-07-11 10:10:00 - [MESSAGE][PASSED] - Delayed 3 second(s)

2018-07-11 10:10:00 - [TEST_STEP][PASSED] - click: Object: 'Object Repository/OMVA_UserManagement_Page/Next_Button_Update' is clicked on

2018-07-11 10:10:00 - [MESSAGE][PASSED] - Object: 'Object Repository/OMVA_UserManagement_Page/Next_Button_Update' is clicked on

2018-07-11 10:10:00 - [TEST_STEP][PASSED] - Statement - If (true): null

2018-07-11 10:10:00 - [TEST_STEP][PASSED] - verifyElementText: Actual text and expected text of test object 'Object Repository/OMVA_UserManagement_Page/Update_Role' are matched.

2018-07-11 10:10:02 - [MESSAGE][PASSED] - Actual text and expected text of test object 'Object Repository/OMVA_UserManagement_Page/Update_Role' are matched.

2018-07-11 10:10:02 - [TEST_STEP][PASSED] - Statement - assert true: null

2018-07-11 10:10:02 - [TEST_STEP][PASSED] - closeBrowser: Browser is closed

2018-07-11 10:10:03 - [MESSAGE][PASSED] - Browser is closed]]></system-out>
         <system-err><![CDATA[]]></system-err>
      </testcase>
      <testcase name="Test Cases/UserManagementTestCases/UserActions/Verify_AdvanceFilterPopUp" classname="Test Cases/UserManagementTestCases/UserActions/Verify_AdvanceFilterPopUp" status="PASSED">
         <system-out><![CDATA[2018-07-11 10:10:03 - [TEST_CASE][PASSED] - Test Cases/UserManagementTestCases/UserActions/Verify_AdvanceFilterPopUp: Test Cases/UserManagementTestCases/UserActions/Verify_AdvanceFilterPopUp

2018-07-11 10:10:03 - [TEST_STEP][PASSED] - callTestCase: Call Test Case 'Test Cases/CommonTestcases/OpenBrowserandNavigateToQAURL' successfully

2018-07-11 10:10:03 - [TEST_CASE][PASSED] - Test Cases/CommonTestcases/OpenBrowserandNavigateToQAURL: Test Cases/CommonTestcases/OpenBrowserandNavigateToQAURL

2018-07-11 10:10:03 - [TEST_STEP][PASSED] - openBrowser: Browser is opened with url: ''

2018-07-11 10:10:07 - [MESSAGE][PASSED] - Browser is opened with url: ''

2018-07-11 10:10:07 - [TEST_STEP][PASSED] - navigateToUrl: Navigate to 'https://coa-demo-env.azurewebsites.net/da/index.html#/login' successfully

2018-07-11 10:10:16 - [MESSAGE][PASSED] - Navigate to 'https://coa-demo-env.azurewebsites.net/da/index.html#/login' successfully

2018-07-11 10:10:16 - [TEST_STEP][PASSED] - maximizeWindow: Current window maximized

2018-07-11 10:10:16 - [MESSAGE][PASSED] - Current window maximized

2018-07-11 10:10:16 - [MESSAGE][PASSED] - Call Test Case 'Test Cases/CommonTestcases/OpenBrowserandNavigateToQAURL' successfully

2018-07-11 10:10:16 - [TEST_STEP][PASSED] - waitForElementPresent: Object 'Object Repository/OMVA_Login_Page/Username_Textbox' is present

2018-07-11 10:10:16 - [MESSAGE][PASSED] - Object 'Object Repository/OMVA_Login_Page/Username_Textbox' is present

2018-07-11 10:10:16 - [TEST_STEP][PASSED] - sendKeys: Keys 'SuperAdmin' sent to object: 'Object Repository/OMVA_Login_Page/Username_Textbox'

2018-07-11 10:10:16 - [MESSAGE][PASSED] - Keys 'SuperAdmin' sent to object: 'Object Repository/OMVA_Login_Page/Username_Textbox'

2018-07-11 10:10:16 - [TEST_STEP][PASSED] - click: Object: 'Object Repository/OMVA_Login_Page/Next_Button' is clicked on

2018-07-11 10:10:16 - [MESSAGE][PASSED] - Object: 'Object Repository/OMVA_Login_Page/Next_Button' is clicked on

2018-07-11 10:10:16 - [TEST_STEP][PASSED] - waitForElementVisible: Object 'Object Repository/OMVA_Login_Page/Password_Textbox' is visible

2018-07-11 10:10:17 - [MESSAGE][PASSED] - Object 'Object Repository/OMVA_Login_Page/Password_Textbox' is visible

2018-07-11 10:10:17 - [TEST_STEP][PASSED] - sendKeys: Keys 'SuperAdmin' sent to object: 'Object Repository/OMVA_Login_Page/Password_Textbox'

2018-07-11 10:10:17 - [MESSAGE][PASSED] - Keys 'SuperAdmin' sent to object: 'Object Repository/OMVA_Login_Page/Password_Textbox'

2018-07-11 10:10:17 - [TEST_STEP][PASSED] - click: Object: 'Object Repository/OMVA_Login_Page/Signin_Button' is clicked on

2018-07-11 10:10:17 - [MESSAGE][PASSED] - Object: 'Object Repository/OMVA_Login_Page/Signin_Button' is clicked on

2018-07-11 10:10:17 - [TEST_STEP][PASSED] - waitForAngularLoad: This page doesn't use Angular.

2018-07-11 10:10:17 - [MESSAGE][WARNING] - This page doesn't use Angular.

2018-07-11 10:10:17 - [TEST_STEP][PASSED] - delay: Delayed 4 second(s)

2018-07-11 10:10:21 - [MESSAGE][PASSED] - Delayed 4 second(s)

2018-07-11 10:10:21 - [TEST_STEP][PASSED] - waitForElementVisible: Object 'Object Repository/OMVA_Landing_Page/Filter_Icon' is visible

2018-07-11 10:10:21 - [MESSAGE][PASSED] - Object 'Object Repository/OMVA_Landing_Page/Filter_Icon' is visible

2018-07-11 10:10:21 - [TEST_STEP][PASSED] - Statement - assert true: null

2018-07-11 10:10:21 - [TEST_STEP][PASSED] - click: Object: 'Object Repository/OMVA_Landing_Page/Filter_Icon' is clicked on

2018-07-11 10:10:21 - [MESSAGE][PASSED] - Object: 'Object Repository/OMVA_Landing_Page/Filter_Icon' is clicked on

2018-07-11 10:10:21 - [TEST_STEP][PASSED] - waitForElementVisible: Object 'Object Repository/OMVA_Landing_Page/Advanced_FilterPopUp' is visible

2018-07-11 10:10:22 - [MESSAGE][PASSED] - Object 'Object Repository/OMVA_Landing_Page/Advanced_FilterPopUp' is visible

2018-07-11 10:10:22 - [TEST_STEP][PASSED] - Statement - assert true: null

2018-07-11 10:10:22 - [TEST_STEP][PASSED] - closeBrowser: Browser is closed

2018-07-11 10:10:23 - [MESSAGE][PASSED] - Browser is closed]]></system-out>
         <system-err><![CDATA[]]></system-err>
      </testcase>
      <testcase name="Test Cases/UserManagementTestCases/UserActions/VerifyNextButtonClickNotAllowed" classname="Test Cases/UserManagementTestCases/UserActions/VerifyNextButtonClickNotAllowed" status="PASSED">
         <system-out><![CDATA[2018-07-11 10:10:23 - [TEST_CASE][PASSED] - Test Cases/UserManagementTestCases/UserActions/VerifyNextButtonClickNotAllowed: Test Cases/UserManagementTestCases/UserActions/VerifyNextButtonClickNotAllowed

2018-07-11 10:10:23 - [TEST_STEP][PASSED] - callTestCase: Call Test Case 'Test Cases/CommonTestcases/OpenBrowserandNavigateToQAURL' successfully

2018-07-11 10:10:23 - [TEST_CASE][PASSED] - Test Cases/CommonTestcases/OpenBrowserandNavigateToQAURL: Test Cases/CommonTestcases/OpenBrowserandNavigateToQAURL

2018-07-11 10:10:23 - [TEST_STEP][PASSED] - openBrowser: Browser is opened with url: ''

2018-07-11 10:10:26 - [MESSAGE][PASSED] - Browser is opened with url: ''

2018-07-11 10:10:26 - [TEST_STEP][PASSED] - navigateToUrl: Navigate to 'https://coa-demo-env.azurewebsites.net/da/index.html#/login' successfully

2018-07-11 10:10:38 - [MESSAGE][PASSED] - Navigate to 'https://coa-demo-env.azurewebsites.net/da/index.html#/login' successfully

2018-07-11 10:10:38 - [TEST_STEP][PASSED] - maximizeWindow: Current window maximized

2018-07-11 10:10:38 - [MESSAGE][PASSED] - Current window maximized

2018-07-11 10:10:38 - [MESSAGE][PASSED] - Call Test Case 'Test Cases/CommonTestcases/OpenBrowserandNavigateToQAURL' successfully

2018-07-11 10:10:38 - [TEST_STEP][PASSED] - waitForElementVisible: Object 'Object Repository/OMVA_Login_Page/Username_Textbox' is visible

2018-07-11 10:10:38 - [MESSAGE][PASSED] - Object 'Object Repository/OMVA_Login_Page/Username_Textbox' is visible

2018-07-11 10:10:38 - [TEST_STEP][PASSED] - sendKeys: Keys 'SuperAdmin' sent to object: 'Object Repository/OMVA_Login_Page/Username_Textbox'

2018-07-11 10:10:38 - [MESSAGE][PASSED] - Keys 'SuperAdmin' sent to object: 'Object Repository/OMVA_Login_Page/Username_Textbox'

2018-07-11 10:10:38 - [TEST_STEP][PASSED] - click: Object: 'Object Repository/OMVA_Login_Page/Next_Button' is clicked on

2018-07-11 10:10:38 - [MESSAGE][PASSED] - Object: 'Object Repository/OMVA_Login_Page/Next_Button' is clicked on

2018-07-11 10:10:38 - [TEST_STEP][PASSED] - waitForElementVisible: Object 'Object Repository/OMVA_Login_Page/Password_Textbox' is visible

2018-07-11 10:10:39 - [MESSAGE][PASSED] - Object 'Object Repository/OMVA_Login_Page/Password_Textbox' is visible

2018-07-11 10:10:39 - [TEST_STEP][PASSED] - sendKeys: Keys 'SuperAdmin' sent to object: 'Object Repository/OMVA_Login_Page/Password_Textbox'

2018-07-11 10:10:39 - [MESSAGE][PASSED] - Keys 'SuperAdmin' sent to object: 'Object Repository/OMVA_Login_Page/Password_Textbox'

2018-07-11 10:10:39 - [TEST_STEP][PASSED] - click: Object: 'Object Repository/OMVA_Login_Page/Signin_Button' is clicked on

2018-07-11 10:10:39 - [MESSAGE][PASSED] - Object: 'Object Repository/OMVA_Login_Page/Signin_Button' is clicked on

2018-07-11 10:10:39 - [TEST_STEP][PASSED] - waitForPageLoad: Wait for page load successfully

2018-07-11 10:10:39 - [MESSAGE][PASSED] - Wait for page load successfully

2018-07-11 10:10:39 - [TEST_STEP][PASSED] - delay: Delayed 5 second(s)

2018-07-11 10:10:44 - [MESSAGE][PASSED] - Delayed 5 second(s)

2018-07-11 10:10:44 - [TEST_STEP][PASSED] - waitForElementPresent: Object 'Object Repository/OMVA_Landing_Page/CreateUser_Button' is present

2018-07-11 10:10:44 - [MESSAGE][PASSED] - Object 'Object Repository/OMVA_Landing_Page/CreateUser_Button' is present

2018-07-11 10:10:44 - [TEST_STEP][PASSED] - click: Object: 'Object Repository/OMVA_Landing_Page/CreateUser_Button' is clicked on

2018-07-11 10:10:45 - [MESSAGE][PASSED] - Object: 'Object Repository/OMVA_Landing_Page/CreateUser_Button' is clicked on

2018-07-11 10:10:45 - [TEST_STEP][PASSED] - delay: Delayed 3 second(s)

2018-07-11 10:10:48 - [MESSAGE][PASSED] - Delayed 3 second(s)

2018-07-11 10:10:48 - [TEST_STEP][PASSED] - verifyElementNotClickable: Object 'Object Repository/OMVA_UserManagement_Page/NextButtonDisabled' is NOT clickable

2018-07-11 10:10:48 - [MESSAGE][PASSED] - Object 'Object Repository/OMVA_UserManagement_Page/NextButtonDisabled' is NOT clickable

2018-07-11 10:10:48 - [TEST_STEP][PASSED] - closeBrowser: Browser is closed

2018-07-11 10:10:48 - [MESSAGE][PASSED] - Browser is closed]]></system-out>
         <system-err><![CDATA[]]></system-err>
      </testcase>
      <testcase name="Test Cases/UserManagementTestCases/UserActions/VerifyDefaultSelectionAdvancedFilter" classname="Test Cases/UserManagementTestCases/UserActions/VerifyDefaultSelectionAdvancedFilter" status="PASSED">
         <system-out><![CDATA[2018-07-11 10:10:48 - [TEST_CASE][PASSED] - Test Cases/UserManagementTestCases/UserActions/VerifyDefaultSelectionAdvancedFilter: Test Cases/UserManagementTestCases/UserActions/VerifyDefaultSelectionAdvancedFilter

2018-07-11 10:10:48 - [TEST_STEP][PASSED] - callTestCase: Call Test Case 'Test Cases/CommonTestcases/OpenBrowserandNavigateToQAURL' successfully

2018-07-11 10:10:48 - [TEST_CASE][PASSED] - Test Cases/CommonTestcases/OpenBrowserandNavigateToQAURL: Test Cases/CommonTestcases/OpenBrowserandNavigateToQAURL

2018-07-11 10:10:48 - [TEST_STEP][PASSED] - openBrowser: Browser is opened with url: ''

2018-07-11 10:10:52 - [MESSAGE][PASSED] - Browser is opened with url: ''

2018-07-11 10:10:52 - [TEST_STEP][PASSED] - navigateToUrl: Navigate to 'https://coa-demo-env.azurewebsites.net/da/index.html#/login' successfully

2018-07-11 10:11:00 - [MESSAGE][PASSED] - Navigate to 'https://coa-demo-env.azurewebsites.net/da/index.html#/login' successfully

2018-07-11 10:11:00 - [TEST_STEP][PASSED] - maximizeWindow: Current window maximized

2018-07-11 10:11:01 - [MESSAGE][PASSED] - Current window maximized

2018-07-11 10:11:01 - [MESSAGE][PASSED] - Call Test Case 'Test Cases/CommonTestcases/OpenBrowserandNavigateToQAURL' successfully

2018-07-11 10:11:01 - [TEST_STEP][PASSED] - waitForElementPresent: Object 'Object Repository/OMVA_Login_Page/Username_Textbox' is present

2018-07-11 10:11:01 - [MESSAGE][PASSED] - Object 'Object Repository/OMVA_Login_Page/Username_Textbox' is present

2018-07-11 10:11:01 - [TEST_STEP][PASSED] - sendKeys: Keys 'SuperAdmin' sent to object: 'Object Repository/OMVA_Login_Page/Username_Textbox'

2018-07-11 10:11:01 - [MESSAGE][PASSED] - Keys 'SuperAdmin' sent to object: 'Object Repository/OMVA_Login_Page/Username_Textbox'

2018-07-11 10:11:01 - [TEST_STEP][PASSED] - click: Object: 'Object Repository/OMVA_Login_Page/Next_Button' is clicked on

2018-07-11 10:11:01 - [MESSAGE][PASSED] - Object: 'Object Repository/OMVA_Login_Page/Next_Button' is clicked on

2018-07-11 10:11:01 - [TEST_STEP][PASSED] - waitForElementVisible: Object 'Object Repository/OMVA_Login_Page/Password_Textbox' is visible

2018-07-11 10:11:02 - [MESSAGE][PASSED] - Object 'Object Repository/OMVA_Login_Page/Password_Textbox' is visible

2018-07-11 10:11:02 - [TEST_STEP][PASSED] - sendKeys: Keys 'SuperAdmin' sent to object: 'Object Repository/OMVA_Login_Page/Password_Textbox'

2018-07-11 10:11:02 - [MESSAGE][PASSED] - Keys 'SuperAdmin' sent to object: 'Object Repository/OMVA_Login_Page/Password_Textbox'

2018-07-11 10:11:02 - [TEST_STEP][PASSED] - click: Object: 'Object Repository/OMVA_Login_Page/Signin_Button' is clicked on

2018-07-11 10:11:02 - [MESSAGE][PASSED] - Object: 'Object Repository/OMVA_Login_Page/Signin_Button' is clicked on

2018-07-11 10:11:02 - [TEST_STEP][PASSED] - waitForAngularLoad: This page doesn't use Angular.

2018-07-11 10:11:02 - [MESSAGE][WARNING] - This page doesn't use Angular.

2018-07-11 10:11:02 - [TEST_STEP][PASSED] - delay: Delayed 4 second(s)

2018-07-11 10:11:06 - [MESSAGE][PASSED] - Delayed 4 second(s)

2018-07-11 10:11:06 - [TEST_STEP][PASSED] - waitForElementVisible: Object 'Object Repository/OMVA_Landing_Page/Filter_Icon' is visible

2018-07-11 10:11:06 - [MESSAGE][PASSED] - Object 'Object Repository/OMVA_Landing_Page/Filter_Icon' is visible

2018-07-11 10:11:06 - [TEST_STEP][PASSED] - Statement - assert true: null

2018-07-11 10:11:06 - [TEST_STEP][PASSED] - click: Object: 'Object Repository/OMVA_Landing_Page/Filter_Icon' is clicked on

2018-07-11 10:11:06 - [MESSAGE][PASSED] - Object: 'Object Repository/OMVA_Landing_Page/Filter_Icon' is clicked on

2018-07-11 10:11:06 - [TEST_STEP][PASSED] - waitForElementVisible: Object 'Object Repository/OMVA_Landing_Page/Advanced_FilterPopUp' is visible

2018-07-11 10:11:07 - [MESSAGE][PASSED] - Object 'Object Repository/OMVA_Landing_Page/Advanced_FilterPopUp' is visible

2018-07-11 10:11:07 - [TEST_STEP][PASSED] - Statement - assert true: null

2018-07-11 10:11:07 - [TEST_STEP][PASSED] - delay: Delayed 3 second(s)

2018-07-11 10:11:10 - [MESSAGE][PASSED] - Delayed 3 second(s)

2018-07-11 10:11:10 - [TEST_STEP][PASSED] - applicationLibrary.checkboxMultiselection.checkbox: applicationLibrary.checkboxMultiselection.checkbox is PASSED

2018-07-11 10:11:12 - [MESSAGE][PASSED] - applicationLibrary.checkboxMultiselection.checkbox is PASSED

2018-07-11 10:11:12 - [TEST_STEP][PASSED] - waitForElementVisible: Object 'Object Repository/OMVA_AdvancedFilter_Page/resetButton' is visible

2018-07-11 10:11:12 - [MESSAGE][PASSED] - Object 'Object Repository/OMVA_AdvancedFilter_Page/resetButton' is visible

2018-07-11 10:11:12 - [TEST_STEP][PASSED] - click: Object: 'Object Repository/OMVA_AdvancedFilter_Page/resetButton' is clicked on

2018-07-11 10:11:12 - [MESSAGE][PASSED] - Object: 'Object Repository/OMVA_AdvancedFilter_Page/resetButton' is clicked on

2018-07-11 10:11:12 - [TEST_STEP][PASSED] - verifyElementAttributeValue: Object 'Object Repository/OMVA_AdvancedFilter_Page/checkboxSelectAll' has attribute 'ng-reflect-model' with value 'false'

2018-07-11 10:11:12 - [MESSAGE][PASSED] - Object 'Object Repository/OMVA_AdvancedFilter_Page/checkboxSelectAll' has attribute 'ng-reflect-model' with value 'false']]></system-out>
         <system-err><![CDATA[]]></system-err>
      </testcase>
      <testcase name="Test Cases/UserManagementTestCases/UserActions/Validate_User_Search" classname="Test Cases/UserManagementTestCases/UserActions/Validate_User_Search" status="PASSED">
         <system-out><![CDATA[2018-07-11 10:11:12 - [TEST_CASE][PASSED] - Test Cases/UserManagementTestCases/UserActions/Validate_User_Search: Test Cases/UserManagementTestCases/UserActions/Validate_User_Search

2018-07-11 10:11:12 - [TEST_STEP][PASSED] - callTestCase: Call Test Case 'Test Cases/CommonTestcases/OpenBrowserandNavigateToQAURL' successfully

2018-07-11 10:11:12 - [TEST_CASE][PASSED] - Test Cases/CommonTestcases/OpenBrowserandNavigateToQAURL: Test Cases/CommonTestcases/OpenBrowserandNavigateToQAURL

2018-07-11 10:11:12 - [TEST_STEP][PASSED] - openBrowser: Browser is opened with url: ''

2018-07-11 10:11:12 - [MESSAGE][WARNING] - A browser is already opened. Closing browser and opening a new one

2018-07-11 10:11:17 - [MESSAGE][PASSED] - Browser is opened with url: ''

2018-07-11 10:11:17 - [TEST_STEP][PASSED] - navigateToUrl: Navigate to 'https://coa-demo-env.azurewebsites.net/da/index.html#/login' successfully

2018-07-11 10:11:29 - [MESSAGE][PASSED] - Navigate to 'https://coa-demo-env.azurewebsites.net/da/index.html#/login' successfully

2018-07-11 10:11:29 - [TEST_STEP][PASSED] - maximizeWindow: Current window maximized

2018-07-11 10:11:29 - [MESSAGE][PASSED] - Current window maximized

2018-07-11 10:11:29 - [MESSAGE][PASSED] - Call Test Case 'Test Cases/CommonTestcases/OpenBrowserandNavigateToQAURL' successfully

2018-07-11 10:11:29 - [TEST_STEP][PASSED] - waitForElementVisible: Object 'Object Repository/OMVA_Login_Page/Username_Textbox' is visible

2018-07-11 10:11:29 - [MESSAGE][PASSED] - Object 'Object Repository/OMVA_Login_Page/Username_Textbox' is visible

2018-07-11 10:11:29 - [TEST_STEP][PASSED] - sendKeys: Keys 'SuperAdmin' sent to object: 'Object Repository/OMVA_Login_Page/Username_Textbox'

2018-07-11 10:11:29 - [MESSAGE][PASSED] - Keys 'SuperAdmin' sent to object: 'Object Repository/OMVA_Login_Page/Username_Textbox'

2018-07-11 10:11:29 - [TEST_STEP][PASSED] - click: Object: 'Object Repository/OMVA_Login_Page/Next_Button' is clicked on

2018-07-11 10:11:29 - [MESSAGE][PASSED] - Object: 'Object Repository/OMVA_Login_Page/Next_Button' is clicked on

2018-07-11 10:11:29 - [TEST_STEP][PASSED] - waitForElementVisible: Object 'Object Repository/OMVA_Login_Page/Password_Textbox' is visible

2018-07-11 10:11:30 - [MESSAGE][PASSED] - Object 'Object Repository/OMVA_Login_Page/Password_Textbox' is visible

2018-07-11 10:11:30 - [TEST_STEP][PASSED] - sendKeys: Keys 'SuperAdmin' sent to object: 'Object Repository/OMVA_Login_Page/Password_Textbox'

2018-07-11 10:11:30 - [MESSAGE][PASSED] - Keys 'SuperAdmin' sent to object: 'Object Repository/OMVA_Login_Page/Password_Textbox'

2018-07-11 10:11:30 - [TEST_STEP][PASSED] - click: Object: 'Object Repository/OMVA_Login_Page/Signin_Button' is clicked on

2018-07-11 10:11:30 - [MESSAGE][PASSED] - Object: 'Object Repository/OMVA_Login_Page/Signin_Button' is clicked on

2018-07-11 10:11:30 - [TEST_STEP][PASSED] - waitForPageLoad: Wait for page load successfully

2018-07-11 10:11:30 - [MESSAGE][PASSED] - Wait for page load successfully

2018-07-11 10:11:30 - [TEST_STEP][PASSED] - delay: Delayed 5 second(s)

2018-07-11 10:11:35 - [MESSAGE][PASSED] - Delayed 5 second(s)

2018-07-11 10:11:35 - [TEST_STEP][PASSED] - waitForElementPresent: Object 'Object Repository/OMVA_Landing_Page/CreateUser_Button' is present

2018-07-11 10:11:35 - [MESSAGE][PASSED] - Object 'Object Repository/OMVA_Landing_Page/CreateUser_Button' is present

2018-07-11 10:11:35 - [TEST_STEP][PASSED] - click: Object: 'Object Repository/OMVA_Landing_Page/CreateUser_Button' is clicked on

2018-07-11 10:11:35 - [MESSAGE][PASSED] - Object: 'Object Repository/OMVA_Landing_Page/CreateUser_Button' is clicked on

2018-07-11 10:11:35 - [TEST_STEP][PASSED] - delay: Delayed 3 second(s)

2018-07-11 10:11:38 - [MESSAGE][PASSED] - Delayed 3 second(s)

2018-07-11 10:11:38 - [TEST_STEP][PASSED] - waitForElementPresent: Object 'Object Repository/OMVA_UserManagement_Page/Role_Dropdown' is present

2018-07-11 10:11:38 - [MESSAGE][PASSED] - Object 'Object Repository/OMVA_UserManagement_Page/Role_Dropdown' is present

2018-07-11 10:11:38 - [TEST_STEP][PASSED] - Statement - If (true): null

2018-07-11 10:11:38 - [TEST_STEP][PASSED] - click: Object: 'Object Repository/OMVA_UserManagement_Page/Role_Dropdown' is clicked on

2018-07-11 10:11:38 - [MESSAGE][PASSED] - Object: 'Object Repository/OMVA_UserManagement_Page/Role_Dropdown' is clicked on

2018-07-11 10:11:38 - [TEST_STEP][PASSED] - Statement - assert true: null

2018-07-11 10:11:38 - [TEST_STEP][PASSED] - scrollToElement: Scroll to object 'Object Repository/OMVA_UserManagement_Page/DropdownOption_RoleDropdown_Market Admin' successfully

2018-07-11 10:11:38 - [MESSAGE][WARNING] - Timeout '0' is invalid. Using default page load timeout: '15'

2018-07-11 10:11:38 - [MESSAGE][PASSED] - Scroll to object 'Object Repository/OMVA_UserManagement_Page/DropdownOption_RoleDropdown_Market Admin' successfully

2018-07-11 10:11:38 - [TEST_STEP][PASSED] - click: Object: 'Object Repository/OMVA_UserManagement_Page/DropdownOption_RoleDropdown_Market Admin' is clicked on

2018-07-11 10:11:38 - [MESSAGE][PASSED] - Object: 'Object Repository/OMVA_UserManagement_Page/DropdownOption_RoleDropdown_Market Admin' is clicked on

2018-07-11 10:11:38 - [TEST_STEP][PASSED] - Statement - username = CustomKeywords.commonLibrary.commonFunctions.randomStringFunction("abcdefghijklmnopqrstuvwxyz", 6): commonLibrary.commonFunctions.randomStringFunction is PASSED

2018-07-11 10:11:38 - [MESSAGE][PASSED] - commonLibrary.commonFunctions.randomStringFunction is PASSED

2018-07-11 10:11:38 - [TEST_STEP][PASSED] - Statement - uname = username.toString(): null

2018-07-11 10:11:38 - [TEST_STEP][PASSED] - sendKeys: Keys 'rwnydb' sent to object: 'Object Repository/OMVA_UserManagement_Page/UserName_Textbox'

2018-07-11 10:11:39 - [MESSAGE][PASSED] - Keys 'rwnydb' sent to object: 'Object Repository/OMVA_UserManagement_Page/UserName_Textbox'

2018-07-11 10:11:39 - [TEST_STEP][PASSED] - Statement - emailidprefix = CustomKeywords.commonLibrary.commonFunctions.randomStringFunction("abcdefghijklmnopqrstuvwxyz", 9): commonLibrary.commonFunctions.randomStringFunction is PASSED

2018-07-11 10:11:39 - [MESSAGE][PASSED] - commonLibrary.commonFunctions.randomStringFunction is PASSED

2018-07-11 10:11:39 - [TEST_STEP][PASSED] - sendKeys: Keys 'trkhgvzjc@autotestpg.com' sent to object: 'Object Repository/OMVA_UserManagement_Page/EmailID_Textbox'

2018-07-11 10:11:39 - [MESSAGE][PASSED] - Keys 'trkhgvzjc@autotestpg.com' sent to object: 'Object Repository/OMVA_UserManagement_Page/EmailID_Textbox'

2018-07-11 10:11:39 - [TEST_STEP][PASSED] - Statement - firstname = CustomKeywords.commonLibrary.commonFunctions.randomStringFunction("abcdefghijklmnopqrstuvwxyz", 7): commonLibrary.commonFunctions.randomStringFunction is PASSED

2018-07-11 10:11:39 - [MESSAGE][PASSED] - commonLibrary.commonFunctions.randomStringFunction is PASSED

2018-07-11 10:11:39 - [TEST_STEP][PASSED] - sendKeys: Keys 'nvdcdyb' sent to object: 'Object Repository/OMVA_UserManagement_Page/FirstName_Textbox'

2018-07-11 10:11:39 - [MESSAGE][PASSED] - Keys 'nvdcdyb' sent to object: 'Object Repository/OMVA_UserManagement_Page/FirstName_Textbox'

2018-07-11 10:11:39 - [TEST_STEP][PASSED] - Statement - lastname = CustomKeywords.commonLibrary.commonFunctions.randomStringFunction("abcdefghijklmnopqrstuvwxyz", 7): commonLibrary.commonFunctions.randomStringFunction is PASSED

2018-07-11 10:11:39 - [MESSAGE][PASSED] - commonLibrary.commonFunctions.randomStringFunction is PASSED

2018-07-11 10:11:39 - [TEST_STEP][PASSED] - sendKeys: Keys 'oswgvwa' sent to object: 'Object Repository/OMVA_UserManagement_Page/LastName_Textbox'

2018-07-11 10:11:39 - [MESSAGE][PASSED] - Keys 'oswgvwa' sent to object: 'Object Repository/OMVA_UserManagement_Page/LastName_Textbox'

2018-07-11 10:11:39 - [TEST_STEP][PASSED] - Statement - ticketnum = CustomKeywords.commonLibrary.commonFunctions.randomStringFunction("123456789", 7): commonLibrary.commonFunctions.randomStringFunction is PASSED

2018-07-11 10:11:39 - [MESSAGE][PASSED] - commonLibrary.commonFunctions.randomStringFunction is PASSED

2018-07-11 10:11:39 - [TEST_STEP][PASSED] - sendKeys: Keys '6662295' sent to object: 'Object Repository/OMVA_UserManagement_Page/TicketNumber_Textbox'

2018-07-11 10:11:39 - [MESSAGE][PASSED] - Keys '6662295' sent to object: 'Object Repository/OMVA_UserManagement_Page/TicketNumber_Textbox'

2018-07-11 10:11:39 - [TEST_STEP][PASSED] - click: Object: 'Object Repository/OMVA_UserManagement_Page/Next_Button' is clicked on

2018-07-11 10:11:39 - [MESSAGE][PASSED] - Object: 'Object Repository/OMVA_UserManagement_Page/Next_Button' is clicked on

2018-07-11 10:11:39 - [TEST_STEP][PASSED] - applicationLibrary.checkboxMultiselection.multiselectCheckbox: applicationLibrary.checkboxMultiselection.multiselectCheckbox is PASSED

2018-07-11 10:11:42 - [MESSAGE][PASSED] - applicationLibrary.checkboxMultiselection.multiselectCheckbox is PASSED

2018-07-11 10:11:42 - [TEST_STEP][PASSED] - scrollToElement: Scroll to object 'Object Repository/OMVA_UserManagement_Page/Customer_Next_Btn' successfully

2018-07-11 10:11:42 - [MESSAGE][PASSED] - Scroll to object 'Object Repository/OMVA_UserManagement_Page/Customer_Next_Btn' successfully

2018-07-11 10:11:42 - [TEST_STEP][PASSED] - click: Object: 'Object Repository/OMVA_UserManagement_Page/Customer_Next_Btn' is clicked on

2018-07-11 10:11:42 - [MESSAGE][PASSED] - Object: 'Object Repository/OMVA_UserManagement_Page/Customer_Next_Btn' is clicked on

2018-07-11 10:11:42 - [TEST_STEP][PASSED] - applicationLibrary.checkboxMultiselection.multiselectCheckbox: applicationLibrary.checkboxMultiselection.multiselectCheckbox is PASSED

2018-07-11 10:11:44 - [MESSAGE][PASSED] - applicationLibrary.checkboxMultiselection.multiselectCheckbox is PASSED

2018-07-11 10:11:44 - [TEST_STEP][PASSED] - click: Object: 'Object Repository/OMVA_UserManagement_Page/UserCreation_Save_Btn' is clicked on

2018-07-11 10:11:44 - [MESSAGE][PASSED] - Object: 'Object Repository/OMVA_UserManagement_Page/UserCreation_Save_Btn' is clicked on

2018-07-11 10:11:44 - [TEST_STEP][PASSED] - waitForElementPresent: Object 'Object Repository/OMVA_UserManagement_Page/UserCreation_HeaderTxt' is present

2018-07-11 10:11:45 - [MESSAGE][PASSED] - Object 'Object Repository/OMVA_UserManagement_Page/UserCreation_HeaderTxt' is present

2018-07-11 10:11:45 - [TEST_STEP][PASSED] - verifyElementText: Actual text and expected text of test object 'Object Repository/OMVA_UserManagement_Page/UserCreation_HeaderTxt' are matched.

2018-07-11 10:11:45 - [MESSAGE][PASSED] - Actual text and expected text of test object 'Object Repository/OMVA_UserManagement_Page/UserCreation_HeaderTxt' are matched.

2018-07-11 10:11:45 - [TEST_STEP][PASSED] - verifyElementText: Actual text and expected text of test object 'Object Repository/OMVA_UserManagement_Page/UserCreation_ContentTxt' are matched.

2018-07-11 10:11:45 - [MESSAGE][PASSED] - Actual text and expected text of test object 'Object Repository/OMVA_UserManagement_Page/UserCreation_ContentTxt' are matched.

2018-07-11 10:11:45 - [TEST_STEP][PASSED] - click: Object: 'Object Repository/OMVA_UserManagement_Page/UserCreation_OK_Btn' is clicked on

2018-07-11 10:11:45 - [MESSAGE][PASSED] - Object: 'Object Repository/OMVA_UserManagement_Page/UserCreation_OK_Btn' is clicked on

2018-07-11 10:11:45 - [TEST_STEP][PASSED] - delay: Delayed 5 second(s)

2018-07-11 10:11:50 - [MESSAGE][PASSED] - Delayed 5 second(s)

2018-07-11 10:11:50 - [TEST_STEP][NOT_RUN] - waitForElementPresent: NOT_RUN: waitForElementPresent

2018-07-11 10:11:50 - [MESSAGE][NOT_RUN] - NOT_RUN: waitForElementPresent

2018-07-11 10:11:50 - [TEST_STEP][NOT_RUN] - Statement - createduser = com.kms.katalon.core.webui.keyword.WebUiBuiltInKeywords.getText(com.kms.katalon.core.testobject.ObjectRepository.findTestObject(OMVA_UserManagement_Page/Created_User_Username)): NOT_RUN: Statement - createduser = com.kms.katalon.core.webui.keyword.WebUiBuiltInKeywords.getText(com.kms.katalon.core.testobject.ObjectRepository.findTestObject(OMVA_UserManagement_Page/Created_User_Username))

2018-07-11 10:11:50 - [MESSAGE][NOT_RUN] - NOT_RUN: Statement - createduser = com.kms.katalon.core.webui.keyword.WebUiBuiltInKeywords.getText(com.kms.katalon.core.testobject.ObjectRepository.findTestObject(OMVA_UserManagement_Page/Created_User_Username))

2018-07-11 10:11:50 - [TEST_STEP][PASSED] - waitForElementVisible: Object 'Object Repository/OMVA_UserManagement_Page/Search_button' is visible

2018-07-11 10:11:50 - [MESSAGE][PASSED] - Object 'Object Repository/OMVA_UserManagement_Page/Search_button' is visible

2018-07-11 10:11:50 - [TEST_STEP][PASSED] - click: Object: 'Object Repository/OMVA_UserManagement_Page/Search_button' is clicked on

2018-07-11 10:11:50 - [MESSAGE][PASSED] - Object: 'Object Repository/OMVA_UserManagement_Page/Search_button' is clicked on

2018-07-11 10:11:50 - [TEST_STEP][PASSED] - waitForElementVisible: Object 'Object Repository/OMVA_UserManagement_Page/Enter_Text_Search' is visible

2018-07-11 10:11:50 - [MESSAGE][PASSED] - Object 'Object Repository/OMVA_UserManagement_Page/Enter_Text_Search' is visible

2018-07-11 10:11:50 - [TEST_STEP][PASSED] - sendKeys: Keys 'rwnydb' sent to object: 'Object Repository/OMVA_UserManagement_Page/Enter_Text_Search'

2018-07-11 10:11:51 - [MESSAGE][PASSED] - Keys 'rwnydb' sent to object: 'Object Repository/OMVA_UserManagement_Page/Enter_Text_Search'

2018-07-11 10:11:51 - [TEST_STEP][PASSED] - waitForElementVisible: Object 'Object Repository/OMVA_Landing_Page/Uname_Grid' is visible

2018-07-11 10:11:51 - [MESSAGE][PASSED] - Object 'Object Repository/OMVA_Landing_Page/Uname_Grid' is visible

2018-07-11 10:11:51 - [TEST_STEP][PASSED] - Statement - userName = com.kms.katalon.core.webui.keyword.WebUiBuiltInKeywords.getText(com.kms.katalon.core.testobject.ObjectRepository.findTestObject(OMVA_Landing_Page/Uname_Grid)): Text of object 'Object Repository/OMVA_Landing_Page/Uname_Grid' is: 'rwnydb'

2018-07-11 10:11:51 - [MESSAGE][PASSED] - Text of object 'Object Repository/OMVA_Landing_Page/Uname_Grid' is: 'rwnydb'

2018-07-11 10:11:51 - [TEST_STEP][PASSED] - verifyMatch: Actual text 'rwnydb' and expected text 'rwnydb' are matched 

2018-07-11 10:11:51 - [MESSAGE][PASSED] - Actual text 'rwnydb' and expected text 'rwnydb' are matched 

2018-07-11 10:11:51 - [TEST_STEP][PASSED] - dataBaseConnection.dataBase.connectDB: dataBaseConnection.dataBase.connectDB is PASSED

2018-07-11 10:11:55 - [MESSAGE][PASSED] - dataBaseConnection.dataBase.connectDB is PASSED

2018-07-11 10:11:55 - [TEST_STEP][PASSED] - dataBaseConnection.dataBase.executeQuery: dataBaseConnection.dataBase.executeQuery is PASSED

2018-07-11 10:11:55 - [MESSAGE][PASSED] - dataBaseConnection.dataBase.executeQuery is PASSED

2018-07-11 10:11:55 - [TEST_STEP][PASSED] - dataBaseConnection.dataBase.closeDatabaseConnection: dataBaseConnection.dataBase.closeDatabaseConnection is PASSED

2018-07-11 10:11:55 - [MESSAGE][PASSED] - dataBaseConnection.dataBase.closeDatabaseConnection is PASSED

2018-07-11 10:11:55 - [TEST_STEP][PASSED] - callTestCase: Call Test Case 'Test Cases/CommonTestcases/Logout_Closebrowser' successfully

2018-07-11 10:11:55 - [TEST_CASE][PASSED] - Test Cases/CommonTestcases/Logout_Closebrowser: Test Cases/CommonTestcases/Logout_Closebrowser

2018-07-11 10:11:55 - [TEST_STEP][PASSED] - waitForElementPresent: Object 'Object Repository/OMVA_Landing_Page/User_icon' is present

2018-07-11 10:11:55 - [MESSAGE][PASSED] - Object 'Object Repository/OMVA_Landing_Page/User_icon' is present

2018-07-11 10:11:55 - [TEST_STEP][PASSED] - click: Object: 'Object Repository/OMVA_Landing_Page/User_icon' is clicked on

2018-07-11 10:11:55 - [MESSAGE][PASSED] - Object: 'Object Repository/OMVA_Landing_Page/User_icon' is clicked on

2018-07-11 10:11:55 - [TEST_STEP][PASSED] - waitForElementPresent: Object 'Object Repository/OMVA_Landing_Page/Logout_link' is present

2018-07-11 10:11:55 - [MESSAGE][PASSED] - Object 'Object Repository/OMVA_Landing_Page/Logout_link' is present

2018-07-11 10:11:55 - [TEST_STEP][PASSED] - click: Object: 'Object Repository/OMVA_Landing_Page/Logout_link' is clicked on

2018-07-11 10:11:55 - [MESSAGE][PASSED] - Object: 'Object Repository/OMVA_Landing_Page/Logout_link' is clicked on

2018-07-11 10:11:55 - [TEST_STEP][PASSED] - waitForElementNotPresent: Web element with id: 'Object Repository/OMVA_Landing_Page/User_icon' located by 'By.xpath: //img[@id='dropdown']' is not present after '15' second(s)

2018-07-11 10:11:55 - [MESSAGE][WARNING] - Timeout '0' is invalid. Using default page load timeout: '15'

2018-07-11 10:11:56 - [MESSAGE][PASSED] - Web element with id: 'Object Repository/OMVA_Landing_Page/User_icon' located by 'By.xpath: //img[@id='dropdown']' is not present after '15' second(s)

2018-07-11 10:11:56 - [TEST_STEP][PASSED] - closeBrowser: Browser is closed

2018-07-11 10:11:56 - [MESSAGE][PASSED] - Browser is closed

2018-07-11 10:11:56 - [MESSAGE][PASSED] - Call Test Case 'Test Cases/CommonTestcases/Logout_Closebrowser' successfully]]></system-out>
         <system-err><![CDATA[]]></system-err>
      </testcase>
      <testcase name="Test Cases/UserManagementTestCases/UserActions/Validate_Search_EmailID" classname="Test Cases/UserManagementTestCases/UserActions/Validate_Search_EmailID" status="FAILED">
         <failure type="FAILED" message="Unable to get text of object 'Object Repository/OMVA_UserManagement_Page/Email_Verify' (Root cause: com.kms.katalon.core.webui.exception.WebElementNotFoundException: Web element with id: 'Object Repository/OMVA_UserManagement_Page/Email_Verify' located by 'By.xpath: (//tr[@_ngcontent-c5=''])[5]' not found)"/>
         <system-out><![CDATA[2018-07-11 10:11:57 - [TEST_CASE][FAILED] - Test Cases/UserManagementTestCases/UserActions/Validate_Search_EmailID: Test Cases/UserManagementTestCases/UserActions/Validate_Search_EmailID FAILED because (of) Unable to get text of object 'Object Repository/OMVA_UserManagement_Page/Email_Verify' (Root cause: com.kms.katalon.core.webui.exception.WebElementNotFoundException: Web element with id: 'Object Repository/OMVA_UserManagement_Page/Email_Verify' located by 'By.xpath: (//tr[@_ngcontent-c5=''])[5]' not found)

2018-07-11 10:11:57 - [TEST_STEP][PASSED] - callTestCase: Call Test Case 'Test Cases/CommonTestcases/OpenBrowserandNavigateToQAURL' successfully

2018-07-11 10:11:57 - [TEST_CASE][PASSED] - Test Cases/CommonTestcases/OpenBrowserandNavigateToQAURL: Test Cases/CommonTestcases/OpenBrowserandNavigateToQAURL

2018-07-11 10:11:57 - [TEST_STEP][PASSED] - openBrowser: Browser is opened with url: ''

2018-07-11 10:12:01 - [MESSAGE][PASSED] - Browser is opened with url: ''

2018-07-11 10:12:01 - [TEST_STEP][PASSED] - navigateToUrl: Navigate to 'https://coa-demo-env.azurewebsites.net/da/index.html#/login' successfully

2018-07-11 10:12:13 - [MESSAGE][PASSED] - Navigate to 'https://coa-demo-env.azurewebsites.net/da/index.html#/login' successfully

2018-07-11 10:12:13 - [TEST_STEP][PASSED] - maximizeWindow: Current window maximized

2018-07-11 10:12:13 - [MESSAGE][PASSED] - Current window maximized

2018-07-11 10:12:13 - [MESSAGE][PASSED] - Call Test Case 'Test Cases/CommonTestcases/OpenBrowserandNavigateToQAURL' successfully

2018-07-11 10:12:13 - [TEST_STEP][PASSED] - waitForElementVisible: Object 'Object Repository/OMVA_Login_Page/Username_Textbox' is visible

2018-07-11 10:12:13 - [MESSAGE][PASSED] - Object 'Object Repository/OMVA_Login_Page/Username_Textbox' is visible

2018-07-11 10:12:13 - [TEST_STEP][PASSED] - sendKeys: Keys 'SuperAdmin' sent to object: 'Object Repository/OMVA_Login_Page/Username_Textbox'

2018-07-11 10:12:13 - [MESSAGE][PASSED] - Keys 'SuperAdmin' sent to object: 'Object Repository/OMVA_Login_Page/Username_Textbox'

2018-07-11 10:12:13 - [TEST_STEP][PASSED] - click: Object: 'Object Repository/OMVA_Login_Page/Next_Button' is clicked on

2018-07-11 10:12:13 - [MESSAGE][PASSED] - Object: 'Object Repository/OMVA_Login_Page/Next_Button' is clicked on

2018-07-11 10:12:13 - [TEST_STEP][PASSED] - waitForElementVisible: Object 'Object Repository/OMVA_Login_Page/Password_Textbox' is visible

2018-07-11 10:12:14 - [MESSAGE][PASSED] - Object 'Object Repository/OMVA_Login_Page/Password_Textbox' is visible

2018-07-11 10:12:14 - [TEST_STEP][PASSED] - sendKeys: Keys 'SuperAdmin' sent to object: 'Object Repository/OMVA_Login_Page/Password_Textbox'

2018-07-11 10:12:14 - [MESSAGE][PASSED] - Keys 'SuperAdmin' sent to object: 'Object Repository/OMVA_Login_Page/Password_Textbox'

2018-07-11 10:12:14 - [TEST_STEP][PASSED] - click: Object: 'Object Repository/OMVA_Login_Page/Signin_Button' is clicked on

2018-07-11 10:12:14 - [MESSAGE][PASSED] - Object: 'Object Repository/OMVA_Login_Page/Signin_Button' is clicked on

2018-07-11 10:12:14 - [TEST_STEP][PASSED] - waitForPageLoad: Wait for page load successfully

2018-07-11 10:12:14 - [MESSAGE][PASSED] - Wait for page load successfully

2018-07-11 10:12:14 - [TEST_STEP][PASSED] - delay: Delayed 5 second(s)

2018-07-11 10:12:19 - [MESSAGE][PASSED] - Delayed 5 second(s)

2018-07-11 10:12:19 - [TEST_STEP][PASSED] - click: Object: 'Object Repository/OMVA_UserManagement_Page/Search_button' is clicked on

2018-07-11 10:12:19 - [MESSAGE][PASSED] - Object: 'Object Repository/OMVA_UserManagement_Page/Search_button' is clicked on

2018-07-11 10:12:19 - [TEST_STEP][PASSED] - waitForElementVisible: Object 'Object Repository/OMVA_UserManagement_Page/Search_button' is not visible after 5 second(s)

2018-07-11 10:12:24 - [MESSAGE][WARNING] - Object 'Object Repository/OMVA_UserManagement_Page/Search_button' is not visible after 5 second(s)

2018-07-11 10:12:24 - [TEST_STEP][PASSED] - sendKeys: Keys 'phanindra.gadde@genpact.com' sent to object: 'Object Repository/OMVA_UserManagement_Page/Enter_Text_Search'

2018-07-11 10:12:25 - [MESSAGE][PASSED] - Keys 'phanindra.gadde@genpact.com' sent to object: 'Object Repository/OMVA_UserManagement_Page/Enter_Text_Search'

2018-07-11 10:12:25 - [TEST_STEP][FAILED] - Statement - Email = com.kms.katalon.core.webui.keyword.WebUiBuiltInKeywords.getText(com.kms.katalon.core.testobject.ObjectRepository.findTestObject(OMVA_UserManagement_Page/Email_Verify)): Unable to get text of object 'Object Repository/OMVA_UserManagement_Page/Email_Verify' (Root cause: com.kms.katalon.core.webui.exception.WebElementNotFoundException: Web element with id: 'Object Repository/OMVA_UserManagement_Page/Email_Verify' located by 'By.xpath: (//tr[@_ngcontent-c5=''])[5]' not found)

2018-07-11 10:12:41 - [MESSAGE][FAILED] - Unable to get text of object 'Object Repository/OMVA_UserManagement_Page/Email_Verify' (Root cause: com.kms.katalon.core.webui.exception.WebElementNotFoundException: Web element with id: 'Object Repository/OMVA_UserManagement_Page/Email_Verify' located by 'By.xpath: (//tr[@_ngcontent-c5=''])[5]' not found)
[[ATTACHMENT|D:\\Automation_P&G\\Automation-P&G-Code-Base\\OMVA\\Reports\\UserManagementTestSuite\\20180711_100421\\1531284160840.png]]]]></system-out>
         <system-err><![CDATA[2018-07-11 10:11:57 - [TEST_CASE][FAILED] - Test Cases/UserManagementTestCases/UserActions/Validate_Search_EmailID: Test Cases/UserManagementTestCases/UserActions/Validate_Search_EmailID FAILED because (of) Unable to get text of object 'Object Repository/OMVA_UserManagement_Page/Email_Verify' (Root cause: com.kms.katalon.core.webui.exception.WebElementNotFoundException: Web element with id: 'Object Repository/OMVA_UserManagement_Page/Email_Verify' located by 'By.xpath: (//tr[@_ngcontent-c5=''])[5]' not found)]]></system-err>
      </testcase>
      <testcase name="Test Cases/UserManagementTestCases/UserActions/Validate_RoleBasedOnFilter" classname="Test Cases/UserManagementTestCases/UserActions/Validate_RoleBasedOnFilter" status="PASSED">
         <system-out><![CDATA[2018-07-11 10:12:41 - [TEST_CASE][PASSED] - Test Cases/UserManagementTestCases/UserActions/Validate_RoleBasedOnFilter: Test Cases/UserManagementTestCases/UserActions/Validate_RoleBasedOnFilter

2018-07-11 10:12:41 - [TEST_STEP][PASSED] - callTestCase: Call Test Case 'Test Cases/CommonTestcases/OpenBrowserandNavigateToQAURL' successfully

2018-07-11 10:12:41 - [TEST_CASE][PASSED] - Test Cases/CommonTestcases/OpenBrowserandNavigateToQAURL: Test Cases/CommonTestcases/OpenBrowserandNavigateToQAURL

2018-07-11 10:12:41 - [TEST_STEP][PASSED] - openBrowser: Browser is opened with url: ''

2018-07-11 10:12:41 - [MESSAGE][WARNING] - A browser is already opened. Closing browser and opening a new one

2018-07-11 10:12:46 - [MESSAGE][PASSED] - Browser is opened with url: ''

2018-07-11 10:12:46 - [TEST_STEP][PASSED] - navigateToUrl: Navigate to 'https://coa-demo-env.azurewebsites.net/da/index.html#/login' successfully

2018-07-11 10:12:57 - [MESSAGE][PASSED] - Navigate to 'https://coa-demo-env.azurewebsites.net/da/index.html#/login' successfully

2018-07-11 10:12:57 - [TEST_STEP][PASSED] - maximizeWindow: Current window maximized

2018-07-11 10:12:57 - [MESSAGE][PASSED] - Current window maximized

2018-07-11 10:12:57 - [MESSAGE][PASSED] - Call Test Case 'Test Cases/CommonTestcases/OpenBrowserandNavigateToQAURL' successfully

2018-07-11 10:12:57 - [TEST_STEP][PASSED] - waitForElementPresent: Object 'Object Repository/OMVA_Login_Page/Username_Textbox' is present

2018-07-11 10:12:57 - [MESSAGE][PASSED] - Object 'Object Repository/OMVA_Login_Page/Username_Textbox' is present

2018-07-11 10:12:57 - [TEST_STEP][PASSED] - sendKeys: Keys 'SuperAdmin' sent to object: 'Object Repository/OMVA_Login_Page/Username_Textbox'

2018-07-11 10:12:57 - [MESSAGE][PASSED] - Keys 'SuperAdmin' sent to object: 'Object Repository/OMVA_Login_Page/Username_Textbox'

2018-07-11 10:12:57 - [TEST_STEP][PASSED] - click: Object: 'Object Repository/OMVA_Login_Page/Next_Button' is clicked on

2018-07-11 10:12:57 - [MESSAGE][PASSED] - Object: 'Object Repository/OMVA_Login_Page/Next_Button' is clicked on

2018-07-11 10:12:57 - [TEST_STEP][PASSED] - waitForElementVisible: Object 'Object Repository/OMVA_Login_Page/Password_Textbox' is visible

2018-07-11 10:12:58 - [MESSAGE][PASSED] - Object 'Object Repository/OMVA_Login_Page/Password_Textbox' is visible

2018-07-11 10:12:58 - [TEST_STEP][PASSED] - sendKeys: Keys 'SuperAdmin' sent to object: 'Object Repository/OMVA_Login_Page/Password_Textbox'

2018-07-11 10:12:58 - [MESSAGE][PASSED] - Keys 'SuperAdmin' sent to object: 'Object Repository/OMVA_Login_Page/Password_Textbox'

2018-07-11 10:12:58 - [TEST_STEP][PASSED] - click: Object: 'Object Repository/OMVA_Login_Page/Signin_Button' is clicked on

2018-07-11 10:12:58 - [MESSAGE][PASSED] - Object: 'Object Repository/OMVA_Login_Page/Signin_Button' is clicked on

2018-07-11 10:12:58 - [TEST_STEP][PASSED] - waitForAngularLoad: This page doesn't use Angular.

2018-07-11 10:12:58 - [MESSAGE][WARNING] - This page doesn't use Angular.

2018-07-11 10:12:58 - [TEST_STEP][PASSED] - delay: Delayed 4 second(s)

2018-07-11 10:13:02 - [MESSAGE][PASSED] - Delayed 4 second(s)

2018-07-11 10:13:02 - [TEST_STEP][PASSED] - waitForElementVisible: Object 'Object Repository/OMVA_Landing_Page/Filter_Icon' is visible

2018-07-11 10:13:02 - [MESSAGE][PASSED] - Object 'Object Repository/OMVA_Landing_Page/Filter_Icon' is visible

2018-07-11 10:13:02 - [TEST_STEP][PASSED] - Statement - assert true: null

2018-07-11 10:13:02 - [TEST_STEP][PASSED] - click: Object: 'Object Repository/OMVA_Landing_Page/Filter_Icon' is clicked on

2018-07-11 10:13:02 - [MESSAGE][PASSED] - Object: 'Object Repository/OMVA_Landing_Page/Filter_Icon' is clicked on

2018-07-11 10:13:02 - [TEST_STEP][PASSED] - waitForElementVisible: Object 'Object Repository/OMVA_AdvancedFilter_Page/chkbox_MarketAdminAdvancedFilter' is visible

2018-07-11 10:13:03 - [MESSAGE][PASSED] - Object 'Object Repository/OMVA_AdvancedFilter_Page/chkbox_MarketAdminAdvancedFilter' is visible

2018-07-11 10:13:03 - [TEST_STEP][PASSED] - click: Object: 'Object Repository/OMVA_AdvancedFilter_Page/chkbox_MarketAdminAdvancedFilter' is clicked on

2018-07-11 10:13:03 - [MESSAGE][PASSED] - Object: 'Object Repository/OMVA_AdvancedFilter_Page/chkbox_MarketAdminAdvancedFilter' is clicked on

2018-07-11 10:13:03 - [TEST_STEP][PASSED] - waitForElementVisible: Object 'Object Repository/OMVA_AdvancedFilter_Page/ApplyButton' is visible

2018-07-11 10:13:03 - [MESSAGE][PASSED] - Object 'Object Repository/OMVA_AdvancedFilter_Page/ApplyButton' is visible

2018-07-11 10:13:03 - [TEST_STEP][PASSED] - click: Object: 'Object Repository/OMVA_AdvancedFilter_Page/ApplyButton' is clicked on

2018-07-11 10:13:03 - [MESSAGE][PASSED] - Object: 'Object Repository/OMVA_AdvancedFilter_Page/ApplyButton' is clicked on

2018-07-11 10:13:03 - [TEST_STEP][PASSED] - waitForElementVisible: Object 'Object Repository/OMVA_Landing_Page/MarketAdmin_Role' is visible

2018-07-11 10:13:03 - [MESSAGE][PASSED] - Object 'Object Repository/OMVA_Landing_Page/MarketAdmin_Role' is visible

2018-07-11 10:13:03 - [TEST_STEP][PASSED] - Statement - marketAdmin = com.kms.katalon.core.webui.keyword.WebUiBuiltInKeywords.getText(com.kms.katalon.core.testobject.ObjectRepository.findTestObject(OMVA_Landing_Page/MarketAdmin_Role)): Text of object 'Object Repository/OMVA_Landing_Page/MarketAdmin_Role' is: 'Market Admin'

2018-07-11 10:13:04 - [MESSAGE][PASSED] - Text of object 'Object Repository/OMVA_Landing_Page/MarketAdmin_Role' is: 'Market Admin'

2018-07-11 10:13:04 - [TEST_STEP][PASSED] - verifyMatch: Actual text 'Market Admin' and expected text 'Market Admin' are matched 

2018-07-11 10:13:04 - [MESSAGE][PASSED] - Actual text 'Market Admin' and expected text 'Market Admin' are matched 

2018-07-11 10:13:04 - [TEST_STEP][PASSED] - closeBrowser: Browser is closed

2018-07-11 10:13:04 - [MESSAGE][PASSED] - Browser is closed]]></system-out>
         <system-err><![CDATA[]]></system-err>
      </testcase>
      <testcase name="Test Cases/UserManagementTestCases/UserActions/VerifyErrorMessageDialogBox" classname="Test Cases/UserManagementTestCases/UserActions/VerifyErrorMessageDialogBox" status="PASSED">
         <system-out><![CDATA[2018-07-11 10:13:04 - [TEST_CASE][PASSED] - Test Cases/UserManagementTestCases/UserActions/VerifyErrorMessageDialogBox: Test Cases/UserManagementTestCases/UserActions/VerifyErrorMessageDialogBox

2018-07-11 10:13:04 - [TEST_STEP][PASSED] - callTestCase: Call Test Case 'Test Cases/CommonTestcases/OpenBrowserandNavigateToQAURL' successfully

2018-07-11 10:13:04 - [TEST_CASE][PASSED] - Test Cases/CommonTestcases/OpenBrowserandNavigateToQAURL: Test Cases/CommonTestcases/OpenBrowserandNavigateToQAURL

2018-07-11 10:13:04 - [TEST_STEP][PASSED] - openBrowser: Browser is opened with url: ''

2018-07-11 10:13:08 - [MESSAGE][PASSED] - Browser is opened with url: ''

2018-07-11 10:13:08 - [TEST_STEP][PASSED] - navigateToUrl: Navigate to 'https://coa-demo-env.azurewebsites.net/da/index.html#/login' successfully

2018-07-11 10:13:17 - [MESSAGE][PASSED] - Navigate to 'https://coa-demo-env.azurewebsites.net/da/index.html#/login' successfully

2018-07-11 10:13:17 - [TEST_STEP][PASSED] - maximizeWindow: Current window maximized

2018-07-11 10:13:17 - [MESSAGE][PASSED] - Current window maximized

2018-07-11 10:13:17 - [MESSAGE][PASSED] - Call Test Case 'Test Cases/CommonTestcases/OpenBrowserandNavigateToQAURL' successfully

2018-07-11 10:13:17 - [TEST_STEP][PASSED] - waitForElementVisible: Object 'Object Repository/OMVA_Login_Page/Username_Textbox' is visible

2018-07-11 10:13:18 - [MESSAGE][PASSED] - Object 'Object Repository/OMVA_Login_Page/Username_Textbox' is visible

2018-07-11 10:13:18 - [TEST_STEP][PASSED] - sendKeys: Keys 'SuperAdmin' sent to object: 'Object Repository/OMVA_Login_Page/Username_Textbox'

2018-07-11 10:13:18 - [MESSAGE][PASSED] - Keys 'SuperAdmin' sent to object: 'Object Repository/OMVA_Login_Page/Username_Textbox'

2018-07-11 10:13:18 - [TEST_STEP][PASSED] - click: Object: 'Object Repository/OMVA_Login_Page/Next_Button' is clicked on

2018-07-11 10:13:18 - [MESSAGE][PASSED] - Object: 'Object Repository/OMVA_Login_Page/Next_Button' is clicked on

2018-07-11 10:13:18 - [TEST_STEP][PASSED] - waitForElementVisible: Object 'Object Repository/OMVA_Login_Page/Password_Textbox' is visible

2018-07-11 10:13:18 - [MESSAGE][PASSED] - Object 'Object Repository/OMVA_Login_Page/Password_Textbox' is visible

2018-07-11 10:13:18 - [TEST_STEP][PASSED] - sendKeys: Keys 'SuperAdmin' sent to object: 'Object Repository/OMVA_Login_Page/Password_Textbox'

2018-07-11 10:13:19 - [MESSAGE][PASSED] - Keys 'SuperAdmin' sent to object: 'Object Repository/OMVA_Login_Page/Password_Textbox'

2018-07-11 10:13:19 - [TEST_STEP][PASSED] - click: Object: 'Object Repository/OMVA_Login_Page/Signin_Button' is clicked on

2018-07-11 10:13:19 - [MESSAGE][PASSED] - Object: 'Object Repository/OMVA_Login_Page/Signin_Button' is clicked on

2018-07-11 10:13:19 - [TEST_STEP][PASSED] - waitForPageLoad: Wait for page load successfully

2018-07-11 10:13:19 - [MESSAGE][PASSED] - Wait for page load successfully

2018-07-11 10:13:19 - [TEST_STEP][PASSED] - delay: Delayed 5 second(s)

2018-07-11 10:13:24 - [MESSAGE][PASSED] - Delayed 5 second(s)

2018-07-11 10:13:24 - [TEST_STEP][PASSED] - waitForElementPresent: Object 'Object Repository/OMVA_Landing_Page/CreateUser_Button' is present

2018-07-11 10:13:24 - [MESSAGE][PASSED] - Object 'Object Repository/OMVA_Landing_Page/CreateUser_Button' is present

2018-07-11 10:13:24 - [TEST_STEP][PASSED] - click: Object: 'Object Repository/OMVA_Landing_Page/CreateUser_Button' is clicked on

2018-07-11 10:13:24 - [MESSAGE][PASSED] - Object: 'Object Repository/OMVA_Landing_Page/CreateUser_Button' is clicked on

2018-07-11 10:13:24 - [TEST_STEP][PASSED] - delay: Delayed 3 second(s)

2018-07-11 10:13:27 - [MESSAGE][PASSED] - Delayed 3 second(s)

2018-07-11 10:13:27 - [TEST_STEP][PASSED] - waitForElementPresent: Object 'Object Repository/OMVA_UserManagement_Page/Role_Dropdown' is present

2018-07-11 10:13:27 - [MESSAGE][PASSED] - Object 'Object Repository/OMVA_UserManagement_Page/Role_Dropdown' is present

2018-07-11 10:13:27 - [TEST_STEP][PASSED] - click: Object: 'Object Repository/OMVA_UserManagement_Page/Role_Dropdown' is clicked on

2018-07-11 10:13:27 - [MESSAGE][PASSED] - Object: 'Object Repository/OMVA_UserManagement_Page/Role_Dropdown' is clicked on

2018-07-11 10:13:27 - [TEST_STEP][PASSED] - Statement - assert true: null

2018-07-11 10:13:27 - [TEST_STEP][PASSED] - scrollToElement: Scroll to object 'Object Repository/OMVA_UserManagement_Page/DropdownOption_RoleDropdown_Market Admin' successfully

2018-07-11 10:13:27 - [MESSAGE][WARNING] - Timeout '0' is invalid. Using default page load timeout: '15'

2018-07-11 10:13:27 - [MESSAGE][PASSED] - Scroll to object 'Object Repository/OMVA_UserManagement_Page/DropdownOption_RoleDropdown_Market Admin' successfully

2018-07-11 10:13:27 - [TEST_STEP][PASSED] - click: Object: 'Object Repository/OMVA_UserManagement_Page/DropdownOption_RoleDropdown_Market Admin' is clicked on

2018-07-11 10:13:27 - [MESSAGE][PASSED] - Object: 'Object Repository/OMVA_UserManagement_Page/DropdownOption_RoleDropdown_Market Admin' is clicked on

2018-07-11 10:13:27 - [TEST_STEP][PASSED] - Statement - username = CustomKeywords.commonLibrary.commonFunctions.randomStringFunction("abcdefghijklmnopqrstuvwxyz", 6): commonLibrary.commonFunctions.randomStringFunction is PASSED

2018-07-11 10:13:27 - [MESSAGE][PASSED] - commonLibrary.commonFunctions.randomStringFunction is PASSED

2018-07-11 10:13:27 - [TEST_STEP][PASSED] - Statement - uname = username.toString(): null

2018-07-11 10:13:27 - [TEST_STEP][PASSED] - sendKeys: Keys 'kuuttt' sent to object: 'Object Repository/OMVA_UserManagement_Page/UserName_Textbox'

2018-07-11 10:13:27 - [MESSAGE][PASSED] - Keys 'kuuttt' sent to object: 'Object Repository/OMVA_UserManagement_Page/UserName_Textbox'

2018-07-11 10:13:27 - [TEST_STEP][PASSED] - Statement - emailidprefix = CustomKeywords.commonLibrary.commonFunctions.randomStringFunction("abcdefghijklmnopqrstuvwxyz", 9): commonLibrary.commonFunctions.randomStringFunction is PASSED

2018-07-11 10:13:27 - [MESSAGE][PASSED] - commonLibrary.commonFunctions.randomStringFunction is PASSED

2018-07-11 10:13:27 - [TEST_STEP][PASSED] - sendKeys: Keys 'txcqysomw@autotestpg.com' sent to object: 'Object Repository/OMVA_UserManagement_Page/EmailID_Textbox'

2018-07-11 10:13:28 - [MESSAGE][PASSED] - Keys 'txcqysomw@autotestpg.com' sent to object: 'Object Repository/OMVA_UserManagement_Page/EmailID_Textbox'

2018-07-11 10:13:28 - [TEST_STEP][PASSED] - Statement - firstname = CustomKeywords.commonLibrary.commonFunctions.randomStringFunction("abcdefghijklmnopqrstuvwxyz", 7): commonLibrary.commonFunctions.randomStringFunction is PASSED

2018-07-11 10:13:28 - [MESSAGE][PASSED] - commonLibrary.commonFunctions.randomStringFunction is PASSED

2018-07-11 10:13:28 - [TEST_STEP][PASSED] - sendKeys: Keys 'tyvwjjp' sent to object: 'Object Repository/OMVA_UserManagement_Page/FirstName_Textbox'

2018-07-11 10:13:28 - [MESSAGE][PASSED] - Keys 'tyvwjjp' sent to object: 'Object Repository/OMVA_UserManagement_Page/FirstName_Textbox'

2018-07-11 10:13:28 - [TEST_STEP][PASSED] - Statement - lastname = CustomKeywords.commonLibrary.commonFunctions.randomStringFunction("abcdefghijklmnopqrstuvwxyz", 7): commonLibrary.commonFunctions.randomStringFunction is PASSED

2018-07-11 10:13:28 - [MESSAGE][PASSED] - commonLibrary.commonFunctions.randomStringFunction is PASSED

2018-07-11 10:13:28 - [TEST_STEP][PASSED] - sendKeys: Keys 'gskuwjh' sent to object: 'Object Repository/OMVA_UserManagement_Page/LastName_Textbox'

2018-07-11 10:13:28 - [MESSAGE][PASSED] - Keys 'gskuwjh' sent to object: 'Object Repository/OMVA_UserManagement_Page/LastName_Textbox'

2018-07-11 10:13:28 - [TEST_STEP][PASSED] - Statement - ticketnum = CustomKeywords.commonLibrary.commonFunctions.randomStringFunction("123456789", 7): commonLibrary.commonFunctions.randomStringFunction is PASSED

2018-07-11 10:13:28 - [MESSAGE][PASSED] - commonLibrary.commonFunctions.randomStringFunction is PASSED

2018-07-11 10:13:28 - [TEST_STEP][PASSED] - sendKeys: Keys '5326911' sent to object: 'Object Repository/OMVA_UserManagement_Page/TicketNumber_Textbox'

2018-07-11 10:13:28 - [MESSAGE][PASSED] - Keys '5326911' sent to object: 'Object Repository/OMVA_UserManagement_Page/TicketNumber_Textbox'

2018-07-11 10:13:28 - [TEST_STEP][PASSED] - click: Object: 'Object Repository/OMVA_UserManagement_Page/Next_Button' is clicked on

2018-07-11 10:13:28 - [MESSAGE][PASSED] - Object: 'Object Repository/OMVA_UserManagement_Page/Next_Button' is clicked on

2018-07-11 10:13:28 - [TEST_STEP][PASSED] - applicationLibrary.checkboxMultiselection.multiselectCheckbox: applicationLibrary.checkboxMultiselection.multiselectCheckbox is PASSED

2018-07-11 10:13:30 - [MESSAGE][PASSED] - applicationLibrary.checkboxMultiselection.multiselectCheckbox is PASSED

2018-07-11 10:13:30 - [TEST_STEP][PASSED] - scrollToElement: Scroll to object 'Object Repository/OMVA_UserManagement_Page/Customer_Next_Btn' successfully

2018-07-11 10:13:30 - [MESSAGE][PASSED] - Scroll to object 'Object Repository/OMVA_UserManagement_Page/Customer_Next_Btn' successfully

2018-07-11 10:13:30 - [TEST_STEP][PASSED] - click: Object: 'Object Repository/OMVA_UserManagement_Page/Customer_Next_Btn' is clicked on

2018-07-11 10:13:30 - [MESSAGE][PASSED] - Object: 'Object Repository/OMVA_UserManagement_Page/Customer_Next_Btn' is clicked on

2018-07-11 10:13:30 - [TEST_STEP][PASSED] - applicationLibrary.checkboxMultiselection.multiselectCheckbox: applicationLibrary.checkboxMultiselection.multiselectCheckbox is PASSED

2018-07-11 10:13:33 - [MESSAGE][PASSED] - applicationLibrary.checkboxMultiselection.multiselectCheckbox is PASSED

2018-07-11 10:13:33 - [TEST_STEP][PASSED] - waitForElementVisible: Object 'Object Repository/OMVA_UserManagement_Page/Cancel_button_customerselectionpage' is visible

2018-07-11 10:13:33 - [MESSAGE][PASSED] - Object 'Object Repository/OMVA_UserManagement_Page/Cancel_button_customerselectionpage' is visible

2018-07-11 10:13:33 - [TEST_STEP][PASSED] - click: Object: 'Object Repository/OMVA_UserManagement_Page/Cancel_button_customerselectionpage' is clicked on

2018-07-11 10:13:33 - [MESSAGE][PASSED] - Object: 'Object Repository/OMVA_UserManagement_Page/Cancel_button_customerselectionpage' is clicked on

2018-07-11 10:13:33 - [TEST_STEP][PASSED] - waitForElementVisible: Object 'Object Repository/OMVA_UserManagement_Page/Cancel_Button_Popup_HText' is visible

2018-07-11 10:13:33 - [MESSAGE][PASSED] - Object 'Object Repository/OMVA_UserManagement_Page/Cancel_Button_Popup_HText' is visible

2018-07-11 10:13:33 - [TEST_STEP][PASSED] - verifyElementText: Actual text and expected text of test object 'Object Repository/OMVA_UserManagement_Page/Cancel_Button_Popup_HText' are matched.

2018-07-11 10:13:34 - [MESSAGE][PASSED] - Actual text and expected text of test object 'Object Repository/OMVA_UserManagement_Page/Cancel_Button_Popup_HText' are matched.

2018-07-11 10:13:34 - [TEST_STEP][PASSED] - closeBrowser: Browser is closed

2018-07-11 10:13:34 - [MESSAGE][PASSED] - Browser is closed]]></system-out>
         <system-err><![CDATA[]]></system-err>
      </testcase>
      <testcase name="Test Cases/UserManagementTestCases/UserActions/Validate_Cancel_Of_CreateUsers" classname="Test Cases/UserManagementTestCases/UserActions/Validate_Cancel_Of_CreateUsers" status="PASSED">
         <system-out><![CDATA[2018-07-11 10:13:35 - [TEST_CASE][PASSED] - Test Cases/UserManagementTestCases/UserActions/Validate_Cancel_Of_CreateUsers: Test Cases/UserManagementTestCases/UserActions/Validate_Cancel_Of_CreateUsers

2018-07-11 10:13:35 - [TEST_STEP][PASSED] - callTestCase: Call Test Case 'Test Cases/CommonTestcases/OpenBrowserandNavigateToQAURL' successfully

2018-07-11 10:13:35 - [TEST_CASE][PASSED] - Test Cases/CommonTestcases/OpenBrowserandNavigateToQAURL: Test Cases/CommonTestcases/OpenBrowserandNavigateToQAURL

2018-07-11 10:13:35 - [TEST_STEP][PASSED] - openBrowser: Browser is opened with url: ''

2018-07-11 10:13:40 - [MESSAGE][PASSED] - Browser is opened with url: ''

2018-07-11 10:13:40 - [TEST_STEP][PASSED] - navigateToUrl: Navigate to 'https://coa-demo-env.azurewebsites.net/da/index.html#/login' successfully

2018-07-11 10:13:48 - [MESSAGE][PASSED] - Navigate to 'https://coa-demo-env.azurewebsites.net/da/index.html#/login' successfully

2018-07-11 10:13:48 - [TEST_STEP][PASSED] - maximizeWindow: Current window maximized

2018-07-11 10:13:49 - [MESSAGE][PASSED] - Current window maximized

2018-07-11 10:13:49 - [MESSAGE][PASSED] - Call Test Case 'Test Cases/CommonTestcases/OpenBrowserandNavigateToQAURL' successfully

2018-07-11 10:13:49 - [TEST_STEP][PASSED] - waitForElementVisible: Object 'Object Repository/OMVA_Login_Page/Username_Textbox' is visible

2018-07-11 10:13:49 - [MESSAGE][PASSED] - Object 'Object Repository/OMVA_Login_Page/Username_Textbox' is visible

2018-07-11 10:13:49 - [TEST_STEP][PASSED] - sendKeys: Keys 'SuperAdmin' sent to object: 'Object Repository/OMVA_Login_Page/Username_Textbox'

2018-07-11 10:13:49 - [MESSAGE][PASSED] - Keys 'SuperAdmin' sent to object: 'Object Repository/OMVA_Login_Page/Username_Textbox'

2018-07-11 10:13:49 - [TEST_STEP][PASSED] - click: Object: 'Object Repository/OMVA_Login_Page/Next_Button' is clicked on

2018-07-11 10:13:49 - [MESSAGE][PASSED] - Object: 'Object Repository/OMVA_Login_Page/Next_Button' is clicked on

2018-07-11 10:13:49 - [TEST_STEP][PASSED] - waitForElementVisible: Object 'Object Repository/OMVA_Login_Page/Password_Textbox' is visible

2018-07-11 10:13:49 - [MESSAGE][PASSED] - Object 'Object Repository/OMVA_Login_Page/Password_Textbox' is visible

2018-07-11 10:13:49 - [TEST_STEP][PASSED] - sendKeys: Keys 'SuperAdmin' sent to object: 'Object Repository/OMVA_Login_Page/Password_Textbox'

2018-07-11 10:13:49 - [MESSAGE][PASSED] - Keys 'SuperAdmin' sent to object: 'Object Repository/OMVA_Login_Page/Password_Textbox'

2018-07-11 10:13:49 - [TEST_STEP][PASSED] - click: Object: 'Object Repository/OMVA_Login_Page/Signin_Button' is clicked on

2018-07-11 10:13:49 - [MESSAGE][PASSED] - Object: 'Object Repository/OMVA_Login_Page/Signin_Button' is clicked on

2018-07-11 10:13:49 - [TEST_STEP][PASSED] - waitForPageLoad: Wait for page load successfully

2018-07-11 10:13:49 - [MESSAGE][PASSED] - Wait for page load successfully

2018-07-11 10:13:49 - [TEST_STEP][PASSED] - delay: Delayed 5 second(s)

2018-07-11 10:13:54 - [MESSAGE][PASSED] - Delayed 5 second(s)

2018-07-11 10:13:54 - [TEST_STEP][PASSED] - waitForElementPresent: Object 'Object Repository/OMVA_Landing_Page/CreateUser_Button' is present

2018-07-11 10:13:54 - [MESSAGE][PASSED] - Object 'Object Repository/OMVA_Landing_Page/CreateUser_Button' is present

2018-07-11 10:13:54 - [TEST_STEP][PASSED] - click: Object: 'Object Repository/OMVA_Landing_Page/CreateUser_Button' is clicked on

2018-07-11 10:13:55 - [MESSAGE][PASSED] - Object: 'Object Repository/OMVA_Landing_Page/CreateUser_Button' is clicked on

2018-07-11 10:13:55 - [TEST_STEP][PASSED] - delay: Delayed 3 second(s)

2018-07-11 10:13:58 - [MESSAGE][PASSED] - Delayed 3 second(s)

2018-07-11 10:13:58 - [TEST_STEP][PASSED] - waitForElementPresent: Object 'Object Repository/OMVA_UserManagement_Page/Role_Dropdown' is present

2018-07-11 10:13:58 - [MESSAGE][PASSED] - Object 'Object Repository/OMVA_UserManagement_Page/Role_Dropdown' is present

2018-07-11 10:13:58 - [TEST_STEP][PASSED] - Statement - If (true): null

2018-07-11 10:13:58 - [TEST_STEP][PASSED] - click: Object: 'Object Repository/OMVA_UserManagement_Page/Role_Dropdown' is clicked on

2018-07-11 10:13:58 - [MESSAGE][PASSED] - Object: 'Object Repository/OMVA_UserManagement_Page/Role_Dropdown' is clicked on

2018-07-11 10:13:58 - [TEST_STEP][PASSED] - Statement - assert true: null

2018-07-11 10:13:58 - [TEST_STEP][PASSED] - scrollToElement: Scroll to object 'Object Repository/OMVA_UserManagement_Page/DropdownOption_RoleDropdown_Market Admin' successfully

2018-07-11 10:13:58 - [MESSAGE][WARNING] - Timeout '0' is invalid. Using default page load timeout: '15'

2018-07-11 10:13:58 - [MESSAGE][PASSED] - Scroll to object 'Object Repository/OMVA_UserManagement_Page/DropdownOption_RoleDropdown_Market Admin' successfully

2018-07-11 10:13:58 - [TEST_STEP][PASSED] - click: Object: 'Object Repository/OMVA_UserManagement_Page/DropdownOption_RoleDropdown_Market Admin' is clicked on

2018-07-11 10:13:58 - [MESSAGE][PASSED] - Object: 'Object Repository/OMVA_UserManagement_Page/DropdownOption_RoleDropdown_Market Admin' is clicked on

2018-07-11 10:13:58 - [TEST_STEP][PASSED] - Statement - username = CustomKeywords.commonLibrary.commonFunctions.randomStringFunction("abcdefghijklmnopqrstuvwxyz", 6): commonLibrary.commonFunctions.randomStringFunction is PASSED

2018-07-11 10:13:58 - [MESSAGE][PASSED] - commonLibrary.commonFunctions.randomStringFunction is PASSED

2018-07-11 10:13:58 - [TEST_STEP][PASSED] - Statement - uname = username.toString(): null

2018-07-11 10:13:58 - [TEST_STEP][PASSED] - sendKeys: Keys 'birqqg' sent to object: 'Object Repository/OMVA_UserManagement_Page/UserName_Textbox'

2018-07-11 10:13:58 - [MESSAGE][PASSED] - Keys 'birqqg' sent to object: 'Object Repository/OMVA_UserManagement_Page/UserName_Textbox'

2018-07-11 10:13:58 - [TEST_STEP][PASSED] - Statement - emailidprefix = CustomKeywords.commonLibrary.commonFunctions.randomStringFunction("abcdefghijklmnopqrstuvwxyz", 9): commonLibrary.commonFunctions.randomStringFunction is PASSED

2018-07-11 10:13:58 - [MESSAGE][PASSED] - commonLibrary.commonFunctions.randomStringFunction is PASSED

2018-07-11 10:13:58 - [TEST_STEP][PASSED] - sendKeys: Keys 'qjmcpngqp@autotestpg.com' sent to object: 'Object Repository/OMVA_UserManagement_Page/EmailID_Textbox'

2018-07-11 10:13:58 - [MESSAGE][PASSED] - Keys 'qjmcpngqp@autotestpg.com' sent to object: 'Object Repository/OMVA_UserManagement_Page/EmailID_Textbox'

2018-07-11 10:13:58 - [TEST_STEP][PASSED] - Statement - firstname = CustomKeywords.commonLibrary.commonFunctions.randomStringFunction("abcdefghijklmnopqrstuvwxyz", 7): commonLibrary.commonFunctions.randomStringFunction is PASSED

2018-07-11 10:13:58 - [MESSAGE][PASSED] - commonLibrary.commonFunctions.randomStringFunction is PASSED

2018-07-11 10:13:58 - [TEST_STEP][PASSED] - sendKeys: Keys 'yorxlfq' sent to object: 'Object Repository/OMVA_UserManagement_Page/FirstName_Textbox'

2018-07-11 10:13:58 - [MESSAGE][PASSED] - Keys 'yorxlfq' sent to object: 'Object Repository/OMVA_UserManagement_Page/FirstName_Textbox'

2018-07-11 10:13:58 - [TEST_STEP][PASSED] - Statement - lastname = CustomKeywords.commonLibrary.commonFunctions.randomStringFunction("abcdefghijklmnopqrstuvwxyz", 7): commonLibrary.commonFunctions.randomStringFunction is PASSED

2018-07-11 10:13:58 - [MESSAGE][PASSED] - commonLibrary.commonFunctions.randomStringFunction is PASSED

2018-07-11 10:13:58 - [TEST_STEP][PASSED] - sendKeys: Keys 'xawrheu' sent to object: 'Object Repository/OMVA_UserManagement_Page/LastName_Textbox'

2018-07-11 10:13:58 - [MESSAGE][PASSED] - Keys 'xawrheu' sent to object: 'Object Repository/OMVA_UserManagement_Page/LastName_Textbox'

2018-07-11 10:13:58 - [TEST_STEP][PASSED] - Statement - ticketnum = CustomKeywords.commonLibrary.commonFunctions.randomStringFunction("123456789", 7): commonLibrary.commonFunctions.randomStringFunction is PASSED

2018-07-11 10:13:58 - [MESSAGE][PASSED] - commonLibrary.commonFunctions.randomStringFunction is PASSED

2018-07-11 10:13:58 - [TEST_STEP][PASSED] - sendKeys: Keys '3235731' sent to object: 'Object Repository/OMVA_UserManagement_Page/TicketNumber_Textbox'

2018-07-11 10:13:59 - [MESSAGE][PASSED] - Keys '3235731' sent to object: 'Object Repository/OMVA_UserManagement_Page/TicketNumber_Textbox'

2018-07-11 10:13:59 - [TEST_STEP][PASSED] - click: Object: 'Object Repository/OMVA_UserManagement_Page/Next_Button' is clicked on

2018-07-11 10:13:59 - [MESSAGE][PASSED] - Object: 'Object Repository/OMVA_UserManagement_Page/Next_Button' is clicked on

2018-07-11 10:13:59 - [TEST_STEP][PASSED] - applicationLibrary.checkboxMultiselection.multiselectCheckbox: applicationLibrary.checkboxMultiselection.multiselectCheckbox is PASSED

2018-07-11 10:14:01 - [MESSAGE][PASSED] - applicationLibrary.checkboxMultiselection.multiselectCheckbox is PASSED

2018-07-11 10:14:01 - [TEST_STEP][PASSED] - scrollToElement: Scroll to object 'Object Repository/OMVA_UserManagement_Page/Customer_Next_Btn' successfully

2018-07-11 10:14:01 - [MESSAGE][PASSED] - Scroll to object 'Object Repository/OMVA_UserManagement_Page/Customer_Next_Btn' successfully

2018-07-11 10:14:01 - [TEST_STEP][PASSED] - click: Object: 'Object Repository/OMVA_UserManagement_Page/Customer_Next_Btn' is clicked on

2018-07-11 10:14:01 - [MESSAGE][PASSED] - Object: 'Object Repository/OMVA_UserManagement_Page/Customer_Next_Btn' is clicked on

2018-07-11 10:14:01 - [TEST_STEP][PASSED] - click: Object: 'Object Repository/OMVA_UserManagement_Page/Cancel_button_ProductCategory' is clicked on

2018-07-11 10:14:01 - [MESSAGE][PASSED] - Object: 'Object Repository/OMVA_UserManagement_Page/Cancel_button_ProductCategory' is clicked on

2018-07-11 10:14:01 - [TEST_STEP][PASSED] - delay: Delayed 5 second(s)

2018-07-11 10:14:06 - [MESSAGE][PASSED] - Delayed 5 second(s)

2018-07-11 10:14:06 - [TEST_STEP][PASSED] - click: Object: 'Object Repository/OMVA_UserManagement_Page/OK_DiscardChanges' is clicked on

2018-07-11 10:14:06 - [MESSAGE][PASSED] - Object: 'Object Repository/OMVA_UserManagement_Page/OK_DiscardChanges' is clicked on

2018-07-11 10:14:06 - [TEST_STEP][PASSED] - closeBrowser: Browser is closed

2018-07-11 10:14:07 - [MESSAGE][PASSED] - Browser is closed]]></system-out>
         <system-err><![CDATA[]]></system-err>
      </testcase>
      <testcase name="Test Cases/UserManagementTestCases/UserActions/Validate_ModifyDataFromEdituser" classname="Test Cases/UserManagementTestCases/UserActions/Validate_ModifyDataFromEdituser" status="FAILED">
         <failure type="FAILED" message="Unable to wait for object 'Object Repository/OMVA_Login_Page/Username_Textbox' to be visible (Root cause: com.kms.katalon.core.webui.exception.BrowserNotOpenedException: Browser is not opened
Build info: version: '3.7.1', revision: '8a0099a', time: '2017-11-06T21:07:36.161Z'
System info: host: 'EDT-168', ip: '172.16.17.168', os.name: 'Windows 7', os.arch: 'amd64', os.version: '6.1', java.version: '1.8.0_102'
Driver info: driver.version: unknown)"/>
         <system-out><![CDATA[2018-07-11 10:14:07 - [TEST_CASE][FAILED] - Test Cases/UserManagementTestCases/UserActions/Validate_ModifyDataFromEdituser: Test Cases/UserManagementTestCases/UserActions/Validate_ModifyDataFromEdituser FAILED because (of) Unable to wait for object 'Object Repository/OMVA_Login_Page/Username_Textbox' to be visible (Root cause: com.kms.katalon.core.webui.exception.BrowserNotOpenedException: Browser is not opened
Build info: version: '3.7.1', revision: '8a0099a', time: '2017-11-06T21:07:36.161Z'
System info: host: 'EDT-168', ip: '172.16.17.168', os.name: 'Windows 7', os.arch: 'amd64', os.version: '6.1', java.version: '1.8.0_102'
Driver info: driver.version: unknown)

2018-07-11 10:14:07 - [TEST_STEP][FAILED] - waitForElementVisible: Unable to wait for object 'Object Repository/OMVA_Login_Page/Username_Textbox' to be visible (Root cause: com.kms.katalon.core.webui.exception.BrowserNotOpenedException: Browser is not opened
Build info: version: '3.7.1', revision: '8a0099a', time: '2017-11-06T21:07:36.161Z'
System info: host: 'EDT-168', ip: '172.16.17.168', os.name: 'Windows 7', os.arch: 'amd64', os.version: '6.1', java.version: '1.8.0_102'
Driver info: driver.version: unknown)

2018-07-11 10:14:07 - [MESSAGE][WARNING] - Cannot take screenshot

2018-07-11 10:14:07 - [MESSAGE][FAILED] - Unable to wait for object 'Object Repository/OMVA_Login_Page/Username_Textbox' to be visible (Root cause: com.kms.katalon.core.webui.exception.BrowserNotOpenedException: Browser is not opened
Build info: version: '3.7.1', revision: '8a0099a', time: '2017-11-06T21:07:36.161Z'
System info: host: 'EDT-168', ip: '172.16.17.168', os.name: 'Windows 7', os.arch: 'amd64', os.version: '6.1', java.version: '1.8.0_102'
Driver info: driver.version: unknown)]]></system-out>
         <system-err><![CDATA[2018-07-11 10:14:07 - [TEST_CASE][FAILED] - Test Cases/UserManagementTestCases/UserActions/Validate_ModifyDataFromEdituser: Test Cases/UserManagementTestCases/UserActions/Validate_ModifyDataFromEdituser FAILED because (of) Unable to wait for object 'Object Repository/OMVA_Login_Page/Username_Textbox' to be visible (Root cause: com.kms.katalon.core.webui.exception.BrowserNotOpenedException: Browser is not opened
Build info: version: '3.7.1', revision: '8a0099a', time: '2017-11-06T21:07:36.161Z'
System info: host: 'EDT-168', ip: '172.16.17.168', os.name: 'Windows 7', os.arch: 'amd64', os.version: '6.1', java.version: '1.8.0_102'
Driver info: driver.version: unknown)]]></system-err>
      </testcase>
      <testcase name="Test Cases/UserManagementTestCases/UserActions/DeActivate_User" classname="Test Cases/UserManagementTestCases/UserActions/DeActivate_User" status="PASSED">
         <system-out><![CDATA[2018-07-11 10:14:07 - [TEST_CASE][PASSED] - Test Cases/UserManagementTestCases/UserActions/DeActivate_User: Test Cases/UserManagementTestCases/UserActions/DeActivate_User

2018-07-11 10:14:07 - [TEST_STEP][PASSED] - callTestCase: Call Test Case 'Test Cases/CommonTestcases/OpenBrowserandNavigateToQAURL' successfully

2018-07-11 10:14:08 - [TEST_CASE][PASSED] - Test Cases/CommonTestcases/OpenBrowserandNavigateToQAURL: Test Cases/CommonTestcases/OpenBrowserandNavigateToQAURL

2018-07-11 10:14:08 - [TEST_STEP][PASSED] - openBrowser: Browser is opened with url: ''

2018-07-11 10:14:11 - [MESSAGE][PASSED] - Browser is opened with url: ''

2018-07-11 10:14:11 - [TEST_STEP][PASSED] - navigateToUrl: Navigate to 'https://coa-demo-env.azurewebsites.net/da/index.html#/login' successfully

2018-07-11 10:14:25 - [MESSAGE][PASSED] - Navigate to 'https://coa-demo-env.azurewebsites.net/da/index.html#/login' successfully

2018-07-11 10:14:25 - [TEST_STEP][PASSED] - maximizeWindow: Current window maximized

2018-07-11 10:14:25 - [MESSAGE][PASSED] - Current window maximized

2018-07-11 10:14:25 - [MESSAGE][PASSED] - Call Test Case 'Test Cases/CommonTestcases/OpenBrowserandNavigateToQAURL' successfully

2018-07-11 10:14:25 - [TEST_STEP][PASSED] - waitForElementVisible: Object 'Object Repository/OMVA_Login_Page/Username_Textbox' is visible

2018-07-11 10:14:25 - [MESSAGE][PASSED] - Object 'Object Repository/OMVA_Login_Page/Username_Textbox' is visible

2018-07-11 10:14:25 - [TEST_STEP][PASSED] - sendKeys: Keys 'SuperAdmin' sent to object: 'Object Repository/OMVA_Login_Page/Username_Textbox'

2018-07-11 10:14:25 - [MESSAGE][PASSED] - Keys 'SuperAdmin' sent to object: 'Object Repository/OMVA_Login_Page/Username_Textbox'

2018-07-11 10:14:25 - [TEST_STEP][PASSED] - click: Object: 'Object Repository/OMVA_Login_Page/Next_Button' is clicked on

2018-07-11 10:14:25 - [MESSAGE][PASSED] - Object: 'Object Repository/OMVA_Login_Page/Next_Button' is clicked on

2018-07-11 10:14:25 - [TEST_STEP][PASSED] - waitForElementVisible: Object 'Object Repository/OMVA_Login_Page/Password_Textbox' is visible

2018-07-11 10:14:26 - [MESSAGE][PASSED] - Object 'Object Repository/OMVA_Login_Page/Password_Textbox' is visible

2018-07-11 10:14:26 - [TEST_STEP][PASSED] - sendKeys: Keys 'SuperAdmin' sent to object: 'Object Repository/OMVA_Login_Page/Password_Textbox'

2018-07-11 10:14:26 - [MESSAGE][PASSED] - Keys 'SuperAdmin' sent to object: 'Object Repository/OMVA_Login_Page/Password_Textbox'

2018-07-11 10:14:26 - [TEST_STEP][PASSED] - click: Object: 'Object Repository/OMVA_Login_Page/Signin_Button' is clicked on

2018-07-11 10:14:26 - [MESSAGE][PASSED] - Object: 'Object Repository/OMVA_Login_Page/Signin_Button' is clicked on

2018-07-11 10:14:26 - [TEST_STEP][PASSED] - waitForPageLoad: Wait for page load successfully

2018-07-11 10:14:26 - [MESSAGE][PASSED] - Wait for page load successfully

2018-07-11 10:14:26 - [TEST_STEP][PASSED] - delay: Delayed 5 second(s)

2018-07-11 10:14:31 - [MESSAGE][PASSED] - Delayed 5 second(s)

2018-07-11 10:14:31 - [TEST_STEP][PASSED] - waitForElementPresent: Object 'Object Repository/OMVA_Landing_Page/CreateUser_Button' is present

2018-07-11 10:14:31 - [MESSAGE][PASSED] - Object 'Object Repository/OMVA_Landing_Page/CreateUser_Button' is present

2018-07-11 10:14:31 - [TEST_STEP][PASSED] - click: Object: 'Object Repository/OMVA_Landing_Page/CreateUser_Button' is clicked on

2018-07-11 10:14:31 - [MESSAGE][PASSED] - Object: 'Object Repository/OMVA_Landing_Page/CreateUser_Button' is clicked on

2018-07-11 10:14:31 - [TEST_STEP][PASSED] - delay: Delayed 3 second(s)

2018-07-11 10:14:34 - [MESSAGE][PASSED] - Delayed 3 second(s)

2018-07-11 10:14:34 - [TEST_STEP][PASSED] - waitForElementPresent: Object 'Object Repository/OMVA_UserManagement_Page/Role_Dropdown' is present

2018-07-11 10:14:35 - [MESSAGE][PASSED] - Object 'Object Repository/OMVA_UserManagement_Page/Role_Dropdown' is present

2018-07-11 10:14:35 - [TEST_STEP][PASSED] - Statement - If (true): null

2018-07-11 10:14:35 - [TEST_STEP][PASSED] - click: Object: 'Object Repository/OMVA_UserManagement_Page/Role_Dropdown' is clicked on

2018-07-11 10:14:35 - [MESSAGE][PASSED] - Object: 'Object Repository/OMVA_UserManagement_Page/Role_Dropdown' is clicked on

2018-07-11 10:14:35 - [TEST_STEP][PASSED] - Statement - assert true: null

2018-07-11 10:14:35 - [TEST_STEP][PASSED] - scrollToElement: Scroll to object 'Object Repository/OMVA_UserManagement_Page/DropdownOption_RoleDropdown_Market Admin' successfully

2018-07-11 10:14:35 - [MESSAGE][WARNING] - Timeout '0' is invalid. Using default page load timeout: '15'

2018-07-11 10:14:35 - [MESSAGE][PASSED] - Scroll to object 'Object Repository/OMVA_UserManagement_Page/DropdownOption_RoleDropdown_Market Admin' successfully

2018-07-11 10:14:35 - [TEST_STEP][PASSED] - click: Object: 'Object Repository/OMVA_UserManagement_Page/DropdownOption_RoleDropdown_Market Admin' is clicked on

2018-07-11 10:14:35 - [MESSAGE][PASSED] - Object: 'Object Repository/OMVA_UserManagement_Page/DropdownOption_RoleDropdown_Market Admin' is clicked on

2018-07-11 10:14:35 - [TEST_STEP][PASSED] - Statement - username = CustomKeywords.commonLibrary.commonFunctions.randomStringFunction("abcdefghijklmnopqrstuvwxyz", 6): commonLibrary.commonFunctions.randomStringFunction is PASSED

2018-07-11 10:14:35 - [MESSAGE][PASSED] - commonLibrary.commonFunctions.randomStringFunction is PASSED

2018-07-11 10:14:35 - [TEST_STEP][PASSED] - sendKeys: Keys 'epmwgv' sent to object: 'Object Repository/OMVA_UserManagement_Page/UserName_Textbox'

2018-07-11 10:14:35 - [MESSAGE][PASSED] - Keys 'epmwgv' sent to object: 'Object Repository/OMVA_UserManagement_Page/UserName_Textbox'

2018-07-11 10:14:35 - [TEST_STEP][PASSED] - Statement - emailidprefix = CustomKeywords.commonLibrary.commonFunctions.randomStringFunction("abcdefghijklmnopqrstuvwxyz", 9): commonLibrary.commonFunctions.randomStringFunction is PASSED

2018-07-11 10:14:35 - [MESSAGE][PASSED] - commonLibrary.commonFunctions.randomStringFunction is PASSED

2018-07-11 10:14:35 - [TEST_STEP][PASSED] - sendKeys: Keys 'lrakzsrjs@autotestpg.com' sent to object: 'Object Repository/OMVA_UserManagement_Page/EmailID_Textbox'

2018-07-11 10:14:35 - [MESSAGE][PASSED] - Keys 'lrakzsrjs@autotestpg.com' sent to object: 'Object Repository/OMVA_UserManagement_Page/EmailID_Textbox'

2018-07-11 10:14:35 - [TEST_STEP][PASSED] - Statement - firstname = CustomKeywords.commonLibrary.commonFunctions.randomStringFunction("abcdefghijklmnopqrstuvwxyz", 7): commonLibrary.commonFunctions.randomStringFunction is PASSED

2018-07-11 10:14:35 - [MESSAGE][PASSED] - commonLibrary.commonFunctions.randomStringFunction is PASSED

2018-07-11 10:14:35 - [TEST_STEP][PASSED] - sendKeys: Keys 'svywygj' sent to object: 'Object Repository/OMVA_UserManagement_Page/FirstName_Textbox'

2018-07-11 10:14:35 - [MESSAGE][PASSED] - Keys 'svywygj' sent to object: 'Object Repository/OMVA_UserManagement_Page/FirstName_Textbox'

2018-07-11 10:14:35 - [TEST_STEP][PASSED] - Statement - lastname = CustomKeywords.commonLibrary.commonFunctions.randomStringFunction("abcdefghijklmnopqrstuvwxyz", 7): commonLibrary.commonFunctions.randomStringFunction is PASSED

2018-07-11 10:14:35 - [MESSAGE][PASSED] - commonLibrary.commonFunctions.randomStringFunction is PASSED

2018-07-11 10:14:35 - [TEST_STEP][PASSED] - sendKeys: Keys 'bijyqow' sent to object: 'Object Repository/OMVA_UserManagement_Page/LastName_Textbox'

2018-07-11 10:14:35 - [MESSAGE][PASSED] - Keys 'bijyqow' sent to object: 'Object Repository/OMVA_UserManagement_Page/LastName_Textbox'

2018-07-11 10:14:35 - [TEST_STEP][PASSED] - Statement - ticketnum = CustomKeywords.commonLibrary.commonFunctions.randomStringFunction("123456789", 7): commonLibrary.commonFunctions.randomStringFunction is PASSED

2018-07-11 10:14:35 - [MESSAGE][PASSED] - commonLibrary.commonFunctions.randomStringFunction is PASSED

2018-07-11 10:14:35 - [TEST_STEP][PASSED] - sendKeys: Keys '2414753' sent to object: 'Object Repository/OMVA_UserManagement_Page/TicketNumber_Textbox'

2018-07-11 10:14:36 - [MESSAGE][PASSED] - Keys '2414753' sent to object: 'Object Repository/OMVA_UserManagement_Page/TicketNumber_Textbox'

2018-07-11 10:14:36 - [TEST_STEP][PASSED] - click: Object: 'Object Repository/OMVA_UserManagement_Page/Next_Button_Update' is clicked on

2018-07-11 10:14:36 - [MESSAGE][PASSED] - Object: 'Object Repository/OMVA_UserManagement_Page/Next_Button_Update' is clicked on

2018-07-11 10:14:36 - [TEST_STEP][PASSED] - applicationLibrary.checkboxMultiselection.multiselectCheckbox: applicationLibrary.checkboxMultiselection.multiselectCheckbox is PASSED

2018-07-11 10:14:38 - [MESSAGE][PASSED] - applicationLibrary.checkboxMultiselection.multiselectCheckbox is PASSED

2018-07-11 10:14:38 - [TEST_STEP][PASSED] - scrollToElement: Scroll to object 'Object Repository/OMVA_UserManagement_Page/Customer_Next_Btn' successfully

2018-07-11 10:14:38 - [MESSAGE][PASSED] - Scroll to object 'Object Repository/OMVA_UserManagement_Page/Customer_Next_Btn' successfully

2018-07-11 10:14:38 - [TEST_STEP][PASSED] - click: Object: 'Object Repository/OMVA_UserManagement_Page/Customer_Next_Btn' is clicked on

2018-07-11 10:14:38 - [MESSAGE][PASSED] - Object: 'Object Repository/OMVA_UserManagement_Page/Customer_Next_Btn' is clicked on

2018-07-11 10:14:38 - [TEST_STEP][PASSED] - applicationLibrary.checkboxMultiselection.multiselectCheckbox: applicationLibrary.checkboxMultiselection.multiselectCheckbox is PASSED

2018-07-11 10:14:40 - [MESSAGE][PASSED] - applicationLibrary.checkboxMultiselection.multiselectCheckbox is PASSED

2018-07-11 10:14:40 - [TEST_STEP][PASSED] - click: Object: 'Object Repository/OMVA_UserManagement_Page/UserCreation_Save_Btn' is clicked on

2018-07-11 10:14:40 - [MESSAGE][PASSED] - Object: 'Object Repository/OMVA_UserManagement_Page/UserCreation_Save_Btn' is clicked on

2018-07-11 10:14:40 - [TEST_STEP][PASSED] - waitForElementPresent: Object 'Object Repository/OMVA_UserManagement_Page/UserCreation_HeaderTxt' is present

2018-07-11 10:14:41 - [MESSAGE][PASSED] - Object 'Object Repository/OMVA_UserManagement_Page/UserCreation_HeaderTxt' is present

2018-07-11 10:14:41 - [TEST_STEP][PASSED] - verifyElementText: Actual text and expected text of test object 'Object Repository/OMVA_UserManagement_Page/UserCreation_HeaderTxt' are matched.

2018-07-11 10:14:41 - [MESSAGE][PASSED] - Actual text and expected text of test object 'Object Repository/OMVA_UserManagement_Page/UserCreation_HeaderTxt' are matched.

2018-07-11 10:14:41 - [TEST_STEP][PASSED] - verifyElementText: Actual text and expected text of test object 'Object Repository/OMVA_UserManagement_Page/UserCreation_ContentTxt' are matched.

2018-07-11 10:14:41 - [MESSAGE][PASSED] - Actual text and expected text of test object 'Object Repository/OMVA_UserManagement_Page/UserCreation_ContentTxt' are matched.

2018-07-11 10:14:41 - [TEST_STEP][PASSED] - click: Object: 'Object Repository/OMVA_UserManagement_Page/UserCreation_OK_Btn' is clicked on

2018-07-11 10:14:41 - [MESSAGE][PASSED] - Object: 'Object Repository/OMVA_UserManagement_Page/UserCreation_OK_Btn' is clicked on

2018-07-11 10:14:41 - [TEST_STEP][PASSED] - delay: Delayed 5 second(s)

2018-07-11 10:14:46 - [MESSAGE][PASSED] - Delayed 5 second(s)

2018-07-11 10:14:46 - [TEST_STEP][PASSED] - waitForElementPresent: Object 'Object Repository/OMVA_UserManagement_Page/Created_User_Username' is present

2018-07-11 10:14:46 - [MESSAGE][PASSED] - Object 'Object Repository/OMVA_UserManagement_Page/Created_User_Username' is present

2018-07-11 10:14:46 - [TEST_STEP][PASSED] - Statement - createdNewuser = com.kms.katalon.core.webui.keyword.WebUiBuiltInKeywords.getText(com.kms.katalon.core.testobject.ObjectRepository.findTestObject(OMVA_UserManagement_Page/Created_User_Username)): Text of object 'Object Repository/OMVA_UserManagement_Page/Created_User_Username' is: 'svywygj bijyqow'

2018-07-11 10:14:46 - [MESSAGE][PASSED] - Text of object 'Object Repository/OMVA_UserManagement_Page/Created_User_Username' is: 'svywygj bijyqow'

2018-07-11 10:14:46 - [TEST_STEP][PASSED] - Statement - uname = createdNewuser.toString(): null

2018-07-11 10:14:46 - [TEST_STEP][PASSED] - Statement - createduser = com.kms.katalon.core.webui.keyword.WebUiBuiltInKeywords.verifyMatch(createdNewuser, firstname + " " + lastname, true): Actual text 'svywygj bijyqow' and expected text 'svywygj bijyqow' are matched  using regular expression

2018-07-11 10:14:46 - [MESSAGE][PASSED] - Actual text 'svywygj bijyqow' and expected text 'svywygj bijyqow' are matched  using regular expression

2018-07-11 10:14:46 - [TEST_STEP][PASSED] - delay: Delayed 5 second(s)

2018-07-11 10:14:51 - [MESSAGE][PASSED] - Delayed 5 second(s)

2018-07-11 10:14:51 - [TEST_STEP][PASSED] - applicationLibrary.ClicksCreatedUserDashboard.editUser: applicationLibrary.ClicksCreatedUserDashboard.editUser is PASSED

2018-07-11 10:14:52 - [MESSAGE][PASSED] - applicationLibrary.ClicksCreatedUserDashboard.editUser is PASSED

2018-07-11 10:14:52 - [TEST_STEP][PASSED] - delay: Delayed 5 second(s)

2018-07-11 10:14:57 - [MESSAGE][PASSED] - Delayed 5 second(s)

2018-07-11 10:14:57 - [TEST_STEP][PASSED] - waitForElementVisible: Object 'Object Repository/OMVA_Landing_Page/Act_DeAct_Radio_Btn' is visible

2018-07-11 10:14:57 - [MESSAGE][PASSED] - Object 'Object Repository/OMVA_Landing_Page/Act_DeAct_Radio_Btn' is visible

2018-07-11 10:14:57 - [TEST_STEP][PASSED] - click: Object: 'Object Repository/OMVA_Landing_Page/Act_DeAct_Radio_Btn' is clicked on

2018-07-11 10:14:57 - [MESSAGE][PASSED] - Object: 'Object Repository/OMVA_Landing_Page/Act_DeAct_Radio_Btn' is clicked on

2018-07-11 10:14:57 - [TEST_STEP][PASSED] - waitForElementVisible: Object 'Object Repository/OMVA_EditUser_Page/SaveExit_Btn' is visible

2018-07-11 10:14:57 - [MESSAGE][PASSED] - Object 'Object Repository/OMVA_EditUser_Page/SaveExit_Btn' is visible

2018-07-11 10:14:57 - [TEST_STEP][PASSED] - click: Object: 'Object Repository/OMVA_EditUser_Page/SaveExit_Btn' is clicked on

2018-07-11 10:14:57 - [MESSAGE][PASSED] - Object: 'Object Repository/OMVA_EditUser_Page/SaveExit_Btn' is clicked on

2018-07-11 10:14:57 - [TEST_STEP][PASSED] - waitForElementVisible: Object 'Object Repository/OMVA_EditUser_Page/DeactivateUser_HeaderTxt' is visible

2018-07-11 10:14:58 - [MESSAGE][PASSED] - Object 'Object Repository/OMVA_EditUser_Page/DeactivateUser_HeaderTxt' is visible

2018-07-11 10:14:58 - [TEST_STEP][PASSED] - Statement - AHeaderTxt = com.kms.katalon.core.webui.keyword.WebUiBuiltInKeywords.getText(com.kms.katalon.core.testobject.ObjectRepository.findTestObject(OMVA_EditUser_Page/DeactivateUser_HeaderTxt)): Text of object 'Object Repository/OMVA_EditUser_Page/DeactivateUser_HeaderTxt' is: 'Confirm Deactivation'

2018-07-11 10:14:58 - [MESSAGE][PASSED] - Text of object 'Object Repository/OMVA_EditUser_Page/DeactivateUser_HeaderTxt' is: 'Confirm Deactivation'

2018-07-11 10:14:58 - [TEST_STEP][PASSED] - verifyMatch: Actual text 'Confirm Deactivation' and expected text 'Confirm Deactivation' are matched  using regular expression

2018-07-11 10:14:58 - [MESSAGE][PASSED] - Actual text 'Confirm Deactivation' and expected text 'Confirm Deactivation' are matched  using regular expression

2018-07-11 10:14:58 - [TEST_STEP][PASSED] - Statement - AContentTxt = com.kms.katalon.core.webui.keyword.WebUiBuiltInKeywords.getText(com.kms.katalon.core.testobject.ObjectRepository.findTestObject(OMVA_EditUser_Page/DeactivateUser_ContentText)): Text of object 'Object Repository/OMVA_EditUser_Page/DeactivateUser_ContentText' is: 'Are you sure you want to deactivate svywygj bijyqow's account?'

2018-07-11 10:14:58 - [MESSAGE][PASSED] - Text of object 'Object Repository/OMVA_EditUser_Page/DeactivateUser_ContentText' is: 'Are you sure you want to deactivate svywygj bijyqow's account?'

2018-07-11 10:14:58 - [TEST_STEP][PASSED] - verifyMatch: Actual text 'Are you sure you want to deactivate svywygj bijyqow's account?' and expected text 'Are you sure you want to deactivate\D*' are matched  using regular expression

2018-07-11 10:14:58 - [MESSAGE][PASSED] - Actual text 'Are you sure you want to deactivate svywygj bijyqow's account?' and expected text 'Are you sure you want to deactivate\D*' are matched  using regular expression

2018-07-11 10:14:58 - [TEST_STEP][PASSED] - click: Object: 'Object Repository/OMVA_EditUser_Page/DeactivateUser_OKBtn' is clicked on

2018-07-11 10:14:58 - [MESSAGE][PASSED] - Object: 'Object Repository/OMVA_EditUser_Page/DeactivateUser_OKBtn' is clicked on

2018-07-11 10:14:58 - [TEST_STEP][PASSED] - Statement - ADeactivatedToastMsg = com.kms.katalon.core.webui.keyword.WebUiBuiltInKeywords.getText(com.kms.katalon.core.testobject.ObjectRepository.findTestObject(OMVA_EditUser_Page/Deactivate_ToastMsg)): Text of object 'Object Repository/OMVA_EditUser_Page/Deactivate_ToastMsg' is: 'Account Successfully Deactivated!'

2018-07-11 10:14:59 - [MESSAGE][PASSED] - Text of object 'Object Repository/OMVA_EditUser_Page/Deactivate_ToastMsg' is: 'Account Successfully Deactivated!'

2018-07-11 10:14:59 - [TEST_STEP][PASSED] - verifyMatch: Actual text 'Account Successfully Deactivated!' and expected text 'Account Successfully Deactivated!' are matched  using regular expression

2018-07-11 10:14:59 - [MESSAGE][PASSED] - Actual text 'Account Successfully Deactivated!' and expected text 'Account Successfully Deactivated!' are matched  using regular expression

2018-07-11 10:14:59 - [TEST_STEP][PASSED] - closeBrowser: Browser is closed

2018-07-11 10:15:00 - [MESSAGE][PASSED] - Browser is closed]]></system-out>
         <system-err><![CDATA[]]></system-err>
      </testcase>
      <testcase name="Test Cases/UserManagementTestCases/UserActions/LockUser" classname="Test Cases/UserManagementTestCases/UserActions/LockUser" status="FAILED">
         <failure type="FAILED" message="Unable to get text of object 'Object Repository/OMVA_Login_Page/InvalidLogin_HeaderTxt' (Root cause: com.kms.katalon.core.webui.exception.WebElementNotFoundException: Web element with id: 'Object Repository/OMVA_Login_Page/InvalidLogin_HeaderTxt' located by 'By.xpath: //h4[text()='Invalid Credentials']' not found)"/>
         <system-out><![CDATA[2018-07-11 10:15:00 - [TEST_CASE][FAILED] - Test Cases/UserManagementTestCases/UserActions/LockUser: Test Cases/UserManagementTestCases/UserActions/LockUser FAILED because (of) Unable to get text of object 'Object Repository/OMVA_Login_Page/InvalidLogin_HeaderTxt' (Root cause: com.kms.katalon.core.webui.exception.WebElementNotFoundException: Web element with id: 'Object Repository/OMVA_Login_Page/InvalidLogin_HeaderTxt' located by 'By.xpath: //h4[text()='Invalid Credentials']' not found)

2018-07-11 10:15:00 - [TEST_STEP][FAILED] - callTestCase: Unable to call Test Case with id 'Test Cases/UserManagementTestCases/Login/Invalid_Login' (Root cause: Call Test Case 'Test Cases/UserManagementTestCases/Login/Invalid_Login' failed)

2018-07-11 10:15:00 - [TEST_CASE][FAILED] - Test Cases/UserManagementTestCases/Login/Invalid_Login: Test Cases/UserManagementTestCases/Login/Invalid_Login FAILED because (of) Unable to get text of object 'Object Repository/OMVA_Login_Page/InvalidLogin_HeaderTxt' (Root cause: com.kms.katalon.core.webui.exception.WebElementNotFoundException: Web element with id: 'Object Repository/OMVA_Login_Page/InvalidLogin_HeaderTxt' located by 'By.xpath: //h4[text()='Invalid Credentials']' not found)

2018-07-11 10:15:00 - [TEST_STEP][PASSED] - callTestCase: Call Test Case 'Test Cases/CommonTestcases/OpenBrowserandNavigateToQAURL' successfully

2018-07-11 10:15:00 - [TEST_CASE][PASSED] - Test Cases/CommonTestcases/OpenBrowserandNavigateToQAURL: Test Cases/CommonTestcases/OpenBrowserandNavigateToQAURL

2018-07-11 10:15:00 - [TEST_STEP][PASSED] - openBrowser: Browser is opened with url: ''

2018-07-11 10:15:03 - [MESSAGE][PASSED] - Browser is opened with url: ''

2018-07-11 10:15:03 - [TEST_STEP][PASSED] - navigateToUrl: Navigate to 'https://coa-demo-env.azurewebsites.net/da/index.html#/login' successfully

2018-07-11 10:15:11 - [MESSAGE][PASSED] - Navigate to 'https://coa-demo-env.azurewebsites.net/da/index.html#/login' successfully

2018-07-11 10:15:11 - [TEST_STEP][PASSED] - maximizeWindow: Current window maximized

2018-07-11 10:15:11 - [MESSAGE][PASSED] - Current window maximized

2018-07-11 10:15:11 - [MESSAGE][PASSED] - Call Test Case 'Test Cases/CommonTestcases/OpenBrowserandNavigateToQAURL' successfully

2018-07-11 10:15:11 - [TEST_STEP][PASSED] - waitForElementVisible: Object 'Object Repository/OMVA_Login_Page/Username_Textbox' is visible

2018-07-11 10:15:11 - [MESSAGE][PASSED] - Object 'Object Repository/OMVA_Login_Page/Username_Textbox' is visible

2018-07-11 10:15:11 - [TEST_STEP][PASSED] - sendKeys: Keys 'Lock' sent to object: 'Object Repository/OMVA_Login_Page/Username_Textbox'

2018-07-11 10:15:11 - [MESSAGE][PASSED] - Keys 'Lock' sent to object: 'Object Repository/OMVA_Login_Page/Username_Textbox'

2018-07-11 10:15:11 - [TEST_STEP][PASSED] - click: Object: 'Object Repository/OMVA_Login_Page/Next_Button' is clicked on

2018-07-11 10:15:11 - [MESSAGE][PASSED] - Object: 'Object Repository/OMVA_Login_Page/Next_Button' is clicked on

2018-07-11 10:15:11 - [TEST_STEP][PASSED] - Statement - If (true): null

2018-07-11 10:15:11 - [TEST_STEP][PASSED] - waitForElementVisible: Object 'Object Repository/OMVA_Login_Page/Password_Textbox' is visible

2018-07-11 10:15:12 - [MESSAGE][PASSED] - Object 'Object Repository/OMVA_Login_Page/Password_Textbox' is visible

2018-07-11 10:15:12 - [TEST_STEP][PASSED] - Statement - assert true: null

2018-07-11 10:15:12 - [TEST_STEP][PASSED] - sendKeys: Keys 'Pwd' sent to object: 'Object Repository/OMVA_Login_Page/Password_Textbox'

2018-07-11 10:15:12 - [MESSAGE][PASSED] - Keys 'Pwd' sent to object: 'Object Repository/OMVA_Login_Page/Password_Textbox'

2018-07-11 10:15:12 - [TEST_STEP][PASSED] - click: Object: 'Object Repository/OMVA_Login_Page/Signin_Button' is clicked on

2018-07-11 10:15:12 - [MESSAGE][PASSED] - Object: 'Object Repository/OMVA_Login_Page/Signin_Button' is clicked on

2018-07-11 10:15:12 - [TEST_STEP][FAILED] - Statement - AHeaderTxt = com.kms.katalon.core.webui.keyword.WebUiBuiltInKeywords.getText(com.kms.katalon.core.testobject.ObjectRepository.findTestObject(OMVA_Login_Page/InvalidLogin_HeaderTxt)): Unable to get text of object 'Object Repository/OMVA_Login_Page/InvalidLogin_HeaderTxt' (Root cause: com.kms.katalon.core.webui.exception.WebElementNotFoundException: Web element with id: 'Object Repository/OMVA_Login_Page/InvalidLogin_HeaderTxt' located by 'By.xpath: //h4[text()='Invalid Credentials']' not found)

2018-07-11 10:15:28 - [MESSAGE][FAILED] - Unable to get text of object 'Object Repository/OMVA_Login_Page/InvalidLogin_HeaderTxt' (Root cause: com.kms.katalon.core.webui.exception.WebElementNotFoundException: Web element with id: 'Object Repository/OMVA_Login_Page/InvalidLogin_HeaderTxt' located by 'By.xpath: //h4[text()='Invalid Credentials']' not found)
[[ATTACHMENT|D:\\Automation_P&G\\Automation-P&G-Code-Base\\OMVA\\Reports\\UserManagementTestSuite\\20180711_100421\\1531284327989.png]]

2018-07-11 10:15:28 - [MESSAGE][FAILED] - Unable to call Test Case with id 'Test Cases/UserManagementTestCases/Login/Invalid_Login' (Root cause: Call Test Case 'Test Cases/UserManagementTestCases/Login/Invalid_Login' failed)]]></system-out>
         <system-err><![CDATA[2018-07-11 10:15:00 - [TEST_CASE][FAILED] - Test Cases/UserManagementTestCases/UserActions/LockUser: Test Cases/UserManagementTestCases/UserActions/LockUser FAILED because (of) Unable to get text of object 'Object Repository/OMVA_Login_Page/InvalidLogin_HeaderTxt' (Root cause: com.kms.katalon.core.webui.exception.WebElementNotFoundException: Web element with id: 'Object Repository/OMVA_Login_Page/InvalidLogin_HeaderTxt' located by 'By.xpath: //h4[text()='Invalid Credentials']' not found)]]></system-err>
      </testcase>
      <system-out><![CDATA[2018-07-11 10:04:32 - [TEST_SUITE][FAILED] - UserManagementTestSuite: Test Cases/UserManagementTestCases/UserActions/Activate_User FAILED because (of) Unable to get text of object 'Object Repository/OMVA_EditUser_Page/Activate_ToastMsg' (Root cause: com.kms.katalon.core.webui.exception.WebElementNotFoundException: Web element with id: 'Object Repository/OMVA_EditUser_Page/Activate_ToastMsg' located by 'By.xpath: //div[@class='toast-title' and contains(text(),'Activated')]
' not found)]]></system-out>
      <system-err><![CDATA[2018-07-11 10:04:32 - [TEST_SUITE][FAILED] - UserManagementTestSuite: Test Cases/UserManagementTestCases/UserActions/Activate_User FAILED because (of) Unable to get text of object 'Object Repository/OMVA_EditUser_Page/Activate_ToastMsg' (Root cause: com.kms.katalon.core.webui.exception.WebElementNotFoundException: Web element with id: 'Object Repository/OMVA_EditUser_Page/Activate_ToastMsg' located by 'By.xpath: //div[@class='toast-title' and contains(text(),'Activated')]
' not found)]]></system-err>
   </testsuite>
</testsuites>
