<?xml version="1.0" encoding="UTF-8"?>
<testsuites name="UserManagementTestSuite" time="281" tests="8" failures="2" errors="0">
   <testsuite name="UserManagementTestSuite" tests="8" failures="2" errors="0" time="281" timestamp="2018-07-05 10:27:04" hostname="vijay.n - EDT-168.estblr.com" id="Test Suites/UserManagementTestSuite">
      <properties>
         <property name="deviceName" value=""/>
         <property name="devicePlatform" value=""/>
         <property name="logFolder" value="D:\\Automation_P&amp;G\\Automation-P&amp;G-Code-Base\\OMVA\\Reports\\UserManagementTestSuite\\20180705_102702"/>
         <property name="logFiles" value="D:\\Automation_P&amp;G\\Automation-P&amp;G-Code-Base\\OMVA\\Reports\\UserManagementTestSuite\\20180705_102702\\execution0.log"/>
         <property name="attachments" value="D:\\Automation_P&amp;G\\Automation-P&amp;G-Code-Base\\OMVA\\Reports\\UserManagementTestSuite\\20180705_102702\\1530766904164.png"/>
         <property name="hostName" value="vijay.n - EDT-168.estblr.com"/>
         <property name="os" value="Windows 7 64bit"/>
         <property name="katalonVersion" value="5.4.2.1"/>
         <property name="browser" value="Chrome 67.0.3396.99"/>
         <property name="hostAddress" value="172.16.17.168"/>
         <property name="sessionId" value="2cc5799a44b5b49651326146ec0f0303"/>
         <property name="seleniumVersion" value="3.7.1"/>
         <property name="proxyInformation" value="ProxyInformation{proxyOption=NO_PROXY, proxyServerType=HTTP, password=, proxyServerAddress=, proxyServerPort=0}"/>
         <property name="platform" value="Windows 7"/>
      </properties>
      <testcase name="Test Cases/UserManagementTestCases/Login/Invalid_Login" classname="Test Cases/UserManagementTestCases/Login/Invalid_Login" status="PASSED">
         <system-out><![CDATA[2018-07-05 10:27:04 - [TEST_CASE][PASSED] - Test Cases/UserManagementTestCases/Login/Invalid_Login: Test Cases/UserManagementTestCases/Login/Invalid_Login

2018-07-05 10:27:05 - [TEST_STEP][PASSED] - callTestCase: Call Test Case 'Test Cases/CommonTestcases/OpenBrowserandNavigateToQAURL' successfully

2018-07-05 10:27:05 - [TEST_CASE][PASSED] - Test Cases/CommonTestcases/OpenBrowserandNavigateToQAURL: Test Cases/CommonTestcases/OpenBrowserandNavigateToQAURL

2018-07-05 10:27:05 - [TEST_STEP][PASSED] - openBrowser: Browser is opened with url: ''

2018-07-05 10:27:10 - [MESSAGE][PASSED] - Browser is opened with url: ''

2018-07-05 10:27:10 - [TEST_STEP][PASSED] - navigateToUrl: Navigate to 'https://coa-demo-env.azurewebsites.net/da/index.html#/login' successfully

2018-07-05 10:27:22 - [MESSAGE][PASSED] - Navigate to 'https://coa-demo-env.azurewebsites.net/da/index.html#/login' successfully

2018-07-05 10:27:22 - [TEST_STEP][PASSED] - maximizeWindow: Current window maximized

2018-07-05 10:27:22 - [MESSAGE][PASSED] - Current window maximized

2018-07-05 10:27:22 - [MESSAGE][PASSED] - Call Test Case 'Test Cases/CommonTestcases/OpenBrowserandNavigateToQAURL' successfully

2018-07-05 10:27:22 - [TEST_STEP][PASSED] - waitForElementVisible: Object 'Object Repository/OMVA_Login_Page/Username_Textbox' is visible

2018-07-05 10:27:22 - [MESSAGE][PASSED] - Object 'Object Repository/OMVA_Login_Page/Username_Textbox' is visible

2018-07-05 10:27:22 - [TEST_STEP][PASSED] - sendKeys: Keys 'asdf' sent to object: 'Object Repository/OMVA_Login_Page/Username_Textbox'

2018-07-05 10:27:22 - [MESSAGE][PASSED] - Keys 'asdf' sent to object: 'Object Repository/OMVA_Login_Page/Username_Textbox'

2018-07-05 10:27:22 - [TEST_STEP][PASSED] - click: Object: 'Object Repository/OMVA_Login_Page/Next_Button' is clicked on

2018-07-05 10:27:22 - [MESSAGE][PASSED] - Object: 'Object Repository/OMVA_Login_Page/Next_Button' is clicked on

2018-07-05 10:27:22 - [TEST_STEP][PASSED] - Statement - If (true): null

2018-07-05 10:27:22 - [TEST_STEP][PASSED] - waitForElementVisible: Object 'Object Repository/OMVA_Login_Page/Password_Textbox' is visible

2018-07-05 10:27:23 - [MESSAGE][PASSED] - Object 'Object Repository/OMVA_Login_Page/Password_Textbox' is visible

2018-07-05 10:27:23 - [TEST_STEP][PASSED] - Statement - assert true: null

2018-07-05 10:27:23 - [TEST_STEP][PASSED] - sendKeys: Keys 'qwerty' sent to object: 'Object Repository/OMVA_Login_Page/Password_Textbox'

2018-07-05 10:27:23 - [MESSAGE][PASSED] - Keys 'qwerty' sent to object: 'Object Repository/OMVA_Login_Page/Password_Textbox'

2018-07-05 10:27:23 - [TEST_STEP][PASSED] - click: Object: 'Object Repository/OMVA_Login_Page/Signin_Button' is clicked on

2018-07-05 10:27:23 - [MESSAGE][PASSED] - Object: 'Object Repository/OMVA_Login_Page/Signin_Button' is clicked on

2018-07-05 10:27:23 - [TEST_STEP][PASSED] - Statement - AHeaderTxt = com.kms.katalon.core.webui.keyword.WebUiBuiltInKeywords.getText(com.kms.katalon.core.testobject.ObjectRepository.findTestObject(OMVA_Login_Page/InvalidLogin_HeaderTxt)): Text of object 'Object Repository/OMVA_Login_Page/InvalidLogin_HeaderTxt' is: 'Invalid Credentials'

2018-07-05 10:27:24 - [MESSAGE][PASSED] - Text of object 'Object Repository/OMVA_Login_Page/InvalidLogin_HeaderTxt' is: 'Invalid Credentials'

2018-07-05 10:27:24 - [TEST_STEP][PASSED] - verifyMatch: Actual text 'Invalid Credentials' and expected text 'Invalid Credentials' are matched  using regular expression

2018-07-05 10:27:24 - [MESSAGE][PASSED] - Actual text 'Invalid Credentials' and expected text 'Invalid Credentials' are matched  using regular expression

2018-07-05 10:27:24 - [TEST_STEP][PASSED] - Statement - AContentTxt = com.kms.katalon.core.webui.keyword.WebUiBuiltInKeywords.getText(com.kms.katalon.core.testobject.ObjectRepository.findTestObject(OMVA_Login_Page/InvalidLogin_ContentTxt)): Text of object 'Object Repository/OMVA_Login_Page/InvalidLogin_ContentTxt' is: 'The specified username / password is invalid. Please try again.'

2018-07-05 10:27:24 - [MESSAGE][PASSED] - Text of object 'Object Repository/OMVA_Login_Page/InvalidLogin_ContentTxt' is: 'The specified username / password is invalid. Please try again.'

2018-07-05 10:27:24 - [TEST_STEP][PASSED] - verifyMatch: Actual text 'The specified username / password is invalid. Please try again.' and expected text 'The specified username / password is invalid. Please try again.' are matched  using regular expression

2018-07-05 10:27:24 - [MESSAGE][PASSED] - Actual text 'The specified username / password is invalid. Please try again.' and expected text 'The specified username / password is invalid. Please try again.' are matched  using regular expression

2018-07-05 10:27:24 - [TEST_STEP][PASSED] - waitForElementVisible: Object 'Object Repository/OMVA_Login_Page/InvalidLogin_OKbtn' is visible

2018-07-05 10:27:24 - [MESSAGE][PASSED] - Object 'Object Repository/OMVA_Login_Page/InvalidLogin_OKbtn' is visible

2018-07-05 10:27:24 - [TEST_STEP][PASSED] - Statement - assert true: null

2018-07-05 10:27:24 - [TEST_STEP][PASSED] - click: Object: 'Object Repository/OMVA_Login_Page/InvalidLogin_OKbtn' is clicked on

2018-07-05 10:27:24 - [MESSAGE][PASSED] - Object: 'Object Repository/OMVA_Login_Page/InvalidLogin_OKbtn' is clicked on

2018-07-05 10:27:24 - [TEST_STEP][PASSED] - closeBrowser: Browser is closed

2018-07-05 10:27:25 - [MESSAGE][PASSED] - Browser is closed]]></system-out>
         <system-err><![CDATA[]]></system-err>
      </testcase>
      <testcase name="Test Cases/UserManagementTestCases/Login/Valid_Login" classname="Test Cases/UserManagementTestCases/Login/Valid_Login" status="PASSED">
         <system-out><![CDATA[2018-07-05 10:27:25 - [TEST_CASE][PASSED] - Test Cases/UserManagementTestCases/Login/Valid_Login: Test Cases/UserManagementTestCases/Login/Valid_Login

2018-07-05 10:27:25 - [TEST_STEP][PASSED] - callTestCase: Call Test Case 'Test Cases/CommonTestcases/OpenBrowserandNavigateToQAURL' successfully

2018-07-05 10:27:25 - [TEST_CASE][PASSED] - Test Cases/CommonTestcases/OpenBrowserandNavigateToQAURL: Test Cases/CommonTestcases/OpenBrowserandNavigateToQAURL

2018-07-05 10:27:25 - [TEST_STEP][PASSED] - openBrowser: Browser is opened with url: ''

2018-07-05 10:27:28 - [MESSAGE][PASSED] - Browser is opened with url: ''

2018-07-05 10:27:28 - [TEST_STEP][PASSED] - navigateToUrl: Navigate to 'https://coa-demo-env.azurewebsites.net/da/index.html#/login' successfully

2018-07-05 10:27:38 - [MESSAGE][PASSED] - Navigate to 'https://coa-demo-env.azurewebsites.net/da/index.html#/login' successfully

2018-07-05 10:27:38 - [TEST_STEP][PASSED] - maximizeWindow: Current window maximized

2018-07-05 10:27:39 - [MESSAGE][PASSED] - Current window maximized

2018-07-05 10:27:39 - [MESSAGE][PASSED] - Call Test Case 'Test Cases/CommonTestcases/OpenBrowserandNavigateToQAURL' successfully

2018-07-05 10:27:39 - [TEST_STEP][PASSED] - waitForElementVisible: Object 'Object Repository/OMVA_Login_Page/Username_Textbox' is visible

2018-07-05 10:27:39 - [MESSAGE][PASSED] - Object 'Object Repository/OMVA_Login_Page/Username_Textbox' is visible

2018-07-05 10:27:39 - [TEST_STEP][PASSED] - sendKeys: Keys 'SuperAdmin' sent to object: 'Object Repository/OMVA_Login_Page/Username_Textbox'

2018-07-05 10:27:39 - [MESSAGE][PASSED] - Keys 'SuperAdmin' sent to object: 'Object Repository/OMVA_Login_Page/Username_Textbox'

2018-07-05 10:27:39 - [TEST_STEP][PASSED] - click: Object: 'Object Repository/OMVA_Login_Page/Next_Button' is clicked on

2018-07-05 10:27:39 - [MESSAGE][PASSED] - Object: 'Object Repository/OMVA_Login_Page/Next_Button' is clicked on

2018-07-05 10:27:39 - [TEST_STEP][PASSED] - Statement - If (true): null

2018-07-05 10:27:39 - [TEST_STEP][PASSED] - waitForElementVisible: Object 'Object Repository/OMVA_Login_Page/Password_Textbox' is visible

2018-07-05 10:27:39 - [MESSAGE][PASSED] - Object 'Object Repository/OMVA_Login_Page/Password_Textbox' is visible

2018-07-05 10:27:39 - [TEST_STEP][PASSED] - Statement - assert true: null

2018-07-05 10:27:39 - [TEST_STEP][PASSED] - sendKeys: Keys 'SuperAdmin' sent to object: 'Object Repository/OMVA_Login_Page/Password_Textbox'

2018-07-05 10:27:40 - [MESSAGE][PASSED] - Keys 'SuperAdmin' sent to object: 'Object Repository/OMVA_Login_Page/Password_Textbox'

2018-07-05 10:27:40 - [TEST_STEP][PASSED] - click: Object: 'Object Repository/OMVA_Login_Page/Signin_Button' is clicked on

2018-07-05 10:27:40 - [MESSAGE][PASSED] - Object: 'Object Repository/OMVA_Login_Page/Signin_Button' is clicked on

2018-07-05 10:27:40 - [TEST_STEP][PASSED] - waitForAngularLoad: This page doesn't use Angular.

2018-07-05 10:27:40 - [MESSAGE][WARNING] - This page doesn't use Angular.

2018-07-05 10:27:40 - [TEST_STEP][PASSED] - Statement - greetingtext = com.kms.katalon.core.webui.keyword.WebUiBuiltInKeywords.getText(com.kms.katalon.core.testobject.ObjectRepository.findTestObject(OMVA_Landing_Page/Greeting_Label)): Text of object 'Object Repository/OMVA_Landing_Page/Greeting_Label' is: 'Good Morning, SuperAdmin'

2018-07-05 10:27:40 - [MESSAGE][PASSED] - Text of object 'Object Repository/OMVA_Landing_Page/Greeting_Label' is: 'Good Morning, SuperAdmin'

2018-07-05 10:27:40 - [TEST_STEP][PASSED] - verifyMatch: Actual text 'Good Morning, SuperAdmin' and expected text '\D*SuperAdmin' are matched  using regular expression

2018-07-05 10:27:40 - [MESSAGE][PASSED] - Actual text 'Good Morning, SuperAdmin' and expected text '\D*SuperAdmin' are matched  using regular expression

2018-07-05 10:27:40 - [TEST_STEP][PASSED] - closeBrowser: Browser is closed

2018-07-05 10:27:41 - [MESSAGE][PASSED] - Browser is closed]]></system-out>
         <system-err><![CDATA[]]></system-err>
      </testcase>
      <testcase name="Test Cases/UserManagementTestCases/CreateUser/Create_User_Validate" classname="Test Cases/UserManagementTestCases/CreateUser/Create_User_Validate" status="PASSED">
         <system-out><![CDATA[2018-07-05 10:27:41 - [TEST_CASE][PASSED] - Test Cases/UserManagementTestCases/CreateUser/Create_User_Validate: Test Cases/UserManagementTestCases/CreateUser/Create_User_Validate

2018-07-05 10:27:41 - [TEST_STEP][PASSED] - callTestCase: Call Test Case 'Test Cases/CommonTestcases/OpenBrowserandNavigateToQAURL' successfully

2018-07-05 10:27:41 - [TEST_CASE][PASSED] - Test Cases/CommonTestcases/OpenBrowserandNavigateToQAURL: Test Cases/CommonTestcases/OpenBrowserandNavigateToQAURL

2018-07-05 10:27:41 - [TEST_STEP][PASSED] - openBrowser: Browser is opened with url: ''

2018-07-05 10:27:44 - [MESSAGE][PASSED] - Browser is opened with url: ''

2018-07-05 10:27:44 - [TEST_STEP][PASSED] - navigateToUrl: Navigate to 'https://coa-demo-env.azurewebsites.net/da/index.html#/login' successfully

2018-07-05 10:27:54 - [MESSAGE][PASSED] - Navigate to 'https://coa-demo-env.azurewebsites.net/da/index.html#/login' successfully

2018-07-05 10:27:54 - [TEST_STEP][PASSED] - maximizeWindow: Current window maximized

2018-07-05 10:27:54 - [MESSAGE][PASSED] - Current window maximized

2018-07-05 10:27:54 - [MESSAGE][PASSED] - Call Test Case 'Test Cases/CommonTestcases/OpenBrowserandNavigateToQAURL' successfully

2018-07-05 10:27:54 - [TEST_STEP][PASSED] - waitForElementVisible: Object 'Object Repository/OMVA_Login_Page/Username_Textbox' is visible

2018-07-05 10:27:54 - [MESSAGE][PASSED] - Object 'Object Repository/OMVA_Login_Page/Username_Textbox' is visible

2018-07-05 10:27:54 - [TEST_STEP][PASSED] - sendKeys: Keys 'SuperAdmin' sent to object: 'Object Repository/OMVA_Login_Page/Username_Textbox'

2018-07-05 10:27:54 - [MESSAGE][PASSED] - Keys 'SuperAdmin' sent to object: 'Object Repository/OMVA_Login_Page/Username_Textbox'

2018-07-05 10:27:54 - [TEST_STEP][PASSED] - click: Object: 'Object Repository/OMVA_Login_Page/Next_Button' is clicked on

2018-07-05 10:27:54 - [MESSAGE][PASSED] - Object: 'Object Repository/OMVA_Login_Page/Next_Button' is clicked on

2018-07-05 10:27:54 - [TEST_STEP][PASSED] - waitForElementVisible: Object 'Object Repository/OMVA_Login_Page/Password_Textbox' is visible

2018-07-05 10:27:55 - [MESSAGE][PASSED] - Object 'Object Repository/OMVA_Login_Page/Password_Textbox' is visible

2018-07-05 10:27:55 - [TEST_STEP][PASSED] - sendKeys: Keys 'SuperAdmin' sent to object: 'Object Repository/OMVA_Login_Page/Password_Textbox'

2018-07-05 10:27:55 - [MESSAGE][PASSED] - Keys 'SuperAdmin' sent to object: 'Object Repository/OMVA_Login_Page/Password_Textbox'

2018-07-05 10:27:55 - [TEST_STEP][PASSED] - click: Object: 'Object Repository/OMVA_Login_Page/Signin_Button' is clicked on

2018-07-05 10:27:55 - [MESSAGE][PASSED] - Object: 'Object Repository/OMVA_Login_Page/Signin_Button' is clicked on

2018-07-05 10:27:55 - [TEST_STEP][PASSED] - waitForPageLoad: Wait for page load successfully

2018-07-05 10:27:55 - [MESSAGE][PASSED] - Wait for page load successfully

2018-07-05 10:27:55 - [TEST_STEP][PASSED] - delay: Delayed 5 second(s)

2018-07-05 10:28:00 - [MESSAGE][PASSED] - Delayed 5 second(s)

2018-07-05 10:28:00 - [TEST_STEP][PASSED] - waitForElementPresent: Object 'Object Repository/OMVA_Landing_Page/CreateUser_Button' is present

2018-07-05 10:28:00 - [MESSAGE][PASSED] - Object 'Object Repository/OMVA_Landing_Page/CreateUser_Button' is present

2018-07-05 10:28:00 - [TEST_STEP][PASSED] - click: Object: 'Object Repository/OMVA_Landing_Page/CreateUser_Button' is clicked on

2018-07-05 10:28:00 - [MESSAGE][PASSED] - Object: 'Object Repository/OMVA_Landing_Page/CreateUser_Button' is clicked on

2018-07-05 10:28:00 - [TEST_STEP][PASSED] - delay: Delayed 3 second(s)

2018-07-05 10:28:03 - [MESSAGE][PASSED] - Delayed 3 second(s)

2018-07-05 10:28:03 - [TEST_STEP][PASSED] - waitForElementPresent: Object 'Object Repository/OMVA_UserManagement_Page/Role_Dropdown' is present

2018-07-05 10:28:03 - [MESSAGE][PASSED] - Object 'Object Repository/OMVA_UserManagement_Page/Role_Dropdown' is present

2018-07-05 10:28:03 - [TEST_STEP][PASSED] - Statement - If (true): null

2018-07-05 10:28:03 - [TEST_STEP][PASSED] - click: Object: 'Object Repository/OMVA_UserManagement_Page/Role_Dropdown' is clicked on

2018-07-05 10:28:03 - [MESSAGE][PASSED] - Object: 'Object Repository/OMVA_UserManagement_Page/Role_Dropdown' is clicked on

2018-07-05 10:28:03 - [TEST_STEP][PASSED] - Statement - assert true: null

2018-07-05 10:28:03 - [TEST_STEP][PASSED] - scrollToElement: Scroll to object 'Object Repository/OMVA_UserManagement_Page/DropdownOption_RoleDropdown_Market Admin' successfully

2018-07-05 10:28:03 - [MESSAGE][WARNING] - Timeout '0' is invalid. Using default page load timeout: '15'

2018-07-05 10:28:03 - [MESSAGE][PASSED] - Scroll to object 'Object Repository/OMVA_UserManagement_Page/DropdownOption_RoleDropdown_Market Admin' successfully

2018-07-05 10:28:03 - [TEST_STEP][PASSED] - click: Object: 'Object Repository/OMVA_UserManagement_Page/DropdownOption_RoleDropdown_Market Admin' is clicked on

2018-07-05 10:28:04 - [MESSAGE][PASSED] - Object: 'Object Repository/OMVA_UserManagement_Page/DropdownOption_RoleDropdown_Market Admin' is clicked on

2018-07-05 10:28:04 - [TEST_STEP][PASSED] - Statement - username = CustomKeywords.commonLibrary.commonFunctions.randomStringFunction("abcdefghijklmnopqrstuvwxyz", 6): commonLibrary.commonFunctions.randomStringFunction is PASSED

2018-07-05 10:28:04 - [MESSAGE][PASSED] - commonLibrary.commonFunctions.randomStringFunction is PASSED

2018-07-05 10:28:04 - [TEST_STEP][PASSED] - Statement - println(username): null

2018-07-05 10:28:04 - [TEST_STEP][PASSED] - Statement - uname = username.toString(): null

2018-07-05 10:28:04 - [TEST_STEP][PASSED] - sendKeys: Keys 'nwqzki' sent to object: 'Object Repository/OMVA_UserManagement_Page/UserName_Textbox'

2018-07-05 10:28:04 - [MESSAGE][PASSED] - Keys 'nwqzki' sent to object: 'Object Repository/OMVA_UserManagement_Page/UserName_Textbox'

2018-07-05 10:28:04 - [TEST_STEP][PASSED] - Statement - emailidprefix = CustomKeywords.commonLibrary.commonFunctions.randomStringFunction("abcdefghijklmnopqrstuvwxyz", 9): commonLibrary.commonFunctions.randomStringFunction is PASSED

2018-07-05 10:28:04 - [MESSAGE][PASSED] - commonLibrary.commonFunctions.randomStringFunction is PASSED

2018-07-05 10:28:04 - [TEST_STEP][PASSED] - sendKeys: Keys 'xpwtzqcjo@autotestpg.com' sent to object: 'Object Repository/OMVA_UserManagement_Page/EmailID_Textbox'

2018-07-05 10:28:04 - [MESSAGE][PASSED] - Keys 'xpwtzqcjo@autotestpg.com' sent to object: 'Object Repository/OMVA_UserManagement_Page/EmailID_Textbox'

2018-07-05 10:28:04 - [TEST_STEP][PASSED] - Statement - firstname = CustomKeywords.commonLibrary.commonFunctions.randomStringFunction("abcdefghijklmnopqrstuvwxyz", 7): commonLibrary.commonFunctions.randomStringFunction is PASSED

2018-07-05 10:28:04 - [MESSAGE][PASSED] - commonLibrary.commonFunctions.randomStringFunction is PASSED

2018-07-05 10:28:04 - [TEST_STEP][PASSED] - sendKeys: Keys 'thykvcv' sent to object: 'Object Repository/OMVA_UserManagement_Page/FirstName_Textbox'

2018-07-05 10:28:04 - [MESSAGE][PASSED] - Keys 'thykvcv' sent to object: 'Object Repository/OMVA_UserManagement_Page/FirstName_Textbox'

2018-07-05 10:28:04 - [TEST_STEP][PASSED] - Statement - lastname = CustomKeywords.commonLibrary.commonFunctions.randomStringFunction("abcdefghijklmnopqrstuvwxyz", 7): commonLibrary.commonFunctions.randomStringFunction is PASSED

2018-07-05 10:28:04 - [MESSAGE][PASSED] - commonLibrary.commonFunctions.randomStringFunction is PASSED

2018-07-05 10:28:04 - [TEST_STEP][PASSED] - sendKeys: Keys 'zplclem' sent to object: 'Object Repository/OMVA_UserManagement_Page/LastName_Textbox'

2018-07-05 10:28:04 - [MESSAGE][PASSED] - Keys 'zplclem' sent to object: 'Object Repository/OMVA_UserManagement_Page/LastName_Textbox'

2018-07-05 10:28:04 - [TEST_STEP][PASSED] - Statement - ticketnum = CustomKeywords.commonLibrary.commonFunctions.randomStringFunction("123456789", 7): commonLibrary.commonFunctions.randomStringFunction is PASSED

2018-07-05 10:28:04 - [MESSAGE][PASSED] - commonLibrary.commonFunctions.randomStringFunction is PASSED

2018-07-05 10:28:04 - [TEST_STEP][PASSED] - sendKeys: Keys '8281784' sent to object: 'Object Repository/OMVA_UserManagement_Page/TicketNumber_Textbox'

2018-07-05 10:28:04 - [MESSAGE][PASSED] - Keys '8281784' sent to object: 'Object Repository/OMVA_UserManagement_Page/TicketNumber_Textbox'

2018-07-05 10:28:04 - [TEST_STEP][PASSED] - click: Object: 'Object Repository/OMVA_UserManagement_Page/Next_Button' is clicked on

2018-07-05 10:28:05 - [MESSAGE][PASSED] - Object: 'Object Repository/OMVA_UserManagement_Page/Next_Button' is clicked on

2018-07-05 10:28:05 - [TEST_STEP][PASSED] - applicationLibrary.checkboxMultiselection.multiselectCheckbox: applicationLibrary.checkboxMultiselection.multiselectCheckbox is PASSED

2018-07-05 10:28:07 - [MESSAGE][PASSED] - applicationLibrary.checkboxMultiselection.multiselectCheckbox is PASSED

2018-07-05 10:28:07 - [TEST_STEP][PASSED] - scrollToElement: Scroll to object 'Object Repository/OMVA_UserManagement_Page/Customer_Next_Btn' successfully

2018-07-05 10:28:07 - [MESSAGE][PASSED] - Scroll to object 'Object Repository/OMVA_UserManagement_Page/Customer_Next_Btn' successfully

2018-07-05 10:28:07 - [TEST_STEP][PASSED] - click: Object: 'Object Repository/OMVA_UserManagement_Page/Customer_Next_Btn' is clicked on

2018-07-05 10:28:07 - [MESSAGE][PASSED] - Object: 'Object Repository/OMVA_UserManagement_Page/Customer_Next_Btn' is clicked on

2018-07-05 10:28:07 - [TEST_STEP][PASSED] - applicationLibrary.checkboxMultiselection.multiselectCheckbox: applicationLibrary.checkboxMultiselection.multiselectCheckbox is PASSED

2018-07-05 10:28:09 - [MESSAGE][PASSED] - applicationLibrary.checkboxMultiselection.multiselectCheckbox is PASSED

2018-07-05 10:28:09 - [TEST_STEP][PASSED] - click: Object: 'Object Repository/OMVA_UserManagement_Page/UserCreation_Save_Btn' is clicked on

2018-07-05 10:28:09 - [MESSAGE][PASSED] - Object: 'Object Repository/OMVA_UserManagement_Page/UserCreation_Save_Btn' is clicked on

2018-07-05 10:28:09 - [TEST_STEP][PASSED] - waitForElementPresent: Object 'Object Repository/OMVA_UserManagement_Page/UserCreation_HeaderTxt' is present

2018-07-05 10:28:10 - [MESSAGE][PASSED] - Object 'Object Repository/OMVA_UserManagement_Page/UserCreation_HeaderTxt' is present

2018-07-05 10:28:10 - [TEST_STEP][PASSED] - verifyElementText: Actual text and expected text of test object 'Object Repository/OMVA_UserManagement_Page/UserCreation_HeaderTxt' are matched.

2018-07-05 10:28:10 - [MESSAGE][PASSED] - Actual text and expected text of test object 'Object Repository/OMVA_UserManagement_Page/UserCreation_HeaderTxt' are matched.

2018-07-05 10:28:10 - [TEST_STEP][PASSED] - verifyElementText: Actual text and expected text of test object 'Object Repository/OMVA_UserManagement_Page/UserCreation_ContentTxt' are matched.

2018-07-05 10:28:10 - [MESSAGE][PASSED] - Actual text and expected text of test object 'Object Repository/OMVA_UserManagement_Page/UserCreation_ContentTxt' are matched.

2018-07-05 10:28:10 - [TEST_STEP][PASSED] - click: Object: 'Object Repository/OMVA_UserManagement_Page/UserCreation_OK_Btn' is clicked on

2018-07-05 10:28:10 - [MESSAGE][PASSED] - Object: 'Object Repository/OMVA_UserManagement_Page/UserCreation_OK_Btn' is clicked on

2018-07-05 10:28:10 - [TEST_STEP][PASSED] - delay: Delayed 5 second(s)

2018-07-05 10:28:15 - [MESSAGE][PASSED] - Delayed 5 second(s)

2018-07-05 10:28:15 - [TEST_STEP][PASSED] - waitForElementPresent: Object 'Object Repository/OMVA_UserManagement_Page/Created_User_Username' is present

2018-07-05 10:28:15 - [MESSAGE][PASSED] - Object 'Object Repository/OMVA_UserManagement_Page/Created_User_Username' is present

2018-07-05 10:28:15 - [TEST_STEP][PASSED] - Statement - createduser = com.kms.katalon.core.webui.keyword.WebUiBuiltInKeywords.getText(com.kms.katalon.core.testobject.ObjectRepository.findTestObject(OMVA_UserManagement_Page/Created_User_Username)): Text of object 'Object Repository/OMVA_UserManagement_Page/Created_User_Username' is: 'thykvcv zplclem'

2018-07-05 10:28:15 - [MESSAGE][PASSED] - Text of object 'Object Repository/OMVA_UserManagement_Page/Created_User_Username' is: 'thykvcv zplclem'

2018-07-05 10:28:15 - [TEST_STEP][PASSED] - Statement - createduser = com.kms.katalon.core.webui.keyword.WebUiBuiltInKeywords.verifyMatch(createduser, firstname + " " + lastname, true): Actual text 'thykvcv zplclem' and expected text 'thykvcv zplclem' are matched  using regular expression

2018-07-05 10:28:15 - [MESSAGE][PASSED] - Actual text 'thykvcv zplclem' and expected text 'thykvcv zplclem' are matched  using regular expression

2018-07-05 10:28:15 - [TEST_STEP][PASSED] - dataBaseConnection.dataBase.connectDB: dataBaseConnection.dataBase.connectDB is PASSED

2018-07-05 10:28:20 - [MESSAGE][PASSED] - dataBaseConnection.dataBase.connectDB is PASSED

2018-07-05 10:28:20 - [TEST_STEP][PASSED] - dataBaseConnection.dataBase.executeQuery: dataBaseConnection.dataBase.executeQuery is PASSED

2018-07-05 10:28:20 - [MESSAGE][PASSED] - dataBaseConnection.dataBase.executeQuery is PASSED

2018-07-05 10:28:20 - [TEST_STEP][PASSED] - dataBaseConnection.dataBase.closeDatabaseConnection: dataBaseConnection.dataBase.closeDatabaseConnection is PASSED

2018-07-05 10:28:20 - [MESSAGE][PASSED] - dataBaseConnection.dataBase.closeDatabaseConnection is PASSED

2018-07-05 10:28:20 - [TEST_STEP][PASSED] - delay: Delayed 2 second(s)

2018-07-05 10:28:22 - [MESSAGE][PASSED] - Delayed 2 second(s)

2018-07-05 10:28:22 - [TEST_STEP][PASSED] - closeBrowser: Browser is closed

2018-07-05 10:28:23 - [MESSAGE][PASSED] - Browser is closed]]></system-out>
         <system-err><![CDATA[]]></system-err>
      </testcase>
      <testcase name="Test Cases/UserManagementTestCases/CreateUser/Verify_InValid_Email" classname="Test Cases/UserManagementTestCases/CreateUser/Verify_InValid_Email" status="PASSED">
         <system-out><![CDATA[2018-07-05 10:28:23 - [TEST_CASE][PASSED] - Test Cases/UserManagementTestCases/CreateUser/Verify_InValid_Email: Test Cases/UserManagementTestCases/CreateUser/Verify_InValid_Email

2018-07-05 10:28:23 - [TEST_STEP][PASSED] - callTestCase: Call Test Case 'Test Cases/CommonTestcases/OpenBrowserandNavigateToQAURL' successfully

2018-07-05 10:28:23 - [TEST_CASE][PASSED] - Test Cases/CommonTestcases/OpenBrowserandNavigateToQAURL: Test Cases/CommonTestcases/OpenBrowserandNavigateToQAURL

2018-07-05 10:28:23 - [TEST_STEP][PASSED] - openBrowser: Browser is opened with url: ''

2018-07-05 10:28:27 - [MESSAGE][PASSED] - Browser is opened with url: ''

2018-07-05 10:28:27 - [TEST_STEP][PASSED] - navigateToUrl: Navigate to 'https://coa-demo-env.azurewebsites.net/da/index.html#/login' successfully

2018-07-05 10:28:40 - [MESSAGE][PASSED] - Navigate to 'https://coa-demo-env.azurewebsites.net/da/index.html#/login' successfully

2018-07-05 10:28:40 - [TEST_STEP][PASSED] - maximizeWindow: Current window maximized

2018-07-05 10:28:40 - [MESSAGE][PASSED] - Current window maximized

2018-07-05 10:28:40 - [MESSAGE][PASSED] - Call Test Case 'Test Cases/CommonTestcases/OpenBrowserandNavigateToQAURL' successfully

2018-07-05 10:28:40 - [TEST_STEP][PASSED] - waitForElementVisible: Object 'Object Repository/OMVA_Login_Page/Username_Textbox' is visible

2018-07-05 10:28:41 - [MESSAGE][PASSED] - Object 'Object Repository/OMVA_Login_Page/Username_Textbox' is visible

2018-07-05 10:28:41 - [TEST_STEP][PASSED] - sendKeys: Keys 'SuperAdmin' sent to object: 'Object Repository/OMVA_Login_Page/Username_Textbox'

2018-07-05 10:28:41 - [MESSAGE][PASSED] - Keys 'SuperAdmin' sent to object: 'Object Repository/OMVA_Login_Page/Username_Textbox'

2018-07-05 10:28:41 - [TEST_STEP][PASSED] - click: Object: 'Object Repository/OMVA_Login_Page/Next_Button' is clicked on

2018-07-05 10:28:41 - [MESSAGE][PASSED] - Object: 'Object Repository/OMVA_Login_Page/Next_Button' is clicked on

2018-07-05 10:28:41 - [TEST_STEP][PASSED] - waitForElementVisible: Object 'Object Repository/OMVA_Login_Page/Password_Textbox' is visible

2018-07-05 10:28:41 - [MESSAGE][PASSED] - Object 'Object Repository/OMVA_Login_Page/Password_Textbox' is visible

2018-07-05 10:28:41 - [TEST_STEP][PASSED] - sendKeys: Keys 'SuperAdmin' sent to object: 'Object Repository/OMVA_Login_Page/Password_Textbox'

2018-07-05 10:28:42 - [MESSAGE][PASSED] - Keys 'SuperAdmin' sent to object: 'Object Repository/OMVA_Login_Page/Password_Textbox'

2018-07-05 10:28:42 - [TEST_STEP][PASSED] - click: Object: 'Object Repository/OMVA_Login_Page/Signin_Button' is clicked on

2018-07-05 10:28:42 - [MESSAGE][PASSED] - Object: 'Object Repository/OMVA_Login_Page/Signin_Button' is clicked on

2018-07-05 10:28:42 - [TEST_STEP][PASSED] - waitForAngularLoad: This page doesn't use Angular.

2018-07-05 10:28:42 - [MESSAGE][WARNING] - This page doesn't use Angular.

2018-07-05 10:28:42 - [TEST_STEP][PASSED] - delay: Delayed 5 second(s)

2018-07-05 10:28:47 - [MESSAGE][PASSED] - Delayed 5 second(s)

2018-07-05 10:28:47 - [TEST_STEP][PASSED] - waitForElementPresent: Object 'Object Repository/OMVA_Landing_Page/CreateUser_Button' is present

2018-07-05 10:28:47 - [MESSAGE][PASSED] - Object 'Object Repository/OMVA_Landing_Page/CreateUser_Button' is present

2018-07-05 10:28:47 - [TEST_STEP][PASSED] - click: Object: 'Object Repository/OMVA_Landing_Page/CreateUser_Button' is clicked on

2018-07-05 10:28:47 - [MESSAGE][PASSED] - Object: 'Object Repository/OMVA_Landing_Page/CreateUser_Button' is clicked on

2018-07-05 10:28:47 - [TEST_STEP][PASSED] - waitForElementPresent: Object 'Object Repository/OMVA_UserManagement_Page/Role_Dropdown' is present

2018-07-05 10:28:47 - [MESSAGE][PASSED] - Object 'Object Repository/OMVA_UserManagement_Page/Role_Dropdown' is present

2018-07-05 10:28:47 - [TEST_STEP][PASSED] - delay: Delayed 4 second(s)

2018-07-05 10:28:51 - [MESSAGE][PASSED] - Delayed 4 second(s)

2018-07-05 10:28:51 - [TEST_STEP][PASSED] - click: Object: 'Object Repository/OMVA_UserManagement_Page/Role_Dropdown' is clicked on

2018-07-05 10:28:51 - [MESSAGE][PASSED] - Object: 'Object Repository/OMVA_UserManagement_Page/Role_Dropdown' is clicked on

2018-07-05 10:28:51 - [TEST_STEP][PASSED] - scrollToElement: Scroll to object 'Object Repository/OMVA_UserManagement_Page/DropdownOption_RoleDropdown_Market Admin' successfully

2018-07-05 10:28:51 - [MESSAGE][WARNING] - Timeout '0' is invalid. Using default page load timeout: '15'

2018-07-05 10:28:51 - [MESSAGE][PASSED] - Scroll to object 'Object Repository/OMVA_UserManagement_Page/DropdownOption_RoleDropdown_Market Admin' successfully

2018-07-05 10:28:51 - [TEST_STEP][PASSED] - click: Object: 'Object Repository/OMVA_UserManagement_Page/DropdownOption_RoleDropdown_Market Admin' is clicked on

2018-07-05 10:28:51 - [MESSAGE][PASSED] - Object: 'Object Repository/OMVA_UserManagement_Page/DropdownOption_RoleDropdown_Market Admin' is clicked on

2018-07-05 10:28:51 - [TEST_STEP][PASSED] - sendKeys: Keys 'kartik' sent to object: 'Object Repository/OMVA_UserManagement_Page/UserName_Textbox'

2018-07-05 10:28:51 - [MESSAGE][PASSED] - Keys 'kartik' sent to object: 'Object Repository/OMVA_UserManagement_Page/UserName_Textbox'

2018-07-05 10:28:51 - [TEST_STEP][PASSED] - sendKeys: Keys 'wwww' sent to object: 'Object Repository/OMVA_UserManagement_Page/EmailID_Textbox'

2018-07-05 10:28:51 - [MESSAGE][PASSED] - Keys 'wwww' sent to object: 'Object Repository/OMVA_UserManagement_Page/EmailID_Textbox'

2018-07-05 10:28:51 - [TEST_STEP][PASSED] - sendKeys: Keys 'firstName' sent to object: 'Object Repository/OMVA_UserManagement_Page/FirstName_Textbox'

2018-07-05 10:28:52 - [MESSAGE][PASSED] - Keys 'firstName' sent to object: 'Object Repository/OMVA_UserManagement_Page/FirstName_Textbox'

2018-07-05 10:28:52 - [TEST_STEP][PASSED] - Statement - ActualInvalidMsg = com.kms.katalon.core.webui.keyword.WebUiBuiltInKeywords.getText(com.kms.katalon.core.testobject.ObjectRepository.findTestObject(OMVA_UserManagement_Page/Email_Invalid_Msg)): Text of object 'Object Repository/OMVA_UserManagement_Page/Email_Invalid_Msg' is: 'Incorrect email ID.'

2018-07-05 10:28:52 - [MESSAGE][PASSED] - Text of object 'Object Repository/OMVA_UserManagement_Page/Email_Invalid_Msg' is: 'Incorrect email ID.'

2018-07-05 10:28:52 - [TEST_STEP][PASSED] - verifyMatch: Actual text 'Incorrect email ID.' and expected text 'Incorrect email ID.' are matched  using regular expression

2018-07-05 10:28:52 - [MESSAGE][PASSED] - Actual text 'Incorrect email ID.' and expected text 'Incorrect email ID.' are matched  using regular expression

2018-07-05 10:28:52 - [TEST_STEP][PASSED] - closeBrowser: Browser is closed

2018-07-05 10:28:52 - [MESSAGE][PASSED] - Browser is closed]]></system-out>
         <system-err><![CDATA[]]></system-err>
      </testcase>
      <testcase name="Test Cases/UserManagementTestCases/CreateUser/Verify_SaveExit_Btn" classname="Test Cases/UserManagementTestCases/CreateUser/Verify_SaveExit_Btn" status="PASSED">
         <system-out><![CDATA[2018-07-05 10:28:52 - [TEST_CASE][PASSED] - Test Cases/UserManagementTestCases/CreateUser/Verify_SaveExit_Btn: Test Cases/UserManagementTestCases/CreateUser/Verify_SaveExit_Btn

2018-07-05 10:28:53 - [TEST_STEP][PASSED] - callTestCase: Call Test Case 'Test Cases/CommonTestcases/OpenBrowserandNavigateToQAURL' successfully

2018-07-05 10:28:53 - [TEST_CASE][PASSED] - Test Cases/CommonTestcases/OpenBrowserandNavigateToQAURL: Test Cases/CommonTestcases/OpenBrowserandNavigateToQAURL

2018-07-05 10:28:53 - [TEST_STEP][PASSED] - openBrowser: Browser is opened with url: ''

2018-07-05 10:28:57 - [MESSAGE][PASSED] - Browser is opened with url: ''

2018-07-05 10:28:57 - [TEST_STEP][PASSED] - navigateToUrl: Navigate to 'https://coa-demo-env.azurewebsites.net/da/index.html#/login' successfully

2018-07-05 10:29:06 - [MESSAGE][PASSED] - Navigate to 'https://coa-demo-env.azurewebsites.net/da/index.html#/login' successfully

2018-07-05 10:29:06 - [TEST_STEP][PASSED] - maximizeWindow: Current window maximized

2018-07-05 10:29:06 - [MESSAGE][PASSED] - Current window maximized

2018-07-05 10:29:06 - [MESSAGE][PASSED] - Call Test Case 'Test Cases/CommonTestcases/OpenBrowserandNavigateToQAURL' successfully

2018-07-05 10:29:06 - [TEST_STEP][PASSED] - waitForElementVisible: Object 'Object Repository/OMVA_Login_Page/Username_Textbox' is visible

2018-07-05 10:29:06 - [MESSAGE][PASSED] - Object 'Object Repository/OMVA_Login_Page/Username_Textbox' is visible

2018-07-05 10:29:06 - [TEST_STEP][PASSED] - sendKeys: Keys 'SuperAdmin' sent to object: 'Object Repository/OMVA_Login_Page/Username_Textbox'

2018-07-05 10:29:06 - [MESSAGE][PASSED] - Keys 'SuperAdmin' sent to object: 'Object Repository/OMVA_Login_Page/Username_Textbox'

2018-07-05 10:29:06 - [TEST_STEP][PASSED] - click: Object: 'Object Repository/OMVA_Login_Page/Next_Button' is clicked on

2018-07-05 10:29:06 - [MESSAGE][PASSED] - Object: 'Object Repository/OMVA_Login_Page/Next_Button' is clicked on

2018-07-05 10:29:06 - [TEST_STEP][PASSED] - waitForElementVisible: Object 'Object Repository/OMVA_Login_Page/Password_Textbox' is visible

2018-07-05 10:29:07 - [MESSAGE][PASSED] - Object 'Object Repository/OMVA_Login_Page/Password_Textbox' is visible

2018-07-05 10:29:07 - [TEST_STEP][PASSED] - sendKeys: Keys 'SuperAdmin' sent to object: 'Object Repository/OMVA_Login_Page/Password_Textbox'

2018-07-05 10:29:07 - [MESSAGE][PASSED] - Keys 'SuperAdmin' sent to object: 'Object Repository/OMVA_Login_Page/Password_Textbox'

2018-07-05 10:29:07 - [TEST_STEP][PASSED] - click: Object: 'Object Repository/OMVA_Login_Page/Signin_Button' is clicked on

2018-07-05 10:29:07 - [MESSAGE][PASSED] - Object: 'Object Repository/OMVA_Login_Page/Signin_Button' is clicked on

2018-07-05 10:29:07 - [TEST_STEP][PASSED] - delay: Delayed 5 second(s)

2018-07-05 10:29:12 - [MESSAGE][PASSED] - Delayed 5 second(s)

2018-07-05 10:29:12 - [TEST_STEP][PASSED] - waitForElementPresent: Object 'Object Repository/OMVA_Landing_Page/CreateUser_Button' is present

2018-07-05 10:29:12 - [MESSAGE][PASSED] - Object 'Object Repository/OMVA_Landing_Page/CreateUser_Button' is present

2018-07-05 10:29:12 - [TEST_STEP][PASSED] - click: Object: 'Object Repository/OMVA_Landing_Page/CreateUser_Button' is clicked on

2018-07-05 10:29:12 - [MESSAGE][PASSED] - Object: 'Object Repository/OMVA_Landing_Page/CreateUser_Button' is clicked on

2018-07-05 10:29:12 - [TEST_STEP][PASSED] - delay: Delayed 5 second(s)

2018-07-05 10:29:17 - [MESSAGE][PASSED] - Delayed 5 second(s)

2018-07-05 10:29:17 - [TEST_STEP][PASSED] - waitForElementPresent: Object 'Object Repository/OMVA_UserManagement_Page/Role_Dropdown' is present

2018-07-05 10:29:17 - [MESSAGE][PASSED] - Object 'Object Repository/OMVA_UserManagement_Page/Role_Dropdown' is present

2018-07-05 10:29:17 - [TEST_STEP][PASSED] - click: Object: 'Object Repository/OMVA_UserManagement_Page/Role_Dropdown' is clicked on

2018-07-05 10:29:17 - [MESSAGE][PASSED] - Object: 'Object Repository/OMVA_UserManagement_Page/Role_Dropdown' is clicked on

2018-07-05 10:29:17 - [TEST_STEP][PASSED] - scrollToElement: Scroll to object 'Object Repository/OMVA_UserManagement_Page/DropdownOption_RoleDropdown_Market Admin' successfully

2018-07-05 10:29:17 - [MESSAGE][WARNING] - Timeout '0' is invalid. Using default page load timeout: '15'

2018-07-05 10:29:17 - [MESSAGE][PASSED] - Scroll to object 'Object Repository/OMVA_UserManagement_Page/DropdownOption_RoleDropdown_Market Admin' successfully

2018-07-05 10:29:17 - [TEST_STEP][PASSED] - click: Object: 'Object Repository/OMVA_UserManagement_Page/DropdownOption_RoleDropdown_Market Admin' is clicked on

2018-07-05 10:29:17 - [MESSAGE][PASSED] - Object: 'Object Repository/OMVA_UserManagement_Page/DropdownOption_RoleDropdown_Market Admin' is clicked on

2018-07-05 10:29:17 - [TEST_STEP][PASSED] - Statement - username = CustomKeywords.commonLibrary.commonFunctions.randomStringFunction("abcdefghijklmnopqrstuvwxyz", 6): commonLibrary.commonFunctions.randomStringFunction is PASSED

2018-07-05 10:29:17 - [MESSAGE][PASSED] - commonLibrary.commonFunctions.randomStringFunction is PASSED

2018-07-05 10:29:17 - [TEST_STEP][PASSED] - sendKeys: Keys 'tkwqpb' sent to object: 'Object Repository/OMVA_UserManagement_Page/UserName_Textbox'

2018-07-05 10:29:18 - [MESSAGE][PASSED] - Keys 'tkwqpb' sent to object: 'Object Repository/OMVA_UserManagement_Page/UserName_Textbox'

2018-07-05 10:29:18 - [TEST_STEP][PASSED] - Statement - emailidprefix = CustomKeywords.commonLibrary.commonFunctions.randomStringFunction("abcdefghijklmnopqrstuvwxyz", 9): commonLibrary.commonFunctions.randomStringFunction is PASSED

2018-07-05 10:29:18 - [MESSAGE][PASSED] - commonLibrary.commonFunctions.randomStringFunction is PASSED

2018-07-05 10:29:18 - [TEST_STEP][PASSED] - sendKeys: Keys 'uqgzenrqk@autotestpg.com' sent to object: 'Object Repository/OMVA_UserManagement_Page/EmailID_Textbox'

2018-07-05 10:29:18 - [MESSAGE][PASSED] - Keys 'uqgzenrqk@autotestpg.com' sent to object: 'Object Repository/OMVA_UserManagement_Page/EmailID_Textbox'

2018-07-05 10:29:18 - [TEST_STEP][PASSED] - Statement - firstname = CustomKeywords.commonLibrary.commonFunctions.randomStringFunction("abcdefghijklmnopqrstuvwxyz", 7): commonLibrary.commonFunctions.randomStringFunction is PASSED

2018-07-05 10:29:18 - [MESSAGE][PASSED] - commonLibrary.commonFunctions.randomStringFunction is PASSED

2018-07-05 10:29:18 - [TEST_STEP][PASSED] - sendKeys: Keys 'iivjxvv' sent to object: 'Object Repository/OMVA_UserManagement_Page/FirstName_Textbox'

2018-07-05 10:29:18 - [MESSAGE][PASSED] - Keys 'iivjxvv' sent to object: 'Object Repository/OMVA_UserManagement_Page/FirstName_Textbox'

2018-07-05 10:29:18 - [TEST_STEP][PASSED] - Statement - lastname = CustomKeywords.commonLibrary.commonFunctions.randomStringFunction("abcdefghijklmnopqrstuvwxyz", 7): commonLibrary.commonFunctions.randomStringFunction is PASSED

2018-07-05 10:29:18 - [MESSAGE][PASSED] - commonLibrary.commonFunctions.randomStringFunction is PASSED

2018-07-05 10:29:18 - [TEST_STEP][PASSED] - sendKeys: Keys 'izrksdz' sent to object: 'Object Repository/OMVA_UserManagement_Page/LastName_Textbox'

2018-07-05 10:29:18 - [MESSAGE][PASSED] - Keys 'izrksdz' sent to object: 'Object Repository/OMVA_UserManagement_Page/LastName_Textbox'

2018-07-05 10:29:18 - [TEST_STEP][PASSED] - Statement - ticketnum = CustomKeywords.commonLibrary.commonFunctions.randomStringFunction("123456789", 7): commonLibrary.commonFunctions.randomStringFunction is PASSED

2018-07-05 10:29:18 - [MESSAGE][PASSED] - commonLibrary.commonFunctions.randomStringFunction is PASSED

2018-07-05 10:29:18 - [TEST_STEP][PASSED] - sendKeys: Keys '5955483' sent to object: 'Object Repository/OMVA_UserManagement_Page/TicketNumber_Textbox'

2018-07-05 10:29:18 - [MESSAGE][PASSED] - Keys '5955483' sent to object: 'Object Repository/OMVA_UserManagement_Page/TicketNumber_Textbox'

2018-07-05 10:29:18 - [TEST_STEP][PASSED] - click: Object: 'Object Repository/OMVA_UserManagement_Page/SaveandExit_Button' is clicked on

2018-07-05 10:29:18 - [MESSAGE][PASSED] - Object: 'Object Repository/OMVA_UserManagement_Page/SaveandExit_Button' is clicked on

2018-07-05 10:29:18 - [TEST_STEP][PASSED] - delay: Delayed 4 second(s)

2018-07-05 10:29:22 - [MESSAGE][PASSED] - Delayed 4 second(s)

2018-07-05 10:29:22 - [TEST_STEP][PASSED] - waitForElementPresent: Object 'Object Repository/OMVA_UserManagement_Page/SaveExit_button_Htext' is present

2018-07-05 10:29:22 - [MESSAGE][PASSED] - Object 'Object Repository/OMVA_UserManagement_Page/SaveExit_button_Htext' is present

2018-07-05 10:29:22 - [TEST_STEP][PASSED] - Statement - assert true: null

2018-07-05 10:29:22 - [TEST_STEP][PASSED] - verifyElementText: Actual text and expected text of test object 'Object Repository/OMVA_UserManagement_Page/SaveExit_button_Htext' are matched.

2018-07-05 10:29:23 - [MESSAGE][PASSED] - Actual text and expected text of test object 'Object Repository/OMVA_UserManagement_Page/SaveExit_button_Htext' are matched.

2018-07-05 10:29:23 - [TEST_STEP][PASSED] - delay: Delayed 2 second(s)

2018-07-05 10:29:24 - [MESSAGE][PASSED] - Delayed 2 second(s)

2018-07-05 10:29:24 - [TEST_STEP][PASSED] - verifyElementText: Actual text and expected text of test object 'Object Repository/OMVA_UserManagement_Page/SaveExit_button_Popup_Ctext' are matched.

2018-07-05 10:29:25 - [MESSAGE][PASSED] - Actual text and expected text of test object 'Object Repository/OMVA_UserManagement_Page/SaveExit_button_Popup_Ctext' are matched.

2018-07-05 10:29:25 - [TEST_STEP][PASSED] - Statement - assert true: null

2018-07-05 10:29:25 - [TEST_STEP][PASSED] - click: Object: 'Object Repository/OMVA_UserManagement_Page/SaveExit_button_Popup_OK' is clicked on

2018-07-05 10:29:25 - [MESSAGE][PASSED] - Object: 'Object Repository/OMVA_UserManagement_Page/SaveExit_button_Popup_OK' is clicked on

2018-07-05 10:29:25 - [TEST_STEP][PASSED] - Statement - greetingtext = com.kms.katalon.core.webui.keyword.WebUiBuiltInKeywords.getText(com.kms.katalon.core.testobject.ObjectRepository.findTestObject(OMVA_Landing_Page/Greeting_Label)): Text of object 'Object Repository/OMVA_Landing_Page/Greeting_Label' is: 'Good Morning, SuperAdmin'

2018-07-05 10:29:25 - [MESSAGE][PASSED] - Text of object 'Object Repository/OMVA_Landing_Page/Greeting_Label' is: 'Good Morning, SuperAdmin'

2018-07-05 10:29:25 - [TEST_STEP][PASSED] - verifyMatch: Actual text 'Good Morning, SuperAdmin' and expected text '\D*SuperAdmin' are matched  using regular expression

2018-07-05 10:29:25 - [MESSAGE][PASSED] - Actual text 'Good Morning, SuperAdmin' and expected text '\D*SuperAdmin' are matched  using regular expression

2018-07-05 10:29:25 - [TEST_STEP][PASSED] - closeBrowser: Browser is closed

2018-07-05 10:29:26 - [MESSAGE][PASSED] - Browser is closed]]></system-out>
         <system-err><![CDATA[]]></system-err>
      </testcase>
      <testcase name="Test Cases/UserManagementTestCases/CreateUser/Verifying_Duplicate_EmailID" classname="Test Cases/UserManagementTestCases/CreateUser/Verifying_Duplicate_EmailID" status="PASSED">
         <system-out><![CDATA[2018-07-05 10:29:26 - [TEST_CASE][PASSED] - Test Cases/UserManagementTestCases/CreateUser/Verifying_Duplicate_EmailID: Test Cases/UserManagementTestCases/CreateUser/Verifying_Duplicate_EmailID

2018-07-05 10:29:26 - [TEST_STEP][PASSED] - callTestCase: Call Test Case 'Test Cases/CommonTestcases/OpenBrowserandNavigateToQAURL' successfully

2018-07-05 10:29:26 - [TEST_CASE][PASSED] - Test Cases/CommonTestcases/OpenBrowserandNavigateToQAURL: Test Cases/CommonTestcases/OpenBrowserandNavigateToQAURL

2018-07-05 10:29:26 - [TEST_STEP][PASSED] - openBrowser: Browser is opened with url: ''

2018-07-05 10:29:29 - [MESSAGE][PASSED] - Browser is opened with url: ''

2018-07-05 10:29:29 - [TEST_STEP][PASSED] - navigateToUrl: Navigate to 'https://coa-demo-env.azurewebsites.net/da/index.html#/login' successfully

2018-07-05 10:29:41 - [MESSAGE][PASSED] - Navigate to 'https://coa-demo-env.azurewebsites.net/da/index.html#/login' successfully

2018-07-05 10:29:41 - [TEST_STEP][PASSED] - maximizeWindow: Current window maximized

2018-07-05 10:29:41 - [MESSAGE][PASSED] - Current window maximized

2018-07-05 10:29:41 - [MESSAGE][PASSED] - Call Test Case 'Test Cases/CommonTestcases/OpenBrowserandNavigateToQAURL' successfully

2018-07-05 10:29:41 - [TEST_STEP][PASSED] - waitForElementVisible: Object 'Object Repository/OMVA_Login_Page/Username_Textbox' is visible

2018-07-05 10:29:41 - [MESSAGE][PASSED] - Object 'Object Repository/OMVA_Login_Page/Username_Textbox' is visible

2018-07-05 10:29:41 - [TEST_STEP][PASSED] - sendKeys: Keys 'SuperAdmin' sent to object: 'Object Repository/OMVA_Login_Page/Username_Textbox'

2018-07-05 10:29:42 - [MESSAGE][PASSED] - Keys 'SuperAdmin' sent to object: 'Object Repository/OMVA_Login_Page/Username_Textbox'

2018-07-05 10:29:42 - [TEST_STEP][PASSED] - click: Object: 'Object Repository/OMVA_Login_Page/Next_Button' is clicked on

2018-07-05 10:29:42 - [MESSAGE][PASSED] - Object: 'Object Repository/OMVA_Login_Page/Next_Button' is clicked on

2018-07-05 10:29:42 - [TEST_STEP][PASSED] - waitForElementVisible: Object 'Object Repository/OMVA_Login_Page/Password_Textbox' is visible

2018-07-05 10:29:43 - [MESSAGE][PASSED] - Object 'Object Repository/OMVA_Login_Page/Password_Textbox' is visible

2018-07-05 10:29:43 - [TEST_STEP][PASSED] - sendKeys: Keys 'SuperAdmin' sent to object: 'Object Repository/OMVA_Login_Page/Password_Textbox'

2018-07-05 10:29:43 - [MESSAGE][PASSED] - Keys 'SuperAdmin' sent to object: 'Object Repository/OMVA_Login_Page/Password_Textbox'

2018-07-05 10:29:43 - [TEST_STEP][PASSED] - click: Object: 'Object Repository/OMVA_Login_Page/Signin_Button' is clicked on

2018-07-05 10:29:43 - [MESSAGE][PASSED] - Object: 'Object Repository/OMVA_Login_Page/Signin_Button' is clicked on

2018-07-05 10:29:43 - [TEST_STEP][PASSED] - waitForPageLoad: Wait for page load successfully

2018-07-05 10:29:43 - [MESSAGE][PASSED] - Wait for page load successfully

2018-07-05 10:29:43 - [TEST_STEP][PASSED] - delay: Delayed 4 second(s)

2018-07-05 10:29:47 - [MESSAGE][PASSED] - Delayed 4 second(s)

2018-07-05 10:29:47 - [TEST_STEP][PASSED] - Statement - If (true): null

2018-07-05 10:29:47 - [TEST_STEP][PASSED] - waitForElementPresent: Object 'Object Repository/OMVA_Landing_Page/CreateUser_Button' is present

2018-07-05 10:29:47 - [MESSAGE][PASSED] - Object 'Object Repository/OMVA_Landing_Page/CreateUser_Button' is present

2018-07-05 10:29:47 - [TEST_STEP][PASSED] - click: Object: 'Object Repository/OMVA_Landing_Page/CreateUser_Button' is clicked on

2018-07-05 10:29:47 - [MESSAGE][PASSED] - Object: 'Object Repository/OMVA_Landing_Page/CreateUser_Button' is clicked on

2018-07-05 10:29:47 - [TEST_STEP][PASSED] - Statement - assert true: null

2018-07-05 10:29:47 - [TEST_STEP][PASSED] - waitForElementPresent: Object 'Object Repository/OMVA_UserManagement_Page/Role_Dropdown' is present

2018-07-05 10:29:47 - [MESSAGE][PASSED] - Object 'Object Repository/OMVA_UserManagement_Page/Role_Dropdown' is present

2018-07-05 10:29:47 - [TEST_STEP][PASSED] - delay: Delayed 3 second(s)

2018-07-05 10:29:50 - [MESSAGE][PASSED] - Delayed 3 second(s)

2018-07-05 10:29:50 - [TEST_STEP][PASSED] - click: Object: 'Object Repository/OMVA_UserManagement_Page/Role_Dropdown' is clicked on

2018-07-05 10:29:50 - [MESSAGE][PASSED] - Object: 'Object Repository/OMVA_UserManagement_Page/Role_Dropdown' is clicked on

2018-07-05 10:29:50 - [TEST_STEP][PASSED] - scrollToElement: Scroll to object 'Object Repository/OMVA_UserManagement_Page/DropdownOption_RoleDropdown_Market Admin' successfully

2018-07-05 10:29:50 - [MESSAGE][WARNING] - Timeout '0' is invalid. Using default page load timeout: '15'

2018-07-05 10:29:50 - [MESSAGE][PASSED] - Scroll to object 'Object Repository/OMVA_UserManagement_Page/DropdownOption_RoleDropdown_Market Admin' successfully

2018-07-05 10:29:50 - [TEST_STEP][PASSED] - click: Object: 'Object Repository/OMVA_UserManagement_Page/DropdownOption_RoleDropdown_Market Admin' is clicked on

2018-07-05 10:29:50 - [MESSAGE][PASSED] - Object: 'Object Repository/OMVA_UserManagement_Page/DropdownOption_RoleDropdown_Market Admin' is clicked on

2018-07-05 10:29:50 - [TEST_STEP][PASSED] - Statement - username = CustomKeywords.commonLibrary.commonFunctions.randomStringFunction("abcdefghijklmnopqrstuvwxyz", 6): commonLibrary.commonFunctions.randomStringFunction is PASSED

2018-07-05 10:29:50 - [MESSAGE][PASSED] - commonLibrary.commonFunctions.randomStringFunction is PASSED

2018-07-05 10:29:50 - [TEST_STEP][PASSED] - sendKeys: Keys 'skcohb' sent to object: 'Object Repository/OMVA_UserManagement_Page/UserName_Textbox'

2018-07-05 10:29:51 - [MESSAGE][PASSED] - Keys 'skcohb' sent to object: 'Object Repository/OMVA_UserManagement_Page/UserName_Textbox'

2018-07-05 10:29:51 - [TEST_STEP][PASSED] - sendKeys: Keys 'santosh@k.com' sent to object: 'Object Repository/OMVA_UserManagement_Page/EmailID_Textbox'

2018-07-05 10:29:51 - [MESSAGE][PASSED] - Keys 'santosh@k.com' sent to object: 'Object Repository/OMVA_UserManagement_Page/EmailID_Textbox'

2018-07-05 10:29:51 - [TEST_STEP][PASSED] - sendKeys: Keys 'santosh' sent to object: 'Object Repository/OMVA_UserManagement_Page/FirstName_Textbox'

2018-07-05 10:29:51 - [MESSAGE][PASSED] - Keys 'santosh' sent to object: 'Object Repository/OMVA_UserManagement_Page/FirstName_Textbox'

2018-07-05 10:29:51 - [TEST_STEP][PASSED] - sendKeys: Keys 'k' sent to object: 'Object Repository/OMVA_UserManagement_Page/LastName_Textbox'

2018-07-05 10:29:51 - [MESSAGE][PASSED] - Keys 'k' sent to object: 'Object Repository/OMVA_UserManagement_Page/LastName_Textbox'

2018-07-05 10:29:51 - [TEST_STEP][PASSED] - sendKeys: Keys '1212' sent to object: 'Object Repository/OMVA_UserManagement_Page/TicketNumber_Textbox'

2018-07-05 10:29:51 - [MESSAGE][PASSED] - Keys '1212' sent to object: 'Object Repository/OMVA_UserManagement_Page/TicketNumber_Textbox'

2018-07-05 10:29:51 - [TEST_STEP][PASSED] - click: Object: 'Object Repository/OMVA_UserManagement_Page/Next_Button' is clicked on

2018-07-05 10:29:51 - [MESSAGE][PASSED] - Object: 'Object Repository/OMVA_UserManagement_Page/Next_Button' is clicked on

2018-07-05 10:29:51 - [TEST_STEP][PASSED] - Statement - ActualToastMessage = com.kms.katalon.core.webui.keyword.WebUiBuiltInKeywords.getText(com.kms.katalon.core.testobject.ObjectRepository.findTestObject(OMVA_UserManagement_Page/EmailID_ToastMsg)): Text of object 'Object Repository/OMVA_UserManagement_Page/EmailID_ToastMsg' is: 'Email ID already exists.'

2018-07-05 10:29:52 - [MESSAGE][PASSED] - Text of object 'Object Repository/OMVA_UserManagement_Page/EmailID_ToastMsg' is: 'Email ID already exists.'

2018-07-05 10:29:52 - [TEST_STEP][PASSED] - verifyMatch: Actual text 'Email ID already exists.' and expected text 'Email ID already exists.' are matched  using regular expression

2018-07-05 10:29:52 - [MESSAGE][PASSED] - Actual text 'Email ID already exists.' and expected text 'Email ID already exists.' are matched  using regular expression

2018-07-05 10:29:52 - [TEST_STEP][PASSED] - closeBrowser: Browser is closed

2018-07-05 10:29:52 - [MESSAGE][PASSED] - Browser is closed]]></system-out>
         <system-err><![CDATA[]]></system-err>
      </testcase>
      <testcase name="Test Cases/UserManagementTestCases/UserActions/DeActivate_User" classname="Test Cases/UserManagementTestCases/UserActions/DeActivate_User" status="FAILED">
         <failure type="FAILED" message="Unable to verify match between actual text '' and expected text 'Confirm Deactivation' using regular expression (Root cause: Actual text '' and expected text 'Confirm Deactivation' are not matched using regular expression)"/>
         <system-out><![CDATA[2018-07-05 10:29:52 - [TEST_CASE][FAILED] - Test Cases/UserManagementTestCases/UserActions/DeActivate_User: Test Cases/UserManagementTestCases/UserActions/DeActivate_User FAILED because (of) Unable to verify match between actual text '' and expected text 'Confirm Deactivation' using regular expression (Root cause: Actual text '' and expected text 'Confirm Deactivation' are not matched using regular expression)

2018-07-05 10:29:53 - [TEST_STEP][PASSED] - callTestCase: Call Test Case 'Test Cases/CommonTestcases/OpenBrowserandNavigateToQAURL' successfully

2018-07-05 10:29:53 - [TEST_CASE][PASSED] - Test Cases/CommonTestcases/OpenBrowserandNavigateToQAURL: Test Cases/CommonTestcases/OpenBrowserandNavigateToQAURL

2018-07-05 10:29:53 - [TEST_STEP][PASSED] - openBrowser: Browser is opened with url: ''

2018-07-05 10:29:56 - [MESSAGE][PASSED] - Browser is opened with url: ''

2018-07-05 10:29:56 - [TEST_STEP][PASSED] - navigateToUrl: Navigate to 'https://coa-demo-env.azurewebsites.net/da/index.html#/login' successfully

2018-07-05 10:30:08 - [MESSAGE][PASSED] - Navigate to 'https://coa-demo-env.azurewebsites.net/da/index.html#/login' successfully

2018-07-05 10:30:08 - [TEST_STEP][PASSED] - maximizeWindow: Current window maximized

2018-07-05 10:30:08 - [MESSAGE][PASSED] - Current window maximized

2018-07-05 10:30:08 - [MESSAGE][PASSED] - Call Test Case 'Test Cases/CommonTestcases/OpenBrowserandNavigateToQAURL' successfully

2018-07-05 10:30:08 - [TEST_STEP][PASSED] - waitForElementVisible: Object 'Object Repository/OMVA_Login_Page/Username_Textbox' is visible

2018-07-05 10:30:08 - [MESSAGE][PASSED] - Object 'Object Repository/OMVA_Login_Page/Username_Textbox' is visible

2018-07-05 10:30:08 - [TEST_STEP][PASSED] - sendKeys: Keys 'SuperAdmin' sent to object: 'Object Repository/OMVA_Login_Page/Username_Textbox'

2018-07-05 10:30:09 - [MESSAGE][PASSED] - Keys 'SuperAdmin' sent to object: 'Object Repository/OMVA_Login_Page/Username_Textbox'

2018-07-05 10:30:09 - [TEST_STEP][PASSED] - click: Object: 'Object Repository/OMVA_Login_Page/Next_Button' is clicked on

2018-07-05 10:30:09 - [MESSAGE][PASSED] - Object: 'Object Repository/OMVA_Login_Page/Next_Button' is clicked on

2018-07-05 10:30:09 - [TEST_STEP][PASSED] - waitForElementVisible: Object 'Object Repository/OMVA_Login_Page/Password_Textbox' is visible

2018-07-05 10:30:09 - [MESSAGE][PASSED] - Object 'Object Repository/OMVA_Login_Page/Password_Textbox' is visible

2018-07-05 10:30:09 - [TEST_STEP][PASSED] - sendKeys: Keys 'SuperAdmin' sent to object: 'Object Repository/OMVA_Login_Page/Password_Textbox'

2018-07-05 10:30:09 - [MESSAGE][PASSED] - Keys 'SuperAdmin' sent to object: 'Object Repository/OMVA_Login_Page/Password_Textbox'

2018-07-05 10:30:09 - [TEST_STEP][PASSED] - click: Object: 'Object Repository/OMVA_Login_Page/Signin_Button' is clicked on

2018-07-05 10:30:09 - [MESSAGE][PASSED] - Object: 'Object Repository/OMVA_Login_Page/Signin_Button' is clicked on

2018-07-05 10:30:09 - [TEST_STEP][PASSED] - delay: Delayed 5 second(s)

2018-07-05 10:30:14 - [MESSAGE][PASSED] - Delayed 5 second(s)

2018-07-05 10:30:14 - [TEST_STEP][NOT_RUN] - scrollToElement: NOT_RUN: scrollToElement

2018-07-05 10:30:14 - [MESSAGE][NOT_RUN] - NOT_RUN: scrollToElement

2018-07-05 10:30:14 - [TEST_STEP][PASSED] - waitForElementVisible: Object 'Object Repository/OMVA_Landing_Page/ActiveUserEdit_Icon' is visible

2018-07-05 10:30:15 - [MESSAGE][PASSED] - Object 'Object Repository/OMVA_Landing_Page/ActiveUserEdit_Icon' is visible

2018-07-05 10:30:15 - [TEST_STEP][NOT_RUN] - scrollToElement: NOT_RUN: scrollToElement

2018-07-05 10:30:15 - [MESSAGE][NOT_RUN] - NOT_RUN: scrollToElement

2018-07-05 10:30:15 - [TEST_STEP][PASSED] - click: Object: 'Object Repository/OMVA_Landing_Page/ActiveUserEdit_Icon' is clicked on

2018-07-05 10:30:15 - [MESSAGE][PASSED] - Object: 'Object Repository/OMVA_Landing_Page/ActiveUserEdit_Icon' is clicked on

2018-07-05 10:30:15 - [TEST_STEP][PASSED] - Statement - assert true: null

2018-07-05 10:30:15 - [TEST_STEP][PASSED] - waitForElementVisible: Object 'Object Repository/OMVA_UserManagement_Page/EmailID_Textbox' is visible

2018-07-05 10:30:15 - [MESSAGE][PASSED] - Object 'Object Repository/OMVA_UserManagement_Page/EmailID_Textbox' is visible

2018-07-05 10:30:15 - [TEST_STEP][PASSED] - Statement - emailidprefix = CustomKeywords.commonLibrary.commonFunctions.randomStringFunction("abcdefghijklmnopqrstuvwxyz", 9): commonLibrary.commonFunctions.randomStringFunction is PASSED

2018-07-05 10:30:15 - [MESSAGE][PASSED] - commonLibrary.commonFunctions.randomStringFunction is PASSED

2018-07-05 10:30:15 - [TEST_STEP][PASSED] - sendKeys: Keys 'qroaaabdy@autotestpg.com' sent to object: 'Object Repository/OMVA_UserManagement_Page/EmailID_Textbox'

2018-07-05 10:30:15 - [MESSAGE][PASSED] - Keys 'qroaaabdy@autotestpg.com' sent to object: 'Object Repository/OMVA_UserManagement_Page/EmailID_Textbox'

2018-07-05 10:30:15 - [TEST_STEP][PASSED] - waitForElementVisible: Object 'Object Repository/OMVA_Landing_Page/Act_DeAct_Radio_Btn' is visible

2018-07-05 10:30:15 - [MESSAGE][PASSED] - Object 'Object Repository/OMVA_Landing_Page/Act_DeAct_Radio_Btn' is visible

2018-07-05 10:30:15 - [TEST_STEP][PASSED] - delay: Delayed 3 second(s)

2018-07-05 10:30:18 - [MESSAGE][PASSED] - Delayed 3 second(s)

2018-07-05 10:30:18 - [TEST_STEP][PASSED] - click: Object: 'Object Repository/OMVA_Landing_Page/Act_DeAct_Radio_Btn' is clicked on

2018-07-05 10:30:18 - [MESSAGE][PASSED] - Object: 'Object Repository/OMVA_Landing_Page/Act_DeAct_Radio_Btn' is clicked on

2018-07-05 10:30:18 - [TEST_STEP][PASSED] - waitForElementVisible: Object 'Object Repository/OMVA_EditUser_Page/SaveExit_Btn' is visible

2018-07-05 10:30:18 - [MESSAGE][PASSED] - Object 'Object Repository/OMVA_EditUser_Page/SaveExit_Btn' is visible

2018-07-05 10:30:18 - [TEST_STEP][PASSED] - click: Object: 'Object Repository/OMVA_EditUser_Page/SaveExit_Btn' is clicked on

2018-07-05 10:30:18 - [MESSAGE][PASSED] - Object: 'Object Repository/OMVA_EditUser_Page/SaveExit_Btn' is clicked on

2018-07-05 10:30:18 - [TEST_STEP][PASSED] - waitForElementVisible: Object 'Object Repository/OMVA_EditUser_Page/DeactivateUser_HeaderTxt' is not visible after 5 second(s)

2018-07-05 10:30:24 - [MESSAGE][WARNING] - Object 'Object Repository/OMVA_EditUser_Page/DeactivateUser_HeaderTxt' is not visible after 5 second(s)

2018-07-05 10:30:24 - [TEST_STEP][PASSED] - Statement - AHeaderTxt = com.kms.katalon.core.webui.keyword.WebUiBuiltInKeywords.getText(com.kms.katalon.core.testobject.ObjectRepository.findTestObject(OMVA_EditUser_Page/DeactivateUser_HeaderTxt)): Text of object 'Object Repository/OMVA_EditUser_Page/DeactivateUser_HeaderTxt' is: ''

2018-07-05 10:30:24 - [MESSAGE][PASSED] - Text of object 'Object Repository/OMVA_EditUser_Page/DeactivateUser_HeaderTxt' is: ''

2018-07-05 10:30:24 - [TEST_STEP][FAILED] - verifyMatch: Unable to verify match between actual text '' and expected text 'Confirm Deactivation' using regular expression (Root cause: Actual text '' and expected text 'Confirm Deactivation' are not matched using regular expression)

2018-07-05 10:30:24 - [MESSAGE][FAILED] - Unable to verify match between actual text '' and expected text 'Confirm Deactivation' using regular expression (Root cause: Actual text '' and expected text 'Confirm Deactivation' are not matched using regular expression)]]></system-out>
         <system-err><![CDATA[2018-07-05 10:29:52 - [TEST_CASE][FAILED] - Test Cases/UserManagementTestCases/UserActions/DeActivate_User: Test Cases/UserManagementTestCases/UserActions/DeActivate_User FAILED because (of) Unable to verify match between actual text '' and expected text 'Confirm Deactivation' using regular expression (Root cause: Actual text '' and expected text 'Confirm Deactivation' are not matched using regular expression)]]></system-err>
      </testcase>
      <testcase name="Test Cases/UserManagementTestCases/UserActions/Activate_User" classname="Test Cases/UserManagementTestCases/UserActions/Activate_User" status="PASSED">
         <system-out><![CDATA[2018-07-05 10:30:24 - [TEST_CASE][PASSED] - Test Cases/UserManagementTestCases/UserActions/Activate_User: Test Cases/UserManagementTestCases/UserActions/Activate_User

2018-07-05 10:30:24 - [TEST_STEP][PASSED] - callTestCase: Call Test Case 'Test Cases/CommonTestcases/OpenBrowserandNavigateToQAURL' successfully

2018-07-05 10:30:24 - [TEST_CASE][PASSED] - Test Cases/CommonTestcases/OpenBrowserandNavigateToQAURL: Test Cases/CommonTestcases/OpenBrowserandNavigateToQAURL

2018-07-05 10:30:24 - [TEST_STEP][PASSED] - openBrowser: Browser is opened with url: ''

2018-07-05 10:30:24 - [MESSAGE][WARNING] - A browser is already opened. Closing browser and opening a new one

2018-07-05 10:30:28 - [MESSAGE][PASSED] - Browser is opened with url: ''

2018-07-05 10:30:28 - [TEST_STEP][PASSED] - navigateToUrl: Navigate to 'https://coa-demo-env.azurewebsites.net/da/index.html#/login' successfully

2018-07-05 10:30:39 - [MESSAGE][PASSED] - Navigate to 'https://coa-demo-env.azurewebsites.net/da/index.html#/login' successfully

2018-07-05 10:30:39 - [TEST_STEP][PASSED] - maximizeWindow: Current window maximized

2018-07-05 10:30:39 - [MESSAGE][PASSED] - Current window maximized

2018-07-05 10:30:39 - [MESSAGE][PASSED] - Call Test Case 'Test Cases/CommonTestcases/OpenBrowserandNavigateToQAURL' successfully

2018-07-05 10:30:39 - [TEST_STEP][PASSED] - waitForElementVisible: Object 'Object Repository/OMVA_Login_Page/Username_Textbox' is visible

2018-07-05 10:30:39 - [MESSAGE][PASSED] - Object 'Object Repository/OMVA_Login_Page/Username_Textbox' is visible

2018-07-05 10:30:39 - [TEST_STEP][PASSED] - sendKeys: Keys 'SuperAdmin' sent to object: 'Object Repository/OMVA_Login_Page/Username_Textbox'

2018-07-05 10:30:39 - [MESSAGE][PASSED] - Keys 'SuperAdmin' sent to object: 'Object Repository/OMVA_Login_Page/Username_Textbox'

2018-07-05 10:30:39 - [TEST_STEP][PASSED] - click: Object: 'Object Repository/OMVA_Login_Page/Next_Button' is clicked on

2018-07-05 10:30:39 - [MESSAGE][PASSED] - Object: 'Object Repository/OMVA_Login_Page/Next_Button' is clicked on

2018-07-05 10:30:39 - [TEST_STEP][PASSED] - waitForElementVisible: Object 'Object Repository/OMVA_Login_Page/Password_Textbox' is visible

2018-07-05 10:30:40 - [MESSAGE][PASSED] - Object 'Object Repository/OMVA_Login_Page/Password_Textbox' is visible

2018-07-05 10:30:40 - [TEST_STEP][PASSED] - sendKeys: Keys 'SuperAdmin' sent to object: 'Object Repository/OMVA_Login_Page/Password_Textbox'

2018-07-05 10:30:40 - [MESSAGE][PASSED] - Keys 'SuperAdmin' sent to object: 'Object Repository/OMVA_Login_Page/Password_Textbox'

2018-07-05 10:30:40 - [TEST_STEP][PASSED] - click: Object: 'Object Repository/OMVA_Login_Page/Signin_Button' is clicked on

2018-07-05 10:30:40 - [MESSAGE][PASSED] - Object: 'Object Repository/OMVA_Login_Page/Signin_Button' is clicked on

2018-07-05 10:30:40 - [TEST_STEP][PASSED] - delay: Delayed 5 second(s)

2018-07-05 10:30:45 - [MESSAGE][PASSED] - Delayed 5 second(s)

2018-07-05 10:30:45 - [TEST_STEP][PASSED] - waitForElementVisible: Object 'Object Repository/OMVA_Landing_Page/DeactiveUserEdit_Icon' is visible

2018-07-05 10:30:45 - [MESSAGE][PASSED] - Object 'Object Repository/OMVA_Landing_Page/DeactiveUserEdit_Icon' is visible

2018-07-05 10:30:45 - [TEST_STEP][PASSED] - delay: Delayed 3 second(s)

2018-07-05 10:30:48 - [MESSAGE][PASSED] - Delayed 3 second(s)

2018-07-05 10:30:48 - [TEST_STEP][PASSED] - click: Object: 'Object Repository/OMVA_Landing_Page/DeactiveUserEdit_Icon' is clicked on

2018-07-05 10:30:48 - [MESSAGE][PASSED] - Object: 'Object Repository/OMVA_Landing_Page/DeactiveUserEdit_Icon' is clicked on

2018-07-05 10:30:48 - [TEST_STEP][PASSED] - delay: Delayed 5 second(s)

2018-07-05 10:30:53 - [MESSAGE][PASSED] - Delayed 5 second(s)

2018-07-05 10:30:53 - [TEST_STEP][PASSED] - waitForElementVisible: Object 'Object Repository/OMVA_Landing_Page/Act_DeAct_Radio_Btn' is visible

2018-07-05 10:30:53 - [MESSAGE][PASSED] - Object 'Object Repository/OMVA_Landing_Page/Act_DeAct_Radio_Btn' is visible

2018-07-05 10:30:53 - [TEST_STEP][PASSED] - click: Object: 'Object Repository/OMVA_Landing_Page/Act_DeAct_Radio_Btn' is clicked on

2018-07-05 10:30:53 - [MESSAGE][PASSED] - Object: 'Object Repository/OMVA_Landing_Page/Act_DeAct_Radio_Btn' is clicked on

2018-07-05 10:30:53 - [TEST_STEP][PASSED] - waitForElementVisible: Object 'Object Repository/OMVA_EditUser_Page/EditUserNext_Btn' is visible

2018-07-05 10:30:53 - [MESSAGE][PASSED] - Object 'Object Repository/OMVA_EditUser_Page/EditUserNext_Btn' is visible

2018-07-05 10:30:53 - [TEST_STEP][PASSED] - click: Object: 'Object Repository/OMVA_EditUser_Page/EditUserNext_Btn' is clicked on

2018-07-05 10:30:53 - [MESSAGE][PASSED] - Object: 'Object Repository/OMVA_EditUser_Page/EditUserNext_Btn' is clicked on

2018-07-05 10:30:53 - [TEST_STEP][PASSED] - waitForElementVisible: Object 'Object Repository/OMVA_EditUser_Page/DeactivateUser_HeaderTxt' is visible

2018-07-05 10:30:54 - [MESSAGE][PASSED] - Object 'Object Repository/OMVA_EditUser_Page/DeactivateUser_HeaderTxt' is visible

2018-07-05 10:30:54 - [TEST_STEP][PASSED] - Statement - AHeaderTxt = com.kms.katalon.core.webui.keyword.WebUiBuiltInKeywords.getText(com.kms.katalon.core.testobject.ObjectRepository.findTestObject(OMVA_EditUser_Page/DeactivateUser_HeaderTxt)): Text of object 'Object Repository/OMVA_EditUser_Page/DeactivateUser_HeaderTxt' is: 'Confirm Activation'

2018-07-05 10:30:54 - [MESSAGE][PASSED] - Text of object 'Object Repository/OMVA_EditUser_Page/DeactivateUser_HeaderTxt' is: 'Confirm Activation'

2018-07-05 10:30:54 - [TEST_STEP][PASSED] - verifyMatch: Actual text 'Confirm Activation' and expected text 'Confirm Activation' are matched  using regular expression

2018-07-05 10:30:54 - [MESSAGE][PASSED] - Actual text 'Confirm Activation' and expected text 'Confirm Activation' are matched  using regular expression

2018-07-05 10:30:54 - [TEST_STEP][PASSED] - Statement - AContentTxt = com.kms.katalon.core.webui.keyword.WebUiBuiltInKeywords.getText(com.kms.katalon.core.testobject.ObjectRepository.findTestObject(OMVA_EditUser_Page/DeactivateUser_ContentText)): Text of object 'Object Repository/OMVA_EditUser_Page/DeactivateUser_ContentText' is: 'Are you sure you want to activate candice chen's account?'

2018-07-05 10:30:54 - [MESSAGE][PASSED] - Text of object 'Object Repository/OMVA_EditUser_Page/DeactivateUser_ContentText' is: 'Are you sure you want to activate candice chen's account?'

2018-07-05 10:30:54 - [TEST_STEP][PASSED] - verifyMatch: Actual text 'Are you sure you want to activate candice chen's account?' and expected text 'Are you sure you want to activate\D*' are matched  using regular expression

2018-07-05 10:30:54 - [MESSAGE][PASSED] - Actual text 'Are you sure you want to activate candice chen's account?' and expected text 'Are you sure you want to activate\D*' are matched  using regular expression

2018-07-05 10:30:54 - [TEST_STEP][PASSED] - click: Object: 'Object Repository/OMVA_EditUser_Page/DeactivateUser_OKBtn' is clicked on

2018-07-05 10:30:54 - [MESSAGE][PASSED] - Object: 'Object Repository/OMVA_EditUser_Page/DeactivateUser_OKBtn' is clicked on

2018-07-05 10:30:54 - [TEST_STEP][PASSED] - Statement - AActivateToastMsg = com.kms.katalon.core.webui.keyword.WebUiBuiltInKeywords.getText(com.kms.katalon.core.testobject.ObjectRepository.findTestObject(OMVA_EditUser_Page/Activate_ToastMsg)): Text of object 'Object Repository/OMVA_EditUser_Page/Activate_ToastMsg' is: 'Account Successfully Activated!'

2018-07-05 10:30:55 - [MESSAGE][PASSED] - Text of object 'Object Repository/OMVA_EditUser_Page/Activate_ToastMsg' is: 'Account Successfully Activated!'

2018-07-05 10:30:55 - [TEST_STEP][PASSED] - verifyMatch: Actual text 'Account Successfully Activated!' and expected text 'Account Successfully Activated!' are matched  using regular expression

2018-07-05 10:30:55 - [MESSAGE][PASSED] - Actual text 'Account Successfully Activated!' and expected text 'Account Successfully Activated!' are matched  using regular expression

2018-07-05 10:30:55 - [TEST_STEP][PASSED] - closeBrowser: Browser is closed

2018-07-05 10:30:56 - [MESSAGE][PASSED] - Browser is closed]]></system-out>
         <system-err><![CDATA[]]></system-err>
      </testcase>
      <testcase name="Test Cases/UserManagementTestCases/Login/LogoutAndCloseBrowser" classname="Test Cases/UserManagementTestCases/Login/LogoutAndCloseBrowser" status="PASSED">
         <system-out><![CDATA[2018-07-05 10:30:56 - [TEST_CASE][PASSED] - Test Cases/UserManagementTestCases/Login/LogoutAndCloseBrowser: Test Cases/UserManagementTestCases/Login/LogoutAndCloseBrowser

2018-07-05 10:30:56 - [TEST_STEP][PASSED] - callTestCase: Call Test Case 'Test Cases/CommonTestcases/OpenBrowserandNavigateToQAURL' successfully

2018-07-05 10:30:56 - [TEST_CASE][PASSED] - Test Cases/CommonTestcases/OpenBrowserandNavigateToQAURL: Test Cases/CommonTestcases/OpenBrowserandNavigateToQAURL

2018-07-05 10:30:56 - [TEST_STEP][PASSED] - openBrowser: Browser is opened with url: ''

2018-07-05 10:30:59 - [MESSAGE][PASSED] - Browser is opened with url: ''

2018-07-05 10:30:59 - [TEST_STEP][PASSED] - navigateToUrl: Navigate to 'https://coa-demo-env.azurewebsites.net/da/index.html#/login' successfully

2018-07-05 10:31:10 - [MESSAGE][PASSED] - Navigate to 'https://coa-demo-env.azurewebsites.net/da/index.html#/login' successfully

2018-07-05 10:31:10 - [TEST_STEP][PASSED] - maximizeWindow: Current window maximized

2018-07-05 10:31:11 - [MESSAGE][PASSED] - Current window maximized

2018-07-05 10:31:11 - [MESSAGE][PASSED] - Call Test Case 'Test Cases/CommonTestcases/OpenBrowserandNavigateToQAURL' successfully

2018-07-05 10:31:11 - [TEST_STEP][PASSED] - waitForElementVisible: Object 'Object Repository/OMVA_Login_Page/Username_Textbox' is visible

2018-07-05 10:31:11 - [MESSAGE][PASSED] - Object 'Object Repository/OMVA_Login_Page/Username_Textbox' is visible

2018-07-05 10:31:11 - [TEST_STEP][PASSED] - sendKeys: Keys 'SuperAdmin' sent to object: 'Object Repository/OMVA_Login_Page/Username_Textbox'

2018-07-05 10:31:11 - [MESSAGE][PASSED] - Keys 'SuperAdmin' sent to object: 'Object Repository/OMVA_Login_Page/Username_Textbox'

2018-07-05 10:31:11 - [TEST_STEP][PASSED] - click: Object: 'Object Repository/OMVA_Login_Page/Next_Button' is clicked on

2018-07-05 10:31:11 - [MESSAGE][PASSED] - Object: 'Object Repository/OMVA_Login_Page/Next_Button' is clicked on

2018-07-05 10:31:11 - [TEST_STEP][PASSED] - waitForElementVisible: Object 'Object Repository/OMVA_Login_Page/Password_Textbox' is visible

2018-07-05 10:31:11 - [MESSAGE][PASSED] - Object 'Object Repository/OMVA_Login_Page/Password_Textbox' is visible

2018-07-05 10:31:11 - [TEST_STEP][PASSED] - sendKeys: Keys 'SuperAdmin' sent to object: 'Object Repository/OMVA_Login_Page/Password_Textbox'

2018-07-05 10:31:12 - [MESSAGE][PASSED] - Keys 'SuperAdmin' sent to object: 'Object Repository/OMVA_Login_Page/Password_Textbox'

2018-07-05 10:31:12 - [TEST_STEP][PASSED] - click: Object: 'Object Repository/OMVA_Login_Page/Signin_Button' is clicked on

2018-07-05 10:31:12 - [MESSAGE][PASSED] - Object: 'Object Repository/OMVA_Login_Page/Signin_Button' is clicked on

2018-07-05 10:31:12 - [TEST_STEP][PASSED] - waitForElementPresent: Object 'Object Repository/OMVA_Landing_Page/User_icon' is present

2018-07-05 10:31:12 - [MESSAGE][PASSED] - Object 'Object Repository/OMVA_Landing_Page/User_icon' is present

2018-07-05 10:31:12 - [TEST_STEP][PASSED] - Statement - assert true: null

2018-07-05 10:31:12 - [TEST_STEP][PASSED] - click: Object: 'Object Repository/OMVA_Landing_Page/User_icon' is clicked on

2018-07-05 10:31:13 - [MESSAGE][PASSED] - Object: 'Object Repository/OMVA_Landing_Page/User_icon' is clicked on

2018-07-05 10:31:13 - [TEST_STEP][PASSED] - waitForElementPresent: Object 'Object Repository/OMVA_Landing_Page/Logout_link' is present

2018-07-05 10:31:13 - [MESSAGE][PASSED] - Object 'Object Repository/OMVA_Landing_Page/Logout_link' is present

2018-07-05 10:31:13 - [TEST_STEP][PASSED] - Statement - assert true: null

2018-07-05 10:31:13 - [TEST_STEP][PASSED] - click: Object: 'Object Repository/OMVA_Landing_Page/Logout_link' is clicked on

2018-07-05 10:31:13 - [MESSAGE][PASSED] - Object: 'Object Repository/OMVA_Landing_Page/Logout_link' is clicked on

2018-07-05 10:31:13 - [TEST_STEP][PASSED] - waitForElementNotPresent: Web element with id: 'Object Repository/OMVA_Landing_Page/User_icon' located by 'By.xpath: //img[@id='dropdown']' is not present after '4' second(s)

2018-07-05 10:31:13 - [MESSAGE][PASSED] - Web element with id: 'Object Repository/OMVA_Landing_Page/User_icon' located by 'By.xpath: //img[@id='dropdown']' is not present after '4' second(s)

2018-07-05 10:31:13 - [TEST_STEP][PASSED] - closeBrowser: Browser is closed

2018-07-05 10:31:14 - [MESSAGE][PASSED] - Browser is closed]]></system-out>
         <system-err><![CDATA[]]></system-err>
      </testcase>
      <testcase name="Test Cases/UserManagementTestCases/UserActions/LockUser" classname="Test Cases/UserManagementTestCases/UserActions/LockUser" status="FAILED">
         <failure type="FAILED" message="Unable to get text of object 'Object Repository/OMVA_Login_Page/InvalidLogin_HeaderTxt' (Root cause: com.kms.katalon.core.webui.exception.WebElementNotFoundException: Web element with id: 'Object Repository/OMVA_Login_Page/InvalidLogin_HeaderTxt' located by 'By.xpath: //h4[text()='Invalid Credentials']' not found)"/>
         <system-out><![CDATA[2018-07-05 10:31:14 - [TEST_CASE][FAILED] - Test Cases/UserManagementTestCases/UserActions/LockUser: Test Cases/UserManagementTestCases/UserActions/LockUser FAILED because (of) Unable to get text of object 'Object Repository/OMVA_Login_Page/InvalidLogin_HeaderTxt' (Root cause: com.kms.katalon.core.webui.exception.WebElementNotFoundException: Web element with id: 'Object Repository/OMVA_Login_Page/InvalidLogin_HeaderTxt' located by 'By.xpath: //h4[text()='Invalid Credentials']' not found)

2018-07-05 10:31:14 - [TEST_STEP][FAILED] - callTestCase: Unable to call Test Case with id 'Test Cases/UserManagementTestCases/Login/Invalid_Login' (Root cause: Call Test Case 'Test Cases/UserManagementTestCases/Login/Invalid_Login' failed)

2018-07-05 10:31:14 - [TEST_CASE][FAILED] - Test Cases/UserManagementTestCases/Login/Invalid_Login: Test Cases/UserManagementTestCases/Login/Invalid_Login FAILED because (of) Unable to get text of object 'Object Repository/OMVA_Login_Page/InvalidLogin_HeaderTxt' (Root cause: com.kms.katalon.core.webui.exception.WebElementNotFoundException: Web element with id: 'Object Repository/OMVA_Login_Page/InvalidLogin_HeaderTxt' located by 'By.xpath: //h4[text()='Invalid Credentials']' not found)

2018-07-05 10:31:14 - [TEST_STEP][PASSED] - callTestCase: Call Test Case 'Test Cases/CommonTestcases/OpenBrowserandNavigateToQAURL' successfully

2018-07-05 10:31:14 - [TEST_CASE][PASSED] - Test Cases/CommonTestcases/OpenBrowserandNavigateToQAURL: Test Cases/CommonTestcases/OpenBrowserandNavigateToQAURL

2018-07-05 10:31:14 - [TEST_STEP][PASSED] - openBrowser: Browser is opened with url: ''

2018-07-05 10:31:17 - [MESSAGE][PASSED] - Browser is opened with url: ''

2018-07-05 10:31:17 - [TEST_STEP][PASSED] - navigateToUrl: Navigate to 'https://coa-demo-env.azurewebsites.net/da/index.html#/login' successfully

2018-07-05 10:31:27 - [MESSAGE][PASSED] - Navigate to 'https://coa-demo-env.azurewebsites.net/da/index.html#/login' successfully

2018-07-05 10:31:27 - [TEST_STEP][PASSED] - maximizeWindow: Current window maximized

2018-07-05 10:31:27 - [MESSAGE][PASSED] - Current window maximized

2018-07-05 10:31:27 - [MESSAGE][PASSED] - Call Test Case 'Test Cases/CommonTestcases/OpenBrowserandNavigateToQAURL' successfully

2018-07-05 10:31:27 - [TEST_STEP][PASSED] - waitForElementVisible: Object 'Object Repository/OMVA_Login_Page/Username_Textbox' is visible

2018-07-05 10:31:27 - [MESSAGE][PASSED] - Object 'Object Repository/OMVA_Login_Page/Username_Textbox' is visible

2018-07-05 10:31:27 - [TEST_STEP][PASSED] - sendKeys: Keys 'Lock' sent to object: 'Object Repository/OMVA_Login_Page/Username_Textbox'

2018-07-05 10:31:27 - [MESSAGE][PASSED] - Keys 'Lock' sent to object: 'Object Repository/OMVA_Login_Page/Username_Textbox'

2018-07-05 10:31:27 - [TEST_STEP][PASSED] - click: Object: 'Object Repository/OMVA_Login_Page/Next_Button' is clicked on

2018-07-05 10:31:27 - [MESSAGE][PASSED] - Object: 'Object Repository/OMVA_Login_Page/Next_Button' is clicked on

2018-07-05 10:31:27 - [TEST_STEP][PASSED] - Statement - If (true): null

2018-07-05 10:31:27 - [TEST_STEP][PASSED] - waitForElementVisible: Object 'Object Repository/OMVA_Login_Page/Password_Textbox' is visible

2018-07-05 10:31:28 - [MESSAGE][PASSED] - Object 'Object Repository/OMVA_Login_Page/Password_Textbox' is visible

2018-07-05 10:31:28 - [TEST_STEP][PASSED] - Statement - assert true: null

2018-07-05 10:31:28 - [TEST_STEP][PASSED] - sendKeys: Keys 'Pwd' sent to object: 'Object Repository/OMVA_Login_Page/Password_Textbox'

2018-07-05 10:31:28 - [MESSAGE][PASSED] - Keys 'Pwd' sent to object: 'Object Repository/OMVA_Login_Page/Password_Textbox'

2018-07-05 10:31:28 - [TEST_STEP][PASSED] - click: Object: 'Object Repository/OMVA_Login_Page/Signin_Button' is clicked on

2018-07-05 10:31:28 - [MESSAGE][PASSED] - Object: 'Object Repository/OMVA_Login_Page/Signin_Button' is clicked on

2018-07-05 10:31:28 - [TEST_STEP][FAILED] - Statement - AHeaderTxt = com.kms.katalon.core.webui.keyword.WebUiBuiltInKeywords.getText(com.kms.katalon.core.testobject.ObjectRepository.findTestObject(OMVA_Login_Page/InvalidLogin_HeaderTxt)): Unable to get text of object 'Object Repository/OMVA_Login_Page/InvalidLogin_HeaderTxt' (Root cause: com.kms.katalon.core.webui.exception.WebElementNotFoundException: Web element with id: 'Object Repository/OMVA_Login_Page/InvalidLogin_HeaderTxt' located by 'By.xpath: //h4[text()='Invalid Credentials']' not found)

2018-07-05 10:31:44 - [MESSAGE][FAILED] - Unable to get text of object 'Object Repository/OMVA_Login_Page/InvalidLogin_HeaderTxt' (Root cause: com.kms.katalon.core.webui.exception.WebElementNotFoundException: Web element with id: 'Object Repository/OMVA_Login_Page/InvalidLogin_HeaderTxt' located by 'By.xpath: //h4[text()='Invalid Credentials']' not found)
[[ATTACHMENT|D:\\Automation_P&G\\Automation-P&G-Code-Base\\OMVA\\Reports\\UserManagementTestSuite\\20180705_102702\\1530766904164.png]]

2018-07-05 10:31:44 - [MESSAGE][FAILED] - Unable to call Test Case with id 'Test Cases/UserManagementTestCases/Login/Invalid_Login' (Root cause: Call Test Case 'Test Cases/UserManagementTestCases/Login/Invalid_Login' failed)]]></system-out>
         <system-err><![CDATA[2018-07-05 10:31:14 - [TEST_CASE][FAILED] - Test Cases/UserManagementTestCases/UserActions/LockUser: Test Cases/UserManagementTestCases/UserActions/LockUser FAILED because (of) Unable to get text of object 'Object Repository/OMVA_Login_Page/InvalidLogin_HeaderTxt' (Root cause: com.kms.katalon.core.webui.exception.WebElementNotFoundException: Web element with id: 'Object Repository/OMVA_Login_Page/InvalidLogin_HeaderTxt' located by 'By.xpath: //h4[text()='Invalid Credentials']' not found)]]></system-err>
      </testcase>
      <system-out><![CDATA[2018-07-05 10:27:04 - [TEST_SUITE][FAILED] - UserManagementTestSuite: Test Cases/UserManagementTestCases/UserActions/DeActivate_User FAILED because (of) Unable to verify match between actual text '' and expected text 'Confirm Deactivation' using regular expression (Root cause: Actual text '' and expected text 'Confirm Deactivation' are not matched using regular expression)]]></system-out>
      <system-err><![CDATA[2018-07-05 10:27:04 - [TEST_SUITE][FAILED] - UserManagementTestSuite: Test Cases/UserManagementTestCases/UserActions/DeActivate_User FAILED because (of) Unable to verify match between actual text '' and expected text 'Confirm Deactivation' using regular expression (Root cause: Actual text '' and expected text 'Confirm Deactivation' are not matched using regular expression)]]></system-err>
   </testsuite>
</testsuites>
