<?xml version="1.0" encoding="UTF-8"?>
<testsuites name="WorkBenchTestSuite" time="66" tests="0" failures="1" errors="0">
   <testsuite name="WorkBenchTestSuite" tests="0" failures="1" errors="0" time="66" timestamp="2018-07-19 14:51:20" hostname="703177791 - 703177791GDL.IND.CORP.AD" id="Test Suites/WorkBenchTestSuite">
      <properties>
         <property name="deviceName" value=""/>
         <property name="devicePlatform" value=""/>
         <property name="logFolder" value="D:\\P&amp;G New\\Automation-P&amp;G-Code-Base\\OMVA\\Reports\\WorkBenchTestSuite\\20180719_145118"/>
         <property name="logFiles" value="D:\\P&amp;G New\\Automation-P&amp;G-Code-Base\\OMVA\\Reports\\WorkBenchTestSuite\\20180719_145118\\execution0.log"/>
         <property name="attachments" value="D:\\P&amp;G New\\Automation-P&amp;G-Code-Base\\OMVA\\Reports\\WorkBenchTestSuite\\20180719_145118\\1531992145776.png"/>
         <property name="hostName" value="703177791 - 703177791GDL.IND.CORP.AD"/>
         <property name="os" value="Windows 10 64bit"/>
         <property name="katalonVersion" value="5.4.2.1"/>
         <property name="browser" value="Chrome 67.0.3396.62"/>
         <property name="hostAddress" value="172.16.21.232"/>
         <property name="sessionId" value="df54dcaac488589865aee45ebb9ee1cd"/>
         <property name="seleniumVersion" value="3.7.1"/>
         <property name="proxyInformation" value="ProxyInformation{proxyOption=NO_PROXY, proxyServerType=HTTP, password=, proxyServerAddress=, proxyServerPort=0}"/>
         <property name="platform" value="Windows 10"/>
      </properties>
      <testcase name="Test Cases/WorkBenchTestCases/Validate_CategoryMSPIncreaseAllocationQtyNotEditable" classname="Test Cases/WorkBenchTestCases/Validate_CategoryMSPIncreaseAllocationQtyNotEditable" status="FAILED">
         <failure type="FAILED" message="Unable to click on object 'Object Repository/OMVA_Workbench_Page/1st_SKUMaterial' (Root cause: com.kms.katalon.core.webui.exception.WebElementNotFoundException: Web element with id: 'Object Repository/OMVA_Workbench_Page/1st_SKUMaterial' located by 'By.xpath: (//div[@id='parent']//descendant::h2[@data-parent='#parent'])[1]' not found)"/>
         <system-out><![CDATA[2018-07-19 14:51:28 - [TEST_CASE][FAILED] - Test Cases/WorkBenchTestCases/Validate_CategoryMSPIncreaseAllocationQtyNotEditable: Test Cases/WorkBenchTestCases/Validate_CategoryMSPIncreaseAllocationQtyNotEditable FAILED because (of) Unable to click on object 'Object Repository/OMVA_Workbench_Page/1st_SKUMaterial' (Root cause: com.kms.katalon.core.webui.exception.WebElementNotFoundException: Web element with id: 'Object Repository/OMVA_Workbench_Page/1st_SKUMaterial' located by 'By.xpath: (//div[@id='parent']//descendant::h2[@data-parent='#parent'])[1]' not found)

2018-07-19 14:51:28 - [TEST_STEP][PASSED] - callTestCase: Call Test Case 'Test Cases/UserManagementTestCases/Login/Login_ChannelMSP' successfully

2018-07-19 14:51:29 - [TEST_CASE][PASSED] - Test Cases/UserManagementTestCases/Login/Login_ChannelMSP: Test Cases/UserManagementTestCases/Login/Login_ChannelMSP

2018-07-19 14:51:30 - [TEST_STEP][PASSED] - callTestCase: Call Test Case 'Test Cases/CommonTestcases/OpenBrowserandNavigateToQAURL' successfully

2018-07-19 14:51:30 - [TEST_CASE][PASSED] - Test Cases/CommonTestcases/OpenBrowserandNavigateToQAURL: Test Cases/CommonTestcases/OpenBrowserandNavigateToQAURL

2018-07-19 14:51:30 - [TEST_STEP][PASSED] - openBrowser: Browser is opened with url: ''

2018-07-19 14:51:37 - [MESSAGE][PASSED] - Browser is opened with url: ''

2018-07-19 14:51:37 - [TEST_STEP][PASSED] - navigateToUrl: Navigate to 'https://coa-demo-env.azurewebsites.net/da/index.html#/login' successfully

2018-07-19 14:51:50 - [MESSAGE][PASSED] - Navigate to 'https://coa-demo-env.azurewebsites.net/da/index.html#/login' successfully

2018-07-19 14:51:50 - [TEST_STEP][PASSED] - maximizeWindow: Current window maximized

2018-07-19 14:51:51 - [MESSAGE][PASSED] - Current window maximized

2018-07-19 14:51:51 - [MESSAGE][PASSED] - Call Test Case 'Test Cases/CommonTestcases/OpenBrowserandNavigateToQAURL' successfully

2018-07-19 14:51:51 - [TEST_STEP][PASSED] - waitForElementVisible: Object 'Object Repository/OMVA_Login_Page/Password_Textbox' is not visible after 10 second(s)

2018-07-19 14:52:02 - [MESSAGE][WARNING] - Object 'Object Repository/OMVA_Login_Page/Password_Textbox' is not visible after 10 second(s)

2018-07-19 14:52:02 - [TEST_STEP][PASSED] - sendKeys: Keys 'alvin' sent to object: 'Object Repository/OMVA_Login_Page/Username_Textbox'

2018-07-19 14:52:02 - [MESSAGE][PASSED] - Keys 'alvin' sent to object: 'Object Repository/OMVA_Login_Page/Username_Textbox'

2018-07-19 14:52:02 - [TEST_STEP][PASSED] - click: Object: 'Object Repository/OMVA_Login_Page/Next_Button' is clicked on

2018-07-19 14:52:02 - [MESSAGE][PASSED] - Object: 'Object Repository/OMVA_Login_Page/Next_Button' is clicked on

2018-07-19 14:52:02 - [TEST_STEP][PASSED] - waitForElementVisible: Object 'Object Repository/OMVA_Login_Page/Password_Textbox' is visible

2018-07-19 14:52:03 - [MESSAGE][PASSED] - Object 'Object Repository/OMVA_Login_Page/Password_Textbox' is visible

2018-07-19 14:52:03 - [TEST_STEP][PASSED] - sendKeys: Keys 'alvin' sent to object: 'Object Repository/OMVA_Login_Page/Password_Textbox'

2018-07-19 14:52:03 - [MESSAGE][PASSED] - Keys 'alvin' sent to object: 'Object Repository/OMVA_Login_Page/Password_Textbox'

2018-07-19 14:52:03 - [TEST_STEP][PASSED] - click: Object: 'Object Repository/OMVA_Login_Page/Signin_Button' is clicked on

2018-07-19 14:52:03 - [MESSAGE][PASSED] - Object: 'Object Repository/OMVA_Login_Page/Signin_Button' is clicked on

2018-07-19 14:52:03 - [TEST_STEP][PASSED] - waitForAngularLoad: This page doesn't use Angular.

2018-07-19 14:52:03 - [MESSAGE][WARNING] - This page doesn't use Angular.

2018-07-19 14:52:03 - [TEST_STEP][PASSED] - Statement - greetingtext = com.kms.katalon.core.webui.keyword.WebUiBuiltInKeywords.getText(com.kms.katalon.core.testobject.ObjectRepository.findTestObject(OMVA_Landing_Page/Greeting_Label)): Text of object 'Object Repository/OMVA_Landing_Page/Greeting_Label' is: 'Good Afternoon, alvin'

2018-07-19 14:52:04 - [MESSAGE][PASSED] - Text of object 'Object Repository/OMVA_Landing_Page/Greeting_Label' is: 'Good Afternoon, alvin'

2018-07-19 14:52:04 - [TEST_STEP][PASSED] - verifyMatch: Actual text 'Good Afternoon, alvin' and expected text '\D*alvin' are matched  using regular expression

2018-07-19 14:52:04 - [MESSAGE][PASSED] - Actual text 'Good Afternoon, alvin' and expected text '\D*alvin' are matched  using regular expression

2018-07-19 14:52:04 - [MESSAGE][PASSED] - Call Test Case 'Test Cases/UserManagementTestCases/Login/Login_ChannelMSP' successfully

2018-07-19 14:52:04 - [TEST_STEP][PASSED] - waitForElementVisible: Web element with id: 'Object Repository/OMVA_Workbench_Page/1st_SKUMaterial' located by 'By.xpath: (//div[@id='parent']//descendant::h2[@data-parent='#parent'])[1]' not found

2018-07-19 14:52:09 - [MESSAGE][WARNING] - Web element with id: 'Object Repository/OMVA_Workbench_Page/1st_SKUMaterial' located by 'By.xpath: (//div[@id='parent']//descendant::h2[@data-parent='#parent'])[1]' not found

2018-07-19 14:52:09 - [TEST_STEP][FAILED] - click: Unable to click on object 'Object Repository/OMVA_Workbench_Page/1st_SKUMaterial' (Root cause: com.kms.katalon.core.webui.exception.WebElementNotFoundException: Web element with id: 'Object Repository/OMVA_Workbench_Page/1st_SKUMaterial' located by 'By.xpath: (//div[@id='parent']//descendant::h2[@data-parent='#parent'])[1]' not found)

2018-07-19 14:52:26 - [MESSAGE][FAILED] - Unable to click on object 'Object Repository/OMVA_Workbench_Page/1st_SKUMaterial' (Root cause: com.kms.katalon.core.webui.exception.WebElementNotFoundException: Web element with id: 'Object Repository/OMVA_Workbench_Page/1st_SKUMaterial' located by 'By.xpath: (//div[@id='parent']//descendant::h2[@data-parent='#parent'])[1]' not found)
[[ATTACHMENT|D:\\P&G New\\Automation-P&G-Code-Base\\OMVA\\Reports\\WorkBenchTestSuite\\20180719_145118\\1531992145776.png]]]]></system-out>
         <system-err><![CDATA[2018-07-19 14:51:28 - [TEST_CASE][FAILED] - Test Cases/WorkBenchTestCases/Validate_CategoryMSPIncreaseAllocationQtyNotEditable: Test Cases/WorkBenchTestCases/Validate_CategoryMSPIncreaseAllocationQtyNotEditable FAILED because (of) Unable to click on object 'Object Repository/OMVA_Workbench_Page/1st_SKUMaterial' (Root cause: com.kms.katalon.core.webui.exception.WebElementNotFoundException: Web element with id: 'Object Repository/OMVA_Workbench_Page/1st_SKUMaterial' located by 'By.xpath: (//div[@id='parent']//descendant::h2[@data-parent='#parent'])[1]' not found)]]></system-err>
      </testcase>
      <system-out><![CDATA[2018-07-19 14:51:20 - [TEST_SUITE][FAILED] - WorkBenchTestSuite: Test Cases/WorkBenchTestCases/Validate_CategoryMSPIncreaseAllocationQtyNotEditable FAILED because (of) Unable to click on object 'Object Repository/OMVA_Workbench_Page/1st_SKUMaterial' (Root cause: com.kms.katalon.core.webui.exception.WebElementNotFoundException: Web element with id: 'Object Repository/OMVA_Workbench_Page/1st_SKUMaterial' located by 'By.xpath: (//div[@id='parent']//descendant::h2[@data-parent='#parent'])[1]' not found)]]></system-out>
      <system-err><![CDATA[2018-07-19 14:51:20 - [TEST_SUITE][FAILED] - WorkBenchTestSuite: Test Cases/WorkBenchTestCases/Validate_CategoryMSPIncreaseAllocationQtyNotEditable FAILED because (of) Unable to click on object 'Object Repository/OMVA_Workbench_Page/1st_SKUMaterial' (Root cause: com.kms.katalon.core.webui.exception.WebElementNotFoundException: Web element with id: 'Object Repository/OMVA_Workbench_Page/1st_SKUMaterial' located by 'By.xpath: (//div[@id='parent']//descendant::h2[@data-parent='#parent'])[1]' not found)]]></system-err>
   </testsuite>
</testsuites>
