<?xml version="1.0" encoding="UTF-8"?>
<testsuites name="SummaryTestSuite" time="270" tests="0" failures="5" errors="0">
   <testsuite name="SummaryTestSuite" tests="0" failures="5" errors="0" time="270" timestamp="2018-07-17 13:00:26" hostname="703177791 - 703177791GDL.IND.CORP.AD" id="Test Suites/SummaryTestSuite">
      <properties>
         <property name="deviceName" value=""/>
         <property name="devicePlatform" value=""/>
         <property name="logFolder" value="D:\\P&amp;G New\\Automation-P&amp;G-Code-Base\\OMVA\\Reports\\SummaryTestSuite\\20180717_125122"/>
         <property name="logFiles" value="D:\\P&amp;G New\\Automation-P&amp;G-Code-Base\\OMVA\\Reports\\SummaryTestSuite\\20180717_125122\\execution0.log"/>
         <property name="attachments" value="D:\\P&amp;G New\\Automation-P&amp;G-Code-Base\\OMVA\\Reports\\SummaryTestSuite\\20180717_125122\\1531812683144.png, D:\\P&amp;G New\\Automation-P&amp;G-Code-Base\\OMVA\\Reports\\SummaryTestSuite\\20180717_125122\\1531812733360.png, D:\\P&amp;G New\\Automation-P&amp;G-Code-Base\\OMVA\\Reports\\SummaryTestSuite\\20180717_125122\\1531812784638.png, D:\\P&amp;G New\\Automation-P&amp;G-Code-Base\\OMVA\\Reports\\SummaryTestSuite\\20180717_125122\\1531812834435.png, D:\\P&amp;G New\\Automation-P&amp;G-Code-Base\\OMVA\\Reports\\SummaryTestSuite\\20180717_125122\\1531812895398.png"/>
         <property name="hostName" value="703177791 - 703177791GDL.IND.CORP.AD"/>
         <property name="os" value="Windows 10 64bit"/>
         <property name="katalonVersion" value="5.4.2.1"/>
         <property name="browser" value="Chrome 67.0.3396.62"/>
         <property name="hostAddress" value="172.16.21.232"/>
         <property name="sessionId" value="b67fe18081d20d3bc781cb31a845eae4"/>
         <property name="seleniumVersion" value="3.7.1"/>
         <property name="proxyInformation" value="ProxyInformation{proxyOption=NO_PROXY, proxyServerType=HTTP, password=, proxyServerAddress=, proxyServerPort=0}"/>
         <property name="platform" value="Windows 10"/>
      </properties>
      <testcase name="Test Cases/SummaryTestCases/MAL_Comment" classname="Test Cases/SummaryTestCases/MAL_Comment" status="FAILED">
         <failure type="FAILED" message="Unable to click on object 'Object Repository/OMVA_Summary_Page/AddComment_Icon' (Root cause: com.kms.katalon.core.webui.exception.WebElementNotFoundException: Web element with id: 'Object Repository/OMVA_Summary_Page/AddComment_Icon' located by 'By.xpath: (//span[@class='addChat'])[1]' not found)"/>
         <system-out><![CDATA[2018-07-17 13:00:26 - [TEST_CASE][FAILED] - Test Cases/SummaryTestCases/MAL_Comment: Test Cases/SummaryTestCases/MAL_Comment FAILED because (of) Unable to click on object 'Object Repository/OMVA_Summary_Page/AddComment_Icon' (Root cause: com.kms.katalon.core.webui.exception.WebElementNotFoundException: Web element with id: 'Object Repository/OMVA_Summary_Page/AddComment_Icon' located by 'By.xpath: (//span[@class='addChat'])[1]' not found)

2018-07-17 13:00:26 - [TEST_STEP][PASSED] - callTestCase: Call Test Case 'Test Cases/UserManagementTestCases/Login/Login_MAL' successfully

2018-07-17 13:00:28 - [TEST_CASE][PASSED] - Test Cases/UserManagementTestCases/Login/Login_MAL: Test Cases/UserManagementTestCases/Login/Login_MAL

2018-07-17 13:00:28 - [TEST_STEP][PASSED] - callTestCase: Call Test Case 'Test Cases/CommonTestcases/OpenBrowserandNavigateToQAURL' successfully

2018-07-17 13:00:28 - [TEST_CASE][PASSED] - Test Cases/CommonTestcases/OpenBrowserandNavigateToQAURL: Test Cases/CommonTestcases/OpenBrowserandNavigateToQAURL

2018-07-17 13:00:28 - [TEST_STEP][PASSED] - openBrowser: Browser is opened with url: ''

2018-07-17 13:00:31 - [MESSAGE][PASSED] - Browser is opened with url: ''

2018-07-17 13:00:31 - [TEST_STEP][PASSED] - navigateToUrl: Navigate to 'https://coa-demo-env.azurewebsites.net/da/index.html#/login' successfully

2018-07-17 13:00:42 - [MESSAGE][PASSED] - Navigate to 'https://coa-demo-env.azurewebsites.net/da/index.html#/login' successfully

2018-07-17 13:00:42 - [TEST_STEP][PASSED] - maximizeWindow: Current window maximized

2018-07-17 13:00:43 - [MESSAGE][PASSED] - Current window maximized

2018-07-17 13:00:43 - [MESSAGE][PASSED] - Call Test Case 'Test Cases/CommonTestcases/OpenBrowserandNavigateToQAURL' successfully

2018-07-17 13:00:43 - [TEST_STEP][PASSED] - waitForElementVisible: Object 'Object Repository/OMVA_Login_Page/Password_Textbox' is not visible after 10 second(s)

2018-07-17 13:00:54 - [MESSAGE][WARNING] - Object 'Object Repository/OMVA_Login_Page/Password_Textbox' is not visible after 10 second(s)

2018-07-17 13:00:54 - [TEST_STEP][PASSED] - sendKeys: Keys 'angelica' sent to object: 'Object Repository/OMVA_Login_Page/Username_Textbox'

2018-07-17 13:00:54 - [MESSAGE][PASSED] - Keys 'angelica' sent to object: 'Object Repository/OMVA_Login_Page/Username_Textbox'

2018-07-17 13:00:54 - [TEST_STEP][PASSED] - click: Object: 'Object Repository/OMVA_Login_Page/Next_Button' is clicked on

2018-07-17 13:00:54 - [MESSAGE][PASSED] - Object: 'Object Repository/OMVA_Login_Page/Next_Button' is clicked on

2018-07-17 13:00:54 - [TEST_STEP][PASSED] - waitForElementVisible: Object 'Object Repository/OMVA_Login_Page/Password_Textbox' is visible

2018-07-17 13:00:55 - [MESSAGE][PASSED] - Object 'Object Repository/OMVA_Login_Page/Password_Textbox' is visible

2018-07-17 13:00:55 - [TEST_STEP][PASSED] - sendKeys: Keys 'angelica' sent to object: 'Object Repository/OMVA_Login_Page/Password_Textbox'

2018-07-17 13:00:55 - [MESSAGE][PASSED] - Keys 'angelica' sent to object: 'Object Repository/OMVA_Login_Page/Password_Textbox'

2018-07-17 13:00:55 - [TEST_STEP][PASSED] - click: Object: 'Object Repository/OMVA_Login_Page/Signin_Button' is clicked on

2018-07-17 13:00:55 - [MESSAGE][PASSED] - Object: 'Object Repository/OMVA_Login_Page/Signin_Button' is clicked on

2018-07-17 13:00:55 - [TEST_STEP][PASSED] - waitForAngularLoad: This page doesn't use Angular.

2018-07-17 13:00:55 - [MESSAGE][WARNING] - This page doesn't use Angular.

2018-07-17 13:00:55 - [TEST_STEP][PASSED] - Statement - greetingtext = com.kms.katalon.core.webui.keyword.WebUiBuiltInKeywords.getText(com.kms.katalon.core.testobject.ObjectRepository.findTestObject(OMVA_Landing_Page/Greeting_Label)): Text of object 'Object Repository/OMVA_Landing_Page/Greeting_Label' is: 'Good Afternoon, angelica'

2018-07-17 13:00:56 - [MESSAGE][PASSED] - Text of object 'Object Repository/OMVA_Landing_Page/Greeting_Label' is: 'Good Afternoon, angelica'

2018-07-17 13:00:56 - [TEST_STEP][PASSED] - verifyMatch: Actual text 'Good Afternoon, angelica' and expected text '\D*angelica' are matched  using regular expression

2018-07-17 13:00:56 - [MESSAGE][PASSED] - Actual text 'Good Afternoon, angelica' and expected text '\D*angelica' are matched  using regular expression

2018-07-17 13:00:56 - [MESSAGE][PASSED] - Call Test Case 'Test Cases/UserManagementTestCases/Login/Login_MAL' successfully

2018-07-17 13:00:56 - [TEST_STEP][PASSED] - delay: Delayed 5 second(s)

2018-07-17 13:01:01 - [MESSAGE][PASSED] - Delayed 5 second(s)

2018-07-17 13:01:01 - [TEST_STEP][PASSED] - waitForElementPresent: Object 'Object Repository/OMVA_Landing_Page/Summary_Logo' is present

2018-07-17 13:01:01 - [MESSAGE][PASSED] - Object 'Object Repository/OMVA_Landing_Page/Summary_Logo' is present

2018-07-17 13:01:01 - [TEST_STEP][PASSED] - click: Object: 'Object Repository/OMVA_Landing_Page/Summary_Logo' is clicked on

2018-07-17 13:01:01 - [MESSAGE][PASSED] - Object: 'Object Repository/OMVA_Landing_Page/Summary_Logo' is clicked on

2018-07-17 13:01:01 - [TEST_STEP][PASSED] - waitForElementPresent: Object 'Object Repository/OMVA_Summary_Page/AddComment_Icon' is not present after 5 second(s)

2018-07-17 13:01:06 - [MESSAGE][WARNING] - Object 'Object Repository/OMVA_Summary_Page/AddComment_Icon' is not present after 5 second(s)

2018-07-17 13:01:06 - [TEST_STEP][FAILED] - click: Unable to click on object 'Object Repository/OMVA_Summary_Page/AddComment_Icon' (Root cause: com.kms.katalon.core.webui.exception.WebElementNotFoundException: Web element with id: 'Object Repository/OMVA_Summary_Page/AddComment_Icon' located by 'By.xpath: (//span[@class='addChat'])[1]' not found)

2018-07-17 13:01:23 - [MESSAGE][FAILED] - Unable to click on object 'Object Repository/OMVA_Summary_Page/AddComment_Icon' (Root cause: com.kms.katalon.core.webui.exception.WebElementNotFoundException: Web element with id: 'Object Repository/OMVA_Summary_Page/AddComment_Icon' located by 'By.xpath: (//span[@class='addChat'])[1]' not found)
[[ATTACHMENT|D:\\P&G New\\Automation-P&G-Code-Base\\OMVA\\Reports\\SummaryTestSuite\\20180717_125122\\1531812683144.png]]]]></system-out>
         <system-err><![CDATA[2018-07-17 13:00:26 - [TEST_CASE][FAILED] - Test Cases/SummaryTestCases/MAL_Comment: Test Cases/SummaryTestCases/MAL_Comment FAILED because (of) Unable to click on object 'Object Repository/OMVA_Summary_Page/AddComment_Icon' (Root cause: com.kms.katalon.core.webui.exception.WebElementNotFoundException: Web element with id: 'Object Repository/OMVA_Summary_Page/AddComment_Icon' located by 'By.xpath: (//span[@class='addChat'])[1]' not found)]]></system-err>
      </testcase>
      <testcase name="Test Cases/SummaryTestCases/MSP_Comment" classname="Test Cases/SummaryTestCases/MSP_Comment" status="FAILED">
         <failure type="FAILED" message="Unable to click on object 'Object Repository/OMVA_Summary_Page/AddComment_Icon' (Root cause: com.kms.katalon.core.webui.exception.WebElementNotFoundException: Web element with id: 'Object Repository/OMVA_Summary_Page/AddComment_Icon' located by 'By.xpath: (//span[@class='addChat'])[1]' not found)"/>
         <system-out><![CDATA[2018-07-17 13:01:23 - [TEST_CASE][FAILED] - Test Cases/SummaryTestCases/MSP_Comment: Test Cases/SummaryTestCases/MSP_Comment FAILED because (of) Unable to click on object 'Object Repository/OMVA_Summary_Page/AddComment_Icon' (Root cause: com.kms.katalon.core.webui.exception.WebElementNotFoundException: Web element with id: 'Object Repository/OMVA_Summary_Page/AddComment_Icon' located by 'By.xpath: (//span[@class='addChat'])[1]' not found)

2018-07-17 13:01:23 - [TEST_STEP][PASSED] - callTestCase: Call Test Case 'Test Cases/UserManagementTestCases/Login/Login_ChannelMSP' successfully

2018-07-17 13:01:23 - [TEST_CASE][PASSED] - Test Cases/UserManagementTestCases/Login/Login_ChannelMSP: Test Cases/UserManagementTestCases/Login/Login_ChannelMSP

2018-07-17 13:01:23 - [TEST_STEP][PASSED] - callTestCase: Call Test Case 'Test Cases/CommonTestcases/OpenBrowserandNavigateToQAURL' successfully

2018-07-17 13:01:24 - [TEST_CASE][PASSED] - Test Cases/CommonTestcases/OpenBrowserandNavigateToQAURL: Test Cases/CommonTestcases/OpenBrowserandNavigateToQAURL

2018-07-17 13:01:24 - [TEST_STEP][PASSED] - openBrowser: Browser is opened with url: ''

2018-07-17 13:01:24 - [MESSAGE][WARNING] - A browser is already opened. Closing browser and opening a new one

2018-07-17 13:01:26 - [MESSAGE][PASSED] - Browser is opened with url: ''

2018-07-17 13:01:26 - [TEST_STEP][PASSED] - navigateToUrl: Navigate to 'https://coa-demo-env.azurewebsites.net/da/index.html#/login' successfully

2018-07-17 13:01:31 - [MESSAGE][PASSED] - Navigate to 'https://coa-demo-env.azurewebsites.net/da/index.html#/login' successfully

2018-07-17 13:01:31 - [TEST_STEP][PASSED] - maximizeWindow: Current window maximized

2018-07-17 13:01:33 - [MESSAGE][PASSED] - Current window maximized

2018-07-17 13:01:33 - [MESSAGE][PASSED] - Call Test Case 'Test Cases/CommonTestcases/OpenBrowserandNavigateToQAURL' successfully

2018-07-17 13:01:33 - [TEST_STEP][PASSED] - waitForElementVisible: Object 'Object Repository/OMVA_Login_Page/Password_Textbox' is not visible after 10 second(s)

2018-07-17 13:01:43 - [MESSAGE][WARNING] - Object 'Object Repository/OMVA_Login_Page/Password_Textbox' is not visible after 10 second(s)

2018-07-17 13:01:43 - [TEST_STEP][PASSED] - sendKeys: Keys 'nicole' sent to object: 'Object Repository/OMVA_Login_Page/Username_Textbox'

2018-07-17 13:01:43 - [MESSAGE][PASSED] - Keys 'nicole' sent to object: 'Object Repository/OMVA_Login_Page/Username_Textbox'

2018-07-17 13:01:43 - [TEST_STEP][PASSED] - click: Object: 'Object Repository/OMVA_Login_Page/Next_Button' is clicked on

2018-07-17 13:01:43 - [MESSAGE][PASSED] - Object: 'Object Repository/OMVA_Login_Page/Next_Button' is clicked on

2018-07-17 13:01:43 - [TEST_STEP][PASSED] - waitForElementVisible: Object 'Object Repository/OMVA_Login_Page/Password_Textbox' is visible

2018-07-17 13:01:44 - [MESSAGE][PASSED] - Object 'Object Repository/OMVA_Login_Page/Password_Textbox' is visible

2018-07-17 13:01:44 - [TEST_STEP][PASSED] - sendKeys: Keys 'nicole' sent to object: 'Object Repository/OMVA_Login_Page/Password_Textbox'

2018-07-17 13:01:44 - [MESSAGE][PASSED] - Keys 'nicole' sent to object: 'Object Repository/OMVA_Login_Page/Password_Textbox'

2018-07-17 13:01:44 - [TEST_STEP][PASSED] - click: Object: 'Object Repository/OMVA_Login_Page/Signin_Button' is clicked on

2018-07-17 13:01:44 - [MESSAGE][PASSED] - Object: 'Object Repository/OMVA_Login_Page/Signin_Button' is clicked on

2018-07-17 13:01:44 - [TEST_STEP][PASSED] - waitForAngularLoad: This page doesn't use Angular.

2018-07-17 13:01:44 - [MESSAGE][WARNING] - This page doesn't use Angular.

2018-07-17 13:01:44 - [TEST_STEP][PASSED] - Statement - greetingtext = com.kms.katalon.core.webui.keyword.WebUiBuiltInKeywords.getText(com.kms.katalon.core.testobject.ObjectRepository.findTestObject(OMVA_Landing_Page/Greeting_Label)): Text of object 'Object Repository/OMVA_Landing_Page/Greeting_Label' is: 'Good Afternoon, nicole'

2018-07-17 13:01:45 - [MESSAGE][PASSED] - Text of object 'Object Repository/OMVA_Landing_Page/Greeting_Label' is: 'Good Afternoon, nicole'

2018-07-17 13:01:45 - [TEST_STEP][PASSED] - verifyMatch: Actual text 'Good Afternoon, nicole' and expected text '\D*nicole' are matched  using regular expression

2018-07-17 13:01:45 - [MESSAGE][PASSED] - Actual text 'Good Afternoon, nicole' and expected text '\D*nicole' are matched  using regular expression

2018-07-17 13:01:45 - [MESSAGE][PASSED] - Call Test Case 'Test Cases/UserManagementTestCases/Login/Login_ChannelMSP' successfully

2018-07-17 13:01:45 - [TEST_STEP][PASSED] - delay: Delayed 3 second(s)

2018-07-17 13:01:48 - [MESSAGE][PASSED] - Delayed 3 second(s)

2018-07-17 13:01:48 - [TEST_STEP][PASSED] - waitForElementPresent: Object 'Object Repository/OMVA_Landing_Page/Summary_Logo' is present

2018-07-17 13:01:48 - [MESSAGE][PASSED] - Object 'Object Repository/OMVA_Landing_Page/Summary_Logo' is present

2018-07-17 13:01:48 - [TEST_STEP][PASSED] - click: Object: 'Object Repository/OMVA_Landing_Page/Summary_Logo' is clicked on

2018-07-17 13:01:48 - [MESSAGE][PASSED] - Object: 'Object Repository/OMVA_Landing_Page/Summary_Logo' is clicked on

2018-07-17 13:01:48 - [TEST_STEP][PASSED] - delay: Delayed 3 second(s)

2018-07-17 13:01:51 - [MESSAGE][PASSED] - Delayed 3 second(s)

2018-07-17 13:01:51 - [TEST_STEP][PASSED] - waitForElementPresent: Object 'Object Repository/OMVA_Summary_Page/AddComment_Icon' is not present after 5 second(s)

2018-07-17 13:01:57 - [MESSAGE][WARNING] - Object 'Object Repository/OMVA_Summary_Page/AddComment_Icon' is not present after 5 second(s)

2018-07-17 13:01:57 - [TEST_STEP][FAILED] - click: Unable to click on object 'Object Repository/OMVA_Summary_Page/AddComment_Icon' (Root cause: com.kms.katalon.core.webui.exception.WebElementNotFoundException: Web element with id: 'Object Repository/OMVA_Summary_Page/AddComment_Icon' located by 'By.xpath: (//span[@class='addChat'])[1]' not found)

2018-07-17 13:02:13 - [MESSAGE][FAILED] - Unable to click on object 'Object Repository/OMVA_Summary_Page/AddComment_Icon' (Root cause: com.kms.katalon.core.webui.exception.WebElementNotFoundException: Web element with id: 'Object Repository/OMVA_Summary_Page/AddComment_Icon' located by 'By.xpath: (//span[@class='addChat'])[1]' not found)
[[ATTACHMENT|D:\\P&G New\\Automation-P&G-Code-Base\\OMVA\\Reports\\SummaryTestSuite\\20180717_125122\\1531812733360.png]]]]></system-out>
         <system-err><![CDATA[2018-07-17 13:01:23 - [TEST_CASE][FAILED] - Test Cases/SummaryTestCases/MSP_Comment: Test Cases/SummaryTestCases/MSP_Comment FAILED because (of) Unable to click on object 'Object Repository/OMVA_Summary_Page/AddComment_Icon' (Root cause: com.kms.katalon.core.webui.exception.WebElementNotFoundException: Web element with id: 'Object Repository/OMVA_Summary_Page/AddComment_Icon' located by 'By.xpath: (//span[@class='addChat'])[1]' not found)]]></system-err>
      </testcase>
      <testcase name="Test Cases/SummaryTestCases/AlocSpoc_Comment" classname="Test Cases/SummaryTestCases/AlocSpoc_Comment" status="FAILED">
         <failure type="FAILED" message="Unable to click on object 'Object Repository/OMVA_Summary_Page/AddComment_Icon' (Root cause: com.kms.katalon.core.webui.exception.WebElementNotFoundException: Web element with id: 'Object Repository/OMVA_Summary_Page/AddComment_Icon' located by 'By.xpath: (//span[@class='addChat'])[1]' not found)"/>
         <system-out><![CDATA[2018-07-17 13:02:13 - [TEST_CASE][FAILED] - Test Cases/SummaryTestCases/AlocSpoc_Comment: Test Cases/SummaryTestCases/AlocSpoc_Comment FAILED because (of) Unable to click on object 'Object Repository/OMVA_Summary_Page/AddComment_Icon' (Root cause: com.kms.katalon.core.webui.exception.WebElementNotFoundException: Web element with id: 'Object Repository/OMVA_Summary_Page/AddComment_Icon' located by 'By.xpath: (//span[@class='addChat'])[1]' not found)

2018-07-17 13:02:13 - [TEST_STEP][PASSED] - callTestCase: Call Test Case 'Test Cases/UserManagementTestCases/Login/Login_AllocSPOC' successfully

2018-07-17 13:02:14 - [TEST_CASE][PASSED] - Test Cases/UserManagementTestCases/Login/Login_AllocSPOC: Test Cases/UserManagementTestCases/Login/Login_AllocSPOC

2018-07-17 13:02:14 - [TEST_STEP][PASSED] - callTestCase: Call Test Case 'Test Cases/CommonTestcases/OpenBrowserandNavigateToQAURL' successfully

2018-07-17 13:02:14 - [TEST_CASE][PASSED] - Test Cases/CommonTestcases/OpenBrowserandNavigateToQAURL: Test Cases/CommonTestcases/OpenBrowserandNavigateToQAURL

2018-07-17 13:02:14 - [TEST_STEP][PASSED] - openBrowser: Browser is opened with url: ''

2018-07-17 13:02:14 - [MESSAGE][WARNING] - A browser is already opened. Closing browser and opening a new one

2018-07-17 13:02:17 - [MESSAGE][PASSED] - Browser is opened with url: ''

2018-07-17 13:02:17 - [TEST_STEP][PASSED] - navigateToUrl: Navigate to 'https://coa-demo-env.azurewebsites.net/da/index.html#/login' successfully

2018-07-17 13:02:29 - [MESSAGE][PASSED] - Navigate to 'https://coa-demo-env.azurewebsites.net/da/index.html#/login' successfully

2018-07-17 13:02:29 - [TEST_STEP][PASSED] - maximizeWindow: Current window maximized

2018-07-17 13:02:30 - [MESSAGE][PASSED] - Current window maximized

2018-07-17 13:02:30 - [MESSAGE][PASSED] - Call Test Case 'Test Cases/CommonTestcases/OpenBrowserandNavigateToQAURL' successfully

2018-07-17 13:02:30 - [TEST_STEP][PASSED] - waitForElementVisible: Object 'Object Repository/OMVA_Login_Page/Password_Textbox' is not visible after 10 second(s)

2018-07-17 13:02:41 - [MESSAGE][WARNING] - Object 'Object Repository/OMVA_Login_Page/Password_Textbox' is not visible after 10 second(s)

2018-07-17 13:02:41 - [TEST_STEP][PASSED] - sendKeys: Keys 'romeo' sent to object: 'Object Repository/OMVA_Login_Page/Username_Textbox'

2018-07-17 13:02:41 - [MESSAGE][PASSED] - Keys 'romeo' sent to object: 'Object Repository/OMVA_Login_Page/Username_Textbox'

2018-07-17 13:02:41 - [TEST_STEP][PASSED] - click: Object: 'Object Repository/OMVA_Login_Page/Next_Button' is clicked on

2018-07-17 13:02:41 - [MESSAGE][PASSED] - Object: 'Object Repository/OMVA_Login_Page/Next_Button' is clicked on

2018-07-17 13:02:41 - [TEST_STEP][PASSED] - waitForElementVisible: Object 'Object Repository/OMVA_Login_Page/Password_Textbox' is visible

2018-07-17 13:02:41 - [MESSAGE][PASSED] - Object 'Object Repository/OMVA_Login_Page/Password_Textbox' is visible

2018-07-17 13:02:41 - [TEST_STEP][PASSED] - sendKeys: Keys 'romeo' sent to object: 'Object Repository/OMVA_Login_Page/Password_Textbox'

2018-07-17 13:02:42 - [MESSAGE][PASSED] - Keys 'romeo' sent to object: 'Object Repository/OMVA_Login_Page/Password_Textbox'

2018-07-17 13:02:42 - [TEST_STEP][PASSED] - click: Object: 'Object Repository/OMVA_Login_Page/Signin_Button' is clicked on

2018-07-17 13:02:42 - [MESSAGE][PASSED] - Object: 'Object Repository/OMVA_Login_Page/Signin_Button' is clicked on

2018-07-17 13:02:42 - [TEST_STEP][PASSED] - waitForAngularLoad: This page doesn't use Angular.

2018-07-17 13:02:42 - [MESSAGE][WARNING] - This page doesn't use Angular.

2018-07-17 13:02:42 - [TEST_STEP][PASSED] - Statement - greetingtext = com.kms.katalon.core.webui.keyword.WebUiBuiltInKeywords.getText(com.kms.katalon.core.testobject.ObjectRepository.findTestObject(OMVA_Landing_Page/Greeting_Label)): Text of object 'Object Repository/OMVA_Landing_Page/Greeting_Label' is: 'Good Afternoon, romeo'

2018-07-17 13:02:42 - [MESSAGE][PASSED] - Text of object 'Object Repository/OMVA_Landing_Page/Greeting_Label' is: 'Good Afternoon, romeo'

2018-07-17 13:02:42 - [TEST_STEP][PASSED] - verifyMatch: Actual text 'Good Afternoon, romeo' and expected text '\D*romeo' are matched  using regular expression

2018-07-17 13:02:42 - [MESSAGE][PASSED] - Actual text 'Good Afternoon, romeo' and expected text '\D*romeo' are matched  using regular expression

2018-07-17 13:02:42 - [MESSAGE][PASSED] - Call Test Case 'Test Cases/UserManagementTestCases/Login/Login_AllocSPOC' successfully

2018-07-17 13:02:42 - [TEST_STEP][PASSED] - waitForElementPresent: Object 'Object Repository/OMVA_Summary_Page/AddComment_Icon' is not present after 5 second(s)

2018-07-17 13:02:48 - [MESSAGE][WARNING] - Object 'Object Repository/OMVA_Summary_Page/AddComment_Icon' is not present after 5 second(s)

2018-07-17 13:02:48 - [TEST_STEP][FAILED] - click: Unable to click on object 'Object Repository/OMVA_Summary_Page/AddComment_Icon' (Root cause: com.kms.katalon.core.webui.exception.WebElementNotFoundException: Web element with id: 'Object Repository/OMVA_Summary_Page/AddComment_Icon' located by 'By.xpath: (//span[@class='addChat'])[1]' not found)

2018-07-17 13:03:04 - [MESSAGE][FAILED] - Unable to click on object 'Object Repository/OMVA_Summary_Page/AddComment_Icon' (Root cause: com.kms.katalon.core.webui.exception.WebElementNotFoundException: Web element with id: 'Object Repository/OMVA_Summary_Page/AddComment_Icon' located by 'By.xpath: (//span[@class='addChat'])[1]' not found)
[[ATTACHMENT|D:\\P&G New\\Automation-P&G-Code-Base\\OMVA\\Reports\\SummaryTestSuite\\20180717_125122\\1531812784638.png]]]]></system-out>
         <system-err><![CDATA[2018-07-17 13:02:13 - [TEST_CASE][FAILED] - Test Cases/SummaryTestCases/AlocSpoc_Comment: Test Cases/SummaryTestCases/AlocSpoc_Comment FAILED because (of) Unable to click on object 'Object Repository/OMVA_Summary_Page/AddComment_Icon' (Root cause: com.kms.katalon.core.webui.exception.WebElementNotFoundException: Web element with id: 'Object Repository/OMVA_Summary_Page/AddComment_Icon' located by 'By.xpath: (//span[@class='addChat'])[1]' not found)]]></system-err>
      </testcase>
      <testcase name="Test Cases/SummaryTestCases/Status_Completed" classname="Test Cases/SummaryTestCases/Status_Completed" status="FAILED">
         <failure type="FAILED" message="Unable to click on object 'Object Repository/OMVA_Summary_Page/Select_puregold' (Root cause: com.kms.katalon.core.webui.exception.WebElementNotFoundException: Web element with id: 'Object Repository/OMVA_Summary_Page/Select_puregold' located by 'By.xpath: //div[@class='dropdown-menu filter-select']/ul/li[1]/label[@for='0_catchecked']' not found)"/>
         <system-out><![CDATA[2018-07-17 13:03:04 - [TEST_CASE][FAILED] - Test Cases/SummaryTestCases/Status_Completed: Test Cases/SummaryTestCases/Status_Completed FAILED because (of) Unable to click on object 'Object Repository/OMVA_Summary_Page/Select_puregold' (Root cause: com.kms.katalon.core.webui.exception.WebElementNotFoundException: Web element with id: 'Object Repository/OMVA_Summary_Page/Select_puregold' located by 'By.xpath: //div[@class='dropdown-menu filter-select']/ul/li[1]/label[@for='0_catchecked']' not found)

2018-07-17 13:03:05 - [TEST_STEP][PASSED] - callTestCase: Call Test Case 'Test Cases/UserManagementTestCases/Login/Login_MAL' successfully

2018-07-17 13:03:05 - [TEST_CASE][PASSED] - Test Cases/UserManagementTestCases/Login/Login_MAL: Test Cases/UserManagementTestCases/Login/Login_MAL

2018-07-17 13:03:05 - [TEST_STEP][PASSED] - callTestCase: Call Test Case 'Test Cases/CommonTestcases/OpenBrowserandNavigateToQAURL' successfully

2018-07-17 13:03:05 - [TEST_CASE][PASSED] - Test Cases/CommonTestcases/OpenBrowserandNavigateToQAURL: Test Cases/CommonTestcases/OpenBrowserandNavigateToQAURL

2018-07-17 13:03:05 - [TEST_STEP][PASSED] - openBrowser: Browser is opened with url: ''

2018-07-17 13:03:05 - [MESSAGE][WARNING] - A browser is already opened. Closing browser and opening a new one

2018-07-17 13:03:08 - [MESSAGE][PASSED] - Browser is opened with url: ''

2018-07-17 13:03:08 - [TEST_STEP][PASSED] - navigateToUrl: Navigate to 'https://coa-demo-env.azurewebsites.net/da/index.html#/login' successfully

2018-07-17 13:03:16 - [MESSAGE][PASSED] - Navigate to 'https://coa-demo-env.azurewebsites.net/da/index.html#/login' successfully

2018-07-17 13:03:16 - [TEST_STEP][PASSED] - maximizeWindow: Current window maximized

2018-07-17 13:03:17 - [MESSAGE][PASSED] - Current window maximized

2018-07-17 13:03:17 - [MESSAGE][PASSED] - Call Test Case 'Test Cases/CommonTestcases/OpenBrowserandNavigateToQAURL' successfully

2018-07-17 13:03:17 - [TEST_STEP][PASSED] - waitForElementVisible: Object 'Object Repository/OMVA_Login_Page/Password_Textbox' is not visible after 10 second(s)

2018-07-17 13:03:27 - [MESSAGE][WARNING] - Object 'Object Repository/OMVA_Login_Page/Password_Textbox' is not visible after 10 second(s)

2018-07-17 13:03:27 - [TEST_STEP][PASSED] - sendKeys: Keys 'angelica' sent to object: 'Object Repository/OMVA_Login_Page/Username_Textbox'

2018-07-17 13:03:27 - [MESSAGE][PASSED] - Keys 'angelica' sent to object: 'Object Repository/OMVA_Login_Page/Username_Textbox'

2018-07-17 13:03:27 - [TEST_STEP][PASSED] - click: Object: 'Object Repository/OMVA_Login_Page/Next_Button' is clicked on

2018-07-17 13:03:28 - [MESSAGE][PASSED] - Object: 'Object Repository/OMVA_Login_Page/Next_Button' is clicked on

2018-07-17 13:03:28 - [TEST_STEP][PASSED] - waitForElementVisible: Object 'Object Repository/OMVA_Login_Page/Password_Textbox' is visible

2018-07-17 13:03:28 - [MESSAGE][PASSED] - Object 'Object Repository/OMVA_Login_Page/Password_Textbox' is visible

2018-07-17 13:03:28 - [TEST_STEP][PASSED] - sendKeys: Keys 'angelica' sent to object: 'Object Repository/OMVA_Login_Page/Password_Textbox'

2018-07-17 13:03:28 - [MESSAGE][PASSED] - Keys 'angelica' sent to object: 'Object Repository/OMVA_Login_Page/Password_Textbox'

2018-07-17 13:03:28 - [TEST_STEP][PASSED] - click: Object: 'Object Repository/OMVA_Login_Page/Signin_Button' is clicked on

2018-07-17 13:03:28 - [MESSAGE][PASSED] - Object: 'Object Repository/OMVA_Login_Page/Signin_Button' is clicked on

2018-07-17 13:03:28 - [TEST_STEP][PASSED] - waitForAngularLoad: This page doesn't use Angular.

2018-07-17 13:03:29 - [MESSAGE][WARNING] - This page doesn't use Angular.

2018-07-17 13:03:29 - [TEST_STEP][PASSED] - Statement - greetingtext = com.kms.katalon.core.webui.keyword.WebUiBuiltInKeywords.getText(com.kms.katalon.core.testobject.ObjectRepository.findTestObject(OMVA_Landing_Page/Greeting_Label)): Text of object 'Object Repository/OMVA_Landing_Page/Greeting_Label' is: 'Good Afternoon, angelica'

2018-07-17 13:03:29 - [MESSAGE][PASSED] - Text of object 'Object Repository/OMVA_Landing_Page/Greeting_Label' is: 'Good Afternoon, angelica'

2018-07-17 13:03:29 - [TEST_STEP][PASSED] - verifyMatch: Actual text 'Good Afternoon, angelica' and expected text '\D*angelica' are matched  using regular expression

2018-07-17 13:03:29 - [MESSAGE][PASSED] - Actual text 'Good Afternoon, angelica' and expected text '\D*angelica' are matched  using regular expression

2018-07-17 13:03:29 - [MESSAGE][PASSED] - Call Test Case 'Test Cases/UserManagementTestCases/Login/Login_MAL' successfully

2018-07-17 13:03:29 - [TEST_STEP][PASSED] - waitForElementPresent: Object 'Object Repository/OMVA_Landing_Page/Summary_Logo' is present

2018-07-17 13:03:29 - [MESSAGE][PASSED] - Object 'Object Repository/OMVA_Landing_Page/Summary_Logo' is present

2018-07-17 13:03:29 - [TEST_STEP][PASSED] - delay: Delayed 3 second(s)

2018-07-17 13:03:32 - [MESSAGE][PASSED] - Delayed 3 second(s)

2018-07-17 13:03:32 - [TEST_STEP][PASSED] - click: Object: 'Object Repository/OMVA_Landing_Page/Summary_Logo' is clicked on

2018-07-17 13:03:32 - [MESSAGE][PASSED] - Object: 'Object Repository/OMVA_Landing_Page/Summary_Logo' is clicked on

2018-07-17 13:03:32 - [TEST_STEP][PASSED] - delay: Delayed 5 second(s)

2018-07-17 13:03:37 - [MESSAGE][PASSED] - Delayed 5 second(s)

2018-07-17 13:03:37 - [TEST_STEP][PASSED] - waitForElementPresent: Object 'Object Repository/OMVA_Summary_Page/Customer_dropdown' is present

2018-07-17 13:03:37 - [MESSAGE][PASSED] - Object 'Object Repository/OMVA_Summary_Page/Customer_dropdown' is present

2018-07-17 13:03:37 - [TEST_STEP][PASSED] - click: Object: 'Object Repository/OMVA_Summary_Page/Customer_dropdown' is clicked on

2018-07-17 13:03:38 - [MESSAGE][PASSED] - Object: 'Object Repository/OMVA_Summary_Page/Customer_dropdown' is clicked on

2018-07-17 13:03:38 - [TEST_STEP][PASSED] - waitForElementPresent: Object 'Object Repository/OMVA_Summary_Page/Customer_dropdown' is present

2018-07-17 13:03:38 - [MESSAGE][PASSED] - Object 'Object Repository/OMVA_Summary_Page/Customer_dropdown' is present

2018-07-17 13:03:38 - [TEST_STEP][FAILED] - click: Unable to click on object 'Object Repository/OMVA_Summary_Page/Select_puregold' (Root cause: com.kms.katalon.core.webui.exception.WebElementNotFoundException: Web element with id: 'Object Repository/OMVA_Summary_Page/Select_puregold' located by 'By.xpath: //div[@class='dropdown-menu filter-select']/ul/li[1]/label[@for='0_catchecked']' not found)

2018-07-17 13:03:54 - [MESSAGE][FAILED] - Unable to click on object 'Object Repository/OMVA_Summary_Page/Select_puregold' (Root cause: com.kms.katalon.core.webui.exception.WebElementNotFoundException: Web element with id: 'Object Repository/OMVA_Summary_Page/Select_puregold' located by 'By.xpath: //div[@class='dropdown-menu filter-select']/ul/li[1]/label[@for='0_catchecked']' not found)
[[ATTACHMENT|D:\\P&G New\\Automation-P&G-Code-Base\\OMVA\\Reports\\SummaryTestSuite\\20180717_125122\\1531812834435.png]]]]></system-out>
         <system-err><![CDATA[2018-07-17 13:03:04 - [TEST_CASE][FAILED] - Test Cases/SummaryTestCases/Status_Completed: Test Cases/SummaryTestCases/Status_Completed FAILED because (of) Unable to click on object 'Object Repository/OMVA_Summary_Page/Select_puregold' (Root cause: com.kms.katalon.core.webui.exception.WebElementNotFoundException: Web element with id: 'Object Repository/OMVA_Summary_Page/Select_puregold' located by 'By.xpath: //div[@class='dropdown-menu filter-select']/ul/li[1]/label[@for='0_catchecked']' not found)]]></system-err>
      </testcase>
      <testcase name="Test Cases/SummaryTestCases/Status_OkToRefresh" classname="Test Cases/SummaryTestCases/Status_OkToRefresh" status="FAILED">
         <failure type="FAILED" message="Unable to click on object 'Object Repository/OMVA_Summary_Page/Select_puregold' (Root cause: com.kms.katalon.core.webui.exception.WebElementNotFoundException: Web element with id: 'Object Repository/OMVA_Summary_Page/Select_puregold' located by 'By.xpath: //div[@class='dropdown-menu filter-select']/ul/li[1]/label[@for='0_catchecked']' not found)"/>
         <system-out><![CDATA[2018-07-17 13:03:54 - [TEST_CASE][FAILED] - Test Cases/SummaryTestCases/Status_OkToRefresh: Test Cases/SummaryTestCases/Status_OkToRefresh FAILED because (of) Unable to click on object 'Object Repository/OMVA_Summary_Page/Select_puregold' (Root cause: com.kms.katalon.core.webui.exception.WebElementNotFoundException: Web element with id: 'Object Repository/OMVA_Summary_Page/Select_puregold' located by 'By.xpath: //div[@class='dropdown-menu filter-select']/ul/li[1]/label[@for='0_catchecked']' not found)

2018-07-17 13:03:54 - [TEST_STEP][PASSED] - callTestCase: Call Test Case 'Test Cases/UserManagementTestCases/Login/Login_AllocSPOC' successfully

2018-07-17 13:03:55 - [TEST_CASE][PASSED] - Test Cases/UserManagementTestCases/Login/Login_AllocSPOC: Test Cases/UserManagementTestCases/Login/Login_AllocSPOC

2018-07-17 13:03:55 - [TEST_STEP][PASSED] - callTestCase: Call Test Case 'Test Cases/CommonTestcases/OpenBrowserandNavigateToQAURL' successfully

2018-07-17 13:03:55 - [TEST_CASE][PASSED] - Test Cases/CommonTestcases/OpenBrowserandNavigateToQAURL: Test Cases/CommonTestcases/OpenBrowserandNavigateToQAURL

2018-07-17 13:03:55 - [TEST_STEP][PASSED] - openBrowser: Browser is opened with url: ''

2018-07-17 13:03:55 - [MESSAGE][WARNING] - A browser is already opened. Closing browser and opening a new one

2018-07-17 13:03:58 - [MESSAGE][PASSED] - Browser is opened with url: ''

2018-07-17 13:03:58 - [TEST_STEP][PASSED] - navigateToUrl: Navigate to 'https://coa-demo-env.azurewebsites.net/da/index.html#/login' successfully

2018-07-17 13:04:09 - [MESSAGE][PASSED] - Navigate to 'https://coa-demo-env.azurewebsites.net/da/index.html#/login' successfully

2018-07-17 13:04:09 - [TEST_STEP][PASSED] - maximizeWindow: Current window maximized

2018-07-17 13:04:10 - [MESSAGE][PASSED] - Current window maximized

2018-07-17 13:04:10 - [MESSAGE][PASSED] - Call Test Case 'Test Cases/CommonTestcases/OpenBrowserandNavigateToQAURL' successfully

2018-07-17 13:04:10 - [TEST_STEP][PASSED] - waitForElementVisible: Object 'Object Repository/OMVA_Login_Page/Password_Textbox' is not visible after 10 second(s)

2018-07-17 13:04:21 - [MESSAGE][WARNING] - Object 'Object Repository/OMVA_Login_Page/Password_Textbox' is not visible after 10 second(s)

2018-07-17 13:04:21 - [TEST_STEP][PASSED] - sendKeys: Keys 'romeo' sent to object: 'Object Repository/OMVA_Login_Page/Username_Textbox'

2018-07-17 13:04:21 - [MESSAGE][PASSED] - Keys 'romeo' sent to object: 'Object Repository/OMVA_Login_Page/Username_Textbox'

2018-07-17 13:04:21 - [TEST_STEP][PASSED] - click: Object: 'Object Repository/OMVA_Login_Page/Next_Button' is clicked on

2018-07-17 13:04:21 - [MESSAGE][PASSED] - Object: 'Object Repository/OMVA_Login_Page/Next_Button' is clicked on

2018-07-17 13:04:21 - [TEST_STEP][PASSED] - waitForElementVisible: Object 'Object Repository/OMVA_Login_Page/Password_Textbox' is visible

2018-07-17 13:04:22 - [MESSAGE][PASSED] - Object 'Object Repository/OMVA_Login_Page/Password_Textbox' is visible

2018-07-17 13:04:22 - [TEST_STEP][PASSED] - sendKeys: Keys 'romeo' sent to object: 'Object Repository/OMVA_Login_Page/Password_Textbox'

2018-07-17 13:04:22 - [MESSAGE][PASSED] - Keys 'romeo' sent to object: 'Object Repository/OMVA_Login_Page/Password_Textbox'

2018-07-17 13:04:22 - [TEST_STEP][PASSED] - click: Object: 'Object Repository/OMVA_Login_Page/Signin_Button' is clicked on

2018-07-17 13:04:22 - [MESSAGE][PASSED] - Object: 'Object Repository/OMVA_Login_Page/Signin_Button' is clicked on

2018-07-17 13:04:22 - [TEST_STEP][PASSED] - waitForAngularLoad: This page doesn't use Angular.

2018-07-17 13:04:22 - [MESSAGE][WARNING] - This page doesn't use Angular.

2018-07-17 13:04:22 - [TEST_STEP][PASSED] - Statement - greetingtext = com.kms.katalon.core.webui.keyword.WebUiBuiltInKeywords.getText(com.kms.katalon.core.testobject.ObjectRepository.findTestObject(OMVA_Landing_Page/Greeting_Label)): Text of object 'Object Repository/OMVA_Landing_Page/Greeting_Label' is: 'Good Afternoon, romeo'

2018-07-17 13:04:23 - [MESSAGE][PASSED] - Text of object 'Object Repository/OMVA_Landing_Page/Greeting_Label' is: 'Good Afternoon, romeo'

2018-07-17 13:04:23 - [TEST_STEP][PASSED] - verifyMatch: Actual text 'Good Afternoon, romeo' and expected text '\D*romeo' are matched  using regular expression

2018-07-17 13:04:23 - [MESSAGE][PASSED] - Actual text 'Good Afternoon, romeo' and expected text '\D*romeo' are matched  using regular expression

2018-07-17 13:04:23 - [MESSAGE][PASSED] - Call Test Case 'Test Cases/UserManagementTestCases/Login/Login_AllocSPOC' successfully

2018-07-17 13:04:23 - [TEST_STEP][PASSED] - delay: Delayed 5 second(s)

2018-07-17 13:04:28 - [MESSAGE][PASSED] - Delayed 5 second(s)

2018-07-17 13:04:28 - [TEST_STEP][PASSED] - waitForElementPresent: Object 'Object Repository/OMVA_Summary_Page/Customer_dropdown' is present

2018-07-17 13:04:28 - [MESSAGE][PASSED] - Object 'Object Repository/OMVA_Summary_Page/Customer_dropdown' is present

2018-07-17 13:04:28 - [TEST_STEP][PASSED] - click: Object: 'Object Repository/OMVA_Summary_Page/Customer_dropdown' is clicked on

2018-07-17 13:04:28 - [MESSAGE][PASSED] - Object: 'Object Repository/OMVA_Summary_Page/Customer_dropdown' is clicked on

2018-07-17 13:04:28 - [TEST_STEP][PASSED] - waitForElementPresent: Object 'Object Repository/OMVA_Summary_Page/Select_puregold' is not present after 10 second(s)

2018-07-17 13:04:39 - [MESSAGE][WARNING] - Object 'Object Repository/OMVA_Summary_Page/Select_puregold' is not present after 10 second(s)

2018-07-17 13:04:39 - [TEST_STEP][FAILED] - click: Unable to click on object 'Object Repository/OMVA_Summary_Page/Select_puregold' (Root cause: com.kms.katalon.core.webui.exception.WebElementNotFoundException: Web element with id: 'Object Repository/OMVA_Summary_Page/Select_puregold' located by 'By.xpath: //div[@class='dropdown-menu filter-select']/ul/li[1]/label[@for='0_catchecked']' not found)

2018-07-17 13:04:55 - [MESSAGE][FAILED] - Unable to click on object 'Object Repository/OMVA_Summary_Page/Select_puregold' (Root cause: com.kms.katalon.core.webui.exception.WebElementNotFoundException: Web element with id: 'Object Repository/OMVA_Summary_Page/Select_puregold' located by 'By.xpath: //div[@class='dropdown-menu filter-select']/ul/li[1]/label[@for='0_catchecked']' not found)
[[ATTACHMENT|D:\\P&G New\\Automation-P&G-Code-Base\\OMVA\\Reports\\SummaryTestSuite\\20180717_125122\\1531812895398.png]]]]></system-out>
         <system-err><![CDATA[2018-07-17 13:03:54 - [TEST_CASE][FAILED] - Test Cases/SummaryTestCases/Status_OkToRefresh: Test Cases/SummaryTestCases/Status_OkToRefresh FAILED because (of) Unable to click on object 'Object Repository/OMVA_Summary_Page/Select_puregold' (Root cause: com.kms.katalon.core.webui.exception.WebElementNotFoundException: Web element with id: 'Object Repository/OMVA_Summary_Page/Select_puregold' located by 'By.xpath: //div[@class='dropdown-menu filter-select']/ul/li[1]/label[@for='0_catchecked']' not found)]]></system-err>
      </testcase>
      <system-out><![CDATA[2018-07-17 13:00:26 - [TEST_SUITE][FAILED] - SummaryTestSuite: Test Cases/SummaryTestCases/MAL_Comment FAILED because (of) Unable to click on object 'Object Repository/OMVA_Summary_Page/AddComment_Icon' (Root cause: com.kms.katalon.core.webui.exception.WebElementNotFoundException: Web element with id: 'Object Repository/OMVA_Summary_Page/AddComment_Icon' located by 'By.xpath: (//span[@class='addChat'])[1]' not found)]]></system-out>
      <system-err><![CDATA[2018-07-17 13:00:26 - [TEST_SUITE][FAILED] - SummaryTestSuite: Test Cases/SummaryTestCases/MAL_Comment FAILED because (of) Unable to click on object 'Object Repository/OMVA_Summary_Page/AddComment_Icon' (Root cause: com.kms.katalon.core.webui.exception.WebElementNotFoundException: Web element with id: 'Object Repository/OMVA_Summary_Page/AddComment_Icon' located by 'By.xpath: (//span[@class='addChat'])[1]' not found)]]></system-err>
   </testsuite>
</testsuites>
