<?xml version="1.0" encoding="UTF-8"?>
<testsuites name="UserManagementTestSuite" time="714" tests="17" failures="4" errors="0">
   <testsuite name="UserManagementTestSuite" tests="17" failures="4" errors="0" time="714" timestamp="2018-07-18 13:10:49" hostname="703177791 - 703177791GDL.IND.CORP.AD" id="Test Suites/UserManagementTestSuite">
      <properties>
         <property name="deviceName" value=""/>
         <property name="devicePlatform" value=""/>
         <property name="logFolder" value="D:\\P&amp;G New\\Automation-P&amp;G-Code-Base\\OMVA\\Reports\\UserManagementTestSuite\\20180718_130501"/>
         <property name="logFiles" value="D:\\P&amp;G New\\Automation-P&amp;G-Code-Base\\OMVA\\Reports\\UserManagementTestSuite\\20180718_130501\\execution0.log"/>
         <property name="attachments" value="D:\\P&amp;G New\\Automation-P&amp;G-Code-Base\\OMVA\\Reports\\UserManagementTestSuite\\20180718_130501\\1531900191864.png, D:\\P&amp;G New\\Automation-P&amp;G-Code-Base\\OMVA\\Reports\\UserManagementTestSuite\\20180718_130501\\1531900254687.png, D:\\P&amp;G New\\Automation-P&amp;G-Code-Base\\OMVA\\Reports\\UserManagementTestSuite\\20180718_130501\\1531900255025.png, D:\\P&amp;G New\\Automation-P&amp;G-Code-Base\\OMVA\\Reports\\UserManagementTestSuite\\20180718_130501\\1531900335317.png"/>
         <property name="hostName" value="703177791 - 703177791GDL.IND.CORP.AD"/>
         <property name="os" value="Windows 10 64bit"/>
         <property name="katalonVersion" value="5.4.2.1"/>
         <property name="browser" value="Chrome 67.0.3396.62"/>
         <property name="hostAddress" value="172.16.21.232"/>
         <property name="sessionId" value="432c233e7e98659088785fe63299b74e"/>
         <property name="seleniumVersion" value="3.7.1"/>
         <property name="proxyInformation" value="ProxyInformation{proxyOption=NO_PROXY, proxyServerType=HTTP, password=, proxyServerAddress=, proxyServerPort=0}"/>
         <property name="platform" value="Windows 10"/>
      </properties>
      <testcase name="Test Cases/UserManagementTestCases/Login/Invalid_Login" classname="Test Cases/UserManagementTestCases/Login/Invalid_Login" status="PASSED">
         <system-out><![CDATA[2018-07-18 13:10:50 - [TEST_CASE][PASSED] - Test Cases/UserManagementTestCases/Login/Invalid_Login: Test Cases/UserManagementTestCases/Login/Invalid_Login

2018-07-18 13:10:51 - [TEST_STEP][PASSED] - callTestCase: Call Test Case 'Test Cases/CommonTestcases/OpenBrowserandNavigateToQAURL' successfully

2018-07-18 13:10:51 - [TEST_CASE][PASSED] - Test Cases/CommonTestcases/OpenBrowserandNavigateToQAURL: Test Cases/CommonTestcases/OpenBrowserandNavigateToQAURL

2018-07-18 13:10:51 - [TEST_STEP][PASSED] - openBrowser: Browser is opened with url: ''

2018-07-18 13:10:55 - [MESSAGE][PASSED] - Browser is opened with url: ''

2018-07-18 13:10:55 - [TEST_STEP][PASSED] - navigateToUrl: Navigate to 'https://coa-demo-env.azurewebsites.net/da/index.html#/login' successfully

2018-07-18 13:11:01 - [MESSAGE][PASSED] - Navigate to 'https://coa-demo-env.azurewebsites.net/da/index.html#/login' successfully

2018-07-18 13:11:01 - [TEST_STEP][PASSED] - maximizeWindow: Current window maximized

2018-07-18 13:11:02 - [MESSAGE][PASSED] - Current window maximized

2018-07-18 13:11:03 - [MESSAGE][PASSED] - Call Test Case 'Test Cases/CommonTestcases/OpenBrowserandNavigateToQAURL' successfully

2018-07-18 13:11:03 - [TEST_STEP][PASSED] - waitForElementVisible: Object 'Object Repository/OMVA_Login_Page/Username_Textbox' is visible

2018-07-18 13:11:03 - [MESSAGE][PASSED] - Object 'Object Repository/OMVA_Login_Page/Username_Textbox' is visible

2018-07-18 13:11:03 - [TEST_STEP][PASSED] - sendKeys: Keys 'asdf' sent to object: 'Object Repository/OMVA_Login_Page/Username_Textbox'

2018-07-18 13:11:03 - [MESSAGE][PASSED] - Keys 'asdf' sent to object: 'Object Repository/OMVA_Login_Page/Username_Textbox'

2018-07-18 13:11:03 - [TEST_STEP][PASSED] - click: Object: 'Object Repository/OMVA_Login_Page/Next_Button' is clicked on

2018-07-18 13:11:03 - [MESSAGE][PASSED] - Object: 'Object Repository/OMVA_Login_Page/Next_Button' is clicked on

2018-07-18 13:11:03 - [TEST_STEP][PASSED] - Statement - If (true): null

2018-07-18 13:11:03 - [TEST_STEP][PASSED] - waitForElementVisible: Object 'Object Repository/OMVA_Login_Page/Password_Textbox' is visible

2018-07-18 13:11:04 - [MESSAGE][PASSED] - Object 'Object Repository/OMVA_Login_Page/Password_Textbox' is visible

2018-07-18 13:11:04 - [TEST_STEP][PASSED] - Statement - assert true: null

2018-07-18 13:11:04 - [TEST_STEP][PASSED] - sendKeys: Keys 'qwerty' sent to object: 'Object Repository/OMVA_Login_Page/Password_Textbox'

2018-07-18 13:11:04 - [MESSAGE][PASSED] - Keys 'qwerty' sent to object: 'Object Repository/OMVA_Login_Page/Password_Textbox'

2018-07-18 13:11:04 - [TEST_STEP][PASSED] - click: Object: 'Object Repository/OMVA_Login_Page/Signin_Button' is clicked on

2018-07-18 13:11:04 - [MESSAGE][PASSED] - Object: 'Object Repository/OMVA_Login_Page/Signin_Button' is clicked on

2018-07-18 13:11:04 - [TEST_STEP][PASSED] - Statement - AHeaderTxt = com.kms.katalon.core.webui.keyword.WebUiBuiltInKeywords.getText(com.kms.katalon.core.testobject.ObjectRepository.findTestObject(OMVA_Login_Page/InvalidLogin_HeaderTxt)): Text of object 'Object Repository/OMVA_Login_Page/InvalidLogin_HeaderTxt' is: 'Invalid Credentials'

2018-07-18 13:11:05 - [MESSAGE][PASSED] - Text of object 'Object Repository/OMVA_Login_Page/InvalidLogin_HeaderTxt' is: 'Invalid Credentials'

2018-07-18 13:11:05 - [TEST_STEP][PASSED] - verifyMatch: Actual text 'Invalid Credentials' and expected text 'Invalid Credentials' are matched  using regular expression

2018-07-18 13:11:05 - [MESSAGE][PASSED] - Actual text 'Invalid Credentials' and expected text 'Invalid Credentials' are matched  using regular expression

2018-07-18 13:11:05 - [TEST_STEP][PASSED] - Statement - AContentTxt = com.kms.katalon.core.webui.keyword.WebUiBuiltInKeywords.getText(com.kms.katalon.core.testobject.ObjectRepository.findTestObject(OMVA_Login_Page/InvalidLogin_ContentTxt)): Text of object 'Object Repository/OMVA_Login_Page/InvalidLogin_ContentTxt' is: 'The specified username / password is invalid. Please try again.'

2018-07-18 13:11:05 - [MESSAGE][PASSED] - Text of object 'Object Repository/OMVA_Login_Page/InvalidLogin_ContentTxt' is: 'The specified username / password is invalid. Please try again.'

2018-07-18 13:11:05 - [TEST_STEP][PASSED] - verifyMatch: Actual text 'The specified username / password is invalid. Please try again.' and expected text 'The specified username / password is invalid. Please try again.' are matched  using regular expression

2018-07-18 13:11:05 - [MESSAGE][PASSED] - Actual text 'The specified username / password is invalid. Please try again.' and expected text 'The specified username / password is invalid. Please try again.' are matched  using regular expression

2018-07-18 13:11:05 - [TEST_STEP][PASSED] - waitForElementVisible: Object 'Object Repository/OMVA_Login_Page/InvalidLogin_OKbtn' is visible

2018-07-18 13:11:05 - [MESSAGE][PASSED] - Object 'Object Repository/OMVA_Login_Page/InvalidLogin_OKbtn' is visible

2018-07-18 13:11:05 - [TEST_STEP][PASSED] - Statement - assert true: null

2018-07-18 13:11:05 - [TEST_STEP][PASSED] - click: Object: 'Object Repository/OMVA_Login_Page/InvalidLogin_OKbtn' is clicked on

2018-07-18 13:11:05 - [MESSAGE][PASSED] - Object: 'Object Repository/OMVA_Login_Page/InvalidLogin_OKbtn' is clicked on

2018-07-18 13:11:05 - [TEST_STEP][PASSED] - closeBrowser: Browser is closed

2018-07-18 13:11:06 - [MESSAGE][PASSED] - Browser is closed]]></system-out>
         <system-err><![CDATA[]]></system-err>
      </testcase>
      <testcase name="Test Cases/UserManagementTestCases/Login/Valid_Login" classname="Test Cases/UserManagementTestCases/Login/Valid_Login" status="PASSED">
         <system-out><![CDATA[2018-07-18 13:11:06 - [TEST_CASE][PASSED] - Test Cases/UserManagementTestCases/Login/Valid_Login: Test Cases/UserManagementTestCases/Login/Valid_Login

2018-07-18 13:11:06 - [TEST_STEP][PASSED] - callTestCase: Call Test Case 'Test Cases/CommonTestcases/OpenBrowserandNavigateToQAURL' successfully

2018-07-18 13:11:06 - [TEST_CASE][PASSED] - Test Cases/CommonTestcases/OpenBrowserandNavigateToQAURL: Test Cases/CommonTestcases/OpenBrowserandNavigateToQAURL

2018-07-18 13:11:06 - [TEST_STEP][PASSED] - openBrowser: Browser is opened with url: ''

2018-07-18 13:11:08 - [MESSAGE][PASSED] - Browser is opened with url: ''

2018-07-18 13:11:08 - [TEST_STEP][PASSED] - navigateToUrl: Navigate to 'https://coa-demo-env.azurewebsites.net/da/index.html#/login' successfully

2018-07-18 13:11:20 - [MESSAGE][PASSED] - Navigate to 'https://coa-demo-env.azurewebsites.net/da/index.html#/login' successfully

2018-07-18 13:11:20 - [TEST_STEP][PASSED] - maximizeWindow: Current window maximized

2018-07-18 13:11:21 - [MESSAGE][PASSED] - Current window maximized

2018-07-18 13:11:21 - [MESSAGE][PASSED] - Call Test Case 'Test Cases/CommonTestcases/OpenBrowserandNavigateToQAURL' successfully

2018-07-18 13:11:21 - [TEST_STEP][PASSED] - waitForElementVisible: Object 'Object Repository/OMVA_Login_Page/Username_Textbox' is visible

2018-07-18 13:11:21 - [MESSAGE][PASSED] - Object 'Object Repository/OMVA_Login_Page/Username_Textbox' is visible

2018-07-18 13:11:21 - [TEST_STEP][PASSED] - sendKeys: Keys 'SuperAdmin' sent to object: 'Object Repository/OMVA_Login_Page/Username_Textbox'

2018-07-18 13:11:21 - [MESSAGE][PASSED] - Keys 'SuperAdmin' sent to object: 'Object Repository/OMVA_Login_Page/Username_Textbox'

2018-07-18 13:11:21 - [TEST_STEP][PASSED] - click: Object: 'Object Repository/OMVA_Login_Page/Next_Button' is clicked on

2018-07-18 13:11:22 - [MESSAGE][PASSED] - Object: 'Object Repository/OMVA_Login_Page/Next_Button' is clicked on

2018-07-18 13:11:22 - [TEST_STEP][PASSED] - Statement - If (true): null

2018-07-18 13:11:22 - [TEST_STEP][PASSED] - waitForElementVisible: Object 'Object Repository/OMVA_Login_Page/Password_Textbox' is visible

2018-07-18 13:11:22 - [MESSAGE][PASSED] - Object 'Object Repository/OMVA_Login_Page/Password_Textbox' is visible

2018-07-18 13:11:22 - [TEST_STEP][PASSED] - Statement - assert true: null

2018-07-18 13:11:22 - [TEST_STEP][PASSED] - sendKeys: Keys 'SuperAdmin' sent to object: 'Object Repository/OMVA_Login_Page/Password_Textbox'

2018-07-18 13:11:22 - [MESSAGE][PASSED] - Keys 'SuperAdmin' sent to object: 'Object Repository/OMVA_Login_Page/Password_Textbox'

2018-07-18 13:11:22 - [TEST_STEP][PASSED] - click: Object: 'Object Repository/OMVA_Login_Page/Signin_Button' is clicked on

2018-07-18 13:11:22 - [MESSAGE][PASSED] - Object: 'Object Repository/OMVA_Login_Page/Signin_Button' is clicked on

2018-07-18 13:11:22 - [TEST_STEP][PASSED] - waitForAngularLoad: This page doesn't use Angular.

2018-07-18 13:11:22 - [MESSAGE][WARNING] - This page doesn't use Angular.

2018-07-18 13:11:22 - [TEST_STEP][PASSED] - Statement - greetingtext = com.kms.katalon.core.webui.keyword.WebUiBuiltInKeywords.getText(com.kms.katalon.core.testobject.ObjectRepository.findTestObject(OMVA_Landing_Page/Greeting_Label)): Text of object 'Object Repository/OMVA_Landing_Page/Greeting_Label' is: 'Good Afternoon, SuperAdmin'

2018-07-18 13:11:24 - [MESSAGE][PASSED] - Text of object 'Object Repository/OMVA_Landing_Page/Greeting_Label' is: 'Good Afternoon, SuperAdmin'

2018-07-18 13:11:24 - [TEST_STEP][PASSED] - verifyMatch: Actual text 'Good Afternoon, SuperAdmin' and expected text '\D*SuperAdmin' are matched  using regular expression

2018-07-18 13:11:24 - [MESSAGE][PASSED] - Actual text 'Good Afternoon, SuperAdmin' and expected text '\D*SuperAdmin' are matched  using regular expression

2018-07-18 13:11:24 - [TEST_STEP][PASSED] - closeBrowser: Browser is closed

2018-07-18 13:11:24 - [MESSAGE][PASSED] - Browser is closed]]></system-out>
         <system-err><![CDATA[]]></system-err>
      </testcase>
      <testcase name="Test Cases/UserManagementTestCases/CreateUser/Create_User_Validate" classname="Test Cases/UserManagementTestCases/CreateUser/Create_User_Validate" status="PASSED">
         <system-out><![CDATA[2018-07-18 13:11:24 - [TEST_CASE][PASSED] - Test Cases/UserManagementTestCases/CreateUser/Create_User_Validate: Test Cases/UserManagementTestCases/CreateUser/Create_User_Validate

2018-07-18 13:11:25 - [TEST_STEP][PASSED] - callTestCase: Call Test Case 'Test Cases/CommonTestcases/OpenBrowserandNavigateToQAURL' successfully

2018-07-18 13:11:25 - [TEST_CASE][PASSED] - Test Cases/CommonTestcases/OpenBrowserandNavigateToQAURL: Test Cases/CommonTestcases/OpenBrowserandNavigateToQAURL

2018-07-18 13:11:25 - [TEST_STEP][PASSED] - openBrowser: Browser is opened with url: ''

2018-07-18 13:11:27 - [MESSAGE][PASSED] - Browser is opened with url: ''

2018-07-18 13:11:27 - [TEST_STEP][PASSED] - navigateToUrl: Navigate to 'https://coa-demo-env.azurewebsites.net/da/index.html#/login' successfully

2018-07-18 13:11:35 - [MESSAGE][PASSED] - Navigate to 'https://coa-demo-env.azurewebsites.net/da/index.html#/login' successfully

2018-07-18 13:11:35 - [TEST_STEP][PASSED] - maximizeWindow: Current window maximized

2018-07-18 13:11:36 - [MESSAGE][PASSED] - Current window maximized

2018-07-18 13:11:36 - [MESSAGE][PASSED] - Call Test Case 'Test Cases/CommonTestcases/OpenBrowserandNavigateToQAURL' successfully

2018-07-18 13:11:36 - [TEST_STEP][PASSED] - waitForElementVisible: Object 'Object Repository/OMVA_Login_Page/Username_Textbox' is visible

2018-07-18 13:11:36 - [MESSAGE][PASSED] - Object 'Object Repository/OMVA_Login_Page/Username_Textbox' is visible

2018-07-18 13:11:36 - [TEST_STEP][PASSED] - sendKeys: Keys 'SuperAdmin' sent to object: 'Object Repository/OMVA_Login_Page/Username_Textbox'

2018-07-18 13:11:36 - [MESSAGE][PASSED] - Keys 'SuperAdmin' sent to object: 'Object Repository/OMVA_Login_Page/Username_Textbox'

2018-07-18 13:11:36 - [TEST_STEP][PASSED] - click: Object: 'Object Repository/OMVA_Login_Page/Next_Button' is clicked on

2018-07-18 13:11:36 - [MESSAGE][PASSED] - Object: 'Object Repository/OMVA_Login_Page/Next_Button' is clicked on

2018-07-18 13:11:36 - [TEST_STEP][PASSED] - waitForElementVisible: Object 'Object Repository/OMVA_Login_Page/Password_Textbox' is visible

2018-07-18 13:11:37 - [MESSAGE][PASSED] - Object 'Object Repository/OMVA_Login_Page/Password_Textbox' is visible

2018-07-18 13:11:37 - [TEST_STEP][PASSED] - sendKeys: Keys 'SuperAdmin' sent to object: 'Object Repository/OMVA_Login_Page/Password_Textbox'

2018-07-18 13:11:37 - [MESSAGE][PASSED] - Keys 'SuperAdmin' sent to object: 'Object Repository/OMVA_Login_Page/Password_Textbox'

2018-07-18 13:11:37 - [TEST_STEP][PASSED] - click: Object: 'Object Repository/OMVA_Login_Page/Signin_Button' is clicked on

2018-07-18 13:11:37 - [MESSAGE][PASSED] - Object: 'Object Repository/OMVA_Login_Page/Signin_Button' is clicked on

2018-07-18 13:11:37 - [TEST_STEP][PASSED] - waitForPageLoad: Wait for page load successfully

2018-07-18 13:11:37 - [MESSAGE][PASSED] - Wait for page load successfully

2018-07-18 13:11:37 - [TEST_STEP][PASSED] - delay: Delayed 5 second(s)

2018-07-18 13:11:42 - [MESSAGE][PASSED] - Delayed 5 second(s)

2018-07-18 13:11:42 - [TEST_STEP][PASSED] - waitForElementPresent: Object 'Object Repository/OMVA_Landing_Page/CreateUser_Button' is present

2018-07-18 13:11:42 - [MESSAGE][PASSED] - Object 'Object Repository/OMVA_Landing_Page/CreateUser_Button' is present

2018-07-18 13:11:42 - [TEST_STEP][PASSED] - click: Object: 'Object Repository/OMVA_Landing_Page/CreateUser_Button' is clicked on

2018-07-18 13:11:42 - [MESSAGE][PASSED] - Object: 'Object Repository/OMVA_Landing_Page/CreateUser_Button' is clicked on

2018-07-18 13:11:42 - [TEST_STEP][PASSED] - delay: Delayed 3 second(s)

2018-07-18 13:11:45 - [MESSAGE][PASSED] - Delayed 3 second(s)

2018-07-18 13:11:45 - [TEST_STEP][PASSED] - waitForElementPresent: Object 'Object Repository/OMVA_UserManagement_Page/Role_Dropdown' is present

2018-07-18 13:11:45 - [MESSAGE][PASSED] - Object 'Object Repository/OMVA_UserManagement_Page/Role_Dropdown' is present

2018-07-18 13:11:45 - [TEST_STEP][PASSED] - Statement - If (true): null

2018-07-18 13:11:45 - [TEST_STEP][PASSED] - click: Object: 'Object Repository/OMVA_UserManagement_Page/Role_Dropdown' is clicked on

2018-07-18 13:11:46 - [MESSAGE][PASSED] - Object: 'Object Repository/OMVA_UserManagement_Page/Role_Dropdown' is clicked on

2018-07-18 13:11:46 - [TEST_STEP][PASSED] - Statement - assert true: null

2018-07-18 13:11:46 - [TEST_STEP][PASSED] - scrollToElement: Scroll to object 'Object Repository/OMVA_UserManagement_Page/DropdownOption_RoleDropdown_Market Admin' successfully

2018-07-18 13:11:46 - [MESSAGE][WARNING] - Timeout '0' is invalid. Using default page load timeout: '15'

2018-07-18 13:11:46 - [MESSAGE][PASSED] - Scroll to object 'Object Repository/OMVA_UserManagement_Page/DropdownOption_RoleDropdown_Market Admin' successfully

2018-07-18 13:11:46 - [TEST_STEP][PASSED] - click: Object: 'Object Repository/OMVA_UserManagement_Page/DropdownOption_RoleDropdown_Market Admin' is clicked on

2018-07-18 13:11:46 - [MESSAGE][PASSED] - Object: 'Object Repository/OMVA_UserManagement_Page/DropdownOption_RoleDropdown_Market Admin' is clicked on

2018-07-18 13:11:46 - [TEST_STEP][PASSED] - Statement - username = CustomKeywords.commonLibrary.commonFunctions.randomStringFunction("abcdefghijklmnopqrstuvwxyz", 6): commonLibrary.commonFunctions.randomStringFunction is PASSED

2018-07-18 13:11:46 - [MESSAGE][PASSED] - commonLibrary.commonFunctions.randomStringFunction is PASSED

2018-07-18 13:11:46 - [TEST_STEP][PASSED] - Statement - uname = username.toString(): null

2018-07-18 13:11:46 - [TEST_STEP][PASSED] - sendKeys: Keys 'mzpley' sent to object: 'Object Repository/OMVA_UserManagement_Page/UserName_Textbox'

2018-07-18 13:11:46 - [MESSAGE][PASSED] - Keys 'mzpley' sent to object: 'Object Repository/OMVA_UserManagement_Page/UserName_Textbox'

2018-07-18 13:11:46 - [TEST_STEP][PASSED] - Statement - emailidprefix = CustomKeywords.commonLibrary.commonFunctions.randomStringFunction("abcdefghijklmnopqrstuvwxyz", 9): commonLibrary.commonFunctions.randomStringFunction is PASSED

2018-07-18 13:11:46 - [MESSAGE][PASSED] - commonLibrary.commonFunctions.randomStringFunction is PASSED

2018-07-18 13:11:46 - [TEST_STEP][PASSED] - sendKeys: Keys 'mkspuluce@autotestpg.com' sent to object: 'Object Repository/OMVA_UserManagement_Page/EmailID_Textbox'

2018-07-18 13:11:46 - [MESSAGE][PASSED] - Keys 'mkspuluce@autotestpg.com' sent to object: 'Object Repository/OMVA_UserManagement_Page/EmailID_Textbox'

2018-07-18 13:11:46 - [TEST_STEP][PASSED] - Statement - firstname = CustomKeywords.commonLibrary.commonFunctions.randomStringFunction("abcdefghijklmnopqrstuvwxyz", 7): commonLibrary.commonFunctions.randomStringFunction is PASSED

2018-07-18 13:11:46 - [MESSAGE][PASSED] - commonLibrary.commonFunctions.randomStringFunction is PASSED

2018-07-18 13:11:46 - [TEST_STEP][PASSED] - sendKeys: Keys 'bdyiiwx' sent to object: 'Object Repository/OMVA_UserManagement_Page/FirstName_Textbox'

2018-07-18 13:11:47 - [MESSAGE][PASSED] - Keys 'bdyiiwx' sent to object: 'Object Repository/OMVA_UserManagement_Page/FirstName_Textbox'

2018-07-18 13:11:47 - [TEST_STEP][PASSED] - Statement - lastname = CustomKeywords.commonLibrary.commonFunctions.randomStringFunction("abcdefghijklmnopqrstuvwxyz", 7): commonLibrary.commonFunctions.randomStringFunction is PASSED

2018-07-18 13:11:47 - [MESSAGE][PASSED] - commonLibrary.commonFunctions.randomStringFunction is PASSED

2018-07-18 13:11:47 - [TEST_STEP][PASSED] - sendKeys: Keys 'dxbiktb' sent to object: 'Object Repository/OMVA_UserManagement_Page/LastName_Textbox'

2018-07-18 13:11:47 - [MESSAGE][PASSED] - Keys 'dxbiktb' sent to object: 'Object Repository/OMVA_UserManagement_Page/LastName_Textbox'

2018-07-18 13:11:47 - [TEST_STEP][PASSED] - Statement - ticketnum = CustomKeywords.commonLibrary.commonFunctions.randomStringFunction("123456789", 7): commonLibrary.commonFunctions.randomStringFunction is PASSED

2018-07-18 13:11:47 - [MESSAGE][PASSED] - commonLibrary.commonFunctions.randomStringFunction is PASSED

2018-07-18 13:11:47 - [TEST_STEP][PASSED] - sendKeys: Keys '5384964' sent to object: 'Object Repository/OMVA_UserManagement_Page/TicketNumber_Textbox'

2018-07-18 13:11:47 - [MESSAGE][PASSED] - Keys '5384964' sent to object: 'Object Repository/OMVA_UserManagement_Page/TicketNumber_Textbox'

2018-07-18 13:11:47 - [TEST_STEP][PASSED] - click: Object: 'Object Repository/OMVA_UserManagement_Page/Next_Button' is clicked on

2018-07-18 13:11:47 - [MESSAGE][PASSED] - Object: 'Object Repository/OMVA_UserManagement_Page/Next_Button' is clicked on

2018-07-18 13:11:47 - [TEST_STEP][PASSED] - applicationLibrary.checkboxMultiselection.multiselectCheckbox: applicationLibrary.checkboxMultiselection.multiselectCheckbox is PASSED

2018-07-18 13:11:49 - [MESSAGE][PASSED] - applicationLibrary.checkboxMultiselection.multiselectCheckbox is PASSED

2018-07-18 13:11:49 - [TEST_STEP][PASSED] - scrollToElement: Scroll to object 'Object Repository/OMVA_UserManagement_Page/Customer_Next_Btn' successfully

2018-07-18 13:11:50 - [MESSAGE][PASSED] - Scroll to object 'Object Repository/OMVA_UserManagement_Page/Customer_Next_Btn' successfully

2018-07-18 13:11:50 - [TEST_STEP][PASSED] - click: Object: 'Object Repository/OMVA_UserManagement_Page/Customer_Next_Btn' is clicked on

2018-07-18 13:11:50 - [MESSAGE][PASSED] - Object: 'Object Repository/OMVA_UserManagement_Page/Customer_Next_Btn' is clicked on

2018-07-18 13:11:50 - [TEST_STEP][PASSED] - applicationLibrary.checkboxMultiselection.multiselectCheckbox: applicationLibrary.checkboxMultiselection.multiselectCheckbox is PASSED

2018-07-18 13:11:52 - [MESSAGE][PASSED] - applicationLibrary.checkboxMultiselection.multiselectCheckbox is PASSED

2018-07-18 13:11:52 - [TEST_STEP][PASSED] - click: Object: 'Object Repository/OMVA_UserManagement_Page/UserCreation_Save_Btn' is clicked on

2018-07-18 13:11:52 - [MESSAGE][PASSED] - Object: 'Object Repository/OMVA_UserManagement_Page/UserCreation_Save_Btn' is clicked on

2018-07-18 13:11:52 - [TEST_STEP][PASSED] - waitForElementPresent: Object 'Object Repository/OMVA_UserManagement_Page/UserCreation_HeaderTxt' is present

2018-07-18 13:11:53 - [MESSAGE][PASSED] - Object 'Object Repository/OMVA_UserManagement_Page/UserCreation_HeaderTxt' is present

2018-07-18 13:11:53 - [TEST_STEP][PASSED] - verifyElementText: Actual text and expected text of test object 'Object Repository/OMVA_UserManagement_Page/UserCreation_HeaderTxt' are matched.

2018-07-18 13:11:53 - [MESSAGE][PASSED] - Actual text and expected text of test object 'Object Repository/OMVA_UserManagement_Page/UserCreation_HeaderTxt' are matched.

2018-07-18 13:11:53 - [TEST_STEP][PASSED] - verifyElementText: Actual text and expected text of test object 'Object Repository/OMVA_UserManagement_Page/UserCreation_ContentTxt' are matched.

2018-07-18 13:11:53 - [MESSAGE][PASSED] - Actual text and expected text of test object 'Object Repository/OMVA_UserManagement_Page/UserCreation_ContentTxt' are matched.

2018-07-18 13:11:53 - [TEST_STEP][PASSED] - click: Object: 'Object Repository/OMVA_UserManagement_Page/UserCreation_OK_Btn' is clicked on

2018-07-18 13:11:53 - [MESSAGE][PASSED] - Object: 'Object Repository/OMVA_UserManagement_Page/UserCreation_OK_Btn' is clicked on

2018-07-18 13:11:53 - [TEST_STEP][PASSED] - delay: Delayed 5 second(s)

2018-07-18 13:11:58 - [MESSAGE][PASSED] - Delayed 5 second(s)

2018-07-18 13:11:58 - [TEST_STEP][PASSED] - waitForElementPresent: Object 'Object Repository/OMVA_UserManagement_Page/Created_User_Username' is present

2018-07-18 13:11:58 - [MESSAGE][PASSED] - Object 'Object Repository/OMVA_UserManagement_Page/Created_User_Username' is present

2018-07-18 13:11:58 - [TEST_STEP][PASSED] - Statement - createduser = com.kms.katalon.core.webui.keyword.WebUiBuiltInKeywords.getText(com.kms.katalon.core.testobject.ObjectRepository.findTestObject(OMVA_UserManagement_Page/Created_User_Username)): Text of object 'Object Repository/OMVA_UserManagement_Page/Created_User_Username' is: 'bdyiiwx dxbiktb'

2018-07-18 13:11:58 - [MESSAGE][PASSED] - Text of object 'Object Repository/OMVA_UserManagement_Page/Created_User_Username' is: 'bdyiiwx dxbiktb'

2018-07-18 13:11:58 - [TEST_STEP][PASSED] - waitForElementVisible: Object 'Object Repository/OMVA_UserManagement_Page/Search_button' is visible

2018-07-18 13:11:58 - [MESSAGE][PASSED] - Object 'Object Repository/OMVA_UserManagement_Page/Search_button' is visible

2018-07-18 13:11:58 - [TEST_STEP][PASSED] - click: Object: 'Object Repository/OMVA_UserManagement_Page/Search_button' is clicked on

2018-07-18 13:11:59 - [MESSAGE][PASSED] - Object: 'Object Repository/OMVA_UserManagement_Page/Search_button' is clicked on

2018-07-18 13:11:59 - [TEST_STEP][PASSED] - waitForElementVisible: Object 'Object Repository/OMVA_UserManagement_Page/Enter_Text_Search' is visible

2018-07-18 13:11:59 - [MESSAGE][PASSED] - Object 'Object Repository/OMVA_UserManagement_Page/Enter_Text_Search' is visible

2018-07-18 13:11:59 - [TEST_STEP][PASSED] - sendKeys: Keys 'mzpley' sent to object: 'Object Repository/OMVA_UserManagement_Page/Enter_Text_Search'

2018-07-18 13:11:59 - [MESSAGE][PASSED] - Keys 'mzpley' sent to object: 'Object Repository/OMVA_UserManagement_Page/Enter_Text_Search'

2018-07-18 13:11:59 - [TEST_STEP][PASSED] - Statement - createduser = com.kms.katalon.core.webui.keyword.WebUiBuiltInKeywords.verifyMatch(createduser, firstname + " " + lastname, true): Actual text 'bdyiiwx dxbiktb' and expected text 'bdyiiwx dxbiktb' are matched  using regular expression

2018-07-18 13:11:59 - [MESSAGE][PASSED] - Actual text 'bdyiiwx dxbiktb' and expected text 'bdyiiwx dxbiktb' are matched  using regular expression

2018-07-18 13:11:59 - [TEST_STEP][PASSED] - dataBaseConnection.dataBase.connectDB: dataBaseConnection.dataBase.connectDB is PASSED

2018-07-18 13:12:03 - [MESSAGE][PASSED] - dataBaseConnection.dataBase.connectDB is PASSED

2018-07-18 13:12:04 - [TEST_STEP][PASSED] - dataBaseConnection.dataBase.executeQuery: dataBaseConnection.dataBase.executeQuery is PASSED

2018-07-18 13:12:04 - [MESSAGE][PASSED] - dataBaseConnection.dataBase.executeQuery is PASSED

2018-07-18 13:12:04 - [TEST_STEP][PASSED] - dataBaseConnection.dataBase.closeDatabaseConnection: dataBaseConnection.dataBase.closeDatabaseConnection is PASSED

2018-07-18 13:12:04 - [MESSAGE][PASSED] - dataBaseConnection.dataBase.closeDatabaseConnection is PASSED

2018-07-18 13:12:04 - [TEST_STEP][PASSED] - callTestCase: Call Test Case 'Test Cases/CommonTestcases/Logout_Closebrowser' successfully

2018-07-18 13:12:04 - [TEST_CASE][PASSED] - Test Cases/CommonTestcases/Logout_Closebrowser: Test Cases/CommonTestcases/Logout_Closebrowser

2018-07-18 13:12:04 - [TEST_STEP][PASSED] - waitForElementPresent: Object 'Object Repository/OMVA_Landing_Page/User_icon' is present

2018-07-18 13:12:04 - [MESSAGE][PASSED] - Object 'Object Repository/OMVA_Landing_Page/User_icon' is present

2018-07-18 13:12:04 - [TEST_STEP][PASSED] - click: Object: 'Object Repository/OMVA_Landing_Page/User_icon' is clicked on

2018-07-18 13:12:04 - [MESSAGE][PASSED] - Object: 'Object Repository/OMVA_Landing_Page/User_icon' is clicked on

2018-07-18 13:12:04 - [TEST_STEP][PASSED] - waitForElementPresent: Object 'Object Repository/OMVA_Landing_Page/Logout_link' is present

2018-07-18 13:12:04 - [MESSAGE][PASSED] - Object 'Object Repository/OMVA_Landing_Page/Logout_link' is present

2018-07-18 13:12:04 - [TEST_STEP][PASSED] - click: Object: 'Object Repository/OMVA_Landing_Page/Logout_link' is clicked on

2018-07-18 13:12:04 - [MESSAGE][PASSED] - Object: 'Object Repository/OMVA_Landing_Page/Logout_link' is clicked on

2018-07-18 13:12:04 - [TEST_STEP][PASSED] - waitForElementNotPresent: Web element with id: 'Object Repository/OMVA_Landing_Page/User_icon' located by 'By.xpath: //img[@id='dropdown']' is not present after '15' second(s)

2018-07-18 13:12:04 - [MESSAGE][WARNING] - Timeout '0' is invalid. Using default page load timeout: '15'

2018-07-18 13:12:05 - [MESSAGE][PASSED] - Web element with id: 'Object Repository/OMVA_Landing_Page/User_icon' located by 'By.xpath: //img[@id='dropdown']' is not present after '15' second(s)

2018-07-18 13:12:05 - [TEST_STEP][PASSED] - closeBrowser: Browser is closed

2018-07-18 13:12:05 - [MESSAGE][PASSED] - Browser is closed

2018-07-18 13:12:06 - [MESSAGE][PASSED] - Call Test Case 'Test Cases/CommonTestcases/Logout_Closebrowser' successfully]]></system-out>
         <system-err><![CDATA[]]></system-err>
      </testcase>
      <testcase name="Test Cases/UserManagementTestCases/CreateUser/Verify_InValid_Email" classname="Test Cases/UserManagementTestCases/CreateUser/Verify_InValid_Email" status="PASSED">
         <system-out><![CDATA[2018-07-18 13:12:06 - [TEST_CASE][PASSED] - Test Cases/UserManagementTestCases/CreateUser/Verify_InValid_Email: Test Cases/UserManagementTestCases/CreateUser/Verify_InValid_Email

2018-07-18 13:12:06 - [TEST_STEP][PASSED] - callTestCase: Call Test Case 'Test Cases/CommonTestcases/OpenBrowserandNavigateToQAURL' successfully

2018-07-18 13:12:06 - [TEST_CASE][PASSED] - Test Cases/CommonTestcases/OpenBrowserandNavigateToQAURL: Test Cases/CommonTestcases/OpenBrowserandNavigateToQAURL

2018-07-18 13:12:06 - [TEST_STEP][PASSED] - openBrowser: Browser is opened with url: ''

2018-07-18 13:12:08 - [MESSAGE][PASSED] - Browser is opened with url: ''

2018-07-18 13:12:08 - [TEST_STEP][PASSED] - navigateToUrl: Navigate to 'https://coa-demo-env.azurewebsites.net/da/index.html#/login' successfully

2018-07-18 13:12:17 - [MESSAGE][PASSED] - Navigate to 'https://coa-demo-env.azurewebsites.net/da/index.html#/login' successfully

2018-07-18 13:12:17 - [TEST_STEP][PASSED] - maximizeWindow: Current window maximized

2018-07-18 13:12:18 - [MESSAGE][PASSED] - Current window maximized

2018-07-18 13:12:18 - [MESSAGE][PASSED] - Call Test Case 'Test Cases/CommonTestcases/OpenBrowserandNavigateToQAURL' successfully

2018-07-18 13:12:18 - [TEST_STEP][PASSED] - waitForElementVisible: Object 'Object Repository/OMVA_Login_Page/Username_Textbox' is visible

2018-07-18 13:12:18 - [MESSAGE][PASSED] - Object 'Object Repository/OMVA_Login_Page/Username_Textbox' is visible

2018-07-18 13:12:18 - [TEST_STEP][PASSED] - sendKeys: Keys 'SuperAdmin' sent to object: 'Object Repository/OMVA_Login_Page/Username_Textbox'

2018-07-18 13:12:18 - [MESSAGE][PASSED] - Keys 'SuperAdmin' sent to object: 'Object Repository/OMVA_Login_Page/Username_Textbox'

2018-07-18 13:12:18 - [TEST_STEP][PASSED] - click: Object: 'Object Repository/OMVA_Login_Page/Next_Button' is clicked on

2018-07-18 13:12:18 - [MESSAGE][PASSED] - Object: 'Object Repository/OMVA_Login_Page/Next_Button' is clicked on

2018-07-18 13:12:18 - [TEST_STEP][PASSED] - waitForElementVisible: Object 'Object Repository/OMVA_Login_Page/Password_Textbox' is visible

2018-07-18 13:12:19 - [MESSAGE][PASSED] - Object 'Object Repository/OMVA_Login_Page/Password_Textbox' is visible

2018-07-18 13:12:19 - [TEST_STEP][PASSED] - sendKeys: Keys 'SuperAdmin' sent to object: 'Object Repository/OMVA_Login_Page/Password_Textbox'

2018-07-18 13:12:19 - [MESSAGE][PASSED] - Keys 'SuperAdmin' sent to object: 'Object Repository/OMVA_Login_Page/Password_Textbox'

2018-07-18 13:12:19 - [TEST_STEP][PASSED] - click: Object: 'Object Repository/OMVA_Login_Page/Signin_Button' is clicked on

2018-07-18 13:12:19 - [MESSAGE][PASSED] - Object: 'Object Repository/OMVA_Login_Page/Signin_Button' is clicked on

2018-07-18 13:12:19 - [TEST_STEP][PASSED] - waitForAngularLoad: This page doesn't use Angular.

2018-07-18 13:12:19 - [MESSAGE][WARNING] - This page doesn't use Angular.

2018-07-18 13:12:19 - [TEST_STEP][PASSED] - delay: Delayed 5 second(s)

2018-07-18 13:12:24 - [MESSAGE][PASSED] - Delayed 5 second(s)

2018-07-18 13:12:24 - [TEST_STEP][PASSED] - waitForElementPresent: Object 'Object Repository/OMVA_Landing_Page/CreateUser_Button' is present

2018-07-18 13:12:25 - [MESSAGE][PASSED] - Object 'Object Repository/OMVA_Landing_Page/CreateUser_Button' is present

2018-07-18 13:12:25 - [TEST_STEP][PASSED] - click: Object: 'Object Repository/OMVA_Landing_Page/CreateUser_Button' is clicked on

2018-07-18 13:12:25 - [MESSAGE][PASSED] - Object: 'Object Repository/OMVA_Landing_Page/CreateUser_Button' is clicked on

2018-07-18 13:12:25 - [TEST_STEP][PASSED] - waitForElementPresent: Object 'Object Repository/OMVA_UserManagement_Page/Role_Dropdown' is present

2018-07-18 13:12:25 - [MESSAGE][PASSED] - Object 'Object Repository/OMVA_UserManagement_Page/Role_Dropdown' is present

2018-07-18 13:12:25 - [TEST_STEP][PASSED] - delay: Delayed 4 second(s)

2018-07-18 13:12:29 - [MESSAGE][PASSED] - Delayed 4 second(s)

2018-07-18 13:12:29 - [TEST_STEP][PASSED] - click: Object: 'Object Repository/OMVA_UserManagement_Page/Role_Dropdown' is clicked on

2018-07-18 13:12:29 - [MESSAGE][PASSED] - Object: 'Object Repository/OMVA_UserManagement_Page/Role_Dropdown' is clicked on

2018-07-18 13:12:29 - [TEST_STEP][PASSED] - scrollToElement: Scroll to object 'Object Repository/OMVA_UserManagement_Page/DropdownOption_RoleDropdown_Market Admin' successfully

2018-07-18 13:12:29 - [MESSAGE][WARNING] - Timeout '0' is invalid. Using default page load timeout: '15'

2018-07-18 13:12:29 - [MESSAGE][PASSED] - Scroll to object 'Object Repository/OMVA_UserManagement_Page/DropdownOption_RoleDropdown_Market Admin' successfully

2018-07-18 13:12:29 - [TEST_STEP][PASSED] - click: Object: 'Object Repository/OMVA_UserManagement_Page/DropdownOption_RoleDropdown_Market Admin' is clicked on

2018-07-18 13:12:29 - [MESSAGE][PASSED] - Object: 'Object Repository/OMVA_UserManagement_Page/DropdownOption_RoleDropdown_Market Admin' is clicked on

2018-07-18 13:12:29 - [TEST_STEP][PASSED] - sendKeys: Keys 'kartik' sent to object: 'Object Repository/OMVA_UserManagement_Page/UserName_Textbox'

2018-07-18 13:12:29 - [MESSAGE][PASSED] - Keys 'kartik' sent to object: 'Object Repository/OMVA_UserManagement_Page/UserName_Textbox'

2018-07-18 13:12:29 - [TEST_STEP][PASSED] - sendKeys: Keys 'wwww' sent to object: 'Object Repository/OMVA_UserManagement_Page/EmailID_Textbox'

2018-07-18 13:12:30 - [MESSAGE][PASSED] - Keys 'wwww' sent to object: 'Object Repository/OMVA_UserManagement_Page/EmailID_Textbox'

2018-07-18 13:12:30 - [TEST_STEP][PASSED] - sendKeys: Keys 'firstName' sent to object: 'Object Repository/OMVA_UserManagement_Page/FirstName_Textbox'

2018-07-18 13:12:30 - [MESSAGE][PASSED] - Keys 'firstName' sent to object: 'Object Repository/OMVA_UserManagement_Page/FirstName_Textbox'

2018-07-18 13:12:30 - [TEST_STEP][PASSED] - Statement - ActualInvalidMsg = com.kms.katalon.core.webui.keyword.WebUiBuiltInKeywords.getText(com.kms.katalon.core.testobject.ObjectRepository.findTestObject(OMVA_UserManagement_Page/Email_Invalid_Msg)): Text of object 'Object Repository/OMVA_UserManagement_Page/Email_Invalid_Msg' is: 'Incorrect email ID.'

2018-07-18 13:12:30 - [MESSAGE][PASSED] - Text of object 'Object Repository/OMVA_UserManagement_Page/Email_Invalid_Msg' is: 'Incorrect email ID.'

2018-07-18 13:12:30 - [TEST_STEP][PASSED] - verifyMatch: Actual text 'Incorrect email ID.' and expected text 'Incorrect email ID.' are matched  using regular expression

2018-07-18 13:12:30 - [MESSAGE][PASSED] - Actual text 'Incorrect email ID.' and expected text 'Incorrect email ID.' are matched  using regular expression

2018-07-18 13:12:30 - [TEST_STEP][PASSED] - closeBrowser: Browser is closed

2018-07-18 13:12:31 - [MESSAGE][PASSED] - Browser is closed]]></system-out>
         <system-err><![CDATA[]]></system-err>
      </testcase>
      <testcase name="Test Cases/UserManagementTestCases/CreateUser/Verify_SaveExit_Btn" classname="Test Cases/UserManagementTestCases/CreateUser/Verify_SaveExit_Btn" status="PASSED">
         <system-out><![CDATA[2018-07-18 13:12:31 - [TEST_CASE][PASSED] - Test Cases/UserManagementTestCases/CreateUser/Verify_SaveExit_Btn: Test Cases/UserManagementTestCases/CreateUser/Verify_SaveExit_Btn

2018-07-18 13:12:31 - [TEST_STEP][PASSED] - callTestCase: Call Test Case 'Test Cases/CommonTestcases/OpenBrowserandNavigateToQAURL' successfully

2018-07-18 13:12:31 - [TEST_CASE][PASSED] - Test Cases/CommonTestcases/OpenBrowserandNavigateToQAURL: Test Cases/CommonTestcases/OpenBrowserandNavigateToQAURL

2018-07-18 13:12:31 - [TEST_STEP][PASSED] - openBrowser: Browser is opened with url: ''

2018-07-18 13:12:33 - [MESSAGE][PASSED] - Browser is opened with url: ''

2018-07-18 13:12:33 - [TEST_STEP][PASSED] - navigateToUrl: Navigate to 'https://coa-demo-env.azurewebsites.net/da/index.html#/login' successfully

2018-07-18 13:12:45 - [MESSAGE][PASSED] - Navigate to 'https://coa-demo-env.azurewebsites.net/da/index.html#/login' successfully

2018-07-18 13:12:45 - [TEST_STEP][PASSED] - maximizeWindow: Current window maximized

2018-07-18 13:12:46 - [MESSAGE][PASSED] - Current window maximized

2018-07-18 13:12:46 - [MESSAGE][PASSED] - Call Test Case 'Test Cases/CommonTestcases/OpenBrowserandNavigateToQAURL' successfully

2018-07-18 13:12:46 - [TEST_STEP][PASSED] - waitForElementVisible: Object 'Object Repository/OMVA_Login_Page/Username_Textbox' is visible

2018-07-18 13:12:46 - [MESSAGE][PASSED] - Object 'Object Repository/OMVA_Login_Page/Username_Textbox' is visible

2018-07-18 13:12:46 - [TEST_STEP][PASSED] - sendKeys: Keys 'SuperAdmin' sent to object: 'Object Repository/OMVA_Login_Page/Username_Textbox'

2018-07-18 13:12:46 - [MESSAGE][PASSED] - Keys 'SuperAdmin' sent to object: 'Object Repository/OMVA_Login_Page/Username_Textbox'

2018-07-18 13:12:46 - [TEST_STEP][PASSED] - click: Object: 'Object Repository/OMVA_Login_Page/Next_Button' is clicked on

2018-07-18 13:12:47 - [MESSAGE][PASSED] - Object: 'Object Repository/OMVA_Login_Page/Next_Button' is clicked on

2018-07-18 13:12:47 - [TEST_STEP][PASSED] - waitForElementVisible: Object 'Object Repository/OMVA_Login_Page/Password_Textbox' is visible

2018-07-18 13:12:47 - [MESSAGE][PASSED] - Object 'Object Repository/OMVA_Login_Page/Password_Textbox' is visible

2018-07-18 13:12:47 - [TEST_STEP][PASSED] - sendKeys: Keys 'SuperAdmin' sent to object: 'Object Repository/OMVA_Login_Page/Password_Textbox'

2018-07-18 13:12:47 - [MESSAGE][PASSED] - Keys 'SuperAdmin' sent to object: 'Object Repository/OMVA_Login_Page/Password_Textbox'

2018-07-18 13:12:47 - [TEST_STEP][PASSED] - click: Object: 'Object Repository/OMVA_Login_Page/Signin_Button' is clicked on

2018-07-18 13:12:48 - [MESSAGE][PASSED] - Object: 'Object Repository/OMVA_Login_Page/Signin_Button' is clicked on

2018-07-18 13:12:48 - [TEST_STEP][PASSED] - delay: Delayed 5 second(s)

2018-07-18 13:12:53 - [MESSAGE][PASSED] - Delayed 5 second(s)

2018-07-18 13:12:53 - [TEST_STEP][PASSED] - waitForElementPresent: Object 'Object Repository/OMVA_Landing_Page/CreateUser_Button' is present

2018-07-18 13:12:53 - [MESSAGE][PASSED] - Object 'Object Repository/OMVA_Landing_Page/CreateUser_Button' is present

2018-07-18 13:12:53 - [TEST_STEP][PASSED] - click: Object: 'Object Repository/OMVA_Landing_Page/CreateUser_Button' is clicked on

2018-07-18 13:12:53 - [MESSAGE][PASSED] - Object: 'Object Repository/OMVA_Landing_Page/CreateUser_Button' is clicked on

2018-07-18 13:12:53 - [TEST_STEP][PASSED] - delay: Delayed 5 second(s)

2018-07-18 13:12:58 - [MESSAGE][PASSED] - Delayed 5 second(s)

2018-07-18 13:12:58 - [TEST_STEP][PASSED] - waitForElementPresent: Object 'Object Repository/OMVA_UserManagement_Page/Role_Dropdown' is present

2018-07-18 13:12:58 - [MESSAGE][PASSED] - Object 'Object Repository/OMVA_UserManagement_Page/Role_Dropdown' is present

2018-07-18 13:12:58 - [TEST_STEP][PASSED] - click: Object: 'Object Repository/OMVA_UserManagement_Page/Role_Dropdown' is clicked on

2018-07-18 13:12:58 - [MESSAGE][PASSED] - Object: 'Object Repository/OMVA_UserManagement_Page/Role_Dropdown' is clicked on

2018-07-18 13:12:58 - [TEST_STEP][PASSED] - scrollToElement: Scroll to object 'Object Repository/OMVA_UserManagement_Page/DropdownOption_RoleDropdown_Market Admin' successfully

2018-07-18 13:12:58 - [MESSAGE][WARNING] - Timeout '0' is invalid. Using default page load timeout: '15'

2018-07-18 13:12:58 - [MESSAGE][PASSED] - Scroll to object 'Object Repository/OMVA_UserManagement_Page/DropdownOption_RoleDropdown_Market Admin' successfully

2018-07-18 13:12:58 - [TEST_STEP][PASSED] - click: Object: 'Object Repository/OMVA_UserManagement_Page/DropdownOption_RoleDropdown_Market Admin' is clicked on

2018-07-18 13:12:58 - [MESSAGE][PASSED] - Object: 'Object Repository/OMVA_UserManagement_Page/DropdownOption_RoleDropdown_Market Admin' is clicked on

2018-07-18 13:12:58 - [TEST_STEP][PASSED] - Statement - username = CustomKeywords.commonLibrary.commonFunctions.randomStringFunction("abcdefghijklmnopqrstuvwxyz", 6): commonLibrary.commonFunctions.randomStringFunction is PASSED

2018-07-18 13:12:58 - [MESSAGE][PASSED] - commonLibrary.commonFunctions.randomStringFunction is PASSED

2018-07-18 13:12:58 - [TEST_STEP][PASSED] - sendKeys: Keys 'khtobg' sent to object: 'Object Repository/OMVA_UserManagement_Page/UserName_Textbox'

2018-07-18 13:12:58 - [MESSAGE][PASSED] - Keys 'khtobg' sent to object: 'Object Repository/OMVA_UserManagement_Page/UserName_Textbox'

2018-07-18 13:12:58 - [TEST_STEP][PASSED] - Statement - emailidprefix = CustomKeywords.commonLibrary.commonFunctions.randomStringFunction("abcdefghijklmnopqrstuvwxyz", 9): commonLibrary.commonFunctions.randomStringFunction is PASSED

2018-07-18 13:12:58 - [MESSAGE][PASSED] - commonLibrary.commonFunctions.randomStringFunction is PASSED

2018-07-18 13:12:58 - [TEST_STEP][PASSED] - sendKeys: Keys 'mpfvdrwho@autotestpg.com' sent to object: 'Object Repository/OMVA_UserManagement_Page/EmailID_Textbox'

2018-07-18 13:12:59 - [MESSAGE][PASSED] - Keys 'mpfvdrwho@autotestpg.com' sent to object: 'Object Repository/OMVA_UserManagement_Page/EmailID_Textbox'

2018-07-18 13:12:59 - [TEST_STEP][PASSED] - Statement - firstname = CustomKeywords.commonLibrary.commonFunctions.randomStringFunction("abcdefghijklmnopqrstuvwxyz", 7): commonLibrary.commonFunctions.randomStringFunction is PASSED

2018-07-18 13:12:59 - [MESSAGE][PASSED] - commonLibrary.commonFunctions.randomStringFunction is PASSED

2018-07-18 13:12:59 - [TEST_STEP][PASSED] - sendKeys: Keys 'nihpycq' sent to object: 'Object Repository/OMVA_UserManagement_Page/FirstName_Textbox'

2018-07-18 13:12:59 - [MESSAGE][PASSED] - Keys 'nihpycq' sent to object: 'Object Repository/OMVA_UserManagement_Page/FirstName_Textbox'

2018-07-18 13:12:59 - [TEST_STEP][PASSED] - Statement - lastname = CustomKeywords.commonLibrary.commonFunctions.randomStringFunction("abcdefghijklmnopqrstuvwxyz", 7): commonLibrary.commonFunctions.randomStringFunction is PASSED

2018-07-18 13:12:59 - [MESSAGE][PASSED] - commonLibrary.commonFunctions.randomStringFunction is PASSED

2018-07-18 13:12:59 - [TEST_STEP][PASSED] - sendKeys: Keys 'xwaypzu' sent to object: 'Object Repository/OMVA_UserManagement_Page/LastName_Textbox'

2018-07-18 13:12:59 - [MESSAGE][PASSED] - Keys 'xwaypzu' sent to object: 'Object Repository/OMVA_UserManagement_Page/LastName_Textbox'

2018-07-18 13:12:59 - [TEST_STEP][PASSED] - Statement - ticketnum = CustomKeywords.commonLibrary.commonFunctions.randomStringFunction("123456789", 7): commonLibrary.commonFunctions.randomStringFunction is PASSED

2018-07-18 13:12:59 - [MESSAGE][PASSED] - commonLibrary.commonFunctions.randomStringFunction is PASSED

2018-07-18 13:12:59 - [TEST_STEP][PASSED] - sendKeys: Keys '3869285' sent to object: 'Object Repository/OMVA_UserManagement_Page/TicketNumber_Textbox'

2018-07-18 13:12:59 - [MESSAGE][PASSED] - Keys '3869285' sent to object: 'Object Repository/OMVA_UserManagement_Page/TicketNumber_Textbox'

2018-07-18 13:12:59 - [TEST_STEP][PASSED] - click: Object: 'Object Repository/OMVA_UserManagement_Page/SaveandExit_Button' is clicked on

2018-07-18 13:13:00 - [MESSAGE][PASSED] - Object: 'Object Repository/OMVA_UserManagement_Page/SaveandExit_Button' is clicked on

2018-07-18 13:13:00 - [TEST_STEP][PASSED] - delay: Delayed 4 second(s)

2018-07-18 13:13:04 - [MESSAGE][PASSED] - Delayed 4 second(s)

2018-07-18 13:13:04 - [TEST_STEP][PASSED] - waitForElementPresent: Object 'Object Repository/OMVA_UserManagement_Page/SaveExit_button_Htext' is present

2018-07-18 13:13:04 - [MESSAGE][PASSED] - Object 'Object Repository/OMVA_UserManagement_Page/SaveExit_button_Htext' is present

2018-07-18 13:13:04 - [TEST_STEP][PASSED] - Statement - assert true: null

2018-07-18 13:13:04 - [TEST_STEP][PASSED] - verifyElementText: Actual text and expected text of test object 'Object Repository/OMVA_UserManagement_Page/SaveExit_button_Htext' are matched.

2018-07-18 13:13:04 - [MESSAGE][PASSED] - Actual text and expected text of test object 'Object Repository/OMVA_UserManagement_Page/SaveExit_button_Htext' are matched.

2018-07-18 13:13:04 - [TEST_STEP][PASSED] - delay: Delayed 2 second(s)

2018-07-18 13:13:06 - [MESSAGE][PASSED] - Delayed 2 second(s)

2018-07-18 13:13:06 - [TEST_STEP][PASSED] - verifyElementText: Actual text and expected text of test object 'Object Repository/OMVA_UserManagement_Page/SaveExit_button_Popup_Ctext' are matched.

2018-07-18 13:13:06 - [MESSAGE][PASSED] - Actual text and expected text of test object 'Object Repository/OMVA_UserManagement_Page/SaveExit_button_Popup_Ctext' are matched.

2018-07-18 13:13:06 - [TEST_STEP][PASSED] - Statement - assert true: null

2018-07-18 13:13:06 - [TEST_STEP][PASSED] - click: Object: 'Object Repository/OMVA_UserManagement_Page/SaveExit_button_Popup_OK' is clicked on

2018-07-18 13:13:06 - [MESSAGE][PASSED] - Object: 'Object Repository/OMVA_UserManagement_Page/SaveExit_button_Popup_OK' is clicked on

2018-07-18 13:13:06 - [TEST_STEP][PASSED] - Statement - greetingtext = com.kms.katalon.core.webui.keyword.WebUiBuiltInKeywords.getText(com.kms.katalon.core.testobject.ObjectRepository.findTestObject(OMVA_Landing_Page/Greeting_Label)): Text of object 'Object Repository/OMVA_Landing_Page/Greeting_Label' is: 'Good Afternoon, SuperAdmin'

2018-07-18 13:13:06 - [MESSAGE][PASSED] - Text of object 'Object Repository/OMVA_Landing_Page/Greeting_Label' is: 'Good Afternoon, SuperAdmin'

2018-07-18 13:13:06 - [TEST_STEP][PASSED] - verifyMatch: Actual text 'Good Afternoon, SuperAdmin' and expected text '\D*SuperAdmin' are matched  using regular expression

2018-07-18 13:13:06 - [MESSAGE][PASSED] - Actual text 'Good Afternoon, SuperAdmin' and expected text '\D*SuperAdmin' are matched  using regular expression

2018-07-18 13:13:06 - [TEST_STEP][PASSED] - closeBrowser: Browser is closed

2018-07-18 13:13:07 - [MESSAGE][PASSED] - Browser is closed]]></system-out>
         <system-err><![CDATA[]]></system-err>
      </testcase>
      <testcase name="Test Cases/UserManagementTestCases/CreateUser/Verifying_Duplicate_EmailID" classname="Test Cases/UserManagementTestCases/CreateUser/Verifying_Duplicate_EmailID" status="PASSED">
         <system-out><![CDATA[2018-07-18 13:13:07 - [TEST_CASE][PASSED] - Test Cases/UserManagementTestCases/CreateUser/Verifying_Duplicate_EmailID: Test Cases/UserManagementTestCases/CreateUser/Verifying_Duplicate_EmailID

2018-07-18 13:13:07 - [TEST_STEP][PASSED] - callTestCase: Call Test Case 'Test Cases/CommonTestcases/OpenBrowserandNavigateToQAURL' successfully

2018-07-18 13:13:07 - [TEST_CASE][PASSED] - Test Cases/CommonTestcases/OpenBrowserandNavigateToQAURL: Test Cases/CommonTestcases/OpenBrowserandNavigateToQAURL

2018-07-18 13:13:07 - [TEST_STEP][PASSED] - openBrowser: Browser is opened with url: ''

2018-07-18 13:13:10 - [MESSAGE][PASSED] - Browser is opened with url: ''

2018-07-18 13:13:10 - [TEST_STEP][PASSED] - navigateToUrl: Navigate to 'https://coa-demo-env.azurewebsites.net/da/index.html#/login' successfully

2018-07-18 13:13:19 - [MESSAGE][PASSED] - Navigate to 'https://coa-demo-env.azurewebsites.net/da/index.html#/login' successfully

2018-07-18 13:13:19 - [TEST_STEP][PASSED] - maximizeWindow: Current window maximized

2018-07-18 13:13:20 - [MESSAGE][PASSED] - Current window maximized

2018-07-18 13:13:20 - [MESSAGE][PASSED] - Call Test Case 'Test Cases/CommonTestcases/OpenBrowserandNavigateToQAURL' successfully

2018-07-18 13:13:20 - [TEST_STEP][PASSED] - waitForElementVisible: Object 'Object Repository/OMVA_Login_Page/Username_Textbox' is visible

2018-07-18 13:13:20 - [MESSAGE][PASSED] - Object 'Object Repository/OMVA_Login_Page/Username_Textbox' is visible

2018-07-18 13:13:20 - [TEST_STEP][PASSED] - sendKeys: Keys 'SuperAdmin' sent to object: 'Object Repository/OMVA_Login_Page/Username_Textbox'

2018-07-18 13:13:20 - [MESSAGE][PASSED] - Keys 'SuperAdmin' sent to object: 'Object Repository/OMVA_Login_Page/Username_Textbox'

2018-07-18 13:13:20 - [TEST_STEP][PASSED] - click: Object: 'Object Repository/OMVA_Login_Page/Next_Button' is clicked on

2018-07-18 13:13:20 - [MESSAGE][PASSED] - Object: 'Object Repository/OMVA_Login_Page/Next_Button' is clicked on

2018-07-18 13:13:20 - [TEST_STEP][PASSED] - waitForElementVisible: Object 'Object Repository/OMVA_Login_Page/Password_Textbox' is visible

2018-07-18 13:13:21 - [MESSAGE][PASSED] - Object 'Object Repository/OMVA_Login_Page/Password_Textbox' is visible

2018-07-18 13:13:21 - [TEST_STEP][PASSED] - sendKeys: Keys 'SuperAdmin' sent to object: 'Object Repository/OMVA_Login_Page/Password_Textbox'

2018-07-18 13:13:21 - [MESSAGE][PASSED] - Keys 'SuperAdmin' sent to object: 'Object Repository/OMVA_Login_Page/Password_Textbox'

2018-07-18 13:13:21 - [TEST_STEP][PASSED] - click: Object: 'Object Repository/OMVA_Login_Page/Signin_Button' is clicked on

2018-07-18 13:13:21 - [MESSAGE][PASSED] - Object: 'Object Repository/OMVA_Login_Page/Signin_Button' is clicked on

2018-07-18 13:13:21 - [TEST_STEP][PASSED] - waitForPageLoad: Wait for page load successfully

2018-07-18 13:13:21 - [MESSAGE][PASSED] - Wait for page load successfully

2018-07-18 13:13:21 - [TEST_STEP][PASSED] - delay: Delayed 4 second(s)

2018-07-18 13:13:25 - [MESSAGE][PASSED] - Delayed 4 second(s)

2018-07-18 13:13:25 - [TEST_STEP][PASSED] - Statement - If (true): null

2018-07-18 13:13:25 - [TEST_STEP][PASSED] - waitForElementPresent: Object 'Object Repository/OMVA_Landing_Page/CreateUser_Button' is present

2018-07-18 13:13:25 - [MESSAGE][PASSED] - Object 'Object Repository/OMVA_Landing_Page/CreateUser_Button' is present

2018-07-18 13:13:25 - [TEST_STEP][PASSED] - click: Object: 'Object Repository/OMVA_Landing_Page/CreateUser_Button' is clicked on

2018-07-18 13:13:26 - [MESSAGE][PASSED] - Object: 'Object Repository/OMVA_Landing_Page/CreateUser_Button' is clicked on

2018-07-18 13:13:26 - [TEST_STEP][PASSED] - Statement - assert true: null

2018-07-18 13:13:26 - [TEST_STEP][PASSED] - waitForElementPresent: Object 'Object Repository/OMVA_UserManagement_Page/Role_Dropdown' is present

2018-07-18 13:13:26 - [MESSAGE][PASSED] - Object 'Object Repository/OMVA_UserManagement_Page/Role_Dropdown' is present

2018-07-18 13:13:26 - [TEST_STEP][PASSED] - delay: Delayed 3 second(s)

2018-07-18 13:13:29 - [MESSAGE][PASSED] - Delayed 3 second(s)

2018-07-18 13:13:29 - [TEST_STEP][PASSED] - click: Object: 'Object Repository/OMVA_UserManagement_Page/Role_Dropdown' is clicked on

2018-07-18 13:13:29 - [MESSAGE][PASSED] - Object: 'Object Repository/OMVA_UserManagement_Page/Role_Dropdown' is clicked on

2018-07-18 13:13:29 - [TEST_STEP][PASSED] - scrollToElement: Scroll to object 'Object Repository/OMVA_UserManagement_Page/DropdownOption_RoleDropdown_Market Admin' successfully

2018-07-18 13:13:29 - [MESSAGE][WARNING] - Timeout '0' is invalid. Using default page load timeout: '15'

2018-07-18 13:13:29 - [MESSAGE][PASSED] - Scroll to object 'Object Repository/OMVA_UserManagement_Page/DropdownOption_RoleDropdown_Market Admin' successfully

2018-07-18 13:13:29 - [TEST_STEP][PASSED] - click: Object: 'Object Repository/OMVA_UserManagement_Page/DropdownOption_RoleDropdown_Market Admin' is clicked on

2018-07-18 13:13:29 - [MESSAGE][PASSED] - Object: 'Object Repository/OMVA_UserManagement_Page/DropdownOption_RoleDropdown_Market Admin' is clicked on

2018-07-18 13:13:29 - [TEST_STEP][PASSED] - Statement - username = CustomKeywords.commonLibrary.commonFunctions.randomStringFunction("abcdefghijklmnopqrstuvwxyz", 6): commonLibrary.commonFunctions.randomStringFunction is PASSED

2018-07-18 13:13:29 - [MESSAGE][PASSED] - commonLibrary.commonFunctions.randomStringFunction is PASSED

2018-07-18 13:13:29 - [TEST_STEP][PASSED] - sendKeys: Keys 'gyuerg' sent to object: 'Object Repository/OMVA_UserManagement_Page/UserName_Textbox'

2018-07-18 13:13:29 - [MESSAGE][PASSED] - Keys 'gyuerg' sent to object: 'Object Repository/OMVA_UserManagement_Page/UserName_Textbox'

2018-07-18 13:13:29 - [TEST_STEP][PASSED] - sendKeys: Keys 'santosh@k.com' sent to object: 'Object Repository/OMVA_UserManagement_Page/EmailID_Textbox'

2018-07-18 13:13:30 - [MESSAGE][PASSED] - Keys 'santosh@k.com' sent to object: 'Object Repository/OMVA_UserManagement_Page/EmailID_Textbox'

2018-07-18 13:13:30 - [TEST_STEP][PASSED] - sendKeys: Keys 'santosh' sent to object: 'Object Repository/OMVA_UserManagement_Page/FirstName_Textbox'

2018-07-18 13:13:30 - [MESSAGE][PASSED] - Keys 'santosh' sent to object: 'Object Repository/OMVA_UserManagement_Page/FirstName_Textbox'

2018-07-18 13:13:30 - [TEST_STEP][PASSED] - sendKeys: Keys 'k' sent to object: 'Object Repository/OMVA_UserManagement_Page/LastName_Textbox'

2018-07-18 13:13:30 - [MESSAGE][PASSED] - Keys 'k' sent to object: 'Object Repository/OMVA_UserManagement_Page/LastName_Textbox'

2018-07-18 13:13:30 - [TEST_STEP][PASSED] - sendKeys: Keys '1212' sent to object: 'Object Repository/OMVA_UserManagement_Page/TicketNumber_Textbox'

2018-07-18 13:13:30 - [MESSAGE][PASSED] - Keys '1212' sent to object: 'Object Repository/OMVA_UserManagement_Page/TicketNumber_Textbox'

2018-07-18 13:13:30 - [TEST_STEP][PASSED] - click: Object: 'Object Repository/OMVA_UserManagement_Page/Next_Button' is clicked on

2018-07-18 13:13:30 - [MESSAGE][PASSED] - Object: 'Object Repository/OMVA_UserManagement_Page/Next_Button' is clicked on

2018-07-18 13:13:30 - [TEST_STEP][PASSED] - Statement - ActualToastMessage = com.kms.katalon.core.webui.keyword.WebUiBuiltInKeywords.getText(com.kms.katalon.core.testobject.ObjectRepository.findTestObject(OMVA_UserManagement_Page/EmailID_ToastMsg)): Text of object 'Object Repository/OMVA_UserManagement_Page/EmailID_ToastMsg' is: 'Email ID already exists.'

2018-07-18 13:13:31 - [MESSAGE][PASSED] - Text of object 'Object Repository/OMVA_UserManagement_Page/EmailID_ToastMsg' is: 'Email ID already exists.'

2018-07-18 13:13:31 - [TEST_STEP][PASSED] - verifyMatch: Actual text 'Email ID already exists.' and expected text 'Email ID already exists.' are matched  using regular expression

2018-07-18 13:13:32 - [MESSAGE][PASSED] - Actual text 'Email ID already exists.' and expected text 'Email ID already exists.' are matched  using regular expression

2018-07-18 13:13:32 - [TEST_STEP][PASSED] - closeBrowser: Browser is closed

2018-07-18 13:13:32 - [MESSAGE][PASSED] - Browser is closed]]></system-out>
         <system-err><![CDATA[]]></system-err>
      </testcase>
      <testcase name="Test Cases/UserManagementTestCases/UserActions/Activate_User" classname="Test Cases/UserManagementTestCases/UserActions/Activate_User" status="PASSED">
         <system-out><![CDATA[2018-07-18 13:13:32 - [TEST_CASE][PASSED] - Test Cases/UserManagementTestCases/UserActions/Activate_User: Test Cases/UserManagementTestCases/UserActions/Activate_User

2018-07-18 13:13:33 - [TEST_STEP][PASSED] - callTestCase: Call Test Case 'Test Cases/CommonTestcases/OpenBrowserandNavigateToQAURL' successfully

2018-07-18 13:13:33 - [TEST_CASE][PASSED] - Test Cases/CommonTestcases/OpenBrowserandNavigateToQAURL: Test Cases/CommonTestcases/OpenBrowserandNavigateToQAURL

2018-07-18 13:13:33 - [TEST_STEP][PASSED] - openBrowser: Browser is opened with url: ''

2018-07-18 13:13:35 - [MESSAGE][PASSED] - Browser is opened with url: ''

2018-07-18 13:13:35 - [TEST_STEP][PASSED] - navigateToUrl: Navigate to 'https://coa-demo-env.azurewebsites.net/da/index.html#/login' successfully

2018-07-18 13:13:56 - [MESSAGE][PASSED] - Navigate to 'https://coa-demo-env.azurewebsites.net/da/index.html#/login' successfully

2018-07-18 13:13:56 - [TEST_STEP][PASSED] - maximizeWindow: Current window maximized

2018-07-18 13:13:57 - [MESSAGE][PASSED] - Current window maximized

2018-07-18 13:13:57 - [MESSAGE][PASSED] - Call Test Case 'Test Cases/CommonTestcases/OpenBrowserandNavigateToQAURL' successfully

2018-07-18 13:13:57 - [TEST_STEP][PASSED] - waitForElementVisible: Object 'Object Repository/OMVA_Login_Page/Username_Textbox' is visible

2018-07-18 13:13:57 - [MESSAGE][PASSED] - Object 'Object Repository/OMVA_Login_Page/Username_Textbox' is visible

2018-07-18 13:13:57 - [TEST_STEP][PASSED] - sendKeys: Keys 'SuperAdmin' sent to object: 'Object Repository/OMVA_Login_Page/Username_Textbox'

2018-07-18 13:13:57 - [MESSAGE][PASSED] - Keys 'SuperAdmin' sent to object: 'Object Repository/OMVA_Login_Page/Username_Textbox'

2018-07-18 13:13:57 - [TEST_STEP][PASSED] - click: Object: 'Object Repository/OMVA_Login_Page/Next_Button' is clicked on

2018-07-18 13:13:57 - [MESSAGE][PASSED] - Object: 'Object Repository/OMVA_Login_Page/Next_Button' is clicked on

2018-07-18 13:13:57 - [TEST_STEP][PASSED] - waitForElementVisible: Object 'Object Repository/OMVA_Login_Page/Password_Textbox' is visible

2018-07-18 13:13:58 - [MESSAGE][PASSED] - Object 'Object Repository/OMVA_Login_Page/Password_Textbox' is visible

2018-07-18 13:13:58 - [TEST_STEP][PASSED] - sendKeys: Keys 'SuperAdmin' sent to object: 'Object Repository/OMVA_Login_Page/Password_Textbox'

2018-07-18 13:13:58 - [MESSAGE][PASSED] - Keys 'SuperAdmin' sent to object: 'Object Repository/OMVA_Login_Page/Password_Textbox'

2018-07-18 13:13:58 - [TEST_STEP][PASSED] - click: Object: 'Object Repository/OMVA_Login_Page/Signin_Button' is clicked on

2018-07-18 13:13:58 - [MESSAGE][PASSED] - Object: 'Object Repository/OMVA_Login_Page/Signin_Button' is clicked on

2018-07-18 13:13:58 - [TEST_STEP][PASSED] - waitForPageLoad: Wait for page load successfully

2018-07-18 13:13:58 - [MESSAGE][PASSED] - Wait for page load successfully

2018-07-18 13:13:58 - [TEST_STEP][PASSED] - delay: Delayed 5 second(s)

2018-07-18 13:14:03 - [MESSAGE][PASSED] - Delayed 5 second(s)

2018-07-18 13:14:03 - [TEST_STEP][PASSED] - waitForElementPresent: Object 'Object Repository/OMVA_Landing_Page/CreateUser_Button' is present

2018-07-18 13:14:03 - [MESSAGE][PASSED] - Object 'Object Repository/OMVA_Landing_Page/CreateUser_Button' is present

2018-07-18 13:14:03 - [TEST_STEP][PASSED] - click: Object: 'Object Repository/OMVA_Landing_Page/CreateUser_Button' is clicked on

2018-07-18 13:14:04 - [MESSAGE][PASSED] - Object: 'Object Repository/OMVA_Landing_Page/CreateUser_Button' is clicked on

2018-07-18 13:14:04 - [TEST_STEP][PASSED] - delay: Delayed 3 second(s)

2018-07-18 13:14:07 - [MESSAGE][PASSED] - Delayed 3 second(s)

2018-07-18 13:14:07 - [TEST_STEP][PASSED] - waitForElementPresent: Object 'Object Repository/OMVA_UserManagement_Page/Role_Dropdown' is present

2018-07-18 13:14:07 - [MESSAGE][PASSED] - Object 'Object Repository/OMVA_UserManagement_Page/Role_Dropdown' is present

2018-07-18 13:14:07 - [TEST_STEP][PASSED] - Statement - If (true): null

2018-07-18 13:14:07 - [TEST_STEP][PASSED] - click: Object: 'Object Repository/OMVA_UserManagement_Page/Role_Dropdown' is clicked on

2018-07-18 13:14:07 - [MESSAGE][PASSED] - Object: 'Object Repository/OMVA_UserManagement_Page/Role_Dropdown' is clicked on

2018-07-18 13:14:07 - [TEST_STEP][PASSED] - Statement - assert true: null

2018-07-18 13:14:07 - [TEST_STEP][PASSED] - scrollToElement: Scroll to object 'Object Repository/OMVA_UserManagement_Page/DropdownOption_RoleDropdown_Market Admin' successfully

2018-07-18 13:14:07 - [MESSAGE][WARNING] - Timeout '0' is invalid. Using default page load timeout: '15'

2018-07-18 13:14:07 - [MESSAGE][PASSED] - Scroll to object 'Object Repository/OMVA_UserManagement_Page/DropdownOption_RoleDropdown_Market Admin' successfully

2018-07-18 13:14:07 - [TEST_STEP][PASSED] - click: Object: 'Object Repository/OMVA_UserManagement_Page/DropdownOption_RoleDropdown_Market Admin' is clicked on

2018-07-18 13:14:07 - [MESSAGE][PASSED] - Object: 'Object Repository/OMVA_UserManagement_Page/DropdownOption_RoleDropdown_Market Admin' is clicked on

2018-07-18 13:14:07 - [TEST_STEP][PASSED] - Statement - username = CustomKeywords.commonLibrary.commonFunctions.randomStringFunction("abcdefghijklmnopqrstuvwxyz", 6): commonLibrary.commonFunctions.randomStringFunction is PASSED

2018-07-18 13:14:07 - [MESSAGE][PASSED] - commonLibrary.commonFunctions.randomStringFunction is PASSED

2018-07-18 13:14:07 - [TEST_STEP][PASSED] - sendKeys: Keys 'uvqbho' sent to object: 'Object Repository/OMVA_UserManagement_Page/UserName_Textbox'

2018-07-18 13:14:07 - [MESSAGE][PASSED] - Keys 'uvqbho' sent to object: 'Object Repository/OMVA_UserManagement_Page/UserName_Textbox'

2018-07-18 13:14:07 - [TEST_STEP][PASSED] - Statement - emailidprefix = CustomKeywords.commonLibrary.commonFunctions.randomStringFunction("abcdefghijklmnopqrstuvwxyz", 9): commonLibrary.commonFunctions.randomStringFunction is PASSED

2018-07-18 13:14:07 - [MESSAGE][PASSED] - commonLibrary.commonFunctions.randomStringFunction is PASSED

2018-07-18 13:14:07 - [TEST_STEP][PASSED] - sendKeys: Keys 'iiystifep@autotestpg.com' sent to object: 'Object Repository/OMVA_UserManagement_Page/EmailID_Textbox'

2018-07-18 13:14:08 - [MESSAGE][PASSED] - Keys 'iiystifep@autotestpg.com' sent to object: 'Object Repository/OMVA_UserManagement_Page/EmailID_Textbox'

2018-07-18 13:14:08 - [TEST_STEP][PASSED] - Statement - firstname = CustomKeywords.commonLibrary.commonFunctions.randomStringFunction("abcdefghijklmnopqrstuvwxyz", 7): commonLibrary.commonFunctions.randomStringFunction is PASSED

2018-07-18 13:14:08 - [MESSAGE][PASSED] - commonLibrary.commonFunctions.randomStringFunction is PASSED

2018-07-18 13:14:08 - [TEST_STEP][PASSED] - sendKeys: Keys 'bsteipe' sent to object: 'Object Repository/OMVA_UserManagement_Page/FirstName_Textbox'

2018-07-18 13:14:08 - [MESSAGE][PASSED] - Keys 'bsteipe' sent to object: 'Object Repository/OMVA_UserManagement_Page/FirstName_Textbox'

2018-07-18 13:14:08 - [TEST_STEP][PASSED] - Statement - lastname = CustomKeywords.commonLibrary.commonFunctions.randomStringFunction("abcdefghijklmnopqrstuvwxyz", 7): commonLibrary.commonFunctions.randomStringFunction is PASSED

2018-07-18 13:14:08 - [MESSAGE][PASSED] - commonLibrary.commonFunctions.randomStringFunction is PASSED

2018-07-18 13:14:08 - [TEST_STEP][PASSED] - sendKeys: Keys 'ljvsrjm' sent to object: 'Object Repository/OMVA_UserManagement_Page/LastName_Textbox'

2018-07-18 13:14:08 - [MESSAGE][PASSED] - Keys 'ljvsrjm' sent to object: 'Object Repository/OMVA_UserManagement_Page/LastName_Textbox'

2018-07-18 13:14:08 - [TEST_STEP][PASSED] - Statement - ticketnum = CustomKeywords.commonLibrary.commonFunctions.randomStringFunction("123456789", 7): commonLibrary.commonFunctions.randomStringFunction is PASSED

2018-07-18 13:14:08 - [MESSAGE][PASSED] - commonLibrary.commonFunctions.randomStringFunction is PASSED

2018-07-18 13:14:08 - [TEST_STEP][PASSED] - sendKeys: Keys '8121717' sent to object: 'Object Repository/OMVA_UserManagement_Page/TicketNumber_Textbox'

2018-07-18 13:14:08 - [MESSAGE][PASSED] - Keys '8121717' sent to object: 'Object Repository/OMVA_UserManagement_Page/TicketNumber_Textbox'

2018-07-18 13:14:08 - [TEST_STEP][PASSED] - click: Object: 'Object Repository/OMVA_UserManagement_Page/Next_Button_Update' is clicked on

2018-07-18 13:14:08 - [MESSAGE][PASSED] - Object: 'Object Repository/OMVA_UserManagement_Page/Next_Button_Update' is clicked on

2018-07-18 13:14:08 - [TEST_STEP][PASSED] - applicationLibrary.checkboxMultiselection.multiselectCheckbox: applicationLibrary.checkboxMultiselection.multiselectCheckbox is PASSED

2018-07-18 13:14:11 - [MESSAGE][PASSED] - applicationLibrary.checkboxMultiselection.multiselectCheckbox is PASSED

2018-07-18 13:14:11 - [TEST_STEP][PASSED] - scrollToElement: Scroll to object 'Object Repository/OMVA_UserManagement_Page/Customer_Next_Btn' successfully

2018-07-18 13:14:11 - [MESSAGE][PASSED] - Scroll to object 'Object Repository/OMVA_UserManagement_Page/Customer_Next_Btn' successfully

2018-07-18 13:14:11 - [TEST_STEP][PASSED] - click: Object: 'Object Repository/OMVA_UserManagement_Page/Customer_Next_Btn' is clicked on

2018-07-18 13:14:11 - [MESSAGE][PASSED] - Object: 'Object Repository/OMVA_UserManagement_Page/Customer_Next_Btn' is clicked on

2018-07-18 13:14:11 - [TEST_STEP][PASSED] - applicationLibrary.checkboxMultiselection.multiselectCheckbox: applicationLibrary.checkboxMultiselection.multiselectCheckbox is PASSED

2018-07-18 13:14:13 - [MESSAGE][PASSED] - applicationLibrary.checkboxMultiselection.multiselectCheckbox is PASSED

2018-07-18 13:14:13 - [TEST_STEP][PASSED] - click: Object: 'Object Repository/OMVA_UserManagement_Page/UserCreation_Save_Btn' is clicked on

2018-07-18 13:14:13 - [MESSAGE][PASSED] - Object: 'Object Repository/OMVA_UserManagement_Page/UserCreation_Save_Btn' is clicked on

2018-07-18 13:14:13 - [TEST_STEP][PASSED] - waitForElementPresent: Object 'Object Repository/OMVA_UserManagement_Page/UserCreation_HeaderTxt' is present

2018-07-18 13:14:14 - [MESSAGE][PASSED] - Object 'Object Repository/OMVA_UserManagement_Page/UserCreation_HeaderTxt' is present

2018-07-18 13:14:14 - [TEST_STEP][PASSED] - verifyElementText: Actual text and expected text of test object 'Object Repository/OMVA_UserManagement_Page/UserCreation_HeaderTxt' are matched.

2018-07-18 13:14:14 - [MESSAGE][PASSED] - Actual text and expected text of test object 'Object Repository/OMVA_UserManagement_Page/UserCreation_HeaderTxt' are matched.

2018-07-18 13:14:14 - [TEST_STEP][PASSED] - verifyElementText: Actual text and expected text of test object 'Object Repository/OMVA_UserManagement_Page/UserCreation_ContentTxt' are matched.

2018-07-18 13:14:14 - [MESSAGE][PASSED] - Actual text and expected text of test object 'Object Repository/OMVA_UserManagement_Page/UserCreation_ContentTxt' are matched.

2018-07-18 13:14:14 - [TEST_STEP][PASSED] - click: Object: 'Object Repository/OMVA_UserManagement_Page/UserCreation_OK_Btn' is clicked on

2018-07-18 13:14:14 - [MESSAGE][PASSED] - Object: 'Object Repository/OMVA_UserManagement_Page/UserCreation_OK_Btn' is clicked on

2018-07-18 13:14:14 - [TEST_STEP][PASSED] - delay: Delayed 5 second(s)

2018-07-18 13:14:19 - [MESSAGE][PASSED] - Delayed 5 second(s)

2018-07-18 13:14:19 - [TEST_STEP][PASSED] - waitForElementPresent: Object 'Object Repository/OMVA_UserManagement_Page/Created_User_Username' is present

2018-07-18 13:14:19 - [MESSAGE][PASSED] - Object 'Object Repository/OMVA_UserManagement_Page/Created_User_Username' is present

2018-07-18 13:14:19 - [TEST_STEP][PASSED] - Statement - createdNewuser = com.kms.katalon.core.webui.keyword.WebUiBuiltInKeywords.getText(com.kms.katalon.core.testobject.ObjectRepository.findTestObject(OMVA_UserManagement_Page/Created_User_Username)): Text of object 'Object Repository/OMVA_UserManagement_Page/Created_User_Username' is: 'bsteipe ljvsrjm'

2018-07-18 13:14:19 - [MESSAGE][PASSED] - Text of object 'Object Repository/OMVA_UserManagement_Page/Created_User_Username' is: 'bsteipe ljvsrjm'

2018-07-18 13:14:19 - [TEST_STEP][PASSED] - Statement - uname = createdNewuser.toString(): null

2018-07-18 13:14:19 - [TEST_STEP][PASSED] - Statement - createduser = com.kms.katalon.core.webui.keyword.WebUiBuiltInKeywords.verifyMatch(createdNewuser, firstname + " " + lastname, true): Actual text 'bsteipe ljvsrjm' and expected text 'bsteipe ljvsrjm' are matched  using regular expression

2018-07-18 13:14:19 - [MESSAGE][PASSED] - Actual text 'bsteipe ljvsrjm' and expected text 'bsteipe ljvsrjm' are matched  using regular expression

2018-07-18 13:14:19 - [TEST_STEP][PASSED] - delay: Delayed 5 second(s)

2018-07-18 13:14:24 - [MESSAGE][PASSED] - Delayed 5 second(s)

2018-07-18 13:14:24 - [TEST_STEP][PASSED] - applicationLibrary.ClicksCreatedUserDashboard.editUser: applicationLibrary.ClicksCreatedUserDashboard.editUser is PASSED

2018-07-18 13:14:25 - [MESSAGE][PASSED] - applicationLibrary.ClicksCreatedUserDashboard.editUser is PASSED

2018-07-18 13:14:25 - [TEST_STEP][PASSED] - delay: Delayed 5 second(s)

2018-07-18 13:14:30 - [MESSAGE][PASSED] - Delayed 5 second(s)

2018-07-18 13:14:30 - [TEST_STEP][PASSED] - waitForElementVisible: Object 'Object Repository/OMVA_Landing_Page/Act_DeAct_Radio_Btn' is visible

2018-07-18 13:14:30 - [MESSAGE][PASSED] - Object 'Object Repository/OMVA_Landing_Page/Act_DeAct_Radio_Btn' is visible

2018-07-18 13:14:30 - [TEST_STEP][PASSED] - click: Object: 'Object Repository/OMVA_Landing_Page/Act_DeAct_Radio_Btn' is clicked on

2018-07-18 13:14:30 - [MESSAGE][PASSED] - Object: 'Object Repository/OMVA_Landing_Page/Act_DeAct_Radio_Btn' is clicked on

2018-07-18 13:14:30 - [TEST_STEP][PASSED] - waitForElementVisible: Object 'Object Repository/OMVA_EditUser_Page/SaveExit_Btn' is visible

2018-07-18 13:14:30 - [MESSAGE][PASSED] - Object 'Object Repository/OMVA_EditUser_Page/SaveExit_Btn' is visible

2018-07-18 13:14:30 - [TEST_STEP][PASSED] - click: Object: 'Object Repository/OMVA_EditUser_Page/SaveExit_Btn' is clicked on

2018-07-18 13:14:30 - [MESSAGE][PASSED] - Object: 'Object Repository/OMVA_EditUser_Page/SaveExit_Btn' is clicked on

2018-07-18 13:14:30 - [TEST_STEP][PASSED] - waitForElementVisible: Object 'Object Repository/OMVA_EditUser_Page/DeactivateUser_HeaderTxt' is visible

2018-07-18 13:14:31 - [MESSAGE][PASSED] - Object 'Object Repository/OMVA_EditUser_Page/DeactivateUser_HeaderTxt' is visible

2018-07-18 13:14:31 - [TEST_STEP][PASSED] - Statement - AHeaderTxt = com.kms.katalon.core.webui.keyword.WebUiBuiltInKeywords.getText(com.kms.katalon.core.testobject.ObjectRepository.findTestObject(OMVA_EditUser_Page/DeactivateUser_HeaderTxt)): Text of object 'Object Repository/OMVA_EditUser_Page/DeactivateUser_HeaderTxt' is: 'Confirm Deactivation'

2018-07-18 13:14:31 - [MESSAGE][PASSED] - Text of object 'Object Repository/OMVA_EditUser_Page/DeactivateUser_HeaderTxt' is: 'Confirm Deactivation'

2018-07-18 13:14:31 - [TEST_STEP][PASSED] - verifyMatch: Actual text 'Confirm Deactivation' and expected text 'Confirm Deactivation' are matched  using regular expression

2018-07-18 13:14:31 - [MESSAGE][PASSED] - Actual text 'Confirm Deactivation' and expected text 'Confirm Deactivation' are matched  using regular expression

2018-07-18 13:14:31 - [TEST_STEP][PASSED] - delay: Delayed 5 second(s)

2018-07-18 13:14:36 - [MESSAGE][PASSED] - Delayed 5 second(s)

2018-07-18 13:14:36 - [TEST_STEP][PASSED] - waitForElementVisible: Object 'Object Repository/OMVA_EditUser_Page/EditUser_OkPopupButton' is visible

2018-07-18 13:14:36 - [MESSAGE][PASSED] - Object 'Object Repository/OMVA_EditUser_Page/EditUser_OkPopupButton' is visible

2018-07-18 13:14:36 - [TEST_STEP][PASSED] - click: Object: 'Object Repository/OMVA_EditUser_Page/EditUser_OkPopupButton' is clicked on

2018-07-18 13:14:36 - [MESSAGE][PASSED] - Object: 'Object Repository/OMVA_EditUser_Page/EditUser_OkPopupButton' is clicked on

2018-07-18 13:14:36 - [TEST_STEP][PASSED] - waitForElementVisible: Object 'Object Repository/OMVA_Landing_Page/DeactiveUserEdit_Icon' is visible

2018-07-18 13:14:37 - [MESSAGE][PASSED] - Object 'Object Repository/OMVA_Landing_Page/DeactiveUserEdit_Icon' is visible

2018-07-18 13:14:37 - [TEST_STEP][PASSED] - click: Object: 'Object Repository/OMVA_Landing_Page/DeactiveUserEdit_Icon' is clicked on

2018-07-18 13:14:37 - [MESSAGE][PASSED] - Object: 'Object Repository/OMVA_Landing_Page/DeactiveUserEdit_Icon' is clicked on

2018-07-18 13:14:37 - [TEST_STEP][PASSED] - delay: Delayed 5 second(s)

2018-07-18 13:14:42 - [MESSAGE][PASSED] - Delayed 5 second(s)

2018-07-18 13:14:42 - [TEST_STEP][PASSED] - waitForElementVisible: Object 'Object Repository/OMVA_Landing_Page/Act_DeAct_Radio_Btn' is visible

2018-07-18 13:14:43 - [MESSAGE][PASSED] - Object 'Object Repository/OMVA_Landing_Page/Act_DeAct_Radio_Btn' is visible

2018-07-18 13:14:43 - [TEST_STEP][PASSED] - click: Object: 'Object Repository/OMVA_Landing_Page/Act_DeAct_Radio_Btn' is clicked on

2018-07-18 13:14:43 - [MESSAGE][PASSED] - Object: 'Object Repository/OMVA_Landing_Page/Act_DeAct_Radio_Btn' is clicked on

2018-07-18 13:14:43 - [TEST_STEP][PASSED] - waitForElementVisible: Object 'Object Repository/OMVA_EditUser_Page/EditUserNext_Btn' is visible

2018-07-18 13:14:43 - [MESSAGE][PASSED] - Object 'Object Repository/OMVA_EditUser_Page/EditUserNext_Btn' is visible

2018-07-18 13:14:43 - [TEST_STEP][PASSED] - click: Object: 'Object Repository/OMVA_EditUser_Page/EditUserNext_Btn' is clicked on

2018-07-18 13:14:43 - [MESSAGE][PASSED] - Object: 'Object Repository/OMVA_EditUser_Page/EditUserNext_Btn' is clicked on

2018-07-18 13:14:43 - [TEST_STEP][PASSED] - waitForElementVisible: Object 'Object Repository/OMVA_EditUser_Page/DeactivateUser_HeaderTxt' is visible

2018-07-18 13:14:43 - [MESSAGE][PASSED] - Object 'Object Repository/OMVA_EditUser_Page/DeactivateUser_HeaderTxt' is visible

2018-07-18 13:14:43 - [TEST_STEP][PASSED] - Statement - AHeaderTxt = com.kms.katalon.core.webui.keyword.WebUiBuiltInKeywords.getText(com.kms.katalon.core.testobject.ObjectRepository.findTestObject(OMVA_EditUser_Page/DeactivateUser_HeaderTxt)): Text of object 'Object Repository/OMVA_EditUser_Page/DeactivateUser_HeaderTxt' is: 'Confirm Activation'

2018-07-18 13:14:44 - [MESSAGE][PASSED] - Text of object 'Object Repository/OMVA_EditUser_Page/DeactivateUser_HeaderTxt' is: 'Confirm Activation'

2018-07-18 13:14:44 - [TEST_STEP][PASSED] - verifyMatch: Actual text 'Confirm Activation' and expected text 'Confirm Activation' are matched  using regular expression

2018-07-18 13:14:44 - [MESSAGE][PASSED] - Actual text 'Confirm Activation' and expected text 'Confirm Activation' are matched  using regular expression

2018-07-18 13:14:44 - [TEST_STEP][PASSED] - Statement - AContentTxt = com.kms.katalon.core.webui.keyword.WebUiBuiltInKeywords.getText(com.kms.katalon.core.testobject.ObjectRepository.findTestObject(OMVA_EditUser_Page/DeactivateUser_ContentText)): Text of object 'Object Repository/OMVA_EditUser_Page/DeactivateUser_ContentText' is: 'Are you sure you want to activate bsteipe ljvsrjm's account?'

2018-07-18 13:14:44 - [MESSAGE][PASSED] - Text of object 'Object Repository/OMVA_EditUser_Page/DeactivateUser_ContentText' is: 'Are you sure you want to activate bsteipe ljvsrjm's account?'

2018-07-18 13:14:44 - [TEST_STEP][PASSED] - verifyMatch: Actual text 'Are you sure you want to activate bsteipe ljvsrjm's account?' and expected text 'Are you sure you want to activate\D*' are matched  using regular expression

2018-07-18 13:14:44 - [MESSAGE][PASSED] - Actual text 'Are you sure you want to activate bsteipe ljvsrjm's account?' and expected text 'Are you sure you want to activate\D*' are matched  using regular expression

2018-07-18 13:14:44 - [TEST_STEP][PASSED] - click: Object: 'Object Repository/OMVA_EditUser_Page/DeactivateUser_OKBtn' is clicked on

2018-07-18 13:14:44 - [MESSAGE][PASSED] - Object: 'Object Repository/OMVA_EditUser_Page/DeactivateUser_OKBtn' is clicked on

2018-07-18 13:14:44 - [TEST_STEP][PASSED] - Statement - AActivateToastMsg = com.kms.katalon.core.webui.keyword.WebUiBuiltInKeywords.getText(com.kms.katalon.core.testobject.ObjectRepository.findTestObject(OMVA_EditUser_Page/Activate_ToastMsg)): Text of object 'Object Repository/OMVA_EditUser_Page/Activate_ToastMsg' is: 'Account Successfully Activated!'

2018-07-18 13:14:44 - [MESSAGE][PASSED] - Text of object 'Object Repository/OMVA_EditUser_Page/Activate_ToastMsg' is: 'Account Successfully Activated!'

2018-07-18 13:14:44 - [TEST_STEP][PASSED] - verifyMatch: Actual text 'Account Successfully Activated!' and expected text 'Account Successfully Activated!' are matched  using regular expression

2018-07-18 13:14:44 - [MESSAGE][PASSED] - Actual text 'Account Successfully Activated!' and expected text 'Account Successfully Activated!' are matched  using regular expression

2018-07-18 13:14:44 - [TEST_STEP][PASSED] - closeBrowser: Browser is closed

2018-07-18 13:14:45 - [MESSAGE][PASSED] - Browser is closed]]></system-out>
         <system-err><![CDATA[]]></system-err>
      </testcase>
      <testcase name="Test Cases/UserManagementTestCases/Login/LogoutAndCloseBrowser" classname="Test Cases/UserManagementTestCases/Login/LogoutAndCloseBrowser" status="PASSED">
         <system-out><![CDATA[2018-07-18 13:14:45 - [TEST_CASE][PASSED] - Test Cases/UserManagementTestCases/Login/LogoutAndCloseBrowser: Test Cases/UserManagementTestCases/Login/LogoutAndCloseBrowser

2018-07-18 13:14:45 - [TEST_STEP][PASSED] - callTestCase: Call Test Case 'Test Cases/CommonTestcases/OpenBrowserandNavigateToQAURL' successfully

2018-07-18 13:14:45 - [TEST_CASE][PASSED] - Test Cases/CommonTestcases/OpenBrowserandNavigateToQAURL: Test Cases/CommonTestcases/OpenBrowserandNavigateToQAURL

2018-07-18 13:14:45 - [TEST_STEP][PASSED] - openBrowser: Browser is opened with url: ''

2018-07-18 13:14:48 - [MESSAGE][PASSED] - Browser is opened with url: ''

2018-07-18 13:14:48 - [TEST_STEP][PASSED] - navigateToUrl: Navigate to 'https://coa-demo-env.azurewebsites.net/da/index.html#/login' successfully

2018-07-18 13:15:04 - [MESSAGE][PASSED] - Navigate to 'https://coa-demo-env.azurewebsites.net/da/index.html#/login' successfully

2018-07-18 13:15:04 - [TEST_STEP][PASSED] - maximizeWindow: Current window maximized

2018-07-18 13:15:05 - [MESSAGE][PASSED] - Current window maximized

2018-07-18 13:15:05 - [MESSAGE][PASSED] - Call Test Case 'Test Cases/CommonTestcases/OpenBrowserandNavigateToQAURL' successfully

2018-07-18 13:15:05 - [TEST_STEP][PASSED] - waitForElementVisible: Object 'Object Repository/OMVA_Login_Page/Username_Textbox' is visible

2018-07-18 13:15:05 - [MESSAGE][PASSED] - Object 'Object Repository/OMVA_Login_Page/Username_Textbox' is visible

2018-07-18 13:15:05 - [TEST_STEP][PASSED] - sendKeys: Keys 'SuperAdmin' sent to object: 'Object Repository/OMVA_Login_Page/Username_Textbox'

2018-07-18 13:15:06 - [MESSAGE][PASSED] - Keys 'SuperAdmin' sent to object: 'Object Repository/OMVA_Login_Page/Username_Textbox'

2018-07-18 13:15:06 - [TEST_STEP][PASSED] - click: Object: 'Object Repository/OMVA_Login_Page/Next_Button' is clicked on

2018-07-18 13:15:06 - [MESSAGE][PASSED] - Object: 'Object Repository/OMVA_Login_Page/Next_Button' is clicked on

2018-07-18 13:15:06 - [TEST_STEP][PASSED] - waitForElementVisible: Object 'Object Repository/OMVA_Login_Page/Password_Textbox' is visible

2018-07-18 13:15:06 - [MESSAGE][PASSED] - Object 'Object Repository/OMVA_Login_Page/Password_Textbox' is visible

2018-07-18 13:15:06 - [TEST_STEP][PASSED] - sendKeys: Keys 'SuperAdmin' sent to object: 'Object Repository/OMVA_Login_Page/Password_Textbox'

2018-07-18 13:15:07 - [MESSAGE][PASSED] - Keys 'SuperAdmin' sent to object: 'Object Repository/OMVA_Login_Page/Password_Textbox'

2018-07-18 13:15:07 - [TEST_STEP][PASSED] - click: Object: 'Object Repository/OMVA_Login_Page/Signin_Button' is clicked on

2018-07-18 13:15:07 - [MESSAGE][PASSED] - Object: 'Object Repository/OMVA_Login_Page/Signin_Button' is clicked on

2018-07-18 13:15:07 - [TEST_STEP][PASSED] - waitForElementPresent: Object 'Object Repository/OMVA_Landing_Page/User_icon' is present

2018-07-18 13:15:07 - [MESSAGE][PASSED] - Object 'Object Repository/OMVA_Landing_Page/User_icon' is present

2018-07-18 13:15:07 - [TEST_STEP][PASSED] - Statement - assert true: null

2018-07-18 13:15:07 - [TEST_STEP][PASSED] - click: Object: 'Object Repository/OMVA_Landing_Page/User_icon' is clicked on

2018-07-18 13:15:07 - [MESSAGE][PASSED] - Object: 'Object Repository/OMVA_Landing_Page/User_icon' is clicked on

2018-07-18 13:15:07 - [TEST_STEP][PASSED] - waitForElementPresent: Object 'Object Repository/OMVA_Landing_Page/Logout_link' is present

2018-07-18 13:15:07 - [MESSAGE][PASSED] - Object 'Object Repository/OMVA_Landing_Page/Logout_link' is present

2018-07-18 13:15:07 - [TEST_STEP][PASSED] - Statement - assert true: null

2018-07-18 13:15:07 - [TEST_STEP][PASSED] - click: Object: 'Object Repository/OMVA_Landing_Page/Logout_link' is clicked on

2018-07-18 13:15:08 - [MESSAGE][PASSED] - Object: 'Object Repository/OMVA_Landing_Page/Logout_link' is clicked on

2018-07-18 13:15:08 - [TEST_STEP][PASSED] - waitForElementNotPresent: Web element with id: 'Object Repository/OMVA_Landing_Page/User_icon' located by 'By.xpath: //img[@id='dropdown']' is not present after '4' second(s)

2018-07-18 13:15:09 - [MESSAGE][PASSED] - Web element with id: 'Object Repository/OMVA_Landing_Page/User_icon' located by 'By.xpath: //img[@id='dropdown']' is not present after '4' second(s)

2018-07-18 13:15:09 - [TEST_STEP][PASSED] - closeBrowser: Browser is closed

2018-07-18 13:15:10 - [MESSAGE][PASSED] - Browser is closed]]></system-out>
         <system-err><![CDATA[]]></system-err>
      </testcase>
      <testcase name="Test Cases/UserManagementTestCases/UserActions/Verify_RoleChange" classname="Test Cases/UserManagementTestCases/UserActions/Verify_RoleChange" status="FAILED">
         <failure type="FAILED" message="Unable to navigate to 'https://coa-demo-env.azurewebsites.net/da/index.html#/login' (Root cause: org.openqa.selenium.TimeoutException: timeout
  (Session info: chrome=67.0.3396.62)
  (Driver info: chromedriver=2.35.528161 (5b82f2d2aae0ca24b877009200ced9065a772e73),platform=Windows NT 10.0.16299 x86_64) (WARNING: The server did not provide any stacktrace information)
Command duration or timeout: 0 milliseconds
Build info: version: '3.7.1', revision: '8a0099a', time: '2017-11-06T21:07:36.161Z'
System info: host: '703177791GDL', ip: '172.16.21.232', os.name: 'Windows 10', os.arch: 'amd64', os.version: '10.0', java.version: '1.8.0_102'
Driver info: com.kms.katalon.selenium.driver.CChromeDriver
Capabilities {acceptInsecureCerts: false, acceptSslCerts: false, applicationCacheEnabled: false, browserConnectionEnabled: false, browserName: chrome, chrome: {chromedriverVersion: 2.35.528161 (5b82f2d2aae0ca..., userDataDir: D:\Users\703177791\AppData\...}, cssSelectorsEnabled: true, databaseEnabled: false, handlesAlerts: true, hasTouchScreen: false, javascriptEnabled: true, locationContextEnabled: true, mobileEmulationEnabled: false, nativeEvents: true, networkConnectionEnabled: false, pageLoadStrategy: normal, platform: XP, platformName: XP, rotatable: false, setWindowRect: true, takesHeapSnapshot: true, takesScreenshot: true, unexpectedAlertBehaviour: , unhandledPromptBehavior: , version: 67.0.3396.62, webStorageEnabled: true}
Session ID: 2b482b3e45d6cd04b2cceb4adb710f80)"/>
         <system-out><![CDATA[2018-07-18 13:15:10 - [TEST_CASE][FAILED] - Test Cases/UserManagementTestCases/UserActions/Verify_RoleChange: Test Cases/UserManagementTestCases/UserActions/Verify_RoleChange FAILED because (of) Unable to navigate to 'https://coa-demo-env.azurewebsites.net/da/index.html#/login' (Root cause: org.openqa.selenium.TimeoutException: timeout
  (Session info: chrome=67.0.3396.62)
  (Driver info: chromedriver=2.35.528161 (5b82f2d2aae0ca24b877009200ced9065a772e73),platform=Windows NT 10.0.16299 x86_64) (WARNING: The server did not provide any stacktrace information)
Command duration or timeout: 0 milliseconds
Build info: version: '3.7.1', revision: '8a0099a', time: '2017-11-06T21:07:36.161Z'
System info: host: '703177791GDL', ip: '172.16.21.232', os.name: 'Windows 10', os.arch: 'amd64', os.version: '10.0', java.version: '1.8.0_102'
Driver info: com.kms.katalon.selenium.driver.CChromeDriver
Capabilities {acceptInsecureCerts: false, acceptSslCerts: false, applicationCacheEnabled: false, browserConnectionEnabled: false, browserName: chrome, chrome: {chromedriverVersion: 2.35.528161 (5b82f2d2aae0ca..., userDataDir: D:\Users\703177791\AppData\...}, cssSelectorsEnabled: true, databaseEnabled: false, handlesAlerts: true, hasTouchScreen: false, javascriptEnabled: true, locationContextEnabled: true, mobileEmulationEnabled: false, nativeEvents: true, networkConnectionEnabled: false, pageLoadStrategy: normal, platform: XP, platformName: XP, rotatable: false, setWindowRect: true, takesHeapSnapshot: true, takesScreenshot: true, unexpectedAlertBehaviour: , unhandledPromptBehavior: , version: 67.0.3396.62, webStorageEnabled: true}
Session ID: 2b482b3e45d6cd04b2cceb4adb710f80)

2018-07-18 13:15:10 - [TEST_STEP][FAILED] - callTestCase: Unable to call Test Case with id 'Test Cases/CommonTestcases/OpenBrowserandNavigateToQAURL' (Root cause: Call Test Case 'Test Cases/CommonTestcases/OpenBrowserandNavigateToQAURL' failed)

2018-07-18 13:15:10 - [TEST_CASE][FAILED] - Test Cases/CommonTestcases/OpenBrowserandNavigateToQAURL: Test Cases/CommonTestcases/OpenBrowserandNavigateToQAURL FAILED because (of) Unable to navigate to 'https://coa-demo-env.azurewebsites.net/da/index.html#/login' (Root cause: org.openqa.selenium.TimeoutException: timeout
  (Session info: chrome=67.0.3396.62)
  (Driver info: chromedriver=2.35.528161 (5b82f2d2aae0ca24b877009200ced9065a772e73),platform=Windows NT 10.0.16299 x86_64) (WARNING: The server did not provide any stacktrace information)
Command duration or timeout: 0 milliseconds
Build info: version: '3.7.1', revision: '8a0099a', time: '2017-11-06T21:07:36.161Z'
System info: host: '703177791GDL', ip: '172.16.21.232', os.name: 'Windows 10', os.arch: 'amd64', os.version: '10.0', java.version: '1.8.0_102'
Driver info: com.kms.katalon.selenium.driver.CChromeDriver
Capabilities {acceptInsecureCerts: false, acceptSslCerts: false, applicationCacheEnabled: false, browserConnectionEnabled: false, browserName: chrome, chrome: {chromedriverVersion: 2.35.528161 (5b82f2d2aae0ca..., userDataDir: D:\Users\703177791\AppData\...}, cssSelectorsEnabled: true, databaseEnabled: false, handlesAlerts: true, hasTouchScreen: false, javascriptEnabled: true, locationContextEnabled: true, mobileEmulationEnabled: false, nativeEvents: true, networkConnectionEnabled: false, pageLoadStrategy: normal, platform: XP, platformName: XP, rotatable: false, setWindowRect: true, takesHeapSnapshot: true, takesScreenshot: true, unexpectedAlertBehaviour: , unhandledPromptBehavior: , version: 67.0.3396.62, webStorageEnabled: true}
Session ID: 2b482b3e45d6cd04b2cceb4adb710f80)

2018-07-18 13:15:10 - [TEST_STEP][PASSED] - openBrowser: Browser is opened with url: ''

2018-07-18 13:15:13 - [MESSAGE][PASSED] - Browser is opened with url: ''

2018-07-18 13:15:13 - [TEST_STEP][FAILED] - navigateToUrl: Unable to navigate to 'https://coa-demo-env.azurewebsites.net/da/index.html#/login' (Root cause: org.openqa.selenium.TimeoutException: timeout
  (Session info: chrome=67.0.3396.62)
  (Driver info: chromedriver=2.35.528161 (5b82f2d2aae0ca24b877009200ced9065a772e73),platform=Windows NT 10.0.16299 x86_64) (WARNING: The server did not provide any stacktrace information)
Command duration or timeout: 0 milliseconds
Build info: version: '3.7.1', revision: '8a0099a', time: '2017-11-06T21:07:36.161Z'
System info: host: '703177791GDL', ip: '172.16.21.232', os.name: 'Windows 10', os.arch: 'amd64', os.version: '10.0', java.version: '1.8.0_102'
Driver info: com.kms.katalon.selenium.driver.CChromeDriver
Capabilities {acceptInsecureCerts: false, acceptSslCerts: false, applicationCacheEnabled: false, browserConnectionEnabled: false, browserName: chrome, chrome: {chromedriverVersion: 2.35.528161 (5b82f2d2aae0ca..., userDataDir: D:\Users\703177791\AppData\...}, cssSelectorsEnabled: true, databaseEnabled: false, handlesAlerts: true, hasTouchScreen: false, javascriptEnabled: true, locationContextEnabled: true, mobileEmulationEnabled: false, nativeEvents: true, networkConnectionEnabled: false, pageLoadStrategy: normal, platform: XP, platformName: XP, rotatable: false, setWindowRect: true, takesHeapSnapshot: true, takesScreenshot: true, unexpectedAlertBehaviour: , unhandledPromptBehavior: , version: 67.0.3396.62, webStorageEnabled: true}
Session ID: 2b482b3e45d6cd04b2cceb4adb710f80)

2018-07-18 13:16:13 - [MESSAGE][WARNING] - Cannot take screenshot

2018-07-18 13:16:13 - [MESSAGE][FAILED] - Unable to navigate to 'https://coa-demo-env.azurewebsites.net/da/index.html#/login' (Root cause: org.openqa.selenium.TimeoutException: timeout
  (Session info: chrome=67.0.3396.62)
  (Driver info: chromedriver=2.35.528161 (5b82f2d2aae0ca24b877009200ced9065a772e73),platform=Windows NT 10.0.16299 x86_64) (WARNING: The server did not provide any stacktrace information)
Command duration or timeout: 0 milliseconds
Build info: version: '3.7.1', revision: '8a0099a', time: '2017-11-06T21:07:36.161Z'
System info: host: '703177791GDL', ip: '172.16.21.232', os.name: 'Windows 10', os.arch: 'amd64', os.version: '10.0', java.version: '1.8.0_102'
Driver info: com.kms.katalon.selenium.driver.CChromeDriver
Capabilities {acceptInsecureCerts: false, acceptSslCerts: false, applicationCacheEnabled: false, browserConnectionEnabled: false, browserName: chrome, chrome: {chromedriverVersion: 2.35.528161 (5b82f2d2aae0ca..., userDataDir: D:\Users\703177791\AppData\...}, cssSelectorsEnabled: true, databaseEnabled: false, handlesAlerts: true, hasTouchScreen: false, javascriptEnabled: true, locationContextEnabled: true, mobileEmulationEnabled: false, nativeEvents: true, networkConnectionEnabled: false, pageLoadStrategy: normal, platform: XP, platformName: XP, rotatable: false, setWindowRect: true, takesHeapSnapshot: true, takesScreenshot: true, unexpectedAlertBehaviour: , unhandledPromptBehavior: , version: 67.0.3396.62, webStorageEnabled: true}
Session ID: 2b482b3e45d6cd04b2cceb4adb710f80)

2018-07-18 13:16:13 - [MESSAGE][FAILED] - Unable to call Test Case with id 'Test Cases/CommonTestcases/OpenBrowserandNavigateToQAURL' (Root cause: Call Test Case 'Test Cases/CommonTestcases/OpenBrowserandNavigateToQAURL' failed)]]></system-out>
         <system-err><![CDATA[2018-07-18 13:15:10 - [TEST_CASE][FAILED] - Test Cases/UserManagementTestCases/UserActions/Verify_RoleChange: Test Cases/UserManagementTestCases/UserActions/Verify_RoleChange FAILED because (of) Unable to navigate to 'https://coa-demo-env.azurewebsites.net/da/index.html#/login' (Root cause: org.openqa.selenium.TimeoutException: timeout
  (Session info: chrome=67.0.3396.62)
  (Driver info: chromedriver=2.35.528161 (5b82f2d2aae0ca24b877009200ced9065a772e73),platform=Windows NT 10.0.16299 x86_64) (WARNING: The server did not provide any stacktrace information)
Command duration or timeout: 0 milliseconds
Build info: version: '3.7.1', revision: '8a0099a', time: '2017-11-06T21:07:36.161Z'
System info: host: '703177791GDL', ip: '172.16.21.232', os.name: 'Windows 10', os.arch: 'amd64', os.version: '10.0', java.version: '1.8.0_102'
Driver info: com.kms.katalon.selenium.driver.CChromeDriver
Capabilities {acceptInsecureCerts: false, acceptSslCerts: false, applicationCacheEnabled: false, browserConnectionEnabled: false, browserName: chrome, chrome: {chromedriverVersion: 2.35.528161 (5b82f2d2aae0ca..., userDataDir: D:\Users\703177791\AppData\...}, cssSelectorsEnabled: true, databaseEnabled: false, handlesAlerts: true, hasTouchScreen: false, javascriptEnabled: true, locationContextEnabled: true, mobileEmulationEnabled: false, nativeEvents: true, networkConnectionEnabled: false, pageLoadStrategy: normal, platform: XP, platformName: XP, rotatable: false, setWindowRect: true, takesHeapSnapshot: true, takesScreenshot: true, unexpectedAlertBehaviour: , unhandledPromptBehavior: , version: 67.0.3396.62, webStorageEnabled: true}
Session ID: 2b482b3e45d6cd04b2cceb4adb710f80)]]></system-err>
      </testcase>
      <testcase name="Test Cases/UserManagementTestCases/UserActions/Verify_AdvanceFilterPopUp" classname="Test Cases/UserManagementTestCases/UserActions/Verify_AdvanceFilterPopUp" status="PASSED">
         <system-out><![CDATA[2018-07-18 13:16:13 - [TEST_CASE][PASSED] - Test Cases/UserManagementTestCases/UserActions/Verify_AdvanceFilterPopUp: Test Cases/UserManagementTestCases/UserActions/Verify_AdvanceFilterPopUp

2018-07-18 13:16:13 - [TEST_STEP][PASSED] - callTestCase: Call Test Case 'Test Cases/CommonTestcases/OpenBrowserandNavigateToQAURL' successfully

2018-07-18 13:16:13 - [TEST_CASE][PASSED] - Test Cases/CommonTestcases/OpenBrowserandNavigateToQAURL: Test Cases/CommonTestcases/OpenBrowserandNavigateToQAURL

2018-07-18 13:16:13 - [TEST_STEP][PASSED] - openBrowser: Browser is opened with url: ''

2018-07-18 13:16:13 - [MESSAGE][WARNING] - A browser is already opened. Closing browser and opening a new one

2018-07-18 13:16:16 - [MESSAGE][PASSED] - Browser is opened with url: ''

2018-07-18 13:16:16 - [TEST_STEP][PASSED] - navigateToUrl: Navigate to 'https://coa-demo-env.azurewebsites.net/da/index.html#/login' successfully

2018-07-18 13:16:27 - [MESSAGE][PASSED] - Navigate to 'https://coa-demo-env.azurewebsites.net/da/index.html#/login' successfully

2018-07-18 13:16:27 - [TEST_STEP][PASSED] - maximizeWindow: Current window maximized

2018-07-18 13:16:28 - [MESSAGE][PASSED] - Current window maximized

2018-07-18 13:16:28 - [MESSAGE][PASSED] - Call Test Case 'Test Cases/CommonTestcases/OpenBrowserandNavigateToQAURL' successfully

2018-07-18 13:16:28 - [TEST_STEP][PASSED] - waitForElementPresent: Object 'Object Repository/OMVA_Login_Page/Username_Textbox' is present

2018-07-18 13:16:28 - [MESSAGE][PASSED] - Object 'Object Repository/OMVA_Login_Page/Username_Textbox' is present

2018-07-18 13:16:28 - [TEST_STEP][PASSED] - sendKeys: Keys 'SuperAdmin' sent to object: 'Object Repository/OMVA_Login_Page/Username_Textbox'

2018-07-18 13:16:28 - [MESSAGE][PASSED] - Keys 'SuperAdmin' sent to object: 'Object Repository/OMVA_Login_Page/Username_Textbox'

2018-07-18 13:16:28 - [TEST_STEP][PASSED] - click: Object: 'Object Repository/OMVA_Login_Page/Next_Button' is clicked on

2018-07-18 13:16:28 - [MESSAGE][PASSED] - Object: 'Object Repository/OMVA_Login_Page/Next_Button' is clicked on

2018-07-18 13:16:28 - [TEST_STEP][PASSED] - waitForElementVisible: Object 'Object Repository/OMVA_Login_Page/Password_Textbox' is visible

2018-07-18 13:16:29 - [MESSAGE][PASSED] - Object 'Object Repository/OMVA_Login_Page/Password_Textbox' is visible

2018-07-18 13:16:29 - [TEST_STEP][PASSED] - sendKeys: Keys 'SuperAdmin' sent to object: 'Object Repository/OMVA_Login_Page/Password_Textbox'

2018-07-18 13:16:29 - [MESSAGE][PASSED] - Keys 'SuperAdmin' sent to object: 'Object Repository/OMVA_Login_Page/Password_Textbox'

2018-07-18 13:16:29 - [TEST_STEP][PASSED] - click: Object: 'Object Repository/OMVA_Login_Page/Signin_Button' is clicked on

2018-07-18 13:16:29 - [MESSAGE][PASSED] - Object: 'Object Repository/OMVA_Login_Page/Signin_Button' is clicked on

2018-07-18 13:16:29 - [TEST_STEP][PASSED] - waitForAngularLoad: This page doesn't use Angular.

2018-07-18 13:16:29 - [MESSAGE][WARNING] - This page doesn't use Angular.

2018-07-18 13:16:29 - [TEST_STEP][PASSED] - delay: Delayed 4 second(s)

2018-07-18 13:16:33 - [MESSAGE][PASSED] - Delayed 4 second(s)

2018-07-18 13:16:33 - [TEST_STEP][PASSED] - waitForElementVisible: Object 'Object Repository/OMVA_Landing_Page/Filter_Icon' is visible

2018-07-18 13:16:33 - [MESSAGE][PASSED] - Object 'Object Repository/OMVA_Landing_Page/Filter_Icon' is visible

2018-07-18 13:16:33 - [TEST_STEP][PASSED] - Statement - assert true: null

2018-07-18 13:16:33 - [TEST_STEP][PASSED] - click: Object: 'Object Repository/OMVA_Landing_Page/Filter_Icon' is clicked on

2018-07-18 13:16:34 - [MESSAGE][PASSED] - Object: 'Object Repository/OMVA_Landing_Page/Filter_Icon' is clicked on

2018-07-18 13:16:34 - [TEST_STEP][PASSED] - waitForElementVisible: Object 'Object Repository/OMVA_Landing_Page/Advanced_FilterPopUp' is visible

2018-07-18 13:16:34 - [MESSAGE][PASSED] - Object 'Object Repository/OMVA_Landing_Page/Advanced_FilterPopUp' is visible

2018-07-18 13:16:34 - [TEST_STEP][PASSED] - Statement - assert true: null

2018-07-18 13:16:34 - [TEST_STEP][PASSED] - closeBrowser: Browser is closed

2018-07-18 13:16:35 - [MESSAGE][PASSED] - Browser is closed]]></system-out>
         <system-err><![CDATA[]]></system-err>
      </testcase>
      <testcase name="Test Cases/UserManagementTestCases/UserActions/VerifyNextButtonClickNotAllowed" classname="Test Cases/UserManagementTestCases/UserActions/VerifyNextButtonClickNotAllowed" status="PASSED">
         <system-out><![CDATA[2018-07-18 13:16:35 - [TEST_CASE][PASSED] - Test Cases/UserManagementTestCases/UserActions/VerifyNextButtonClickNotAllowed: Test Cases/UserManagementTestCases/UserActions/VerifyNextButtonClickNotAllowed

2018-07-18 13:16:35 - [TEST_STEP][PASSED] - callTestCase: Call Test Case 'Test Cases/CommonTestcases/OpenBrowserandNavigateToQAURL' successfully

2018-07-18 13:16:35 - [TEST_CASE][PASSED] - Test Cases/CommonTestcases/OpenBrowserandNavigateToQAURL: Test Cases/CommonTestcases/OpenBrowserandNavigateToQAURL

2018-07-18 13:16:35 - [TEST_STEP][PASSED] - openBrowser: Browser is opened with url: ''

2018-07-18 13:16:37 - [MESSAGE][PASSED] - Browser is opened with url: ''

2018-07-18 13:16:37 - [TEST_STEP][PASSED] - navigateToUrl: Navigate to 'https://coa-demo-env.azurewebsites.net/da/index.html#/login' successfully

2018-07-18 13:16:44 - [MESSAGE][PASSED] - Navigate to 'https://coa-demo-env.azurewebsites.net/da/index.html#/login' successfully

2018-07-18 13:16:44 - [TEST_STEP][PASSED] - maximizeWindow: Current window maximized

2018-07-18 13:16:45 - [MESSAGE][PASSED] - Current window maximized

2018-07-18 13:16:45 - [MESSAGE][PASSED] - Call Test Case 'Test Cases/CommonTestcases/OpenBrowserandNavigateToQAURL' successfully

2018-07-18 13:16:45 - [TEST_STEP][PASSED] - waitForElementVisible: Object 'Object Repository/OMVA_Login_Page/Username_Textbox' is visible

2018-07-18 13:16:45 - [MESSAGE][PASSED] - Object 'Object Repository/OMVA_Login_Page/Username_Textbox' is visible

2018-07-18 13:16:45 - [TEST_STEP][PASSED] - sendKeys: Keys 'SuperAdmin' sent to object: 'Object Repository/OMVA_Login_Page/Username_Textbox'

2018-07-18 13:16:45 - [MESSAGE][PASSED] - Keys 'SuperAdmin' sent to object: 'Object Repository/OMVA_Login_Page/Username_Textbox'

2018-07-18 13:16:45 - [TEST_STEP][PASSED] - click: Object: 'Object Repository/OMVA_Login_Page/Next_Button' is clicked on

2018-07-18 13:16:45 - [MESSAGE][PASSED] - Object: 'Object Repository/OMVA_Login_Page/Next_Button' is clicked on

2018-07-18 13:16:45 - [TEST_STEP][PASSED] - waitForElementVisible: Object 'Object Repository/OMVA_Login_Page/Password_Textbox' is visible

2018-07-18 13:16:46 - [MESSAGE][PASSED] - Object 'Object Repository/OMVA_Login_Page/Password_Textbox' is visible

2018-07-18 13:16:46 - [TEST_STEP][PASSED] - sendKeys: Keys 'SuperAdmin' sent to object: 'Object Repository/OMVA_Login_Page/Password_Textbox'

2018-07-18 13:16:46 - [MESSAGE][PASSED] - Keys 'SuperAdmin' sent to object: 'Object Repository/OMVA_Login_Page/Password_Textbox'

2018-07-18 13:16:46 - [TEST_STEP][PASSED] - click: Object: 'Object Repository/OMVA_Login_Page/Signin_Button' is clicked on

2018-07-18 13:16:46 - [MESSAGE][PASSED] - Object: 'Object Repository/OMVA_Login_Page/Signin_Button' is clicked on

2018-07-18 13:16:46 - [TEST_STEP][PASSED] - waitForPageLoad: Wait for page load successfully

2018-07-18 13:16:46 - [MESSAGE][PASSED] - Wait for page load successfully

2018-07-18 13:16:46 - [TEST_STEP][PASSED] - delay: Delayed 5 second(s)

2018-07-18 13:16:51 - [MESSAGE][PASSED] - Delayed 5 second(s)

2018-07-18 13:16:51 - [TEST_STEP][PASSED] - waitForElementPresent: Object 'Object Repository/OMVA_Landing_Page/CreateUser_Button' is present

2018-07-18 13:16:51 - [MESSAGE][PASSED] - Object 'Object Repository/OMVA_Landing_Page/CreateUser_Button' is present

2018-07-18 13:16:51 - [TEST_STEP][PASSED] - click: Object: 'Object Repository/OMVA_Landing_Page/CreateUser_Button' is clicked on

2018-07-18 13:16:52 - [MESSAGE][PASSED] - Object: 'Object Repository/OMVA_Landing_Page/CreateUser_Button' is clicked on

2018-07-18 13:16:52 - [TEST_STEP][PASSED] - waitForElementVisible: Object 'Object Repository/OMVA_UserManagement_Page/NextButtonDisabled' is visible

2018-07-18 13:16:52 - [MESSAGE][PASSED] - Object 'Object Repository/OMVA_UserManagement_Page/NextButtonDisabled' is visible

2018-07-18 13:16:52 - [TEST_STEP][PASSED] - verifyElementNotClickable: Object 'Object Repository/OMVA_UserManagement_Page/NextButtonDisabled' is NOT clickable

2018-07-18 13:16:52 - [MESSAGE][PASSED] - Object 'Object Repository/OMVA_UserManagement_Page/NextButtonDisabled' is NOT clickable

2018-07-18 13:16:52 - [TEST_STEP][PASSED] - callTestCase: Call Test Case 'Test Cases/CommonTestcases/Logout_Closebrowser' successfully

2018-07-18 13:16:52 - [TEST_CASE][PASSED] - Test Cases/CommonTestcases/Logout_Closebrowser: Test Cases/CommonTestcases/Logout_Closebrowser

2018-07-18 13:16:52 - [TEST_STEP][PASSED] - waitForElementPresent: Object 'Object Repository/OMVA_Landing_Page/User_icon' is present

2018-07-18 13:16:52 - [MESSAGE][PASSED] - Object 'Object Repository/OMVA_Landing_Page/User_icon' is present

2018-07-18 13:16:52 - [TEST_STEP][PASSED] - click: Object: 'Object Repository/OMVA_Landing_Page/User_icon' is clicked on

2018-07-18 13:16:52 - [MESSAGE][PASSED] - Object: 'Object Repository/OMVA_Landing_Page/User_icon' is clicked on

2018-07-18 13:16:52 - [TEST_STEP][PASSED] - waitForElementPresent: Object 'Object Repository/OMVA_Landing_Page/Logout_link' is present

2018-07-18 13:16:52 - [MESSAGE][PASSED] - Object 'Object Repository/OMVA_Landing_Page/Logout_link' is present

2018-07-18 13:16:52 - [TEST_STEP][PASSED] - click: Object: 'Object Repository/OMVA_Landing_Page/Logout_link' is clicked on

2018-07-18 13:16:52 - [MESSAGE][PASSED] - Object: 'Object Repository/OMVA_Landing_Page/Logout_link' is clicked on

2018-07-18 13:16:52 - [TEST_STEP][PASSED] - waitForElementNotPresent: Web element with id: 'Object Repository/OMVA_Landing_Page/User_icon' located by 'By.xpath: //img[@id='dropdown']' is not present after '15' second(s)

2018-07-18 13:16:52 - [MESSAGE][WARNING] - Timeout '0' is invalid. Using default page load timeout: '15'

2018-07-18 13:16:53 - [MESSAGE][PASSED] - Web element with id: 'Object Repository/OMVA_Landing_Page/User_icon' located by 'By.xpath: //img[@id='dropdown']' is not present after '15' second(s)

2018-07-18 13:16:53 - [TEST_STEP][PASSED] - closeBrowser: Browser is closed

2018-07-18 13:16:53 - [MESSAGE][PASSED] - Browser is closed

2018-07-18 13:16:53 - [MESSAGE][PASSED] - Call Test Case 'Test Cases/CommonTestcases/Logout_Closebrowser' successfully]]></system-out>
         <system-err><![CDATA[]]></system-err>
      </testcase>
      <testcase name="Test Cases/UserManagementTestCases/UserActions/VerifyDefaultSelectionAdvancedFilter" classname="Test Cases/UserManagementTestCases/UserActions/VerifyDefaultSelectionAdvancedFilter" status="PASSED">
         <system-out><![CDATA[2018-07-18 13:16:53 - [TEST_CASE][PASSED] - Test Cases/UserManagementTestCases/UserActions/VerifyDefaultSelectionAdvancedFilter: Test Cases/UserManagementTestCases/UserActions/VerifyDefaultSelectionAdvancedFilter

2018-07-18 13:16:54 - [TEST_STEP][PASSED] - callTestCase: Call Test Case 'Test Cases/CommonTestcases/OpenBrowserandNavigateToQAURL' successfully

2018-07-18 13:16:54 - [TEST_CASE][PASSED] - Test Cases/CommonTestcases/OpenBrowserandNavigateToQAURL: Test Cases/CommonTestcases/OpenBrowserandNavigateToQAURL

2018-07-18 13:16:54 - [TEST_STEP][PASSED] - openBrowser: Browser is opened with url: ''

2018-07-18 13:16:56 - [MESSAGE][PASSED] - Browser is opened with url: ''

2018-07-18 13:16:56 - [TEST_STEP][PASSED] - navigateToUrl: Navigate to 'https://coa-demo-env.azurewebsites.net/da/index.html#/login' successfully

2018-07-18 13:17:04 - [MESSAGE][PASSED] - Navigate to 'https://coa-demo-env.azurewebsites.net/da/index.html#/login' successfully

2018-07-18 13:17:04 - [TEST_STEP][PASSED] - maximizeWindow: Current window maximized

2018-07-18 13:17:05 - [MESSAGE][PASSED] - Current window maximized

2018-07-18 13:17:05 - [MESSAGE][PASSED] - Call Test Case 'Test Cases/CommonTestcases/OpenBrowserandNavigateToQAURL' successfully

2018-07-18 13:17:05 - [TEST_STEP][PASSED] - waitForElementPresent: Object 'Object Repository/OMVA_Login_Page/Username_Textbox' is present

2018-07-18 13:17:05 - [MESSAGE][PASSED] - Object 'Object Repository/OMVA_Login_Page/Username_Textbox' is present

2018-07-18 13:17:05 - [TEST_STEP][PASSED] - sendKeys: Keys 'SuperAdmin' sent to object: 'Object Repository/OMVA_Login_Page/Username_Textbox'

2018-07-18 13:17:05 - [MESSAGE][PASSED] - Keys 'SuperAdmin' sent to object: 'Object Repository/OMVA_Login_Page/Username_Textbox'

2018-07-18 13:17:05 - [TEST_STEP][PASSED] - click: Object: 'Object Repository/OMVA_Login_Page/Next_Button' is clicked on

2018-07-18 13:17:05 - [MESSAGE][PASSED] - Object: 'Object Repository/OMVA_Login_Page/Next_Button' is clicked on

2018-07-18 13:17:05 - [TEST_STEP][PASSED] - waitForElementVisible: Object 'Object Repository/OMVA_Login_Page/Password_Textbox' is visible

2018-07-18 13:17:06 - [MESSAGE][PASSED] - Object 'Object Repository/OMVA_Login_Page/Password_Textbox' is visible

2018-07-18 13:17:06 - [TEST_STEP][PASSED] - sendKeys: Keys 'SuperAdmin' sent to object: 'Object Repository/OMVA_Login_Page/Password_Textbox'

2018-07-18 13:17:06 - [MESSAGE][PASSED] - Keys 'SuperAdmin' sent to object: 'Object Repository/OMVA_Login_Page/Password_Textbox'

2018-07-18 13:17:06 - [TEST_STEP][PASSED] - click: Object: 'Object Repository/OMVA_Login_Page/Signin_Button' is clicked on

2018-07-18 13:17:06 - [MESSAGE][PASSED] - Object: 'Object Repository/OMVA_Login_Page/Signin_Button' is clicked on

2018-07-18 13:17:06 - [TEST_STEP][PASSED] - waitForAngularLoad: This page doesn't use Angular.

2018-07-18 13:17:06 - [MESSAGE][WARNING] - This page doesn't use Angular.

2018-07-18 13:17:06 - [TEST_STEP][PASSED] - delay: Delayed 4 second(s)

2018-07-18 13:17:10 - [MESSAGE][PASSED] - Delayed 4 second(s)

2018-07-18 13:17:10 - [TEST_STEP][PASSED] - waitForElementVisible: Object 'Object Repository/OMVA_Landing_Page/Filter_Icon' is visible

2018-07-18 13:17:11 - [MESSAGE][PASSED] - Object 'Object Repository/OMVA_Landing_Page/Filter_Icon' is visible

2018-07-18 13:17:11 - [TEST_STEP][PASSED] - Statement - assert true: null

2018-07-18 13:17:11 - [TEST_STEP][PASSED] - click: Object: 'Object Repository/OMVA_Landing_Page/Filter_Icon' is clicked on

2018-07-18 13:17:11 - [MESSAGE][PASSED] - Object: 'Object Repository/OMVA_Landing_Page/Filter_Icon' is clicked on

2018-07-18 13:17:11 - [TEST_STEP][PASSED] - waitForElementVisible: Object 'Object Repository/OMVA_Landing_Page/Advanced_FilterPopUp' is visible

2018-07-18 13:17:11 - [MESSAGE][PASSED] - Object 'Object Repository/OMVA_Landing_Page/Advanced_FilterPopUp' is visible

2018-07-18 13:17:11 - [TEST_STEP][PASSED] - Statement - assert true: null

2018-07-18 13:17:11 - [TEST_STEP][PASSED] - delay: Delayed 3 second(s)

2018-07-18 13:17:14 - [MESSAGE][PASSED] - Delayed 3 second(s)

2018-07-18 13:17:14 - [TEST_STEP][PASSED] - applicationLibrary.checkboxMultiselection.checkbox: applicationLibrary.checkboxMultiselection.checkbox is PASSED

2018-07-18 13:17:17 - [MESSAGE][PASSED] - applicationLibrary.checkboxMultiselection.checkbox is PASSED

2018-07-18 13:17:17 - [TEST_STEP][PASSED] - waitForElementVisible: Object 'Object Repository/OMVA_AdvancedFilter_Page/resetButton' is visible

2018-07-18 13:17:17 - [MESSAGE][PASSED] - Object 'Object Repository/OMVA_AdvancedFilter_Page/resetButton' is visible

2018-07-18 13:17:17 - [TEST_STEP][PASSED] - click: Object: 'Object Repository/OMVA_AdvancedFilter_Page/resetButton' is clicked on

2018-07-18 13:17:17 - [MESSAGE][PASSED] - Object: 'Object Repository/OMVA_AdvancedFilter_Page/resetButton' is clicked on

2018-07-18 13:17:17 - [TEST_STEP][PASSED] - verifyElementAttributeValue: Object 'Object Repository/OMVA_AdvancedFilter_Page/checkboxSelectAll' has attribute 'ng-reflect-model' with value 'false'

2018-07-18 13:17:17 - [MESSAGE][PASSED] - Object 'Object Repository/OMVA_AdvancedFilter_Page/checkboxSelectAll' has attribute 'ng-reflect-model' with value 'false']]></system-out>
         <system-err><![CDATA[]]></system-err>
      </testcase>
      <testcase name="Test Cases/UserManagementTestCases/UserActions/Validate_User_Search" classname="Test Cases/UserManagementTestCases/UserActions/Validate_User_Search" status="PASSED">
         <system-out><![CDATA[2018-07-18 13:17:17 - [TEST_CASE][PASSED] - Test Cases/UserManagementTestCases/UserActions/Validate_User_Search: Test Cases/UserManagementTestCases/UserActions/Validate_User_Search

2018-07-18 13:17:17 - [TEST_STEP][PASSED] - callTestCase: Call Test Case 'Test Cases/CommonTestcases/OpenBrowserandNavigateToQAURL' successfully

2018-07-18 13:17:17 - [TEST_CASE][PASSED] - Test Cases/CommonTestcases/OpenBrowserandNavigateToQAURL: Test Cases/CommonTestcases/OpenBrowserandNavigateToQAURL

2018-07-18 13:17:17 - [TEST_STEP][PASSED] - openBrowser: Browser is opened with url: ''

2018-07-18 13:17:17 - [MESSAGE][WARNING] - A browser is already opened. Closing browser and opening a new one

2018-07-18 13:17:20 - [MESSAGE][PASSED] - Browser is opened with url: ''

2018-07-18 13:17:20 - [TEST_STEP][PASSED] - navigateToUrl: Navigate to 'https://coa-demo-env.azurewebsites.net/da/index.html#/login' successfully

2018-07-18 13:17:35 - [MESSAGE][PASSED] - Navigate to 'https://coa-demo-env.azurewebsites.net/da/index.html#/login' successfully

2018-07-18 13:17:35 - [TEST_STEP][PASSED] - maximizeWindow: Current window maximized

2018-07-18 13:17:36 - [MESSAGE][PASSED] - Current window maximized

2018-07-18 13:17:36 - [MESSAGE][PASSED] - Call Test Case 'Test Cases/CommonTestcases/OpenBrowserandNavigateToQAURL' successfully

2018-07-18 13:17:36 - [TEST_STEP][PASSED] - waitForElementVisible: Object 'Object Repository/OMVA_Login_Page/Username_Textbox' is visible

2018-07-18 13:17:36 - [MESSAGE][PASSED] - Object 'Object Repository/OMVA_Login_Page/Username_Textbox' is visible

2018-07-18 13:17:36 - [TEST_STEP][PASSED] - sendKeys: Keys 'SuperAdmin' sent to object: 'Object Repository/OMVA_Login_Page/Username_Textbox'

2018-07-18 13:17:36 - [MESSAGE][PASSED] - Keys 'SuperAdmin' sent to object: 'Object Repository/OMVA_Login_Page/Username_Textbox'

2018-07-18 13:17:36 - [TEST_STEP][PASSED] - click: Object: 'Object Repository/OMVA_Login_Page/Next_Button' is clicked on

2018-07-18 13:17:36 - [MESSAGE][PASSED] - Object: 'Object Repository/OMVA_Login_Page/Next_Button' is clicked on

2018-07-18 13:17:36 - [TEST_STEP][PASSED] - waitForElementVisible: Object 'Object Repository/OMVA_Login_Page/Password_Textbox' is visible

2018-07-18 13:17:37 - [MESSAGE][PASSED] - Object 'Object Repository/OMVA_Login_Page/Password_Textbox' is visible

2018-07-18 13:17:37 - [TEST_STEP][PASSED] - sendKeys: Keys 'SuperAdmin' sent to object: 'Object Repository/OMVA_Login_Page/Password_Textbox'

2018-07-18 13:17:37 - [MESSAGE][PASSED] - Keys 'SuperAdmin' sent to object: 'Object Repository/OMVA_Login_Page/Password_Textbox'

2018-07-18 13:17:37 - [TEST_STEP][PASSED] - click: Object: 'Object Repository/OMVA_Login_Page/Signin_Button' is clicked on

2018-07-18 13:17:37 - [MESSAGE][PASSED] - Object: 'Object Repository/OMVA_Login_Page/Signin_Button' is clicked on

2018-07-18 13:17:37 - [TEST_STEP][PASSED] - waitForPageLoad: Wait for page load successfully

2018-07-18 13:17:37 - [MESSAGE][PASSED] - Wait for page load successfully

2018-07-18 13:17:37 - [TEST_STEP][PASSED] - delay: Delayed 5 second(s)

2018-07-18 13:17:42 - [MESSAGE][PASSED] - Delayed 5 second(s)

2018-07-18 13:17:42 - [TEST_STEP][PASSED] - waitForElementPresent: Object 'Object Repository/OMVA_Landing_Page/CreateUser_Button' is present

2018-07-18 13:17:42 - [MESSAGE][PASSED] - Object 'Object Repository/OMVA_Landing_Page/CreateUser_Button' is present

2018-07-18 13:17:42 - [TEST_STEP][PASSED] - click: Object: 'Object Repository/OMVA_Landing_Page/CreateUser_Button' is clicked on

2018-07-18 13:17:43 - [MESSAGE][PASSED] - Object: 'Object Repository/OMVA_Landing_Page/CreateUser_Button' is clicked on

2018-07-18 13:17:43 - [TEST_STEP][PASSED] - delay: Delayed 3 second(s)

2018-07-18 13:17:46 - [MESSAGE][PASSED] - Delayed 3 second(s)

2018-07-18 13:17:46 - [TEST_STEP][PASSED] - waitForElementPresent: Object 'Object Repository/OMVA_UserManagement_Page/Role_Dropdown' is present

2018-07-18 13:17:46 - [MESSAGE][PASSED] - Object 'Object Repository/OMVA_UserManagement_Page/Role_Dropdown' is present

2018-07-18 13:17:46 - [TEST_STEP][PASSED] - Statement - If (true): null

2018-07-18 13:17:46 - [TEST_STEP][PASSED] - click: Object: 'Object Repository/OMVA_UserManagement_Page/Role_Dropdown' is clicked on

2018-07-18 13:17:46 - [MESSAGE][PASSED] - Object: 'Object Repository/OMVA_UserManagement_Page/Role_Dropdown' is clicked on

2018-07-18 13:17:46 - [TEST_STEP][PASSED] - Statement - assert true: null

2018-07-18 13:17:46 - [TEST_STEP][PASSED] - scrollToElement: Scroll to object 'Object Repository/OMVA_UserManagement_Page/DropdownOption_RoleDropdown_Market Admin' successfully

2018-07-18 13:17:46 - [MESSAGE][WARNING] - Timeout '0' is invalid. Using default page load timeout: '15'

2018-07-18 13:17:46 - [MESSAGE][PASSED] - Scroll to object 'Object Repository/OMVA_UserManagement_Page/DropdownOption_RoleDropdown_Market Admin' successfully

2018-07-18 13:17:46 - [TEST_STEP][PASSED] - click: Object: 'Object Repository/OMVA_UserManagement_Page/DropdownOption_RoleDropdown_Market Admin' is clicked on

2018-07-18 13:17:46 - [MESSAGE][PASSED] - Object: 'Object Repository/OMVA_UserManagement_Page/DropdownOption_RoleDropdown_Market Admin' is clicked on

2018-07-18 13:17:46 - [TEST_STEP][PASSED] - Statement - username = CustomKeywords.commonLibrary.commonFunctions.randomStringFunction("abcdefghijklmnopqrstuvwxyz", 6): commonLibrary.commonFunctions.randomStringFunction is PASSED

2018-07-18 13:17:46 - [MESSAGE][PASSED] - commonLibrary.commonFunctions.randomStringFunction is PASSED

2018-07-18 13:17:46 - [TEST_STEP][PASSED] - Statement - uname = username.toString(): null

2018-07-18 13:17:46 - [TEST_STEP][PASSED] - sendKeys: Keys 'ttbxlm' sent to object: 'Object Repository/OMVA_UserManagement_Page/UserName_Textbox'

2018-07-18 13:17:46 - [MESSAGE][PASSED] - Keys 'ttbxlm' sent to object: 'Object Repository/OMVA_UserManagement_Page/UserName_Textbox'

2018-07-18 13:17:46 - [TEST_STEP][PASSED] - Statement - emailidprefix = CustomKeywords.commonLibrary.commonFunctions.randomStringFunction("abcdefghijklmnopqrstuvwxyz", 9): commonLibrary.commonFunctions.randomStringFunction is PASSED

2018-07-18 13:17:46 - [MESSAGE][PASSED] - commonLibrary.commonFunctions.randomStringFunction is PASSED

2018-07-18 13:17:46 - [TEST_STEP][PASSED] - sendKeys: Keys 'cssittmda@autotestpg.com' sent to object: 'Object Repository/OMVA_UserManagement_Page/EmailID_Textbox'

2018-07-18 13:17:47 - [MESSAGE][PASSED] - Keys 'cssittmda@autotestpg.com' sent to object: 'Object Repository/OMVA_UserManagement_Page/EmailID_Textbox'

2018-07-18 13:17:47 - [TEST_STEP][PASSED] - Statement - firstname = CustomKeywords.commonLibrary.commonFunctions.randomStringFunction("abcdefghijklmnopqrstuvwxyz", 7): commonLibrary.commonFunctions.randomStringFunction is PASSED

2018-07-18 13:17:47 - [MESSAGE][PASSED] - commonLibrary.commonFunctions.randomStringFunction is PASSED

2018-07-18 13:17:47 - [TEST_STEP][PASSED] - sendKeys: Keys 'qmlzsob' sent to object: 'Object Repository/OMVA_UserManagement_Page/FirstName_Textbox'

2018-07-18 13:17:47 - [MESSAGE][PASSED] - Keys 'qmlzsob' sent to object: 'Object Repository/OMVA_UserManagement_Page/FirstName_Textbox'

2018-07-18 13:17:47 - [TEST_STEP][PASSED] - Statement - lastname = CustomKeywords.commonLibrary.commonFunctions.randomStringFunction("abcdefghijklmnopqrstuvwxyz", 7): commonLibrary.commonFunctions.randomStringFunction is PASSED

2018-07-18 13:17:47 - [MESSAGE][PASSED] - commonLibrary.commonFunctions.randomStringFunction is PASSED

2018-07-18 13:17:47 - [TEST_STEP][PASSED] - sendKeys: Keys 'qnogbpm' sent to object: 'Object Repository/OMVA_UserManagement_Page/LastName_Textbox'

2018-07-18 13:17:47 - [MESSAGE][PASSED] - Keys 'qnogbpm' sent to object: 'Object Repository/OMVA_UserManagement_Page/LastName_Textbox'

2018-07-18 13:17:47 - [TEST_STEP][PASSED] - Statement - ticketnum = CustomKeywords.commonLibrary.commonFunctions.randomStringFunction("123456789", 7): commonLibrary.commonFunctions.randomStringFunction is PASSED

2018-07-18 13:17:47 - [MESSAGE][PASSED] - commonLibrary.commonFunctions.randomStringFunction is PASSED

2018-07-18 13:17:47 - [TEST_STEP][PASSED] - sendKeys: Keys '6781521' sent to object: 'Object Repository/OMVA_UserManagement_Page/TicketNumber_Textbox'

2018-07-18 13:17:47 - [MESSAGE][PASSED] - Keys '6781521' sent to object: 'Object Repository/OMVA_UserManagement_Page/TicketNumber_Textbox'

2018-07-18 13:17:47 - [TEST_STEP][PASSED] - click: Object: 'Object Repository/OMVA_UserManagement_Page/Next_Button' is clicked on

2018-07-18 13:17:47 - [MESSAGE][PASSED] - Object: 'Object Repository/OMVA_UserManagement_Page/Next_Button' is clicked on

2018-07-18 13:17:47 - [TEST_STEP][PASSED] - applicationLibrary.checkboxMultiselection.multiselectCheckbox: applicationLibrary.checkboxMultiselection.multiselectCheckbox is PASSED

2018-07-18 13:17:50 - [MESSAGE][PASSED] - applicationLibrary.checkboxMultiselection.multiselectCheckbox is PASSED

2018-07-18 13:17:50 - [TEST_STEP][PASSED] - scrollToElement: Scroll to object 'Object Repository/OMVA_UserManagement_Page/Customer_Next_Btn' successfully

2018-07-18 13:17:50 - [MESSAGE][PASSED] - Scroll to object 'Object Repository/OMVA_UserManagement_Page/Customer_Next_Btn' successfully

2018-07-18 13:17:50 - [TEST_STEP][PASSED] - click: Object: 'Object Repository/OMVA_UserManagement_Page/Customer_Next_Btn' is clicked on

2018-07-18 13:17:50 - [MESSAGE][PASSED] - Object: 'Object Repository/OMVA_UserManagement_Page/Customer_Next_Btn' is clicked on

2018-07-18 13:17:50 - [TEST_STEP][PASSED] - applicationLibrary.checkboxMultiselection.multiselectCheckbox: applicationLibrary.checkboxMultiselection.multiselectCheckbox is PASSED

2018-07-18 13:17:52 - [MESSAGE][PASSED] - applicationLibrary.checkboxMultiselection.multiselectCheckbox is PASSED

2018-07-18 13:17:52 - [TEST_STEP][PASSED] - click: Object: 'Object Repository/OMVA_UserManagement_Page/UserCreation_Save_Btn' is clicked on

2018-07-18 13:17:52 - [MESSAGE][PASSED] - Object: 'Object Repository/OMVA_UserManagement_Page/UserCreation_Save_Btn' is clicked on

2018-07-18 13:17:52 - [TEST_STEP][PASSED] - waitForElementPresent: Object 'Object Repository/OMVA_UserManagement_Page/UserCreation_HeaderTxt' is present

2018-07-18 13:17:53 - [MESSAGE][PASSED] - Object 'Object Repository/OMVA_UserManagement_Page/UserCreation_HeaderTxt' is present

2018-07-18 13:17:53 - [TEST_STEP][PASSED] - verifyElementText: Actual text and expected text of test object 'Object Repository/OMVA_UserManagement_Page/UserCreation_HeaderTxt' are matched.

2018-07-18 13:17:53 - [MESSAGE][PASSED] - Actual text and expected text of test object 'Object Repository/OMVA_UserManagement_Page/UserCreation_HeaderTxt' are matched.

2018-07-18 13:17:53 - [TEST_STEP][PASSED] - verifyElementText: Actual text and expected text of test object 'Object Repository/OMVA_UserManagement_Page/UserCreation_ContentTxt' are matched.

2018-07-18 13:17:53 - [MESSAGE][PASSED] - Actual text and expected text of test object 'Object Repository/OMVA_UserManagement_Page/UserCreation_ContentTxt' are matched.

2018-07-18 13:17:53 - [TEST_STEP][PASSED] - delay: Delayed 5 second(s)

2018-07-18 13:17:58 - [MESSAGE][PASSED] - Delayed 5 second(s)

2018-07-18 13:17:58 - [TEST_STEP][PASSED] - waitForElementVisible: Object 'Object Repository/OMVA_EditUser_Page/DeactivateUser_OKBtn' is visible

2018-07-18 13:17:58 - [MESSAGE][PASSED] - Object 'Object Repository/OMVA_EditUser_Page/DeactivateUser_OKBtn' is visible

2018-07-18 13:17:58 - [TEST_STEP][PASSED] - click: Object: 'Object Repository/OMVA_EditUser_Page/DeactivateUser_OKBtn' is clicked on

2018-07-18 13:17:58 - [MESSAGE][PASSED] - Object: 'Object Repository/OMVA_EditUser_Page/DeactivateUser_OKBtn' is clicked on

2018-07-18 13:17:58 - [TEST_STEP][PASSED] - delay: Delayed 4 second(s)

2018-07-18 13:18:02 - [MESSAGE][PASSED] - Delayed 4 second(s)

2018-07-18 13:18:02 - [TEST_STEP][PASSED] - waitForElementVisible: Object 'Object Repository/OMVA_UserManagement_Page/Search_button' is visible

2018-07-18 13:18:02 - [MESSAGE][PASSED] - Object 'Object Repository/OMVA_UserManagement_Page/Search_button' is visible

2018-07-18 13:18:02 - [TEST_STEP][PASSED] - click: Object: 'Object Repository/OMVA_UserManagement_Page/Search_button' is clicked on

2018-07-18 13:18:03 - [MESSAGE][PASSED] - Object: 'Object Repository/OMVA_UserManagement_Page/Search_button' is clicked on

2018-07-18 13:18:03 - [TEST_STEP][PASSED] - waitForElementVisible: Object 'Object Repository/OMVA_UserManagement_Page/Enter_Text_Search' is visible

2018-07-18 13:18:03 - [MESSAGE][PASSED] - Object 'Object Repository/OMVA_UserManagement_Page/Enter_Text_Search' is visible

2018-07-18 13:18:03 - [TEST_STEP][PASSED] - sendKeys: Keys 'ttbxlm' sent to object: 'Object Repository/OMVA_UserManagement_Page/Enter_Text_Search'

2018-07-18 13:18:03 - [MESSAGE][PASSED] - Keys 'ttbxlm' sent to object: 'Object Repository/OMVA_UserManagement_Page/Enter_Text_Search'

2018-07-18 13:18:03 - [TEST_STEP][PASSED] - waitForElementVisible: Object 'Object Repository/OMVA_Landing_Page/Uname_Grid' is visible

2018-07-18 13:18:03 - [MESSAGE][PASSED] - Object 'Object Repository/OMVA_Landing_Page/Uname_Grid' is visible

2018-07-18 13:18:03 - [TEST_STEP][PASSED] - Statement - userName = com.kms.katalon.core.webui.keyword.WebUiBuiltInKeywords.getText(com.kms.katalon.core.testobject.ObjectRepository.findTestObject(OMVA_Landing_Page/Uname_Grid)): Text of object 'Object Repository/OMVA_Landing_Page/Uname_Grid' is: 'ttbxlm'

2018-07-18 13:18:03 - [MESSAGE][PASSED] - Text of object 'Object Repository/OMVA_Landing_Page/Uname_Grid' is: 'ttbxlm'

2018-07-18 13:18:03 - [TEST_STEP][PASSED] - verifyMatch: Actual text 'ttbxlm' and expected text 'ttbxlm' are matched 

2018-07-18 13:18:03 - [MESSAGE][PASSED] - Actual text 'ttbxlm' and expected text 'ttbxlm' are matched 

2018-07-18 13:18:03 - [TEST_STEP][PASSED] - dataBaseConnection.dataBase.connectDB: dataBaseConnection.dataBase.connectDB is PASSED

2018-07-18 13:18:08 - [MESSAGE][PASSED] - dataBaseConnection.dataBase.connectDB is PASSED

2018-07-18 13:18:08 - [TEST_STEP][PASSED] - dataBaseConnection.dataBase.executeQuery: dataBaseConnection.dataBase.executeQuery is PASSED

2018-07-18 13:18:08 - [MESSAGE][PASSED] - dataBaseConnection.dataBase.executeQuery is PASSED

2018-07-18 13:18:08 - [TEST_STEP][PASSED] - dataBaseConnection.dataBase.closeDatabaseConnection: dataBaseConnection.dataBase.closeDatabaseConnection is PASSED

2018-07-18 13:18:08 - [MESSAGE][PASSED] - dataBaseConnection.dataBase.closeDatabaseConnection is PASSED

2018-07-18 13:18:08 - [TEST_STEP][PASSED] - callTestCase: Call Test Case 'Test Cases/CommonTestcases/Logout_Closebrowser' successfully

2018-07-18 13:18:08 - [TEST_CASE][PASSED] - Test Cases/CommonTestcases/Logout_Closebrowser: Test Cases/CommonTestcases/Logout_Closebrowser

2018-07-18 13:18:08 - [TEST_STEP][PASSED] - waitForElementPresent: Object 'Object Repository/OMVA_Landing_Page/User_icon' is present

2018-07-18 13:18:08 - [MESSAGE][PASSED] - Object 'Object Repository/OMVA_Landing_Page/User_icon' is present

2018-07-18 13:18:08 - [TEST_STEP][PASSED] - click: Object: 'Object Repository/OMVA_Landing_Page/User_icon' is clicked on

2018-07-18 13:18:08 - [MESSAGE][PASSED] - Object: 'Object Repository/OMVA_Landing_Page/User_icon' is clicked on

2018-07-18 13:18:08 - [TEST_STEP][PASSED] - waitForElementPresent: Object 'Object Repository/OMVA_Landing_Page/Logout_link' is present

2018-07-18 13:18:08 - [MESSAGE][PASSED] - Object 'Object Repository/OMVA_Landing_Page/Logout_link' is present

2018-07-18 13:18:08 - [TEST_STEP][PASSED] - click: Object: 'Object Repository/OMVA_Landing_Page/Logout_link' is clicked on

2018-07-18 13:18:08 - [MESSAGE][PASSED] - Object: 'Object Repository/OMVA_Landing_Page/Logout_link' is clicked on

2018-07-18 13:18:08 - [TEST_STEP][PASSED] - waitForElementNotPresent: Web element with id: 'Object Repository/OMVA_Landing_Page/User_icon' located by 'By.xpath: //img[@id='dropdown']' is not present after '15' second(s)

2018-07-18 13:18:08 - [MESSAGE][WARNING] - Timeout '0' is invalid. Using default page load timeout: '15'

2018-07-18 13:18:09 - [MESSAGE][PASSED] - Web element with id: 'Object Repository/OMVA_Landing_Page/User_icon' located by 'By.xpath: //img[@id='dropdown']' is not present after '15' second(s)

2018-07-18 13:18:09 - [TEST_STEP][PASSED] - closeBrowser: Browser is closed

2018-07-18 13:18:09 - [MESSAGE][PASSED] - Browser is closed

2018-07-18 13:18:09 - [MESSAGE][PASSED] - Call Test Case 'Test Cases/CommonTestcases/Logout_Closebrowser' successfully]]></system-out>
         <system-err><![CDATA[]]></system-err>
      </testcase>
      <testcase name="Test Cases/UserManagementTestCases/UserActions/Validate_Search_EmailID" classname="Test Cases/UserManagementTestCases/UserActions/Validate_Search_EmailID" status="PASSED">
         <system-out><![CDATA[2018-07-18 13:18:09 - [TEST_CASE][PASSED] - Test Cases/UserManagementTestCases/UserActions/Validate_Search_EmailID: Test Cases/UserManagementTestCases/UserActions/Validate_Search_EmailID

2018-07-18 13:18:10 - [TEST_STEP][PASSED] - callTestCase: Call Test Case 'Test Cases/CommonTestcases/OpenBrowserandNavigateToQAURL' successfully

2018-07-18 13:18:10 - [TEST_CASE][PASSED] - Test Cases/CommonTestcases/OpenBrowserandNavigateToQAURL: Test Cases/CommonTestcases/OpenBrowserandNavigateToQAURL

2018-07-18 13:18:10 - [TEST_STEP][PASSED] - openBrowser: Browser is opened with url: ''

2018-07-18 13:18:12 - [MESSAGE][PASSED] - Browser is opened with url: ''

2018-07-18 13:18:12 - [TEST_STEP][PASSED] - navigateToUrl: Navigate to 'https://coa-demo-env.azurewebsites.net/da/index.html#/login' successfully

2018-07-18 13:18:20 - [MESSAGE][PASSED] - Navigate to 'https://coa-demo-env.azurewebsites.net/da/index.html#/login' successfully

2018-07-18 13:18:20 - [TEST_STEP][PASSED] - maximizeWindow: Current window maximized

2018-07-18 13:18:21 - [MESSAGE][PASSED] - Current window maximized

2018-07-18 13:18:21 - [MESSAGE][PASSED] - Call Test Case 'Test Cases/CommonTestcases/OpenBrowserandNavigateToQAURL' successfully

2018-07-18 13:18:21 - [TEST_STEP][PASSED] - waitForElementVisible: Object 'Object Repository/OMVA_Login_Page/Username_Textbox' is visible

2018-07-18 13:18:21 - [MESSAGE][PASSED] - Object 'Object Repository/OMVA_Login_Page/Username_Textbox' is visible

2018-07-18 13:18:21 - [TEST_STEP][PASSED] - sendKeys: Keys 'SuperAdmin' sent to object: 'Object Repository/OMVA_Login_Page/Username_Textbox'

2018-07-18 13:18:21 - [MESSAGE][PASSED] - Keys 'SuperAdmin' sent to object: 'Object Repository/OMVA_Login_Page/Username_Textbox'

2018-07-18 13:18:21 - [TEST_STEP][PASSED] - click: Object: 'Object Repository/OMVA_Login_Page/Next_Button' is clicked on

2018-07-18 13:18:21 - [MESSAGE][PASSED] - Object: 'Object Repository/OMVA_Login_Page/Next_Button' is clicked on

2018-07-18 13:18:21 - [TEST_STEP][PASSED] - waitForElementVisible: Object 'Object Repository/OMVA_Login_Page/Password_Textbox' is visible

2018-07-18 13:18:22 - [MESSAGE][PASSED] - Object 'Object Repository/OMVA_Login_Page/Password_Textbox' is visible

2018-07-18 13:18:22 - [TEST_STEP][PASSED] - sendKeys: Keys 'SuperAdmin' sent to object: 'Object Repository/OMVA_Login_Page/Password_Textbox'

2018-07-18 13:18:22 - [MESSAGE][PASSED] - Keys 'SuperAdmin' sent to object: 'Object Repository/OMVA_Login_Page/Password_Textbox'

2018-07-18 13:18:22 - [TEST_STEP][PASSED] - click: Object: 'Object Repository/OMVA_Login_Page/Signin_Button' is clicked on

2018-07-18 13:18:22 - [MESSAGE][PASSED] - Object: 'Object Repository/OMVA_Login_Page/Signin_Button' is clicked on

2018-07-18 13:18:22 - [TEST_STEP][PASSED] - waitForPageLoad: Wait for page load successfully

2018-07-18 13:18:22 - [MESSAGE][PASSED] - Wait for page load successfully

2018-07-18 13:18:22 - [TEST_STEP][PASSED] - delay: Delayed 5 second(s)

2018-07-18 13:18:27 - [MESSAGE][PASSED] - Delayed 5 second(s)

2018-07-18 13:18:27 - [TEST_STEP][PASSED] - waitForElementPresent: Object 'Object Repository/OMVA_Landing_Page/CreateUser_Button' is present

2018-07-18 13:18:27 - [MESSAGE][PASSED] - Object 'Object Repository/OMVA_Landing_Page/CreateUser_Button' is present

2018-07-18 13:18:27 - [TEST_STEP][PASSED] - click: Object: 'Object Repository/OMVA_Landing_Page/CreateUser_Button' is clicked on

2018-07-18 13:18:28 - [MESSAGE][PASSED] - Object: 'Object Repository/OMVA_Landing_Page/CreateUser_Button' is clicked on

2018-07-18 13:18:28 - [TEST_STEP][PASSED] - delay: Delayed 3 second(s)

2018-07-18 13:18:31 - [MESSAGE][PASSED] - Delayed 3 second(s)

2018-07-18 13:18:31 - [TEST_STEP][PASSED] - waitForElementPresent: Object 'Object Repository/OMVA_UserManagement_Page/Role_Dropdown' is present

2018-07-18 13:18:31 - [MESSAGE][PASSED] - Object 'Object Repository/OMVA_UserManagement_Page/Role_Dropdown' is present

2018-07-18 13:18:31 - [TEST_STEP][PASSED] - Statement - If (true): null

2018-07-18 13:18:31 - [TEST_STEP][PASSED] - click: Object: 'Object Repository/OMVA_UserManagement_Page/Role_Dropdown' is clicked on

2018-07-18 13:18:31 - [MESSAGE][PASSED] - Object: 'Object Repository/OMVA_UserManagement_Page/Role_Dropdown' is clicked on

2018-07-18 13:18:31 - [TEST_STEP][PASSED] - Statement - assert true: null

2018-07-18 13:18:31 - [TEST_STEP][PASSED] - scrollToElement: Scroll to object 'Object Repository/OMVA_UserManagement_Page/DropdownOption_RoleDropdown_Market Admin' successfully

2018-07-18 13:18:31 - [MESSAGE][WARNING] - Timeout '0' is invalid. Using default page load timeout: '15'

2018-07-18 13:18:31 - [MESSAGE][PASSED] - Scroll to object 'Object Repository/OMVA_UserManagement_Page/DropdownOption_RoleDropdown_Market Admin' successfully

2018-07-18 13:18:31 - [TEST_STEP][PASSED] - click: Object: 'Object Repository/OMVA_UserManagement_Page/DropdownOption_RoleDropdown_Market Admin' is clicked on

2018-07-18 13:18:31 - [MESSAGE][PASSED] - Object: 'Object Repository/OMVA_UserManagement_Page/DropdownOption_RoleDropdown_Market Admin' is clicked on

2018-07-18 13:18:31 - [TEST_STEP][PASSED] - Statement - username = CustomKeywords.commonLibrary.commonFunctions.randomStringFunction("abcdefghijklmnopqrstuvwxyz", 6): commonLibrary.commonFunctions.randomStringFunction is PASSED

2018-07-18 13:18:31 - [MESSAGE][PASSED] - commonLibrary.commonFunctions.randomStringFunction is PASSED

2018-07-18 13:18:31 - [TEST_STEP][PASSED] - Statement - uname = username.toString(): null

2018-07-18 13:18:31 - [TEST_STEP][PASSED] - sendKeys: Keys 'thtytj' sent to object: 'Object Repository/OMVA_UserManagement_Page/UserName_Textbox'

2018-07-18 13:18:31 - [MESSAGE][PASSED] - Keys 'thtytj' sent to object: 'Object Repository/OMVA_UserManagement_Page/UserName_Textbox'

2018-07-18 13:18:31 - [TEST_STEP][PASSED] - Statement - emailidprefix = CustomKeywords.commonLibrary.commonFunctions.randomStringFunction("abcdefghijklmnopqrstuvwxyz", 9): commonLibrary.commonFunctions.randomStringFunction is PASSED

2018-07-18 13:18:31 - [MESSAGE][PASSED] - commonLibrary.commonFunctions.randomStringFunction is PASSED

2018-07-18 13:18:31 - [TEST_STEP][PASSED] - sendKeys: Keys 'ptbkfhzzr@autotestpg.com' sent to object: 'Object Repository/OMVA_UserManagement_Page/EmailID_Textbox'

2018-07-18 13:18:32 - [MESSAGE][PASSED] - Keys 'ptbkfhzzr@autotestpg.com' sent to object: 'Object Repository/OMVA_UserManagement_Page/EmailID_Textbox'

2018-07-18 13:18:32 - [TEST_STEP][PASSED] - Statement - EmailId = emailidprefix.toString(): null

2018-07-18 13:18:32 - [TEST_STEP][PASSED] - Statement - firstname = CustomKeywords.commonLibrary.commonFunctions.randomStringFunction("abcdefghijklmnopqrstuvwxyz", 7): commonLibrary.commonFunctions.randomStringFunction is PASSED

2018-07-18 13:18:32 - [MESSAGE][PASSED] - commonLibrary.commonFunctions.randomStringFunction is PASSED

2018-07-18 13:18:32 - [TEST_STEP][PASSED] - sendKeys: Keys 'ijisbzo' sent to object: 'Object Repository/OMVA_UserManagement_Page/FirstName_Textbox'

2018-07-18 13:18:32 - [MESSAGE][PASSED] - Keys 'ijisbzo' sent to object: 'Object Repository/OMVA_UserManagement_Page/FirstName_Textbox'

2018-07-18 13:18:32 - [TEST_STEP][PASSED] - Statement - lastname = CustomKeywords.commonLibrary.commonFunctions.randomStringFunction("abcdefghijklmnopqrstuvwxyz", 7): commonLibrary.commonFunctions.randomStringFunction is PASSED

2018-07-18 13:18:32 - [MESSAGE][PASSED] - commonLibrary.commonFunctions.randomStringFunction is PASSED

2018-07-18 13:18:32 - [TEST_STEP][PASSED] - sendKeys: Keys 'daiyutu' sent to object: 'Object Repository/OMVA_UserManagement_Page/LastName_Textbox'

2018-07-18 13:18:32 - [MESSAGE][PASSED] - Keys 'daiyutu' sent to object: 'Object Repository/OMVA_UserManagement_Page/LastName_Textbox'

2018-07-18 13:18:32 - [TEST_STEP][PASSED] - Statement - ticketnum = CustomKeywords.commonLibrary.commonFunctions.randomStringFunction("123456789", 7): commonLibrary.commonFunctions.randomStringFunction is PASSED

2018-07-18 13:18:32 - [MESSAGE][PASSED] - commonLibrary.commonFunctions.randomStringFunction is PASSED

2018-07-18 13:18:32 - [TEST_STEP][PASSED] - sendKeys: Keys '9599299' sent to object: 'Object Repository/OMVA_UserManagement_Page/TicketNumber_Textbox'

2018-07-18 13:18:32 - [MESSAGE][PASSED] - Keys '9599299' sent to object: 'Object Repository/OMVA_UserManagement_Page/TicketNumber_Textbox'

2018-07-18 13:18:32 - [TEST_STEP][PASSED] - click: Object: 'Object Repository/OMVA_UserManagement_Page/Next_Button' is clicked on

2018-07-18 13:18:32 - [MESSAGE][PASSED] - Object: 'Object Repository/OMVA_UserManagement_Page/Next_Button' is clicked on

2018-07-18 13:18:32 - [TEST_STEP][PASSED] - applicationLibrary.checkboxMultiselection.multiselectCheckbox: applicationLibrary.checkboxMultiselection.multiselectCheckbox is PASSED

2018-07-18 13:18:34 - [MESSAGE][PASSED] - applicationLibrary.checkboxMultiselection.multiselectCheckbox is PASSED

2018-07-18 13:18:34 - [TEST_STEP][PASSED] - scrollToElement: Scroll to object 'Object Repository/OMVA_UserManagement_Page/Customer_Next_Btn' successfully

2018-07-18 13:18:35 - [MESSAGE][PASSED] - Scroll to object 'Object Repository/OMVA_UserManagement_Page/Customer_Next_Btn' successfully

2018-07-18 13:18:35 - [TEST_STEP][PASSED] - click: Object: 'Object Repository/OMVA_UserManagement_Page/Customer_Next_Btn' is clicked on

2018-07-18 13:18:35 - [MESSAGE][PASSED] - Object: 'Object Repository/OMVA_UserManagement_Page/Customer_Next_Btn' is clicked on

2018-07-18 13:18:35 - [TEST_STEP][PASSED] - applicationLibrary.checkboxMultiselection.multiselectCheckbox: applicationLibrary.checkboxMultiselection.multiselectCheckbox is PASSED

2018-07-18 13:18:37 - [MESSAGE][PASSED] - applicationLibrary.checkboxMultiselection.multiselectCheckbox is PASSED

2018-07-18 13:18:37 - [TEST_STEP][PASSED] - click: Object: 'Object Repository/OMVA_UserManagement_Page/UserCreation_Save_Btn' is clicked on

2018-07-18 13:18:37 - [MESSAGE][PASSED] - Object: 'Object Repository/OMVA_UserManagement_Page/UserCreation_Save_Btn' is clicked on

2018-07-18 13:18:37 - [TEST_STEP][PASSED] - waitForElementPresent: Object 'Object Repository/OMVA_UserManagement_Page/UserCreation_HeaderTxt' is present

2018-07-18 13:18:38 - [MESSAGE][PASSED] - Object 'Object Repository/OMVA_UserManagement_Page/UserCreation_HeaderTxt' is present

2018-07-18 13:18:38 - [TEST_STEP][PASSED] - verifyElementText: Actual text and expected text of test object 'Object Repository/OMVA_UserManagement_Page/UserCreation_HeaderTxt' are matched.

2018-07-18 13:18:38 - [MESSAGE][PASSED] - Actual text and expected text of test object 'Object Repository/OMVA_UserManagement_Page/UserCreation_HeaderTxt' are matched.

2018-07-18 13:18:38 - [TEST_STEP][PASSED] - verifyElementText: Actual text and expected text of test object 'Object Repository/OMVA_UserManagement_Page/UserCreation_ContentTxt' are matched.

2018-07-18 13:18:38 - [MESSAGE][PASSED] - Actual text and expected text of test object 'Object Repository/OMVA_UserManagement_Page/UserCreation_ContentTxt' are matched.

2018-07-18 13:18:38 - [TEST_STEP][PASSED] - delay: Delayed 5 second(s)

2018-07-18 13:18:43 - [MESSAGE][PASSED] - Delayed 5 second(s)

2018-07-18 13:18:43 - [TEST_STEP][PASSED] - waitForElementVisible: Object 'Object Repository/OMVA_EditUser_Page/EditUser_OkPopupButton' is visible

2018-07-18 13:18:43 - [MESSAGE][PASSED] - Object 'Object Repository/OMVA_EditUser_Page/EditUser_OkPopupButton' is visible

2018-07-18 13:18:43 - [TEST_STEP][PASSED] - click: Object: 'Object Repository/OMVA_EditUser_Page/EditUser_OkPopupButton' is clicked on

2018-07-18 13:18:43 - [MESSAGE][PASSED] - Object: 'Object Repository/OMVA_EditUser_Page/EditUser_OkPopupButton' is clicked on

2018-07-18 13:18:43 - [TEST_STEP][PASSED] - delay: Delayed 5 second(s)

2018-07-18 13:18:48 - [MESSAGE][PASSED] - Delayed 5 second(s)

2018-07-18 13:18:48 - [TEST_STEP][PASSED] - waitForElementVisible: Object 'Object Repository/OMVA_UserManagement_Page/Search_button' is visible

2018-07-18 13:18:48 - [MESSAGE][PASSED] - Object 'Object Repository/OMVA_UserManagement_Page/Search_button' is visible

2018-07-18 13:18:48 - [TEST_STEP][PASSED] - click: Object: 'Object Repository/OMVA_UserManagement_Page/Search_button' is clicked on

2018-07-18 13:18:49 - [MESSAGE][PASSED] - Object: 'Object Repository/OMVA_UserManagement_Page/Search_button' is clicked on

2018-07-18 13:18:49 - [TEST_STEP][PASSED] - waitForElementVisible: Object 'Object Repository/OMVA_UserManagement_Page/Enter_Text_Search' is visible

2018-07-18 13:18:49 - [MESSAGE][PASSED] - Object 'Object Repository/OMVA_UserManagement_Page/Enter_Text_Search' is visible

2018-07-18 13:18:49 - [TEST_STEP][PASSED] - sendKeys: Keys 'ptbkfhzzr' sent to object: 'Object Repository/OMVA_UserManagement_Page/Enter_Text_Search'

2018-07-18 13:18:49 - [MESSAGE][PASSED] - Keys 'ptbkfhzzr' sent to object: 'Object Repository/OMVA_UserManagement_Page/Enter_Text_Search'

2018-07-18 13:18:49 - [TEST_STEP][PASSED] - delay: Delayed 4 second(s)

2018-07-18 13:18:53 - [MESSAGE][PASSED] - Delayed 4 second(s)

2018-07-18 13:18:53 - [TEST_STEP][PASSED] - waitForElementVisible: Object 'Object Repository/OMVA_Landing_Page/Email_grid' is visible

2018-07-18 13:18:53 - [MESSAGE][PASSED] - Object 'Object Repository/OMVA_Landing_Page/Email_grid' is visible

2018-07-18 13:18:53 - [TEST_STEP][PASSED] - Statement - emailNameText = com.kms.katalon.core.webui.keyword.WebUiBuiltInKeywords.getText(com.kms.katalon.core.testobject.ObjectRepository.findTestObject(OMVA_Landing_Page/Email_grid)): Text of object 'Object Repository/OMVA_Landing_Page/Email_grid' is: 'ptbkfhzzr@autotestpg.com'

2018-07-18 13:18:53 - [MESSAGE][PASSED] - Text of object 'Object Repository/OMVA_Landing_Page/Email_grid' is: 'ptbkfhzzr@autotestpg.com'

2018-07-18 13:18:53 - [TEST_STEP][PASSED] - verifyMatch: Actual text 'ptbkfhzzr@autotestpg.com' and expected text 'ptbkfhzzr@autotestpg.com' are matched 

2018-07-18 13:18:53 - [MESSAGE][PASSED] - Actual text 'ptbkfhzzr@autotestpg.com' and expected text 'ptbkfhzzr@autotestpg.com' are matched 

2018-07-18 13:18:53 - [TEST_STEP][PASSED] - dataBaseConnection.dataBase.connectDB: dataBaseConnection.dataBase.connectDB is PASSED

2018-07-18 13:18:54 - [MESSAGE][PASSED] - dataBaseConnection.dataBase.connectDB is PASSED

2018-07-18 13:18:54 - [TEST_STEP][PASSED] - dataBaseConnection.dataBase.executeQuery: dataBaseConnection.dataBase.executeQuery is PASSED

2018-07-18 13:18:54 - [MESSAGE][PASSED] - dataBaseConnection.dataBase.executeQuery is PASSED

2018-07-18 13:18:54 - [TEST_STEP][PASSED] - dataBaseConnection.dataBase.closeDatabaseConnection: dataBaseConnection.dataBase.closeDatabaseConnection is PASSED

2018-07-18 13:18:54 - [MESSAGE][PASSED] - dataBaseConnection.dataBase.closeDatabaseConnection is PASSED

2018-07-18 13:18:54 - [TEST_STEP][PASSED] - callTestCase: Call Test Case 'Test Cases/CommonTestcases/Logout_Closebrowser' successfully

2018-07-18 13:18:54 - [TEST_CASE][PASSED] - Test Cases/CommonTestcases/Logout_Closebrowser: Test Cases/CommonTestcases/Logout_Closebrowser

2018-07-18 13:18:54 - [TEST_STEP][PASSED] - waitForElementPresent: Object 'Object Repository/OMVA_Landing_Page/User_icon' is present

2018-07-18 13:18:54 - [MESSAGE][PASSED] - Object 'Object Repository/OMVA_Landing_Page/User_icon' is present

2018-07-18 13:18:54 - [TEST_STEP][PASSED] - click: Object: 'Object Repository/OMVA_Landing_Page/User_icon' is clicked on

2018-07-18 13:18:54 - [MESSAGE][PASSED] - Object: 'Object Repository/OMVA_Landing_Page/User_icon' is clicked on

2018-07-18 13:18:54 - [TEST_STEP][PASSED] - waitForElementPresent: Object 'Object Repository/OMVA_Landing_Page/Logout_link' is present

2018-07-18 13:18:54 - [MESSAGE][PASSED] - Object 'Object Repository/OMVA_Landing_Page/Logout_link' is present

2018-07-18 13:18:54 - [TEST_STEP][PASSED] - click: Object: 'Object Repository/OMVA_Landing_Page/Logout_link' is clicked on

2018-07-18 13:18:54 - [MESSAGE][PASSED] - Object: 'Object Repository/OMVA_Landing_Page/Logout_link' is clicked on

2018-07-18 13:18:54 - [TEST_STEP][PASSED] - waitForElementNotPresent: Web element with id: 'Object Repository/OMVA_Landing_Page/User_icon' located by 'By.xpath: //img[@id='dropdown']' is not present after '15' second(s)

2018-07-18 13:18:54 - [MESSAGE][WARNING] - Timeout '0' is invalid. Using default page load timeout: '15'

2018-07-18 13:18:55 - [MESSAGE][PASSED] - Web element with id: 'Object Repository/OMVA_Landing_Page/User_icon' located by 'By.xpath: //img[@id='dropdown']' is not present after '15' second(s)

2018-07-18 13:18:55 - [TEST_STEP][PASSED] - closeBrowser: Browser is closed

2018-07-18 13:18:55 - [MESSAGE][PASSED] - Browser is closed

2018-07-18 13:18:55 - [MESSAGE][PASSED] - Call Test Case 'Test Cases/CommonTestcases/Logout_Closebrowser' successfully]]></system-out>
         <system-err><![CDATA[]]></system-err>
      </testcase>
      <testcase name="Test Cases/UserManagementTestCases/UserActions/Validate_RoleBasedOnFilter" classname="Test Cases/UserManagementTestCases/UserActions/Validate_RoleBasedOnFilter" status="PASSED">
         <system-out><![CDATA[2018-07-18 13:18:55 - [TEST_CASE][PASSED] - Test Cases/UserManagementTestCases/UserActions/Validate_RoleBasedOnFilter: Test Cases/UserManagementTestCases/UserActions/Validate_RoleBasedOnFilter

2018-07-18 13:18:56 - [TEST_STEP][PASSED] - callTestCase: Call Test Case 'Test Cases/CommonTestcases/OpenBrowserandNavigateToQAURL' successfully

2018-07-18 13:18:56 - [TEST_CASE][PASSED] - Test Cases/CommonTestcases/OpenBrowserandNavigateToQAURL: Test Cases/CommonTestcases/OpenBrowserandNavigateToQAURL

2018-07-18 13:18:56 - [TEST_STEP][PASSED] - openBrowser: Browser is opened with url: ''

2018-07-18 13:18:58 - [MESSAGE][PASSED] - Browser is opened with url: ''

2018-07-18 13:18:58 - [TEST_STEP][PASSED] - navigateToUrl: Navigate to 'https://coa-demo-env.azurewebsites.net/da/index.html#/login' successfully

2018-07-18 13:19:09 - [MESSAGE][PASSED] - Navigate to 'https://coa-demo-env.azurewebsites.net/da/index.html#/login' successfully

2018-07-18 13:19:09 - [TEST_STEP][PASSED] - maximizeWindow: Current window maximized

2018-07-18 13:19:10 - [MESSAGE][PASSED] - Current window maximized

2018-07-18 13:19:10 - [MESSAGE][PASSED] - Call Test Case 'Test Cases/CommonTestcases/OpenBrowserandNavigateToQAURL' successfully

2018-07-18 13:19:10 - [TEST_STEP][PASSED] - waitForElementPresent: Object 'Object Repository/OMVA_Login_Page/Username_Textbox' is present

2018-07-18 13:19:10 - [MESSAGE][PASSED] - Object 'Object Repository/OMVA_Login_Page/Username_Textbox' is present

2018-07-18 13:19:10 - [TEST_STEP][PASSED] - sendKeys: Keys 'SuperAdmin' sent to object: 'Object Repository/OMVA_Login_Page/Username_Textbox'

2018-07-18 13:19:11 - [MESSAGE][PASSED] - Keys 'SuperAdmin' sent to object: 'Object Repository/OMVA_Login_Page/Username_Textbox'

2018-07-18 13:19:11 - [TEST_STEP][PASSED] - click: Object: 'Object Repository/OMVA_Login_Page/Next_Button' is clicked on

2018-07-18 13:19:11 - [MESSAGE][PASSED] - Object: 'Object Repository/OMVA_Login_Page/Next_Button' is clicked on

2018-07-18 13:19:11 - [TEST_STEP][PASSED] - waitForElementVisible: Object 'Object Repository/OMVA_Login_Page/Password_Textbox' is visible

2018-07-18 13:19:11 - [MESSAGE][PASSED] - Object 'Object Repository/OMVA_Login_Page/Password_Textbox' is visible

2018-07-18 13:19:11 - [TEST_STEP][PASSED] - sendKeys: Keys 'SuperAdmin' sent to object: 'Object Repository/OMVA_Login_Page/Password_Textbox'

2018-07-18 13:19:12 - [MESSAGE][PASSED] - Keys 'SuperAdmin' sent to object: 'Object Repository/OMVA_Login_Page/Password_Textbox'

2018-07-18 13:19:12 - [TEST_STEP][PASSED] - click: Object: 'Object Repository/OMVA_Login_Page/Signin_Button' is clicked on

2018-07-18 13:19:12 - [MESSAGE][PASSED] - Object: 'Object Repository/OMVA_Login_Page/Signin_Button' is clicked on

2018-07-18 13:19:12 - [TEST_STEP][PASSED] - waitForAngularLoad: This page doesn't use Angular.

2018-07-18 13:19:12 - [MESSAGE][WARNING] - This page doesn't use Angular.

2018-07-18 13:19:12 - [TEST_STEP][PASSED] - delay: Delayed 4 second(s)

2018-07-18 13:19:16 - [MESSAGE][PASSED] - Delayed 4 second(s)

2018-07-18 13:19:16 - [TEST_STEP][PASSED] - waitForElementVisible: Object 'Object Repository/OMVA_Landing_Page/Filter_Icon' is visible

2018-07-18 13:19:16 - [MESSAGE][PASSED] - Object 'Object Repository/OMVA_Landing_Page/Filter_Icon' is visible

2018-07-18 13:19:16 - [TEST_STEP][PASSED] - Statement - assert true: null

2018-07-18 13:19:16 - [TEST_STEP][PASSED] - click: Object: 'Object Repository/OMVA_Landing_Page/Filter_Icon' is clicked on

2018-07-18 13:19:16 - [MESSAGE][PASSED] - Object: 'Object Repository/OMVA_Landing_Page/Filter_Icon' is clicked on

2018-07-18 13:19:16 - [TEST_STEP][PASSED] - waitForElementVisible: Object 'Object Repository/OMVA_AdvancedFilter_Page/chkbox_MarketAdminAdvancedFilter' is visible

2018-07-18 13:19:17 - [MESSAGE][PASSED] - Object 'Object Repository/OMVA_AdvancedFilter_Page/chkbox_MarketAdminAdvancedFilter' is visible

2018-07-18 13:19:17 - [TEST_STEP][PASSED] - click: Object: 'Object Repository/OMVA_AdvancedFilter_Page/chkbox_MarketAdminAdvancedFilter' is clicked on

2018-07-18 13:19:17 - [MESSAGE][PASSED] - Object: 'Object Repository/OMVA_AdvancedFilter_Page/chkbox_MarketAdminAdvancedFilter' is clicked on

2018-07-18 13:19:17 - [TEST_STEP][PASSED] - waitForElementVisible: Object 'Object Repository/OMVA_AdvancedFilter_Page/ApplyButton' is visible

2018-07-18 13:19:17 - [MESSAGE][PASSED] - Object 'Object Repository/OMVA_AdvancedFilter_Page/ApplyButton' is visible

2018-07-18 13:19:17 - [TEST_STEP][PASSED] - click: Object: 'Object Repository/OMVA_AdvancedFilter_Page/ApplyButton' is clicked on

2018-07-18 13:19:17 - [MESSAGE][PASSED] - Object: 'Object Repository/OMVA_AdvancedFilter_Page/ApplyButton' is clicked on

2018-07-18 13:19:17 - [TEST_STEP][PASSED] - waitForElementVisible: Object 'Object Repository/OMVA_Landing_Page/MarketAdmin_Role' is visible

2018-07-18 13:19:17 - [MESSAGE][PASSED] - Object 'Object Repository/OMVA_Landing_Page/MarketAdmin_Role' is visible

2018-07-18 13:19:17 - [TEST_STEP][PASSED] - Statement - marketAdmin = com.kms.katalon.core.webui.keyword.WebUiBuiltInKeywords.getText(com.kms.katalon.core.testobject.ObjectRepository.findTestObject(OMVA_Landing_Page/MarketAdmin_Role)): Text of object 'Object Repository/OMVA_Landing_Page/MarketAdmin_Role' is: 'Market Admin'

2018-07-18 13:19:17 - [MESSAGE][PASSED] - Text of object 'Object Repository/OMVA_Landing_Page/MarketAdmin_Role' is: 'Market Admin'

2018-07-18 13:19:17 - [TEST_STEP][PASSED] - verifyMatch: Actual text 'Market Admin' and expected text 'Market Admin' are matched 

2018-07-18 13:19:17 - [MESSAGE][PASSED] - Actual text 'Market Admin' and expected text 'Market Admin' are matched 

2018-07-18 13:19:17 - [TEST_STEP][PASSED] - closeBrowser: Browser is closed

2018-07-18 13:19:18 - [MESSAGE][PASSED] - Browser is closed]]></system-out>
         <system-err><![CDATA[]]></system-err>
      </testcase>
      <testcase name="Test Cases/UserManagementTestCases/UserActions/VerifyErrorMessageDialogBox" classname="Test Cases/UserManagementTestCases/UserActions/VerifyErrorMessageDialogBox" status="FAILED">
         <failure type="FAILED" message="Unable to send keys 'SuperAdmin' to object 'Object Repository/OMVA_Login_Page/Username_Textbox' (Root cause: com.kms.katalon.core.webui.exception.WebElementNotFoundException: Web element with id: 'Object Repository/OMVA_Login_Page/Username_Textbox' located by 'By.xpath: //input[@id = 'userName' and @name = 'userName' and @type = 'text']' not found)"/>
         <system-out><![CDATA[2018-07-18 13:19:18 - [TEST_CASE][FAILED] - Test Cases/UserManagementTestCases/UserActions/VerifyErrorMessageDialogBox: Test Cases/UserManagementTestCases/UserActions/VerifyErrorMessageDialogBox FAILED because (of) Unable to send keys 'SuperAdmin' to object 'Object Repository/OMVA_Login_Page/Username_Textbox' (Root cause: com.kms.katalon.core.webui.exception.WebElementNotFoundException: Web element with id: 'Object Repository/OMVA_Login_Page/Username_Textbox' located by 'By.xpath: //input[@id = 'userName' and @name = 'userName' and @type = 'text']' not found)

2018-07-18 13:19:18 - [TEST_STEP][PASSED] - callTestCase: Call Test Case 'Test Cases/CommonTestcases/OpenBrowserandNavigateToQAURL' successfully

2018-07-18 13:19:18 - [TEST_CASE][PASSED] - Test Cases/CommonTestcases/OpenBrowserandNavigateToQAURL: Test Cases/CommonTestcases/OpenBrowserandNavigateToQAURL

2018-07-18 13:19:18 - [TEST_STEP][PASSED] - openBrowser: Browser is opened with url: ''

2018-07-18 13:19:21 - [MESSAGE][PASSED] - Browser is opened with url: ''

2018-07-18 13:19:21 - [TEST_STEP][PASSED] - navigateToUrl: Navigate to 'https://coa-demo-env.azurewebsites.net/da/index.html#/login' successfully

2018-07-18 13:19:23 - [MESSAGE][PASSED] - Navigate to 'https://coa-demo-env.azurewebsites.net/da/index.html#/login' successfully

2018-07-18 13:19:23 - [TEST_STEP][PASSED] - maximizeWindow: Current window maximized

2018-07-18 13:19:24 - [MESSAGE][PASSED] - Current window maximized

2018-07-18 13:19:24 - [MESSAGE][PASSED] - Call Test Case 'Test Cases/CommonTestcases/OpenBrowserandNavigateToQAURL' successfully

2018-07-18 13:19:24 - [TEST_STEP][PASSED] - waitForElementVisible: Web element with id: 'Object Repository/OMVA_Login_Page/Username_Textbox' located by 'By.xpath: //input[@id = 'userName' and @name = 'userName' and @type = 'text']' not found

2018-07-18 13:19:35 - [MESSAGE][WARNING] - Web element with id: 'Object Repository/OMVA_Login_Page/Username_Textbox' located by 'By.xpath: //input[@id = 'userName' and @name = 'userName' and @type = 'text']' not found

2018-07-18 13:19:35 - [TEST_STEP][FAILED] - sendKeys: Unable to send keys 'SuperAdmin' to object 'Object Repository/OMVA_Login_Page/Username_Textbox' (Root cause: com.kms.katalon.core.webui.exception.WebElementNotFoundException: Web element with id: 'Object Repository/OMVA_Login_Page/Username_Textbox' located by 'By.xpath: //input[@id = 'userName' and @name = 'userName' and @type = 'text']' not found)

2018-07-18 13:19:52 - [MESSAGE][FAILED] - Unable to send keys 'SuperAdmin' to object 'Object Repository/OMVA_Login_Page/Username_Textbox' (Root cause: com.kms.katalon.core.webui.exception.WebElementNotFoundException: Web element with id: 'Object Repository/OMVA_Login_Page/Username_Textbox' located by 'By.xpath: //input[@id = 'userName' and @name = 'userName' and @type = 'text']' not found)
[[ATTACHMENT|D:\\P&G New\\Automation-P&G-Code-Base\\OMVA\\Reports\\UserManagementTestSuite\\20180718_130501\\1531900191864.png]]]]></system-out>
         <system-err><![CDATA[2018-07-18 13:19:18 - [TEST_CASE][FAILED] - Test Cases/UserManagementTestCases/UserActions/VerifyErrorMessageDialogBox: Test Cases/UserManagementTestCases/UserActions/VerifyErrorMessageDialogBox FAILED because (of) Unable to send keys 'SuperAdmin' to object 'Object Repository/OMVA_Login_Page/Username_Textbox' (Root cause: com.kms.katalon.core.webui.exception.WebElementNotFoundException: Web element with id: 'Object Repository/OMVA_Login_Page/Username_Textbox' located by 'By.xpath: //input[@id = 'userName' and @name = 'userName' and @type = 'text']' not found)]]></system-err>
      </testcase>
      <testcase name="Test Cases/UserManagementTestCases/UserActions/Validate_Cancel_Of_CreateUsers" classname="Test Cases/UserManagementTestCases/UserActions/Validate_Cancel_Of_CreateUsers" status="PASSED">
         <system-out><![CDATA[2018-07-18 13:19:52 - [TEST_CASE][PASSED] - Test Cases/UserManagementTestCases/UserActions/Validate_Cancel_Of_CreateUsers: Test Cases/UserManagementTestCases/UserActions/Validate_Cancel_Of_CreateUsers

2018-07-18 13:19:52 - [TEST_STEP][PASSED] - callTestCase: Call Test Case 'Test Cases/CommonTestcases/OpenBrowserandNavigateToQAURL' successfully

2018-07-18 13:19:52 - [TEST_CASE][PASSED] - Test Cases/CommonTestcases/OpenBrowserandNavigateToQAURL: Test Cases/CommonTestcases/OpenBrowserandNavigateToQAURL

2018-07-18 13:19:52 - [TEST_STEP][PASSED] - openBrowser: Browser is opened with url: ''

2018-07-18 13:19:52 - [MESSAGE][WARNING] - A browser is already opened. Closing browser and opening a new one

2018-07-18 13:19:55 - [MESSAGE][PASSED] - Browser is opened with url: ''

2018-07-18 13:19:55 - [TEST_STEP][PASSED] - navigateToUrl: Navigate to 'https://coa-demo-env.azurewebsites.net/da/index.html#/login' successfully

2018-07-18 13:20:02 - [MESSAGE][PASSED] - Navigate to 'https://coa-demo-env.azurewebsites.net/da/index.html#/login' successfully

2018-07-18 13:20:02 - [TEST_STEP][PASSED] - maximizeWindow: Current window maximized

2018-07-18 13:20:03 - [MESSAGE][PASSED] - Current window maximized

2018-07-18 13:20:03 - [MESSAGE][PASSED] - Call Test Case 'Test Cases/CommonTestcases/OpenBrowserandNavigateToQAURL' successfully

2018-07-18 13:20:03 - [TEST_STEP][PASSED] - waitForElementVisible: Object 'Object Repository/OMVA_Login_Page/Username_Textbox' is visible

2018-07-18 13:20:03 - [MESSAGE][PASSED] - Object 'Object Repository/OMVA_Login_Page/Username_Textbox' is visible

2018-07-18 13:20:03 - [TEST_STEP][PASSED] - sendKeys: Keys 'SuperAdmin' sent to object: 'Object Repository/OMVA_Login_Page/Username_Textbox'

2018-07-18 13:20:03 - [MESSAGE][PASSED] - Keys 'SuperAdmin' sent to object: 'Object Repository/OMVA_Login_Page/Username_Textbox'

2018-07-18 13:20:03 - [TEST_STEP][PASSED] - click: Object: 'Object Repository/OMVA_Login_Page/Next_Button' is clicked on

2018-07-18 13:20:03 - [MESSAGE][PASSED] - Object: 'Object Repository/OMVA_Login_Page/Next_Button' is clicked on

2018-07-18 13:20:03 - [TEST_STEP][PASSED] - waitForElementVisible: Object 'Object Repository/OMVA_Login_Page/Password_Textbox' is visible

2018-07-18 13:20:04 - [MESSAGE][PASSED] - Object 'Object Repository/OMVA_Login_Page/Password_Textbox' is visible

2018-07-18 13:20:04 - [TEST_STEP][PASSED] - sendKeys: Keys 'SuperAdmin' sent to object: 'Object Repository/OMVA_Login_Page/Password_Textbox'

2018-07-18 13:20:04 - [MESSAGE][PASSED] - Keys 'SuperAdmin' sent to object: 'Object Repository/OMVA_Login_Page/Password_Textbox'

2018-07-18 13:20:04 - [TEST_STEP][PASSED] - click: Object: 'Object Repository/OMVA_Login_Page/Signin_Button' is clicked on

2018-07-18 13:20:04 - [MESSAGE][PASSED] - Object: 'Object Repository/OMVA_Login_Page/Signin_Button' is clicked on

2018-07-18 13:20:04 - [TEST_STEP][PASSED] - waitForPageLoad: Wait for page load successfully

2018-07-18 13:20:04 - [MESSAGE][PASSED] - Wait for page load successfully

2018-07-18 13:20:04 - [TEST_STEP][PASSED] - delay: Delayed 5 second(s)

2018-07-18 13:20:09 - [MESSAGE][PASSED] - Delayed 5 second(s)

2018-07-18 13:20:09 - [TEST_STEP][PASSED] - waitForElementPresent: Object 'Object Repository/OMVA_Landing_Page/CreateUser_Button' is present

2018-07-18 13:20:09 - [MESSAGE][PASSED] - Object 'Object Repository/OMVA_Landing_Page/CreateUser_Button' is present

2018-07-18 13:20:09 - [TEST_STEP][PASSED] - click: Object: 'Object Repository/OMVA_Landing_Page/CreateUser_Button' is clicked on

2018-07-18 13:20:10 - [MESSAGE][PASSED] - Object: 'Object Repository/OMVA_Landing_Page/CreateUser_Button' is clicked on

2018-07-18 13:20:10 - [TEST_STEP][PASSED] - delay: Delayed 3 second(s)

2018-07-18 13:20:13 - [MESSAGE][PASSED] - Delayed 3 second(s)

2018-07-18 13:20:13 - [TEST_STEP][PASSED] - waitForElementPresent: Object 'Object Repository/OMVA_UserManagement_Page/Role_Dropdown' is present

2018-07-18 13:20:13 - [MESSAGE][PASSED] - Object 'Object Repository/OMVA_UserManagement_Page/Role_Dropdown' is present

2018-07-18 13:20:13 - [TEST_STEP][PASSED] - Statement - If (true): null

2018-07-18 13:20:13 - [TEST_STEP][PASSED] - click: Object: 'Object Repository/OMVA_UserManagement_Page/Role_Dropdown' is clicked on

2018-07-18 13:20:13 - [MESSAGE][PASSED] - Object: 'Object Repository/OMVA_UserManagement_Page/Role_Dropdown' is clicked on

2018-07-18 13:20:13 - [TEST_STEP][PASSED] - Statement - assert true: null

2018-07-18 13:20:13 - [TEST_STEP][PASSED] - scrollToElement: Scroll to object 'Object Repository/OMVA_UserManagement_Page/DropdownOption_RoleDropdown_Market Admin' successfully

2018-07-18 13:20:13 - [MESSAGE][WARNING] - Timeout '0' is invalid. Using default page load timeout: '15'

2018-07-18 13:20:13 - [MESSAGE][PASSED] - Scroll to object 'Object Repository/OMVA_UserManagement_Page/DropdownOption_RoleDropdown_Market Admin' successfully

2018-07-18 13:20:13 - [TEST_STEP][PASSED] - click: Object: 'Object Repository/OMVA_UserManagement_Page/DropdownOption_RoleDropdown_Market Admin' is clicked on

2018-07-18 13:20:13 - [MESSAGE][PASSED] - Object: 'Object Repository/OMVA_UserManagement_Page/DropdownOption_RoleDropdown_Market Admin' is clicked on

2018-07-18 13:20:13 - [TEST_STEP][PASSED] - Statement - username = CustomKeywords.commonLibrary.commonFunctions.randomStringFunction("abcdefghijklmnopqrstuvwxyz", 6): commonLibrary.commonFunctions.randomStringFunction is PASSED

2018-07-18 13:20:13 - [MESSAGE][PASSED] - commonLibrary.commonFunctions.randomStringFunction is PASSED

2018-07-18 13:20:13 - [TEST_STEP][PASSED] - Statement - uname = username.toString(): null

2018-07-18 13:20:13 - [TEST_STEP][PASSED] - sendKeys: Keys 'fxfvch' sent to object: 'Object Repository/OMVA_UserManagement_Page/UserName_Textbox'

2018-07-18 13:20:13 - [MESSAGE][PASSED] - Keys 'fxfvch' sent to object: 'Object Repository/OMVA_UserManagement_Page/UserName_Textbox'

2018-07-18 13:20:13 - [TEST_STEP][PASSED] - Statement - emailidprefix = CustomKeywords.commonLibrary.commonFunctions.randomStringFunction("abcdefghijklmnopqrstuvwxyz", 9): commonLibrary.commonFunctions.randomStringFunction is PASSED

2018-07-18 13:20:13 - [MESSAGE][PASSED] - commonLibrary.commonFunctions.randomStringFunction is PASSED

2018-07-18 13:20:13 - [TEST_STEP][PASSED] - sendKeys: Keys 'dbkszjuws@autotestpg.com' sent to object: 'Object Repository/OMVA_UserManagement_Page/EmailID_Textbox'

2018-07-18 13:20:14 - [MESSAGE][PASSED] - Keys 'dbkszjuws@autotestpg.com' sent to object: 'Object Repository/OMVA_UserManagement_Page/EmailID_Textbox'

2018-07-18 13:20:14 - [TEST_STEP][PASSED] - Statement - firstname = CustomKeywords.commonLibrary.commonFunctions.randomStringFunction("abcdefghijklmnopqrstuvwxyz", 7): commonLibrary.commonFunctions.randomStringFunction is PASSED

2018-07-18 13:20:14 - [MESSAGE][PASSED] - commonLibrary.commonFunctions.randomStringFunction is PASSED

2018-07-18 13:20:14 - [TEST_STEP][PASSED] - sendKeys: Keys 'buczerx' sent to object: 'Object Repository/OMVA_UserManagement_Page/FirstName_Textbox'

2018-07-18 13:20:14 - [MESSAGE][PASSED] - Keys 'buczerx' sent to object: 'Object Repository/OMVA_UserManagement_Page/FirstName_Textbox'

2018-07-18 13:20:14 - [TEST_STEP][PASSED] - Statement - lastname = CustomKeywords.commonLibrary.commonFunctions.randomStringFunction("abcdefghijklmnopqrstuvwxyz", 7): commonLibrary.commonFunctions.randomStringFunction is PASSED

2018-07-18 13:20:14 - [MESSAGE][PASSED] - commonLibrary.commonFunctions.randomStringFunction is PASSED

2018-07-18 13:20:14 - [TEST_STEP][PASSED] - sendKeys: Keys 'rjnknsw' sent to object: 'Object Repository/OMVA_UserManagement_Page/LastName_Textbox'

2018-07-18 13:20:14 - [MESSAGE][PASSED] - Keys 'rjnknsw' sent to object: 'Object Repository/OMVA_UserManagement_Page/LastName_Textbox'

2018-07-18 13:20:14 - [TEST_STEP][PASSED] - Statement - ticketnum = CustomKeywords.commonLibrary.commonFunctions.randomStringFunction("123456789", 7): commonLibrary.commonFunctions.randomStringFunction is PASSED

2018-07-18 13:20:14 - [MESSAGE][PASSED] - commonLibrary.commonFunctions.randomStringFunction is PASSED

2018-07-18 13:20:14 - [TEST_STEP][PASSED] - sendKeys: Keys '8987155' sent to object: 'Object Repository/OMVA_UserManagement_Page/TicketNumber_Textbox'

2018-07-18 13:20:14 - [MESSAGE][PASSED] - Keys '8987155' sent to object: 'Object Repository/OMVA_UserManagement_Page/TicketNumber_Textbox'

2018-07-18 13:20:14 - [TEST_STEP][PASSED] - click: Object: 'Object Repository/OMVA_UserManagement_Page/Next_Button' is clicked on

2018-07-18 13:20:14 - [MESSAGE][PASSED] - Object: 'Object Repository/OMVA_UserManagement_Page/Next_Button' is clicked on

2018-07-18 13:20:14 - [TEST_STEP][PASSED] - applicationLibrary.checkboxMultiselection.multiselectCheckbox: applicationLibrary.checkboxMultiselection.multiselectCheckbox is PASSED

2018-07-18 13:20:17 - [MESSAGE][PASSED] - applicationLibrary.checkboxMultiselection.multiselectCheckbox is PASSED

2018-07-18 13:20:17 - [TEST_STEP][PASSED] - scrollToElement: Scroll to object 'Object Repository/OMVA_UserManagement_Page/Customer_Next_Btn' successfully

2018-07-18 13:20:17 - [MESSAGE][PASSED] - Scroll to object 'Object Repository/OMVA_UserManagement_Page/Customer_Next_Btn' successfully

2018-07-18 13:20:17 - [TEST_STEP][PASSED] - click: Object: 'Object Repository/OMVA_UserManagement_Page/Customer_Next_Btn' is clicked on

2018-07-18 13:20:17 - [MESSAGE][PASSED] - Object: 'Object Repository/OMVA_UserManagement_Page/Customer_Next_Btn' is clicked on

2018-07-18 13:20:17 - [TEST_STEP][PASSED] - click: Object: 'Object Repository/OMVA_UserManagement_Page/Cancel_button_ProductCategory' is clicked on

2018-07-18 13:20:17 - [MESSAGE][PASSED] - Object: 'Object Repository/OMVA_UserManagement_Page/Cancel_button_ProductCategory' is clicked on

2018-07-18 13:20:17 - [TEST_STEP][PASSED] - delay: Delayed 5 second(s)

2018-07-18 13:20:22 - [MESSAGE][PASSED] - Delayed 5 second(s)

2018-07-18 13:20:22 - [TEST_STEP][PASSED] - click: Object: 'Object Repository/OMVA_UserManagement_Page/OK_DiscardChanges' is clicked on

2018-07-18 13:20:22 - [MESSAGE][PASSED] - Object: 'Object Repository/OMVA_UserManagement_Page/OK_DiscardChanges' is clicked on

2018-07-18 13:20:22 - [TEST_STEP][PASSED] - closeBrowser: Browser is closed

2018-07-18 13:20:23 - [MESSAGE][PASSED] - Browser is closed]]></system-out>
         <system-err><![CDATA[]]></system-err>
      </testcase>
      <testcase name="Test Cases/UserManagementTestCases/UserActions/Validate_ModifyDataFromEdituser" classname="Test Cases/UserManagementTestCases/UserActions/Validate_ModifyDataFromEdituser" status="FAILED">
         <failure type="FAILED" message="Verify element text of test object 'Object Repository/OMVA_UserManagement_Page/UserCreation_HeaderTxt' FAILED. (Root cause: Actual text '' and expected text 'User Creation Successful!' of test object 'Object Repository/OMVA_UserManagement_Page/UserCreation_HeaderTxt' are NOT matched.)"/>
         <system-out><![CDATA[2018-07-18 13:20:23 - [TEST_CASE][FAILED] - Test Cases/UserManagementTestCases/UserActions/Validate_ModifyDataFromEdituser: Test Cases/UserManagementTestCases/UserActions/Validate_ModifyDataFromEdituser FAILED because (of) Verify element text of test object 'Object Repository/OMVA_UserManagement_Page/UserCreation_HeaderTxt' FAILED. (Root cause: Actual text '' and expected text 'User Creation Successful!' of test object 'Object Repository/OMVA_UserManagement_Page/UserCreation_HeaderTxt' are NOT matched.)

2018-07-18 13:20:23 - [TEST_STEP][PASSED] - callTestCase: Call Test Case 'Test Cases/CommonTestcases/OpenBrowserandNavigateToQAURL' successfully

2018-07-18 13:20:23 - [TEST_CASE][PASSED] - Test Cases/CommonTestcases/OpenBrowserandNavigateToQAURL: Test Cases/CommonTestcases/OpenBrowserandNavigateToQAURL

2018-07-18 13:20:23 - [TEST_STEP][PASSED] - openBrowser: Browser is opened with url: ''

2018-07-18 13:20:25 - [MESSAGE][PASSED] - Browser is opened with url: ''

2018-07-18 13:20:25 - [TEST_STEP][PASSED] - navigateToUrl: Navigate to 'https://coa-demo-env.azurewebsites.net/da/index.html#/login' successfully

2018-07-18 13:20:36 - [MESSAGE][PASSED] - Navigate to 'https://coa-demo-env.azurewebsites.net/da/index.html#/login' successfully

2018-07-18 13:20:36 - [TEST_STEP][PASSED] - maximizeWindow: Current window maximized

2018-07-18 13:20:37 - [MESSAGE][PASSED] - Current window maximized

2018-07-18 13:20:37 - [MESSAGE][PASSED] - Call Test Case 'Test Cases/CommonTestcases/OpenBrowserandNavigateToQAURL' successfully

2018-07-18 13:20:37 - [TEST_STEP][PASSED] - waitForElementVisible: Object 'Object Repository/OMVA_Login_Page/Username_Textbox' is visible

2018-07-18 13:20:37 - [MESSAGE][PASSED] - Object 'Object Repository/OMVA_Login_Page/Username_Textbox' is visible

2018-07-18 13:20:37 - [TEST_STEP][PASSED] - sendKeys: Keys 'SuperAdmin' sent to object: 'Object Repository/OMVA_Login_Page/Username_Textbox'

2018-07-18 13:20:37 - [MESSAGE][PASSED] - Keys 'SuperAdmin' sent to object: 'Object Repository/OMVA_Login_Page/Username_Textbox'

2018-07-18 13:20:37 - [TEST_STEP][PASSED] - click: Object: 'Object Repository/OMVA_Login_Page/Next_Button' is clicked on

2018-07-18 13:20:38 - [MESSAGE][PASSED] - Object: 'Object Repository/OMVA_Login_Page/Next_Button' is clicked on

2018-07-18 13:20:38 - [TEST_STEP][PASSED] - waitForElementVisible: Object 'Object Repository/OMVA_Login_Page/Password_Textbox' is visible

2018-07-18 13:20:38 - [MESSAGE][PASSED] - Object 'Object Repository/OMVA_Login_Page/Password_Textbox' is visible

2018-07-18 13:20:38 - [TEST_STEP][PASSED] - sendKeys: Keys 'SuperAdmin' sent to object: 'Object Repository/OMVA_Login_Page/Password_Textbox'

2018-07-18 13:20:38 - [MESSAGE][PASSED] - Keys 'SuperAdmin' sent to object: 'Object Repository/OMVA_Login_Page/Password_Textbox'

2018-07-18 13:20:38 - [TEST_STEP][PASSED] - click: Object: 'Object Repository/OMVA_Login_Page/Signin_Button' is clicked on

2018-07-18 13:20:39 - [MESSAGE][PASSED] - Object: 'Object Repository/OMVA_Login_Page/Signin_Button' is clicked on

2018-07-18 13:20:39 - [TEST_STEP][PASSED] - waitForPageLoad: Wait for page load successfully

2018-07-18 13:20:39 - [MESSAGE][PASSED] - Wait for page load successfully

2018-07-18 13:20:39 - [TEST_STEP][PASSED] - delay: Delayed 5 second(s)

2018-07-18 13:20:44 - [MESSAGE][PASSED] - Delayed 5 second(s)

2018-07-18 13:20:44 - [TEST_STEP][PASSED] - waitForElementPresent: Object 'Object Repository/OMVA_Landing_Page/CreateUser_Button' is present

2018-07-18 13:20:44 - [MESSAGE][PASSED] - Object 'Object Repository/OMVA_Landing_Page/CreateUser_Button' is present

2018-07-18 13:20:44 - [TEST_STEP][PASSED] - click: Object: 'Object Repository/OMVA_Landing_Page/CreateUser_Button' is clicked on

2018-07-18 13:20:44 - [MESSAGE][PASSED] - Object: 'Object Repository/OMVA_Landing_Page/CreateUser_Button' is clicked on

2018-07-18 13:20:44 - [TEST_STEP][PASSED] - delay: Delayed 3 second(s)

2018-07-18 13:20:47 - [MESSAGE][PASSED] - Delayed 3 second(s)

2018-07-18 13:20:47 - [TEST_STEP][PASSED] - waitForElementPresent: Object 'Object Repository/OMVA_UserManagement_Page/Role_Dropdown' is present

2018-07-18 13:20:47 - [MESSAGE][PASSED] - Object 'Object Repository/OMVA_UserManagement_Page/Role_Dropdown' is present

2018-07-18 13:20:47 - [TEST_STEP][PASSED] - Statement - If (true): null

2018-07-18 13:20:47 - [TEST_STEP][PASSED] - click: Object: 'Object Repository/OMVA_UserManagement_Page/Role_Dropdown' is clicked on

2018-07-18 13:20:47 - [MESSAGE][PASSED] - Object: 'Object Repository/OMVA_UserManagement_Page/Role_Dropdown' is clicked on

2018-07-18 13:20:47 - [TEST_STEP][PASSED] - Statement - assert true: null

2018-07-18 13:20:47 - [TEST_STEP][PASSED] - scrollToElement: Scroll to object 'Object Repository/OMVA_UserManagement_Page/DropdownOption_RoleDropdown_Market Admin' successfully

2018-07-18 13:20:47 - [MESSAGE][WARNING] - Timeout '0' is invalid. Using default page load timeout: '15'

2018-07-18 13:20:47 - [MESSAGE][PASSED] - Scroll to object 'Object Repository/OMVA_UserManagement_Page/DropdownOption_RoleDropdown_Market Admin' successfully

2018-07-18 13:20:47 - [TEST_STEP][PASSED] - click: Object: 'Object Repository/OMVA_UserManagement_Page/DropdownOption_RoleDropdown_Market Admin' is clicked on

2018-07-18 13:20:47 - [MESSAGE][PASSED] - Object: 'Object Repository/OMVA_UserManagement_Page/DropdownOption_RoleDropdown_Market Admin' is clicked on

2018-07-18 13:20:47 - [TEST_STEP][PASSED] - Statement - username = CustomKeywords.commonLibrary.commonFunctions.randomStringFunction("abcdefghijklmnopqrstuvwxyz", 6): commonLibrary.commonFunctions.randomStringFunction is PASSED

2018-07-18 13:20:47 - [MESSAGE][PASSED] - commonLibrary.commonFunctions.randomStringFunction is PASSED

2018-07-18 13:20:47 - [TEST_STEP][PASSED] - Statement - uname = username.toString(): null

2018-07-18 13:20:47 - [TEST_STEP][PASSED] - Statement - println(uname): null

2018-07-18 13:20:47 - [TEST_STEP][PASSED] - sendKeys: Keys 'gkjscy' sent to object: 'Object Repository/OMVA_UserManagement_Page/UserName_Textbox'

2018-07-18 13:20:48 - [MESSAGE][PASSED] - Keys 'gkjscy' sent to object: 'Object Repository/OMVA_UserManagement_Page/UserName_Textbox'

2018-07-18 13:20:48 - [TEST_STEP][PASSED] - Statement - emailidprefix = CustomKeywords.commonLibrary.commonFunctions.randomStringFunction("abcdefghijklmnopqrstuvwxyz", 9): commonLibrary.commonFunctions.randomStringFunction is PASSED

2018-07-18 13:20:48 - [MESSAGE][PASSED] - commonLibrary.commonFunctions.randomStringFunction is PASSED

2018-07-18 13:20:48 - [TEST_STEP][PASSED] - sendKeys: Keys 'tymmzoski@autotestpg.com' sent to object: 'Object Repository/OMVA_UserManagement_Page/EmailID_Textbox'

2018-07-18 13:20:48 - [MESSAGE][PASSED] - Keys 'tymmzoski@autotestpg.com' sent to object: 'Object Repository/OMVA_UserManagement_Page/EmailID_Textbox'

2018-07-18 13:20:48 - [TEST_STEP][PASSED] - Statement - firstname = CustomKeywords.commonLibrary.commonFunctions.randomStringFunction("abcdefghijklmnopqrstuvwxyz", 7): commonLibrary.commonFunctions.randomStringFunction is PASSED

2018-07-18 13:20:48 - [MESSAGE][PASSED] - commonLibrary.commonFunctions.randomStringFunction is PASSED

2018-07-18 13:20:48 - [TEST_STEP][PASSED] - sendKeys: Keys 'thtvbnp' sent to object: 'Object Repository/OMVA_UserManagement_Page/FirstName_Textbox'

2018-07-18 13:20:48 - [MESSAGE][PASSED] - Keys 'thtvbnp' sent to object: 'Object Repository/OMVA_UserManagement_Page/FirstName_Textbox'

2018-07-18 13:20:48 - [TEST_STEP][PASSED] - Statement - lastname = CustomKeywords.commonLibrary.commonFunctions.randomStringFunction("abcdefghijklmnopqrstuvwxyz", 7): commonLibrary.commonFunctions.randomStringFunction is PASSED

2018-07-18 13:20:48 - [MESSAGE][PASSED] - commonLibrary.commonFunctions.randomStringFunction is PASSED

2018-07-18 13:20:48 - [TEST_STEP][PASSED] - sendKeys: Keys 'ummjoxg' sent to object: 'Object Repository/OMVA_UserManagement_Page/LastName_Textbox'

2018-07-18 13:20:48 - [MESSAGE][PASSED] - Keys 'ummjoxg' sent to object: 'Object Repository/OMVA_UserManagement_Page/LastName_Textbox'

2018-07-18 13:20:48 - [TEST_STEP][PASSED] - Statement - ticketnum = CustomKeywords.commonLibrary.commonFunctions.randomStringFunction("123456789", 7): commonLibrary.commonFunctions.randomStringFunction is PASSED

2018-07-18 13:20:48 - [MESSAGE][PASSED] - commonLibrary.commonFunctions.randomStringFunction is PASSED

2018-07-18 13:20:48 - [TEST_STEP][PASSED] - sendKeys: Keys '5331891' sent to object: 'Object Repository/OMVA_UserManagement_Page/TicketNumber_Textbox'

2018-07-18 13:20:49 - [MESSAGE][PASSED] - Keys '5331891' sent to object: 'Object Repository/OMVA_UserManagement_Page/TicketNumber_Textbox'

2018-07-18 13:20:49 - [TEST_STEP][PASSED] - click: Object: 'Object Repository/OMVA_UserManagement_Page/Next_Button' is clicked on

2018-07-18 13:20:49 - [MESSAGE][PASSED] - Object: 'Object Repository/OMVA_UserManagement_Page/Next_Button' is clicked on

2018-07-18 13:20:49 - [TEST_STEP][PASSED] - applicationLibrary.checkboxMultiselection.multiselectCheckbox: applicationLibrary.checkboxMultiselection.multiselectCheckbox is PASSED

2018-07-18 13:20:51 - [MESSAGE][PASSED] - applicationLibrary.checkboxMultiselection.multiselectCheckbox is PASSED

2018-07-18 13:20:51 - [TEST_STEP][PASSED] - scrollToElement: Scroll to object 'Object Repository/OMVA_UserManagement_Page/Customer_Next_Btn' successfully

2018-07-18 13:20:51 - [MESSAGE][PASSED] - Scroll to object 'Object Repository/OMVA_UserManagement_Page/Customer_Next_Btn' successfully

2018-07-18 13:20:51 - [TEST_STEP][PASSED] - click: Object: 'Object Repository/OMVA_UserManagement_Page/Customer_Next_Btn' is clicked on

2018-07-18 13:20:51 - [MESSAGE][PASSED] - Object: 'Object Repository/OMVA_UserManagement_Page/Customer_Next_Btn' is clicked on

2018-07-18 13:20:51 - [TEST_STEP][PASSED] - applicationLibrary.checkboxMultiselection.multiselectCheckbox: applicationLibrary.checkboxMultiselection.multiselectCheckbox is PASSED

2018-07-18 13:20:53 - [MESSAGE][PASSED] - applicationLibrary.checkboxMultiselection.multiselectCheckbox is PASSED

2018-07-18 13:20:53 - [TEST_STEP][PASSED] - click: Object: 'Object Repository/OMVA_UserManagement_Page/UserCreation_Save_Btn' is clicked on

2018-07-18 13:20:54 - [MESSAGE][PASSED] - Object: 'Object Repository/OMVA_UserManagement_Page/UserCreation_Save_Btn' is clicked on

2018-07-18 13:20:54 - [TEST_STEP][PASSED] - waitForElementPresent: Object 'Object Repository/OMVA_UserManagement_Page/UserCreation_HeaderTxt' is present

2018-07-18 13:20:54 - [MESSAGE][PASSED] - Object 'Object Repository/OMVA_UserManagement_Page/UserCreation_HeaderTxt' is present

2018-07-18 13:20:54 - [TEST_STEP][FAILED] - verifyElementText: Verify element text of test object 'Object Repository/OMVA_UserManagement_Page/UserCreation_HeaderTxt' FAILED. (Root cause: Actual text '' and expected text 'User Creation Successful!' of test object 'Object Repository/OMVA_UserManagement_Page/UserCreation_HeaderTxt' are NOT matched.)

2018-07-18 13:20:55 - [MESSAGE][FAILED] - Actual text '' and expected text 'User Creation Successful!' of test object 'Object Repository/OMVA_UserManagement_Page/UserCreation_HeaderTxt' are NOT matched.
[[ATTACHMENT|D:\\P&G New\\Automation-P&G-Code-Base\\OMVA\\Reports\\UserManagementTestSuite\\20180718_130501\\1531900254687.png]]

2018-07-18 13:20:55 - [MESSAGE][FAILED] - Verify element text of test object 'Object Repository/OMVA_UserManagement_Page/UserCreation_HeaderTxt' FAILED. (Root cause: Actual text '' and expected text 'User Creation Successful!' of test object 'Object Repository/OMVA_UserManagement_Page/UserCreation_HeaderTxt' are NOT matched.)
[[ATTACHMENT|D:\\P&G New\\Automation-P&G-Code-Base\\OMVA\\Reports\\UserManagementTestSuite\\20180718_130501\\1531900255025.png]]]]></system-out>
         <system-err><![CDATA[2018-07-18 13:20:23 - [TEST_CASE][FAILED] - Test Cases/UserManagementTestCases/UserActions/Validate_ModifyDataFromEdituser: Test Cases/UserManagementTestCases/UserActions/Validate_ModifyDataFromEdituser FAILED because (of) Verify element text of test object 'Object Repository/OMVA_UserManagement_Page/UserCreation_HeaderTxt' FAILED. (Root cause: Actual text '' and expected text 'User Creation Successful!' of test object 'Object Repository/OMVA_UserManagement_Page/UserCreation_HeaderTxt' are NOT matched.)]]></system-err>
      </testcase>
      <testcase name="Test Cases/UserManagementTestCases/UserActions/DeActivate_User" classname="Test Cases/UserManagementTestCases/UserActions/DeActivate_User" status="PASSED">
         <system-out><![CDATA[2018-07-18 13:20:55 - [TEST_CASE][PASSED] - Test Cases/UserManagementTestCases/UserActions/DeActivate_User: Test Cases/UserManagementTestCases/UserActions/DeActivate_User

2018-07-18 13:20:55 - [TEST_STEP][PASSED] - callTestCase: Call Test Case 'Test Cases/CommonTestcases/OpenBrowserandNavigateToQAURL' successfully

2018-07-18 13:20:55 - [TEST_CASE][PASSED] - Test Cases/CommonTestcases/OpenBrowserandNavigateToQAURL: Test Cases/CommonTestcases/OpenBrowserandNavigateToQAURL

2018-07-18 13:20:55 - [TEST_STEP][PASSED] - openBrowser: Browser is opened with url: ''

2018-07-18 13:20:55 - [MESSAGE][WARNING] - A browser is already opened. Closing browser and opening a new one

2018-07-18 13:20:58 - [MESSAGE][PASSED] - Browser is opened with url: ''

2018-07-18 13:20:58 - [TEST_STEP][PASSED] - navigateToUrl: Navigate to 'https://coa-demo-env.azurewebsites.net/da/index.html#/login' successfully

2018-07-18 13:21:06 - [MESSAGE][PASSED] - Navigate to 'https://coa-demo-env.azurewebsites.net/da/index.html#/login' successfully

2018-07-18 13:21:06 - [TEST_STEP][PASSED] - maximizeWindow: Current window maximized

2018-07-18 13:21:07 - [MESSAGE][PASSED] - Current window maximized

2018-07-18 13:21:07 - [MESSAGE][PASSED] - Call Test Case 'Test Cases/CommonTestcases/OpenBrowserandNavigateToQAURL' successfully

2018-07-18 13:21:07 - [TEST_STEP][PASSED] - waitForElementVisible: Object 'Object Repository/OMVA_Login_Page/Username_Textbox' is visible

2018-07-18 13:21:07 - [MESSAGE][PASSED] - Object 'Object Repository/OMVA_Login_Page/Username_Textbox' is visible

2018-07-18 13:21:07 - [TEST_STEP][PASSED] - sendKeys: Keys 'SuperAdmin' sent to object: 'Object Repository/OMVA_Login_Page/Username_Textbox'

2018-07-18 13:21:07 - [MESSAGE][PASSED] - Keys 'SuperAdmin' sent to object: 'Object Repository/OMVA_Login_Page/Username_Textbox'

2018-07-18 13:21:07 - [TEST_STEP][PASSED] - click: Object: 'Object Repository/OMVA_Login_Page/Next_Button' is clicked on

2018-07-18 13:21:07 - [MESSAGE][PASSED] - Object: 'Object Repository/OMVA_Login_Page/Next_Button' is clicked on

2018-07-18 13:21:07 - [TEST_STEP][PASSED] - waitForElementVisible: Object 'Object Repository/OMVA_Login_Page/Password_Textbox' is visible

2018-07-18 13:21:08 - [MESSAGE][PASSED] - Object 'Object Repository/OMVA_Login_Page/Password_Textbox' is visible

2018-07-18 13:21:08 - [TEST_STEP][PASSED] - sendKeys: Keys 'SuperAdmin' sent to object: 'Object Repository/OMVA_Login_Page/Password_Textbox'

2018-07-18 13:21:08 - [MESSAGE][PASSED] - Keys 'SuperAdmin' sent to object: 'Object Repository/OMVA_Login_Page/Password_Textbox'

2018-07-18 13:21:08 - [TEST_STEP][PASSED] - click: Object: 'Object Repository/OMVA_Login_Page/Signin_Button' is clicked on

2018-07-18 13:21:08 - [MESSAGE][PASSED] - Object: 'Object Repository/OMVA_Login_Page/Signin_Button' is clicked on

2018-07-18 13:21:08 - [TEST_STEP][PASSED] - waitForPageLoad: Wait for page load successfully

2018-07-18 13:21:08 - [MESSAGE][PASSED] - Wait for page load successfully

2018-07-18 13:21:08 - [TEST_STEP][PASSED] - delay: Delayed 5 second(s)

2018-07-18 13:21:13 - [MESSAGE][PASSED] - Delayed 5 second(s)

2018-07-18 13:21:13 - [TEST_STEP][PASSED] - waitForElementPresent: Object 'Object Repository/OMVA_Landing_Page/CreateUser_Button' is present

2018-07-18 13:21:13 - [MESSAGE][PASSED] - Object 'Object Repository/OMVA_Landing_Page/CreateUser_Button' is present

2018-07-18 13:21:13 - [TEST_STEP][PASSED] - click: Object: 'Object Repository/OMVA_Landing_Page/CreateUser_Button' is clicked on

2018-07-18 13:21:14 - [MESSAGE][PASSED] - Object: 'Object Repository/OMVA_Landing_Page/CreateUser_Button' is clicked on

2018-07-18 13:21:14 - [TEST_STEP][PASSED] - delay: Delayed 3 second(s)

2018-07-18 13:21:17 - [MESSAGE][PASSED] - Delayed 3 second(s)

2018-07-18 13:21:17 - [TEST_STEP][PASSED] - waitForElementPresent: Object 'Object Repository/OMVA_UserManagement_Page/Role_Dropdown' is present

2018-07-18 13:21:17 - [MESSAGE][PASSED] - Object 'Object Repository/OMVA_UserManagement_Page/Role_Dropdown' is present

2018-07-18 13:21:17 - [TEST_STEP][PASSED] - Statement - If (true): null

2018-07-18 13:21:17 - [TEST_STEP][PASSED] - click: Object: 'Object Repository/OMVA_UserManagement_Page/Role_Dropdown' is clicked on

2018-07-18 13:21:17 - [MESSAGE][PASSED] - Object: 'Object Repository/OMVA_UserManagement_Page/Role_Dropdown' is clicked on

2018-07-18 13:21:17 - [TEST_STEP][PASSED] - Statement - assert true: null

2018-07-18 13:21:17 - [TEST_STEP][PASSED] - scrollToElement: Scroll to object 'Object Repository/OMVA_UserManagement_Page/DropdownOption_RoleDropdown_Market Admin' successfully

2018-07-18 13:21:17 - [MESSAGE][WARNING] - Timeout '0' is invalid. Using default page load timeout: '15'

2018-07-18 13:21:17 - [MESSAGE][PASSED] - Scroll to object 'Object Repository/OMVA_UserManagement_Page/DropdownOption_RoleDropdown_Market Admin' successfully

2018-07-18 13:21:17 - [TEST_STEP][PASSED] - click: Object: 'Object Repository/OMVA_UserManagement_Page/DropdownOption_RoleDropdown_Market Admin' is clicked on

2018-07-18 13:21:17 - [MESSAGE][PASSED] - Object: 'Object Repository/OMVA_UserManagement_Page/DropdownOption_RoleDropdown_Market Admin' is clicked on

2018-07-18 13:21:17 - [TEST_STEP][PASSED] - Statement - username = CustomKeywords.commonLibrary.commonFunctions.randomStringFunction("abcdefghijklmnopqrstuvwxyz", 6): commonLibrary.commonFunctions.randomStringFunction is PASSED

2018-07-18 13:21:17 - [MESSAGE][PASSED] - commonLibrary.commonFunctions.randomStringFunction is PASSED

2018-07-18 13:21:17 - [TEST_STEP][PASSED] - sendKeys: Keys 'akywkf' sent to object: 'Object Repository/OMVA_UserManagement_Page/UserName_Textbox'

2018-07-18 13:21:17 - [MESSAGE][PASSED] - Keys 'akywkf' sent to object: 'Object Repository/OMVA_UserManagement_Page/UserName_Textbox'

2018-07-18 13:21:17 - [TEST_STEP][PASSED] - Statement - emailidprefix = CustomKeywords.commonLibrary.commonFunctions.randomStringFunction("abcdefghijklmnopqrstuvwxyz", 9): commonLibrary.commonFunctions.randomStringFunction is PASSED

2018-07-18 13:21:17 - [MESSAGE][PASSED] - commonLibrary.commonFunctions.randomStringFunction is PASSED

2018-07-18 13:21:17 - [TEST_STEP][PASSED] - sendKeys: Keys 'ssooqzpbz@autotestpg.com' sent to object: 'Object Repository/OMVA_UserManagement_Page/EmailID_Textbox'

2018-07-18 13:21:18 - [MESSAGE][PASSED] - Keys 'ssooqzpbz@autotestpg.com' sent to object: 'Object Repository/OMVA_UserManagement_Page/EmailID_Textbox'

2018-07-18 13:21:18 - [TEST_STEP][PASSED] - Statement - firstname = CustomKeywords.commonLibrary.commonFunctions.randomStringFunction("abcdefghijklmnopqrstuvwxyz", 7): commonLibrary.commonFunctions.randomStringFunction is PASSED

2018-07-18 13:21:18 - [MESSAGE][PASSED] - commonLibrary.commonFunctions.randomStringFunction is PASSED

2018-07-18 13:21:18 - [TEST_STEP][PASSED] - sendKeys: Keys 'gwdxhcg' sent to object: 'Object Repository/OMVA_UserManagement_Page/FirstName_Textbox'

2018-07-18 13:21:18 - [MESSAGE][PASSED] - Keys 'gwdxhcg' sent to object: 'Object Repository/OMVA_UserManagement_Page/FirstName_Textbox'

2018-07-18 13:21:18 - [TEST_STEP][PASSED] - Statement - lastname = CustomKeywords.commonLibrary.commonFunctions.randomStringFunction("abcdefghijklmnopqrstuvwxyz", 7): commonLibrary.commonFunctions.randomStringFunction is PASSED

2018-07-18 13:21:18 - [MESSAGE][PASSED] - commonLibrary.commonFunctions.randomStringFunction is PASSED

2018-07-18 13:21:18 - [TEST_STEP][PASSED] - sendKeys: Keys 'ewtovtj' sent to object: 'Object Repository/OMVA_UserManagement_Page/LastName_Textbox'

2018-07-18 13:21:18 - [MESSAGE][PASSED] - Keys 'ewtovtj' sent to object: 'Object Repository/OMVA_UserManagement_Page/LastName_Textbox'

2018-07-18 13:21:18 - [TEST_STEP][PASSED] - Statement - ticketnum = CustomKeywords.commonLibrary.commonFunctions.randomStringFunction("123456789", 7): commonLibrary.commonFunctions.randomStringFunction is PASSED

2018-07-18 13:21:18 - [MESSAGE][PASSED] - commonLibrary.commonFunctions.randomStringFunction is PASSED

2018-07-18 13:21:18 - [TEST_STEP][PASSED] - sendKeys: Keys '3765515' sent to object: 'Object Repository/OMVA_UserManagement_Page/TicketNumber_Textbox'

2018-07-18 13:21:18 - [MESSAGE][PASSED] - Keys '3765515' sent to object: 'Object Repository/OMVA_UserManagement_Page/TicketNumber_Textbox'

2018-07-18 13:21:18 - [TEST_STEP][PASSED] - click: Object: 'Object Repository/OMVA_UserManagement_Page/Next_Button_Update' is clicked on

2018-07-18 13:21:18 - [MESSAGE][PASSED] - Object: 'Object Repository/OMVA_UserManagement_Page/Next_Button_Update' is clicked on

2018-07-18 13:21:18 - [TEST_STEP][PASSED] - applicationLibrary.checkboxMultiselection.multiselectCheckbox: applicationLibrary.checkboxMultiselection.multiselectCheckbox is PASSED

2018-07-18 13:21:21 - [MESSAGE][PASSED] - applicationLibrary.checkboxMultiselection.multiselectCheckbox is PASSED

2018-07-18 13:21:21 - [TEST_STEP][PASSED] - scrollToElement: Scroll to object 'Object Repository/OMVA_UserManagement_Page/Customer_Next_Btn' successfully

2018-07-18 13:21:21 - [MESSAGE][PASSED] - Scroll to object 'Object Repository/OMVA_UserManagement_Page/Customer_Next_Btn' successfully

2018-07-18 13:21:21 - [TEST_STEP][PASSED] - click: Object: 'Object Repository/OMVA_UserManagement_Page/Customer_Next_Btn' is clicked on

2018-07-18 13:21:21 - [MESSAGE][PASSED] - Object: 'Object Repository/OMVA_UserManagement_Page/Customer_Next_Btn' is clicked on

2018-07-18 13:21:21 - [TEST_STEP][PASSED] - applicationLibrary.checkboxMultiselection.multiselectCheckbox: applicationLibrary.checkboxMultiselection.multiselectCheckbox is PASSED

2018-07-18 13:21:23 - [MESSAGE][PASSED] - applicationLibrary.checkboxMultiselection.multiselectCheckbox is PASSED

2018-07-18 13:21:23 - [TEST_STEP][PASSED] - click: Object: 'Object Repository/OMVA_UserManagement_Page/UserCreation_Save_Btn' is clicked on

2018-07-18 13:21:23 - [MESSAGE][PASSED] - Object: 'Object Repository/OMVA_UserManagement_Page/UserCreation_Save_Btn' is clicked on

2018-07-18 13:21:23 - [TEST_STEP][PASSED] - waitForElementPresent: Object 'Object Repository/OMVA_UserManagement_Page/UserCreation_HeaderTxt' is present

2018-07-18 13:21:24 - [MESSAGE][PASSED] - Object 'Object Repository/OMVA_UserManagement_Page/UserCreation_HeaderTxt' is present

2018-07-18 13:21:24 - [TEST_STEP][PASSED] - verifyElementText: Actual text and expected text of test object 'Object Repository/OMVA_UserManagement_Page/UserCreation_HeaderTxt' are matched.

2018-07-18 13:21:24 - [MESSAGE][PASSED] - Actual text and expected text of test object 'Object Repository/OMVA_UserManagement_Page/UserCreation_HeaderTxt' are matched.

2018-07-18 13:21:24 - [TEST_STEP][PASSED] - verifyElementText: Actual text and expected text of test object 'Object Repository/OMVA_UserManagement_Page/UserCreation_ContentTxt' are matched.

2018-07-18 13:21:24 - [MESSAGE][PASSED] - Actual text and expected text of test object 'Object Repository/OMVA_UserManagement_Page/UserCreation_ContentTxt' are matched.

2018-07-18 13:21:24 - [TEST_STEP][PASSED] - click: Object: 'Object Repository/OMVA_UserManagement_Page/UserCreation_OK_Btn' is clicked on

2018-07-18 13:21:24 - [MESSAGE][PASSED] - Object: 'Object Repository/OMVA_UserManagement_Page/UserCreation_OK_Btn' is clicked on

2018-07-18 13:21:24 - [TEST_STEP][PASSED] - delay: Delayed 5 second(s)

2018-07-18 13:21:29 - [MESSAGE][PASSED] - Delayed 5 second(s)

2018-07-18 13:21:29 - [TEST_STEP][PASSED] - waitForElementPresent: Object 'Object Repository/OMVA_UserManagement_Page/Created_User_Username' is present

2018-07-18 13:21:29 - [MESSAGE][PASSED] - Object 'Object Repository/OMVA_UserManagement_Page/Created_User_Username' is present

2018-07-18 13:21:29 - [TEST_STEP][PASSED] - Statement - createdNewuser = com.kms.katalon.core.webui.keyword.WebUiBuiltInKeywords.getText(com.kms.katalon.core.testobject.ObjectRepository.findTestObject(OMVA_UserManagement_Page/Created_User_Username)): Text of object 'Object Repository/OMVA_UserManagement_Page/Created_User_Username' is: 'gwdxhcg ewtovtj'

2018-07-18 13:21:29 - [MESSAGE][PASSED] - Text of object 'Object Repository/OMVA_UserManagement_Page/Created_User_Username' is: 'gwdxhcg ewtovtj'

2018-07-18 13:21:29 - [TEST_STEP][PASSED] - Statement - uname = createdNewuser.toString(): null

2018-07-18 13:21:29 - [TEST_STEP][PASSED] - Statement - createduser = com.kms.katalon.core.webui.keyword.WebUiBuiltInKeywords.verifyMatch(createdNewuser, firstname + " " + lastname, true): Actual text 'gwdxhcg ewtovtj' and expected text 'gwdxhcg ewtovtj' are matched  using regular expression

2018-07-18 13:21:29 - [MESSAGE][PASSED] - Actual text 'gwdxhcg ewtovtj' and expected text 'gwdxhcg ewtovtj' are matched  using regular expression

2018-07-18 13:21:29 - [TEST_STEP][PASSED] - delay: Delayed 5 second(s)

2018-07-18 13:21:34 - [MESSAGE][PASSED] - Delayed 5 second(s)

2018-07-18 13:21:34 - [TEST_STEP][PASSED] - applicationLibrary.ClicksCreatedUserDashboard.editUser: applicationLibrary.ClicksCreatedUserDashboard.editUser is PASSED

2018-07-18 13:21:35 - [MESSAGE][PASSED] - applicationLibrary.ClicksCreatedUserDashboard.editUser is PASSED

2018-07-18 13:21:35 - [TEST_STEP][PASSED] - delay: Delayed 5 second(s)

2018-07-18 13:21:40 - [MESSAGE][PASSED] - Delayed 5 second(s)

2018-07-18 13:21:40 - [TEST_STEP][PASSED] - waitForElementVisible: Object 'Object Repository/OMVA_Landing_Page/Act_DeAct_Radio_Btn' is visible

2018-07-18 13:21:40 - [MESSAGE][PASSED] - Object 'Object Repository/OMVA_Landing_Page/Act_DeAct_Radio_Btn' is visible

2018-07-18 13:21:40 - [TEST_STEP][PASSED] - click: Object: 'Object Repository/OMVA_Landing_Page/Act_DeAct_Radio_Btn' is clicked on

2018-07-18 13:21:40 - [MESSAGE][PASSED] - Object: 'Object Repository/OMVA_Landing_Page/Act_DeAct_Radio_Btn' is clicked on

2018-07-18 13:21:40 - [TEST_STEP][PASSED] - waitForElementVisible: Object 'Object Repository/OMVA_EditUser_Page/SaveExit_Btn' is visible

2018-07-18 13:21:40 - [MESSAGE][PASSED] - Object 'Object Repository/OMVA_EditUser_Page/SaveExit_Btn' is visible

2018-07-18 13:21:40 - [TEST_STEP][PASSED] - click: Object: 'Object Repository/OMVA_EditUser_Page/SaveExit_Btn' is clicked on

2018-07-18 13:21:40 - [MESSAGE][PASSED] - Object: 'Object Repository/OMVA_EditUser_Page/SaveExit_Btn' is clicked on

2018-07-18 13:21:40 - [TEST_STEP][PASSED] - waitForElementVisible: Object 'Object Repository/OMVA_EditUser_Page/DeactivateUser_HeaderTxt' is visible

2018-07-18 13:21:41 - [MESSAGE][PASSED] - Object 'Object Repository/OMVA_EditUser_Page/DeactivateUser_HeaderTxt' is visible

2018-07-18 13:21:41 - [TEST_STEP][PASSED] - Statement - AHeaderTxt = com.kms.katalon.core.webui.keyword.WebUiBuiltInKeywords.getText(com.kms.katalon.core.testobject.ObjectRepository.findTestObject(OMVA_EditUser_Page/DeactivateUser_HeaderTxt)): Text of object 'Object Repository/OMVA_EditUser_Page/DeactivateUser_HeaderTxt' is: 'Confirm Deactivation'

2018-07-18 13:21:41 - [MESSAGE][PASSED] - Text of object 'Object Repository/OMVA_EditUser_Page/DeactivateUser_HeaderTxt' is: 'Confirm Deactivation'

2018-07-18 13:21:41 - [TEST_STEP][PASSED] - verifyMatch: Actual text 'Confirm Deactivation' and expected text 'Confirm Deactivation' are matched  using regular expression

2018-07-18 13:21:41 - [MESSAGE][PASSED] - Actual text 'Confirm Deactivation' and expected text 'Confirm Deactivation' are matched  using regular expression

2018-07-18 13:21:41 - [TEST_STEP][PASSED] - Statement - AContentTxt = com.kms.katalon.core.webui.keyword.WebUiBuiltInKeywords.getText(com.kms.katalon.core.testobject.ObjectRepository.findTestObject(OMVA_EditUser_Page/DeactivateUser_ContentText)): Text of object 'Object Repository/OMVA_EditUser_Page/DeactivateUser_ContentText' is: 'Are you sure you want to deactivate gwdxhcg ewtovtj's account?'

2018-07-18 13:21:41 - [MESSAGE][PASSED] - Text of object 'Object Repository/OMVA_EditUser_Page/DeactivateUser_ContentText' is: 'Are you sure you want to deactivate gwdxhcg ewtovtj's account?'

2018-07-18 13:21:41 - [TEST_STEP][PASSED] - verifyMatch: Actual text 'Are you sure you want to deactivate gwdxhcg ewtovtj's account?' and expected text 'Are you sure you want to deactivate\D*' are matched  using regular expression

2018-07-18 13:21:41 - [MESSAGE][PASSED] - Actual text 'Are you sure you want to deactivate gwdxhcg ewtovtj's account?' and expected text 'Are you sure you want to deactivate\D*' are matched  using regular expression

2018-07-18 13:21:41 - [TEST_STEP][PASSED] - click: Object: 'Object Repository/OMVA_EditUser_Page/DeactivateUser_OKBtn' is clicked on

2018-07-18 13:21:41 - [MESSAGE][PASSED] - Object: 'Object Repository/OMVA_EditUser_Page/DeactivateUser_OKBtn' is clicked on

2018-07-18 13:21:41 - [TEST_STEP][PASSED] - Statement - ADeactivatedToastMsg = com.kms.katalon.core.webui.keyword.WebUiBuiltInKeywords.getText(com.kms.katalon.core.testobject.ObjectRepository.findTestObject(OMVA_EditUser_Page/Deactivate_ToastMsg)): Text of object 'Object Repository/OMVA_EditUser_Page/Deactivate_ToastMsg' is: 'Account Successfully Deactivated!'

2018-07-18 13:21:42 - [MESSAGE][PASSED] - Text of object 'Object Repository/OMVA_EditUser_Page/Deactivate_ToastMsg' is: 'Account Successfully Deactivated!'

2018-07-18 13:21:42 - [TEST_STEP][PASSED] - verifyMatch: Actual text 'Account Successfully Deactivated!' and expected text 'Account Successfully Deactivated!' are matched  using regular expression

2018-07-18 13:21:42 - [MESSAGE][PASSED] - Actual text 'Account Successfully Deactivated!' and expected text 'Account Successfully Deactivated!' are matched  using regular expression

2018-07-18 13:21:42 - [TEST_STEP][PASSED] - closeBrowser: Browser is closed

2018-07-18 13:21:43 - [MESSAGE][PASSED] - Browser is closed]]></system-out>
         <system-err><![CDATA[]]></system-err>
      </testcase>
      <testcase name="Test Cases/UserManagementTestCases/UserActions/LockUser" classname="Test Cases/UserManagementTestCases/UserActions/LockUser" status="FAILED">
         <failure type="FAILED" message="Unable to get text of object 'Object Repository/OMVA_Login_Page/InvalidLogin_HeaderTxt' (Root cause: com.kms.katalon.core.webui.exception.WebElementNotFoundException: Web element with id: 'Object Repository/OMVA_Login_Page/InvalidLogin_HeaderTxt' located by 'By.xpath: //h4[text()='Invalid Credentials']' not found)"/>
         <system-out><![CDATA[2018-07-18 13:21:43 - [TEST_CASE][FAILED] - Test Cases/UserManagementTestCases/UserActions/LockUser: Test Cases/UserManagementTestCases/UserActions/LockUser FAILED because (of) Unable to get text of object 'Object Repository/OMVA_Login_Page/InvalidLogin_HeaderTxt' (Root cause: com.kms.katalon.core.webui.exception.WebElementNotFoundException: Web element with id: 'Object Repository/OMVA_Login_Page/InvalidLogin_HeaderTxt' located by 'By.xpath: //h4[text()='Invalid Credentials']' not found)

2018-07-18 13:21:43 - [TEST_STEP][FAILED] - callTestCase: Unable to call Test Case with id 'Test Cases/UserManagementTestCases/Login/Invalid_Login' (Root cause: Call Test Case 'Test Cases/UserManagementTestCases/Login/Invalid_Login' failed)

2018-07-18 13:21:43 - [TEST_CASE][FAILED] - Test Cases/UserManagementTestCases/Login/Invalid_Login: Test Cases/UserManagementTestCases/Login/Invalid_Login FAILED because (of) Unable to get text of object 'Object Repository/OMVA_Login_Page/InvalidLogin_HeaderTxt' (Root cause: com.kms.katalon.core.webui.exception.WebElementNotFoundException: Web element with id: 'Object Repository/OMVA_Login_Page/InvalidLogin_HeaderTxt' located by 'By.xpath: //h4[text()='Invalid Credentials']' not found)

2018-07-18 13:21:43 - [TEST_STEP][PASSED] - callTestCase: Call Test Case 'Test Cases/CommonTestcases/OpenBrowserandNavigateToQAURL' successfully

2018-07-18 13:21:43 - [TEST_CASE][PASSED] - Test Cases/CommonTestcases/OpenBrowserandNavigateToQAURL: Test Cases/CommonTestcases/OpenBrowserandNavigateToQAURL

2018-07-18 13:21:43 - [TEST_STEP][PASSED] - openBrowser: Browser is opened with url: ''

2018-07-18 13:21:45 - [MESSAGE][PASSED] - Browser is opened with url: ''

2018-07-18 13:21:45 - [TEST_STEP][PASSED] - navigateToUrl: Navigate to 'https://coa-demo-env.azurewebsites.net/da/index.html#/login' successfully

2018-07-18 13:21:56 - [MESSAGE][PASSED] - Navigate to 'https://coa-demo-env.azurewebsites.net/da/index.html#/login' successfully

2018-07-18 13:21:56 - [TEST_STEP][PASSED] - maximizeWindow: Current window maximized

2018-07-18 13:21:57 - [MESSAGE][PASSED] - Current window maximized

2018-07-18 13:21:57 - [MESSAGE][PASSED] - Call Test Case 'Test Cases/CommonTestcases/OpenBrowserandNavigateToQAURL' successfully

2018-07-18 13:21:57 - [TEST_STEP][PASSED] - waitForElementVisible: Object 'Object Repository/OMVA_Login_Page/Username_Textbox' is visible

2018-07-18 13:21:57 - [MESSAGE][PASSED] - Object 'Object Repository/OMVA_Login_Page/Username_Textbox' is visible

2018-07-18 13:21:57 - [TEST_STEP][PASSED] - sendKeys: Keys 'Lock' sent to object: 'Object Repository/OMVA_Login_Page/Username_Textbox'

2018-07-18 13:21:58 - [MESSAGE][PASSED] - Keys 'Lock' sent to object: 'Object Repository/OMVA_Login_Page/Username_Textbox'

2018-07-18 13:21:58 - [TEST_STEP][PASSED] - click: Object: 'Object Repository/OMVA_Login_Page/Next_Button' is clicked on

2018-07-18 13:21:58 - [MESSAGE][PASSED] - Object: 'Object Repository/OMVA_Login_Page/Next_Button' is clicked on

2018-07-18 13:21:58 - [TEST_STEP][PASSED] - Statement - If (true): null

2018-07-18 13:21:58 - [TEST_STEP][PASSED] - waitForElementVisible: Object 'Object Repository/OMVA_Login_Page/Password_Textbox' is visible

2018-07-18 13:21:58 - [MESSAGE][PASSED] - Object 'Object Repository/OMVA_Login_Page/Password_Textbox' is visible

2018-07-18 13:21:58 - [TEST_STEP][PASSED] - Statement - assert true: null

2018-07-18 13:21:58 - [TEST_STEP][PASSED] - sendKeys: Keys 'Pwd' sent to object: 'Object Repository/OMVA_Login_Page/Password_Textbox'

2018-07-18 13:21:58 - [MESSAGE][PASSED] - Keys 'Pwd' sent to object: 'Object Repository/OMVA_Login_Page/Password_Textbox'

2018-07-18 13:21:58 - [TEST_STEP][PASSED] - click: Object: 'Object Repository/OMVA_Login_Page/Signin_Button' is clicked on

2018-07-18 13:21:59 - [MESSAGE][PASSED] - Object: 'Object Repository/OMVA_Login_Page/Signin_Button' is clicked on

2018-07-18 13:21:59 - [TEST_STEP][FAILED] - Statement - AHeaderTxt = com.kms.katalon.core.webui.keyword.WebUiBuiltInKeywords.getText(com.kms.katalon.core.testobject.ObjectRepository.findTestObject(OMVA_Login_Page/InvalidLogin_HeaderTxt)): Unable to get text of object 'Object Repository/OMVA_Login_Page/InvalidLogin_HeaderTxt' (Root cause: com.kms.katalon.core.webui.exception.WebElementNotFoundException: Web element with id: 'Object Repository/OMVA_Login_Page/InvalidLogin_HeaderTxt' located by 'By.xpath: //h4[text()='Invalid Credentials']' not found)

2018-07-18 13:22:15 - [MESSAGE][FAILED] - Unable to get text of object 'Object Repository/OMVA_Login_Page/InvalidLogin_HeaderTxt' (Root cause: com.kms.katalon.core.webui.exception.WebElementNotFoundException: Web element with id: 'Object Repository/OMVA_Login_Page/InvalidLogin_HeaderTxt' located by 'By.xpath: //h4[text()='Invalid Credentials']' not found)
[[ATTACHMENT|D:\\P&G New\\Automation-P&G-Code-Base\\OMVA\\Reports\\UserManagementTestSuite\\20180718_130501\\1531900335317.png]]

2018-07-18 13:22:15 - [MESSAGE][FAILED] - Unable to call Test Case with id 'Test Cases/UserManagementTestCases/Login/Invalid_Login' (Root cause: Call Test Case 'Test Cases/UserManagementTestCases/Login/Invalid_Login' failed)]]></system-out>
         <system-err><![CDATA[2018-07-18 13:21:43 - [TEST_CASE][FAILED] - Test Cases/UserManagementTestCases/UserActions/LockUser: Test Cases/UserManagementTestCases/UserActions/LockUser FAILED because (of) Unable to get text of object 'Object Repository/OMVA_Login_Page/InvalidLogin_HeaderTxt' (Root cause: com.kms.katalon.core.webui.exception.WebElementNotFoundException: Web element with id: 'Object Repository/OMVA_Login_Page/InvalidLogin_HeaderTxt' located by 'By.xpath: //h4[text()='Invalid Credentials']' not found)]]></system-err>
      </testcase>
      <testcase name="Test Cases/UserManagementTestCases/UserActions/Unlock_User" classname="Test Cases/UserManagementTestCases/UserActions/Unlock_User" status="PASSED">
         <system-out><![CDATA[2018-07-18 13:22:15 - [TEST_CASE][PASSED] - Test Cases/UserManagementTestCases/UserActions/Unlock_User: Test Cases/UserManagementTestCases/UserActions/Unlock_User

2018-07-18 13:22:16 - [TEST_STEP][PASSED] - callTestCase: Call Test Case 'Test Cases/CommonTestcases/OpenBrowserandNavigateToQAURL' successfully

2018-07-18 13:22:16 - [TEST_CASE][PASSED] - Test Cases/CommonTestcases/OpenBrowserandNavigateToQAURL: Test Cases/CommonTestcases/OpenBrowserandNavigateToQAURL

2018-07-18 13:22:16 - [TEST_STEP][PASSED] - openBrowser: Browser is opened with url: ''

2018-07-18 13:22:16 - [MESSAGE][WARNING] - A browser is already opened. Closing browser and opening a new one

2018-07-18 13:22:19 - [MESSAGE][PASSED] - Browser is opened with url: ''

2018-07-18 13:22:19 - [TEST_STEP][PASSED] - navigateToUrl: Navigate to 'https://coa-demo-env.azurewebsites.net/da/index.html#/login' successfully

2018-07-18 13:22:30 - [MESSAGE][PASSED] - Navigate to 'https://coa-demo-env.azurewebsites.net/da/index.html#/login' successfully

2018-07-18 13:22:30 - [TEST_STEP][PASSED] - maximizeWindow: Current window maximized

2018-07-18 13:22:31 - [MESSAGE][PASSED] - Current window maximized

2018-07-18 13:22:31 - [MESSAGE][PASSED] - Call Test Case 'Test Cases/CommonTestcases/OpenBrowserandNavigateToQAURL' successfully

2018-07-18 13:22:31 - [TEST_STEP][PASSED] - waitForElementVisible: Object 'Object Repository/OMVA_Login_Page/Username_Textbox' is visible

2018-07-18 13:22:31 - [MESSAGE][PASSED] - Object 'Object Repository/OMVA_Login_Page/Username_Textbox' is visible

2018-07-18 13:22:31 - [TEST_STEP][PASSED] - sendKeys: Keys 'SuperAdmin' sent to object: 'Object Repository/OMVA_Login_Page/Username_Textbox'

2018-07-18 13:22:32 - [MESSAGE][PASSED] - Keys 'SuperAdmin' sent to object: 'Object Repository/OMVA_Login_Page/Username_Textbox'

2018-07-18 13:22:32 - [TEST_STEP][PASSED] - click: Object: 'Object Repository/OMVA_Login_Page/Next_Button' is clicked on

2018-07-18 13:22:32 - [MESSAGE][PASSED] - Object: 'Object Repository/OMVA_Login_Page/Next_Button' is clicked on

2018-07-18 13:22:32 - [TEST_STEP][PASSED] - waitForElementVisible: Object 'Object Repository/OMVA_Login_Page/Password_Textbox' is visible

2018-07-18 13:22:32 - [MESSAGE][PASSED] - Object 'Object Repository/OMVA_Login_Page/Password_Textbox' is visible

2018-07-18 13:22:32 - [TEST_STEP][PASSED] - sendKeys: Keys 'SuperAdmin' sent to object: 'Object Repository/OMVA_Login_Page/Password_Textbox'

2018-07-18 13:22:33 - [MESSAGE][PASSED] - Keys 'SuperAdmin' sent to object: 'Object Repository/OMVA_Login_Page/Password_Textbox'

2018-07-18 13:22:33 - [TEST_STEP][PASSED] - click: Object: 'Object Repository/OMVA_Login_Page/Signin_Button' is clicked on

2018-07-18 13:22:33 - [MESSAGE][PASSED] - Object: 'Object Repository/OMVA_Login_Page/Signin_Button' is clicked on

2018-07-18 13:22:33 - [TEST_STEP][PASSED] - delay: Delayed 5 second(s)

2018-07-18 13:22:38 - [MESSAGE][PASSED] - Delayed 5 second(s)

2018-07-18 13:22:38 - [TEST_STEP][PASSED] - waitForElementVisible: Object 'Object Repository/OMVA_Landing_Page/Search_icon' is visible

2018-07-18 13:22:38 - [MESSAGE][PASSED] - Object 'Object Repository/OMVA_Landing_Page/Search_icon' is visible

2018-07-18 13:22:38 - [TEST_STEP][PASSED] - click: Object: 'Object Repository/OMVA_Landing_Page/Search_icon' is clicked on

2018-07-18 13:22:38 - [MESSAGE][PASSED] - Object: 'Object Repository/OMVA_Landing_Page/Search_icon' is clicked on

2018-07-18 13:22:38 - [TEST_STEP][PASSED] - sendKeys: Keys 'Lock' sent to object: 'Object Repository/OMVA_Landing_Page/Search_icon'

2018-07-18 13:22:38 - [MESSAGE][PASSED] - Keys 'Lock' sent to object: 'Object Repository/OMVA_Landing_Page/Search_icon'

2018-07-18 13:22:38 - [TEST_STEP][PASSED] - delay: Delayed 3 second(s)

2018-07-18 13:22:41 - [MESSAGE][PASSED] - Delayed 3 second(s)

2018-07-18 13:22:41 - [TEST_STEP][PASSED] - waitForElementVisible: Object 'Object Repository/OMVA_Landing_Page/Locked_Icon' is visible

2018-07-18 13:22:41 - [MESSAGE][PASSED] - Object 'Object Repository/OMVA_Landing_Page/Locked_Icon' is visible

2018-07-18 13:22:41 - [TEST_STEP][PASSED] - click: Object: 'Object Repository/OMVA_Landing_Page/Locked_Icon' is clicked on

2018-07-18 13:22:41 - [MESSAGE][PASSED] - Object: 'Object Repository/OMVA_Landing_Page/Locked_Icon' is clicked on

2018-07-18 13:22:41 - [TEST_STEP][PASSED] - waitForElementVisible: Object 'Object Repository/OMVA_Landing_Page/UnlockUserPopup_HeaderTxt' is visible

2018-07-18 13:22:42 - [MESSAGE][PASSED] - Object 'Object Repository/OMVA_Landing_Page/UnlockUserPopup_HeaderTxt' is visible

2018-07-18 13:22:42 - [TEST_STEP][PASSED] - Statement - AHeaderTxt = com.kms.katalon.core.webui.keyword.WebUiBuiltInKeywords.getText(com.kms.katalon.core.testobject.ObjectRepository.findTestObject(OMVA_Landing_Page/UnlockUserPopup_HeaderTxt)): Text of object 'Object Repository/OMVA_Landing_Page/UnlockUserPopup_HeaderTxt' is: 'Confirm Unlock'

2018-07-18 13:22:42 - [MESSAGE][PASSED] - Text of object 'Object Repository/OMVA_Landing_Page/UnlockUserPopup_HeaderTxt' is: 'Confirm Unlock'

2018-07-18 13:22:42 - [TEST_STEP][PASSED] - verifyMatch: Actual text 'Confirm Unlock' and expected text 'Confirm Unlock' are matched  using regular expression

2018-07-18 13:22:42 - [MESSAGE][PASSED] - Actual text 'Confirm Unlock' and expected text 'Confirm Unlock' are matched  using regular expression

2018-07-18 13:22:42 - [TEST_STEP][PASSED] - Statement - AContentTxt = com.kms.katalon.core.webui.keyword.WebUiBuiltInKeywords.getText(com.kms.katalon.core.testobject.ObjectRepository.findTestObject(OMVA_Landing_Page/UnlockUserPopup_ContentTxt)): Text of object 'Object Repository/OMVA_Landing_Page/UnlockUserPopup_ContentTxt' is: 'Are you sure you want to unlock Lock's account?'

2018-07-18 13:22:42 - [MESSAGE][PASSED] - Text of object 'Object Repository/OMVA_Landing_Page/UnlockUserPopup_ContentTxt' is: 'Are you sure you want to unlock Lock's account?'

2018-07-18 13:22:42 - [TEST_STEP][PASSED] - click: Object: 'Object Repository/OMVA_Landing_Page/UnlockUserPopup_OKBtn' is clicked on

2018-07-18 13:22:42 - [MESSAGE][PASSED] - Object: 'Object Repository/OMVA_Landing_Page/UnlockUserPopup_OKBtn' is clicked on

2018-07-18 13:22:42 - [TEST_STEP][PASSED] - Statement - UnlockToastMsg = com.kms.katalon.core.webui.keyword.WebUiBuiltInKeywords.getText(com.kms.katalon.core.testobject.ObjectRepository.findTestObject(OMVA_Landing_Page/Unlock_ToastMsg)): Text of object 'Object Repository/OMVA_Landing_Page/Unlock_ToastMsg' is: 'An email will be triggered to inform the user.'

2018-07-18 13:22:43 - [MESSAGE][PASSED] - Text of object 'Object Repository/OMVA_Landing_Page/Unlock_ToastMsg' is: 'An email will be triggered to inform the user.'

2018-07-18 13:22:43 - [TEST_STEP][PASSED] - verifyMatch: Actual text 'An email will be triggered to inform the user.' and expected text 'An email will be triggered to inform the user.' are matched  using regular expression

2018-07-18 13:22:43 - [MESSAGE][PASSED] - Actual text 'An email will be triggered to inform the user.' and expected text 'An email will be triggered to inform the user.' are matched  using regular expression

2018-07-18 13:22:43 - [TEST_STEP][PASSED] - closeBrowser: Browser is closed

2018-07-18 13:22:44 - [MESSAGE][PASSED] - Browser is closed]]></system-out>
         <system-err><![CDATA[]]></system-err>
      </testcase>
      <system-out><![CDATA[2018-07-18 13:10:49 - [TEST_SUITE][FAILED] - UserManagementTestSuite: Test Cases/UserManagementTestCases/UserActions/Verify_RoleChange FAILED because (of) Unable to navigate to 'https://coa-demo-env.azurewebsites.net/da/index.html#/login' (Root cause: org.openqa.selenium.TimeoutException: timeout
  (Session info: chrome=67.0.3396.62)
  (Driver info: chromedriver=2.35.528161 (5b82f2d2aae0ca24b877009200ced9065a772e73),platform=Windows NT 10.0.16299 x86_64) (WARNING: The server did not provide any stacktrace information)
Command duration or timeout: 0 milliseconds
Build info: version: '3.7.1', revision: '8a0099a', time: '2017-11-06T21:07:36.161Z'
System info: host: '703177791GDL', ip: '172.16.21.232', os.name: 'Windows 10', os.arch: 'amd64', os.version: '10.0', java.version: '1.8.0_102'
Driver info: com.kms.katalon.selenium.driver.CChromeDriver
Capabilities {acceptInsecureCerts: false, acceptSslCerts: false, applicationCacheEnabled: false, browserConnectionEnabled: false, browserName: chrome, chrome: {chromedriverVersion: 2.35.528161 (5b82f2d2aae0ca..., userDataDir: D:\Users\703177791\AppData\...}, cssSelectorsEnabled: true, databaseEnabled: false, handlesAlerts: true, hasTouchScreen: false, javascriptEnabled: true, locationContextEnabled: true, mobileEmulationEnabled: false, nativeEvents: true, networkConnectionEnabled: false, pageLoadStrategy: normal, platform: XP, platformName: XP, rotatable: false, setWindowRect: true, takesHeapSnapshot: true, takesScreenshot: true, unexpectedAlertBehaviour: , unhandledPromptBehavior: , version: 67.0.3396.62, webStorageEnabled: true}
Session ID: 2b482b3e45d6cd04b2cceb4adb710f80)]]></system-out>
      <system-err><![CDATA[2018-07-18 13:10:49 - [TEST_SUITE][FAILED] - UserManagementTestSuite: Test Cases/UserManagementTestCases/UserActions/Verify_RoleChange FAILED because (of) Unable to navigate to 'https://coa-demo-env.azurewebsites.net/da/index.html#/login' (Root cause: org.openqa.selenium.TimeoutException: timeout
  (Session info: chrome=67.0.3396.62)
  (Driver info: chromedriver=2.35.528161 (5b82f2d2aae0ca24b877009200ced9065a772e73),platform=Windows NT 10.0.16299 x86_64) (WARNING: The server did not provide any stacktrace information)
Command duration or timeout: 0 milliseconds
Build info: version: '3.7.1', revision: '8a0099a', time: '2017-11-06T21:07:36.161Z'
System info: host: '703177791GDL', ip: '172.16.21.232', os.name: 'Windows 10', os.arch: 'amd64', os.version: '10.0', java.version: '1.8.0_102'
Driver info: com.kms.katalon.selenium.driver.CChromeDriver
Capabilities {acceptInsecureCerts: false, acceptSslCerts: false, applicationCacheEnabled: false, browserConnectionEnabled: false, browserName: chrome, chrome: {chromedriverVersion: 2.35.528161 (5b82f2d2aae0ca..., userDataDir: D:\Users\703177791\AppData\...}, cssSelectorsEnabled: true, databaseEnabled: false, handlesAlerts: true, hasTouchScreen: false, javascriptEnabled: true, locationContextEnabled: true, mobileEmulationEnabled: false, nativeEvents: true, networkConnectionEnabled: false, pageLoadStrategy: normal, platform: XP, platformName: XP, rotatable: false, setWindowRect: true, takesHeapSnapshot: true, takesScreenshot: true, unexpectedAlertBehaviour: , unhandledPromptBehavior: , version: 67.0.3396.62, webStorageEnabled: true}
Session ID: 2b482b3e45d6cd04b2cceb4adb710f80)]]></system-err>
   </testsuite>
</testsuites>
