<?xml version="1.0" encoding="UTF-8"?>
<testsuites name="UserManagementTestSuite" time="191" tests="2" failures="1" errors="0">
   <testsuite name="UserManagementTestSuite" tests="2" failures="1" errors="0" time="191" timestamp="2018-07-16 16:43:01" hostname="703177791 - 703177791gdl.ind.corp.ad" id="Test Suites/UserManagementTestSuite">
      <properties>
         <property name="deviceName" value=""/>
         <property name="devicePlatform" value=""/>
         <property name="logFolder" value="D:\\P&amp;G New\\Automation-P&amp;G-Code-Base\\OMVA\\Reports\\UserManagementTestSuite\\20180716_163328"/>
         <property name="logFiles" value="D:\\P&amp;G New\\Automation-P&amp;G-Code-Base\\OMVA\\Reports\\UserManagementTestSuite\\20180716_163328\\execution0.log"/>
         <property name="attachments" value="D:\\P&amp;G New\\Automation-P&amp;G-Code-Base\\OMVA\\Reports\\UserManagementTestSuite\\20180716_163328\\1531739629404.png"/>
         <property name="hostName" value="703177791 - 703177791gdl.ind.corp.ad"/>
         <property name="os" value="Windows 10 64bit"/>
         <property name="katalonVersion" value="5.4.2.1"/>
         <property name="browser" value="Chrome 67.0.3396.62"/>
         <property name="hostAddress" value="172.16.21.232"/>
         <property name="sessionId" value="730814e909239dee1187c07fa54c9617"/>
         <property name="seleniumVersion" value="3.7.1"/>
         <property name="proxyInformation" value="ProxyInformation{proxyOption=NO_PROXY, proxyServerType=HTTP, password=, proxyServerAddress=, proxyServerPort=0}"/>
         <property name="platform" value="Windows 10"/>
      </properties>
      <testcase name="Test Cases/UserManagementTestCases/UserActions/Validate_User_Search" classname="Test Cases/UserManagementTestCases/UserActions/Validate_User_Search" status="FAILED">
         <failure type="FAILED" message="Unable to click on object 'Object Repository/OMVA_UserManagement_Page/Search_button' (Root cause: org.openqa.selenium.ElementNotVisibleException: element not visible
  (Session info: chrome=67.0.3396.62)
  (Driver info: chromedriver=2.35.528161 (5b82f2d2aae0ca24b877009200ced9065a772e73),platform=Windows NT 10.0.16299 x86_64) (WARNING: The server did not provide any stacktrace information)
Command duration or timeout: 0 milliseconds
Build info: version: '3.7.1', revision: '8a0099a', time: '2017-11-06T21:07:36.161Z'
System info: host: '703177791GDL', ip: '172.16.21.232', os.name: 'Windows 10', os.arch: 'amd64', os.version: '10.0', java.version: '1.8.0_102'
Driver info: com.kms.katalon.selenium.driver.CChromeDriver
Capabilities {acceptInsecureCerts: false, acceptSslCerts: false, applicationCacheEnabled: false, browserConnectionEnabled: false, browserName: chrome, chrome: {chromedriverVersion: 2.35.528161 (5b82f2d2aae0ca..., userDataDir: D:\Users\703177791\AppData\...}, cssSelectorsEnabled: true, databaseEnabled: false, handlesAlerts: true, hasTouchScreen: false, javascriptEnabled: true, locationContextEnabled: true, mobileEmulationEnabled: false, nativeEvents: true, networkConnectionEnabled: false, pageLoadStrategy: normal, platform: XP, platformName: XP, rotatable: false, setWindowRect: true, takesHeapSnapshot: true, takesScreenshot: true, unexpectedAlertBehaviour: , unhandledPromptBehavior: , version: 67.0.3396.62, webStorageEnabled: true}
Session ID: 743f309ffae96d600ec8dace6ed991a1)"/>
         <system-out><![CDATA[2018-07-16 16:43:02 - [TEST_CASE][FAILED] - Test Cases/UserManagementTestCases/UserActions/Validate_User_Search: Test Cases/UserManagementTestCases/UserActions/Validate_User_Search FAILED because (of) Unable to click on object 'Object Repository/OMVA_UserManagement_Page/Search_button' (Root cause: org.openqa.selenium.ElementNotVisibleException: element not visible
  (Session info: chrome=67.0.3396.62)
  (Driver info: chromedriver=2.35.528161 (5b82f2d2aae0ca24b877009200ced9065a772e73),platform=Windows NT 10.0.16299 x86_64) (WARNING: The server did not provide any stacktrace information)
Command duration or timeout: 0 milliseconds
Build info: version: '3.7.1', revision: '8a0099a', time: '2017-11-06T21:07:36.161Z'
System info: host: '703177791GDL', ip: '172.16.21.232', os.name: 'Windows 10', os.arch: 'amd64', os.version: '10.0', java.version: '1.8.0_102'
Driver info: com.kms.katalon.selenium.driver.CChromeDriver
Capabilities {acceptInsecureCerts: false, acceptSslCerts: false, applicationCacheEnabled: false, browserConnectionEnabled: false, browserName: chrome, chrome: {chromedriverVersion: 2.35.528161 (5b82f2d2aae0ca..., userDataDir: D:\Users\703177791\AppData\...}, cssSelectorsEnabled: true, databaseEnabled: false, handlesAlerts: true, hasTouchScreen: false, javascriptEnabled: true, locationContextEnabled: true, mobileEmulationEnabled: false, nativeEvents: true, networkConnectionEnabled: false, pageLoadStrategy: normal, platform: XP, platformName: XP, rotatable: false, setWindowRect: true, takesHeapSnapshot: true, takesScreenshot: true, unexpectedAlertBehaviour: , unhandledPromptBehavior: , version: 67.0.3396.62, webStorageEnabled: true}
Session ID: 743f309ffae96d600ec8dace6ed991a1)

2018-07-16 16:43:02 - [TEST_STEP][PASSED] - callTestCase: Call Test Case 'Test Cases/CommonTestcases/OpenBrowserandNavigateToQAURL' successfully

2018-07-16 16:43:02 - [TEST_CASE][PASSED] - Test Cases/CommonTestcases/OpenBrowserandNavigateToQAURL: Test Cases/CommonTestcases/OpenBrowserandNavigateToQAURL

2018-07-16 16:43:03 - [TEST_STEP][PASSED] - openBrowser: Browser is opened with url: ''

2018-07-16 16:43:06 - [MESSAGE][PASSED] - Browser is opened with url: ''

2018-07-16 16:43:06 - [TEST_STEP][PASSED] - navigateToUrl: Navigate to 'https://coa-demo-env.azurewebsites.net/da/index.html#/login' successfully

2018-07-16 16:43:18 - [MESSAGE][PASSED] - Navigate to 'https://coa-demo-env.azurewebsites.net/da/index.html#/login' successfully

2018-07-16 16:43:18 - [TEST_STEP][PASSED] - maximizeWindow: Current window maximized

2018-07-16 16:43:20 - [MESSAGE][PASSED] - Current window maximized

2018-07-16 16:43:20 - [MESSAGE][PASSED] - Call Test Case 'Test Cases/CommonTestcases/OpenBrowserandNavigateToQAURL' successfully

2018-07-16 16:43:20 - [TEST_STEP][PASSED] - waitForElementVisible: Object 'Object Repository/OMVA_Login_Page/Username_Textbox' is visible

2018-07-16 16:43:20 - [MESSAGE][PASSED] - Object 'Object Repository/OMVA_Login_Page/Username_Textbox' is visible

2018-07-16 16:43:20 - [TEST_STEP][PASSED] - sendKeys: Keys 'SuperAdmin' sent to object: 'Object Repository/OMVA_Login_Page/Username_Textbox'

2018-07-16 16:43:20 - [MESSAGE][PASSED] - Keys 'SuperAdmin' sent to object: 'Object Repository/OMVA_Login_Page/Username_Textbox'

2018-07-16 16:43:20 - [TEST_STEP][PASSED] - click: Object: 'Object Repository/OMVA_Login_Page/Next_Button' is clicked on

2018-07-16 16:43:20 - [MESSAGE][PASSED] - Object: 'Object Repository/OMVA_Login_Page/Next_Button' is clicked on

2018-07-16 16:43:20 - [TEST_STEP][PASSED] - waitForElementVisible: Object 'Object Repository/OMVA_Login_Page/Password_Textbox' is visible

2018-07-16 16:43:20 - [MESSAGE][PASSED] - Object 'Object Repository/OMVA_Login_Page/Password_Textbox' is visible

2018-07-16 16:43:20 - [TEST_STEP][PASSED] - sendKeys: Keys 'SuperAdmin' sent to object: 'Object Repository/OMVA_Login_Page/Password_Textbox'

2018-07-16 16:43:21 - [MESSAGE][PASSED] - Keys 'SuperAdmin' sent to object: 'Object Repository/OMVA_Login_Page/Password_Textbox'

2018-07-16 16:43:21 - [TEST_STEP][PASSED] - click: Object: 'Object Repository/OMVA_Login_Page/Signin_Button' is clicked on

2018-07-16 16:43:21 - [MESSAGE][PASSED] - Object: 'Object Repository/OMVA_Login_Page/Signin_Button' is clicked on

2018-07-16 16:43:21 - [TEST_STEP][PASSED] - waitForPageLoad: Wait for page load successfully

2018-07-16 16:43:21 - [MESSAGE][PASSED] - Wait for page load successfully

2018-07-16 16:43:21 - [TEST_STEP][PASSED] - delay: Delayed 5 second(s)

2018-07-16 16:43:26 - [MESSAGE][PASSED] - Delayed 5 second(s)

2018-07-16 16:43:26 - [TEST_STEP][PASSED] - waitForElementPresent: Object 'Object Repository/OMVA_Landing_Page/CreateUser_Button' is present

2018-07-16 16:43:26 - [MESSAGE][PASSED] - Object 'Object Repository/OMVA_Landing_Page/CreateUser_Button' is present

2018-07-16 16:43:26 - [TEST_STEP][PASSED] - click: Object: 'Object Repository/OMVA_Landing_Page/CreateUser_Button' is clicked on

2018-07-16 16:43:27 - [MESSAGE][PASSED] - Object: 'Object Repository/OMVA_Landing_Page/CreateUser_Button' is clicked on

2018-07-16 16:43:27 - [TEST_STEP][PASSED] - delay: Delayed 3 second(s)

2018-07-16 16:43:30 - [MESSAGE][PASSED] - Delayed 3 second(s)

2018-07-16 16:43:30 - [TEST_STEP][PASSED] - waitForElementPresent: Object 'Object Repository/OMVA_UserManagement_Page/Role_Dropdown' is present

2018-07-16 16:43:30 - [MESSAGE][PASSED] - Object 'Object Repository/OMVA_UserManagement_Page/Role_Dropdown' is present

2018-07-16 16:43:30 - [TEST_STEP][PASSED] - Statement - If (true): null

2018-07-16 16:43:30 - [TEST_STEP][PASSED] - click: Object: 'Object Repository/OMVA_UserManagement_Page/Role_Dropdown' is clicked on

2018-07-16 16:43:30 - [MESSAGE][PASSED] - Object: 'Object Repository/OMVA_UserManagement_Page/Role_Dropdown' is clicked on

2018-07-16 16:43:30 - [TEST_STEP][PASSED] - Statement - assert true: null

2018-07-16 16:43:30 - [TEST_STEP][PASSED] - scrollToElement: Scroll to object 'Object Repository/OMVA_UserManagement_Page/DropdownOption_RoleDropdown_Market Admin' successfully

2018-07-16 16:43:30 - [MESSAGE][WARNING] - Timeout '0' is invalid. Using default page load timeout: '15'

2018-07-16 16:43:30 - [MESSAGE][PASSED] - Scroll to object 'Object Repository/OMVA_UserManagement_Page/DropdownOption_RoleDropdown_Market Admin' successfully

2018-07-16 16:43:30 - [TEST_STEP][PASSED] - click: Object: 'Object Repository/OMVA_UserManagement_Page/DropdownOption_RoleDropdown_Market Admin' is clicked on

2018-07-16 16:43:30 - [MESSAGE][PASSED] - Object: 'Object Repository/OMVA_UserManagement_Page/DropdownOption_RoleDropdown_Market Admin' is clicked on

2018-07-16 16:43:30 - [TEST_STEP][PASSED] - Statement - username = CustomKeywords.commonLibrary.commonFunctions.randomStringFunction("abcdefghijklmnopqrstuvwxyz", 6): commonLibrary.commonFunctions.randomStringFunction is PASSED

2018-07-16 16:43:30 - [MESSAGE][PASSED] - commonLibrary.commonFunctions.randomStringFunction is PASSED

2018-07-16 16:43:30 - [TEST_STEP][PASSED] - Statement - uname = username.toString(): null

2018-07-16 16:43:30 - [TEST_STEP][PASSED] - sendKeys: Keys 'fctbbx' sent to object: 'Object Repository/OMVA_UserManagement_Page/UserName_Textbox'

2018-07-16 16:43:30 - [MESSAGE][PASSED] - Keys 'fctbbx' sent to object: 'Object Repository/OMVA_UserManagement_Page/UserName_Textbox'

2018-07-16 16:43:30 - [TEST_STEP][PASSED] - Statement - emailidprefix = CustomKeywords.commonLibrary.commonFunctions.randomStringFunction("abcdefghijklmnopqrstuvwxyz", 9): commonLibrary.commonFunctions.randomStringFunction is PASSED

2018-07-16 16:43:30 - [MESSAGE][PASSED] - commonLibrary.commonFunctions.randomStringFunction is PASSED

2018-07-16 16:43:30 - [TEST_STEP][PASSED] - sendKeys: Keys 'clzgfprjk@autotestpg.com' sent to object: 'Object Repository/OMVA_UserManagement_Page/EmailID_Textbox'

2018-07-16 16:43:31 - [MESSAGE][PASSED] - Keys 'clzgfprjk@autotestpg.com' sent to object: 'Object Repository/OMVA_UserManagement_Page/EmailID_Textbox'

2018-07-16 16:43:31 - [TEST_STEP][PASSED] - Statement - firstname = CustomKeywords.commonLibrary.commonFunctions.randomStringFunction("abcdefghijklmnopqrstuvwxyz", 7): commonLibrary.commonFunctions.randomStringFunction is PASSED

2018-07-16 16:43:31 - [MESSAGE][PASSED] - commonLibrary.commonFunctions.randomStringFunction is PASSED

2018-07-16 16:43:31 - [TEST_STEP][PASSED] - sendKeys: Keys 'hajcuum' sent to object: 'Object Repository/OMVA_UserManagement_Page/FirstName_Textbox'

2018-07-16 16:43:31 - [MESSAGE][PASSED] - Keys 'hajcuum' sent to object: 'Object Repository/OMVA_UserManagement_Page/FirstName_Textbox'

2018-07-16 16:43:31 - [TEST_STEP][PASSED] - Statement - lastname = CustomKeywords.commonLibrary.commonFunctions.randomStringFunction("abcdefghijklmnopqrstuvwxyz", 7): commonLibrary.commonFunctions.randomStringFunction is PASSED

2018-07-16 16:43:31 - [MESSAGE][PASSED] - commonLibrary.commonFunctions.randomStringFunction is PASSED

2018-07-16 16:43:31 - [TEST_STEP][PASSED] - sendKeys: Keys 'snqxuyc' sent to object: 'Object Repository/OMVA_UserManagement_Page/LastName_Textbox'

2018-07-16 16:43:31 - [MESSAGE][PASSED] - Keys 'snqxuyc' sent to object: 'Object Repository/OMVA_UserManagement_Page/LastName_Textbox'

2018-07-16 16:43:31 - [TEST_STEP][PASSED] - Statement - ticketnum = CustomKeywords.commonLibrary.commonFunctions.randomStringFunction("123456789", 7): commonLibrary.commonFunctions.randomStringFunction is PASSED

2018-07-16 16:43:31 - [MESSAGE][PASSED] - commonLibrary.commonFunctions.randomStringFunction is PASSED

2018-07-16 16:43:31 - [TEST_STEP][PASSED] - sendKeys: Keys '1632429' sent to object: 'Object Repository/OMVA_UserManagement_Page/TicketNumber_Textbox'

2018-07-16 16:43:32 - [MESSAGE][PASSED] - Keys '1632429' sent to object: 'Object Repository/OMVA_UserManagement_Page/TicketNumber_Textbox'

2018-07-16 16:43:32 - [TEST_STEP][PASSED] - click: Object: 'Object Repository/OMVA_UserManagement_Page/Next_Button' is clicked on

2018-07-16 16:43:32 - [MESSAGE][PASSED] - Object: 'Object Repository/OMVA_UserManagement_Page/Next_Button' is clicked on

2018-07-16 16:43:32 - [TEST_STEP][PASSED] - applicationLibrary.checkboxMultiselection.multiselectCheckbox: applicationLibrary.checkboxMultiselection.multiselectCheckbox is PASSED

2018-07-16 16:43:34 - [MESSAGE][PASSED] - applicationLibrary.checkboxMultiselection.multiselectCheckbox is PASSED

2018-07-16 16:43:34 - [TEST_STEP][PASSED] - scrollToElement: Scroll to object 'Object Repository/OMVA_UserManagement_Page/Customer_Next_Btn' successfully

2018-07-16 16:43:34 - [MESSAGE][PASSED] - Scroll to object 'Object Repository/OMVA_UserManagement_Page/Customer_Next_Btn' successfully

2018-07-16 16:43:34 - [TEST_STEP][PASSED] - click: Object: 'Object Repository/OMVA_UserManagement_Page/Customer_Next_Btn' is clicked on

2018-07-16 16:43:34 - [MESSAGE][PASSED] - Object: 'Object Repository/OMVA_UserManagement_Page/Customer_Next_Btn' is clicked on

2018-07-16 16:43:34 - [TEST_STEP][PASSED] - applicationLibrary.checkboxMultiselection.multiselectCheckbox: applicationLibrary.checkboxMultiselection.multiselectCheckbox is PASSED

2018-07-16 16:43:37 - [MESSAGE][PASSED] - applicationLibrary.checkboxMultiselection.multiselectCheckbox is PASSED

2018-07-16 16:43:37 - [TEST_STEP][PASSED] - click: Object: 'Object Repository/OMVA_UserManagement_Page/UserCreation_Save_Btn' is clicked on

2018-07-16 16:43:37 - [MESSAGE][PASSED] - Object: 'Object Repository/OMVA_UserManagement_Page/UserCreation_Save_Btn' is clicked on

2018-07-16 16:43:37 - [TEST_STEP][PASSED] - waitForElementPresent: Object 'Object Repository/OMVA_UserManagement_Page/UserCreation_HeaderTxt' is present

2018-07-16 16:43:38 - [MESSAGE][PASSED] - Object 'Object Repository/OMVA_UserManagement_Page/UserCreation_HeaderTxt' is present

2018-07-16 16:43:38 - [TEST_STEP][PASSED] - verifyElementText: Actual text and expected text of test object 'Object Repository/OMVA_UserManagement_Page/UserCreation_HeaderTxt' are matched.

2018-07-16 16:43:38 - [MESSAGE][PASSED] - Actual text and expected text of test object 'Object Repository/OMVA_UserManagement_Page/UserCreation_HeaderTxt' are matched.

2018-07-16 16:43:38 - [TEST_STEP][PASSED] - verifyElementText: Actual text and expected text of test object 'Object Repository/OMVA_UserManagement_Page/UserCreation_ContentTxt' are matched.

2018-07-16 16:43:38 - [MESSAGE][PASSED] - Actual text and expected text of test object 'Object Repository/OMVA_UserManagement_Page/UserCreation_ContentTxt' are matched.

2018-07-16 16:43:38 - [TEST_STEP][PASSED] - delay: Delayed 5 second(s)

2018-07-16 16:43:43 - [MESSAGE][PASSED] - Delayed 5 second(s)

2018-07-16 16:43:43 - [TEST_STEP][PASSED] - waitForElementVisible: Object 'Object Repository/OMVA_UserManagement_Page/Search_button' is not visible after 5 second(s)

2018-07-16 16:43:49 - [MESSAGE][WARNING] - Object 'Object Repository/OMVA_UserManagement_Page/Search_button' is not visible after 5 second(s)

2018-07-16 16:43:49 - [TEST_STEP][FAILED] - click: Unable to click on object 'Object Repository/OMVA_UserManagement_Page/Search_button' (Root cause: org.openqa.selenium.ElementNotVisibleException: element not visible
  (Session info: chrome=67.0.3396.62)
  (Driver info: chromedriver=2.35.528161 (5b82f2d2aae0ca24b877009200ced9065a772e73),platform=Windows NT 10.0.16299 x86_64) (WARNING: The server did not provide any stacktrace information)
Command duration or timeout: 0 milliseconds
Build info: version: '3.7.1', revision: '8a0099a', time: '2017-11-06T21:07:36.161Z'
System info: host: '703177791GDL', ip: '172.16.21.232', os.name: 'Windows 10', os.arch: 'amd64', os.version: '10.0', java.version: '1.8.0_102'
Driver info: com.kms.katalon.selenium.driver.CChromeDriver
Capabilities {acceptInsecureCerts: false, acceptSslCerts: false, applicationCacheEnabled: false, browserConnectionEnabled: false, browserName: chrome, chrome: {chromedriverVersion: 2.35.528161 (5b82f2d2aae0ca..., userDataDir: D:\Users\703177791\AppData\...}, cssSelectorsEnabled: true, databaseEnabled: false, handlesAlerts: true, hasTouchScreen: false, javascriptEnabled: true, locationContextEnabled: true, mobileEmulationEnabled: false, nativeEvents: true, networkConnectionEnabled: false, pageLoadStrategy: normal, platform: XP, platformName: XP, rotatable: false, setWindowRect: true, takesHeapSnapshot: true, takesScreenshot: true, unexpectedAlertBehaviour: , unhandledPromptBehavior: , version: 67.0.3396.62, webStorageEnabled: true}
Session ID: 743f309ffae96d600ec8dace6ed991a1)

2018-07-16 16:43:49 - [MESSAGE][FAILED] - Unable to click on object 'Object Repository/OMVA_UserManagement_Page/Search_button' (Root cause: org.openqa.selenium.ElementNotVisibleException: element not visible
  (Session info: chrome=67.0.3396.62)
  (Driver info: chromedriver=2.35.528161 (5b82f2d2aae0ca24b877009200ced9065a772e73),platform=Windows NT 10.0.16299 x86_64) (WARNING: The server did not provide any stacktrace information)
Command duration or timeout: 0 milliseconds
Build info: version: '3.7.1', revision: '8a0099a', time: '2017-11-06T21:07:36.161Z'
System info: host: '703177791GDL', ip: '172.16.21.232', os.name: 'Windows 10', os.arch: 'amd64', os.version: '10.0', java.version: '1.8.0_102'
Driver info: com.kms.katalon.selenium.driver.CChromeDriver
Capabilities {acceptInsecureCerts: false, acceptSslCerts: false, applicationCacheEnabled: false, browserConnectionEnabled: false, browserName: chrome, chrome: {chromedriverVersion: 2.35.528161 (5b82f2d2aae0ca..., userDataDir: D:\Users\703177791\AppData\...}, cssSelectorsEnabled: true, databaseEnabled: false, handlesAlerts: true, hasTouchScreen: false, javascriptEnabled: true, locationContextEnabled: true, mobileEmulationEnabled: false, nativeEvents: true, networkConnectionEnabled: false, pageLoadStrategy: normal, platform: XP, platformName: XP, rotatable: false, setWindowRect: true, takesHeapSnapshot: true, takesScreenshot: true, unexpectedAlertBehaviour: , unhandledPromptBehavior: , version: 67.0.3396.62, webStorageEnabled: true}
Session ID: 743f309ffae96d600ec8dace6ed991a1)
[[ATTACHMENT|D:\\P&G New\\Automation-P&G-Code-Base\\OMVA\\Reports\\UserManagementTestSuite\\20180716_163328\\1531739629404.png]]]]></system-out>
         <system-err><![CDATA[2018-07-16 16:43:02 - [TEST_CASE][FAILED] - Test Cases/UserManagementTestCases/UserActions/Validate_User_Search: Test Cases/UserManagementTestCases/UserActions/Validate_User_Search FAILED because (of) Unable to click on object 'Object Repository/OMVA_UserManagement_Page/Search_button' (Root cause: org.openqa.selenium.ElementNotVisibleException: element not visible
  (Session info: chrome=67.0.3396.62)
  (Driver info: chromedriver=2.35.528161 (5b82f2d2aae0ca24b877009200ced9065a772e73),platform=Windows NT 10.0.16299 x86_64) (WARNING: The server did not provide any stacktrace information)
Command duration or timeout: 0 milliseconds
Build info: version: '3.7.1', revision: '8a0099a', time: '2017-11-06T21:07:36.161Z'
System info: host: '703177791GDL', ip: '172.16.21.232', os.name: 'Windows 10', os.arch: 'amd64', os.version: '10.0', java.version: '1.8.0_102'
Driver info: com.kms.katalon.selenium.driver.CChromeDriver
Capabilities {acceptInsecureCerts: false, acceptSslCerts: false, applicationCacheEnabled: false, browserConnectionEnabled: false, browserName: chrome, chrome: {chromedriverVersion: 2.35.528161 (5b82f2d2aae0ca..., userDataDir: D:\Users\703177791\AppData\...}, cssSelectorsEnabled: true, databaseEnabled: false, handlesAlerts: true, hasTouchScreen: false, javascriptEnabled: true, locationContextEnabled: true, mobileEmulationEnabled: false, nativeEvents: true, networkConnectionEnabled: false, pageLoadStrategy: normal, platform: XP, platformName: XP, rotatable: false, setWindowRect: true, takesHeapSnapshot: true, takesScreenshot: true, unexpectedAlertBehaviour: , unhandledPromptBehavior: , version: 67.0.3396.62, webStorageEnabled: true}
Session ID: 743f309ffae96d600ec8dace6ed991a1)]]></system-err>
      </testcase>
      <testcase name="Test Cases/UserManagementTestCases/UserActions/Validate_Cancel_Of_CreateUsers" classname="Test Cases/UserManagementTestCases/UserActions/Validate_Cancel_Of_CreateUsers" status="PASSED">
         <system-out><![CDATA[2018-07-16 16:43:49 - [TEST_CASE][PASSED] - Test Cases/UserManagementTestCases/UserActions/Validate_Cancel_Of_CreateUsers: Test Cases/UserManagementTestCases/UserActions/Validate_Cancel_Of_CreateUsers

2018-07-16 16:43:50 - [TEST_STEP][PASSED] - callTestCase: Call Test Case 'Test Cases/CommonTestcases/OpenBrowserandNavigateToQAURL' successfully

2018-07-16 16:43:50 - [TEST_CASE][PASSED] - Test Cases/CommonTestcases/OpenBrowserandNavigateToQAURL: Test Cases/CommonTestcases/OpenBrowserandNavigateToQAURL

2018-07-16 16:43:50 - [TEST_STEP][PASSED] - openBrowser: Browser is opened with url: ''

2018-07-16 16:43:50 - [MESSAGE][WARNING] - A browser is already opened. Closing browser and opening a new one

2018-07-16 16:43:54 - [MESSAGE][PASSED] - Browser is opened with url: ''

2018-07-16 16:43:54 - [TEST_STEP][PASSED] - navigateToUrl: Navigate to 'https://coa-demo-env.azurewebsites.net/da/index.html#/login' successfully

2018-07-16 16:44:03 - [MESSAGE][PASSED] - Navigate to 'https://coa-demo-env.azurewebsites.net/da/index.html#/login' successfully

2018-07-16 16:44:03 - [TEST_STEP][PASSED] - maximizeWindow: Current window maximized

2018-07-16 16:44:04 - [MESSAGE][PASSED] - Current window maximized

2018-07-16 16:44:04 - [MESSAGE][PASSED] - Call Test Case 'Test Cases/CommonTestcases/OpenBrowserandNavigateToQAURL' successfully

2018-07-16 16:44:04 - [TEST_STEP][PASSED] - waitForElementVisible: Object 'Object Repository/OMVA_Login_Page/Username_Textbox' is visible

2018-07-16 16:44:04 - [MESSAGE][PASSED] - Object 'Object Repository/OMVA_Login_Page/Username_Textbox' is visible

2018-07-16 16:44:04 - [TEST_STEP][PASSED] - sendKeys: Keys 'SuperAdmin' sent to object: 'Object Repository/OMVA_Login_Page/Username_Textbox'

2018-07-16 16:44:04 - [MESSAGE][PASSED] - Keys 'SuperAdmin' sent to object: 'Object Repository/OMVA_Login_Page/Username_Textbox'

2018-07-16 16:44:04 - [TEST_STEP][PASSED] - click: Object: 'Object Repository/OMVA_Login_Page/Next_Button' is clicked on

2018-07-16 16:44:04 - [MESSAGE][PASSED] - Object: 'Object Repository/OMVA_Login_Page/Next_Button' is clicked on

2018-07-16 16:44:04 - [TEST_STEP][PASSED] - waitForElementVisible: Object 'Object Repository/OMVA_Login_Page/Password_Textbox' is visible

2018-07-16 16:44:05 - [MESSAGE][PASSED] - Object 'Object Repository/OMVA_Login_Page/Password_Textbox' is visible

2018-07-16 16:44:05 - [TEST_STEP][PASSED] - sendKeys: Keys 'SuperAdmin' sent to object: 'Object Repository/OMVA_Login_Page/Password_Textbox'

2018-07-16 16:44:05 - [MESSAGE][PASSED] - Keys 'SuperAdmin' sent to object: 'Object Repository/OMVA_Login_Page/Password_Textbox'

2018-07-16 16:44:05 - [TEST_STEP][PASSED] - click: Object: 'Object Repository/OMVA_Login_Page/Signin_Button' is clicked on

2018-07-16 16:44:05 - [MESSAGE][PASSED] - Object: 'Object Repository/OMVA_Login_Page/Signin_Button' is clicked on

2018-07-16 16:44:05 - [TEST_STEP][PASSED] - waitForPageLoad: Wait for page load successfully

2018-07-16 16:44:05 - [MESSAGE][PASSED] - Wait for page load successfully

2018-07-16 16:44:05 - [TEST_STEP][PASSED] - delay: Delayed 5 second(s)

2018-07-16 16:44:10 - [MESSAGE][PASSED] - Delayed 5 second(s)

2018-07-16 16:44:10 - [TEST_STEP][PASSED] - waitForElementPresent: Object 'Object Repository/OMVA_Landing_Page/CreateUser_Button' is present

2018-07-16 16:44:10 - [MESSAGE][PASSED] - Object 'Object Repository/OMVA_Landing_Page/CreateUser_Button' is present

2018-07-16 16:44:10 - [TEST_STEP][PASSED] - click: Object: 'Object Repository/OMVA_Landing_Page/CreateUser_Button' is clicked on

2018-07-16 16:44:11 - [MESSAGE][PASSED] - Object: 'Object Repository/OMVA_Landing_Page/CreateUser_Button' is clicked on

2018-07-16 16:44:11 - [TEST_STEP][PASSED] - delay: Delayed 3 second(s)

2018-07-16 16:44:14 - [MESSAGE][PASSED] - Delayed 3 second(s)

2018-07-16 16:44:14 - [TEST_STEP][PASSED] - waitForElementPresent: Object 'Object Repository/OMVA_UserManagement_Page/Role_Dropdown' is present

2018-07-16 16:44:14 - [MESSAGE][PASSED] - Object 'Object Repository/OMVA_UserManagement_Page/Role_Dropdown' is present

2018-07-16 16:44:14 - [TEST_STEP][PASSED] - Statement - If (true): null

2018-07-16 16:44:14 - [TEST_STEP][PASSED] - click: Object: 'Object Repository/OMVA_UserManagement_Page/Role_Dropdown' is clicked on

2018-07-16 16:44:14 - [MESSAGE][PASSED] - Object: 'Object Repository/OMVA_UserManagement_Page/Role_Dropdown' is clicked on

2018-07-16 16:44:14 - [TEST_STEP][PASSED] - Statement - assert true: null

2018-07-16 16:44:14 - [TEST_STEP][PASSED] - scrollToElement: Scroll to object 'Object Repository/OMVA_UserManagement_Page/DropdownOption_RoleDropdown_Market Admin' successfully

2018-07-16 16:44:14 - [MESSAGE][WARNING] - Timeout '0' is invalid. Using default page load timeout: '15'

2018-07-16 16:44:14 - [MESSAGE][PASSED] - Scroll to object 'Object Repository/OMVA_UserManagement_Page/DropdownOption_RoleDropdown_Market Admin' successfully

2018-07-16 16:44:14 - [TEST_STEP][PASSED] - click: Object: 'Object Repository/OMVA_UserManagement_Page/DropdownOption_RoleDropdown_Market Admin' is clicked on

2018-07-16 16:44:14 - [MESSAGE][PASSED] - Object: 'Object Repository/OMVA_UserManagement_Page/DropdownOption_RoleDropdown_Market Admin' is clicked on

2018-07-16 16:44:14 - [TEST_STEP][PASSED] - Statement - username = CustomKeywords.commonLibrary.commonFunctions.randomStringFunction("abcdefghijklmnopqrstuvwxyz", 6): commonLibrary.commonFunctions.randomStringFunction is PASSED

2018-07-16 16:44:14 - [MESSAGE][PASSED] - commonLibrary.commonFunctions.randomStringFunction is PASSED

2018-07-16 16:44:14 - [TEST_STEP][PASSED] - Statement - uname = username.toString(): null

2018-07-16 16:44:14 - [TEST_STEP][PASSED] - sendKeys: Keys 'kfbwbw' sent to object: 'Object Repository/OMVA_UserManagement_Page/UserName_Textbox'

2018-07-16 16:44:15 - [MESSAGE][PASSED] - Keys 'kfbwbw' sent to object: 'Object Repository/OMVA_UserManagement_Page/UserName_Textbox'

2018-07-16 16:44:15 - [TEST_STEP][PASSED] - Statement - emailidprefix = CustomKeywords.commonLibrary.commonFunctions.randomStringFunction("abcdefghijklmnopqrstuvwxyz", 9): commonLibrary.commonFunctions.randomStringFunction is PASSED

2018-07-16 16:44:15 - [MESSAGE][PASSED] - commonLibrary.commonFunctions.randomStringFunction is PASSED

2018-07-16 16:44:15 - [TEST_STEP][PASSED] - sendKeys: Keys 'evjycqceo@autotestpg.com' sent to object: 'Object Repository/OMVA_UserManagement_Page/EmailID_Textbox'

2018-07-16 16:44:15 - [MESSAGE][PASSED] - Keys 'evjycqceo@autotestpg.com' sent to object: 'Object Repository/OMVA_UserManagement_Page/EmailID_Textbox'

2018-07-16 16:44:15 - [TEST_STEP][PASSED] - Statement - firstname = CustomKeywords.commonLibrary.commonFunctions.randomStringFunction("abcdefghijklmnopqrstuvwxyz", 7): commonLibrary.commonFunctions.randomStringFunction is PASSED

2018-07-16 16:44:15 - [MESSAGE][PASSED] - commonLibrary.commonFunctions.randomStringFunction is PASSED

2018-07-16 16:44:15 - [TEST_STEP][PASSED] - sendKeys: Keys 'vfxvlqq' sent to object: 'Object Repository/OMVA_UserManagement_Page/FirstName_Textbox'

2018-07-16 16:44:15 - [MESSAGE][PASSED] - Keys 'vfxvlqq' sent to object: 'Object Repository/OMVA_UserManagement_Page/FirstName_Textbox'

2018-07-16 16:44:15 - [TEST_STEP][PASSED] - Statement - lastname = CustomKeywords.commonLibrary.commonFunctions.randomStringFunction("abcdefghijklmnopqrstuvwxyz", 7): commonLibrary.commonFunctions.randomStringFunction is PASSED

2018-07-16 16:44:15 - [MESSAGE][PASSED] - commonLibrary.commonFunctions.randomStringFunction is PASSED

2018-07-16 16:44:15 - [TEST_STEP][PASSED] - sendKeys: Keys 'jpqjbrx' sent to object: 'Object Repository/OMVA_UserManagement_Page/LastName_Textbox'

2018-07-16 16:44:16 - [MESSAGE][PASSED] - Keys 'jpqjbrx' sent to object: 'Object Repository/OMVA_UserManagement_Page/LastName_Textbox'

2018-07-16 16:44:16 - [TEST_STEP][PASSED] - Statement - ticketnum = CustomKeywords.commonLibrary.commonFunctions.randomStringFunction("123456789", 7): commonLibrary.commonFunctions.randomStringFunction is PASSED

2018-07-16 16:44:16 - [MESSAGE][PASSED] - commonLibrary.commonFunctions.randomStringFunction is PASSED

2018-07-16 16:44:16 - [TEST_STEP][PASSED] - sendKeys: Keys '3553118' sent to object: 'Object Repository/OMVA_UserManagement_Page/TicketNumber_Textbox'

2018-07-16 16:44:16 - [MESSAGE][PASSED] - Keys '3553118' sent to object: 'Object Repository/OMVA_UserManagement_Page/TicketNumber_Textbox'

2018-07-16 16:44:16 - [TEST_STEP][PASSED] - click: Object: 'Object Repository/OMVA_UserManagement_Page/Next_Button' is clicked on

2018-07-16 16:44:16 - [MESSAGE][PASSED] - Object: 'Object Repository/OMVA_UserManagement_Page/Next_Button' is clicked on

2018-07-16 16:44:16 - [TEST_STEP][PASSED] - applicationLibrary.checkboxMultiselection.multiselectCheckbox: applicationLibrary.checkboxMultiselection.multiselectCheckbox is PASSED

2018-07-16 16:44:18 - [MESSAGE][PASSED] - applicationLibrary.checkboxMultiselection.multiselectCheckbox is PASSED

2018-07-16 16:44:18 - [TEST_STEP][PASSED] - scrollToElement: Scroll to object 'Object Repository/OMVA_UserManagement_Page/Customer_Next_Btn' successfully

2018-07-16 16:44:18 - [MESSAGE][PASSED] - Scroll to object 'Object Repository/OMVA_UserManagement_Page/Customer_Next_Btn' successfully

2018-07-16 16:44:18 - [TEST_STEP][PASSED] - click: Object: 'Object Repository/OMVA_UserManagement_Page/Customer_Next_Btn' is clicked on

2018-07-16 16:44:19 - [MESSAGE][PASSED] - Object: 'Object Repository/OMVA_UserManagement_Page/Customer_Next_Btn' is clicked on

2018-07-16 16:44:19 - [TEST_STEP][PASSED] - click: Object: 'Object Repository/OMVA_UserManagement_Page/Cancel_button_ProductCategory' is clicked on

2018-07-16 16:44:19 - [MESSAGE][PASSED] - Object: 'Object Repository/OMVA_UserManagement_Page/Cancel_button_ProductCategory' is clicked on

2018-07-16 16:44:19 - [TEST_STEP][PASSED] - delay: Delayed 5 second(s)

2018-07-16 16:44:24 - [MESSAGE][PASSED] - Delayed 5 second(s)

2018-07-16 16:44:24 - [TEST_STEP][PASSED] - click: Object: 'Object Repository/OMVA_UserManagement_Page/OK_DiscardChanges' is clicked on

2018-07-16 16:44:24 - [MESSAGE][PASSED] - Object: 'Object Repository/OMVA_UserManagement_Page/OK_DiscardChanges' is clicked on

2018-07-16 16:44:24 - [TEST_STEP][PASSED] - closeBrowser: Browser is closed

2018-07-16 16:44:25 - [MESSAGE][PASSED] - Browser is closed]]></system-out>
         <system-err><![CDATA[]]></system-err>
      </testcase>
      <testcase name="Test Cases/UserManagementTestCases/UserActions/LockUser" classname="Test Cases/UserManagementTestCases/UserActions/LockUser" status="PASSED">
         <system-out><![CDATA[2018-07-16 16:44:25 - [TEST_CASE][PASSED] - Test Cases/UserManagementTestCases/UserActions/LockUser: Test Cases/UserManagementTestCases/UserActions/LockUser

2018-07-16 16:44:25 - [TEST_STEP][PASSED] - callTestCase: Call Test Case 'Test Cases/UserManagementTestCases/Login/Invalid_Login' successfully

2018-07-16 16:44:26 - [TEST_CASE][PASSED] - Test Cases/UserManagementTestCases/Login/Invalid_Login: Test Cases/UserManagementTestCases/Login/Invalid_Login

2018-07-16 16:44:26 - [TEST_STEP][PASSED] - callTestCase: Call Test Case 'Test Cases/CommonTestcases/OpenBrowserandNavigateToQAURL' successfully

2018-07-16 16:44:26 - [TEST_CASE][PASSED] - Test Cases/CommonTestcases/OpenBrowserandNavigateToQAURL: Test Cases/CommonTestcases/OpenBrowserandNavigateToQAURL

2018-07-16 16:44:26 - [TEST_STEP][PASSED] - openBrowser: Browser is opened with url: ''

2018-07-16 16:44:28 - [MESSAGE][PASSED] - Browser is opened with url: ''

2018-07-16 16:44:28 - [TEST_STEP][PASSED] - navigateToUrl: Navigate to 'https://coa-demo-env.azurewebsites.net/da/index.html#/login' successfully

2018-07-16 16:44:41 - [MESSAGE][PASSED] - Navigate to 'https://coa-demo-env.azurewebsites.net/da/index.html#/login' successfully

2018-07-16 16:44:41 - [TEST_STEP][PASSED] - maximizeWindow: Current window maximized

2018-07-16 16:44:43 - [MESSAGE][PASSED] - Current window maximized

2018-07-16 16:44:43 - [MESSAGE][PASSED] - Call Test Case 'Test Cases/CommonTestcases/OpenBrowserandNavigateToQAURL' successfully

2018-07-16 16:44:43 - [TEST_STEP][PASSED] - waitForElementVisible: Object 'Object Repository/OMVA_Login_Page/Username_Textbox' is visible

2018-07-16 16:44:43 - [MESSAGE][PASSED] - Object 'Object Repository/OMVA_Login_Page/Username_Textbox' is visible

2018-07-16 16:44:43 - [TEST_STEP][PASSED] - sendKeys: Keys 'Lock' sent to object: 'Object Repository/OMVA_Login_Page/Username_Textbox'

2018-07-16 16:44:43 - [MESSAGE][PASSED] - Keys 'Lock' sent to object: 'Object Repository/OMVA_Login_Page/Username_Textbox'

2018-07-16 16:44:43 - [TEST_STEP][PASSED] - click: Object: 'Object Repository/OMVA_Login_Page/Next_Button' is clicked on

2018-07-16 16:44:43 - [MESSAGE][PASSED] - Object: 'Object Repository/OMVA_Login_Page/Next_Button' is clicked on

2018-07-16 16:44:43 - [TEST_STEP][PASSED] - Statement - If (true): null

2018-07-16 16:44:43 - [TEST_STEP][PASSED] - waitForElementVisible: Object 'Object Repository/OMVA_Login_Page/Password_Textbox' is visible

2018-07-16 16:44:44 - [MESSAGE][PASSED] - Object 'Object Repository/OMVA_Login_Page/Password_Textbox' is visible

2018-07-16 16:44:44 - [TEST_STEP][PASSED] - Statement - assert true: null

2018-07-16 16:44:44 - [TEST_STEP][PASSED] - sendKeys: Keys 'Pwd' sent to object: 'Object Repository/OMVA_Login_Page/Password_Textbox'

2018-07-16 16:44:44 - [MESSAGE][PASSED] - Keys 'Pwd' sent to object: 'Object Repository/OMVA_Login_Page/Password_Textbox'

2018-07-16 16:44:44 - [TEST_STEP][PASSED] - click: Object: 'Object Repository/OMVA_Login_Page/Signin_Button' is clicked on

2018-07-16 16:44:44 - [MESSAGE][PASSED] - Object: 'Object Repository/OMVA_Login_Page/Signin_Button' is clicked on

2018-07-16 16:44:44 - [TEST_STEP][PASSED] - Statement - AHeaderTxt = com.kms.katalon.core.webui.keyword.WebUiBuiltInKeywords.getText(com.kms.katalon.core.testobject.ObjectRepository.findTestObject(OMVA_Login_Page/InvalidLogin_HeaderTxt)): Text of object 'Object Repository/OMVA_Login_Page/InvalidLogin_HeaderTxt' is: 'Invalid Credentials'

2018-07-16 16:44:45 - [MESSAGE][PASSED] - Text of object 'Object Repository/OMVA_Login_Page/InvalidLogin_HeaderTxt' is: 'Invalid Credentials'

2018-07-16 16:44:45 - [TEST_STEP][PASSED] - verifyMatch: Actual text 'Invalid Credentials' and expected text 'Invalid Credentials' are matched  using regular expression

2018-07-16 16:44:45 - [MESSAGE][PASSED] - Actual text 'Invalid Credentials' and expected text 'Invalid Credentials' are matched  using regular expression

2018-07-16 16:44:45 - [TEST_STEP][PASSED] - Statement - AContentTxt = com.kms.katalon.core.webui.keyword.WebUiBuiltInKeywords.getText(com.kms.katalon.core.testobject.ObjectRepository.findTestObject(OMVA_Login_Page/InvalidLogin_ContentTxt)): Text of object 'Object Repository/OMVA_Login_Page/InvalidLogin_ContentTxt' is: 'The specified username / password is invalid. Please try again.'

2018-07-16 16:44:45 - [MESSAGE][PASSED] - Text of object 'Object Repository/OMVA_Login_Page/InvalidLogin_ContentTxt' is: 'The specified username / password is invalid. Please try again.'

2018-07-16 16:44:45 - [TEST_STEP][PASSED] - verifyMatch: Actual text 'The specified username / password is invalid. Please try again.' and expected text 'The specified username / password is invalid. Please try again.' are matched  using regular expression

2018-07-16 16:44:45 - [MESSAGE][PASSED] - Actual text 'The specified username / password is invalid. Please try again.' and expected text 'The specified username / password is invalid. Please try again.' are matched  using regular expression

2018-07-16 16:44:45 - [TEST_STEP][PASSED] - waitForElementVisible: Object 'Object Repository/OMVA_Login_Page/InvalidLogin_OKbtn' is visible

2018-07-16 16:44:45 - [MESSAGE][PASSED] - Object 'Object Repository/OMVA_Login_Page/InvalidLogin_OKbtn' is visible

2018-07-16 16:44:45 - [TEST_STEP][PASSED] - Statement - assert true: null

2018-07-16 16:44:45 - [TEST_STEP][PASSED] - click: Object: 'Object Repository/OMVA_Login_Page/InvalidLogin_OKbtn' is clicked on

2018-07-16 16:44:45 - [MESSAGE][PASSED] - Object: 'Object Repository/OMVA_Login_Page/InvalidLogin_OKbtn' is clicked on

2018-07-16 16:44:45 - [TEST_STEP][PASSED] - closeBrowser: Browser is closed

2018-07-16 16:44:46 - [MESSAGE][PASSED] - Browser is closed

2018-07-16 16:44:46 - [MESSAGE][PASSED] - Call Test Case 'Test Cases/UserManagementTestCases/Login/Invalid_Login' successfully

2018-07-16 16:44:46 - [TEST_STEP][PASSED] - callTestCase: Call Test Case 'Test Cases/UserManagementTestCases/Login/Invalid_Login' successfully

2018-07-16 16:44:46 - [TEST_CASE][PASSED] - Test Cases/UserManagementTestCases/Login/Invalid_Login: Test Cases/UserManagementTestCases/Login/Invalid_Login

2018-07-16 16:44:46 - [TEST_STEP][PASSED] - callTestCase: Call Test Case 'Test Cases/CommonTestcases/OpenBrowserandNavigateToQAURL' successfully

2018-07-16 16:44:46 - [TEST_CASE][PASSED] - Test Cases/CommonTestcases/OpenBrowserandNavigateToQAURL: Test Cases/CommonTestcases/OpenBrowserandNavigateToQAURL

2018-07-16 16:44:46 - [TEST_STEP][PASSED] - openBrowser: Browser is opened with url: ''

2018-07-16 16:44:49 - [MESSAGE][PASSED] - Browser is opened with url: ''

2018-07-16 16:44:49 - [TEST_STEP][PASSED] - navigateToUrl: Navigate to 'https://coa-demo-env.azurewebsites.net/da/index.html#/login' successfully

2018-07-16 16:44:57 - [MESSAGE][PASSED] - Navigate to 'https://coa-demo-env.azurewebsites.net/da/index.html#/login' successfully

2018-07-16 16:44:57 - [TEST_STEP][PASSED] - maximizeWindow: Current window maximized

2018-07-16 16:44:58 - [MESSAGE][PASSED] - Current window maximized

2018-07-16 16:44:58 - [MESSAGE][PASSED] - Call Test Case 'Test Cases/CommonTestcases/OpenBrowserandNavigateToQAURL' successfully

2018-07-16 16:44:58 - [TEST_STEP][PASSED] - waitForElementVisible: Object 'Object Repository/OMVA_Login_Page/Username_Textbox' is visible

2018-07-16 16:44:58 - [MESSAGE][PASSED] - Object 'Object Repository/OMVA_Login_Page/Username_Textbox' is visible

2018-07-16 16:44:58 - [TEST_STEP][PASSED] - sendKeys: Keys 'Lock' sent to object: 'Object Repository/OMVA_Login_Page/Username_Textbox'

2018-07-16 16:44:58 - [MESSAGE][PASSED] - Keys 'Lock' sent to object: 'Object Repository/OMVA_Login_Page/Username_Textbox'

2018-07-16 16:44:58 - [TEST_STEP][PASSED] - click: Object: 'Object Repository/OMVA_Login_Page/Next_Button' is clicked on

2018-07-16 16:44:58 - [MESSAGE][PASSED] - Object: 'Object Repository/OMVA_Login_Page/Next_Button' is clicked on

2018-07-16 16:44:58 - [TEST_STEP][PASSED] - Statement - If (true): null

2018-07-16 16:44:58 - [TEST_STEP][PASSED] - waitForElementVisible: Object 'Object Repository/OMVA_Login_Page/Password_Textbox' is visible

2018-07-16 16:44:58 - [MESSAGE][PASSED] - Object 'Object Repository/OMVA_Login_Page/Password_Textbox' is visible

2018-07-16 16:44:58 - [TEST_STEP][PASSED] - Statement - assert true: null

2018-07-16 16:44:58 - [TEST_STEP][PASSED] - sendKeys: Keys 'Pwd' sent to object: 'Object Repository/OMVA_Login_Page/Password_Textbox'

2018-07-16 16:44:59 - [MESSAGE][PASSED] - Keys 'Pwd' sent to object: 'Object Repository/OMVA_Login_Page/Password_Textbox'

2018-07-16 16:44:59 - [TEST_STEP][PASSED] - click: Object: 'Object Repository/OMVA_Login_Page/Signin_Button' is clicked on

2018-07-16 16:44:59 - [MESSAGE][PASSED] - Object: 'Object Repository/OMVA_Login_Page/Signin_Button' is clicked on

2018-07-16 16:44:59 - [TEST_STEP][PASSED] - Statement - AHeaderTxt = com.kms.katalon.core.webui.keyword.WebUiBuiltInKeywords.getText(com.kms.katalon.core.testobject.ObjectRepository.findTestObject(OMVA_Login_Page/InvalidLogin_HeaderTxt)): Text of object 'Object Repository/OMVA_Login_Page/InvalidLogin_HeaderTxt' is: 'Invalid Credentials'

2018-07-16 16:44:59 - [MESSAGE][PASSED] - Text of object 'Object Repository/OMVA_Login_Page/InvalidLogin_HeaderTxt' is: 'Invalid Credentials'

2018-07-16 16:44:59 - [TEST_STEP][PASSED] - verifyMatch: Actual text 'Invalid Credentials' and expected text 'Invalid Credentials' are matched  using regular expression

2018-07-16 16:44:59 - [MESSAGE][PASSED] - Actual text 'Invalid Credentials' and expected text 'Invalid Credentials' are matched  using regular expression

2018-07-16 16:44:59 - [TEST_STEP][PASSED] - Statement - AContentTxt = com.kms.katalon.core.webui.keyword.WebUiBuiltInKeywords.getText(com.kms.katalon.core.testobject.ObjectRepository.findTestObject(OMVA_Login_Page/InvalidLogin_ContentTxt)): Text of object 'Object Repository/OMVA_Login_Page/InvalidLogin_ContentTxt' is: 'The specified username / password is invalid. Please try again.'

2018-07-16 16:45:00 - [MESSAGE][PASSED] - Text of object 'Object Repository/OMVA_Login_Page/InvalidLogin_ContentTxt' is: 'The specified username / password is invalid. Please try again.'

2018-07-16 16:45:00 - [TEST_STEP][PASSED] - verifyMatch: Actual text 'The specified username / password is invalid. Please try again.' and expected text 'The specified username / password is invalid. Please try again.' are matched  using regular expression

2018-07-16 16:45:00 - [MESSAGE][PASSED] - Actual text 'The specified username / password is invalid. Please try again.' and expected text 'The specified username / password is invalid. Please try again.' are matched  using regular expression

2018-07-16 16:45:00 - [TEST_STEP][PASSED] - waitForElementVisible: Object 'Object Repository/OMVA_Login_Page/InvalidLogin_OKbtn' is visible

2018-07-16 16:45:00 - [MESSAGE][PASSED] - Object 'Object Repository/OMVA_Login_Page/InvalidLogin_OKbtn' is visible

2018-07-16 16:45:00 - [TEST_STEP][PASSED] - Statement - assert true: null

2018-07-16 16:45:00 - [TEST_STEP][PASSED] - click: Object: 'Object Repository/OMVA_Login_Page/InvalidLogin_OKbtn' is clicked on

2018-07-16 16:45:00 - [MESSAGE][PASSED] - Object: 'Object Repository/OMVA_Login_Page/InvalidLogin_OKbtn' is clicked on

2018-07-16 16:45:00 - [TEST_STEP][PASSED] - closeBrowser: Browser is closed

2018-07-16 16:45:00 - [MESSAGE][PASSED] - Browser is closed

2018-07-16 16:45:00 - [MESSAGE][PASSED] - Call Test Case 'Test Cases/UserManagementTestCases/Login/Invalid_Login' successfully

2018-07-16 16:45:00 - [TEST_STEP][PASSED] - callTestCase: Call Test Case 'Test Cases/UserManagementTestCases/Login/Invalid_Login' successfully

2018-07-16 16:45:01 - [TEST_CASE][PASSED] - Test Cases/UserManagementTestCases/Login/Invalid_Login: Test Cases/UserManagementTestCases/Login/Invalid_Login

2018-07-16 16:45:01 - [TEST_STEP][PASSED] - callTestCase: Call Test Case 'Test Cases/CommonTestcases/OpenBrowserandNavigateToQAURL' successfully

2018-07-16 16:45:01 - [TEST_CASE][PASSED] - Test Cases/CommonTestcases/OpenBrowserandNavigateToQAURL: Test Cases/CommonTestcases/OpenBrowserandNavigateToQAURL

2018-07-16 16:45:01 - [TEST_STEP][PASSED] - openBrowser: Browser is opened with url: ''

2018-07-16 16:45:04 - [MESSAGE][PASSED] - Browser is opened with url: ''

2018-07-16 16:45:04 - [TEST_STEP][PASSED] - navigateToUrl: Navigate to 'https://coa-demo-env.azurewebsites.net/da/index.html#/login' successfully

2018-07-16 16:45:13 - [MESSAGE][PASSED] - Navigate to 'https://coa-demo-env.azurewebsites.net/da/index.html#/login' successfully

2018-07-16 16:45:13 - [TEST_STEP][PASSED] - maximizeWindow: Current window maximized

2018-07-16 16:45:14 - [MESSAGE][PASSED] - Current window maximized

2018-07-16 16:45:14 - [MESSAGE][PASSED] - Call Test Case 'Test Cases/CommonTestcases/OpenBrowserandNavigateToQAURL' successfully

2018-07-16 16:45:14 - [TEST_STEP][PASSED] - waitForElementVisible: Object 'Object Repository/OMVA_Login_Page/Username_Textbox' is visible

2018-07-16 16:45:14 - [MESSAGE][PASSED] - Object 'Object Repository/OMVA_Login_Page/Username_Textbox' is visible

2018-07-16 16:45:14 - [TEST_STEP][PASSED] - sendKeys: Keys 'Lock' sent to object: 'Object Repository/OMVA_Login_Page/Username_Textbox'

2018-07-16 16:45:14 - [MESSAGE][PASSED] - Keys 'Lock' sent to object: 'Object Repository/OMVA_Login_Page/Username_Textbox'

2018-07-16 16:45:14 - [TEST_STEP][PASSED] - click: Object: 'Object Repository/OMVA_Login_Page/Next_Button' is clicked on

2018-07-16 16:45:14 - [MESSAGE][PASSED] - Object: 'Object Repository/OMVA_Login_Page/Next_Button' is clicked on

2018-07-16 16:45:14 - [TEST_STEP][PASSED] - Statement - If (true): null

2018-07-16 16:45:14 - [TEST_STEP][PASSED] - waitForElementVisible: Object 'Object Repository/OMVA_Login_Page/Password_Textbox' is visible

2018-07-16 16:45:15 - [MESSAGE][PASSED] - Object 'Object Repository/OMVA_Login_Page/Password_Textbox' is visible

2018-07-16 16:45:15 - [TEST_STEP][PASSED] - Statement - assert true: null

2018-07-16 16:45:15 - [TEST_STEP][PASSED] - sendKeys: Keys 'Pwd' sent to object: 'Object Repository/OMVA_Login_Page/Password_Textbox'

2018-07-16 16:45:15 - [MESSAGE][PASSED] - Keys 'Pwd' sent to object: 'Object Repository/OMVA_Login_Page/Password_Textbox'

2018-07-16 16:45:15 - [TEST_STEP][PASSED] - click: Object: 'Object Repository/OMVA_Login_Page/Signin_Button' is clicked on

2018-07-16 16:45:16 - [MESSAGE][PASSED] - Object: 'Object Repository/OMVA_Login_Page/Signin_Button' is clicked on

2018-07-16 16:45:16 - [TEST_STEP][PASSED] - Statement - AHeaderTxt = com.kms.katalon.core.webui.keyword.WebUiBuiltInKeywords.getText(com.kms.katalon.core.testobject.ObjectRepository.findTestObject(OMVA_Login_Page/InvalidLogin_HeaderTxt)): Text of object 'Object Repository/OMVA_Login_Page/InvalidLogin_HeaderTxt' is: 'Invalid Credentials'

2018-07-16 16:45:16 - [MESSAGE][PASSED] - Text of object 'Object Repository/OMVA_Login_Page/InvalidLogin_HeaderTxt' is: 'Invalid Credentials'

2018-07-16 16:45:16 - [TEST_STEP][PASSED] - verifyMatch: Actual text 'Invalid Credentials' and expected text 'Invalid Credentials' are matched  using regular expression

2018-07-16 16:45:16 - [MESSAGE][PASSED] - Actual text 'Invalid Credentials' and expected text 'Invalid Credentials' are matched  using regular expression

2018-07-16 16:45:16 - [TEST_STEP][PASSED] - Statement - AContentTxt = com.kms.katalon.core.webui.keyword.WebUiBuiltInKeywords.getText(com.kms.katalon.core.testobject.ObjectRepository.findTestObject(OMVA_Login_Page/InvalidLogin_ContentTxt)): Text of object 'Object Repository/OMVA_Login_Page/InvalidLogin_ContentTxt' is: 'The specified username / password is invalid. Please try again.'

2018-07-16 16:45:17 - [MESSAGE][PASSED] - Text of object 'Object Repository/OMVA_Login_Page/InvalidLogin_ContentTxt' is: 'The specified username / password is invalid. Please try again.'

2018-07-16 16:45:17 - [TEST_STEP][PASSED] - verifyMatch: Actual text 'The specified username / password is invalid. Please try again.' and expected text 'The specified username / password is invalid. Please try again.' are matched  using regular expression

2018-07-16 16:45:17 - [MESSAGE][PASSED] - Actual text 'The specified username / password is invalid. Please try again.' and expected text 'The specified username / password is invalid. Please try again.' are matched  using regular expression

2018-07-16 16:45:17 - [TEST_STEP][PASSED] - waitForElementVisible: Object 'Object Repository/OMVA_Login_Page/InvalidLogin_OKbtn' is visible

2018-07-16 16:45:17 - [MESSAGE][PASSED] - Object 'Object Repository/OMVA_Login_Page/InvalidLogin_OKbtn' is visible

2018-07-16 16:45:17 - [TEST_STEP][PASSED] - Statement - assert true: null

2018-07-16 16:45:17 - [TEST_STEP][PASSED] - click: Object: 'Object Repository/OMVA_Login_Page/InvalidLogin_OKbtn' is clicked on

2018-07-16 16:45:17 - [MESSAGE][PASSED] - Object: 'Object Repository/OMVA_Login_Page/InvalidLogin_OKbtn' is clicked on

2018-07-16 16:45:17 - [TEST_STEP][PASSED] - closeBrowser: Browser is closed

2018-07-16 16:45:17 - [MESSAGE][PASSED] - Browser is closed

2018-07-16 16:45:17 - [MESSAGE][PASSED] - Call Test Case 'Test Cases/UserManagementTestCases/Login/Invalid_Login' successfully

2018-07-16 16:45:17 - [TEST_STEP][PASSED] - callTestCase: Call Test Case 'Test Cases/UserManagementTestCases/Login/Invalid_Login' successfully

2018-07-16 16:45:18 - [TEST_CASE][PASSED] - Test Cases/UserManagementTestCases/Login/Invalid_Login: Test Cases/UserManagementTestCases/Login/Invalid_Login

2018-07-16 16:45:18 - [TEST_STEP][PASSED] - callTestCase: Call Test Case 'Test Cases/CommonTestcases/OpenBrowserandNavigateToQAURL' successfully

2018-07-16 16:45:18 - [TEST_CASE][PASSED] - Test Cases/CommonTestcases/OpenBrowserandNavigateToQAURL: Test Cases/CommonTestcases/OpenBrowserandNavigateToQAURL

2018-07-16 16:45:18 - [TEST_STEP][PASSED] - openBrowser: Browser is opened with url: ''

2018-07-16 16:45:20 - [MESSAGE][PASSED] - Browser is opened with url: ''

2018-07-16 16:45:20 - [TEST_STEP][PASSED] - navigateToUrl: Navigate to 'https://coa-demo-env.azurewebsites.net/da/index.html#/login' successfully

2018-07-16 16:45:28 - [MESSAGE][PASSED] - Navigate to 'https://coa-demo-env.azurewebsites.net/da/index.html#/login' successfully

2018-07-16 16:45:28 - [TEST_STEP][PASSED] - maximizeWindow: Current window maximized

2018-07-16 16:45:29 - [MESSAGE][PASSED] - Current window maximized

2018-07-16 16:45:29 - [MESSAGE][PASSED] - Call Test Case 'Test Cases/CommonTestcases/OpenBrowserandNavigateToQAURL' successfully

2018-07-16 16:45:29 - [TEST_STEP][PASSED] - waitForElementVisible: Object 'Object Repository/OMVA_Login_Page/Username_Textbox' is visible

2018-07-16 16:45:30 - [MESSAGE][PASSED] - Object 'Object Repository/OMVA_Login_Page/Username_Textbox' is visible

2018-07-16 16:45:30 - [TEST_STEP][PASSED] - sendKeys: Keys 'Lock' sent to object: 'Object Repository/OMVA_Login_Page/Username_Textbox'

2018-07-16 16:45:30 - [MESSAGE][PASSED] - Keys 'Lock' sent to object: 'Object Repository/OMVA_Login_Page/Username_Textbox'

2018-07-16 16:45:30 - [TEST_STEP][PASSED] - click: Object: 'Object Repository/OMVA_Login_Page/Next_Button' is clicked on

2018-07-16 16:45:30 - [MESSAGE][PASSED] - Object: 'Object Repository/OMVA_Login_Page/Next_Button' is clicked on

2018-07-16 16:45:30 - [TEST_STEP][PASSED] - Statement - If (true): null

2018-07-16 16:45:30 - [TEST_STEP][PASSED] - waitForElementVisible: Object 'Object Repository/OMVA_Login_Page/Password_Textbox' is visible

2018-07-16 16:45:31 - [MESSAGE][PASSED] - Object 'Object Repository/OMVA_Login_Page/Password_Textbox' is visible

2018-07-16 16:45:31 - [TEST_STEP][PASSED] - Statement - assert true: null

2018-07-16 16:45:31 - [TEST_STEP][PASSED] - sendKeys: Keys 'Pwd' sent to object: 'Object Repository/OMVA_Login_Page/Password_Textbox'

2018-07-16 16:45:31 - [MESSAGE][PASSED] - Keys 'Pwd' sent to object: 'Object Repository/OMVA_Login_Page/Password_Textbox'

2018-07-16 16:45:31 - [TEST_STEP][PASSED] - click: Object: 'Object Repository/OMVA_Login_Page/Signin_Button' is clicked on

2018-07-16 16:45:31 - [MESSAGE][PASSED] - Object: 'Object Repository/OMVA_Login_Page/Signin_Button' is clicked on

2018-07-16 16:45:31 - [TEST_STEP][PASSED] - Statement - AHeaderTxt = com.kms.katalon.core.webui.keyword.WebUiBuiltInKeywords.getText(com.kms.katalon.core.testobject.ObjectRepository.findTestObject(OMVA_Login_Page/InvalidLogin_HeaderTxt)): Text of object 'Object Repository/OMVA_Login_Page/InvalidLogin_HeaderTxt' is: 'Invalid Credentials'

2018-07-16 16:45:32 - [MESSAGE][PASSED] - Text of object 'Object Repository/OMVA_Login_Page/InvalidLogin_HeaderTxt' is: 'Invalid Credentials'

2018-07-16 16:45:32 - [TEST_STEP][PASSED] - verifyMatch: Actual text 'Invalid Credentials' and expected text 'Invalid Credentials' are matched  using regular expression

2018-07-16 16:45:32 - [MESSAGE][PASSED] - Actual text 'Invalid Credentials' and expected text 'Invalid Credentials' are matched  using regular expression

2018-07-16 16:45:32 - [TEST_STEP][PASSED] - Statement - AContentTxt = com.kms.katalon.core.webui.keyword.WebUiBuiltInKeywords.getText(com.kms.katalon.core.testobject.ObjectRepository.findTestObject(OMVA_Login_Page/InvalidLogin_ContentTxt)): Text of object 'Object Repository/OMVA_Login_Page/InvalidLogin_ContentTxt' is: 'The specified username / password is invalid. Please try again.'

2018-07-16 16:45:32 - [MESSAGE][PASSED] - Text of object 'Object Repository/OMVA_Login_Page/InvalidLogin_ContentTxt' is: 'The specified username / password is invalid. Please try again.'

2018-07-16 16:45:32 - [TEST_STEP][PASSED] - verifyMatch: Actual text 'The specified username / password is invalid. Please try again.' and expected text 'The specified username / password is invalid. Please try again.' are matched  using regular expression

2018-07-16 16:45:32 - [MESSAGE][PASSED] - Actual text 'The specified username / password is invalid. Please try again.' and expected text 'The specified username / password is invalid. Please try again.' are matched  using regular expression

2018-07-16 16:45:32 - [TEST_STEP][PASSED] - waitForElementVisible: Object 'Object Repository/OMVA_Login_Page/InvalidLogin_OKbtn' is visible

2018-07-16 16:45:32 - [MESSAGE][PASSED] - Object 'Object Repository/OMVA_Login_Page/InvalidLogin_OKbtn' is visible

2018-07-16 16:45:32 - [TEST_STEP][PASSED] - Statement - assert true: null

2018-07-16 16:45:32 - [TEST_STEP][PASSED] - click: Object: 'Object Repository/OMVA_Login_Page/InvalidLogin_OKbtn' is clicked on

2018-07-16 16:45:32 - [MESSAGE][PASSED] - Object: 'Object Repository/OMVA_Login_Page/InvalidLogin_OKbtn' is clicked on

2018-07-16 16:45:32 - [TEST_STEP][PASSED] - closeBrowser: Browser is closed

2018-07-16 16:45:33 - [MESSAGE][PASSED] - Browser is closed

2018-07-16 16:45:33 - [MESSAGE][PASSED] - Call Test Case 'Test Cases/UserManagementTestCases/Login/Invalid_Login' successfully

2018-07-16 16:45:33 - [TEST_STEP][PASSED] - callTestCase: Call Test Case 'Test Cases/UserManagementTestCases/Login/Invalid_Login' successfully

2018-07-16 16:45:33 - [TEST_CASE][PASSED] - Test Cases/UserManagementTestCases/Login/Invalid_Login: Test Cases/UserManagementTestCases/Login/Invalid_Login

2018-07-16 16:45:33 - [TEST_STEP][PASSED] - callTestCase: Call Test Case 'Test Cases/CommonTestcases/OpenBrowserandNavigateToQAURL' successfully

2018-07-16 16:45:33 - [TEST_CASE][PASSED] - Test Cases/CommonTestcases/OpenBrowserandNavigateToQAURL: Test Cases/CommonTestcases/OpenBrowserandNavigateToQAURL

2018-07-16 16:45:33 - [TEST_STEP][PASSED] - openBrowser: Browser is opened with url: ''

2018-07-16 16:45:36 - [MESSAGE][PASSED] - Browser is opened with url: ''

2018-07-16 16:45:36 - [TEST_STEP][PASSED] - navigateToUrl: Navigate to 'https://coa-demo-env.azurewebsites.net/da/index.html#/login' successfully

2018-07-16 16:45:49 - [MESSAGE][PASSED] - Navigate to 'https://coa-demo-env.azurewebsites.net/da/index.html#/login' successfully

2018-07-16 16:45:49 - [TEST_STEP][PASSED] - maximizeWindow: Current window maximized

2018-07-16 16:45:50 - [MESSAGE][PASSED] - Current window maximized

2018-07-16 16:45:50 - [MESSAGE][PASSED] - Call Test Case 'Test Cases/CommonTestcases/OpenBrowserandNavigateToQAURL' successfully

2018-07-16 16:45:50 - [TEST_STEP][PASSED] - waitForElementVisible: Object 'Object Repository/OMVA_Login_Page/Username_Textbox' is visible

2018-07-16 16:45:50 - [MESSAGE][PASSED] - Object 'Object Repository/OMVA_Login_Page/Username_Textbox' is visible

2018-07-16 16:45:50 - [TEST_STEP][PASSED] - sendKeys: Keys 'Lock' sent to object: 'Object Repository/OMVA_Login_Page/Username_Textbox'

2018-07-16 16:45:50 - [MESSAGE][PASSED] - Keys 'Lock' sent to object: 'Object Repository/OMVA_Login_Page/Username_Textbox'

2018-07-16 16:45:50 - [TEST_STEP][PASSED] - click: Object: 'Object Repository/OMVA_Login_Page/Next_Button' is clicked on

2018-07-16 16:45:50 - [MESSAGE][PASSED] - Object: 'Object Repository/OMVA_Login_Page/Next_Button' is clicked on

2018-07-16 16:45:50 - [TEST_STEP][PASSED] - Statement - If (true): null

2018-07-16 16:45:50 - [TEST_STEP][PASSED] - waitForElementVisible: Object 'Object Repository/OMVA_Login_Page/Password_Textbox' is visible

2018-07-16 16:45:51 - [MESSAGE][PASSED] - Object 'Object Repository/OMVA_Login_Page/Password_Textbox' is visible

2018-07-16 16:45:51 - [TEST_STEP][PASSED] - Statement - assert true: null

2018-07-16 16:45:51 - [TEST_STEP][PASSED] - sendKeys: Keys 'Pwd' sent to object: 'Object Repository/OMVA_Login_Page/Password_Textbox'

2018-07-16 16:45:51 - [MESSAGE][PASSED] - Keys 'Pwd' sent to object: 'Object Repository/OMVA_Login_Page/Password_Textbox'

2018-07-16 16:45:51 - [TEST_STEP][PASSED] - click: Object: 'Object Repository/OMVA_Login_Page/Signin_Button' is clicked on

2018-07-16 16:45:51 - [MESSAGE][PASSED] - Object: 'Object Repository/OMVA_Login_Page/Signin_Button' is clicked on

2018-07-16 16:45:51 - [TEST_STEP][PASSED] - Statement - AHeaderTxt = com.kms.katalon.core.webui.keyword.WebUiBuiltInKeywords.getText(com.kms.katalon.core.testobject.ObjectRepository.findTestObject(OMVA_Login_Page/InvalidLogin_HeaderTxt)): Text of object 'Object Repository/OMVA_Login_Page/InvalidLogin_HeaderTxt' is: 'Invalid Credentials'

2018-07-16 16:45:52 - [MESSAGE][PASSED] - Text of object 'Object Repository/OMVA_Login_Page/InvalidLogin_HeaderTxt' is: 'Invalid Credentials'

2018-07-16 16:45:52 - [TEST_STEP][PASSED] - verifyMatch: Actual text 'Invalid Credentials' and expected text 'Invalid Credentials' are matched  using regular expression

2018-07-16 16:45:52 - [MESSAGE][PASSED] - Actual text 'Invalid Credentials' and expected text 'Invalid Credentials' are matched  using regular expression

2018-07-16 16:45:52 - [TEST_STEP][PASSED] - Statement - AContentTxt = com.kms.katalon.core.webui.keyword.WebUiBuiltInKeywords.getText(com.kms.katalon.core.testobject.ObjectRepository.findTestObject(OMVA_Login_Page/InvalidLogin_ContentTxt)): Text of object 'Object Repository/OMVA_Login_Page/InvalidLogin_ContentTxt' is: 'The specified username / password is invalid. Please try again.'

2018-07-16 16:45:52 - [MESSAGE][PASSED] - Text of object 'Object Repository/OMVA_Login_Page/InvalidLogin_ContentTxt' is: 'The specified username / password is invalid. Please try again.'

2018-07-16 16:45:52 - [TEST_STEP][PASSED] - verifyMatch: Actual text 'The specified username / password is invalid. Please try again.' and expected text 'The specified username / password is invalid. Please try again.' are matched  using regular expression

2018-07-16 16:45:52 - [MESSAGE][PASSED] - Actual text 'The specified username / password is invalid. Please try again.' and expected text 'The specified username / password is invalid. Please try again.' are matched  using regular expression

2018-07-16 16:45:52 - [TEST_STEP][PASSED] - waitForElementVisible: Object 'Object Repository/OMVA_Login_Page/InvalidLogin_OKbtn' is visible

2018-07-16 16:45:52 - [MESSAGE][PASSED] - Object 'Object Repository/OMVA_Login_Page/InvalidLogin_OKbtn' is visible

2018-07-16 16:45:52 - [TEST_STEP][PASSED] - Statement - assert true: null

2018-07-16 16:45:52 - [TEST_STEP][PASSED] - click: Object: 'Object Repository/OMVA_Login_Page/InvalidLogin_OKbtn' is clicked on

2018-07-16 16:45:52 - [MESSAGE][PASSED] - Object: 'Object Repository/OMVA_Login_Page/InvalidLogin_OKbtn' is clicked on

2018-07-16 16:45:52 - [TEST_STEP][PASSED] - closeBrowser: Browser is closed

2018-07-16 16:45:53 - [MESSAGE][PASSED] - Browser is closed

2018-07-16 16:45:53 - [MESSAGE][PASSED] - Call Test Case 'Test Cases/UserManagementTestCases/Login/Invalid_Login' successfully

2018-07-16 16:45:53 - [TEST_STEP][PASSED] - callTestCase: Call Test Case 'Test Cases/UserManagementTestCases/Login/LockUser_Login' successfully

2018-07-16 16:45:53 - [TEST_CASE][PASSED] - Test Cases/UserManagementTestCases/Login/LockUser_Login: Test Cases/UserManagementTestCases/Login/LockUser_Login

2018-07-16 16:45:54 - [TEST_STEP][PASSED] - callTestCase: Call Test Case 'Test Cases/CommonTestcases/OpenBrowserandNavigateToQAURL' successfully

2018-07-16 16:45:54 - [TEST_CASE][PASSED] - Test Cases/CommonTestcases/OpenBrowserandNavigateToQAURL: Test Cases/CommonTestcases/OpenBrowserandNavigateToQAURL

2018-07-16 16:45:54 - [TEST_STEP][PASSED] - openBrowser: Browser is opened with url: ''

2018-07-16 16:45:57 - [MESSAGE][PASSED] - Browser is opened with url: ''

2018-07-16 16:45:57 - [TEST_STEP][PASSED] - navigateToUrl: Navigate to 'https://coa-demo-env.azurewebsites.net/da/index.html#/login' successfully

2018-07-16 16:46:06 - [MESSAGE][PASSED] - Navigate to 'https://coa-demo-env.azurewebsites.net/da/index.html#/login' successfully

2018-07-16 16:46:06 - [TEST_STEP][PASSED] - maximizeWindow: Current window maximized

2018-07-16 16:46:07 - [MESSAGE][PASSED] - Current window maximized

2018-07-16 16:46:07 - [MESSAGE][PASSED] - Call Test Case 'Test Cases/CommonTestcases/OpenBrowserandNavigateToQAURL' successfully

2018-07-16 16:46:07 - [TEST_STEP][PASSED] - waitForElementVisible: Object 'Object Repository/OMVA_Login_Page/Username_Textbox' is visible

2018-07-16 16:46:07 - [MESSAGE][PASSED] - Object 'Object Repository/OMVA_Login_Page/Username_Textbox' is visible

2018-07-16 16:46:07 - [TEST_STEP][PASSED] - sendKeys: Keys 'Lock' sent to object: 'Object Repository/OMVA_Login_Page/Username_Textbox'

2018-07-16 16:46:08 - [MESSAGE][PASSED] - Keys 'Lock' sent to object: 'Object Repository/OMVA_Login_Page/Username_Textbox'

2018-07-16 16:46:08 - [TEST_STEP][PASSED] - click: Object: 'Object Repository/OMVA_Login_Page/Next_Button' is clicked on

2018-07-16 16:46:08 - [MESSAGE][PASSED] - Object: 'Object Repository/OMVA_Login_Page/Next_Button' is clicked on

2018-07-16 16:46:08 - [TEST_STEP][PASSED] - waitForElementVisible: Object 'Object Repository/OMVA_Login_Page/Password_Textbox' is visible

2018-07-16 16:46:08 - [MESSAGE][PASSED] - Object 'Object Repository/OMVA_Login_Page/Password_Textbox' is visible

2018-07-16 16:46:08 - [TEST_STEP][PASSED] - sendKeys: Keys 'Lock' sent to object: 'Object Repository/OMVA_Login_Page/Password_Textbox'

2018-07-16 16:46:08 - [MESSAGE][PASSED] - Keys 'Lock' sent to object: 'Object Repository/OMVA_Login_Page/Password_Textbox'

2018-07-16 16:46:08 - [TEST_STEP][PASSED] - click: Object: 'Object Repository/OMVA_Login_Page/Signin_Button' is clicked on

2018-07-16 16:46:08 - [MESSAGE][PASSED] - Object: 'Object Repository/OMVA_Login_Page/Signin_Button' is clicked on

2018-07-16 16:46:08 - [TEST_STEP][PASSED] - delay: Delayed 4 second(s)

2018-07-16 16:46:12 - [MESSAGE][PASSED] - Delayed 4 second(s)

2018-07-16 16:46:12 - [TEST_STEP][PASSED] - Statement - AHeaderTxt = com.kms.katalon.core.webui.keyword.WebUiBuiltInKeywords.getText(com.kms.katalon.core.testobject.ObjectRepository.findTestObject(OMVA_Login_Page/LockedLogin_HeaderTxt)): Text of object 'Object Repository/OMVA_Login_Page/LockedLogin_HeaderTxt' is: 'Account Locked'

2018-07-16 16:46:12 - [MESSAGE][PASSED] - Text of object 'Object Repository/OMVA_Login_Page/LockedLogin_HeaderTxt' is: 'Account Locked'

2018-07-16 16:46:12 - [TEST_STEP][PASSED] - verifyMatch: Actual text 'Account Locked' and expected text 'Account Locked' are matched  using regular expression

2018-07-16 16:46:12 - [MESSAGE][PASSED] - Actual text 'Account Locked' and expected text 'Account Locked' are matched  using regular expression

2018-07-16 16:46:12 - [TEST_STEP][PASSED] - Statement - AContentTxt = com.kms.katalon.core.webui.keyword.WebUiBuiltInKeywords.getText(com.kms.katalon.core.testobject.ObjectRepository.findTestObject(OMVA_Login_Page/LockedLogin_ContentTxt)): Text of object 'Object Repository/OMVA_Login_Page/LockedLogin_ContentTxt' is: 'This account is locked due to multiple failed attempts. Please contact support team to resolve the same'

2018-07-16 16:46:12 - [MESSAGE][PASSED] - Text of object 'Object Repository/OMVA_Login_Page/LockedLogin_ContentTxt' is: 'This account is locked due to multiple failed attempts. Please contact support team to resolve the same'

2018-07-16 16:46:12 - [TEST_STEP][PASSED] - verifyMatch: Actual text 'This account is locked due to multiple failed attempts. Please contact support team to resolve the same' and expected text 'This account is locked due to multiple failed attempts. Please contact support team to resolve the same' are matched  using regular expression

2018-07-16 16:46:12 - [MESSAGE][PASSED] - Actual text 'This account is locked due to multiple failed attempts. Please contact support team to resolve the same' and expected text 'This account is locked due to multiple failed attempts. Please contact support team to resolve the same' are matched  using regular expression

2018-07-16 16:46:12 - [TEST_STEP][PASSED] - waitForElementVisible: Object 'Object Repository/OMVA_Login_Page/InvalidLogin_OKbtn' is visible

2018-07-16 16:46:13 - [MESSAGE][PASSED] - Object 'Object Repository/OMVA_Login_Page/InvalidLogin_OKbtn' is visible

2018-07-16 16:46:13 - [TEST_STEP][PASSED] - click: Object: 'Object Repository/OMVA_Login_Page/InvalidLogin_OKbtn' is clicked on

2018-07-16 16:46:13 - [MESSAGE][PASSED] - Object: 'Object Repository/OMVA_Login_Page/InvalidLogin_OKbtn' is clicked on

2018-07-16 16:46:13 - [TEST_STEP][PASSED] - closeBrowser: Browser is closed

2018-07-16 16:46:13 - [MESSAGE][PASSED] - Browser is closed

2018-07-16 16:46:13 - [MESSAGE][PASSED] - Call Test Case 'Test Cases/UserManagementTestCases/Login/LockUser_Login' successfully]]></system-out>
         <system-err><![CDATA[]]></system-err>
      </testcase>
      <system-out><![CDATA[2018-07-16 16:43:01 - [TEST_SUITE][FAILED] - UserManagementTestSuite: Test Cases/UserManagementTestCases/UserActions/Validate_User_Search FAILED because (of) Unable to click on object 'Object Repository/OMVA_UserManagement_Page/Search_button' (Root cause: org.openqa.selenium.ElementNotVisibleException: element not visible
  (Session info: chrome=67.0.3396.62)
  (Driver info: chromedriver=2.35.528161 (5b82f2d2aae0ca24b877009200ced9065a772e73),platform=Windows NT 10.0.16299 x86_64) (WARNING: The server did not provide any stacktrace information)
Command duration or timeout: 0 milliseconds
Build info: version: '3.7.1', revision: '8a0099a', time: '2017-11-06T21:07:36.161Z'
System info: host: '703177791GDL', ip: '172.16.21.232', os.name: 'Windows 10', os.arch: 'amd64', os.version: '10.0', java.version: '1.8.0_102'
Driver info: com.kms.katalon.selenium.driver.CChromeDriver
Capabilities {acceptInsecureCerts: false, acceptSslCerts: false, applicationCacheEnabled: false, browserConnectionEnabled: false, browserName: chrome, chrome: {chromedriverVersion: 2.35.528161 (5b82f2d2aae0ca..., userDataDir: D:\Users\703177791\AppData\...}, cssSelectorsEnabled: true, databaseEnabled: false, handlesAlerts: true, hasTouchScreen: false, javascriptEnabled: true, locationContextEnabled: true, mobileEmulationEnabled: false, nativeEvents: true, networkConnectionEnabled: false, pageLoadStrategy: normal, platform: XP, platformName: XP, rotatable: false, setWindowRect: true, takesHeapSnapshot: true, takesScreenshot: true, unexpectedAlertBehaviour: , unhandledPromptBehavior: , version: 67.0.3396.62, webStorageEnabled: true}
Session ID: 743f309ffae96d600ec8dace6ed991a1)]]></system-out>
      <system-err><![CDATA[2018-07-16 16:43:01 - [TEST_SUITE][FAILED] - UserManagementTestSuite: Test Cases/UserManagementTestCases/UserActions/Validate_User_Search FAILED because (of) Unable to click on object 'Object Repository/OMVA_UserManagement_Page/Search_button' (Root cause: org.openqa.selenium.ElementNotVisibleException: element not visible
  (Session info: chrome=67.0.3396.62)
  (Driver info: chromedriver=2.35.528161 (5b82f2d2aae0ca24b877009200ced9065a772e73),platform=Windows NT 10.0.16299 x86_64) (WARNING: The server did not provide any stacktrace information)
Command duration or timeout: 0 milliseconds
Build info: version: '3.7.1', revision: '8a0099a', time: '2017-11-06T21:07:36.161Z'
System info: host: '703177791GDL', ip: '172.16.21.232', os.name: 'Windows 10', os.arch: 'amd64', os.version: '10.0', java.version: '1.8.0_102'
Driver info: com.kms.katalon.selenium.driver.CChromeDriver
Capabilities {acceptInsecureCerts: false, acceptSslCerts: false, applicationCacheEnabled: false, browserConnectionEnabled: false, browserName: chrome, chrome: {chromedriverVersion: 2.35.528161 (5b82f2d2aae0ca..., userDataDir: D:\Users\703177791\AppData\...}, cssSelectorsEnabled: true, databaseEnabled: false, handlesAlerts: true, hasTouchScreen: false, javascriptEnabled: true, locationContextEnabled: true, mobileEmulationEnabled: false, nativeEvents: true, networkConnectionEnabled: false, pageLoadStrategy: normal, platform: XP, platformName: XP, rotatable: false, setWindowRect: true, takesHeapSnapshot: true, takesScreenshot: true, unexpectedAlertBehaviour: , unhandledPromptBehavior: , version: 67.0.3396.62, webStorageEnabled: true}
Session ID: 743f309ffae96d600ec8dace6ed991a1)]]></system-err>
   </testsuite>
</testsuites>
