<?xml version="1.0" encoding="UTF-8"?>
<testsuites name="WorkBenchTestSuite" time="324" tests="5" failures="2" errors="0">
   <testsuite name="WorkBenchTestSuite" tests="5" failures="2" errors="0" time="324" timestamp="2018-07-18 19:41:42" hostname="703177791 - 703177791GDL.IND.CORP.AD" id="Test Suites/WorkBenchTestSuite">
      <properties>
         <property name="deviceName" value=""/>
         <property name="devicePlatform" value=""/>
         <property name="logFolder" value="D:\\P&amp;G New\\Automation-P&amp;G-Code-Base\\OMVA\\Reports\\WorkBenchTestSuite\\20180718_194140"/>
         <property name="logFiles" value="D:\\P&amp;G New\\Automation-P&amp;G-Code-Base\\OMVA\\Reports\\WorkBenchTestSuite\\20180718_194140\\execution0.log"/>
         <property name="attachments" value="D:\\P&amp;G New\\Automation-P&amp;G-Code-Base\\OMVA\\Reports\\WorkBenchTestSuite\\20180718_194140\\1531923166507.png"/>
         <property name="hostName" value="703177791 - 703177791GDL.IND.CORP.AD"/>
         <property name="os" value="Windows 10 64bit"/>
         <property name="katalonVersion" value="5.4.2.1"/>
         <property name="browser" value="Chrome 67.0.3396.62"/>
         <property name="hostAddress" value="172.16.21.232"/>
         <property name="sessionId" value="56f4bb5c126f6de20fdea29613bab6de"/>
         <property name="seleniumVersion" value="3.7.1"/>
         <property name="proxyInformation" value="ProxyInformation{proxyOption=NO_PROXY, proxyServerType=HTTP, password=, proxyServerAddress=, proxyServerPort=0}"/>
         <property name="platform" value="Windows 10"/>
      </properties>
      <testcase name="Test Cases/WorkBenchTestCases/Validate_CategoryMSPIncreaseAllocationQtyNotEditable" classname="Test Cases/WorkBenchTestCases/Validate_CategoryMSPIncreaseAllocationQtyNotEditable" status="FAILED">
         <failure type="FAILED" message="Unable to click on object 'Object Repository/OMVA_Workbench_Page/1st_SKUMaterial' (Root cause: com.kms.katalon.core.webui.exception.WebElementNotFoundException: Web element with id: 'Object Repository/OMVA_Workbench_Page/1st_SKUMaterial' located by 'By.xpath: (//div[@id='parent']//descendant::h2[@data-parent='#parent'])[1]' not found)"/>
         <system-out><![CDATA[2018-07-18 19:41:51 - [TEST_CASE][FAILED] - Test Cases/WorkBenchTestCases/Validate_CategoryMSPIncreaseAllocationQtyNotEditable: Test Cases/WorkBenchTestCases/Validate_CategoryMSPIncreaseAllocationQtyNotEditable FAILED because (of) Unable to click on object 'Object Repository/OMVA_Workbench_Page/1st_SKUMaterial' (Root cause: com.kms.katalon.core.webui.exception.WebElementNotFoundException: Web element with id: 'Object Repository/OMVA_Workbench_Page/1st_SKUMaterial' located by 'By.xpath: (//div[@id='parent']//descendant::h2[@data-parent='#parent'])[1]' not found)

2018-07-18 19:41:51 - [TEST_STEP][PASSED] - callTestCase: Call Test Case 'Test Cases/UserManagementTestCases/Login/Login_ChannelMSP' successfully

2018-07-18 19:41:52 - [TEST_CASE][PASSED] - Test Cases/UserManagementTestCases/Login/Login_ChannelMSP: Test Cases/UserManagementTestCases/Login/Login_ChannelMSP

2018-07-18 19:41:52 - [TEST_STEP][PASSED] - callTestCase: Call Test Case 'Test Cases/CommonTestcases/OpenBrowserandNavigateToQAURL' successfully

2018-07-18 19:41:52 - [TEST_CASE][PASSED] - Test Cases/CommonTestcases/OpenBrowserandNavigateToQAURL: Test Cases/CommonTestcases/OpenBrowserandNavigateToQAURL

2018-07-18 19:41:52 - [TEST_STEP][PASSED] - openBrowser: Browser is opened with url: ''

2018-07-18 19:41:55 - [MESSAGE][PASSED] - Browser is opened with url: ''

2018-07-18 19:41:55 - [TEST_STEP][PASSED] - navigateToUrl: Navigate to 'https://coa-demo-env.azurewebsites.net/da/index.html#/login' successfully

2018-07-18 19:42:07 - [MESSAGE][PASSED] - Navigate to 'https://coa-demo-env.azurewebsites.net/da/index.html#/login' successfully

2018-07-18 19:42:07 - [TEST_STEP][PASSED] - maximizeWindow: Current window maximized

2018-07-18 19:42:08 - [MESSAGE][PASSED] - Current window maximized

2018-07-18 19:42:08 - [MESSAGE][PASSED] - Call Test Case 'Test Cases/CommonTestcases/OpenBrowserandNavigateToQAURL' successfully

2018-07-18 19:42:08 - [TEST_STEP][PASSED] - waitForElementVisible: Object 'Object Repository/OMVA_Login_Page/Password_Textbox' is not visible after 10 second(s)

2018-07-18 19:42:19 - [MESSAGE][WARNING] - Object 'Object Repository/OMVA_Login_Page/Password_Textbox' is not visible after 10 second(s)

2018-07-18 19:42:19 - [TEST_STEP][PASSED] - sendKeys: Keys 'alvin' sent to object: 'Object Repository/OMVA_Login_Page/Username_Textbox'

2018-07-18 19:42:19 - [MESSAGE][PASSED] - Keys 'alvin' sent to object: 'Object Repository/OMVA_Login_Page/Username_Textbox'

2018-07-18 19:42:19 - [TEST_STEP][PASSED] - click: Object: 'Object Repository/OMVA_Login_Page/Next_Button' is clicked on

2018-07-18 19:42:19 - [MESSAGE][PASSED] - Object: 'Object Repository/OMVA_Login_Page/Next_Button' is clicked on

2018-07-18 19:42:19 - [TEST_STEP][PASSED] - waitForElementVisible: Object 'Object Repository/OMVA_Login_Page/Password_Textbox' is visible

2018-07-18 19:42:20 - [MESSAGE][PASSED] - Object 'Object Repository/OMVA_Login_Page/Password_Textbox' is visible

2018-07-18 19:42:20 - [TEST_STEP][PASSED] - sendKeys: Keys 'alvin' sent to object: 'Object Repository/OMVA_Login_Page/Password_Textbox'

2018-07-18 19:42:20 - [MESSAGE][PASSED] - Keys 'alvin' sent to object: 'Object Repository/OMVA_Login_Page/Password_Textbox'

2018-07-18 19:42:20 - [TEST_STEP][PASSED] - click: Object: 'Object Repository/OMVA_Login_Page/Signin_Button' is clicked on

2018-07-18 19:42:21 - [MESSAGE][PASSED] - Object: 'Object Repository/OMVA_Login_Page/Signin_Button' is clicked on

2018-07-18 19:42:21 - [TEST_STEP][PASSED] - waitForAngularLoad: This page doesn't use Angular.

2018-07-18 19:42:21 - [MESSAGE][WARNING] - This page doesn't use Angular.

2018-07-18 19:42:21 - [TEST_STEP][PASSED] - Statement - greetingtext = com.kms.katalon.core.webui.keyword.WebUiBuiltInKeywords.getText(com.kms.katalon.core.testobject.ObjectRepository.findTestObject(OMVA_Landing_Page/Greeting_Label)): Text of object 'Object Repository/OMVA_Landing_Page/Greeting_Label' is: 'Good Evening, alvin'

2018-07-18 19:42:24 - [MESSAGE][PASSED] - Text of object 'Object Repository/OMVA_Landing_Page/Greeting_Label' is: 'Good Evening, alvin'

2018-07-18 19:42:24 - [TEST_STEP][PASSED] - verifyMatch: Actual text 'Good Evening, alvin' and expected text '\D*alvin' are matched  using regular expression

2018-07-18 19:42:24 - [MESSAGE][PASSED] - Actual text 'Good Evening, alvin' and expected text '\D*alvin' are matched  using regular expression

2018-07-18 19:42:24 - [MESSAGE][PASSED] - Call Test Case 'Test Cases/UserManagementTestCases/Login/Login_ChannelMSP' successfully

2018-07-18 19:42:24 - [TEST_STEP][PASSED] - waitForElementVisible: Web element with id: 'Object Repository/OMVA_Workbench_Page/1st_SKUMaterial' located by 'By.xpath: (//div[@id='parent']//descendant::h2[@data-parent='#parent'])[1]' not found

2018-07-18 19:42:30 - [MESSAGE][WARNING] - Web element with id: 'Object Repository/OMVA_Workbench_Page/1st_SKUMaterial' located by 'By.xpath: (//div[@id='parent']//descendant::h2[@data-parent='#parent'])[1]' not found

2018-07-18 19:42:30 - [TEST_STEP][FAILED] - click: Unable to click on object 'Object Repository/OMVA_Workbench_Page/1st_SKUMaterial' (Root cause: com.kms.katalon.core.webui.exception.WebElementNotFoundException: Web element with id: 'Object Repository/OMVA_Workbench_Page/1st_SKUMaterial' located by 'By.xpath: (//div[@id='parent']//descendant::h2[@data-parent='#parent'])[1]' not found)

2018-07-18 19:42:46 - [MESSAGE][FAILED] - Unable to click on object 'Object Repository/OMVA_Workbench_Page/1st_SKUMaterial' (Root cause: com.kms.katalon.core.webui.exception.WebElementNotFoundException: Web element with id: 'Object Repository/OMVA_Workbench_Page/1st_SKUMaterial' located by 'By.xpath: (//div[@id='parent']//descendant::h2[@data-parent='#parent'])[1]' not found)
[[ATTACHMENT|D:\\P&G New\\Automation-P&G-Code-Base\\OMVA\\Reports\\WorkBenchTestSuite\\20180718_194140\\1531923166507.png]]]]></system-out>
         <system-err><![CDATA[2018-07-18 19:41:51 - [TEST_CASE][FAILED] - Test Cases/WorkBenchTestCases/Validate_CategoryMSPIncreaseAllocationQtyNotEditable: Test Cases/WorkBenchTestCases/Validate_CategoryMSPIncreaseAllocationQtyNotEditable FAILED because (of) Unable to click on object 'Object Repository/OMVA_Workbench_Page/1st_SKUMaterial' (Root cause: com.kms.katalon.core.webui.exception.WebElementNotFoundException: Web element with id: 'Object Repository/OMVA_Workbench_Page/1st_SKUMaterial' located by 'By.xpath: (//div[@id='parent']//descendant::h2[@data-parent='#parent'])[1]' not found)]]></system-err>
      </testcase>
      <testcase name="Test Cases/WorkBenchTestCases/Validate_ChannelMSPOutsideChannelQtyUpdateNotAllowed" classname="Test Cases/WorkBenchTestCases/Validate_ChannelMSPOutsideChannelQtyUpdateNotAllowed" status="PASSED">
         <system-out><![CDATA[2018-07-18 19:42:46 - [TEST_CASE][PASSED] - Test Cases/WorkBenchTestCases/Validate_ChannelMSPOutsideChannelQtyUpdateNotAllowed: Test Cases/WorkBenchTestCases/Validate_ChannelMSPOutsideChannelQtyUpdateNotAllowed

2018-07-18 19:42:47 - [TEST_STEP][PASSED] - callTestCase: Call Test Case 'Test Cases/UserManagementTestCases/Login/Login_ChannelMSP' successfully

2018-07-18 19:42:47 - [TEST_CASE][PASSED] - Test Cases/UserManagementTestCases/Login/Login_ChannelMSP: Test Cases/UserManagementTestCases/Login/Login_ChannelMSP

2018-07-18 19:42:47 - [TEST_STEP][PASSED] - callTestCase: Call Test Case 'Test Cases/CommonTestcases/OpenBrowserandNavigateToQAURL' successfully

2018-07-18 19:42:47 - [TEST_CASE][PASSED] - Test Cases/CommonTestcases/OpenBrowserandNavigateToQAURL: Test Cases/CommonTestcases/OpenBrowserandNavigateToQAURL

2018-07-18 19:42:47 - [TEST_STEP][PASSED] - openBrowser: Browser is opened with url: ''

2018-07-18 19:42:47 - [MESSAGE][WARNING] - A browser is already opened. Closing browser and opening a new one

2018-07-18 19:42:50 - [MESSAGE][PASSED] - Browser is opened with url: ''

2018-07-18 19:42:50 - [TEST_STEP][PASSED] - navigateToUrl: Navigate to 'https://coa-demo-env.azurewebsites.net/da/index.html#/login' successfully

2018-07-18 19:42:58 - [MESSAGE][PASSED] - Navigate to 'https://coa-demo-env.azurewebsites.net/da/index.html#/login' successfully

2018-07-18 19:42:58 - [TEST_STEP][PASSED] - maximizeWindow: Current window maximized

2018-07-18 19:42:59 - [MESSAGE][PASSED] - Current window maximized

2018-07-18 19:42:59 - [MESSAGE][PASSED] - Call Test Case 'Test Cases/CommonTestcases/OpenBrowserandNavigateToQAURL' successfully

2018-07-18 19:42:59 - [TEST_STEP][PASSED] - waitForElementVisible: Object 'Object Repository/OMVA_Login_Page/Password_Textbox' is not visible after 10 second(s)

2018-07-18 19:43:10 - [MESSAGE][WARNING] - Object 'Object Repository/OMVA_Login_Page/Password_Textbox' is not visible after 10 second(s)

2018-07-18 19:43:10 - [TEST_STEP][PASSED] - sendKeys: Keys 'nicole' sent to object: 'Object Repository/OMVA_Login_Page/Username_Textbox'

2018-07-18 19:43:10 - [MESSAGE][PASSED] - Keys 'nicole' sent to object: 'Object Repository/OMVA_Login_Page/Username_Textbox'

2018-07-18 19:43:10 - [TEST_STEP][PASSED] - click: Object: 'Object Repository/OMVA_Login_Page/Next_Button' is clicked on

2018-07-18 19:43:10 - [MESSAGE][PASSED] - Object: 'Object Repository/OMVA_Login_Page/Next_Button' is clicked on

2018-07-18 19:43:10 - [TEST_STEP][PASSED] - waitForElementVisible: Object 'Object Repository/OMVA_Login_Page/Password_Textbox' is visible

2018-07-18 19:43:10 - [MESSAGE][PASSED] - Object 'Object Repository/OMVA_Login_Page/Password_Textbox' is visible

2018-07-18 19:43:10 - [TEST_STEP][PASSED] - sendKeys: Keys 'nicole' sent to object: 'Object Repository/OMVA_Login_Page/Password_Textbox'

2018-07-18 19:43:11 - [MESSAGE][PASSED] - Keys 'nicole' sent to object: 'Object Repository/OMVA_Login_Page/Password_Textbox'

2018-07-18 19:43:11 - [TEST_STEP][PASSED] - click: Object: 'Object Repository/OMVA_Login_Page/Signin_Button' is clicked on

2018-07-18 19:43:11 - [MESSAGE][PASSED] - Object: 'Object Repository/OMVA_Login_Page/Signin_Button' is clicked on

2018-07-18 19:43:11 - [TEST_STEP][PASSED] - waitForAngularLoad: This page doesn't use Angular.

2018-07-18 19:43:11 - [MESSAGE][WARNING] - This page doesn't use Angular.

2018-07-18 19:43:11 - [TEST_STEP][PASSED] - Statement - greetingtext = com.kms.katalon.core.webui.keyword.WebUiBuiltInKeywords.getText(com.kms.katalon.core.testobject.ObjectRepository.findTestObject(OMVA_Landing_Page/Greeting_Label)): Text of object 'Object Repository/OMVA_Landing_Page/Greeting_Label' is: 'Good Evening, nicole'

2018-07-18 19:43:11 - [MESSAGE][PASSED] - Text of object 'Object Repository/OMVA_Landing_Page/Greeting_Label' is: 'Good Evening, nicole'

2018-07-18 19:43:11 - [TEST_STEP][PASSED] - verifyMatch: Actual text 'Good Evening, nicole' and expected text '\D*nicole' are matched  using regular expression

2018-07-18 19:43:11 - [MESSAGE][PASSED] - Actual text 'Good Evening, nicole' and expected text '\D*nicole' are matched  using regular expression

2018-07-18 19:43:11 - [MESSAGE][PASSED] - Call Test Case 'Test Cases/UserManagementTestCases/Login/Login_ChannelMSP' successfully

2018-07-18 19:43:11 - [TEST_STEP][PASSED] - delay: Delayed 4 second(s)

2018-07-18 19:43:15 - [MESSAGE][PASSED] - Delayed 4 second(s)

2018-07-18 19:43:15 - [TEST_STEP][PASSED] - waitForElementPresent: Object 'Object Repository/OMVA_UserManagement_Page/Search_button' is present

2018-07-18 19:43:16 - [MESSAGE][PASSED] - Object 'Object Repository/OMVA_UserManagement_Page/Search_button' is present

2018-07-18 19:43:16 - [TEST_STEP][PASSED] - click: Object: 'Object Repository/OMVA_UserManagement_Page/Search_button' is clicked on

2018-07-18 19:43:16 - [MESSAGE][PASSED] - Object: 'Object Repository/OMVA_UserManagement_Page/Search_button' is clicked on

2018-07-18 19:43:16 - [TEST_STEP][PASSED] - waitForElementVisible: Object 'Object Repository/OMVA_UserManagement_Page/Enter_Text_Search' is visible

2018-07-18 19:43:16 - [MESSAGE][PASSED] - Object 'Object Repository/OMVA_UserManagement_Page/Enter_Text_Search' is visible

2018-07-18 19:43:16 - [TEST_STEP][PASSED] - sendKeys: Keys '82269564' sent to object: 'Object Repository/OMVA_UserManagement_Page/Enter_Text_Search'

2018-07-18 19:43:16 - [MESSAGE][PASSED] - Keys '82269564' sent to object: 'Object Repository/OMVA_UserManagement_Page/Enter_Text_Search'

2018-07-18 19:43:16 - [TEST_STEP][PASSED] - waitForElementVisible: Object 'Object Repository/OMVA_Workbench_Page/1st_SKUMaterial' is visible

2018-07-18 19:43:16 - [MESSAGE][PASSED] - Object 'Object Repository/OMVA_Workbench_Page/1st_SKUMaterial' is visible

2018-07-18 19:43:16 - [TEST_STEP][PASSED] - click: Object: 'Object Repository/OMVA_Workbench_Page/1st_SKUMaterial' is clicked on

2018-07-18 19:43:16 - [MESSAGE][PASSED] - Object: 'Object Repository/OMVA_Workbench_Page/1st_SKUMaterial' is clicked on

2018-07-18 19:43:16 - [TEST_STEP][PASSED] - waitForElementVisible: Object 'Object Repository/OMVA_Summary_Page/SummaryText' is visible

2018-07-18 19:43:16 - [MESSAGE][PASSED] - Object 'Object Repository/OMVA_Summary_Page/SummaryText' is visible

2018-07-18 19:43:16 - [TEST_STEP][PASSED] - scrollToElement: Scroll to object 'Object Repository/OMVA_Landing_Page/Act_DeAct_Radio_Btn' successfully

2018-07-18 19:43:17 - [MESSAGE][PASSED] - Scroll to object 'Object Repository/OMVA_Landing_Page/Act_DeAct_Radio_Btn' successfully

2018-07-18 19:43:17 - [TEST_STEP][PASSED] - delay: Delayed 5 second(s)

2018-07-18 19:43:22 - [MESSAGE][PASSED] - Delayed 5 second(s)

2018-07-18 19:43:22 - [TEST_STEP][PASSED] - waitForElementVisible: Object 'Object Repository/OMVA_Landing_Page/Act_DeAct_Radio_Btn' is visible

2018-07-18 19:43:22 - [MESSAGE][PASSED] - Object 'Object Repository/OMVA_Landing_Page/Act_DeAct_Radio_Btn' is visible

2018-07-18 19:43:22 - [TEST_STEP][PASSED] - click: Object: 'Object Repository/OMVA_Landing_Page/Act_DeAct_Radio_Btn' is clicked on

2018-07-18 19:43:22 - [MESSAGE][PASSED] - Object: 'Object Repository/OMVA_Landing_Page/Act_DeAct_Radio_Btn' is clicked on

2018-07-18 19:43:22 - [TEST_STEP][PASSED] - waitForElementNotVisible: Web element with id: 'Object Repository/OMVA_Landing_Page/pinBtn_AddSubtractions' located by 'By.xpath: (//button[@class='pin-btn addSubtractButtons add-btn'])[1]' not found

2018-07-18 19:43:28 - [MESSAGE][WARNING] - Web element with id: 'Object Repository/OMVA_Landing_Page/pinBtn_AddSubtractions' located by 'By.xpath: (//button[@class='pin-btn addSubtractButtons add-btn'])[1]' not found

2018-07-18 19:43:28 - [TEST_STEP][PASSED] - closeBrowser: Browser is closed

2018-07-18 19:43:28 - [MESSAGE][PASSED] - Browser is closed]]></system-out>
         <system-err><![CDATA[]]></system-err>
      </testcase>
      <testcase name="Test Cases/WorkBenchTestCases/Verify_MatchOfPendingTaskForSumaryandWBforChanMSP" classname="Test Cases/WorkBenchTestCases/Verify_MatchOfPendingTaskForSumaryandWBforChanMSP" status="PASSED">
         <system-out><![CDATA[2018-07-18 19:43:28 - [TEST_CASE][PASSED] - Test Cases/WorkBenchTestCases/Verify_MatchOfPendingTaskForSumaryandWBforChanMSP: Test Cases/WorkBenchTestCases/Verify_MatchOfPendingTaskForSumaryandWBforChanMSP

2018-07-18 19:43:29 - [TEST_STEP][PASSED] - callTestCase: Call Test Case 'Test Cases/UserManagementTestCases/Login/Login_ChannelMSP' successfully

2018-07-18 19:43:29 - [TEST_CASE][PASSED] - Test Cases/UserManagementTestCases/Login/Login_ChannelMSP: Test Cases/UserManagementTestCases/Login/Login_ChannelMSP

2018-07-18 19:43:29 - [TEST_STEP][PASSED] - callTestCase: Call Test Case 'Test Cases/CommonTestcases/OpenBrowserandNavigateToQAURL' successfully

2018-07-18 19:43:29 - [TEST_CASE][PASSED] - Test Cases/CommonTestcases/OpenBrowserandNavigateToQAURL: Test Cases/CommonTestcases/OpenBrowserandNavigateToQAURL

2018-07-18 19:43:29 - [TEST_STEP][PASSED] - openBrowser: Browser is opened with url: ''

2018-07-18 19:43:31 - [MESSAGE][PASSED] - Browser is opened with url: ''

2018-07-18 19:43:31 - [TEST_STEP][PASSED] - navigateToUrl: Navigate to 'https://coa-demo-env.azurewebsites.net/da/index.html#/login' successfully

2018-07-18 19:43:43 - [MESSAGE][PASSED] - Navigate to 'https://coa-demo-env.azurewebsites.net/da/index.html#/login' successfully

2018-07-18 19:43:43 - [TEST_STEP][PASSED] - maximizeWindow: Current window maximized

2018-07-18 19:43:44 - [MESSAGE][PASSED] - Current window maximized

2018-07-18 19:43:44 - [MESSAGE][PASSED] - Call Test Case 'Test Cases/CommonTestcases/OpenBrowserandNavigateToQAURL' successfully

2018-07-18 19:43:44 - [TEST_STEP][PASSED] - waitForElementVisible: Object 'Object Repository/OMVA_Login_Page/Password_Textbox' is not visible after 10 second(s)

2018-07-18 19:43:54 - [MESSAGE][WARNING] - Object 'Object Repository/OMVA_Login_Page/Password_Textbox' is not visible after 10 second(s)

2018-07-18 19:43:54 - [TEST_STEP][PASSED] - sendKeys: Keys 'nicole' sent to object: 'Object Repository/OMVA_Login_Page/Username_Textbox'

2018-07-18 19:43:54 - [MESSAGE][PASSED] - Keys 'nicole' sent to object: 'Object Repository/OMVA_Login_Page/Username_Textbox'

2018-07-18 19:43:54 - [TEST_STEP][PASSED] - click: Object: 'Object Repository/OMVA_Login_Page/Next_Button' is clicked on

2018-07-18 19:43:55 - [MESSAGE][PASSED] - Object: 'Object Repository/OMVA_Login_Page/Next_Button' is clicked on

2018-07-18 19:43:55 - [TEST_STEP][PASSED] - waitForElementVisible: Object 'Object Repository/OMVA_Login_Page/Password_Textbox' is visible

2018-07-18 19:43:55 - [MESSAGE][PASSED] - Object 'Object Repository/OMVA_Login_Page/Password_Textbox' is visible

2018-07-18 19:43:55 - [TEST_STEP][PASSED] - sendKeys: Keys 'nicole' sent to object: 'Object Repository/OMVA_Login_Page/Password_Textbox'

2018-07-18 19:43:56 - [MESSAGE][PASSED] - Keys 'nicole' sent to object: 'Object Repository/OMVA_Login_Page/Password_Textbox'

2018-07-18 19:43:56 - [TEST_STEP][PASSED] - click: Object: 'Object Repository/OMVA_Login_Page/Signin_Button' is clicked on

2018-07-18 19:43:56 - [MESSAGE][PASSED] - Object: 'Object Repository/OMVA_Login_Page/Signin_Button' is clicked on

2018-07-18 19:43:56 - [TEST_STEP][PASSED] - waitForAngularLoad: This page doesn't use Angular.

2018-07-18 19:43:56 - [MESSAGE][WARNING] - This page doesn't use Angular.

2018-07-18 19:43:56 - [TEST_STEP][PASSED] - Statement - greetingtext = com.kms.katalon.core.webui.keyword.WebUiBuiltInKeywords.getText(com.kms.katalon.core.testobject.ObjectRepository.findTestObject(OMVA_Landing_Page/Greeting_Label)): Text of object 'Object Repository/OMVA_Landing_Page/Greeting_Label' is: 'Good Evening, nicole'

2018-07-18 19:43:56 - [MESSAGE][PASSED] - Text of object 'Object Repository/OMVA_Landing_Page/Greeting_Label' is: 'Good Evening, nicole'

2018-07-18 19:43:56 - [TEST_STEP][PASSED] - verifyMatch: Actual text 'Good Evening, nicole' and expected text '\D*nicole' are matched  using regular expression

2018-07-18 19:43:56 - [MESSAGE][PASSED] - Actual text 'Good Evening, nicole' and expected text '\D*nicole' are matched  using regular expression

2018-07-18 19:43:56 - [MESSAGE][PASSED] - Call Test Case 'Test Cases/UserManagementTestCases/Login/Login_ChannelMSP' successfully

2018-07-18 19:43:56 - [TEST_STEP][PASSED] - delay: Delayed 5 second(s)

2018-07-18 19:44:01 - [MESSAGE][PASSED] - Delayed 5 second(s)

2018-07-18 19:44:01 - [TEST_STEP][PASSED] - Statement - ChanMSP_WB_Count = CustomKeywords.applicationLibrary.GetsPendingTaskCount_WBScreen.Get_PendingTask_Count_WBscreen(): applicationLibrary.GetsPendingTaskCount_WBScreen.Get_PendingTask_Count_WBscreen is PASSED

2018-07-18 19:44:02 - [MESSAGE][PASSED] - applicationLibrary.GetsPendingTaskCount_WBScreen.Get_PendingTask_Count_WBscreen is PASSED

2018-07-18 19:44:02 - [TEST_STEP][PASSED] - click: Object: 'Object Repository/OMVA_Landing_Page/Summary_Logo' is clicked on

2018-07-18 19:44:02 - [MESSAGE][PASSED] - Object: 'Object Repository/OMVA_Landing_Page/Summary_Logo' is clicked on

2018-07-18 19:44:02 - [TEST_STEP][PASSED] - delay: Delayed 5 second(s)

2018-07-18 19:44:07 - [MESSAGE][PASSED] - Delayed 5 second(s)

2018-07-18 19:44:07 - [TEST_STEP][PASSED] - waitForElementPresent: Object 'Object Repository/OMVA_Summary_Page/Customer_dropdown' is present

2018-07-18 19:44:07 - [MESSAGE][PASSED] - Object 'Object Repository/OMVA_Summary_Page/Customer_dropdown' is present

2018-07-18 19:44:07 - [TEST_STEP][PASSED] - click: Object: 'Object Repository/OMVA_Summary_Page/Customer_dropdown' is clicked on

2018-07-18 19:44:07 - [MESSAGE][PASSED] - Object: 'Object Repository/OMVA_Summary_Page/Customer_dropdown' is clicked on

2018-07-18 19:44:07 - [TEST_STEP][PASSED] - waitForElementPresent: Object 'Object Repository/OMVA_Summary_Page/Select_puregold' is present

2018-07-18 19:44:07 - [MESSAGE][PASSED] - Object 'Object Repository/OMVA_Summary_Page/Select_puregold' is present

2018-07-18 19:44:07 - [TEST_STEP][PASSED] - click: Object: 'Object Repository/OMVA_Summary_Page/Select_puregold' is clicked on

2018-07-18 19:44:07 - [MESSAGE][PASSED] - Object: 'Object Repository/OMVA_Summary_Page/Select_puregold' is clicked on

2018-07-18 19:44:07 - [TEST_STEP][PASSED] - delay: Delayed 5 second(s)

2018-07-18 19:44:12 - [MESSAGE][PASSED] - Delayed 5 second(s)

2018-07-18 19:44:12 - [TEST_STEP][PASSED] - Statement - ChanMSP_S_Count = CustomKeywords.applicationLibrary.GetsPendingTaskCount_ChanMSP_SummaryScreen.Get_ChanMSPPendingTask_Count_Summaryscreen(): applicationLibrary.GetsPendingTaskCount_ChanMSP_SummaryScreen.Get_ChanMSPPendingTask_Count_Summaryscreen is PASSED

2018-07-18 19:44:12 - [MESSAGE][PASSED] - applicationLibrary.GetsPendingTaskCount_ChanMSP_SummaryScreen.Get_ChanMSPPendingTask_Count_Summaryscreen is PASSED

2018-07-18 19:44:12 - [TEST_STEP][PASSED] - verifyEqual: Actual object '7' and expected object '7' are equal

2018-07-18 19:44:12 - [MESSAGE][PASSED] - Actual object '7' and expected object '7' are equal

2018-07-18 19:44:12 - [TEST_STEP][PASSED] - callTestCase: Call Test Case 'Test Cases/CommonTestcases/Logout_Closebrowser' successfully

2018-07-18 19:44:13 - [TEST_CASE][PASSED] - Test Cases/CommonTestcases/Logout_Closebrowser: Test Cases/CommonTestcases/Logout_Closebrowser

2018-07-18 19:44:13 - [TEST_STEP][PASSED] - waitForElementPresent: Object 'Object Repository/OMVA_Landing_Page/User_icon' is present

2018-07-18 19:44:13 - [MESSAGE][PASSED] - Object 'Object Repository/OMVA_Landing_Page/User_icon' is present

2018-07-18 19:44:13 - [TEST_STEP][PASSED] - click: Object: 'Object Repository/OMVA_Landing_Page/User_icon' is clicked on

2018-07-18 19:44:13 - [MESSAGE][PASSED] - Object: 'Object Repository/OMVA_Landing_Page/User_icon' is clicked on

2018-07-18 19:44:13 - [TEST_STEP][PASSED] - waitForElementPresent: Object 'Object Repository/OMVA_Landing_Page/Logout_link' is present

2018-07-18 19:44:13 - [MESSAGE][PASSED] - Object 'Object Repository/OMVA_Landing_Page/Logout_link' is present

2018-07-18 19:44:13 - [TEST_STEP][PASSED] - click: Object: 'Object Repository/OMVA_Landing_Page/Logout_link' is clicked on

2018-07-18 19:44:13 - [MESSAGE][PASSED] - Object: 'Object Repository/OMVA_Landing_Page/Logout_link' is clicked on

2018-07-18 19:44:13 - [TEST_STEP][PASSED] - waitForElementNotPresent: Web element with id: 'Object Repository/OMVA_Landing_Page/User_icon' located by 'By.xpath: //img[@id='dropdown']' is not present after '15' second(s)

2018-07-18 19:44:13 - [MESSAGE][WARNING] - Timeout '0' is invalid. Using default page load timeout: '15'

2018-07-18 19:44:14 - [MESSAGE][PASSED] - Web element with id: 'Object Repository/OMVA_Landing_Page/User_icon' located by 'By.xpath: //img[@id='dropdown']' is not present after '15' second(s)

2018-07-18 19:44:14 - [TEST_STEP][PASSED] - closeBrowser: Browser is closed

2018-07-18 19:44:15 - [MESSAGE][PASSED] - Browser is closed

2018-07-18 19:44:15 - [MESSAGE][PASSED] - Call Test Case 'Test Cases/CommonTestcases/Logout_Closebrowser' successfully]]></system-out>
         <system-err><![CDATA[]]></system-err>
      </testcase>
      <testcase name="Test Cases/WorkBenchTestCases/Verify_MatchOfPendingTaskForSumaryandWBforMAL" classname="Test Cases/WorkBenchTestCases/Verify_MatchOfPendingTaskForSumaryandWBforMAL" status="PASSED">
         <system-out><![CDATA[2018-07-18 19:44:15 - [TEST_CASE][PASSED] - Test Cases/WorkBenchTestCases/Verify_MatchOfPendingTaskForSumaryandWBforMAL: Test Cases/WorkBenchTestCases/Verify_MatchOfPendingTaskForSumaryandWBforMAL

2018-07-18 19:44:15 - [TEST_STEP][PASSED] - callTestCase: Call Test Case 'Test Cases/UserManagementTestCases/Login/Login_MAL' successfully

2018-07-18 19:44:15 - [TEST_CASE][PASSED] - Test Cases/UserManagementTestCases/Login/Login_MAL: Test Cases/UserManagementTestCases/Login/Login_MAL

2018-07-18 19:44:15 - [TEST_STEP][PASSED] - callTestCase: Call Test Case 'Test Cases/CommonTestcases/OpenBrowserandNavigateToQAURL' successfully

2018-07-18 19:44:15 - [TEST_CASE][PASSED] - Test Cases/CommonTestcases/OpenBrowserandNavigateToQAURL: Test Cases/CommonTestcases/OpenBrowserandNavigateToQAURL

2018-07-18 19:44:15 - [TEST_STEP][PASSED] - openBrowser: Browser is opened with url: ''

2018-07-18 19:44:18 - [MESSAGE][PASSED] - Browser is opened with url: ''

2018-07-18 19:44:18 - [TEST_STEP][PASSED] - navigateToUrl: Navigate to 'https://coa-demo-env.azurewebsites.net/da/index.html#/login' successfully

2018-07-18 19:44:24 - [MESSAGE][PASSED] - Navigate to 'https://coa-demo-env.azurewebsites.net/da/index.html#/login' successfully

2018-07-18 19:44:24 - [TEST_STEP][PASSED] - maximizeWindow: Current window maximized

2018-07-18 19:44:26 - [MESSAGE][PASSED] - Current window maximized

2018-07-18 19:44:26 - [MESSAGE][PASSED] - Call Test Case 'Test Cases/CommonTestcases/OpenBrowserandNavigateToQAURL' successfully

2018-07-18 19:44:26 - [TEST_STEP][PASSED] - waitForElementVisible: Object 'Object Repository/OMVA_Login_Page/Password_Textbox' is not visible after 10 second(s)

2018-07-18 19:44:36 - [MESSAGE][WARNING] - Object 'Object Repository/OMVA_Login_Page/Password_Textbox' is not visible after 10 second(s)

2018-07-18 19:44:36 - [TEST_STEP][PASSED] - sendKeys: Keys 'angelica' sent to object: 'Object Repository/OMVA_Login_Page/Username_Textbox'

2018-07-18 19:44:36 - [MESSAGE][PASSED] - Keys 'angelica' sent to object: 'Object Repository/OMVA_Login_Page/Username_Textbox'

2018-07-18 19:44:36 - [TEST_STEP][PASSED] - click: Object: 'Object Repository/OMVA_Login_Page/Next_Button' is clicked on

2018-07-18 19:44:36 - [MESSAGE][PASSED] - Object: 'Object Repository/OMVA_Login_Page/Next_Button' is clicked on

2018-07-18 19:44:36 - [TEST_STEP][PASSED] - waitForElementVisible: Object 'Object Repository/OMVA_Login_Page/Password_Textbox' is visible

2018-07-18 19:44:37 - [MESSAGE][PASSED] - Object 'Object Repository/OMVA_Login_Page/Password_Textbox' is visible

2018-07-18 19:44:37 - [TEST_STEP][PASSED] - sendKeys: Keys 'angelica' sent to object: 'Object Repository/OMVA_Login_Page/Password_Textbox'

2018-07-18 19:44:37 - [MESSAGE][PASSED] - Keys 'angelica' sent to object: 'Object Repository/OMVA_Login_Page/Password_Textbox'

2018-07-18 19:44:37 - [TEST_STEP][PASSED] - click: Object: 'Object Repository/OMVA_Login_Page/Signin_Button' is clicked on

2018-07-18 19:44:38 - [MESSAGE][PASSED] - Object: 'Object Repository/OMVA_Login_Page/Signin_Button' is clicked on

2018-07-18 19:44:38 - [TEST_STEP][PASSED] - waitForAngularLoad: This page doesn't use Angular.

2018-07-18 19:44:38 - [MESSAGE][WARNING] - This page doesn't use Angular.

2018-07-18 19:44:38 - [TEST_STEP][PASSED] - Statement - greetingtext = com.kms.katalon.core.webui.keyword.WebUiBuiltInKeywords.getText(com.kms.katalon.core.testobject.ObjectRepository.findTestObject(OMVA_Landing_Page/Greeting_Label)): Text of object 'Object Repository/OMVA_Landing_Page/Greeting_Label' is: 'Good Evening, angelica'

2018-07-18 19:44:38 - [MESSAGE][PASSED] - Text of object 'Object Repository/OMVA_Landing_Page/Greeting_Label' is: 'Good Evening, angelica'

2018-07-18 19:44:38 - [TEST_STEP][PASSED] - verifyMatch: Actual text 'Good Evening, angelica' and expected text '\D*angelica' are matched  using regular expression

2018-07-18 19:44:38 - [MESSAGE][PASSED] - Actual text 'Good Evening, angelica' and expected text '\D*angelica' are matched  using regular expression

2018-07-18 19:44:38 - [MESSAGE][PASSED] - Call Test Case 'Test Cases/UserManagementTestCases/Login/Login_MAL' successfully

2018-07-18 19:44:38 - [TEST_STEP][PASSED] - delay: Delayed 5 second(s)

2018-07-18 19:44:43 - [MESSAGE][PASSED] - Delayed 5 second(s)

2018-07-18 19:44:43 - [TEST_STEP][PASSED] - Statement - MAL_WB_Count = CustomKeywords.applicationLibrary.GetsPendingTaskCount_WBScreen.Get_PendingTask_Count_WBscreen(): applicationLibrary.GetsPendingTaskCount_WBScreen.Get_PendingTask_Count_WBscreen is PASSED

2018-07-18 19:44:44 - [MESSAGE][PASSED] - applicationLibrary.GetsPendingTaskCount_WBScreen.Get_PendingTask_Count_WBscreen is PASSED

2018-07-18 19:44:44 - [TEST_STEP][PASSED] - click: Object: 'Object Repository/OMVA_Landing_Page/Summary_Logo' is clicked on

2018-07-18 19:44:44 - [MESSAGE][PASSED] - Object: 'Object Repository/OMVA_Landing_Page/Summary_Logo' is clicked on

2018-07-18 19:44:44 - [TEST_STEP][PASSED] - delay: Delayed 5 second(s)

2018-07-18 19:44:49 - [MESSAGE][PASSED] - Delayed 5 second(s)

2018-07-18 19:44:49 - [TEST_STEP][PASSED] - waitForElementPresent: Object 'Object Repository/OMVA_Summary_Page/Customer_dropdown' is present

2018-07-18 19:44:49 - [MESSAGE][PASSED] - Object 'Object Repository/OMVA_Summary_Page/Customer_dropdown' is present

2018-07-18 19:44:49 - [TEST_STEP][PASSED] - click: Object: 'Object Repository/OMVA_Summary_Page/Customer_dropdown' is clicked on

2018-07-18 19:44:49 - [MESSAGE][PASSED] - Object: 'Object Repository/OMVA_Summary_Page/Customer_dropdown' is clicked on

2018-07-18 19:44:49 - [TEST_STEP][PASSED] - waitForElementPresent: Object 'Object Repository/OMVA_Summary_Page/Select_puregold' is present

2018-07-18 19:44:49 - [MESSAGE][PASSED] - Object 'Object Repository/OMVA_Summary_Page/Select_puregold' is present

2018-07-18 19:44:49 - [TEST_STEP][PASSED] - click: Object: 'Object Repository/OMVA_Summary_Page/Select_puregold' is clicked on

2018-07-18 19:44:50 - [MESSAGE][PASSED] - Object: 'Object Repository/OMVA_Summary_Page/Select_puregold' is clicked on

2018-07-18 19:44:50 - [TEST_STEP][PASSED] - delay: Delayed 5 second(s)

2018-07-18 19:44:55 - [MESSAGE][PASSED] - Delayed 5 second(s)

2018-07-18 19:44:55 - [TEST_STEP][PASSED] - Statement - MAL_S_Count = CustomKeywords.applicationLibrary.GetsPendingTaskCount_MALSummaryScreen.Get_MALPendingTask_Count_Summaryscreen(): applicationLibrary.GetsPendingTaskCount_MALSummaryScreen.Get_MALPendingTask_Count_Summaryscreen is PASSED

2018-07-18 19:44:55 - [MESSAGE][PASSED] - applicationLibrary.GetsPendingTaskCount_MALSummaryScreen.Get_MALPendingTask_Count_Summaryscreen is PASSED

2018-07-18 19:44:55 - [TEST_STEP][PASSED] - verifyEqual: Actual object '5' and expected object '5' are equal

2018-07-18 19:44:55 - [MESSAGE][PASSED] - Actual object '5' and expected object '5' are equal

2018-07-18 19:44:55 - [TEST_STEP][PASSED] - callTestCase: Call Test Case 'Test Cases/CommonTestcases/Logout_Closebrowser' successfully

2018-07-18 19:44:55 - [TEST_CASE][PASSED] - Test Cases/CommonTestcases/Logout_Closebrowser: Test Cases/CommonTestcases/Logout_Closebrowser

2018-07-18 19:44:55 - [TEST_STEP][PASSED] - waitForElementPresent: Object 'Object Repository/OMVA_Landing_Page/User_icon' is present

2018-07-18 19:44:55 - [MESSAGE][PASSED] - Object 'Object Repository/OMVA_Landing_Page/User_icon' is present

2018-07-18 19:44:55 - [TEST_STEP][PASSED] - click: Object: 'Object Repository/OMVA_Landing_Page/User_icon' is clicked on

2018-07-18 19:44:55 - [MESSAGE][PASSED] - Object: 'Object Repository/OMVA_Landing_Page/User_icon' is clicked on

2018-07-18 19:44:55 - [TEST_STEP][PASSED] - waitForElementPresent: Object 'Object Repository/OMVA_Landing_Page/Logout_link' is present

2018-07-18 19:44:55 - [MESSAGE][PASSED] - Object 'Object Repository/OMVA_Landing_Page/Logout_link' is present

2018-07-18 19:44:55 - [TEST_STEP][PASSED] - click: Object: 'Object Repository/OMVA_Landing_Page/Logout_link' is clicked on

2018-07-18 19:44:55 - [MESSAGE][PASSED] - Object: 'Object Repository/OMVA_Landing_Page/Logout_link' is clicked on

2018-07-18 19:44:55 - [TEST_STEP][PASSED] - waitForElementNotPresent: Web element with id: 'Object Repository/OMVA_Landing_Page/User_icon' located by 'By.xpath: //img[@id='dropdown']' is not present after '15' second(s)

2018-07-18 19:44:55 - [MESSAGE][WARNING] - Timeout '0' is invalid. Using default page load timeout: '15'

2018-07-18 19:44:56 - [MESSAGE][PASSED] - Web element with id: 'Object Repository/OMVA_Landing_Page/User_icon' located by 'By.xpath: //img[@id='dropdown']' is not present after '15' second(s)

2018-07-18 19:44:56 - [TEST_STEP][PASSED] - closeBrowser: Browser is closed

2018-07-18 19:44:57 - [MESSAGE][PASSED] - Browser is closed

2018-07-18 19:44:57 - [MESSAGE][PASSED] - Call Test Case 'Test Cases/CommonTestcases/Logout_Closebrowser' successfully]]></system-out>
         <system-err><![CDATA[]]></system-err>
      </testcase>
      <testcase name="Test Cases/WorkBenchTestCases/Verify_DisplayOfHomePageForAllocSPOC" classname="Test Cases/WorkBenchTestCases/Verify_DisplayOfHomePageForAllocSPOC" status="PASSED">
         <system-out><![CDATA[2018-07-18 19:44:57 - [TEST_CASE][PASSED] - Test Cases/WorkBenchTestCases/Verify_DisplayOfHomePageForAllocSPOC: Test Cases/WorkBenchTestCases/Verify_DisplayOfHomePageForAllocSPOC

2018-07-18 19:44:57 - [TEST_STEP][PASSED] - callTestCase: Call Test Case 'Test Cases/UserManagementTestCases/Login/Login_AllocSPOC' successfully

2018-07-18 19:44:57 - [TEST_CASE][PASSED] - Test Cases/UserManagementTestCases/Login/Login_AllocSPOC: Test Cases/UserManagementTestCases/Login/Login_AllocSPOC

2018-07-18 19:44:57 - [TEST_STEP][PASSED] - callTestCase: Call Test Case 'Test Cases/CommonTestcases/OpenBrowserandNavigateToQAURL' successfully

2018-07-18 19:44:57 - [TEST_CASE][PASSED] - Test Cases/CommonTestcases/OpenBrowserandNavigateToQAURL: Test Cases/CommonTestcases/OpenBrowserandNavigateToQAURL

2018-07-18 19:44:57 - [TEST_STEP][PASSED] - openBrowser: Browser is opened with url: ''

2018-07-18 19:45:00 - [MESSAGE][PASSED] - Browser is opened with url: ''

2018-07-18 19:45:00 - [TEST_STEP][PASSED] - navigateToUrl: Navigate to 'https://coa-demo-env.azurewebsites.net/da/index.html#/login' successfully

2018-07-18 19:45:13 - [MESSAGE][PASSED] - Navigate to 'https://coa-demo-env.azurewebsites.net/da/index.html#/login' successfully

2018-07-18 19:45:13 - [TEST_STEP][PASSED] - maximizeWindow: Current window maximized

2018-07-18 19:45:14 - [MESSAGE][PASSED] - Current window maximized

2018-07-18 19:45:14 - [MESSAGE][PASSED] - Call Test Case 'Test Cases/CommonTestcases/OpenBrowserandNavigateToQAURL' successfully

2018-07-18 19:45:14 - [TEST_STEP][PASSED] - waitForElementVisible: Object 'Object Repository/OMVA_Login_Page/Password_Textbox' is not visible after 10 second(s)

2018-07-18 19:45:24 - [MESSAGE][WARNING] - Object 'Object Repository/OMVA_Login_Page/Password_Textbox' is not visible after 10 second(s)

2018-07-18 19:45:24 - [TEST_STEP][PASSED] - sendKeys: Keys 'romeo' sent to object: 'Object Repository/OMVA_Login_Page/Username_Textbox'

2018-07-18 19:45:25 - [MESSAGE][PASSED] - Keys 'romeo' sent to object: 'Object Repository/OMVA_Login_Page/Username_Textbox'

2018-07-18 19:45:25 - [TEST_STEP][PASSED] - click: Object: 'Object Repository/OMVA_Login_Page/Next_Button' is clicked on

2018-07-18 19:45:25 - [MESSAGE][PASSED] - Object: 'Object Repository/OMVA_Login_Page/Next_Button' is clicked on

2018-07-18 19:45:25 - [TEST_STEP][PASSED] - waitForElementVisible: Object 'Object Repository/OMVA_Login_Page/Password_Textbox' is visible

2018-07-18 19:45:26 - [MESSAGE][PASSED] - Object 'Object Repository/OMVA_Login_Page/Password_Textbox' is visible

2018-07-18 19:45:26 - [TEST_STEP][PASSED] - sendKeys: Keys 'romeo' sent to object: 'Object Repository/OMVA_Login_Page/Password_Textbox'

2018-07-18 19:45:26 - [MESSAGE][PASSED] - Keys 'romeo' sent to object: 'Object Repository/OMVA_Login_Page/Password_Textbox'

2018-07-18 19:45:26 - [TEST_STEP][PASSED] - click: Object: 'Object Repository/OMVA_Login_Page/Signin_Button' is clicked on

2018-07-18 19:45:26 - [MESSAGE][PASSED] - Object: 'Object Repository/OMVA_Login_Page/Signin_Button' is clicked on

2018-07-18 19:45:26 - [TEST_STEP][PASSED] - waitForAngularLoad: This page doesn't use Angular.

2018-07-18 19:45:26 - [MESSAGE][WARNING] - This page doesn't use Angular.

2018-07-18 19:45:26 - [TEST_STEP][PASSED] - Statement - greetingtext = com.kms.katalon.core.webui.keyword.WebUiBuiltInKeywords.getText(com.kms.katalon.core.testobject.ObjectRepository.findTestObject(OMVA_Landing_Page/Greeting_Label)): Text of object 'Object Repository/OMVA_Landing_Page/Greeting_Label' is: 'Good Evening, romeo'

2018-07-18 19:45:27 - [MESSAGE][PASSED] - Text of object 'Object Repository/OMVA_Landing_Page/Greeting_Label' is: 'Good Evening, romeo'

2018-07-18 19:45:27 - [TEST_STEP][PASSED] - verifyMatch: Actual text 'Good Evening, romeo' and expected text '\D*romeo' are matched  using regular expression

2018-07-18 19:45:27 - [MESSAGE][PASSED] - Actual text 'Good Evening, romeo' and expected text '\D*romeo' are matched  using regular expression

2018-07-18 19:45:27 - [MESSAGE][PASSED] - Call Test Case 'Test Cases/UserManagementTestCases/Login/Login_AllocSPOC' successfully

2018-07-18 19:45:27 - [TEST_STEP][PASSED] - delay: Delayed 5 second(s)

2018-07-18 19:45:32 - [MESSAGE][PASSED] - Delayed 5 second(s)

2018-07-18 19:45:32 - [TEST_STEP][PASSED] - verifyElementPresent: Object 'Object Repository/OMVA_Landing_Page/SummaryLogo_ASpoc' is present

2018-07-18 19:45:32 - [MESSAGE][PASSED] - Object 'Object Repository/OMVA_Landing_Page/SummaryLogo_ASpoc' is present

2018-07-18 19:45:32 - [TEST_STEP][PASSED] - verifyElementPresent: Object 'Object Repository/OMVA_Landing_Page/History_Logo' is present

2018-07-18 19:45:32 - [MESSAGE][PASSED] - Object 'Object Repository/OMVA_Landing_Page/History_Logo' is present

2018-07-18 19:45:32 - [TEST_STEP][PASSED] - verifyElementNotPresent: Web element with id: 'Object Repository/OMVA_Landing_Page/Workbench_Logo' located by 'By.xpath: //li[@class='workBenchLogo']' is not present after '5' second(s)

2018-07-18 19:45:32 - [MESSAGE][PASSED] - Web element with id: 'Object Repository/OMVA_Landing_Page/Workbench_Logo' located by 'By.xpath: //li[@class='workBenchLogo']' is not present after '5' second(s)

2018-07-18 19:45:32 - [TEST_STEP][PASSED] - callTestCase: Call Test Case 'Test Cases/CommonTestcases/Logout_Closebrowser' successfully

2018-07-18 19:45:32 - [TEST_CASE][PASSED] - Test Cases/CommonTestcases/Logout_Closebrowser: Test Cases/CommonTestcases/Logout_Closebrowser

2018-07-18 19:45:32 - [TEST_STEP][PASSED] - waitForElementPresent: Object 'Object Repository/OMVA_Landing_Page/User_icon' is present

2018-07-18 19:45:32 - [MESSAGE][PASSED] - Object 'Object Repository/OMVA_Landing_Page/User_icon' is present

2018-07-18 19:45:32 - [TEST_STEP][PASSED] - click: Object: 'Object Repository/OMVA_Landing_Page/User_icon' is clicked on

2018-07-18 19:45:32 - [MESSAGE][PASSED] - Object: 'Object Repository/OMVA_Landing_Page/User_icon' is clicked on

2018-07-18 19:45:32 - [TEST_STEP][PASSED] - waitForElementPresent: Object 'Object Repository/OMVA_Landing_Page/Logout_link' is present

2018-07-18 19:45:33 - [MESSAGE][PASSED] - Object 'Object Repository/OMVA_Landing_Page/Logout_link' is present

2018-07-18 19:45:33 - [TEST_STEP][PASSED] - click: Object: 'Object Repository/OMVA_Landing_Page/Logout_link' is clicked on

2018-07-18 19:45:33 - [MESSAGE][PASSED] - Object: 'Object Repository/OMVA_Landing_Page/Logout_link' is clicked on

2018-07-18 19:45:33 - [TEST_STEP][PASSED] - waitForElementNotPresent: Web element with id: 'Object Repository/OMVA_Landing_Page/User_icon' located by 'By.xpath: //img[@id='dropdown']' is not present after '15' second(s)

2018-07-18 19:45:33 - [MESSAGE][WARNING] - Timeout '0' is invalid. Using default page load timeout: '15'

2018-07-18 19:45:33 - [MESSAGE][PASSED] - Web element with id: 'Object Repository/OMVA_Landing_Page/User_icon' located by 'By.xpath: //img[@id='dropdown']' is not present after '15' second(s)

2018-07-18 19:45:33 - [TEST_STEP][PASSED] - closeBrowser: Browser is closed

2018-07-18 19:45:34 - [MESSAGE][PASSED] - Browser is closed

2018-07-18 19:45:34 - [MESSAGE][PASSED] - Call Test Case 'Test Cases/CommonTestcases/Logout_Closebrowser' successfully]]></system-out>
         <system-err><![CDATA[]]></system-err>
      </testcase>
      <testcase name="Test Cases/WorkBenchTestCases/Verify_MALSKU_MovesToHistory" classname="Test Cases/WorkBenchTestCases/Verify_MALSKU_MovesToHistory" status="FAILED">
         <failure type="FAILED" message="Unable to verify match between actual text '' and expected text 'Action Taken' using regular expression (Root cause: Actual text '' and expected text 'Action Taken' are not matched using regular expression)"/>
         <system-out><![CDATA[2018-07-18 19:45:34 - [TEST_CASE][FAILED] - Test Cases/WorkBenchTestCases/Verify_MALSKU_MovesToHistory: Test Cases/WorkBenchTestCases/Verify_MALSKU_MovesToHistory FAILED because (of) Unable to verify match between actual text '' and expected text 'Action Taken' using regular expression (Root cause: Actual text '' and expected text 'Action Taken' are not matched using regular expression)

2018-07-18 19:45:34 - [TEST_STEP][PASSED] - callTestCase: Call Test Case 'Test Cases/UserManagementTestCases/Login/Login_ChannelMSP' successfully

2018-07-18 19:45:35 - [TEST_CASE][PASSED] - Test Cases/UserManagementTestCases/Login/Login_ChannelMSP: Test Cases/UserManagementTestCases/Login/Login_ChannelMSP

2018-07-18 19:45:35 - [TEST_STEP][PASSED] - callTestCase: Call Test Case 'Test Cases/CommonTestcases/OpenBrowserandNavigateToQAURL' successfully

2018-07-18 19:45:35 - [TEST_CASE][PASSED] - Test Cases/CommonTestcases/OpenBrowserandNavigateToQAURL: Test Cases/CommonTestcases/OpenBrowserandNavigateToQAURL

2018-07-18 19:45:35 - [TEST_STEP][PASSED] - openBrowser: Browser is opened with url: ''

2018-07-18 19:45:38 - [MESSAGE][PASSED] - Browser is opened with url: ''

2018-07-18 19:45:38 - [TEST_STEP][PASSED] - navigateToUrl: Navigate to 'https://coa-demo-env.azurewebsites.net/da/index.html#/login' successfully

2018-07-18 19:45:46 - [MESSAGE][PASSED] - Navigate to 'https://coa-demo-env.azurewebsites.net/da/index.html#/login' successfully

2018-07-18 19:45:46 - [TEST_STEP][PASSED] - maximizeWindow: Current window maximized

2018-07-18 19:45:47 - [MESSAGE][PASSED] - Current window maximized

2018-07-18 19:45:47 - [MESSAGE][PASSED] - Call Test Case 'Test Cases/CommonTestcases/OpenBrowserandNavigateToQAURL' successfully

2018-07-18 19:45:47 - [TEST_STEP][PASSED] - waitForElementVisible: Object 'Object Repository/OMVA_Login_Page/Password_Textbox' is not visible after 10 second(s)

2018-07-18 19:45:57 - [MESSAGE][WARNING] - Object 'Object Repository/OMVA_Login_Page/Password_Textbox' is not visible after 10 second(s)

2018-07-18 19:45:57 - [TEST_STEP][PASSED] - sendKeys: Keys 'nicole' sent to object: 'Object Repository/OMVA_Login_Page/Username_Textbox'

2018-07-18 19:45:58 - [MESSAGE][PASSED] - Keys 'nicole' sent to object: 'Object Repository/OMVA_Login_Page/Username_Textbox'

2018-07-18 19:45:58 - [TEST_STEP][PASSED] - click: Object: 'Object Repository/OMVA_Login_Page/Next_Button' is clicked on

2018-07-18 19:45:58 - [MESSAGE][PASSED] - Object: 'Object Repository/OMVA_Login_Page/Next_Button' is clicked on

2018-07-18 19:45:58 - [TEST_STEP][PASSED] - waitForElementVisible: Object 'Object Repository/OMVA_Login_Page/Password_Textbox' is visible

2018-07-18 19:45:59 - [MESSAGE][PASSED] - Object 'Object Repository/OMVA_Login_Page/Password_Textbox' is visible

2018-07-18 19:45:59 - [TEST_STEP][PASSED] - sendKeys: Keys 'nicole' sent to object: 'Object Repository/OMVA_Login_Page/Password_Textbox'

2018-07-18 19:45:59 - [MESSAGE][PASSED] - Keys 'nicole' sent to object: 'Object Repository/OMVA_Login_Page/Password_Textbox'

2018-07-18 19:45:59 - [TEST_STEP][PASSED] - click: Object: 'Object Repository/OMVA_Login_Page/Signin_Button' is clicked on

2018-07-18 19:45:59 - [MESSAGE][PASSED] - Object: 'Object Repository/OMVA_Login_Page/Signin_Button' is clicked on

2018-07-18 19:45:59 - [TEST_STEP][PASSED] - waitForAngularLoad: This page doesn't use Angular.

2018-07-18 19:45:59 - [MESSAGE][WARNING] - This page doesn't use Angular.

2018-07-18 19:45:59 - [TEST_STEP][PASSED] - Statement - greetingtext = com.kms.katalon.core.webui.keyword.WebUiBuiltInKeywords.getText(com.kms.katalon.core.testobject.ObjectRepository.findTestObject(OMVA_Landing_Page/Greeting_Label)): Text of object 'Object Repository/OMVA_Landing_Page/Greeting_Label' is: 'Good Evening, nicole'

2018-07-18 19:46:00 - [MESSAGE][PASSED] - Text of object 'Object Repository/OMVA_Landing_Page/Greeting_Label' is: 'Good Evening, nicole'

2018-07-18 19:46:00 - [TEST_STEP][PASSED] - verifyMatch: Actual text 'Good Evening, nicole' and expected text '\D*nicole' are matched  using regular expression

2018-07-18 19:46:00 - [MESSAGE][PASSED] - Actual text 'Good Evening, nicole' and expected text '\D*nicole' are matched  using regular expression

2018-07-18 19:46:00 - [MESSAGE][PASSED] - Call Test Case 'Test Cases/UserManagementTestCases/Login/Login_ChannelMSP' successfully

2018-07-18 19:46:00 - [TEST_STEP][PASSED] - delay: Delayed 3 second(s)

2018-07-18 19:46:03 - [MESSAGE][PASSED] - Delayed 3 second(s)

2018-07-18 19:46:03 - [TEST_STEP][PASSED] - click: Object: 'Object Repository/OMVA_Summary_Page/Customer_dropdown' is clicked on

2018-07-18 19:46:03 - [MESSAGE][PASSED] - Object: 'Object Repository/OMVA_Summary_Page/Customer_dropdown' is clicked on

2018-07-18 19:46:03 - [TEST_STEP][PASSED] - click: Object: 'Object Repository/OMVA_Summary_Page/Select_puregold' is clicked on

2018-07-18 19:46:03 - [MESSAGE][PASSED] - Object: 'Object Repository/OMVA_Summary_Page/Select_puregold' is clicked on

2018-07-18 19:46:03 - [TEST_STEP][PASSED] - delay: Delayed 5 second(s)

2018-07-18 19:46:08 - [MESSAGE][PASSED] - Delayed 5 second(s)

2018-07-18 19:46:08 - [TEST_STEP][PASSED] - waitForElementPresent: Object 'Object Repository/OMVA_Workbench_Page/1st_SKUMaterial' is present

2018-07-18 19:46:08 - [MESSAGE][WARNING] - Timeout '0' is invalid. Using default page load timeout: '15'

2018-07-18 19:46:08 - [MESSAGE][PASSED] - Object 'Object Repository/OMVA_Workbench_Page/1st_SKUMaterial' is present

2018-07-18 19:46:08 - [TEST_STEP][PASSED] - Statement - SKUID = com.kms.katalon.core.webui.keyword.WebUiBuiltInKeywords.getText(com.kms.katalon.core.testobject.ObjectRepository.findTestObject(OMVA_Workbench_Page/1st_SKUMaterial)): Text of object 'Object Repository/OMVA_Workbench_Page/1st_SKUMaterial' is: '82276850'

2018-07-18 19:46:09 - [MESSAGE][PASSED] - Text of object 'Object Repository/OMVA_Workbench_Page/1st_SKUMaterial' is: '82276850'

2018-07-18 19:46:09 - [TEST_STEP][PASSED] - waitForElementPresent: Object 'Object Repository/OMVA_Workbench_Page/DONE_Btn' is present

2018-07-18 19:46:09 - [MESSAGE][PASSED] - Object 'Object Repository/OMVA_Workbench_Page/DONE_Btn' is present

2018-07-18 19:46:09 - [TEST_STEP][PASSED] - scrollToElement: Scroll to object 'Object Repository/OMVA_Workbench_Page/DONE_Btn' successfully

2018-07-18 19:46:09 - [MESSAGE][PASSED] - Scroll to object 'Object Repository/OMVA_Workbench_Page/DONE_Btn' successfully

2018-07-18 19:46:09 - [TEST_STEP][PASSED] - click: Object: 'Object Repository/OMVA_Workbench_Page/DONE_Btn' is clicked on

2018-07-18 19:46:09 - [MESSAGE][PASSED] - Object: 'Object Repository/OMVA_Workbench_Page/DONE_Btn' is clicked on

2018-07-18 19:46:09 - [TEST_STEP][PASSED] - applicationLibrary.ClicksOn1stBatchof_SKUID_andgetsBatchNo.ClickOnSKUInprogressBatch: applicationLibrary.ClicksOn1stBatchof_SKUID_andgetsBatchNo.ClickOnSKUInprogressBatch is PASSED

2018-07-18 19:46:14 - [MESSAGE][PASSED] - applicationLibrary.ClicksOn1stBatchof_SKUID_andgetsBatchNo.ClickOnSKUInprogressBatch is PASSED

2018-07-18 19:46:14 - [TEST_STEP][PASSED] - delay: Delayed 3 second(s)

2018-07-18 19:46:17 - [MESSAGE][PASSED] - Delayed 3 second(s)

2018-07-18 19:46:17 - [TEST_STEP][PASSED] - waitForElementPresent: Object 'Object Repository/OMVA_Workbench_Page/Notify_Btn' is present

2018-07-18 19:46:18 - [MESSAGE][PASSED] - Object 'Object Repository/OMVA_Workbench_Page/Notify_Btn' is present

2018-07-18 19:46:18 - [TEST_STEP][PASSED] - click: Object: 'Object Repository/OMVA_Workbench_Page/Notify_Btn' is clicked on

2018-07-18 19:46:18 - [MESSAGE][PASSED] - Object: 'Object Repository/OMVA_Workbench_Page/Notify_Btn' is clicked on

2018-07-18 19:46:18 - [TEST_STEP][PASSED] - delay: Delayed 5 second(s)

2018-07-18 19:46:23 - [MESSAGE][PASSED] - Delayed 5 second(s)

2018-07-18 19:46:23 - [TEST_STEP][PASSED] - waitForElementPresent: Object 'Object Repository/OMVA_Workbench_Page/ActionTaken_HeaderTxt' is present

2018-07-18 19:46:23 - [MESSAGE][PASSED] - Object 'Object Repository/OMVA_Workbench_Page/ActionTaken_HeaderTxt' is present

2018-07-18 19:46:23 - [TEST_STEP][PASSED] - Statement - ActionTakenHTxt = com.kms.katalon.core.webui.keyword.WebUiBuiltInKeywords.getText(com.kms.katalon.core.testobject.ObjectRepository.findTestObject(OMVA_Workbench_Page/ActionTaken_HeaderTxt)): Text of object 'Object Repository/OMVA_Workbench_Page/ActionTaken_HeaderTxt' is: ''

2018-07-18 19:46:23 - [MESSAGE][PASSED] - Text of object 'Object Repository/OMVA_Workbench_Page/ActionTaken_HeaderTxt' is: ''

2018-07-18 19:46:23 - [TEST_STEP][PASSED] - Statement - ActionTakenCTxt = com.kms.katalon.core.webui.keyword.WebUiBuiltInKeywords.getText(com.kms.katalon.core.testobject.ObjectRepository.findTestObject(OMVA_Workbench_Page/ActionTaken_ContenetTxt)): Text of object 'Object Repository/OMVA_Workbench_Page/ActionTaken_ContenetTxt' is: ''

2018-07-18 19:46:23 - [MESSAGE][PASSED] - Text of object 'Object Repository/OMVA_Workbench_Page/ActionTaken_ContenetTxt' is: ''

2018-07-18 19:46:23 - [TEST_STEP][FAILED] - verifyMatch: Unable to verify match between actual text '' and expected text 'Action Taken' using regular expression (Root cause: Actual text '' and expected text 'Action Taken' are not matched using regular expression)

2018-07-18 19:46:23 - [MESSAGE][FAILED] - Unable to verify match between actual text '' and expected text 'Action Taken' using regular expression (Root cause: Actual text '' and expected text 'Action Taken' are not matched using regular expression)]]></system-out>
         <system-err><![CDATA[2018-07-18 19:45:34 - [TEST_CASE][FAILED] - Test Cases/WorkBenchTestCases/Verify_MALSKU_MovesToHistory: Test Cases/WorkBenchTestCases/Verify_MALSKU_MovesToHistory FAILED because (of) Unable to verify match between actual text '' and expected text 'Action Taken' using regular expression (Root cause: Actual text '' and expected text 'Action Taken' are not matched using regular expression)]]></system-err>
      </testcase>
      <testcase name="Test Cases/WorkBenchTestCases/Validate_ChannelMSPAuthorisedIncreaseAllocation" classname="Test Cases/WorkBenchTestCases/Validate_ChannelMSPAuthorisedIncreaseAllocation" status="PASSED">
         <system-out><![CDATA[2018-07-18 19:46:23 - [TEST_CASE][PASSED] - Test Cases/WorkBenchTestCases/Validate_ChannelMSPAuthorisedIncreaseAllocation: Test Cases/WorkBenchTestCases/Validate_ChannelMSPAuthorisedIncreaseAllocation

2018-07-18 19:46:23 - [TEST_STEP][PASSED] - callTestCase: Call Test Case 'Test Cases/UserManagementTestCases/Login/Login_ChannelMSP' successfully

2018-07-18 19:46:23 - [TEST_CASE][PASSED] - Test Cases/UserManagementTestCases/Login/Login_ChannelMSP: Test Cases/UserManagementTestCases/Login/Login_ChannelMSP

2018-07-18 19:46:23 - [TEST_STEP][PASSED] - callTestCase: Call Test Case 'Test Cases/CommonTestcases/OpenBrowserandNavigateToQAURL' successfully

2018-07-18 19:46:23 - [TEST_CASE][PASSED] - Test Cases/CommonTestcases/OpenBrowserandNavigateToQAURL: Test Cases/CommonTestcases/OpenBrowserandNavigateToQAURL

2018-07-18 19:46:23 - [TEST_STEP][PASSED] - openBrowser: Browser is opened with url: ''

2018-07-18 19:46:23 - [MESSAGE][WARNING] - A browser is already opened. Closing browser and opening a new one

2018-07-18 19:46:27 - [MESSAGE][PASSED] - Browser is opened with url: ''

2018-07-18 19:46:27 - [TEST_STEP][PASSED] - navigateToUrl: Navigate to 'https://coa-demo-env.azurewebsites.net/da/index.html#/login' successfully

2018-07-18 19:46:39 - [MESSAGE][PASSED] - Navigate to 'https://coa-demo-env.azurewebsites.net/da/index.html#/login' successfully

2018-07-18 19:46:39 - [TEST_STEP][PASSED] - maximizeWindow: Current window maximized

2018-07-18 19:46:40 - [MESSAGE][PASSED] - Current window maximized

2018-07-18 19:46:40 - [MESSAGE][PASSED] - Call Test Case 'Test Cases/CommonTestcases/OpenBrowserandNavigateToQAURL' successfully

2018-07-18 19:46:40 - [TEST_STEP][PASSED] - waitForElementVisible: Object 'Object Repository/OMVA_Login_Page/Password_Textbox' is not visible after 10 second(s)

2018-07-18 19:46:50 - [MESSAGE][WARNING] - Object 'Object Repository/OMVA_Login_Page/Password_Textbox' is not visible after 10 second(s)

2018-07-18 19:46:50 - [TEST_STEP][PASSED] - sendKeys: Keys 'nicole' sent to object: 'Object Repository/OMVA_Login_Page/Username_Textbox'

2018-07-18 19:46:51 - [MESSAGE][PASSED] - Keys 'nicole' sent to object: 'Object Repository/OMVA_Login_Page/Username_Textbox'

2018-07-18 19:46:51 - [TEST_STEP][PASSED] - click: Object: 'Object Repository/OMVA_Login_Page/Next_Button' is clicked on

2018-07-18 19:46:51 - [MESSAGE][PASSED] - Object: 'Object Repository/OMVA_Login_Page/Next_Button' is clicked on

2018-07-18 19:46:51 - [TEST_STEP][PASSED] - waitForElementVisible: Object 'Object Repository/OMVA_Login_Page/Password_Textbox' is visible

2018-07-18 19:46:52 - [MESSAGE][PASSED] - Object 'Object Repository/OMVA_Login_Page/Password_Textbox' is visible

2018-07-18 19:46:52 - [TEST_STEP][PASSED] - sendKeys: Keys 'nicole' sent to object: 'Object Repository/OMVA_Login_Page/Password_Textbox'

2018-07-18 19:46:52 - [MESSAGE][PASSED] - Keys 'nicole' sent to object: 'Object Repository/OMVA_Login_Page/Password_Textbox'

2018-07-18 19:46:52 - [TEST_STEP][PASSED] - click: Object: 'Object Repository/OMVA_Login_Page/Signin_Button' is clicked on

2018-07-18 19:46:52 - [MESSAGE][PASSED] - Object: 'Object Repository/OMVA_Login_Page/Signin_Button' is clicked on

2018-07-18 19:46:52 - [TEST_STEP][PASSED] - waitForAngularLoad: This page doesn't use Angular.

2018-07-18 19:46:52 - [MESSAGE][WARNING] - This page doesn't use Angular.

2018-07-18 19:46:52 - [TEST_STEP][PASSED] - Statement - greetingtext = com.kms.katalon.core.webui.keyword.WebUiBuiltInKeywords.getText(com.kms.katalon.core.testobject.ObjectRepository.findTestObject(OMVA_Landing_Page/Greeting_Label)): Text of object 'Object Repository/OMVA_Landing_Page/Greeting_Label' is: 'Good Evening, nicole'

2018-07-18 19:46:53 - [MESSAGE][PASSED] - Text of object 'Object Repository/OMVA_Landing_Page/Greeting_Label' is: 'Good Evening, nicole'

2018-07-18 19:46:53 - [TEST_STEP][PASSED] - verifyMatch: Actual text 'Good Evening, nicole' and expected text '\D*nicole' are matched  using regular expression

2018-07-18 19:46:53 - [MESSAGE][PASSED] - Actual text 'Good Evening, nicole' and expected text '\D*nicole' are matched  using regular expression

2018-07-18 19:46:53 - [MESSAGE][PASSED] - Call Test Case 'Test Cases/UserManagementTestCases/Login/Login_ChannelMSP' successfully

2018-07-18 19:46:53 - [TEST_STEP][PASSED] - waitForElementPresent: Object 'Object Repository/OMVA_UserManagement_Page/Search_button' is present

2018-07-18 19:46:53 - [MESSAGE][PASSED] - Object 'Object Repository/OMVA_UserManagement_Page/Search_button' is present

2018-07-18 19:46:53 - [TEST_STEP][PASSED] - click: Object: 'Object Repository/OMVA_UserManagement_Page/Search_button' is clicked on

2018-07-18 19:46:53 - [MESSAGE][PASSED] - Object: 'Object Repository/OMVA_UserManagement_Page/Search_button' is clicked on

2018-07-18 19:46:53 - [TEST_STEP][PASSED] - waitForElementVisible: Object 'Object Repository/OMVA_UserManagement_Page/Enter_Text_Search' is visible

2018-07-18 19:46:53 - [MESSAGE][PASSED] - Object 'Object Repository/OMVA_UserManagement_Page/Enter_Text_Search' is visible

2018-07-18 19:46:53 - [TEST_STEP][PASSED] - sendKeys: Keys '82269564' sent to object: 'Object Repository/OMVA_UserManagement_Page/Enter_Text_Search'

2018-07-18 19:46:54 - [MESSAGE][PASSED] - Keys '82269564' sent to object: 'Object Repository/OMVA_UserManagement_Page/Enter_Text_Search'

2018-07-18 19:46:54 - [TEST_STEP][PASSED] - waitForElementVisible: Object 'Object Repository/OMVA_Workbench_Page/1st_SKUMaterial' is visible

2018-07-18 19:46:54 - [MESSAGE][PASSED] - Object 'Object Repository/OMVA_Workbench_Page/1st_SKUMaterial' is visible

2018-07-18 19:46:54 - [TEST_STEP][PASSED] - click: Object: 'Object Repository/OMVA_Workbench_Page/1st_SKUMaterial' is clicked on

2018-07-18 19:46:54 - [MESSAGE][PASSED] - Object: 'Object Repository/OMVA_Workbench_Page/1st_SKUMaterial' is clicked on

2018-07-18 19:46:54 - [TEST_STEP][PASSED] - waitForElementVisible: Object 'Object Repository/OMVA_Summary_Page/SummaryText' is visible

2018-07-18 19:46:54 - [MESSAGE][PASSED] - Object 'Object Repository/OMVA_Summary_Page/SummaryText' is visible

2018-07-18 19:46:54 - [TEST_STEP][PASSED] - delay: Delayed 4 second(s)

2018-07-18 19:46:58 - [MESSAGE][PASSED] - Delayed 4 second(s)

2018-07-18 19:46:58 - [TEST_STEP][PASSED] - scrollToElement: Scroll to object 'Object Repository/OMVA_Landing_Page/OMVA_Recommendation' successfully

2018-07-18 19:46:58 - [MESSAGE][PASSED] - Scroll to object 'Object Repository/OMVA_Landing_Page/OMVA_Recommendation' successfully

2018-07-18 19:46:58 - [TEST_STEP][PASSED] - waitForElementNotPresent: Web element with id: 'Object Repository/OMVA_Landing_Page/IncreaseAllocation_Summary' located by 'By.xpath: //LABEL[@_ngcontent-c8=''][text()='Increase Allocation']' is not present after '5' second(s)

2018-07-18 19:46:58 - [MESSAGE][PASSED] - Web element with id: 'Object Repository/OMVA_Landing_Page/IncreaseAllocation_Summary' located by 'By.xpath: //LABEL[@_ngcontent-c8=''][text()='Increase Allocation']' is not present after '5' second(s)

2018-07-18 19:46:58 - [TEST_STEP][PASSED] - callTestCase: Call Test Case 'Test Cases/CommonTestcases/Logout_Closebrowser' successfully

2018-07-18 19:46:58 - [TEST_CASE][PASSED] - Test Cases/CommonTestcases/Logout_Closebrowser: Test Cases/CommonTestcases/Logout_Closebrowser

2018-07-18 19:46:58 - [TEST_STEP][PASSED] - waitForElementPresent: Object 'Object Repository/OMVA_Landing_Page/User_icon' is present

2018-07-18 19:46:58 - [MESSAGE][PASSED] - Object 'Object Repository/OMVA_Landing_Page/User_icon' is present

2018-07-18 19:46:58 - [TEST_STEP][PASSED] - click: Object: 'Object Repository/OMVA_Landing_Page/User_icon' is clicked on

2018-07-18 19:46:58 - [MESSAGE][PASSED] - Object: 'Object Repository/OMVA_Landing_Page/User_icon' is clicked on

2018-07-18 19:46:58 - [TEST_STEP][PASSED] - waitForElementPresent: Object 'Object Repository/OMVA_Landing_Page/Logout_link' is present

2018-07-18 19:46:59 - [MESSAGE][PASSED] - Object 'Object Repository/OMVA_Landing_Page/Logout_link' is present

2018-07-18 19:46:59 - [TEST_STEP][PASSED] - click: Object: 'Object Repository/OMVA_Landing_Page/Logout_link' is clicked on

2018-07-18 19:46:59 - [MESSAGE][PASSED] - Object: 'Object Repository/OMVA_Landing_Page/Logout_link' is clicked on

2018-07-18 19:46:59 - [TEST_STEP][PASSED] - waitForElementNotPresent: Web element with id: 'Object Repository/OMVA_Landing_Page/User_icon' located by 'By.xpath: //img[@id='dropdown']' is not present after '15' second(s)

2018-07-18 19:46:59 - [MESSAGE][WARNING] - Timeout '0' is invalid. Using default page load timeout: '15'

2018-07-18 19:46:59 - [MESSAGE][PASSED] - Web element with id: 'Object Repository/OMVA_Landing_Page/User_icon' located by 'By.xpath: //img[@id='dropdown']' is not present after '15' second(s)

2018-07-18 19:46:59 - [TEST_STEP][PASSED] - closeBrowser: Browser is closed

2018-07-18 19:47:00 - [MESSAGE][PASSED] - Browser is closed

2018-07-18 19:47:00 - [MESSAGE][PASSED] - Call Test Case 'Test Cases/CommonTestcases/Logout_Closebrowser' successfully]]></system-out>
         <system-err><![CDATA[]]></system-err>
      </testcase>
      <system-out><![CDATA[2018-07-18 19:41:42 - [TEST_SUITE][FAILED] - WorkBenchTestSuite: Test Cases/WorkBenchTestCases/Validate_CategoryMSPIncreaseAllocationQtyNotEditable FAILED because (of) Unable to click on object 'Object Repository/OMVA_Workbench_Page/1st_SKUMaterial' (Root cause: com.kms.katalon.core.webui.exception.WebElementNotFoundException: Web element with id: 'Object Repository/OMVA_Workbench_Page/1st_SKUMaterial' located by 'By.xpath: (//div[@id='parent']//descendant::h2[@data-parent='#parent'])[1]' not found)]]></system-out>
      <system-err><![CDATA[2018-07-18 19:41:42 - [TEST_SUITE][FAILED] - WorkBenchTestSuite: Test Cases/WorkBenchTestCases/Validate_CategoryMSPIncreaseAllocationQtyNotEditable FAILED because (of) Unable to click on object 'Object Repository/OMVA_Workbench_Page/1st_SKUMaterial' (Root cause: com.kms.katalon.core.webui.exception.WebElementNotFoundException: Web element with id: 'Object Repository/OMVA_Workbench_Page/1st_SKUMaterial' located by 'By.xpath: (//div[@id='parent']//descendant::h2[@data-parent='#parent'])[1]' not found)]]></system-err>
   </testsuite>
</testsuites>
