{"devicePlatform":"","logFolder":"D:\\Automation_P\u0026G\\Automation-P\u0026G-Code-Base\\OMVA\\Reports\\UserManagementTestSuite\\20180709_190616","runData":{"hostName":"vijay.n - EDT-168.estblr.com","os":"Windows 7 64bit","katalonVersion":"5.4.2.1","browser":"Chrome 67.0.3396.99","hostAddress":"172.16.17.168","sessionId":"b61749ff6eca0b7d4fccf2f5d2e74861","seleniumVersion":"3.7.1","proxyInformation":"ProxyInformation{proxyOption\u003dNO_PROXY, proxyServerType\u003dHTTP, password\u003d, proxyServerAddress\u003d, proxyServerPort\u003d0}","platform":"Windows 7"},"type":"TEST_SUITE","name":"UserManagementTestSuite","id":"Test Suites/UserManagementTestSuite","source":"","message":"Test Cases/UserManagementTestCases/UserActions/DeActivate_User FAILED because (of) Unable to open browser with url: \u0027\u0027 (Root cause: org.openqa.selenium.WebDriverException: chrome not reachable\n  (Driver info: chromedriver\u003d2.35.528161 (5b82f2d2aae0ca24b877009200ced9065a772e73),platform\u003dWindows NT 6.1.7601 SP1 x86_64) (WARNING: The server did not provide any stacktrace information)\nCommand duration or timeout: 61.82 seconds\nBuild info: version: \u00273.7.1\u0027, revision: \u00278a0099a\u0027, time: \u00272017-11-06T21:07:36.161Z\u0027\nSystem info: host: \u0027EDT-168\u0027, ip: \u0027172.16.17.168\u0027, os.name: \u0027Windows 7\u0027, os.arch: \u0027amd64\u0027, os.version: \u00276.1\u0027, java.version: \u00271.8.0_102\u0027\nDriver info: driver.version: CChromeDriver)","description":"","startTime":1531143381763,"endTime":1531143585725,"childRecords":[{"isOptional":false,"type":"TEST_CASE","name":"Test Cases/UserManagementTestCases/UserActions/DeActivate_User","id":"Test Cases/UserManagementTestCases/UserActions/DeActivate_User","source":"D:\\\\Automation_P\u0026G\\\\Automation-P\u0026G-Code-Base\\\\OMVA\\\\Test Cases\\\\UserManagementTestCases\\\\UserActions\\\\DeActivate_User.tc","message":"Test Cases/UserManagementTestCases/UserActions/DeActivate_User FAILED because (of) Unable to open browser with url: \u0027\u0027 (Root cause: org.openqa.selenium.WebDriverException: chrome not reachable\n  (Driver info: chromedriver\u003d2.35.528161 (5b82f2d2aae0ca24b877009200ced9065a772e73),platform\u003dWindows NT 6.1.7601 SP1 x86_64) (WARNING: The server did not provide any stacktrace information)\nCommand duration or timeout: 61.82 seconds\nBuild info: version: \u00273.7.1\u0027, revision: \u00278a0099a\u0027, time: \u00272017-11-06T21:07:36.161Z\u0027\nSystem info: host: \u0027EDT-168\u0027, ip: \u0027172.16.17.168\u0027, os.name: \u0027Windows 7\u0027, os.arch: \u0027amd64\u0027, os.version: \u00276.1\u0027, java.version: \u00271.8.0_102\u0027\nDriver info: driver.version: CChromeDriver)","description":"This Scenario logs in the Super Admin and deactivates a particular user","startTime":1531143382181,"endTime":1531143447807,"childRecords":[{"testStatus":{"stackTrace":"","statusValue":"INFO"},"type":"MESSAGE","name":"","message":"Evaluating variables for test case","startTime":1531143382229,"endTime":0,"childRecords":[],"interuppted":false},{"testStatus":{"stackTrace":"","statusValue":"WARNING"},"type":"MESSAGE","name":"","message":"Unable to set variable \u0027AHeaderTxt\u0027 for test case because (of) No such property: null for class: internal.GlobalVariable","startTime":1531143382287,"endTime":0,"childRecords":[],"interuppted":false},{"testStatus":{"stackTrace":"","statusValue":"WARNING"},"type":"MESSAGE","name":"","message":"Unable to set variable \u0027AContentTxt\u0027 for test case because (of) No such property: null for class: internal.GlobalVariable","startTime":1531143382302,"endTime":0,"childRecords":[],"interuppted":false},{"testStatus":{"stackTrace":"","statusValue":"WARNING"},"type":"MESSAGE","name":"","message":"Unable to set variable \u0027ADeactivatedToastMsg\u0027 for test case because (of) No such property: null for class: internal.GlobalVariable","startTime":1531143382318,"endTime":0,"childRecords":[],"interuppted":false},{"testStatus":{"stackTrace":"","statusValue":"INFO"},"type":"MESSAGE","name":"","message":"Variable \u0027emailidprefix\u0027 is set to  as default","startTime":1531143382318,"endTime":0,"childRecords":[],"interuppted":false},{"testStatus":{"stackTrace":"","statusValue":"INFO"},"type":"MESSAGE","name":"","message":"Variable \u0027createdNewuser\u0027 is set to  as default","startTime":1531143382334,"endTime":0,"childRecords":[],"interuppted":false},{"testStatus":{"stackTrace":"","statusValue":"INFO"},"type":"MESSAGE","name":"","message":"Variable \u0027createduser\u0027 is set to  as default","startTime":1531143382334,"endTime":0,"childRecords":[],"interuppted":false},{"index":1,"isIgnoredIfFailed":false,"type":"TEST_STEP","name":"callTestCase","message":"Unable to call Test Case with id \u0027Test Cases/CommonTestcases/OpenBrowserandNavigateToQAURL\u0027 (Root cause: Call Test Case \u0027Test Cases/CommonTestcases/OpenBrowserandNavigateToQAURL\u0027 failed)","description":"","startTime":1531143382819,"endTime":1531143447807,"childRecords":[{"isOptional":false,"type":"TEST_CASE","name":"Test Cases/CommonTestcases/OpenBrowserandNavigateToQAURL","id":"Test Cases/CommonTestcases/OpenBrowserandNavigateToQAURL","source":"D:\\\\Automation_P\u0026G\\\\Automation-P\u0026G-Code-Base\\\\OMVA\\\\Test Cases\\\\CommonTestcases\\\\OpenBrowserandNavigateToQAURL.tc","message":"Test Cases/CommonTestcases/OpenBrowserandNavigateToQAURL FAILED because (of) Unable to open browser with url: \u0027\u0027 (Root cause: org.openqa.selenium.WebDriverException: chrome not reachable\n  (Driver info: chromedriver\u003d2.35.528161 (5b82f2d2aae0ca24b877009200ced9065a772e73),platform\u003dWindows NT 6.1.7601 SP1 x86_64) (WARNING: The server did not provide any stacktrace information)\nCommand duration or timeout: 61.82 seconds\nBuild info: version: \u00273.7.1\u0027, revision: \u00278a0099a\u0027, time: \u00272017-11-06T21:07:36.161Z\u0027\nSystem info: host: \u0027EDT-168\u0027, ip: \u0027172.16.17.168\u0027, os.name: \u0027Windows 7\u0027, os.arch: \u0027amd64\u0027, os.version: \u00276.1\u0027, java.version: \u00271.8.0_102\u0027\nDriver info: driver.version: CChromeDriver)","description":"This test case will open a browser and navigates to URL","startTime":1531143382951,"endTime":1531143447807,"childRecords":[{"testStatus":{"stackTrace":"","statusValue":"INFO"},"type":"MESSAGE","name":"","message":"Evaluating variables for test case","startTime":1531143382951,"endTime":0,"childRecords":[],"interuppted":false},{"index":1,"isIgnoredIfFailed":false,"type":"TEST_STEP","name":"openBrowser","message":"Unable to open browser with url: \u0027\u0027 (Root cause: org.openqa.selenium.WebDriverException: chrome not reachable\n  (Driver info: chromedriver\u003d2.35.528161 (5b82f2d2aae0ca24b877009200ced9065a772e73),platform\u003dWindows NT 6.1.7601 SP1 x86_64) (WARNING: The server did not provide any stacktrace information)\nCommand duration or timeout: 61.82 seconds\nBuild info: version: \u00273.7.1\u0027, revision: \u00278a0099a\u0027, time: \u00272017-11-06T21:07:36.161Z\u0027\nSystem info: host: \u0027EDT-168\u0027, ip: \u0027172.16.17.168\u0027, os.name: \u0027Windows 7\u0027, os.arch: \u0027amd64\u0027, os.version: \u00276.1\u0027, java.version: \u00271.8.0_102\u0027\nDriver info: driver.version: CChromeDriver)","description":"","startTime":1531143383080,"endTime":1531143447788,"childRecords":[{"testStatus":{"stackTrace":"","statusValue":"FAILED"},"type":"MESSAGE","name":"","message":"Unable to open browser with url: \u0027\u0027 (Root cause: org.openqa.selenium.WebDriverException: chrome not reachable\n  (Driver info: chromedriver\u003d2.35.528161 (5b82f2d2aae0ca24b877009200ced9065a772e73),platform\u003dWindows NT 6.1.7601 SP1 x86_64) (WARNING: The server did not provide any stacktrace information)\nCommand duration or timeout: 61.82 seconds\nBuild info: version: \u00273.7.1\u0027, revision: \u00278a0099a\u0027, time: \u00272017-11-06T21:07:36.161Z\u0027\nSystem info: host: \u0027EDT-168\u0027, ip: \u0027172.16.17.168\u0027, os.name: \u0027Windows 7\u0027, os.arch: \u0027amd64\u0027, os.version: \u00276.1\u0027, java.version: \u00271.8.0_102\u0027\nDriver info: driver.version: CChromeDriver)","startTime":1531143447786,"endTime":0,"childRecords":[],"interuppted":false}],"interuppted":false},{"testStatus":{"stackTrace":"","statusValue":"FAILED"},"type":"MESSAGE","name":"","message":"Test Cases/CommonTestcases/OpenBrowserandNavigateToQAURL FAILED because (of) Unable to open browser with url: \u0027\u0027 (Root cause: org.openqa.selenium.WebDriverException: chrome not reachable\n  (Driver info: chromedriver\u003d2.35.528161 (5b82f2d2aae0ca24b877009200ced9065a772e73),platform\u003dWindows NT 6.1.7601 SP1 x86_64) (WARNING: The server did not provide any stacktrace information)\nCommand duration or timeout: 61.82 seconds\nBuild info: version: \u00273.7.1\u0027, revision: \u00278a0099a\u0027, time: \u00272017-11-06T21:07:36.161Z\u0027\nSystem info: host: \u0027EDT-168\u0027, ip: \u0027172.16.17.168\u0027, os.name: \u0027Windows 7\u0027, os.arch: \u0027amd64\u0027, os.version: \u00276.1\u0027, java.version: \u00271.8.0_102\u0027\nDriver info: driver.version: CChromeDriver)","startTime":1531143447789,"endTime":0,"childRecords":[],"interuppted":false}],"interuppted":false},{"testStatus":{"stackTrace":"","statusValue":"FAILED"},"type":"MESSAGE","name":"","message":"Unable to call Test Case with id \u0027Test Cases/CommonTestcases/OpenBrowserandNavigateToQAURL\u0027 (Root cause: Call Test Case \u0027Test Cases/CommonTestcases/OpenBrowserandNavigateToQAURL\u0027 failed)","startTime":1531143447807,"endTime":0,"childRecords":[],"interuppted":false}],"interuppted":false},{"testStatus":{"stackTrace":"","statusValue":"FAILED"},"type":"MESSAGE","name":"","message":"Test Cases/UserManagementTestCases/UserActions/DeActivate_User FAILED because (of) Unable to open browser with url: \u0027\u0027 (Root cause: org.openqa.selenium.WebDriverException: chrome not reachable\n  (Driver info: chromedriver\u003d2.35.528161 (5b82f2d2aae0ca24b877009200ced9065a772e73),platform\u003dWindows NT 6.1.7601 SP1 x86_64) (WARNING: The server did not provide any stacktrace information)\nCommand duration or timeout: 61.82 seconds\nBuild info: version: \u00273.7.1\u0027, revision: \u00278a0099a\u0027, time: \u00272017-11-06T21:07:36.161Z\u0027\nSystem info: host: \u0027EDT-168\u0027, ip: \u0027172.16.17.168\u0027, os.name: \u0027Windows 7\u0027, os.arch: \u0027amd64\u0027, os.version: \u00276.1\u0027, java.version: \u00271.8.0_102\u0027\nDriver info: driver.version: CChromeDriver)","startTime":1531143447807,"endTime":0,"childRecords":[],"interuppted":false}],"interuppted":false},{"isOptional":false,"type":"TEST_CASE","name":"Test Cases/UserManagementTestCases/UserActions/LockUser","id":"Test Cases/UserManagementTestCases/UserActions/LockUser","source":"D:\\\\Automation_P\u0026G\\\\Automation-P\u0026G-Code-Base\\\\OMVA\\\\Test Cases\\\\UserManagementTestCases\\\\UserActions\\\\LockUser.tc","message":"Test Cases/UserManagementTestCases/UserActions/LockUser FAILED because (of) Unable to get text of object \u0027Object Repository/OMVA_Login_Page/InvalidLogin_HeaderTxt\u0027 (Root cause: com.kms.katalon.core.webui.exception.WebElementNotFoundException: Web element with id: \u0027Object Repository/OMVA_Login_Page/InvalidLogin_HeaderTxt\u0027 located by \u0027By.xpath: //h4[text()\u003d\u0027Invalid Credentials\u0027]\u0027 not found)","description":"This scenarios locks a user account by trying to log in into a valid account with invalid password for 5 attempts","startTime":1531143447888,"endTime":1531143511377,"childRecords":[{"testStatus":{"stackTrace":"","statusValue":"INFO"},"type":"MESSAGE","name":"","message":"Evaluating variables for test case","startTime":1531143447904,"endTime":0,"childRecords":[],"interuppted":false},{"index":1,"isIgnoredIfFailed":false,"type":"TEST_STEP","name":"callTestCase","message":"Unable to call Test Case with id \u0027Test Cases/UserManagementTestCases/Login/Invalid_Login\u0027 (Root cause: Call Test Case \u0027Test Cases/UserManagementTestCases/Login/Invalid_Login\u0027 failed)","description":"","startTime":1531143448072,"endTime":1531143511377,"childRecords":[{"isOptional":false,"type":"TEST_CASE","name":"Test Cases/UserManagementTestCases/Login/Invalid_Login","id":"Test Cases/UserManagementTestCases/Login/Invalid_Login","source":"D:\\\\Automation_P\u0026G\\\\Automation-P\u0026G-Code-Base\\\\OMVA\\\\Test Cases\\\\UserManagementTestCases\\\\Login\\\\Invalid_Login.tc","message":"Test Cases/UserManagementTestCases/Login/Invalid_Login FAILED because (of) Unable to get text of object \u0027Object Repository/OMVA_Login_Page/InvalidLogin_HeaderTxt\u0027 (Root cause: com.kms.katalon.core.webui.exception.WebElementNotFoundException: Web element with id: \u0027Object Repository/OMVA_Login_Page/InvalidLogin_HeaderTxt\u0027 located by \u0027By.xpath: //h4[text()\u003d\u0027Invalid Credentials\u0027]\u0027 not found)","description":"","startTime":1531143454775,"endTime":1531143511377,"childRecords":[{"testStatus":{"stackTrace":"","statusValue":"INFO"},"type":"MESSAGE","name":"","message":"Evaluating variables for test case","startTime":1531143454796,"endTime":0,"childRecords":[],"interuppted":false},{"testStatus":{"stackTrace":"","statusValue":"INFO"},"type":"MESSAGE","name":"","message":"Variable \u0027InvalidID\u0027 is set to Lock","startTime":1531143454797,"endTime":0,"childRecords":[],"interuppted":false},{"testStatus":{"stackTrace":"","statusValue":"INFO"},"type":"MESSAGE","name":"","message":"Variable \u0027InvalidPassword\u0027 is set to Pwd","startTime":1531143454797,"endTime":0,"childRecords":[],"interuppted":false},{"testStatus":{"stackTrace":"","statusValue":"WARNING"},"type":"MESSAGE","name":"","message":"Unable to set variable \u0027AHeaderTxt\u0027 for test case because (of) No such property: null for class: internal.GlobalVariable","startTime":1531143454813,"endTime":0,"childRecords":[],"interuppted":false},{"testStatus":{"stackTrace":"","statusValue":"INFO"},"type":"MESSAGE","name":"","message":"Variable \u0027AContentTxt\u0027 is set to The specified username / password is invalid. Please try again. as default","startTime":1531143454822,"endTime":0,"childRecords":[],"interuppted":false},{"index":1,"isIgnoredIfFailed":false,"type":"TEST_STEP","name":"callTestCase","message":"Call Test Case \u0027Test Cases/CommonTestcases/OpenBrowserandNavigateToQAURL\u0027 successfully","description":"","startTime":1531143455043,"endTime":1531143483700,"childRecords":[{"isOptional":false,"type":"TEST_CASE","name":"Test Cases/CommonTestcases/OpenBrowserandNavigateToQAURL","id":"Test Cases/CommonTestcases/OpenBrowserandNavigateToQAURL","source":"D:\\\\Automation_P\u0026G\\\\Automation-P\u0026G-Code-Base\\\\OMVA\\\\Test Cases\\\\CommonTestcases\\\\OpenBrowserandNavigateToQAURL.tc","message":"Test Cases/CommonTestcases/OpenBrowserandNavigateToQAURL","description":"This test case will open a browser and navigates to URL","startTime":1531143455123,"endTime":1531143483698,"childRecords":[{"testStatus":{"stackTrace":"","statusValue":"INFO"},"type":"MESSAGE","name":"","message":"Evaluating variables for test case","startTime":1531143455123,"endTime":0,"childRecords":[],"interuppted":false},{"index":1,"isIgnoredIfFailed":false,"type":"TEST_STEP","name":"openBrowser","message":"Browser is opened with url: \u0027\u0027","description":"","startTime":1531143455123,"endTime":1531143464678,"childRecords":[{"testStatus":{"stackTrace":"","statusValue":"PASSED"},"type":"MESSAGE","name":"","message":"Browser is opened with url: \u0027\u0027","startTime":1531143464677,"endTime":0,"childRecords":[],"interuppted":false}],"interuppted":false},{"index":2,"isIgnoredIfFailed":false,"type":"TEST_STEP","name":"navigateToUrl","message":"Navigate to \u0027https://coa-demo-env.azurewebsites.net/da/index.html#/login\u0027 successfully","description":"","startTime":1531143464680,"endTime":1531143482970,"childRecords":[{"testStatus":{"stackTrace":"","statusValue":"PASSED"},"type":"MESSAGE","name":"","message":"Navigate to \u0027https://coa-demo-env.azurewebsites.net/da/index.html#/login\u0027 successfully","startTime":1531143482969,"endTime":0,"childRecords":[],"interuppted":false}],"interuppted":false},{"index":3,"isIgnoredIfFailed":false,"type":"TEST_STEP","name":"maximizeWindow","message":"Current window maximized","description":"","startTime":1531143482972,"endTime":1531143483696,"childRecords":[{"testStatus":{"stackTrace":"","statusValue":"PASSED"},"type":"MESSAGE","name":"","message":"Current window maximized","startTime":1531143483695,"endTime":0,"childRecords":[],"interuppted":false}],"interuppted":false},{"testStatus":{"stackTrace":"","statusValue":"PASSED"},"type":"MESSAGE","name":"","message":"Test Cases/CommonTestcases/OpenBrowserandNavigateToQAURL","startTime":1531143483697,"endTime":0,"childRecords":[],"interuppted":false}],"interuppted":false},{"testStatus":{"stackTrace":"","statusValue":"PASSED"},"type":"MESSAGE","name":"","message":"Call Test Case \u0027Test Cases/CommonTestcases/OpenBrowserandNavigateToQAURL\u0027 successfully","startTime":1531143483699,"endTime":0,"childRecords":[],"interuppted":false}],"interuppted":false},{"index":2,"isIgnoredIfFailed":false,"type":"TEST_STEP","name":"waitForElementVisible","message":"Object \u0027Object Repository/OMVA_Login_Page/Username_Textbox\u0027 is visible","description":"","startTime":1531143483700,"endTime":1531143486200,"childRecords":[{"testStatus":{"stackTrace":"","statusValue":"PASSED"},"type":"MESSAGE","name":"","message":"Object \u0027Object Repository/OMVA_Login_Page/Username_Textbox\u0027 is visible","startTime":1531143486199,"endTime":0,"childRecords":[],"interuppted":false}],"interuppted":false},{"index":3,"isIgnoredIfFailed":false,"type":"TEST_STEP","name":"sendKeys","message":"Keys \u0027Lock\u0027 sent to object: \u0027Object Repository/OMVA_Login_Page/Username_Textbox\u0027","description":"","startTime":1531143486216,"endTime":1531143488947,"childRecords":[{"testStatus":{"stackTrace":"","statusValue":"PASSED"},"type":"MESSAGE","name":"","message":"Keys \u0027Lock\u0027 sent to object: \u0027Object Repository/OMVA_Login_Page/Username_Textbox\u0027","startTime":1531143488930,"endTime":0,"childRecords":[],"interuppted":false}],"interuppted":false},{"index":4,"isIgnoredIfFailed":false,"type":"TEST_STEP","name":"click","message":"Object: \u0027Object Repository/OMVA_Login_Page/Next_Button\u0027 is clicked on","description":"","startTime":1531143488948,"endTime":1531143490440,"childRecords":[{"testStatus":{"stackTrace":"","statusValue":"PASSED"},"type":"MESSAGE","name":"","message":"Object: \u0027Object Repository/OMVA_Login_Page/Next_Button\u0027 is clicked on","startTime":1531143490439,"endTime":0,"childRecords":[],"interuppted":false}],"interuppted":false},{"index":5,"isIgnoredIfFailed":false,"type":"TEST_STEP","name":"Statement - If (true)","description":"","startTime":1531143490441,"endTime":1531143490442,"childRecords":[],"interuppted":false},{"index":6,"isIgnoredIfFailed":false,"type":"TEST_STEP","name":"waitForElementVisible","message":"Object \u0027Object Repository/OMVA_Login_Page/Password_Textbox\u0027 is visible","description":"","startTime":1531143490443,"endTime":1531143491106,"childRecords":[{"testStatus":{"stackTrace":"","statusValue":"PASSED"},"type":"MESSAGE","name":"","message":"Object \u0027Object Repository/OMVA_Login_Page/Password_Textbox\u0027 is visible","startTime":1531143491105,"endTime":0,"childRecords":[],"interuppted":false}],"interuppted":false},{"index":7,"isIgnoredIfFailed":false,"type":"TEST_STEP","name":"Statement - assert true","description":"","startTime":1531143491106,"endTime":1531143491108,"childRecords":[],"interuppted":false},{"index":8,"isIgnoredIfFailed":false,"type":"TEST_STEP","name":"sendKeys","message":"Keys \u0027Pwd\u0027 sent to object: \u0027Object Repository/OMVA_Login_Page/Password_Textbox\u0027","description":"","startTime":1531143491109,"endTime":1531143491190,"childRecords":[{"testStatus":{"stackTrace":"","statusValue":"PASSED"},"type":"MESSAGE","name":"","message":"Keys \u0027Pwd\u0027 sent to object: \u0027Object Repository/OMVA_Login_Page/Password_Textbox\u0027","startTime":1531143491189,"endTime":0,"childRecords":[],"interuppted":false}],"interuppted":false},{"index":9,"isIgnoredIfFailed":false,"type":"TEST_STEP","name":"click","message":"Object: \u0027Object Repository/OMVA_Login_Page/Signin_Button\u0027 is clicked on","description":"","startTime":1531143491190,"endTime":1531143494023,"childRecords":[{"testStatus":{"stackTrace":"","statusValue":"PASSED"},"type":"MESSAGE","name":"","message":"Object: \u0027Object Repository/OMVA_Login_Page/Signin_Button\u0027 is clicked on","startTime":1531143494021,"endTime":0,"childRecords":[],"interuppted":false}],"interuppted":false},{"attachment":"1531143510132.png","index":10,"isIgnoredIfFailed":false,"type":"TEST_STEP","name":"Statement - AHeaderTxt \u003d com.kms.katalon.core.webui.keyword.WebUiBuiltInKeywords.getText(com.kms.katalon.core.testobject.ObjectRepository.findTestObject(OMVA_Login_Page/InvalidLogin_HeaderTxt))","message":"Unable to get text of object \u0027Object Repository/OMVA_Login_Page/InvalidLogin_HeaderTxt\u0027 (Root cause: com.kms.katalon.core.webui.exception.WebElementNotFoundException: Web element with id: \u0027Object Repository/OMVA_Login_Page/InvalidLogin_HeaderTxt\u0027 located by \u0027By.xpath: //h4[text()\u003d\u0027Invalid Credentials\u0027]\u0027 not found)","description":"","startTime":1531143494023,"endTime":1531143511344,"childRecords":[{"testStatus":{"stackTrace":"","statusValue":"FAILED"},"attachment":"1531143510132.png","type":"MESSAGE","name":"","message":"Unable to get text of object \u0027Object Repository/OMVA_Login_Page/InvalidLogin_HeaderTxt\u0027 (Root cause: com.kms.katalon.core.webui.exception.WebElementNotFoundException: Web element with id: \u0027Object Repository/OMVA_Login_Page/InvalidLogin_HeaderTxt\u0027 located by \u0027By.xpath: //h4[text()\u003d\u0027Invalid Credentials\u0027]\u0027 not found)","startTime":1531143511343,"endTime":0,"childRecords":[],"interuppted":false}],"interuppted":false},{"testStatus":{"stackTrace":"","statusValue":"FAILED"},"type":"MESSAGE","name":"","message":"Test Cases/UserManagementTestCases/Login/Invalid_Login FAILED because (of) Unable to get text of object \u0027Object Repository/OMVA_Login_Page/InvalidLogin_HeaderTxt\u0027 (Root cause: com.kms.katalon.core.webui.exception.WebElementNotFoundException: Web element with id: \u0027Object Repository/OMVA_Login_Page/InvalidLogin_HeaderTxt\u0027 located by \u0027By.xpath: //h4[text()\u003d\u0027Invalid Credentials\u0027]\u0027 not found)","startTime":1531143511345,"endTime":0,"childRecords":[],"interuppted":false}],"interuppted":false},{"testStatus":{"stackTrace":"","statusValue":"FAILED"},"type":"MESSAGE","name":"","message":"Unable to call Test Case with id \u0027Test Cases/UserManagementTestCases/Login/Invalid_Login\u0027 (Root cause: Call Test Case \u0027Test Cases/UserManagementTestCases/Login/Invalid_Login\u0027 failed)","startTime":1531143511377,"endTime":0,"childRecords":[],"interuppted":false}],"interuppted":false},{"testStatus":{"stackTrace":"","statusValue":"FAILED"},"type":"MESSAGE","name":"","message":"Test Cases/UserManagementTestCases/UserActions/LockUser FAILED because (of) Unable to get text of object \u0027Object Repository/OMVA_Login_Page/InvalidLogin_HeaderTxt\u0027 (Root cause: com.kms.katalon.core.webui.exception.WebElementNotFoundException: Web element with id: \u0027Object Repository/OMVA_Login_Page/InvalidLogin_HeaderTxt\u0027 located by \u0027By.xpath: //h4[text()\u003d\u0027Invalid Credentials\u0027]\u0027 not found)","startTime":1531143511377,"endTime":0,"childRecords":[],"interuppted":false}],"interuppted":false},{"isOptional":false,"type":"TEST_CASE","name":"Test Cases/UserManagementTestCases/UserActions/Validate_ModifyDataFromEdituser","id":"Test Cases/UserManagementTestCases/UserActions/Validate_ModifyDataFromEdituser","source":"D:\\\\Automation_P\u0026G\\\\Automation-P\u0026G-Code-Base\\\\OMVA\\\\Test Cases\\\\UserManagementTestCases\\\\UserActions\\\\Validate_ModifyDataFromEdituser.tc","message":"Test Cases/UserManagementTestCases/UserActions/Validate_ModifyDataFromEdituser FAILED because (of) org.openqa.selenium.NoSuchElementException: no such element: Unable to locate element: {\"method\":\"xpath\",\"selector\":\"//tr[contains(text(),\u0027krmvky\u0027)]/ancestor::td/following-sibling::td/descendant::span[@class\u003d\u0027icon-edit custom-cursor\u0027]\"}\n  (Session info: chrome\u003d67.0.3396.99)\n  (Driver info: chromedriver\u003d2.35.528161 (5b82f2d2aae0ca24b877009200ced9065a772e73),platform\u003dWindows NT 6.1.7601 SP1 x86_64) (WARNING: The server did not provide any stacktrace information)\nCommand duration or timeout: 0 milliseconds\nFor documentation on this error, please visit: http://seleniumhq.org/exceptions/no_such_element.html\nBuild info: version: \u00273.7.1\u0027, revision: \u00278a0099a\u0027, time: \u00272017-11-06T21:07:36.161Z\u0027\nSystem info: host: \u0027EDT-168\u0027, ip: \u0027172.16.17.168\u0027, os.name: \u0027Windows 7\u0027, os.arch: \u0027amd64\u0027, os.version: \u00276.1\u0027, java.version: \u00271.8.0_102\u0027\nDriver info: com.kms.katalon.selenium.driver.CChromeDriver\nCapabilities {acceptInsecureCerts: false, acceptSslCerts: false, applicationCacheEnabled: false, browserConnectionEnabled: false, browserName: chrome, chrome: {chromedriverVersion: 2.35.528161 (5b82f2d2aae0ca..., userDataDir: D:\\Users\\vijay.n\\AppData\\Lo...}, cssSelectorsEnabled: true, databaseEnabled: false, handlesAlerts: true, hasTouchScreen: false, javascriptEnabled: true, locationContextEnabled: true, mobileEmulationEnabled: false, nativeEvents: true, networkConnectionEnabled: false, pageLoadStrategy: normal, platform: XP, platformName: XP, rotatable: false, setWindowRect: true, takesHeapSnapshot: true, takesScreenshot: true, unexpectedAlertBehaviour: , unhandledPromptBehavior: , version: 67.0.3396.99, webStorageEnabled: true}\nSession ID: b61749ff6eca0b7d4fccf2f5d2e74861\n*** Element info: {Using\u003dxpath, value\u003d//tr[contains(text(),\u0027krmvky\u0027)]/ancestor::td/following-sibling::td/descendant::span[@class\u003d\u0027icon-edit custom-cursor\u0027]}","description":"","startTime":1531143511409,"endTime":1531143583720,"childRecords":[{"testStatus":{"stackTrace":"","statusValue":"INFO"},"type":"MESSAGE","name":"","message":"Evaluating variables for test case","startTime":1531143511489,"endTime":0,"childRecords":[],"interuppted":false},{"testStatus":{"stackTrace":"","statusValue":"WARNING"},"type":"MESSAGE","name":"","message":"Unable to set variable \u0027greetingtext\u0027 for test case because (of) No such property: null for class: internal.GlobalVariable","startTime":1531143511505,"endTime":0,"childRecords":[],"interuppted":false},{"testStatus":{"stackTrace":"","statusValue":"INFO"},"type":"MESSAGE","name":"","message":"Variable \u0027username\u0027 is set to  as default","startTime":1531143511521,"endTime":0,"childRecords":[],"interuppted":false},{"testStatus":{"stackTrace":"","statusValue":"INFO"},"type":"MESSAGE","name":"","message":"Variable \u0027emailidprefix\u0027 is set to  as default","startTime":1531143511521,"endTime":0,"childRecords":[],"interuppted":false},{"testStatus":{"stackTrace":"","statusValue":"INFO"},"type":"MESSAGE","name":"","message":"Variable \u0027firstname\u0027 is set to  as default","startTime":1531143511536,"endTime":0,"childRecords":[],"interuppted":false},{"testStatus":{"stackTrace":"","statusValue":"INFO"},"type":"MESSAGE","name":"","message":"Variable \u0027lastname\u0027 is set to  as default","startTime":1531143511536,"endTime":0,"childRecords":[],"interuppted":false},{"testStatus":{"stackTrace":"","statusValue":"INFO"},"type":"MESSAGE","name":"","message":"Variable \u0027ticketnum\u0027 is set to  as default","startTime":1531143511552,"endTime":0,"childRecords":[],"interuppted":false},{"testStatus":{"stackTrace":"","statusValue":"INFO"},"type":"MESSAGE","name":"","message":"Variable \u0027createduser\u0027 is set to  as default","startTime":1531143511552,"endTime":0,"childRecords":[],"interuppted":false},{"testStatus":{"stackTrace":"","statusValue":"INFO"},"type":"MESSAGE","name":"","message":"Variable \u0027uname\u0027 is set to  as default","startTime":1531143511567,"endTime":0,"childRecords":[],"interuppted":false},{"index":1,"isIgnoredIfFailed":false,"type":"TEST_STEP","name":"callTestCase","message":"Call Test Case \u0027Test Cases/CommonTestcases/OpenBrowserandNavigateToQAURL\u0027 successfully","description":"","startTime":1531143511807,"endTime":1531143535872,"childRecords":[{"isOptional":false,"type":"TEST_CASE","name":"Test Cases/CommonTestcases/OpenBrowserandNavigateToQAURL","id":"Test Cases/CommonTestcases/OpenBrowserandNavigateToQAURL","source":"D:\\\\Automation_P\u0026G\\\\Automation-P\u0026G-Code-Base\\\\OMVA\\\\Test Cases\\\\CommonTestcases\\\\OpenBrowserandNavigateToQAURL.tc","message":"Test Cases/CommonTestcases/OpenBrowserandNavigateToQAURL","description":"This test case will open a browser and navigates to URL","startTime":1531143511874,"endTime":1531143535871,"childRecords":[{"testStatus":{"stackTrace":"","statusValue":"INFO"},"type":"MESSAGE","name":"","message":"Evaluating variables for test case","startTime":1531143511922,"endTime":0,"childRecords":[],"interuppted":false},{"index":1,"isIgnoredIfFailed":false,"type":"TEST_STEP","name":"openBrowser","message":"Browser is opened with url: \u0027\u0027","description":"","startTime":1531143511922,"endTime":1531143522396,"childRecords":[{"testStatus":{"stackTrace":"","statusValue":"WARNING"},"type":"MESSAGE","name":"","message":"A browser is already opened. Closing browser and opening a new one","startTime":1531143511937,"endTime":0,"childRecords":[],"interuppted":false},{"testStatus":{"stackTrace":"","statusValue":"PASSED"},"type":"MESSAGE","name":"","message":"Browser is opened with url: \u0027\u0027","startTime":1531143522395,"endTime":0,"childRecords":[],"interuppted":false}],"interuppted":false},{"index":2,"isIgnoredIfFailed":false,"type":"TEST_STEP","name":"navigateToUrl","message":"Navigate to \u0027https://coa-demo-env.azurewebsites.net/da/index.html#/login\u0027 successfully","description":"","startTime":1531143522396,"endTime":1531143535612,"childRecords":[{"testStatus":{"stackTrace":"","statusValue":"PASSED"},"type":"MESSAGE","name":"","message":"Navigate to \u0027https://coa-demo-env.azurewebsites.net/da/index.html#/login\u0027 successfully","startTime":1531143535611,"endTime":0,"childRecords":[],"interuppted":false}],"interuppted":false},{"index":3,"isIgnoredIfFailed":false,"type":"TEST_STEP","name":"maximizeWindow","message":"Current window maximized","description":"","startTime":1531143535613,"endTime":1531143535870,"childRecords":[{"testStatus":{"stackTrace":"","statusValue":"PASSED"},"type":"MESSAGE","name":"","message":"Current window maximized","startTime":1531143535870,"endTime":0,"childRecords":[],"interuppted":false}],"interuppted":false},{"testStatus":{"stackTrace":"","statusValue":"PASSED"},"type":"MESSAGE","name":"","message":"Test Cases/CommonTestcases/OpenBrowserandNavigateToQAURL","startTime":1531143535871,"endTime":0,"childRecords":[],"interuppted":false}],"interuppted":false},{"testStatus":{"stackTrace":"","statusValue":"PASSED"},"type":"MESSAGE","name":"","message":"Call Test Case \u0027Test Cases/CommonTestcases/OpenBrowserandNavigateToQAURL\u0027 successfully","startTime":1531143535871,"endTime":0,"childRecords":[],"interuppted":false}],"interuppted":false},{"index":2,"isIgnoredIfFailed":false,"type":"TEST_STEP","name":"waitForElementVisible","message":"Object \u0027Object Repository/OMVA_Login_Page/Username_Textbox\u0027 is visible","description":"","startTime":1531143535872,"endTime":1531143535927,"childRecords":[{"testStatus":{"stackTrace":"","statusValue":"PASSED"},"type":"MESSAGE","name":"","message":"Object \u0027Object Repository/OMVA_Login_Page/Username_Textbox\u0027 is visible","startTime":1531143535926,"endTime":0,"childRecords":[],"interuppted":false}],"interuppted":false},{"index":3,"isIgnoredIfFailed":false,"type":"TEST_STEP","name":"sendKeys","message":"Keys \u0027SuperAdmin\u0027 sent to object: \u0027Object Repository/OMVA_Login_Page/Username_Textbox\u0027","description":"","startTime":1531143535927,"endTime":1531143536320,"childRecords":[{"testStatus":{"stackTrace":"","statusValue":"PASSED"},"type":"MESSAGE","name":"","message":"Keys \u0027SuperAdmin\u0027 sent to object: \u0027Object Repository/OMVA_Login_Page/Username_Textbox\u0027","startTime":1531143536320,"endTime":0,"childRecords":[],"interuppted":false}],"interuppted":false},{"index":4,"isIgnoredIfFailed":false,"type":"TEST_STEP","name":"click","message":"Object: \u0027Object Repository/OMVA_Login_Page/Next_Button\u0027 is clicked on","description":"","startTime":1531143536321,"endTime":1531143536484,"childRecords":[{"testStatus":{"stackTrace":"","statusValue":"PASSED"},"type":"MESSAGE","name":"","message":"Object: \u0027Object Repository/OMVA_Login_Page/Next_Button\u0027 is clicked on","startTime":1531143536484,"endTime":0,"childRecords":[],"interuppted":false}],"interuppted":false},{"index":5,"isIgnoredIfFailed":false,"type":"TEST_STEP","name":"waitForElementVisible","message":"Object \u0027Object Repository/OMVA_Login_Page/Password_Textbox\u0027 is visible","description":"","startTime":1531143536485,"endTime":1531143537049,"childRecords":[{"testStatus":{"stackTrace":"","statusValue":"PASSED"},"type":"MESSAGE","name":"","message":"Object \u0027Object Repository/OMVA_Login_Page/Password_Textbox\u0027 is visible","startTime":1531143537048,"endTime":0,"childRecords":[],"interuppted":false}],"interuppted":false},{"index":6,"isIgnoredIfFailed":false,"type":"TEST_STEP","name":"sendKeys","message":"Keys \u0027SuperAdmin\u0027 sent to object: \u0027Object Repository/OMVA_Login_Page/Password_Textbox\u0027","description":"","startTime":1531143537049,"endTime":1531143537254,"childRecords":[{"testStatus":{"stackTrace":"","statusValue":"PASSED"},"type":"MESSAGE","name":"","message":"Keys \u0027SuperAdmin\u0027 sent to object: \u0027Object Repository/OMVA_Login_Page/Password_Textbox\u0027","startTime":1531143537254,"endTime":0,"childRecords":[],"interuppted":false}],"interuppted":false},{"index":7,"isIgnoredIfFailed":false,"type":"TEST_STEP","name":"click","message":"Object: \u0027Object Repository/OMVA_Login_Page/Signin_Button\u0027 is clicked on","description":"","startTime":1531143537256,"endTime":1531143537366,"childRecords":[{"testStatus":{"stackTrace":"","statusValue":"PASSED"},"type":"MESSAGE","name":"","message":"Object: \u0027Object Repository/OMVA_Login_Page/Signin_Button\u0027 is clicked on","startTime":1531143537365,"endTime":0,"childRecords":[],"interuppted":false}],"interuppted":false},{"index":8,"isIgnoredIfFailed":false,"type":"TEST_STEP","name":"waitForPageLoad","message":"Wait for page load successfully","description":"","startTime":1531143537366,"endTime":1531143543695,"childRecords":[{"testStatus":{"stackTrace":"","statusValue":"PASSED"},"type":"MESSAGE","name":"","message":"Wait for page load successfully","startTime":1531143543694,"endTime":0,"childRecords":[],"interuppted":false}],"interuppted":false},{"index":9,"isIgnoredIfFailed":false,"type":"TEST_STEP","name":"delay","message":"Delayed 5 second(s)","description":"","startTime":1531143543696,"endTime":1531143548707,"childRecords":[{"testStatus":{"stackTrace":"","statusValue":"PASSED"},"type":"MESSAGE","name":"","message":"Delayed 5 second(s)","startTime":1531143548706,"endTime":0,"childRecords":[],"interuppted":false}],"interuppted":false},{"index":10,"isIgnoredIfFailed":false,"type":"TEST_STEP","name":"waitForElementPresent","message":"Object \u0027Object Repository/OMVA_Landing_Page/CreateUser_Button\u0027 is present","description":"","startTime":1531143548708,"endTime":1531143548880,"childRecords":[{"testStatus":{"stackTrace":"","statusValue":"PASSED"},"type":"MESSAGE","name":"","message":"Object \u0027Object Repository/OMVA_Landing_Page/CreateUser_Button\u0027 is present","startTime":1531143548880,"endTime":0,"childRecords":[],"interuppted":false}],"interuppted":false},{"index":11,"isIgnoredIfFailed":false,"type":"TEST_STEP","name":"click","message":"Object: \u0027Object Repository/OMVA_Landing_Page/CreateUser_Button\u0027 is clicked on","description":"","startTime":1531143548881,"endTime":1531143549222,"childRecords":[{"testStatus":{"stackTrace":"","statusValue":"PASSED"},"type":"MESSAGE","name":"","message":"Object: \u0027Object Repository/OMVA_Landing_Page/CreateUser_Button\u0027 is clicked on","startTime":1531143549222,"endTime":0,"childRecords":[],"interuppted":false}],"interuppted":false},{"index":12,"isIgnoredIfFailed":false,"type":"TEST_STEP","name":"delay","message":"Delayed 3 second(s)","description":"","startTime":1531143549223,"endTime":1531143552227,"childRecords":[{"testStatus":{"stackTrace":"","statusValue":"PASSED"},"type":"MESSAGE","name":"","message":"Delayed 3 second(s)","startTime":1531143552226,"endTime":0,"childRecords":[],"interuppted":false}],"interuppted":false},{"index":13,"isIgnoredIfFailed":false,"type":"TEST_STEP","name":"waitForElementPresent","message":"Object \u0027Object Repository/OMVA_UserManagement_Page/Role_Dropdown\u0027 is present","description":"","startTime":1531143552227,"endTime":1531143552524,"childRecords":[{"testStatus":{"stackTrace":"","statusValue":"PASSED"},"type":"MESSAGE","name":"","message":"Object \u0027Object Repository/OMVA_UserManagement_Page/Role_Dropdown\u0027 is present","startTime":1531143552524,"endTime":0,"childRecords":[],"interuppted":false}],"interuppted":false},{"index":14,"isIgnoredIfFailed":false,"type":"TEST_STEP","name":"Statement - If (true)","description":"","startTime":1531143552525,"endTime":1531143552526,"childRecords":[],"interuppted":false},{"index":15,"isIgnoredIfFailed":false,"type":"TEST_STEP","name":"click","message":"Object: \u0027Object Repository/OMVA_UserManagement_Page/Role_Dropdown\u0027 is clicked on","description":"","startTime":1531143552527,"endTime":1531143552734,"childRecords":[{"testStatus":{"stackTrace":"","statusValue":"PASSED"},"type":"MESSAGE","name":"","message":"Object: \u0027Object Repository/OMVA_UserManagement_Page/Role_Dropdown\u0027 is clicked on","startTime":1531143552733,"endTime":0,"childRecords":[],"interuppted":false}],"interuppted":false},{"index":16,"isIgnoredIfFailed":false,"type":"TEST_STEP","name":"Statement - assert true","description":"","startTime":1531143552734,"endTime":1531143552735,"childRecords":[],"interuppted":false},{"index":17,"isIgnoredIfFailed":false,"type":"TEST_STEP","name":"scrollToElement","message":"Scroll to object \u0027Object Repository/OMVA_UserManagement_Page/DropdownOption_RoleDropdown_Market Admin\u0027 successfully","description":"","startTime":1531143552736,"endTime":1531143553416,"childRecords":[{"testStatus":{"stackTrace":"","statusValue":"WARNING"},"type":"MESSAGE","name":"","message":"Timeout \u00270\u0027 is invalid. Using default page load timeout: \u002715\u0027","startTime":1531143552853,"endTime":0,"childRecords":[],"interuppted":false},{"testStatus":{"stackTrace":"","statusValue":"PASSED"},"type":"MESSAGE","name":"","message":"Scroll to object \u0027Object Repository/OMVA_UserManagement_Page/DropdownOption_RoleDropdown_Market Admin\u0027 successfully","startTime":1531143553415,"endTime":0,"childRecords":[],"interuppted":false}],"interuppted":false},{"index":18,"isIgnoredIfFailed":false,"type":"TEST_STEP","name":"click","message":"Object: \u0027Object Repository/OMVA_UserManagement_Page/DropdownOption_RoleDropdown_Market Admin\u0027 is clicked on","description":"","startTime":1531143553416,"endTime":1531143553512,"childRecords":[{"testStatus":{"stackTrace":"","statusValue":"PASSED"},"type":"MESSAGE","name":"","message":"Object: \u0027Object Repository/OMVA_UserManagement_Page/DropdownOption_RoleDropdown_Market Admin\u0027 is clicked on","startTime":1531143553511,"endTime":0,"childRecords":[],"interuppted":false}],"interuppted":false},{"index":19,"isIgnoredIfFailed":false,"type":"TEST_STEP","name":"Statement - username \u003d CustomKeywords.commonLibrary.commonFunctions.randomStringFunction(\"abcdefghijklmnopqrstuvwxyz\", 6)","message":"commonLibrary.commonFunctions.randomStringFunction is PASSED","description":"","startTime":1531143553512,"endTime":1531143554246,"childRecords":[{"testStatus":{"stackTrace":"","statusValue":"PASSED"},"type":"MESSAGE","name":"","message":"commonLibrary.commonFunctions.randomStringFunction is PASSED","startTime":1531143554245,"endTime":0,"childRecords":[],"interuppted":false}],"interuppted":false},{"index":20,"isIgnoredIfFailed":false,"type":"TEST_STEP","name":"Statement - uname \u003d username.toString()","description":"","startTime":1531143554247,"endTime":1531143554248,"childRecords":[],"interuppted":false},{"index":21,"isIgnoredIfFailed":false,"type":"TEST_STEP","name":"sendKeys","message":"Keys \u0027krmvky\u0027 sent to object: \u0027Object Repository/OMVA_UserManagement_Page/UserName_Textbox\u0027","description":"","startTime":1531143554248,"endTime":1531143557396,"childRecords":[{"testStatus":{"stackTrace":"","statusValue":"PASSED"},"type":"MESSAGE","name":"","message":"Keys \u0027krmvky\u0027 sent to object: \u0027Object Repository/OMVA_UserManagement_Page/UserName_Textbox\u0027","startTime":1531143557395,"endTime":0,"childRecords":[],"interuppted":false}],"interuppted":false},{"index":22,"isIgnoredIfFailed":false,"type":"TEST_STEP","name":"Statement - emailidprefix \u003d CustomKeywords.commonLibrary.commonFunctions.randomStringFunction(\"abcdefghijklmnopqrstuvwxyz\", 9)","message":"commonLibrary.commonFunctions.randomStringFunction is PASSED","description":"","startTime":1531143557396,"endTime":1531143557398,"childRecords":[{"testStatus":{"stackTrace":"","statusValue":"PASSED"},"type":"MESSAGE","name":"","message":"commonLibrary.commonFunctions.randomStringFunction is PASSED","startTime":1531143557397,"endTime":0,"childRecords":[],"interuppted":false}],"interuppted":false},{"index":23,"isIgnoredIfFailed":false,"type":"TEST_STEP","name":"sendKeys","message":"Keys \u0027fqblufjxy@autotestpg.com\u0027 sent to object: \u0027Object Repository/OMVA_UserManagement_Page/EmailID_Textbox\u0027","description":"","startTime":1531143557399,"endTime":1531143558124,"childRecords":[{"testStatus":{"stackTrace":"","statusValue":"PASSED"},"type":"MESSAGE","name":"","message":"Keys \u0027fqblufjxy@autotestpg.com\u0027 sent to object: \u0027Object Repository/OMVA_UserManagement_Page/EmailID_Textbox\u0027","startTime":1531143558123,"endTime":0,"childRecords":[],"interuppted":false}],"interuppted":false},{"index":24,"isIgnoredIfFailed":false,"type":"TEST_STEP","name":"Statement - firstname \u003d CustomKeywords.commonLibrary.commonFunctions.randomStringFunction(\"abcdefghijklmnopqrstuvwxyz\", 7)","message":"commonLibrary.commonFunctions.randomStringFunction is PASSED","description":"","startTime":1531143558124,"endTime":1531143558125,"childRecords":[{"testStatus":{"stackTrace":"","statusValue":"PASSED"},"type":"MESSAGE","name":"","message":"commonLibrary.commonFunctions.randomStringFunction is PASSED","startTime":1531143558125,"endTime":0,"childRecords":[],"interuppted":false}],"interuppted":false},{"index":25,"isIgnoredIfFailed":false,"type":"TEST_STEP","name":"sendKeys","message":"Keys \u0027vzezxmk\u0027 sent to object: \u0027Object Repository/OMVA_UserManagement_Page/FirstName_Textbox\u0027","description":"","startTime":1531143558126,"endTime":1531143558351,"childRecords":[{"testStatus":{"stackTrace":"","statusValue":"PASSED"},"type":"MESSAGE","name":"","message":"Keys \u0027vzezxmk\u0027 sent to object: \u0027Object Repository/OMVA_UserManagement_Page/FirstName_Textbox\u0027","startTime":1531143558350,"endTime":0,"childRecords":[],"interuppted":false}],"interuppted":false},{"index":26,"isIgnoredIfFailed":false,"type":"TEST_STEP","name":"Statement - lastname \u003d CustomKeywords.commonLibrary.commonFunctions.randomStringFunction(\"abcdefghijklmnopqrstuvwxyz\", 7)","message":"commonLibrary.commonFunctions.randomStringFunction is PASSED","description":"","startTime":1531143558352,"endTime":1531143558353,"childRecords":[{"testStatus":{"stackTrace":"","statusValue":"PASSED"},"type":"MESSAGE","name":"","message":"commonLibrary.commonFunctions.randomStringFunction is PASSED","startTime":1531143558352,"endTime":0,"childRecords":[],"interuppted":false}],"interuppted":false},{"index":27,"isIgnoredIfFailed":false,"type":"TEST_STEP","name":"sendKeys","message":"Keys \u0027dcclgox\u0027 sent to object: \u0027Object Repository/OMVA_UserManagement_Page/LastName_Textbox\u0027","description":"","startTime":1531143558353,"endTime":1531143558550,"childRecords":[{"testStatus":{"stackTrace":"","statusValue":"PASSED"},"type":"MESSAGE","name":"","message":"Keys \u0027dcclgox\u0027 sent to object: \u0027Object Repository/OMVA_UserManagement_Page/LastName_Textbox\u0027","startTime":1531143558550,"endTime":0,"childRecords":[],"interuppted":false}],"interuppted":false},{"index":28,"isIgnoredIfFailed":false,"type":"TEST_STEP","name":"Statement - ticketnum \u003d CustomKeywords.commonLibrary.commonFunctions.randomStringFunction(\"123456789\", 7)","message":"commonLibrary.commonFunctions.randomStringFunction is PASSED","description":"","startTime":1531143558551,"endTime":1531143558552,"childRecords":[{"testStatus":{"stackTrace":"","statusValue":"PASSED"},"type":"MESSAGE","name":"","message":"commonLibrary.commonFunctions.randomStringFunction is PASSED","startTime":1531143558552,"endTime":0,"childRecords":[],"interuppted":false}],"interuppted":false},{"index":29,"isIgnoredIfFailed":false,"type":"TEST_STEP","name":"sendKeys","message":"Keys \u00272657763\u0027 sent to object: \u0027Object Repository/OMVA_UserManagement_Page/TicketNumber_Textbox\u0027","description":"","startTime":1531143558552,"endTime":1531143558826,"childRecords":[{"testStatus":{"stackTrace":"","statusValue":"PASSED"},"type":"MESSAGE","name":"","message":"Keys \u00272657763\u0027 sent to object: \u0027Object Repository/OMVA_UserManagement_Page/TicketNumber_Textbox\u0027","startTime":1531143558825,"endTime":0,"childRecords":[],"interuppted":false}],"interuppted":false},{"index":30,"isIgnoredIfFailed":false,"type":"TEST_STEP","name":"click","message":"Object: \u0027Object Repository/OMVA_UserManagement_Page/Next_Button\u0027 is clicked on","description":"","startTime":1531143558826,"endTime":1531143559101,"childRecords":[{"testStatus":{"stackTrace":"","statusValue":"PASSED"},"type":"MESSAGE","name":"","message":"Object: \u0027Object Repository/OMVA_UserManagement_Page/Next_Button\u0027 is clicked on","startTime":1531143559006,"endTime":0,"childRecords":[],"interuppted":false}],"interuppted":false},{"index":31,"isIgnoredIfFailed":false,"type":"TEST_STEP","name":"applicationLibrary.checkboxMultiselection.multiselectCheckbox","message":"applicationLibrary.checkboxMultiselection.multiselectCheckbox is PASSED","description":"","startTime":1531143559101,"endTime":1531143564652,"childRecords":[{"testStatus":{"stackTrace":"","statusValue":"PASSED"},"type":"MESSAGE","name":"","message":"applicationLibrary.checkboxMultiselection.multiselectCheckbox is PASSED","startTime":1531143564651,"endTime":0,"childRecords":[],"interuppted":false}],"interuppted":false},{"index":32,"isIgnoredIfFailed":false,"type":"TEST_STEP","name":"scrollToElement","message":"Scroll to object \u0027Object Repository/OMVA_UserManagement_Page/Customer_Next_Btn\u0027 successfully","description":"","startTime":1531143564655,"endTime":1531143565155,"childRecords":[{"testStatus":{"stackTrace":"","statusValue":"PASSED"},"type":"MESSAGE","name":"","message":"Scroll to object \u0027Object Repository/OMVA_UserManagement_Page/Customer_Next_Btn\u0027 successfully","startTime":1531143565154,"endTime":0,"childRecords":[],"interuppted":false}],"interuppted":false},{"index":33,"isIgnoredIfFailed":false,"type":"TEST_STEP","name":"click","message":"Object: \u0027Object Repository/OMVA_UserManagement_Page/Customer_Next_Btn\u0027 is clicked on","description":"","startTime":1531143565156,"endTime":1531143565450,"childRecords":[{"testStatus":{"stackTrace":"","statusValue":"PASSED"},"type":"MESSAGE","name":"","message":"Object: \u0027Object Repository/OMVA_UserManagement_Page/Customer_Next_Btn\u0027 is clicked on","startTime":1531143565449,"endTime":0,"childRecords":[],"interuppted":false}],"interuppted":false},{"index":34,"isIgnoredIfFailed":false,"type":"TEST_STEP","name":"applicationLibrary.checkboxMultiselection.multiselectCheckbox","message":"applicationLibrary.checkboxMultiselection.multiselectCheckbox is PASSED","description":"","startTime":1531143565450,"endTime":1531143567641,"childRecords":[{"testStatus":{"stackTrace":"","statusValue":"PASSED"},"type":"MESSAGE","name":"","message":"applicationLibrary.checkboxMultiselection.multiselectCheckbox is PASSED","startTime":1531143567640,"endTime":0,"childRecords":[],"interuppted":false}],"interuppted":false},{"index":35,"isIgnoredIfFailed":false,"type":"TEST_STEP","name":"click","message":"Object: \u0027Object Repository/OMVA_UserManagement_Page/UserCreation_Save_Btn\u0027 is clicked on","description":"","startTime":1531143567642,"endTime":1531143568098,"childRecords":[{"testStatus":{"stackTrace":"","statusValue":"PASSED"},"type":"MESSAGE","name":"","message":"Object: \u0027Object Repository/OMVA_UserManagement_Page/UserCreation_Save_Btn\u0027 is clicked on","startTime":1531143568097,"endTime":0,"childRecords":[],"interuppted":false}],"interuppted":false},{"index":36,"isIgnoredIfFailed":false,"type":"TEST_STEP","name":"waitForElementPresent","message":"Object \u0027Object Repository/OMVA_UserManagement_Page/UserCreation_HeaderTxt\u0027 is present","description":"","startTime":1531143568100,"endTime":1531143568724,"childRecords":[{"testStatus":{"stackTrace":"","statusValue":"PASSED"},"type":"MESSAGE","name":"","message":"Object \u0027Object Repository/OMVA_UserManagement_Page/UserCreation_HeaderTxt\u0027 is present","startTime":1531143568723,"endTime":0,"childRecords":[],"interuppted":false}],"interuppted":false},{"index":37,"isIgnoredIfFailed":false,"type":"TEST_STEP","name":"verifyElementText","message":"Actual text and expected text of test object \u0027Object Repository/OMVA_UserManagement_Page/UserCreation_HeaderTxt\u0027 are matched.","description":"","startTime":1531143568724,"endTime":1531143570172,"childRecords":[{"testStatus":{"stackTrace":"","statusValue":"PASSED"},"type":"MESSAGE","name":"","message":"Actual text and expected text of test object \u0027Object Repository/OMVA_UserManagement_Page/UserCreation_HeaderTxt\u0027 are matched.","startTime":1531143570171,"endTime":0,"childRecords":[],"interuppted":false}],"interuppted":false},{"index":38,"isIgnoredIfFailed":false,"type":"TEST_STEP","name":"verifyElementText","message":"Actual text and expected text of test object \u0027Object Repository/OMVA_UserManagement_Page/UserCreation_ContentTxt\u0027 are matched.","description":"","startTime":1531143570172,"endTime":1531143570225,"childRecords":[{"testStatus":{"stackTrace":"","statusValue":"PASSED"},"type":"MESSAGE","name":"","message":"Actual text and expected text of test object \u0027Object Repository/OMVA_UserManagement_Page/UserCreation_ContentTxt\u0027 are matched.","startTime":1531143570225,"endTime":0,"childRecords":[],"interuppted":false}],"interuppted":false},{"index":39,"isIgnoredIfFailed":false,"type":"TEST_STEP","name":"click","message":"Object: \u0027Object Repository/OMVA_UserManagement_Page/UserCreation_OK_Btn\u0027 is clicked on","description":"","startTime":1531143570226,"endTime":1531143570699,"childRecords":[{"testStatus":{"stackTrace":"","statusValue":"PASSED"},"type":"MESSAGE","name":"","message":"Object: \u0027Object Repository/OMVA_UserManagement_Page/UserCreation_OK_Btn\u0027 is clicked on","startTime":1531143570697,"endTime":0,"childRecords":[],"interuppted":false}],"interuppted":false},{"index":40,"isIgnoredIfFailed":false,"type":"TEST_STEP","name":"delay","message":"Delayed 7 second(s)","description":"","startTime":1531143570700,"endTime":1531143577702,"childRecords":[{"testStatus":{"stackTrace":"","statusValue":"PASSED"},"type":"MESSAGE","name":"","message":"Delayed 7 second(s)","startTime":1531143577701,"endTime":0,"childRecords":[],"interuppted":false}],"interuppted":false},{"index":41,"isIgnoredIfFailed":false,"type":"TEST_STEP","name":"waitForElementPresent","message":"Object \u0027Object Repository/OMVA_UserManagement_Page/Created_User_Username\u0027 is present","description":"","startTime":1531143577703,"endTime":1531143577787,"childRecords":[{"testStatus":{"stackTrace":"","statusValue":"PASSED"},"type":"MESSAGE","name":"","message":"Object \u0027Object Repository/OMVA_UserManagement_Page/Created_User_Username\u0027 is present","startTime":1531143577786,"endTime":0,"childRecords":[],"interuppted":false}],"interuppted":false},{"index":42,"isIgnoredIfFailed":false,"type":"TEST_STEP","name":"Statement - createduser \u003d com.kms.katalon.core.webui.keyword.WebUiBuiltInKeywords.getText(com.kms.katalon.core.testobject.ObjectRepository.findTestObject(OMVA_UserManagement_Page/Created_User_Username))","message":"Text of object \u0027Object Repository/OMVA_UserManagement_Page/Created_User_Username\u0027 is: \u0027vzezxmk dcclgox\u0027","description":"","startTime":1531143577787,"endTime":1531143577834,"childRecords":[{"testStatus":{"stackTrace":"","statusValue":"PASSED"},"type":"MESSAGE","name":"","message":"Text of object \u0027Object Repository/OMVA_UserManagement_Page/Created_User_Username\u0027 is: \u0027vzezxmk dcclgox\u0027","startTime":1531143577834,"endTime":0,"childRecords":[],"interuppted":false}],"interuppted":false},{"index":43,"isIgnoredIfFailed":false,"type":"TEST_STEP","name":"Statement - createduser \u003d com.kms.katalon.core.webui.keyword.WebUiBuiltInKeywords.verifyMatch(createduser, firstname + \" \" + lastname, true)","message":"Actual text \u0027vzezxmk dcclgox\u0027 and expected text \u0027vzezxmk dcclgox\u0027 are matched  using regular expression","description":"","startTime":1531143577835,"endTime":1531143577843,"childRecords":[{"testStatus":{"stackTrace":"","statusValue":"PASSED"},"type":"MESSAGE","name":"","message":"Actual text \u0027vzezxmk dcclgox\u0027 and expected text \u0027vzezxmk dcclgox\u0027 are matched  using regular expression","startTime":1531143577842,"endTime":0,"childRecords":[],"interuppted":false}],"interuppted":false},{"index":44,"isIgnoredIfFailed":false,"type":"TEST_STEP","name":"delay","message":"Delayed 5 second(s)","description":"","startTime":1531143577843,"endTime":1531143582845,"childRecords":[{"testStatus":{"stackTrace":"","statusValue":"PASSED"},"type":"MESSAGE","name":"","message":"Delayed 5 second(s)","startTime":1531143582844,"endTime":0,"childRecords":[],"interuppted":false}],"interuppted":false},{"index":45,"isIgnoredIfFailed":false,"type":"TEST_STEP","name":"applicationLibrary.ClicksCreatedUserDashboard.editUser","message":"no such element: Unable to locate element: {\"method\":\"xpath\",\"selector\":\"//tr[contains(text(),\u0027krmvky\u0027)]/ancestor::td/following-sibling::td/descendant::span[@class\u003d\u0027icon-edit custom-cursor\u0027]\"}\n  (Session info: chrome\u003d67.0.3396.99)\n  (Driver info: chromedriver\u003d2.35.528161 (5b82f2d2aae0ca24b877009200ced9065a772e73),platform\u003dWindows NT 6.1.7601 SP1 x86_64) (WARNING: The server did not provide any stacktrace information)\nCommand duration or timeout: 0 milliseconds\nFor documentation on this error, please visit: http://seleniumhq.org/exceptions/no_such_element.html\nBuild info: version: \u00273.7.1\u0027, revision: \u00278a0099a\u0027, time: \u00272017-11-06T21:07:36.161Z\u0027\nSystem info: host: \u0027EDT-168\u0027, ip: \u0027172.16.17.168\u0027, os.name: \u0027Windows 7\u0027, os.arch: \u0027amd64\u0027, os.version: \u00276.1\u0027, java.version: \u00271.8.0_102\u0027\nDriver info: com.kms.katalon.selenium.driver.CChromeDriver\nCapabilities {acceptInsecureCerts: false, acceptSslCerts: false, applicationCacheEnabled: false, browserConnectionEnabled: false, browserName: chrome, chrome: {chromedriverVersion: 2.35.528161 (5b82f2d2aae0ca..., userDataDir: D:\\Users\\vijay.n\\AppData\\Lo...}, cssSelectorsEnabled: true, databaseEnabled: false, handlesAlerts: true, hasTouchScreen: false, javascriptEnabled: true, locationContextEnabled: true, mobileEmulationEnabled: false, nativeEvents: true, networkConnectionEnabled: false, pageLoadStrategy: normal, platform: XP, platformName: XP, rotatable: false, setWindowRect: true, takesHeapSnapshot: true, takesScreenshot: true, unexpectedAlertBehaviour: , unhandledPromptBehavior: , version: 67.0.3396.99, webStorageEnabled: true}\nSession ID: b61749ff6eca0b7d4fccf2f5d2e74861\n*** Element info: {Using\u003dxpath, value\u003d//tr[contains(text(),\u0027krmvky\u0027)]/ancestor::td/following-sibling::td/descendant::span[@class\u003d\u0027icon-edit custom-cursor\u0027]}","description":"","startTime":1531143582845,"endTime":1531143583605,"childRecords":[{"testStatus":{"stackTrace":"","statusValue":"ERROR"},"type":"MESSAGE","name":"","message":"no such element: Unable to locate element: {\"method\":\"xpath\",\"selector\":\"//tr[contains(text(),\u0027krmvky\u0027)]/ancestor::td/following-sibling::td/descendant::span[@class\u003d\u0027icon-edit custom-cursor\u0027]\"}\n  (Session info: chrome\u003d67.0.3396.99)\n  (Driver info: chromedriver\u003d2.35.528161 (5b82f2d2aae0ca24b877009200ced9065a772e73),platform\u003dWindows NT 6.1.7601 SP1 x86_64) (WARNING: The server did not provide any stacktrace information)\nCommand duration or timeout: 0 milliseconds\nFor documentation on this error, please visit: http://seleniumhq.org/exceptions/no_such_element.html\nBuild info: version: \u00273.7.1\u0027, revision: \u00278a0099a\u0027, time: \u00272017-11-06T21:07:36.161Z\u0027\nSystem info: host: \u0027EDT-168\u0027, ip: \u0027172.16.17.168\u0027, os.name: \u0027Windows 7\u0027, os.arch: \u0027amd64\u0027, os.version: \u00276.1\u0027, java.version: \u00271.8.0_102\u0027\nDriver info: com.kms.katalon.selenium.driver.CChromeDriver\nCapabilities {acceptInsecureCerts: false, acceptSslCerts: false, applicationCacheEnabled: false, browserConnectionEnabled: false, browserName: chrome, chrome: {chromedriverVersion: 2.35.528161 (5b82f2d2aae0ca..., userDataDir: D:\\Users\\vijay.n\\AppData\\Lo...}, cssSelectorsEnabled: true, databaseEnabled: false, handlesAlerts: true, hasTouchScreen: false, javascriptEnabled: true, locationContextEnabled: true, mobileEmulationEnabled: false, nativeEvents: true, networkConnectionEnabled: false, pageLoadStrategy: normal, platform: XP, platformName: XP, rotatable: false, setWindowRect: true, takesHeapSnapshot: true, takesScreenshot: true, unexpectedAlertBehaviour: , unhandledPromptBehavior: , version: 67.0.3396.99, webStorageEnabled: true}\nSession ID: b61749ff6eca0b7d4fccf2f5d2e74861\n*** Element info: {Using\u003dxpath, value\u003d//tr[contains(text(),\u0027krmvky\u0027)]/ancestor::td/following-sibling::td/descendant::span[@class\u003d\u0027icon-edit custom-cursor\u0027]}","startTime":1531143583603,"endTime":0,"childRecords":[],"interuppted":false}],"interuppted":false},{"testStatus":{"stackTrace":"","statusValue":"ERROR"},"type":"MESSAGE","name":"","message":"Test Cases/UserManagementTestCases/UserActions/Validate_ModifyDataFromEdituser FAILED because (of) org.openqa.selenium.NoSuchElementException: no such element: Unable to locate element: {\"method\":\"xpath\",\"selector\":\"//tr[contains(text(),\u0027krmvky\u0027)]/ancestor::td/following-sibling::td/descendant::span[@class\u003d\u0027icon-edit custom-cursor\u0027]\"}\n  (Session info: chrome\u003d67.0.3396.99)\n  (Driver info: chromedriver\u003d2.35.528161 (5b82f2d2aae0ca24b877009200ced9065a772e73),platform\u003dWindows NT 6.1.7601 SP1 x86_64) (WARNING: The server did not provide any stacktrace information)\nCommand duration or timeout: 0 milliseconds\nFor documentation on this error, please visit: http://seleniumhq.org/exceptions/no_such_element.html\nBuild info: version: \u00273.7.1\u0027, revision: \u00278a0099a\u0027, time: \u00272017-11-06T21:07:36.161Z\u0027\nSystem info: host: \u0027EDT-168\u0027, ip: \u0027172.16.17.168\u0027, os.name: \u0027Windows 7\u0027, os.arch: \u0027amd64\u0027, os.version: \u00276.1\u0027, java.version: \u00271.8.0_102\u0027\nDriver info: com.kms.katalon.selenium.driver.CChromeDriver\nCapabilities {acceptInsecureCerts: false, acceptSslCerts: false, applicationCacheEnabled: false, browserConnectionEnabled: false, browserName: chrome, chrome: {chromedriverVersion: 2.35.528161 (5b82f2d2aae0ca..., userDataDir: D:\\Users\\vijay.n\\AppData\\Lo...}, cssSelectorsEnabled: true, databaseEnabled: false, handlesAlerts: true, hasTouchScreen: false, javascriptEnabled: true, locationContextEnabled: true, mobileEmulationEnabled: false, nativeEvents: true, networkConnectionEnabled: false, pageLoadStrategy: normal, platform: XP, platformName: XP, rotatable: false, setWindowRect: true, takesHeapSnapshot: true, takesScreenshot: true, unexpectedAlertBehaviour: , unhandledPromptBehavior: , version: 67.0.3396.99, webStorageEnabled: true}\nSession ID: b61749ff6eca0b7d4fccf2f5d2e74861\n*** Element info: {Using\u003dxpath, value\u003d//tr[contains(text(),\u0027krmvky\u0027)]/ancestor::td/following-sibling::td/descendant::span[@class\u003d\u0027icon-edit custom-cursor\u0027]}","startTime":1531143583620,"endTime":0,"childRecords":[],"interuppted":false}],"interuppted":false}],"interuppted":false}