<?xml version="1.0" encoding="UTF-8"?>
<testsuites name="UserManagementTestSuite" time="106" tests="1" failures="2" errors="0">
   <testsuite name="UserManagementTestSuite" tests="1" failures="2" errors="0" time="106" timestamp="2018-07-05 10:19:04" hostname="vijay.n - EDT-168.estblr.com" id="Test Suites/UserManagementTestSuite">
      <properties>
         <property name="deviceName" value=""/>
         <property name="devicePlatform" value=""/>
         <property name="logFolder" value="D:\\Automation_P&amp;G\\Automation-P&amp;G-Code-Base\\OMVA\\Reports\\UserManagementTestSuite\\20180705_101903"/>
         <property name="logFiles" value="D:\\Automation_P&amp;G\\Automation-P&amp;G-Code-Base\\OMVA\\Reports\\UserManagementTestSuite\\20180705_101903\\execution0.log"/>
         <property name="attachments" value="D:\\Automation_P&amp;G\\Automation-P&amp;G-Code-Base\\OMVA\\Reports\\UserManagementTestSuite\\20180705_101903\\1530766249515.png"/>
         <property name="hostName" value="vijay.n - EDT-168.estblr.com"/>
         <property name="os" value="Windows 7 64bit"/>
         <property name="katalonVersion" value="5.4.2.1"/>
         <property name="browser" value="Chrome 67.0.3396.99"/>
         <property name="hostAddress" value="172.16.17.168"/>
         <property name="sessionId" value="56c44629a85cc1714c5dd3081f9ac5a3"/>
         <property name="seleniumVersion" value="3.7.1"/>
         <property name="proxyInformation" value="ProxyInformation{proxyOption=NO_PROXY, proxyServerType=HTTP, password=, proxyServerAddress=, proxyServerPort=0}"/>
         <property name="platform" value="Windows 7"/>
      </properties>
      <testcase name="Test Cases/UserManagementTestCases/CreateUser/Create_User_Validate" classname="Test Cases/UserManagementTestCases/CreateUser/Create_User_Validate" status="PASSED">
         <system-out><![CDATA[2018-07-05 10:19:04 - [TEST_CASE][PASSED] - Test Cases/UserManagementTestCases/CreateUser/Create_User_Validate: Test Cases/UserManagementTestCases/CreateUser/Create_User_Validate

2018-07-05 10:19:05 - [TEST_STEP][PASSED] - callTestCase: Call Test Case 'Test Cases/CommonTestcases/OpenBrowserandNavigateToQAURL' successfully

2018-07-05 10:19:05 - [TEST_CASE][PASSED] - Test Cases/CommonTestcases/OpenBrowserandNavigateToQAURL: Test Cases/CommonTestcases/OpenBrowserandNavigateToQAURL

2018-07-05 10:19:05 - [TEST_STEP][PASSED] - openBrowser: Browser is opened with url: ''

2018-07-05 10:19:09 - [MESSAGE][PASSED] - Browser is opened with url: ''

2018-07-05 10:19:09 - [TEST_STEP][PASSED] - navigateToUrl: Navigate to 'https://coa-demo-env.azurewebsites.net/da/index.html#/login' successfully

2018-07-05 10:19:21 - [MESSAGE][PASSED] - Navigate to 'https://coa-demo-env.azurewebsites.net/da/index.html#/login' successfully

2018-07-05 10:19:21 - [TEST_STEP][PASSED] - maximizeWindow: Current window maximized

2018-07-05 10:19:21 - [MESSAGE][PASSED] - Current window maximized

2018-07-05 10:19:21 - [MESSAGE][PASSED] - Call Test Case 'Test Cases/CommonTestcases/OpenBrowserandNavigateToQAURL' successfully

2018-07-05 10:19:21 - [TEST_STEP][PASSED] - waitForElementVisible: Object 'Object Repository/OMVA_Login_Page/Username_Textbox' is visible

2018-07-05 10:19:21 - [MESSAGE][PASSED] - Object 'Object Repository/OMVA_Login_Page/Username_Textbox' is visible

2018-07-05 10:19:21 - [TEST_STEP][PASSED] - sendKeys: Keys 'SuperAdmin' sent to object: 'Object Repository/OMVA_Login_Page/Username_Textbox'

2018-07-05 10:19:21 - [MESSAGE][PASSED] - Keys 'SuperAdmin' sent to object: 'Object Repository/OMVA_Login_Page/Username_Textbox'

2018-07-05 10:19:21 - [TEST_STEP][PASSED] - click: Object: 'Object Repository/OMVA_Login_Page/Next_Button' is clicked on

2018-07-05 10:19:21 - [MESSAGE][PASSED] - Object: 'Object Repository/OMVA_Login_Page/Next_Button' is clicked on

2018-07-05 10:19:21 - [TEST_STEP][PASSED] - waitForElementVisible: Object 'Object Repository/OMVA_Login_Page/Password_Textbox' is visible

2018-07-05 10:19:22 - [MESSAGE][PASSED] - Object 'Object Repository/OMVA_Login_Page/Password_Textbox' is visible

2018-07-05 10:19:22 - [TEST_STEP][PASSED] - sendKeys: Keys 'SuperAdmin' sent to object: 'Object Repository/OMVA_Login_Page/Password_Textbox'

2018-07-05 10:19:22 - [MESSAGE][PASSED] - Keys 'SuperAdmin' sent to object: 'Object Repository/OMVA_Login_Page/Password_Textbox'

2018-07-05 10:19:22 - [TEST_STEP][PASSED] - click: Object: 'Object Repository/OMVA_Login_Page/Signin_Button' is clicked on

2018-07-05 10:19:22 - [MESSAGE][PASSED] - Object: 'Object Repository/OMVA_Login_Page/Signin_Button' is clicked on

2018-07-05 10:19:22 - [TEST_STEP][PASSED] - waitForPageLoad: Wait for page load successfully

2018-07-05 10:19:22 - [MESSAGE][PASSED] - Wait for page load successfully

2018-07-05 10:19:22 - [TEST_STEP][PASSED] - delay: Delayed 5 second(s)

2018-07-05 10:19:27 - [MESSAGE][PASSED] - Delayed 5 second(s)

2018-07-05 10:19:27 - [TEST_STEP][PASSED] - waitForElementPresent: Object 'Object Repository/OMVA_Landing_Page/CreateUser_Button' is present

2018-07-05 10:19:27 - [MESSAGE][PASSED] - Object 'Object Repository/OMVA_Landing_Page/CreateUser_Button' is present

2018-07-05 10:19:27 - [TEST_STEP][PASSED] - click: Object: 'Object Repository/OMVA_Landing_Page/CreateUser_Button' is clicked on

2018-07-05 10:19:27 - [MESSAGE][PASSED] - Object: 'Object Repository/OMVA_Landing_Page/CreateUser_Button' is clicked on

2018-07-05 10:19:27 - [TEST_STEP][PASSED] - delay: Delayed 3 second(s)

2018-07-05 10:19:30 - [MESSAGE][PASSED] - Delayed 3 second(s)

2018-07-05 10:19:30 - [TEST_STEP][PASSED] - waitForElementPresent: Object 'Object Repository/OMVA_UserManagement_Page/Role_Dropdown' is present

2018-07-05 10:19:30 - [MESSAGE][PASSED] - Object 'Object Repository/OMVA_UserManagement_Page/Role_Dropdown' is present

2018-07-05 10:19:30 - [TEST_STEP][PASSED] - Statement - If (true): null

2018-07-05 10:19:30 - [TEST_STEP][PASSED] - click: Object: 'Object Repository/OMVA_UserManagement_Page/Role_Dropdown' is clicked on

2018-07-05 10:19:30 - [MESSAGE][PASSED] - Object: 'Object Repository/OMVA_UserManagement_Page/Role_Dropdown' is clicked on

2018-07-05 10:19:30 - [TEST_STEP][PASSED] - Statement - assert true: null

2018-07-05 10:19:30 - [TEST_STEP][PASSED] - scrollToElement: Scroll to object 'Object Repository/OMVA_UserManagement_Page/DropdownOption_RoleDropdown_Market Admin' successfully

2018-07-05 10:19:30 - [MESSAGE][WARNING] - Timeout '0' is invalid. Using default page load timeout: '15'

2018-07-05 10:19:30 - [MESSAGE][PASSED] - Scroll to object 'Object Repository/OMVA_UserManagement_Page/DropdownOption_RoleDropdown_Market Admin' successfully

2018-07-05 10:19:30 - [TEST_STEP][PASSED] - click: Object: 'Object Repository/OMVA_UserManagement_Page/DropdownOption_RoleDropdown_Market Admin' is clicked on

2018-07-05 10:19:30 - [MESSAGE][PASSED] - Object: 'Object Repository/OMVA_UserManagement_Page/DropdownOption_RoleDropdown_Market Admin' is clicked on

2018-07-05 10:19:30 - [TEST_STEP][PASSED] - Statement - username = CustomKeywords.commonLibrary.commonFunctions.randomStringFunction("abcdefghijklmnopqrstuvwxyz", 6): commonLibrary.commonFunctions.randomStringFunction is PASSED

2018-07-05 10:19:30 - [MESSAGE][PASSED] - commonLibrary.commonFunctions.randomStringFunction is PASSED

2018-07-05 10:19:30 - [TEST_STEP][PASSED] - Statement - println(username): null

2018-07-05 10:19:30 - [TEST_STEP][PASSED] - Statement - uname = username.toString(): null

2018-07-05 10:19:30 - [TEST_STEP][PASSED] - sendKeys: Keys 'rcdshd' sent to object: 'Object Repository/OMVA_UserManagement_Page/UserName_Textbox'

2018-07-05 10:19:31 - [MESSAGE][PASSED] - Keys 'rcdshd' sent to object: 'Object Repository/OMVA_UserManagement_Page/UserName_Textbox'

2018-07-05 10:19:31 - [TEST_STEP][PASSED] - Statement - emailidprefix = CustomKeywords.commonLibrary.commonFunctions.randomStringFunction("abcdefghijklmnopqrstuvwxyz", 9): commonLibrary.commonFunctions.randomStringFunction is PASSED

2018-07-05 10:19:31 - [MESSAGE][PASSED] - commonLibrary.commonFunctions.randomStringFunction is PASSED

2018-07-05 10:19:31 - [TEST_STEP][PASSED] - sendKeys: Keys 'ooebacniw@autotestpg.com' sent to object: 'Object Repository/OMVA_UserManagement_Page/EmailID_Textbox'

2018-07-05 10:19:31 - [MESSAGE][PASSED] - Keys 'ooebacniw@autotestpg.com' sent to object: 'Object Repository/OMVA_UserManagement_Page/EmailID_Textbox'

2018-07-05 10:19:31 - [TEST_STEP][PASSED] - Statement - firstname = CustomKeywords.commonLibrary.commonFunctions.randomStringFunction("abcdefghijklmnopqrstuvwxyz", 7): commonLibrary.commonFunctions.randomStringFunction is PASSED

2018-07-05 10:19:31 - [MESSAGE][PASSED] - commonLibrary.commonFunctions.randomStringFunction is PASSED

2018-07-05 10:19:31 - [TEST_STEP][PASSED] - sendKeys: Keys 'blndhnn' sent to object: 'Object Repository/OMVA_UserManagement_Page/FirstName_Textbox'

2018-07-05 10:19:31 - [MESSAGE][PASSED] - Keys 'blndhnn' sent to object: 'Object Repository/OMVA_UserManagement_Page/FirstName_Textbox'

2018-07-05 10:19:31 - [TEST_STEP][PASSED] - Statement - lastname = CustomKeywords.commonLibrary.commonFunctions.randomStringFunction("abcdefghijklmnopqrstuvwxyz", 7): commonLibrary.commonFunctions.randomStringFunction is PASSED

2018-07-05 10:19:31 - [MESSAGE][PASSED] - commonLibrary.commonFunctions.randomStringFunction is PASSED

2018-07-05 10:19:31 - [TEST_STEP][PASSED] - sendKeys: Keys 'znpsvtu' sent to object: 'Object Repository/OMVA_UserManagement_Page/LastName_Textbox'

2018-07-05 10:19:31 - [MESSAGE][PASSED] - Keys 'znpsvtu' sent to object: 'Object Repository/OMVA_UserManagement_Page/LastName_Textbox'

2018-07-05 10:19:31 - [TEST_STEP][PASSED] - Statement - ticketnum = CustomKeywords.commonLibrary.commonFunctions.randomStringFunction("123456789", 7): commonLibrary.commonFunctions.randomStringFunction is PASSED

2018-07-05 10:19:31 - [MESSAGE][PASSED] - commonLibrary.commonFunctions.randomStringFunction is PASSED

2018-07-05 10:19:31 - [TEST_STEP][PASSED] - sendKeys: Keys '5763165' sent to object: 'Object Repository/OMVA_UserManagement_Page/TicketNumber_Textbox'

2018-07-05 10:19:31 - [MESSAGE][PASSED] - Keys '5763165' sent to object: 'Object Repository/OMVA_UserManagement_Page/TicketNumber_Textbox'

2018-07-05 10:19:31 - [TEST_STEP][PASSED] - click: Object: 'Object Repository/OMVA_UserManagement_Page/Next_Button' is clicked on

2018-07-05 10:19:31 - [MESSAGE][PASSED] - Object: 'Object Repository/OMVA_UserManagement_Page/Next_Button' is clicked on

2018-07-05 10:19:31 - [TEST_STEP][PASSED] - applicationLibrary.checkboxMultiselection.multiselectCheckbox: applicationLibrary.checkboxMultiselection.multiselectCheckbox is PASSED

2018-07-05 10:19:34 - [MESSAGE][PASSED] - applicationLibrary.checkboxMultiselection.multiselectCheckbox is PASSED

2018-07-05 10:19:34 - [TEST_STEP][PASSED] - scrollToElement: Scroll to object 'Object Repository/OMVA_UserManagement_Page/Customer_Next_Btn' successfully

2018-07-05 10:19:34 - [MESSAGE][PASSED] - Scroll to object 'Object Repository/OMVA_UserManagement_Page/Customer_Next_Btn' successfully

2018-07-05 10:19:34 - [TEST_STEP][PASSED] - click: Object: 'Object Repository/OMVA_UserManagement_Page/Customer_Next_Btn' is clicked on

2018-07-05 10:19:34 - [MESSAGE][PASSED] - Object: 'Object Repository/OMVA_UserManagement_Page/Customer_Next_Btn' is clicked on

2018-07-05 10:19:34 - [TEST_STEP][PASSED] - applicationLibrary.checkboxMultiselection.multiselectCheckbox: applicationLibrary.checkboxMultiselection.multiselectCheckbox is PASSED

2018-07-05 10:19:36 - [MESSAGE][PASSED] - applicationLibrary.checkboxMultiselection.multiselectCheckbox is PASSED

2018-07-05 10:19:36 - [TEST_STEP][PASSED] - click: Object: 'Object Repository/OMVA_UserManagement_Page/UserCreation_Save_Btn' is clicked on

2018-07-05 10:19:36 - [MESSAGE][PASSED] - Object: 'Object Repository/OMVA_UserManagement_Page/UserCreation_Save_Btn' is clicked on

2018-07-05 10:19:36 - [TEST_STEP][PASSED] - waitForElementPresent: Object 'Object Repository/OMVA_UserManagement_Page/UserCreation_HeaderTxt' is present

2018-07-05 10:19:37 - [MESSAGE][PASSED] - Object 'Object Repository/OMVA_UserManagement_Page/UserCreation_HeaderTxt' is present

2018-07-05 10:19:37 - [TEST_STEP][PASSED] - verifyElementText: Actual text and expected text of test object 'Object Repository/OMVA_UserManagement_Page/UserCreation_HeaderTxt' are matched.

2018-07-05 10:19:37 - [MESSAGE][PASSED] - Actual text and expected text of test object 'Object Repository/OMVA_UserManagement_Page/UserCreation_HeaderTxt' are matched.

2018-07-05 10:19:37 - [TEST_STEP][PASSED] - verifyElementText: Actual text and expected text of test object 'Object Repository/OMVA_UserManagement_Page/UserCreation_ContentTxt' are matched.

2018-07-05 10:19:37 - [MESSAGE][PASSED] - Actual text and expected text of test object 'Object Repository/OMVA_UserManagement_Page/UserCreation_ContentTxt' are matched.

2018-07-05 10:19:37 - [TEST_STEP][PASSED] - click: Object: 'Object Repository/OMVA_UserManagement_Page/UserCreation_OK_Btn' is clicked on

2018-07-05 10:19:37 - [MESSAGE][PASSED] - Object: 'Object Repository/OMVA_UserManagement_Page/UserCreation_OK_Btn' is clicked on

2018-07-05 10:19:37 - [TEST_STEP][PASSED] - delay: Delayed 5 second(s)

2018-07-05 10:19:42 - [MESSAGE][PASSED] - Delayed 5 second(s)

2018-07-05 10:19:42 - [TEST_STEP][PASSED] - waitForElementPresent: Object 'Object Repository/OMVA_UserManagement_Page/Created_User_Username' is present

2018-07-05 10:19:42 - [MESSAGE][PASSED] - Object 'Object Repository/OMVA_UserManagement_Page/Created_User_Username' is present

2018-07-05 10:19:42 - [TEST_STEP][PASSED] - Statement - createduser = com.kms.katalon.core.webui.keyword.WebUiBuiltInKeywords.getText(com.kms.katalon.core.testobject.ObjectRepository.findTestObject(OMVA_UserManagement_Page/Created_User_Username)): Text of object 'Object Repository/OMVA_UserManagement_Page/Created_User_Username' is: 'blndhnn znpsvtu'

2018-07-05 10:19:42 - [MESSAGE][PASSED] - Text of object 'Object Repository/OMVA_UserManagement_Page/Created_User_Username' is: 'blndhnn znpsvtu'

2018-07-05 10:19:42 - [TEST_STEP][PASSED] - Statement - createduser = com.kms.katalon.core.webui.keyword.WebUiBuiltInKeywords.verifyMatch(createduser, firstname + " " + lastname, true): Actual text 'blndhnn znpsvtu' and expected text 'blndhnn znpsvtu' are matched  using regular expression

2018-07-05 10:19:42 - [MESSAGE][PASSED] - Actual text 'blndhnn znpsvtu' and expected text 'blndhnn znpsvtu' are matched  using regular expression

2018-07-05 10:19:42 - [TEST_STEP][PASSED] - dataBaseConnection.dataBase.connectDB: dataBaseConnection.dataBase.connectDB is PASSED

2018-07-05 10:19:47 - [MESSAGE][PASSED] - dataBaseConnection.dataBase.connectDB is PASSED

2018-07-05 10:19:47 - [TEST_STEP][PASSED] - dataBaseConnection.dataBase.executeQuery: dataBaseConnection.dataBase.executeQuery is PASSED

2018-07-05 10:19:47 - [MESSAGE][PASSED] - dataBaseConnection.dataBase.executeQuery is PASSED

2018-07-05 10:19:47 - [TEST_STEP][PASSED] - dataBaseConnection.dataBase.closeDatabaseConnection: dataBaseConnection.dataBase.closeDatabaseConnection is PASSED

2018-07-05 10:19:47 - [MESSAGE][PASSED] - dataBaseConnection.dataBase.closeDatabaseConnection is PASSED

2018-07-05 10:19:47 - [TEST_STEP][PASSED] - delay: Delayed 2 second(s)

2018-07-05 10:19:49 - [MESSAGE][PASSED] - Delayed 2 second(s)

2018-07-05 10:19:49 - [TEST_STEP][PASSED] - closeBrowser: Browser is closed

2018-07-05 10:19:50 - [MESSAGE][PASSED] - Browser is closed]]></system-out>
         <system-err><![CDATA[]]></system-err>
      </testcase>
      <testcase name="Test Cases/UserManagementTestCases/UserActions/DeActivate_User" classname="Test Cases/UserManagementTestCases/UserActions/DeActivate_User" status="FAILED">
         <failure type="FAILED" message="Unable to verify match between actual text '' and expected text 'Confirm Deactivation' using regular expression (Root cause: Actual text '' and expected text 'Confirm Deactivation' are not matched using regular expression)"/>
         <system-out><![CDATA[2018-07-05 10:19:50 - [TEST_CASE][FAILED] - Test Cases/UserManagementTestCases/UserActions/DeActivate_User: Test Cases/UserManagementTestCases/UserActions/DeActivate_User FAILED because (of) Unable to verify match between actual text '' and expected text 'Confirm Deactivation' using regular expression (Root cause: Actual text '' and expected text 'Confirm Deactivation' are not matched using regular expression)

2018-07-05 10:19:50 - [TEST_STEP][PASSED] - callTestCase: Call Test Case 'Test Cases/CommonTestcases/OpenBrowserandNavigateToQAURL' successfully

2018-07-05 10:19:50 - [TEST_CASE][PASSED] - Test Cases/CommonTestcases/OpenBrowserandNavigateToQAURL: Test Cases/CommonTestcases/OpenBrowserandNavigateToQAURL

2018-07-05 10:19:50 - [TEST_STEP][PASSED] - openBrowser: Browser is opened with url: ''

2018-07-05 10:19:53 - [MESSAGE][PASSED] - Browser is opened with url: ''

2018-07-05 10:19:53 - [TEST_STEP][PASSED] - navigateToUrl: Navigate to 'https://coa-demo-env.azurewebsites.net/da/index.html#/login' successfully

2018-07-05 10:19:59 - [MESSAGE][PASSED] - Navigate to 'https://coa-demo-env.azurewebsites.net/da/index.html#/login' successfully

2018-07-05 10:19:59 - [TEST_STEP][PASSED] - maximizeWindow: Current window maximized

2018-07-05 10:20:00 - [MESSAGE][PASSED] - Current window maximized

2018-07-05 10:20:00 - [MESSAGE][PASSED] - Call Test Case 'Test Cases/CommonTestcases/OpenBrowserandNavigateToQAURL' successfully

2018-07-05 10:20:00 - [TEST_STEP][PASSED] - waitForElementVisible: Object 'Object Repository/OMVA_Login_Page/Username_Textbox' is visible

2018-07-05 10:20:00 - [MESSAGE][PASSED] - Object 'Object Repository/OMVA_Login_Page/Username_Textbox' is visible

2018-07-05 10:20:00 - [TEST_STEP][PASSED] - sendKeys: Keys 'SuperAdmin' sent to object: 'Object Repository/OMVA_Login_Page/Username_Textbox'

2018-07-05 10:20:00 - [MESSAGE][PASSED] - Keys 'SuperAdmin' sent to object: 'Object Repository/OMVA_Login_Page/Username_Textbox'

2018-07-05 10:20:00 - [TEST_STEP][PASSED] - click: Object: 'Object Repository/OMVA_Login_Page/Next_Button' is clicked on

2018-07-05 10:20:00 - [MESSAGE][PASSED] - Object: 'Object Repository/OMVA_Login_Page/Next_Button' is clicked on

2018-07-05 10:20:00 - [TEST_STEP][PASSED] - waitForElementVisible: Object 'Object Repository/OMVA_Login_Page/Password_Textbox' is visible

2018-07-05 10:20:00 - [MESSAGE][PASSED] - Object 'Object Repository/OMVA_Login_Page/Password_Textbox' is visible

2018-07-05 10:20:00 - [TEST_STEP][PASSED] - sendKeys: Keys 'SuperAdmin' sent to object: 'Object Repository/OMVA_Login_Page/Password_Textbox'

2018-07-05 10:20:01 - [MESSAGE][PASSED] - Keys 'SuperAdmin' sent to object: 'Object Repository/OMVA_Login_Page/Password_Textbox'

2018-07-05 10:20:01 - [TEST_STEP][PASSED] - click: Object: 'Object Repository/OMVA_Login_Page/Signin_Button' is clicked on

2018-07-05 10:20:01 - [MESSAGE][PASSED] - Object: 'Object Repository/OMVA_Login_Page/Signin_Button' is clicked on

2018-07-05 10:20:01 - [TEST_STEP][PASSED] - delay: Delayed 5 second(s)

2018-07-05 10:20:06 - [MESSAGE][PASSED] - Delayed 5 second(s)

2018-07-05 10:20:06 - [TEST_STEP][NOT_RUN] - scrollToElement: NOT_RUN: scrollToElement

2018-07-05 10:20:06 - [MESSAGE][NOT_RUN] - NOT_RUN: scrollToElement

2018-07-05 10:20:06 - [TEST_STEP][PASSED] - waitForElementVisible: Object 'Object Repository/OMVA_Landing_Page/ActiveUserEdit_Icon' is visible

2018-07-05 10:20:06 - [MESSAGE][PASSED] - Object 'Object Repository/OMVA_Landing_Page/ActiveUserEdit_Icon' is visible

2018-07-05 10:20:06 - [TEST_STEP][NOT_RUN] - scrollToElement: NOT_RUN: scrollToElement

2018-07-05 10:20:06 - [MESSAGE][NOT_RUN] - NOT_RUN: scrollToElement

2018-07-05 10:20:06 - [TEST_STEP][PASSED] - click: Object: 'Object Repository/OMVA_Landing_Page/ActiveUserEdit_Icon' is clicked on

2018-07-05 10:20:06 - [MESSAGE][PASSED] - Object: 'Object Repository/OMVA_Landing_Page/ActiveUserEdit_Icon' is clicked on

2018-07-05 10:20:06 - [TEST_STEP][PASSED] - Statement - assert true: null

2018-07-05 10:20:06 - [TEST_STEP][PASSED] - waitForElementVisible: Object 'Object Repository/OMVA_UserManagement_Page/EmailID_Textbox' is visible

2018-07-05 10:20:06 - [MESSAGE][PASSED] - Object 'Object Repository/OMVA_UserManagement_Page/EmailID_Textbox' is visible

2018-07-05 10:20:06 - [TEST_STEP][PASSED] - Statement - emailidprefix = CustomKeywords.commonLibrary.commonFunctions.randomStringFunction("abcdefghijklmnopqrstuvwxyz", 9): commonLibrary.commonFunctions.randomStringFunction is PASSED

2018-07-05 10:20:06 - [MESSAGE][PASSED] - commonLibrary.commonFunctions.randomStringFunction is PASSED

2018-07-05 10:20:06 - [TEST_STEP][PASSED] - sendKeys: Keys 'khmfqugoi@autotestpg.com' sent to object: 'Object Repository/OMVA_UserManagement_Page/EmailID_Textbox'

2018-07-05 10:20:06 - [MESSAGE][PASSED] - Keys 'khmfqugoi@autotestpg.com' sent to object: 'Object Repository/OMVA_UserManagement_Page/EmailID_Textbox'

2018-07-05 10:20:06 - [TEST_STEP][PASSED] - waitForElementVisible: Object 'Object Repository/OMVA_Landing_Page/Act_DeAct_Radio_Btn' is visible

2018-07-05 10:20:06 - [MESSAGE][PASSED] - Object 'Object Repository/OMVA_Landing_Page/Act_DeAct_Radio_Btn' is visible

2018-07-05 10:20:06 - [TEST_STEP][PASSED] - delay: Delayed 3 second(s)

2018-07-05 10:20:09 - [MESSAGE][PASSED] - Delayed 3 second(s)

2018-07-05 10:20:09 - [TEST_STEP][PASSED] - click: Object: 'Object Repository/OMVA_Landing_Page/Act_DeAct_Radio_Btn' is clicked on

2018-07-05 10:20:10 - [MESSAGE][PASSED] - Object: 'Object Repository/OMVA_Landing_Page/Act_DeAct_Radio_Btn' is clicked on

2018-07-05 10:20:10 - [TEST_STEP][PASSED] - waitForElementVisible: Object 'Object Repository/OMVA_EditUser_Page/SaveExit_Btn' is visible

2018-07-05 10:20:10 - [MESSAGE][PASSED] - Object 'Object Repository/OMVA_EditUser_Page/SaveExit_Btn' is visible

2018-07-05 10:20:10 - [TEST_STEP][PASSED] - click: Object: 'Object Repository/OMVA_EditUser_Page/SaveExit_Btn' is clicked on

2018-07-05 10:20:10 - [MESSAGE][PASSED] - Object: 'Object Repository/OMVA_EditUser_Page/SaveExit_Btn' is clicked on

2018-07-05 10:20:10 - [TEST_STEP][PASSED] - waitForElementVisible: Object 'Object Repository/OMVA_EditUser_Page/DeactivateUser_HeaderTxt' is not visible after 5 second(s)

2018-07-05 10:20:15 - [MESSAGE][WARNING] - Object 'Object Repository/OMVA_EditUser_Page/DeactivateUser_HeaderTxt' is not visible after 5 second(s)

2018-07-05 10:20:15 - [TEST_STEP][PASSED] - Statement - AHeaderTxt = com.kms.katalon.core.webui.keyword.WebUiBuiltInKeywords.getText(com.kms.katalon.core.testobject.ObjectRepository.findTestObject(OMVA_EditUser_Page/DeactivateUser_HeaderTxt)): Text of object 'Object Repository/OMVA_EditUser_Page/DeactivateUser_HeaderTxt' is: ''

2018-07-05 10:20:15 - [MESSAGE][PASSED] - Text of object 'Object Repository/OMVA_EditUser_Page/DeactivateUser_HeaderTxt' is: ''

2018-07-05 10:20:15 - [TEST_STEP][FAILED] - verifyMatch: Unable to verify match between actual text '' and expected text 'Confirm Deactivation' using regular expression (Root cause: Actual text '' and expected text 'Confirm Deactivation' are not matched using regular expression)

2018-07-05 10:20:15 - [MESSAGE][FAILED] - Unable to verify match between actual text '' and expected text 'Confirm Deactivation' using regular expression (Root cause: Actual text '' and expected text 'Confirm Deactivation' are not matched using regular expression)]]></system-out>
         <system-err><![CDATA[2018-07-05 10:19:50 - [TEST_CASE][FAILED] - Test Cases/UserManagementTestCases/UserActions/DeActivate_User: Test Cases/UserManagementTestCases/UserActions/DeActivate_User FAILED because (of) Unable to verify match between actual text '' and expected text 'Confirm Deactivation' using regular expression (Root cause: Actual text '' and expected text 'Confirm Deactivation' are not matched using regular expression)]]></system-err>
      </testcase>
      <testcase name="Test Cases/UserManagementTestCases/UserActions/LockUser" classname="Test Cases/UserManagementTestCases/UserActions/LockUser" status="FAILED">
         <failure type="FAILED" message="Unable to get text of object 'Object Repository/OMVA_Login_Page/InvalidLogin_HeaderTxt' (Root cause: com.kms.katalon.core.webui.exception.WebElementNotFoundException: Web element with id: 'Object Repository/OMVA_Login_Page/InvalidLogin_HeaderTxt' located by 'By.xpath: //h4[text()='Invalid Credentials']' not found)"/>
         <system-out><![CDATA[2018-07-05 10:20:15 - [TEST_CASE][FAILED] - Test Cases/UserManagementTestCases/UserActions/LockUser: Test Cases/UserManagementTestCases/UserActions/LockUser FAILED because (of) Unable to get text of object 'Object Repository/OMVA_Login_Page/InvalidLogin_HeaderTxt' (Root cause: com.kms.katalon.core.webui.exception.WebElementNotFoundException: Web element with id: 'Object Repository/OMVA_Login_Page/InvalidLogin_HeaderTxt' located by 'By.xpath: //h4[text()='Invalid Credentials']' not found)

2018-07-05 10:20:15 - [TEST_STEP][FAILED] - callTestCase: Unable to call Test Case with id 'Test Cases/UserManagementTestCases/Login/Invalid_Login' (Root cause: Call Test Case 'Test Cases/UserManagementTestCases/Login/Invalid_Login' failed)

2018-07-05 10:20:15 - [TEST_CASE][FAILED] - Test Cases/UserManagementTestCases/Login/Invalid_Login: Test Cases/UserManagementTestCases/Login/Invalid_Login FAILED because (of) Unable to get text of object 'Object Repository/OMVA_Login_Page/InvalidLogin_HeaderTxt' (Root cause: com.kms.katalon.core.webui.exception.WebElementNotFoundException: Web element with id: 'Object Repository/OMVA_Login_Page/InvalidLogin_HeaderTxt' located by 'By.xpath: //h4[text()='Invalid Credentials']' not found)

2018-07-05 10:20:16 - [TEST_STEP][PASSED] - callTestCase: Call Test Case 'Test Cases/CommonTestcases/OpenBrowserandNavigateToQAURL' successfully

2018-07-05 10:20:16 - [TEST_CASE][PASSED] - Test Cases/CommonTestcases/OpenBrowserandNavigateToQAURL: Test Cases/CommonTestcases/OpenBrowserandNavigateToQAURL

2018-07-05 10:20:16 - [TEST_STEP][PASSED] - openBrowser: Browser is opened with url: ''

2018-07-05 10:20:16 - [MESSAGE][WARNING] - A browser is already opened. Closing browser and opening a new one

2018-07-05 10:20:20 - [MESSAGE][PASSED] - Browser is opened with url: ''

2018-07-05 10:20:20 - [TEST_STEP][PASSED] - navigateToUrl: Navigate to 'https://coa-demo-env.azurewebsites.net/da/index.html#/login' successfully

2018-07-05 10:20:32 - [MESSAGE][PASSED] - Navigate to 'https://coa-demo-env.azurewebsites.net/da/index.html#/login' successfully

2018-07-05 10:20:32 - [TEST_STEP][PASSED] - maximizeWindow: Current window maximized

2018-07-05 10:20:32 - [MESSAGE][PASSED] - Current window maximized

2018-07-05 10:20:32 - [MESSAGE][PASSED] - Call Test Case 'Test Cases/CommonTestcases/OpenBrowserandNavigateToQAURL' successfully

2018-07-05 10:20:32 - [TEST_STEP][PASSED] - waitForElementVisible: Object 'Object Repository/OMVA_Login_Page/Username_Textbox' is visible

2018-07-05 10:20:32 - [MESSAGE][PASSED] - Object 'Object Repository/OMVA_Login_Page/Username_Textbox' is visible

2018-07-05 10:20:32 - [TEST_STEP][PASSED] - sendKeys: Keys 'Lock' sent to object: 'Object Repository/OMVA_Login_Page/Username_Textbox'

2018-07-05 10:20:32 - [MESSAGE][PASSED] - Keys 'Lock' sent to object: 'Object Repository/OMVA_Login_Page/Username_Textbox'

2018-07-05 10:20:32 - [TEST_STEP][PASSED] - click: Object: 'Object Repository/OMVA_Login_Page/Next_Button' is clicked on

2018-07-05 10:20:33 - [MESSAGE][PASSED] - Object: 'Object Repository/OMVA_Login_Page/Next_Button' is clicked on

2018-07-05 10:20:33 - [TEST_STEP][PASSED] - Statement - If (true): null

2018-07-05 10:20:33 - [TEST_STEP][PASSED] - waitForElementVisible: Object 'Object Repository/OMVA_Login_Page/Password_Textbox' is visible

2018-07-05 10:20:33 - [MESSAGE][PASSED] - Object 'Object Repository/OMVA_Login_Page/Password_Textbox' is visible

2018-07-05 10:20:33 - [TEST_STEP][PASSED] - Statement - assert true: null

2018-07-05 10:20:33 - [TEST_STEP][PASSED] - sendKeys: Keys 'Pwd' sent to object: 'Object Repository/OMVA_Login_Page/Password_Textbox'

2018-07-05 10:20:33 - [MESSAGE][PASSED] - Keys 'Pwd' sent to object: 'Object Repository/OMVA_Login_Page/Password_Textbox'

2018-07-05 10:20:33 - [TEST_STEP][PASSED] - click: Object: 'Object Repository/OMVA_Login_Page/Signin_Button' is clicked on

2018-07-05 10:20:33 - [MESSAGE][PASSED] - Object: 'Object Repository/OMVA_Login_Page/Signin_Button' is clicked on

2018-07-05 10:20:33 - [TEST_STEP][FAILED] - Statement - AHeaderTxt = com.kms.katalon.core.webui.keyword.WebUiBuiltInKeywords.getText(com.kms.katalon.core.testobject.ObjectRepository.findTestObject(OMVA_Login_Page/InvalidLogin_HeaderTxt)): Unable to get text of object 'Object Repository/OMVA_Login_Page/InvalidLogin_HeaderTxt' (Root cause: com.kms.katalon.core.webui.exception.WebElementNotFoundException: Web element with id: 'Object Repository/OMVA_Login_Page/InvalidLogin_HeaderTxt' located by 'By.xpath: //h4[text()='Invalid Credentials']' not found)

2018-07-05 10:20:50 - [MESSAGE][FAILED] - Unable to get text of object 'Object Repository/OMVA_Login_Page/InvalidLogin_HeaderTxt' (Root cause: com.kms.katalon.core.webui.exception.WebElementNotFoundException: Web element with id: 'Object Repository/OMVA_Login_Page/InvalidLogin_HeaderTxt' located by 'By.xpath: //h4[text()='Invalid Credentials']' not found)
[[ATTACHMENT|D:\\Automation_P&G\\Automation-P&G-Code-Base\\OMVA\\Reports\\UserManagementTestSuite\\20180705_101903\\1530766249515.png]]

2018-07-05 10:20:50 - [MESSAGE][FAILED] - Unable to call Test Case with id 'Test Cases/UserManagementTestCases/Login/Invalid_Login' (Root cause: Call Test Case 'Test Cases/UserManagementTestCases/Login/Invalid_Login' failed)]]></system-out>
         <system-err><![CDATA[2018-07-05 10:20:15 - [TEST_CASE][FAILED] - Test Cases/UserManagementTestCases/UserActions/LockUser: Test Cases/UserManagementTestCases/UserActions/LockUser FAILED because (of) Unable to get text of object 'Object Repository/OMVA_Login_Page/InvalidLogin_HeaderTxt' (Root cause: com.kms.katalon.core.webui.exception.WebElementNotFoundException: Web element with id: 'Object Repository/OMVA_Login_Page/InvalidLogin_HeaderTxt' located by 'By.xpath: //h4[text()='Invalid Credentials']' not found)]]></system-err>
      </testcase>
      <system-out><![CDATA[2018-07-05 10:19:04 - [TEST_SUITE][FAILED] - UserManagementTestSuite: Test Cases/UserManagementTestCases/UserActions/DeActivate_User FAILED because (of) Unable to verify match between actual text '' and expected text 'Confirm Deactivation' using regular expression (Root cause: Actual text '' and expected text 'Confirm Deactivation' are not matched using regular expression)]]></system-out>
      <system-err><![CDATA[2018-07-05 10:19:04 - [TEST_SUITE][FAILED] - UserManagementTestSuite: Test Cases/UserManagementTestCases/UserActions/DeActivate_User FAILED because (of) Unable to verify match between actual text '' and expected text 'Confirm Deactivation' using regular expression (Root cause: Actual text '' and expected text 'Confirm Deactivation' are not matched using regular expression)]]></system-err>
   </testsuite>
</testsuites>
