<?xml version="1.0" encoding="UTF-8"?>
<testsuites name="SummaryTestSuite" time="274" tests="4" failures="1" errors="0">
   <testsuite name="SummaryTestSuite" tests="4" failures="1" errors="0" time="274" timestamp="2018-07-18 20:04:19" hostname="703177791 - 703177791GDL.IND.CORP.AD" id="Test Suites/SummaryTestSuite">
      <properties>
         <property name="deviceName" value=""/>
         <property name="devicePlatform" value=""/>
         <property name="logFolder" value="D:\\P&amp;G New\\Automation-P&amp;G-Code-Base\\OMVA\\Reports\\SummaryTestSuite\\20180718_194140"/>
         <property name="logFiles" value="D:\\P&amp;G New\\Automation-P&amp;G-Code-Base\\OMVA\\Reports\\SummaryTestSuite\\20180718_194140\\execution0.log"/>
         <property name="attachments" value="D:\\P&amp;G New\\Automation-P&amp;G-Code-Base\\OMVA\\Reports\\SummaryTestSuite\\20180718_194140\\1531924593694.png"/>
         <property name="hostName" value="703177791 - 703177791GDL.IND.CORP.AD"/>
         <property name="os" value="Windows 10 64bit"/>
         <property name="katalonVersion" value="5.4.2.1"/>
         <property name="browser" value="Chrome 67.0.3396.62"/>
         <property name="hostAddress" value="172.16.21.232"/>
         <property name="sessionId" value="6b7c323984f5a5c6f45b020980e4e22f"/>
         <property name="seleniumVersion" value="3.7.1"/>
         <property name="proxyInformation" value="ProxyInformation{proxyOption=NO_PROXY, proxyServerType=HTTP, password=, proxyServerAddress=, proxyServerPort=0}"/>
         <property name="platform" value="Windows 10"/>
      </properties>
      <testcase name="Test Cases/SummaryTestCases/MAL_Comment" classname="Test Cases/SummaryTestCases/MAL_Comment" status="PASSED">
         <system-out><![CDATA[2018-07-18 20:04:23 - [TEST_CASE][PASSED] - Test Cases/SummaryTestCases/MAL_Comment: Test Cases/SummaryTestCases/MAL_Comment

2018-07-18 20:04:24 - [TEST_STEP][PASSED] - callTestCase: Call Test Case 'Test Cases/UserManagementTestCases/Login/Login_MAL' successfully

2018-07-18 20:04:24 - [TEST_CASE][PASSED] - Test Cases/UserManagementTestCases/Login/Login_MAL: Test Cases/UserManagementTestCases/Login/Login_MAL

2018-07-18 20:04:25 - [TEST_STEP][PASSED] - callTestCase: Call Test Case 'Test Cases/CommonTestcases/OpenBrowserandNavigateToQAURL' successfully

2018-07-18 20:04:25 - [TEST_CASE][PASSED] - Test Cases/CommonTestcases/OpenBrowserandNavigateToQAURL: Test Cases/CommonTestcases/OpenBrowserandNavigateToQAURL

2018-07-18 20:04:25 - [TEST_STEP][PASSED] - openBrowser: Browser is opened with url: ''

2018-07-18 20:04:28 - [MESSAGE][PASSED] - Browser is opened with url: ''

2018-07-18 20:04:28 - [TEST_STEP][PASSED] - navigateToUrl: Navigate to 'https://coa-demo-env.azurewebsites.net/da/index.html#/login' successfully

2018-07-18 20:04:40 - [MESSAGE][PASSED] - Navigate to 'https://coa-demo-env.azurewebsites.net/da/index.html#/login' successfully

2018-07-18 20:04:40 - [TEST_STEP][PASSED] - maximizeWindow: Current window maximized

2018-07-18 20:04:41 - [MESSAGE][PASSED] - Current window maximized

2018-07-18 20:04:41 - [MESSAGE][PASSED] - Call Test Case 'Test Cases/CommonTestcases/OpenBrowserandNavigateToQAURL' successfully

2018-07-18 20:04:41 - [TEST_STEP][PASSED] - waitForElementVisible: Object 'Object Repository/OMVA_Login_Page/Password_Textbox' is not visible after 10 second(s)

2018-07-18 20:04:52 - [MESSAGE][WARNING] - Object 'Object Repository/OMVA_Login_Page/Password_Textbox' is not visible after 10 second(s)

2018-07-18 20:04:52 - [TEST_STEP][PASSED] - sendKeys: Keys 'angelica' sent to object: 'Object Repository/OMVA_Login_Page/Username_Textbox'

2018-07-18 20:04:52 - [MESSAGE][PASSED] - Keys 'angelica' sent to object: 'Object Repository/OMVA_Login_Page/Username_Textbox'

2018-07-18 20:04:52 - [TEST_STEP][PASSED] - click: Object: 'Object Repository/OMVA_Login_Page/Next_Button' is clicked on

2018-07-18 20:04:53 - [MESSAGE][PASSED] - Object: 'Object Repository/OMVA_Login_Page/Next_Button' is clicked on

2018-07-18 20:04:53 - [TEST_STEP][PASSED] - waitForElementVisible: Object 'Object Repository/OMVA_Login_Page/Password_Textbox' is visible

2018-07-18 20:04:53 - [MESSAGE][PASSED] - Object 'Object Repository/OMVA_Login_Page/Password_Textbox' is visible

2018-07-18 20:04:53 - [TEST_STEP][PASSED] - sendKeys: Keys 'angelica' sent to object: 'Object Repository/OMVA_Login_Page/Password_Textbox'

2018-07-18 20:04:54 - [MESSAGE][PASSED] - Keys 'angelica' sent to object: 'Object Repository/OMVA_Login_Page/Password_Textbox'

2018-07-18 20:04:54 - [TEST_STEP][PASSED] - click: Object: 'Object Repository/OMVA_Login_Page/Signin_Button' is clicked on

2018-07-18 20:04:54 - [MESSAGE][PASSED] - Object: 'Object Repository/OMVA_Login_Page/Signin_Button' is clicked on

2018-07-18 20:04:54 - [TEST_STEP][PASSED] - waitForAngularLoad: This page doesn't use Angular.

2018-07-18 20:04:54 - [MESSAGE][WARNING] - This page doesn't use Angular.

2018-07-18 20:04:54 - [TEST_STEP][PASSED] - Statement - greetingtext = com.kms.katalon.core.webui.keyword.WebUiBuiltInKeywords.getText(com.kms.katalon.core.testobject.ObjectRepository.findTestObject(OMVA_Landing_Page/Greeting_Label)): Text of object 'Object Repository/OMVA_Landing_Page/Greeting_Label' is: 'Good Evening, angelica'

2018-07-18 20:04:54 - [MESSAGE][PASSED] - Text of object 'Object Repository/OMVA_Landing_Page/Greeting_Label' is: 'Good Evening, angelica'

2018-07-18 20:04:54 - [TEST_STEP][PASSED] - verifyMatch: Actual text 'Good Evening, angelica' and expected text '\D*angelica' are matched  using regular expression

2018-07-18 20:04:54 - [MESSAGE][PASSED] - Actual text 'Good Evening, angelica' and expected text '\D*angelica' are matched  using regular expression

2018-07-18 20:04:54 - [MESSAGE][PASSED] - Call Test Case 'Test Cases/UserManagementTestCases/Login/Login_MAL' successfully

2018-07-18 20:04:54 - [TEST_STEP][PASSED] - delay: Delayed 5 second(s)

2018-07-18 20:05:00 - [MESSAGE][PASSED] - Delayed 5 second(s)

2018-07-18 20:05:00 - [TEST_STEP][PASSED] - waitForElementPresent: Object 'Object Repository/OMVA_Landing_Page/Summary_Logo' is present

2018-07-18 20:05:00 - [MESSAGE][PASSED] - Object 'Object Repository/OMVA_Landing_Page/Summary_Logo' is present

2018-07-18 20:05:00 - [TEST_STEP][PASSED] - click: Object: 'Object Repository/OMVA_Landing_Page/Summary_Logo' is clicked on

2018-07-18 20:05:00 - [MESSAGE][PASSED] - Object: 'Object Repository/OMVA_Landing_Page/Summary_Logo' is clicked on

2018-07-18 20:05:00 - [TEST_STEP][PASSED] - waitForElementPresent: Object 'Object Repository/OMVA_Summary_Page/AddComment_Icon' is present

2018-07-18 20:05:01 - [MESSAGE][PASSED] - Object 'Object Repository/OMVA_Summary_Page/AddComment_Icon' is present

2018-07-18 20:05:01 - [TEST_STEP][PASSED] - click: Object: 'Object Repository/OMVA_Summary_Page/AddComment_Icon' is clicked on

2018-07-18 20:05:01 - [MESSAGE][PASSED] - Object: 'Object Repository/OMVA_Summary_Page/AddComment_Icon' is clicked on

2018-07-18 20:05:01 - [TEST_STEP][PASSED] - verifyElementNotPresent: Web element with id: 'Object Repository/OMVA_Summary_Page/Add_EditCommentDone_btn' located by 'By.xpath: //button[@class='pull-right btn cmt-btn']' is not present after '5' second(s)

2018-07-18 20:05:01 - [MESSAGE][PASSED] - Web element with id: 'Object Repository/OMVA_Summary_Page/Add_EditCommentDone_btn' located by 'By.xpath: //button[@class='pull-right btn cmt-btn']' is not present after '5' second(s)

2018-07-18 20:05:01 - [TEST_STEP][PASSED] - closeBrowser: Browser is closed

2018-07-18 20:05:02 - [MESSAGE][PASSED] - Browser is closed]]></system-out>
         <system-err><![CDATA[]]></system-err>
      </testcase>
      <testcase name="Test Cases/SummaryTestCases/MSP_Comment" classname="Test Cases/SummaryTestCases/MSP_Comment" status="PASSED">
         <system-out><![CDATA[2018-07-18 20:05:02 - [TEST_CASE][PASSED] - Test Cases/SummaryTestCases/MSP_Comment: Test Cases/SummaryTestCases/MSP_Comment

2018-07-18 20:05:02 - [TEST_STEP][PASSED] - callTestCase: Call Test Case 'Test Cases/UserManagementTestCases/Login/Login_ChannelMSP' successfully

2018-07-18 20:05:02 - [TEST_CASE][PASSED] - Test Cases/UserManagementTestCases/Login/Login_ChannelMSP: Test Cases/UserManagementTestCases/Login/Login_ChannelMSP

2018-07-18 20:05:02 - [TEST_STEP][PASSED] - callTestCase: Call Test Case 'Test Cases/CommonTestcases/OpenBrowserandNavigateToQAURL' successfully

2018-07-18 20:05:02 - [TEST_CASE][PASSED] - Test Cases/CommonTestcases/OpenBrowserandNavigateToQAURL: Test Cases/CommonTestcases/OpenBrowserandNavigateToQAURL

2018-07-18 20:05:02 - [TEST_STEP][PASSED] - openBrowser: Browser is opened with url: ''

2018-07-18 20:05:05 - [MESSAGE][PASSED] - Browser is opened with url: ''

2018-07-18 20:05:05 - [TEST_STEP][PASSED] - navigateToUrl: Navigate to 'https://coa-demo-env.azurewebsites.net/da/index.html#/login' successfully

2018-07-18 20:05:13 - [MESSAGE][PASSED] - Navigate to 'https://coa-demo-env.azurewebsites.net/da/index.html#/login' successfully

2018-07-18 20:05:13 - [TEST_STEP][PASSED] - maximizeWindow: Current window maximized

2018-07-18 20:05:14 - [MESSAGE][PASSED] - Current window maximized

2018-07-18 20:05:14 - [MESSAGE][PASSED] - Call Test Case 'Test Cases/CommonTestcases/OpenBrowserandNavigateToQAURL' successfully

2018-07-18 20:05:14 - [TEST_STEP][PASSED] - waitForElementVisible: Object 'Object Repository/OMVA_Login_Page/Password_Textbox' is not visible after 10 second(s)

2018-07-18 20:05:25 - [MESSAGE][WARNING] - Object 'Object Repository/OMVA_Login_Page/Password_Textbox' is not visible after 10 second(s)

2018-07-18 20:05:25 - [TEST_STEP][PASSED] - sendKeys: Keys 'nicole' sent to object: 'Object Repository/OMVA_Login_Page/Username_Textbox'

2018-07-18 20:05:25 - [MESSAGE][PASSED] - Keys 'nicole' sent to object: 'Object Repository/OMVA_Login_Page/Username_Textbox'

2018-07-18 20:05:25 - [TEST_STEP][PASSED] - click: Object: 'Object Repository/OMVA_Login_Page/Next_Button' is clicked on

2018-07-18 20:05:25 - [MESSAGE][PASSED] - Object: 'Object Repository/OMVA_Login_Page/Next_Button' is clicked on

2018-07-18 20:05:25 - [TEST_STEP][PASSED] - waitForElementVisible: Object 'Object Repository/OMVA_Login_Page/Password_Textbox' is visible

2018-07-18 20:05:26 - [MESSAGE][PASSED] - Object 'Object Repository/OMVA_Login_Page/Password_Textbox' is visible

2018-07-18 20:05:26 - [TEST_STEP][PASSED] - sendKeys: Keys 'nicole' sent to object: 'Object Repository/OMVA_Login_Page/Password_Textbox'

2018-07-18 20:05:26 - [MESSAGE][PASSED] - Keys 'nicole' sent to object: 'Object Repository/OMVA_Login_Page/Password_Textbox'

2018-07-18 20:05:26 - [TEST_STEP][PASSED] - click: Object: 'Object Repository/OMVA_Login_Page/Signin_Button' is clicked on

2018-07-18 20:05:26 - [MESSAGE][PASSED] - Object: 'Object Repository/OMVA_Login_Page/Signin_Button' is clicked on

2018-07-18 20:05:26 - [TEST_STEP][PASSED] - waitForAngularLoad: This page doesn't use Angular.

2018-07-18 20:05:26 - [MESSAGE][WARNING] - This page doesn't use Angular.

2018-07-18 20:05:26 - [TEST_STEP][PASSED] - Statement - greetingtext = com.kms.katalon.core.webui.keyword.WebUiBuiltInKeywords.getText(com.kms.katalon.core.testobject.ObjectRepository.findTestObject(OMVA_Landing_Page/Greeting_Label)): Text of object 'Object Repository/OMVA_Landing_Page/Greeting_Label' is: 'Good Evening, nicole'

2018-07-18 20:05:27 - [MESSAGE][PASSED] - Text of object 'Object Repository/OMVA_Landing_Page/Greeting_Label' is: 'Good Evening, nicole'

2018-07-18 20:05:27 - [TEST_STEP][PASSED] - verifyMatch: Actual text 'Good Evening, nicole' and expected text '\D*nicole' are matched  using regular expression

2018-07-18 20:05:27 - [MESSAGE][PASSED] - Actual text 'Good Evening, nicole' and expected text '\D*nicole' are matched  using regular expression

2018-07-18 20:05:27 - [MESSAGE][PASSED] - Call Test Case 'Test Cases/UserManagementTestCases/Login/Login_ChannelMSP' successfully

2018-07-18 20:05:27 - [TEST_STEP][PASSED] - delay: Delayed 3 second(s)

2018-07-18 20:05:30 - [MESSAGE][PASSED] - Delayed 3 second(s)

2018-07-18 20:05:30 - [TEST_STEP][PASSED] - waitForElementPresent: Object 'Object Repository/OMVA_Landing_Page/Summary_Logo' is present

2018-07-18 20:05:30 - [MESSAGE][PASSED] - Object 'Object Repository/OMVA_Landing_Page/Summary_Logo' is present

2018-07-18 20:05:30 - [TEST_STEP][PASSED] - click: Object: 'Object Repository/OMVA_Landing_Page/Summary_Logo' is clicked on

2018-07-18 20:05:30 - [MESSAGE][PASSED] - Object: 'Object Repository/OMVA_Landing_Page/Summary_Logo' is clicked on

2018-07-18 20:05:30 - [TEST_STEP][PASSED] - delay: Delayed 3 second(s)

2018-07-18 20:05:33 - [MESSAGE][PASSED] - Delayed 3 second(s)

2018-07-18 20:05:33 - [TEST_STEP][PASSED] - waitForElementPresent: Object 'Object Repository/OMVA_Summary_Page/AddComment_Icon' is present

2018-07-18 20:05:33 - [MESSAGE][PASSED] - Object 'Object Repository/OMVA_Summary_Page/AddComment_Icon' is present

2018-07-18 20:05:33 - [TEST_STEP][PASSED] - click: Object: 'Object Repository/OMVA_Summary_Page/AddComment_Icon' is clicked on

2018-07-18 20:05:34 - [MESSAGE][PASSED] - Object: 'Object Repository/OMVA_Summary_Page/AddComment_Icon' is clicked on

2018-07-18 20:05:34 - [TEST_STEP][PASSED] - verifyElementNotPresent: Web element with id: 'Object Repository/OMVA_Summary_Page/Add_EditCommentDone_btn' located by 'By.xpath: //button[@class='pull-right btn cmt-btn']' is not present after '5' second(s)

2018-07-18 20:05:34 - [MESSAGE][PASSED] - Web element with id: 'Object Repository/OMVA_Summary_Page/Add_EditCommentDone_btn' located by 'By.xpath: //button[@class='pull-right btn cmt-btn']' is not present after '5' second(s)

2018-07-18 20:05:34 - [TEST_STEP][PASSED] - closeBrowser: Browser is closed

2018-07-18 20:05:34 - [MESSAGE][PASSED] - Browser is closed]]></system-out>
         <system-err><![CDATA[]]></system-err>
      </testcase>
      <testcase name="Test Cases/SummaryTestCases/AlocSpoc_Comment" classname="Test Cases/SummaryTestCases/AlocSpoc_Comment" status="FAILED">
         <failure type="FAILED" message="Unable to send keys 'romeo' to object 'Object Repository/OMVA_Login_Page/Username_Textbox' (Root cause: com.kms.katalon.core.webui.exception.WebElementNotFoundException: Web element with id: 'Object Repository/OMVA_Login_Page/Username_Textbox' located by 'By.xpath: //input[@id = 'userName' and @name = 'userName' and @type = 'text']' not found)"/>
         <system-out><![CDATA[2018-07-18 20:05:34 - [TEST_CASE][FAILED] - Test Cases/SummaryTestCases/AlocSpoc_Comment: Test Cases/SummaryTestCases/AlocSpoc_Comment FAILED because (of) Unable to send keys 'romeo' to object 'Object Repository/OMVA_Login_Page/Username_Textbox' (Root cause: com.kms.katalon.core.webui.exception.WebElementNotFoundException: Web element with id: 'Object Repository/OMVA_Login_Page/Username_Textbox' located by 'By.xpath: //input[@id = 'userName' and @name = 'userName' and @type = 'text']' not found)

2018-07-18 20:05:35 - [TEST_STEP][FAILED] - callTestCase: Unable to call Test Case with id 'Test Cases/UserManagementTestCases/Login/Login_AllocSPOC' (Root cause: Call Test Case 'Test Cases/UserManagementTestCases/Login/Login_AllocSPOC' failed)

2018-07-18 20:05:35 - [TEST_CASE][FAILED] - Test Cases/UserManagementTestCases/Login/Login_AllocSPOC: Test Cases/UserManagementTestCases/Login/Login_AllocSPOC FAILED because (of) Unable to send keys 'romeo' to object 'Object Repository/OMVA_Login_Page/Username_Textbox' (Root cause: com.kms.katalon.core.webui.exception.WebElementNotFoundException: Web element with id: 'Object Repository/OMVA_Login_Page/Username_Textbox' located by 'By.xpath: //input[@id = 'userName' and @name = 'userName' and @type = 'text']' not found)

2018-07-18 20:05:35 - [TEST_STEP][PASSED] - callTestCase: Call Test Case 'Test Cases/CommonTestcases/OpenBrowserandNavigateToQAURL' successfully

2018-07-18 20:05:35 - [TEST_CASE][PASSED] - Test Cases/CommonTestcases/OpenBrowserandNavigateToQAURL: Test Cases/CommonTestcases/OpenBrowserandNavigateToQAURL

2018-07-18 20:05:35 - [TEST_STEP][PASSED] - openBrowser: Browser is opened with url: ''

2018-07-18 20:05:38 - [MESSAGE][PASSED] - Browser is opened with url: ''

2018-07-18 20:05:38 - [TEST_STEP][PASSED] - navigateToUrl: Navigate to 'https://coa-demo-env.azurewebsites.net/da/index.html#/login' successfully

2018-07-18 20:06:05 - [MESSAGE][PASSED] - Navigate to 'https://coa-demo-env.azurewebsites.net/da/index.html#/login' successfully

2018-07-18 20:06:05 - [TEST_STEP][PASSED] - maximizeWindow: Current window maximized

2018-07-18 20:06:06 - [MESSAGE][PASSED] - Current window maximized

2018-07-18 20:06:06 - [MESSAGE][PASSED] - Call Test Case 'Test Cases/CommonTestcases/OpenBrowserandNavigateToQAURL' successfully

2018-07-18 20:06:06 - [TEST_STEP][PASSED] - waitForElementVisible: Web element with id: 'Object Repository/OMVA_Login_Page/Password_Textbox' located by 'By.xpath: //input[@id='password']' not found

2018-07-18 20:06:17 - [MESSAGE][WARNING] - Web element with id: 'Object Repository/OMVA_Login_Page/Password_Textbox' located by 'By.xpath: //input[@id='password']' not found

2018-07-18 20:06:17 - [TEST_STEP][FAILED] - sendKeys: Unable to send keys 'romeo' to object 'Object Repository/OMVA_Login_Page/Username_Textbox' (Root cause: com.kms.katalon.core.webui.exception.WebElementNotFoundException: Web element with id: 'Object Repository/OMVA_Login_Page/Username_Textbox' located by 'By.xpath: //input[@id = 'userName' and @name = 'userName' and @type = 'text']' not found)

2018-07-18 20:06:34 - [MESSAGE][FAILED] - Unable to send keys 'romeo' to object 'Object Repository/OMVA_Login_Page/Username_Textbox' (Root cause: com.kms.katalon.core.webui.exception.WebElementNotFoundException: Web element with id: 'Object Repository/OMVA_Login_Page/Username_Textbox' located by 'By.xpath: //input[@id = 'userName' and @name = 'userName' and @type = 'text']' not found)
[[ATTACHMENT|D:\\P&G New\\Automation-P&G-Code-Base\\OMVA\\Reports\\SummaryTestSuite\\20180718_194140\\1531924593694.png]]

2018-07-18 20:06:34 - [MESSAGE][FAILED] - Unable to call Test Case with id 'Test Cases/UserManagementTestCases/Login/Login_AllocSPOC' (Root cause: Call Test Case 'Test Cases/UserManagementTestCases/Login/Login_AllocSPOC' failed)]]></system-out>
         <system-err><![CDATA[2018-07-18 20:05:34 - [TEST_CASE][FAILED] - Test Cases/SummaryTestCases/AlocSpoc_Comment: Test Cases/SummaryTestCases/AlocSpoc_Comment FAILED because (of) Unable to send keys 'romeo' to object 'Object Repository/OMVA_Login_Page/Username_Textbox' (Root cause: com.kms.katalon.core.webui.exception.WebElementNotFoundException: Web element with id: 'Object Repository/OMVA_Login_Page/Username_Textbox' located by 'By.xpath: //input[@id = 'userName' and @name = 'userName' and @type = 'text']' not found)]]></system-err>
      </testcase>
      <testcase name="Test Cases/SummaryTestCases/Status_Completed" classname="Test Cases/SummaryTestCases/Status_Completed" status="PASSED">
         <system-out><![CDATA[2018-07-18 20:06:34 - [TEST_CASE][PASSED] - Test Cases/SummaryTestCases/Status_Completed: Test Cases/SummaryTestCases/Status_Completed

2018-07-18 20:06:34 - [TEST_STEP][PASSED] - callTestCase: Call Test Case 'Test Cases/UserManagementTestCases/Login/Login_MAL' successfully

2018-07-18 20:06:34 - [TEST_CASE][PASSED] - Test Cases/UserManagementTestCases/Login/Login_MAL: Test Cases/UserManagementTestCases/Login/Login_MAL

2018-07-18 20:06:34 - [TEST_STEP][PASSED] - callTestCase: Call Test Case 'Test Cases/CommonTestcases/OpenBrowserandNavigateToQAURL' successfully

2018-07-18 20:06:34 - [TEST_CASE][PASSED] - Test Cases/CommonTestcases/OpenBrowserandNavigateToQAURL: Test Cases/CommonTestcases/OpenBrowserandNavigateToQAURL

2018-07-18 20:06:34 - [TEST_STEP][PASSED] - openBrowser: Browser is opened with url: ''

2018-07-18 20:06:34 - [MESSAGE][WARNING] - A browser is already opened. Closing browser and opening a new one

2018-07-18 20:06:37 - [MESSAGE][PASSED] - Browser is opened with url: ''

2018-07-18 20:06:37 - [TEST_STEP][PASSED] - navigateToUrl: Navigate to 'https://coa-demo-env.azurewebsites.net/da/index.html#/login' successfully

2018-07-18 20:06:47 - [MESSAGE][PASSED] - Navigate to 'https://coa-demo-env.azurewebsites.net/da/index.html#/login' successfully

2018-07-18 20:06:47 - [TEST_STEP][PASSED] - maximizeWindow: Current window maximized

2018-07-18 20:06:48 - [MESSAGE][PASSED] - Current window maximized

2018-07-18 20:06:48 - [MESSAGE][PASSED] - Call Test Case 'Test Cases/CommonTestcases/OpenBrowserandNavigateToQAURL' successfully

2018-07-18 20:06:48 - [TEST_STEP][PASSED] - waitForElementVisible: Object 'Object Repository/OMVA_Login_Page/Password_Textbox' is not visible after 10 second(s)

2018-07-18 20:06:58 - [MESSAGE][WARNING] - Object 'Object Repository/OMVA_Login_Page/Password_Textbox' is not visible after 10 second(s)

2018-07-18 20:06:58 - [TEST_STEP][PASSED] - sendKeys: Keys 'angelica' sent to object: 'Object Repository/OMVA_Login_Page/Username_Textbox'

2018-07-18 20:06:59 - [MESSAGE][PASSED] - Keys 'angelica' sent to object: 'Object Repository/OMVA_Login_Page/Username_Textbox'

2018-07-18 20:06:59 - [TEST_STEP][PASSED] - click: Object: 'Object Repository/OMVA_Login_Page/Next_Button' is clicked on

2018-07-18 20:06:59 - [MESSAGE][PASSED] - Object: 'Object Repository/OMVA_Login_Page/Next_Button' is clicked on

2018-07-18 20:06:59 - [TEST_STEP][PASSED] - waitForElementVisible: Object 'Object Repository/OMVA_Login_Page/Password_Textbox' is visible

2018-07-18 20:06:59 - [MESSAGE][PASSED] - Object 'Object Repository/OMVA_Login_Page/Password_Textbox' is visible

2018-07-18 20:06:59 - [TEST_STEP][PASSED] - sendKeys: Keys 'angelica' sent to object: 'Object Repository/OMVA_Login_Page/Password_Textbox'

2018-07-18 20:07:00 - [MESSAGE][PASSED] - Keys 'angelica' sent to object: 'Object Repository/OMVA_Login_Page/Password_Textbox'

2018-07-18 20:07:00 - [TEST_STEP][PASSED] - click: Object: 'Object Repository/OMVA_Login_Page/Signin_Button' is clicked on

2018-07-18 20:07:00 - [MESSAGE][PASSED] - Object: 'Object Repository/OMVA_Login_Page/Signin_Button' is clicked on

2018-07-18 20:07:00 - [TEST_STEP][PASSED] - waitForAngularLoad: This page doesn't use Angular.

2018-07-18 20:07:00 - [MESSAGE][WARNING] - This page doesn't use Angular.

2018-07-18 20:07:00 - [TEST_STEP][PASSED] - Statement - greetingtext = com.kms.katalon.core.webui.keyword.WebUiBuiltInKeywords.getText(com.kms.katalon.core.testobject.ObjectRepository.findTestObject(OMVA_Landing_Page/Greeting_Label)): Text of object 'Object Repository/OMVA_Landing_Page/Greeting_Label' is: 'Good Evening, angelica'

2018-07-18 20:07:01 - [MESSAGE][PASSED] - Text of object 'Object Repository/OMVA_Landing_Page/Greeting_Label' is: 'Good Evening, angelica'

2018-07-18 20:07:01 - [TEST_STEP][PASSED] - verifyMatch: Actual text 'Good Evening, angelica' and expected text '\D*angelica' are matched  using regular expression

2018-07-18 20:07:01 - [MESSAGE][PASSED] - Actual text 'Good Evening, angelica' and expected text '\D*angelica' are matched  using regular expression

2018-07-18 20:07:01 - [MESSAGE][PASSED] - Call Test Case 'Test Cases/UserManagementTestCases/Login/Login_MAL' successfully

2018-07-18 20:07:01 - [TEST_STEP][PASSED] - waitForElementPresent: Object 'Object Repository/OMVA_Landing_Page/Summary_Logo' is present

2018-07-18 20:07:01 - [MESSAGE][PASSED] - Object 'Object Repository/OMVA_Landing_Page/Summary_Logo' is present

2018-07-18 20:07:01 - [TEST_STEP][PASSED] - delay: Delayed 3 second(s)

2018-07-18 20:07:04 - [MESSAGE][PASSED] - Delayed 3 second(s)

2018-07-18 20:07:04 - [TEST_STEP][PASSED] - click: Object: 'Object Repository/OMVA_Landing_Page/Summary_Logo' is clicked on

2018-07-18 20:07:04 - [MESSAGE][PASSED] - Object: 'Object Repository/OMVA_Landing_Page/Summary_Logo' is clicked on

2018-07-18 20:07:04 - [TEST_STEP][PASSED] - delay: Delayed 5 second(s)

2018-07-18 20:07:09 - [MESSAGE][PASSED] - Delayed 5 second(s)

2018-07-18 20:07:09 - [TEST_STEP][PASSED] - waitForElementPresent: Object 'Object Repository/OMVA_Summary_Page/Customer_dropdown' is present

2018-07-18 20:07:09 - [MESSAGE][PASSED] - Object 'Object Repository/OMVA_Summary_Page/Customer_dropdown' is present

2018-07-18 20:07:09 - [TEST_STEP][PASSED] - click: Object: 'Object Repository/OMVA_Summary_Page/Customer_dropdown' is clicked on

2018-07-18 20:07:10 - [MESSAGE][PASSED] - Object: 'Object Repository/OMVA_Summary_Page/Customer_dropdown' is clicked on

2018-07-18 20:07:10 - [TEST_STEP][PASSED] - waitForElementPresent: Object 'Object Repository/OMVA_Summary_Page/Customer_dropdown' is present

2018-07-18 20:07:10 - [MESSAGE][PASSED] - Object 'Object Repository/OMVA_Summary_Page/Customer_dropdown' is present

2018-07-18 20:07:10 - [TEST_STEP][PASSED] - click: Object: 'Object Repository/OMVA_Summary_Page/Select_puregold' is clicked on

2018-07-18 20:07:10 - [MESSAGE][PASSED] - Object: 'Object Repository/OMVA_Summary_Page/Select_puregold' is clicked on

2018-07-18 20:07:10 - [TEST_STEP][PASSED] - waitForElementPresent: Object 'Object Repository/OMVA_Summary_Page/Status_filter' is present

2018-07-18 20:07:10 - [MESSAGE][PASSED] - Object 'Object Repository/OMVA_Summary_Page/Status_filter' is present

2018-07-18 20:07:10 - [TEST_STEP][PASSED] - click: Object: 'Object Repository/OMVA_Summary_Page/Status_filter' is clicked on

2018-07-18 20:07:10 - [MESSAGE][PASSED] - Object: 'Object Repository/OMVA_Summary_Page/Status_filter' is clicked on

2018-07-18 20:07:10 - [TEST_STEP][PASSED] - delay: Delayed 5 second(s)

2018-07-18 20:07:15 - [MESSAGE][PASSED] - Delayed 5 second(s)

2018-07-18 20:07:15 - [TEST_STEP][PASSED] - verifyElementPresent: Object 'Object Repository/OMVA_Summary_Page/InProgressTaskID' is present

2018-07-18 20:07:15 - [MESSAGE][PASSED] - Object 'Object Repository/OMVA_Summary_Page/InProgressTaskID' is present

2018-07-18 20:07:15 - [TEST_STEP][PASSED] - Statement - SKUID_Inprogress = com.kms.katalon.core.webui.keyword.WebUiBuiltInKeywords.getText(com.kms.katalon.core.testobject.ObjectRepository.findTestObject(OMVA_Summary_Page/InProgressTaskID)): Text of object 'Object Repository/OMVA_Summary_Page/InProgressTaskID' is: '82276856'

2018-07-18 20:07:15 - [MESSAGE][PASSED] - Text of object 'Object Repository/OMVA_Summary_Page/InProgressTaskID' is: '82276856'

2018-07-18 20:07:15 - [TEST_STEP][PASSED] - waitForElementPresent: Object 'Object Repository/OMVA_Landing_Page/Workbench_Logo' is present

2018-07-18 20:07:15 - [MESSAGE][PASSED] - Object 'Object Repository/OMVA_Landing_Page/Workbench_Logo' is present

2018-07-18 20:07:15 - [TEST_STEP][PASSED] - click: Object: 'Object Repository/OMVA_Landing_Page/Workbench_Logo' is clicked on

2018-07-18 20:07:16 - [MESSAGE][PASSED] - Object: 'Object Repository/OMVA_Landing_Page/Workbench_Logo' is clicked on

2018-07-18 20:07:16 - [TEST_STEP][PASSED] - delay: Delayed 4 second(s)

2018-07-18 20:07:20 - [MESSAGE][PASSED] - Delayed 4 second(s)

2018-07-18 20:07:20 - [TEST_STEP][PASSED] - applicationLibrary.ClickOnMatierial_withgivenSKUID.ClickOnSKUInprogress: applicationLibrary.ClickOnMatierial_withgivenSKUID.ClickOnSKUInprogress is PASSED

2018-07-18 20:07:25 - [MESSAGE][PASSED] - applicationLibrary.ClickOnMatierial_withgivenSKUID.ClickOnSKUInprogress is PASSED

2018-07-18 20:07:25 - [TEST_STEP][PASSED] - delay: Delayed 5 second(s)

2018-07-18 20:07:30 - [MESSAGE][PASSED] - Delayed 5 second(s)

2018-07-18 20:07:30 - [TEST_STEP][PASSED] - waitForElementPresent: Object 'Object Repository/OMVA_Workbench_Page/DONE_Btn' is present

2018-07-18 20:07:30 - [MESSAGE][PASSED] - Object 'Object Repository/OMVA_Workbench_Page/DONE_Btn' is present

2018-07-18 20:07:30 - [TEST_STEP][PASSED] - scrollToElement: Scroll to object 'Object Repository/OMVA_Workbench_Page/DONE_Btn' successfully

2018-07-18 20:07:30 - [MESSAGE][PASSED] - Scroll to object 'Object Repository/OMVA_Workbench_Page/DONE_Btn' successfully

2018-07-18 20:07:30 - [TEST_STEP][PASSED] - click: Object: 'Object Repository/OMVA_Workbench_Page/DONE_Btn' is clicked on

2018-07-18 20:07:30 - [MESSAGE][PASSED] - Object: 'Object Repository/OMVA_Workbench_Page/DONE_Btn' is clicked on

2018-07-18 20:07:30 - [TEST_STEP][PASSED] - applicationLibrary.ClicksOn1stBatchof_SKUID_andgetsBatchNo.ClickOnSKUInprogressBatch: applicationLibrary.ClicksOn1stBatchof_SKUID_andgetsBatchNo.ClickOnSKUInprogressBatch is PASSED

2018-07-18 20:07:36 - [MESSAGE][PASSED] - applicationLibrary.ClicksOn1stBatchof_SKUID_andgetsBatchNo.ClickOnSKUInprogressBatch is PASSED

2018-07-18 20:07:36 - [TEST_STEP][PASSED] - delay: Delayed 3 second(s)

2018-07-18 20:07:39 - [MESSAGE][PASSED] - Delayed 3 second(s)

2018-07-18 20:07:39 - [TEST_STEP][PASSED] - waitForElementPresent: Object 'Object Repository/OMVA_Workbench_Page/Notify_Btn' is present

2018-07-18 20:07:39 - [MESSAGE][PASSED] - Object 'Object Repository/OMVA_Workbench_Page/Notify_Btn' is present

2018-07-18 20:07:39 - [TEST_STEP][PASSED] - click: Object: 'Object Repository/OMVA_Workbench_Page/Notify_Btn' is clicked on

2018-07-18 20:07:39 - [MESSAGE][PASSED] - Object: 'Object Repository/OMVA_Workbench_Page/Notify_Btn' is clicked on

2018-07-18 20:07:39 - [TEST_STEP][PASSED] - delay: Delayed 5 second(s)

2018-07-18 20:07:44 - [MESSAGE][PASSED] - Delayed 5 second(s)

2018-07-18 20:07:44 - [TEST_STEP][PASSED] - waitForElementPresent: Object 'Object Repository/OMVA_Workbench_Page/ActionTaken_HeaderTxt' is present

2018-07-18 20:07:44 - [MESSAGE][PASSED] - Object 'Object Repository/OMVA_Workbench_Page/ActionTaken_HeaderTxt' is present

2018-07-18 20:07:44 - [TEST_STEP][PASSED] - Statement - ActionTakenHTxt = com.kms.katalon.core.webui.keyword.WebUiBuiltInKeywords.getText(com.kms.katalon.core.testobject.ObjectRepository.findTestObject(OMVA_Workbench_Page/ActionTaken_HeaderTxt)): Text of object 'Object Repository/OMVA_Workbench_Page/ActionTaken_HeaderTxt' is: 'Action Taken'

2018-07-18 20:07:44 - [MESSAGE][PASSED] - Text of object 'Object Repository/OMVA_Workbench_Page/ActionTaken_HeaderTxt' is: 'Action Taken'

2018-07-18 20:07:44 - [TEST_STEP][PASSED] - verifyMatch: Actual text 'Action Taken' and expected text 'Action Taken' are matched  using regular expression

2018-07-18 20:07:44 - [MESSAGE][PASSED] - Actual text 'Action Taken' and expected text 'Action Taken' are matched  using regular expression

2018-07-18 20:07:44 - [TEST_STEP][PASSED] - Statement - ActionTakenCTxt = com.kms.katalon.core.webui.keyword.WebUiBuiltInKeywords.getText(com.kms.katalon.core.testobject.ObjectRepository.findTestObject(OMVA_Workbench_Page/ActionTaken_ContenetTxt)): Text of object 'Object Repository/OMVA_Workbench_Page/ActionTaken_ContenetTxt' is: 'Email has been triggered to SMO stakeholders to update allocations in SAP.'

2018-07-18 20:07:44 - [MESSAGE][PASSED] - Text of object 'Object Repository/OMVA_Workbench_Page/ActionTaken_ContenetTxt' is: 'Email has been triggered to SMO stakeholders to update allocations in SAP.'

2018-07-18 20:07:44 - [TEST_STEP][PASSED] - verifyMatch: Actual text 'Email has been triggered to SMO stakeholders to update allocations in SAP.' and expected text 'Email has been triggered to SMO stakeholders to update allocations in SAP.' are matched  using regular expression

2018-07-18 20:07:44 - [MESSAGE][PASSED] - Actual text 'Email has been triggered to SMO stakeholders to update allocations in SAP.' and expected text 'Email has been triggered to SMO stakeholders to update allocations in SAP.' are matched  using regular expression

2018-07-18 20:07:44 - [TEST_STEP][PASSED] - click: Object: 'Object Repository/OMVA_Workbench_Page/ActionTaken_CrossBtn' is clicked on

2018-07-18 20:07:45 - [MESSAGE][PASSED] - Object: 'Object Repository/OMVA_Workbench_Page/ActionTaken_CrossBtn' is clicked on

2018-07-18 20:07:45 - [TEST_STEP][PASSED] - delay: Delayed 5 second(s)

2018-07-18 20:07:50 - [MESSAGE][PASSED] - Delayed 5 second(s)

2018-07-18 20:07:50 - [TEST_STEP][PASSED] - waitForElementPresent: Object 'Object Repository/OMVA_Landing_Page/Summary_Logo' is present

2018-07-18 20:07:50 - [MESSAGE][PASSED] - Object 'Object Repository/OMVA_Landing_Page/Summary_Logo' is present

2018-07-18 20:07:50 - [TEST_STEP][PASSED] - click: Object: 'Object Repository/OMVA_Landing_Page/Summary_Logo' is clicked on

2018-07-18 20:07:50 - [MESSAGE][PASSED] - Object: 'Object Repository/OMVA_Landing_Page/Summary_Logo' is clicked on

2018-07-18 20:07:50 - [TEST_STEP][PASSED] - delay: Delayed 5 second(s)

2018-07-18 20:07:55 - [MESSAGE][PASSED] - Delayed 5 second(s)

2018-07-18 20:07:55 - [TEST_STEP][PASSED] - waitForElementPresent: Object 'Object Repository/OMVA_Summary_Page/Customer_dropdown' is present

2018-07-18 20:07:55 - [MESSAGE][PASSED] - Object 'Object Repository/OMVA_Summary_Page/Customer_dropdown' is present

2018-07-18 20:07:55 - [TEST_STEP][PASSED] - click: Object: 'Object Repository/OMVA_Summary_Page/Customer_dropdown' is clicked on

2018-07-18 20:07:55 - [MESSAGE][PASSED] - Object: 'Object Repository/OMVA_Summary_Page/Customer_dropdown' is clicked on

2018-07-18 20:07:55 - [TEST_STEP][PASSED] - waitForElementPresent: Object 'Object Repository/OMVA_Summary_Page/Select_puregold' is present

2018-07-18 20:07:55 - [MESSAGE][PASSED] - Object 'Object Repository/OMVA_Summary_Page/Select_puregold' is present

2018-07-18 20:07:55 - [TEST_STEP][PASSED] - click: Object: 'Object Repository/OMVA_Summary_Page/Select_puregold' is clicked on

2018-07-18 20:07:55 - [MESSAGE][PASSED] - Object: 'Object Repository/OMVA_Summary_Page/Select_puregold' is clicked on

2018-07-18 20:07:55 - [TEST_STEP][PASSED] - click: Object: 'Object Repository/OMVA_Summary_Page/Customer_dropdown' is clicked on

2018-07-18 20:07:56 - [MESSAGE][PASSED] - Object: 'Object Repository/OMVA_Summary_Page/Customer_dropdown' is clicked on

2018-07-18 20:07:56 - [TEST_STEP][PASSED] - waitForElementPresent: Object 'Object Repository/OMVA_Landing_Page/Search_icon' is present

2018-07-18 20:07:56 - [MESSAGE][PASSED] - Object 'Object Repository/OMVA_Landing_Page/Search_icon' is present

2018-07-18 20:07:56 - [TEST_STEP][PASSED] - click: Object: 'Object Repository/OMVA_Landing_Page/Search_icon' is clicked on

2018-07-18 20:07:56 - [MESSAGE][PASSED] - Object: 'Object Repository/OMVA_Landing_Page/Search_icon' is clicked on

2018-07-18 20:07:56 - [TEST_STEP][PASSED] - waitForElementPresent: Object 'Object Repository/OMVA_Landing_Page/Type_Here' is present

2018-07-18 20:07:56 - [MESSAGE][PASSED] - Object 'Object Repository/OMVA_Landing_Page/Type_Here' is present

2018-07-18 20:07:56 - [TEST_STEP][PASSED] - sendKeys: Keys '82276856' sent to object: 'Object Repository/OMVA_Landing_Page/Type_Here'

2018-07-18 20:07:56 - [MESSAGE][PASSED] - Keys '82276856' sent to object: 'Object Repository/OMVA_Landing_Page/Type_Here'

2018-07-18 20:07:56 - [TEST_STEP][PASSED] - delay: Delayed 3 second(s)

2018-07-18 20:07:59 - [MESSAGE][PASSED] - Delayed 3 second(s)

2018-07-18 20:07:59 - [TEST_STEP][PASSED] - verifyElementPresent: Object 'Object Repository/OMVA_Summary_Page/SKUID_Completed' is present

2018-07-18 20:07:59 - [MESSAGE][PASSED] - Object 'Object Repository/OMVA_Summary_Page/SKUID_Completed' is present

2018-07-18 20:07:59 - [TEST_STEP][PASSED] - Statement - return SKUID_Inprogress: null]]></system-out>
         <system-err><![CDATA[]]></system-err>
      </testcase>
      <testcase name="Test Cases/SummaryTestCases/Status_OkToRefresh" classname="Test Cases/SummaryTestCases/Status_OkToRefresh" status="PASSED">
         <system-out><![CDATA[2018-07-18 20:07:59 - [TEST_CASE][PASSED] - Test Cases/SummaryTestCases/Status_OkToRefresh: Test Cases/SummaryTestCases/Status_OkToRefresh

2018-07-18 20:07:59 - [TEST_STEP][PASSED] - callTestCase: Call Test Case 'Test Cases/UserManagementTestCases/Login/Login_AllocSPOC' successfully

2018-07-18 20:08:00 - [TEST_CASE][PASSED] - Test Cases/UserManagementTestCases/Login/Login_AllocSPOC: Test Cases/UserManagementTestCases/Login/Login_AllocSPOC

2018-07-18 20:08:00 - [TEST_STEP][PASSED] - callTestCase: Call Test Case 'Test Cases/CommonTestcases/OpenBrowserandNavigateToQAURL' successfully

2018-07-18 20:08:00 - [TEST_CASE][PASSED] - Test Cases/CommonTestcases/OpenBrowserandNavigateToQAURL: Test Cases/CommonTestcases/OpenBrowserandNavigateToQAURL

2018-07-18 20:08:00 - [TEST_STEP][PASSED] - openBrowser: Browser is opened with url: ''

2018-07-18 20:08:00 - [MESSAGE][WARNING] - A browser is already opened. Closing browser and opening a new one

2018-07-18 20:08:03 - [MESSAGE][PASSED] - Browser is opened with url: ''

2018-07-18 20:08:03 - [TEST_STEP][PASSED] - navigateToUrl: Navigate to 'https://coa-demo-env.azurewebsites.net/da/index.html#/login' successfully

2018-07-18 20:08:12 - [MESSAGE][PASSED] - Navigate to 'https://coa-demo-env.azurewebsites.net/da/index.html#/login' successfully

2018-07-18 20:08:12 - [TEST_STEP][PASSED] - maximizeWindow: Current window maximized

2018-07-18 20:08:13 - [MESSAGE][PASSED] - Current window maximized

2018-07-18 20:08:13 - [MESSAGE][PASSED] - Call Test Case 'Test Cases/CommonTestcases/OpenBrowserandNavigateToQAURL' successfully

2018-07-18 20:08:13 - [TEST_STEP][PASSED] - waitForElementVisible: Object 'Object Repository/OMVA_Login_Page/Password_Textbox' is not visible after 10 second(s)

2018-07-18 20:08:23 - [MESSAGE][WARNING] - Object 'Object Repository/OMVA_Login_Page/Password_Textbox' is not visible after 10 second(s)

2018-07-18 20:08:23 - [TEST_STEP][PASSED] - sendKeys: Keys 'romeo' sent to object: 'Object Repository/OMVA_Login_Page/Username_Textbox'

2018-07-18 20:08:23 - [MESSAGE][PASSED] - Keys 'romeo' sent to object: 'Object Repository/OMVA_Login_Page/Username_Textbox'

2018-07-18 20:08:23 - [TEST_STEP][PASSED] - click: Object: 'Object Repository/OMVA_Login_Page/Next_Button' is clicked on

2018-07-18 20:08:23 - [MESSAGE][PASSED] - Object: 'Object Repository/OMVA_Login_Page/Next_Button' is clicked on

2018-07-18 20:08:23 - [TEST_STEP][PASSED] - waitForElementVisible: Object 'Object Repository/OMVA_Login_Page/Password_Textbox' is visible

2018-07-18 20:08:24 - [MESSAGE][PASSED] - Object 'Object Repository/OMVA_Login_Page/Password_Textbox' is visible

2018-07-18 20:08:24 - [TEST_STEP][PASSED] - sendKeys: Keys 'romeo' sent to object: 'Object Repository/OMVA_Login_Page/Password_Textbox'

2018-07-18 20:08:24 - [MESSAGE][PASSED] - Keys 'romeo' sent to object: 'Object Repository/OMVA_Login_Page/Password_Textbox'

2018-07-18 20:08:24 - [TEST_STEP][PASSED] - click: Object: 'Object Repository/OMVA_Login_Page/Signin_Button' is clicked on

2018-07-18 20:08:25 - [MESSAGE][PASSED] - Object: 'Object Repository/OMVA_Login_Page/Signin_Button' is clicked on

2018-07-18 20:08:25 - [TEST_STEP][PASSED] - waitForAngularLoad: This page doesn't use Angular.

2018-07-18 20:08:25 - [MESSAGE][WARNING] - This page doesn't use Angular.

2018-07-18 20:08:25 - [TEST_STEP][PASSED] - Statement - greetingtext = com.kms.katalon.core.webui.keyword.WebUiBuiltInKeywords.getText(com.kms.katalon.core.testobject.ObjectRepository.findTestObject(OMVA_Landing_Page/Greeting_Label)): Text of object 'Object Repository/OMVA_Landing_Page/Greeting_Label' is: 'Good Evening, romeo'

2018-07-18 20:08:25 - [MESSAGE][PASSED] - Text of object 'Object Repository/OMVA_Landing_Page/Greeting_Label' is: 'Good Evening, romeo'

2018-07-18 20:08:25 - [TEST_STEP][PASSED] - verifyMatch: Actual text 'Good Evening, romeo' and expected text '\D*romeo' are matched  using regular expression

2018-07-18 20:08:25 - [MESSAGE][PASSED] - Actual text 'Good Evening, romeo' and expected text '\D*romeo' are matched  using regular expression

2018-07-18 20:08:25 - [MESSAGE][PASSED] - Call Test Case 'Test Cases/UserManagementTestCases/Login/Login_AllocSPOC' successfully

2018-07-18 20:08:25 - [TEST_STEP][PASSED] - delay: Delayed 5 second(s)

2018-07-18 20:08:30 - [MESSAGE][PASSED] - Delayed 5 second(s)

2018-07-18 20:08:30 - [TEST_STEP][PASSED] - waitForElementPresent: Object 'Object Repository/OMVA_Summary_Page/Customer_dropdown' is present

2018-07-18 20:08:30 - [MESSAGE][PASSED] - Object 'Object Repository/OMVA_Summary_Page/Customer_dropdown' is present

2018-07-18 20:08:30 - [TEST_STEP][PASSED] - click: Object: 'Object Repository/OMVA_Summary_Page/Customer_dropdown' is clicked on

2018-07-18 20:08:31 - [MESSAGE][PASSED] - Object: 'Object Repository/OMVA_Summary_Page/Customer_dropdown' is clicked on

2018-07-18 20:08:31 - [TEST_STEP][PASSED] - waitForElementPresent: Object 'Object Repository/OMVA_Summary_Page/Select_puregold' is present

2018-07-18 20:08:31 - [MESSAGE][PASSED] - Object 'Object Repository/OMVA_Summary_Page/Select_puregold' is present

2018-07-18 20:08:31 - [TEST_STEP][PASSED] - click: Object: 'Object Repository/OMVA_Summary_Page/Select_puregold' is clicked on

2018-07-18 20:08:31 - [MESSAGE][PASSED] - Object: 'Object Repository/OMVA_Summary_Page/Select_puregold' is clicked on

2018-07-18 20:08:31 - [TEST_STEP][PASSED] - click: Object: 'Object Repository/OMVA_Summary_Page/Customer_dropdown' is clicked on

2018-07-18 20:08:31 - [MESSAGE][PASSED] - Object: 'Object Repository/OMVA_Summary_Page/Customer_dropdown' is clicked on

2018-07-18 20:08:31 - [TEST_STEP][PASSED] - waitForElementPresent: Object 'Object Repository/OMVA_Landing_Page/Search_icon' is present

2018-07-18 20:08:31 - [MESSAGE][PASSED] - Object 'Object Repository/OMVA_Landing_Page/Search_icon' is present

2018-07-18 20:08:31 - [TEST_STEP][PASSED] - click: Object: 'Object Repository/OMVA_Landing_Page/Search_icon' is clicked on

2018-07-18 20:08:31 - [MESSAGE][PASSED] - Object: 'Object Repository/OMVA_Landing_Page/Search_icon' is clicked on

2018-07-18 20:08:31 - [TEST_STEP][PASSED] - delay: Delayed 5 second(s)

2018-07-18 20:08:36 - [MESSAGE][PASSED] - Delayed 5 second(s)

2018-07-18 20:08:36 - [TEST_STEP][PASSED] - waitForElementPresent: Object 'Object Repository/OMVA_Landing_Page/Type_Here' is present

2018-07-18 20:08:36 - [MESSAGE][PASSED] - Object 'Object Repository/OMVA_Landing_Page/Type_Here' is present

2018-07-18 20:08:36 - [TEST_STEP][PASSED] - sendKeys: Keys '' sent to object: 'Object Repository/OMVA_Landing_Page/Type_Here'

2018-07-18 20:08:37 - [MESSAGE][PASSED] - Keys '' sent to object: 'Object Repository/OMVA_Landing_Page/Type_Here'

2018-07-18 20:08:37 - [TEST_STEP][PASSED] - delay: Delayed 3 second(s)

2018-07-18 20:08:40 - [MESSAGE][PASSED] - Delayed 3 second(s)

2018-07-18 20:08:40 - [TEST_STEP][PASSED] - verifyElementPresent: Object 'Object Repository/OMVA_Summary_Page/SKUID_Completed' is present

2018-07-18 20:08:40 - [MESSAGE][PASSED] - Object 'Object Repository/OMVA_Summary_Page/SKUID_Completed' is present

2018-07-18 20:08:40 - [TEST_STEP][PASSED] - verifyElementPresent: Object 'Object Repository/OMVA_Summary_Page/TakeAction_Icon' is present

2018-07-18 20:08:40 - [MESSAGE][PASSED] - Object 'Object Repository/OMVA_Summary_Page/TakeAction_Icon' is present

2018-07-18 20:08:40 - [TEST_STEP][PASSED] - click: Object: 'Object Repository/OMVA_Summary_Page/TakeAction_Icon' is clicked on

2018-07-18 20:08:40 - [MESSAGE][PASSED] - Object: 'Object Repository/OMVA_Summary_Page/TakeAction_Icon' is clicked on

2018-07-18 20:08:40 - [TEST_STEP][PASSED] - delay: Delayed 5 second(s)

2018-07-18 20:08:45 - [MESSAGE][PASSED] - Delayed 5 second(s)

2018-07-18 20:08:45 - [TEST_STEP][PASSED] - waitForElementPresent: Object 'Object Repository/OMVA_Landing_Page/Search_icon' is present

2018-07-18 20:08:45 - [MESSAGE][PASSED] - Object 'Object Repository/OMVA_Landing_Page/Search_icon' is present

2018-07-18 20:08:45 - [TEST_STEP][PASSED] - click: Object: 'Object Repository/OMVA_Landing_Page/Search_icon' is clicked on

2018-07-18 20:08:45 - [MESSAGE][PASSED] - Object: 'Object Repository/OMVA_Landing_Page/Search_icon' is clicked on

2018-07-18 20:08:45 - [TEST_STEP][PASSED] - waitForElementPresent: Object 'Object Repository/OMVA_Landing_Page/Type_Here' is present

2018-07-18 20:08:45 - [MESSAGE][PASSED] - Object 'Object Repository/OMVA_Landing_Page/Type_Here' is present

2018-07-18 20:08:45 - [TEST_STEP][PASSED] - sendKeys: Keys '' sent to object: 'Object Repository/OMVA_Landing_Page/Type_Here'

2018-07-18 20:08:45 - [MESSAGE][PASSED] - Keys '' sent to object: 'Object Repository/OMVA_Landing_Page/Type_Here'

2018-07-18 20:08:45 - [TEST_STEP][PASSED] - verifyElementPresent: Object 'Object Repository/OMVA_Summary_Page/SKUID_OkToRefresh' is present

2018-07-18 20:08:46 - [MESSAGE][PASSED] - Object 'Object Repository/OMVA_Summary_Page/SKUID_OkToRefresh' is present

2018-07-18 20:08:46 - [TEST_STEP][PASSED] - closeBrowser: Browser is closed

2018-07-18 20:08:46 - [MESSAGE][PASSED] - Browser is closed]]></system-out>
         <system-err><![CDATA[]]></system-err>
      </testcase>
      <system-out><![CDATA[2018-07-18 20:04:19 - [TEST_SUITE][FAILED] - SummaryTestSuite: Test Cases/SummaryTestCases/AlocSpoc_Comment FAILED because (of) Unable to send keys 'romeo' to object 'Object Repository/OMVA_Login_Page/Username_Textbox' (Root cause: com.kms.katalon.core.webui.exception.WebElementNotFoundException: Web element with id: 'Object Repository/OMVA_Login_Page/Username_Textbox' located by 'By.xpath: //input[@id = 'userName' and @name = 'userName' and @type = 'text']' not found)]]></system-out>
      <system-err><![CDATA[2018-07-18 20:04:19 - [TEST_SUITE][FAILED] - SummaryTestSuite: Test Cases/SummaryTestCases/AlocSpoc_Comment FAILED because (of) Unable to send keys 'romeo' to object 'Object Repository/OMVA_Login_Page/Username_Textbox' (Root cause: com.kms.katalon.core.webui.exception.WebElementNotFoundException: Web element with id: 'Object Repository/OMVA_Login_Page/Username_Textbox' located by 'By.xpath: //input[@id = 'userName' and @name = 'userName' and @type = 'text']' not found)]]></system-err>
   </testsuite>
</testsuites>
