<?xml version="1.0" encoding="UTF-8"?>
<testsuites name="SummaryTestSuite" time="259" tests="0" failures="5" errors="0">
   <testsuite name="SummaryTestSuite" tests="0" failures="5" errors="0" time="259" timestamp="2018-08-08 12:17:41" hostname="703177791 - 703177791GDL.IND.CORP.AD" id="Test Suites/SummaryTestSuite">
      <properties>
         <property name="deviceName" value=""/>
         <property name="devicePlatform" value=""/>
         <property name="logFolder" value="D:\\P&amp;G Updated\\Automation-P&amp;G-Code-Base\\OMVA\\Reports\\SummaryTestSuite\\20180808_121738"/>
         <property name="logFiles" value="D:\\P&amp;G Updated\\Automation-P&amp;G-Code-Base\\OMVA\\Reports\\SummaryTestSuite\\20180808_121738\\execution0.log"/>
         <property name="attachments" value="D:\\P&amp;G Updated\\Automation-P&amp;G-Code-Base\\OMVA\\Reports\\SummaryTestSuite\\20180808_121738\\1533710919344.png, D:\\P&amp;G Updated\\Automation-P&amp;G-Code-Base\\OMVA\\Reports\\SummaryTestSuite\\20180808_121738\\1533710958769.png, D:\\P&amp;G Updated\\Automation-P&amp;G-Code-Base\\OMVA\\Reports\\SummaryTestSuite\\20180808_121738\\1533711006356.png, D:\\P&amp;G Updated\\Automation-P&amp;G-Code-Base\\OMVA\\Reports\\SummaryTestSuite\\20180808_121738\\1533711064518.png, D:\\P&amp;G Updated\\Automation-P&amp;G-Code-Base\\OMVA\\Reports\\SummaryTestSuite\\20180808_121738\\1533711119832.png"/>
         <property name="hostName" value="703177791 - 703177791GDL.IND.CORP.AD"/>
         <property name="os" value="Windows 10 64bit"/>
         <property name="katalonVersion" value="5.4.2.1"/>
         <property name="browser" value="Chrome 67.0.3396.62"/>
         <property name="hostAddress" value="192.168.34.81"/>
         <property name="sessionId" value="337eac7805dcfad6f9d9ebeb79d3198a"/>
         <property name="seleniumVersion" value="3.7.1"/>
         <property name="proxyInformation" value="ProxyInformation{proxyOption=NO_PROXY, proxyServerType=HTTP, password=, proxyServerAddress=, proxyServerPort=0}"/>
         <property name="platform" value="Windows 10"/>
      </properties>
      <testcase name="Test Cases/SummaryTestCases/MAL_Comment" classname="Test Cases/SummaryTestCases/MAL_Comment" status="FAILED">
         <failure type="FAILED" message="Unable to send keys 'angelica' to object 'Object Repository/OMVA_Login_Page/Password_Textbox' (Root cause: org.openqa.selenium.ElementNotVisibleException: element not visible
  (Session info: chrome=67.0.3396.62)
  (Driver info: chromedriver=2.35.528161 (5b82f2d2aae0ca24b877009200ced9065a772e73),platform=Windows NT 10.0.16299 x86_64) (WARNING: The server did not provide any stacktrace information)
Command duration or timeout: 0 milliseconds
Build info: version: '3.7.1', revision: '8a0099a', time: '2017-11-06T21:07:36.161Z'
System info: host: '703177791GDL', ip: '192.168.34.81', os.name: 'Windows 10', os.arch: 'amd64', os.version: '10.0', java.version: '1.8.0_102'
Driver info: com.kms.katalon.selenium.driver.CChromeDriver
Capabilities {acceptInsecureCerts: false, acceptSslCerts: false, applicationCacheEnabled: false, browserConnectionEnabled: false, browserName: chrome, chrome: {chromedriverVersion: 2.35.528161 (5b82f2d2aae0ca..., userDataDir: D:\Users\703177791\AppData\...}, cssSelectorsEnabled: true, databaseEnabled: false, handlesAlerts: true, hasTouchScreen: false, javascriptEnabled: true, locationContextEnabled: true, mobileEmulationEnabled: false, nativeEvents: true, networkConnectionEnabled: false, pageLoadStrategy: normal, platform: XP, platformName: XP, rotatable: false, setWindowRect: true, takesHeapSnapshot: true, takesScreenshot: true, unexpectedAlertBehaviour: , unhandledPromptBehavior: , version: 67.0.3396.62, webStorageEnabled: true}
Session ID: cf425e4a4150877f96e00e58509d4df2)"/>
         <system-out><![CDATA[2018-08-08 12:18:04 - [TEST_CASE][FAILED] - Test Cases/SummaryTestCases/MAL_Comment: Test Cases/SummaryTestCases/MAL_Comment FAILED because (of) Unable to send keys 'angelica' to object 'Object Repository/OMVA_Login_Page/Password_Textbox' (Root cause: org.openqa.selenium.ElementNotVisibleException: element not visible
  (Session info: chrome=67.0.3396.62)
  (Driver info: chromedriver=2.35.528161 (5b82f2d2aae0ca24b877009200ced9065a772e73),platform=Windows NT 10.0.16299 x86_64) (WARNING: The server did not provide any stacktrace information)
Command duration or timeout: 0 milliseconds
Build info: version: '3.7.1', revision: '8a0099a', time: '2017-11-06T21:07:36.161Z'
System info: host: '703177791GDL', ip: '192.168.34.81', os.name: 'Windows 10', os.arch: 'amd64', os.version: '10.0', java.version: '1.8.0_102'
Driver info: com.kms.katalon.selenium.driver.CChromeDriver
Capabilities {acceptInsecureCerts: false, acceptSslCerts: false, applicationCacheEnabled: false, browserConnectionEnabled: false, browserName: chrome, chrome: {chromedriverVersion: 2.35.528161 (5b82f2d2aae0ca..., userDataDir: D:\Users\703177791\AppData\...}, cssSelectorsEnabled: true, databaseEnabled: false, handlesAlerts: true, hasTouchScreen: false, javascriptEnabled: true, locationContextEnabled: true, mobileEmulationEnabled: false, nativeEvents: true, networkConnectionEnabled: false, pageLoadStrategy: normal, platform: XP, platformName: XP, rotatable: false, setWindowRect: true, takesHeapSnapshot: true, takesScreenshot: true, unexpectedAlertBehaviour: , unhandledPromptBehavior: , version: 67.0.3396.62, webStorageEnabled: true}
Session ID: cf425e4a4150877f96e00e58509d4df2)

2018-08-08 12:18:04 - [TEST_STEP][FAILED] - callTestCase: Unable to call Test Case with id 'Test Cases/UserManagementTestCases/Login/Login_MAL' (Root cause: Call Test Case 'Test Cases/UserManagementTestCases/Login/Login_MAL' failed)

2018-08-08 12:18:05 - [TEST_CASE][FAILED] - Test Cases/UserManagementTestCases/Login/Login_MAL: Test Cases/UserManagementTestCases/Login/Login_MAL FAILED because (of) Unable to send keys 'angelica' to object 'Object Repository/OMVA_Login_Page/Password_Textbox' (Root cause: org.openqa.selenium.ElementNotVisibleException: element not visible
  (Session info: chrome=67.0.3396.62)
  (Driver info: chromedriver=2.35.528161 (5b82f2d2aae0ca24b877009200ced9065a772e73),platform=Windows NT 10.0.16299 x86_64) (WARNING: The server did not provide any stacktrace information)
Command duration or timeout: 0 milliseconds
Build info: version: '3.7.1', revision: '8a0099a', time: '2017-11-06T21:07:36.161Z'
System info: host: '703177791GDL', ip: '192.168.34.81', os.name: 'Windows 10', os.arch: 'amd64', os.version: '10.0', java.version: '1.8.0_102'
Driver info: com.kms.katalon.selenium.driver.CChromeDriver
Capabilities {acceptInsecureCerts: false, acceptSslCerts: false, applicationCacheEnabled: false, browserConnectionEnabled: false, browserName: chrome, chrome: {chromedriverVersion: 2.35.528161 (5b82f2d2aae0ca..., userDataDir: D:\Users\703177791\AppData\...}, cssSelectorsEnabled: true, databaseEnabled: false, handlesAlerts: true, hasTouchScreen: false, javascriptEnabled: true, locationContextEnabled: true, mobileEmulationEnabled: false, nativeEvents: true, networkConnectionEnabled: false, pageLoadStrategy: normal, platform: XP, platformName: XP, rotatable: false, setWindowRect: true, takesHeapSnapshot: true, takesScreenshot: true, unexpectedAlertBehaviour: , unhandledPromptBehavior: , version: 67.0.3396.62, webStorageEnabled: true}
Session ID: cf425e4a4150877f96e00e58509d4df2)

2018-08-08 12:18:06 - [TEST_STEP][PASSED] - callTestCase: Call Test Case 'Test Cases/CommonTestcases/OpenBrowserandNavigateToQAURL' successfully

2018-08-08 12:18:06 - [TEST_CASE][PASSED] - Test Cases/CommonTestcases/OpenBrowserandNavigateToQAURL: Test Cases/CommonTestcases/OpenBrowserandNavigateToQAURL

2018-08-08 12:18:06 - [TEST_STEP][PASSED] - openBrowser: Browser is opened with url: ''

2018-08-08 12:18:12 - [MESSAGE][PASSED] - Browser is opened with url: ''

2018-08-08 12:18:12 - [TEST_STEP][PASSED] - navigateToUrl: Navigate to 'https://coa-demo-env.azurewebsites.net/da/index.html#/login' successfully

2018-08-08 12:18:16 - [MESSAGE][PASSED] - Navigate to 'https://coa-demo-env.azurewebsites.net/da/index.html#/login' successfully

2018-08-08 12:18:16 - [TEST_STEP][PASSED] - maximizeWindow: Current window maximized

2018-08-08 12:18:17 - [MESSAGE][PASSED] - Current window maximized

2018-08-08 12:18:17 - [MESSAGE][PASSED] - Call Test Case 'Test Cases/CommonTestcases/OpenBrowserandNavigateToQAURL' successfully

2018-08-08 12:18:17 - [TEST_STEP][PASSED] - waitForElementVisible: Object 'Object Repository/OMVA_Login_Page/Password_Textbox' is not visible after 10 second(s)

2018-08-08 12:18:28 - [MESSAGE][WARNING] - Object 'Object Repository/OMVA_Login_Page/Password_Textbox' is not visible after 10 second(s)

2018-08-08 12:18:28 - [TEST_STEP][PASSED] - sendKeys: Keys 'angelica' sent to object: 'Object Repository/OMVA_Login_Page/Username_Textbox'

2018-08-08 12:18:28 - [MESSAGE][PASSED] - Keys 'angelica' sent to object: 'Object Repository/OMVA_Login_Page/Username_Textbox'

2018-08-08 12:18:28 - [TEST_STEP][PASSED] - click: Object: 'Object Repository/OMVA_Login_Page/Next_Button' is clicked on

2018-08-08 12:18:28 - [MESSAGE][PASSED] - Object: 'Object Repository/OMVA_Login_Page/Next_Button' is clicked on

2018-08-08 12:18:28 - [TEST_STEP][PASSED] - waitForElementVisible: Object 'Object Repository/OMVA_Login_Page/Password_Textbox' is not visible after 10 second(s)

2018-08-08 12:18:39 - [MESSAGE][WARNING] - Object 'Object Repository/OMVA_Login_Page/Password_Textbox' is not visible after 10 second(s)

2018-08-08 12:18:39 - [TEST_STEP][FAILED] - sendKeys: Unable to send keys 'angelica' to object 'Object Repository/OMVA_Login_Page/Password_Textbox' (Root cause: org.openqa.selenium.ElementNotVisibleException: element not visible
  (Session info: chrome=67.0.3396.62)
  (Driver info: chromedriver=2.35.528161 (5b82f2d2aae0ca24b877009200ced9065a772e73),platform=Windows NT 10.0.16299 x86_64) (WARNING: The server did not provide any stacktrace information)
Command duration or timeout: 0 milliseconds
Build info: version: '3.7.1', revision: '8a0099a', time: '2017-11-06T21:07:36.161Z'
System info: host: '703177791GDL', ip: '192.168.34.81', os.name: 'Windows 10', os.arch: 'amd64', os.version: '10.0', java.version: '1.8.0_102'
Driver info: com.kms.katalon.selenium.driver.CChromeDriver
Capabilities {acceptInsecureCerts: false, acceptSslCerts: false, applicationCacheEnabled: false, browserConnectionEnabled: false, browserName: chrome, chrome: {chromedriverVersion: 2.35.528161 (5b82f2d2aae0ca..., userDataDir: D:\Users\703177791\AppData\...}, cssSelectorsEnabled: true, databaseEnabled: false, handlesAlerts: true, hasTouchScreen: false, javascriptEnabled: true, locationContextEnabled: true, mobileEmulationEnabled: false, nativeEvents: true, networkConnectionEnabled: false, pageLoadStrategy: normal, platform: XP, platformName: XP, rotatable: false, setWindowRect: true, takesHeapSnapshot: true, takesScreenshot: true, unexpectedAlertBehaviour: , unhandledPromptBehavior: , version: 67.0.3396.62, webStorageEnabled: true}
Session ID: cf425e4a4150877f96e00e58509d4df2)

2018-08-08 12:18:39 - [MESSAGE][FAILED] - Unable to send keys 'angelica' to object 'Object Repository/OMVA_Login_Page/Password_Textbox' (Root cause: org.openqa.selenium.ElementNotVisibleException: element not visible
  (Session info: chrome=67.0.3396.62)
  (Driver info: chromedriver=2.35.528161 (5b82f2d2aae0ca24b877009200ced9065a772e73),platform=Windows NT 10.0.16299 x86_64) (WARNING: The server did not provide any stacktrace information)
Command duration or timeout: 0 milliseconds
Build info: version: '3.7.1', revision: '8a0099a', time: '2017-11-06T21:07:36.161Z'
System info: host: '703177791GDL', ip: '192.168.34.81', os.name: 'Windows 10', os.arch: 'amd64', os.version: '10.0', java.version: '1.8.0_102'
Driver info: com.kms.katalon.selenium.driver.CChromeDriver
Capabilities {acceptInsecureCerts: false, acceptSslCerts: false, applicationCacheEnabled: false, browserConnectionEnabled: false, browserName: chrome, chrome: {chromedriverVersion: 2.35.528161 (5b82f2d2aae0ca..., userDataDir: D:\Users\703177791\AppData\...}, cssSelectorsEnabled: true, databaseEnabled: false, handlesAlerts: true, hasTouchScreen: false, javascriptEnabled: true, locationContextEnabled: true, mobileEmulationEnabled: false, nativeEvents: true, networkConnectionEnabled: false, pageLoadStrategy: normal, platform: XP, platformName: XP, rotatable: false, setWindowRect: true, takesHeapSnapshot: true, takesScreenshot: true, unexpectedAlertBehaviour: , unhandledPromptBehavior: , version: 67.0.3396.62, webStorageEnabled: true}
Session ID: cf425e4a4150877f96e00e58509d4df2)
[[ATTACHMENT|D:\\P&G Updated\\Automation-P&G-Code-Base\\OMVA\\Reports\\SummaryTestSuite\\20180808_121738\\1533710919344.png]]

2018-08-08 12:18:39 - [MESSAGE][FAILED] - Unable to call Test Case with id 'Test Cases/UserManagementTestCases/Login/Login_MAL' (Root cause: Call Test Case 'Test Cases/UserManagementTestCases/Login/Login_MAL' failed)]]></system-out>
         <system-err><![CDATA[2018-08-08 12:18:04 - [TEST_CASE][FAILED] - Test Cases/SummaryTestCases/MAL_Comment: Test Cases/SummaryTestCases/MAL_Comment FAILED because (of) Unable to send keys 'angelica' to object 'Object Repository/OMVA_Login_Page/Password_Textbox' (Root cause: org.openqa.selenium.ElementNotVisibleException: element not visible
  (Session info: chrome=67.0.3396.62)
  (Driver info: chromedriver=2.35.528161 (5b82f2d2aae0ca24b877009200ced9065a772e73),platform=Windows NT 10.0.16299 x86_64) (WARNING: The server did not provide any stacktrace information)
Command duration or timeout: 0 milliseconds
Build info: version: '3.7.1', revision: '8a0099a', time: '2017-11-06T21:07:36.161Z'
System info: host: '703177791GDL', ip: '192.168.34.81', os.name: 'Windows 10', os.arch: 'amd64', os.version: '10.0', java.version: '1.8.0_102'
Driver info: com.kms.katalon.selenium.driver.CChromeDriver
Capabilities {acceptInsecureCerts: false, acceptSslCerts: false, applicationCacheEnabled: false, browserConnectionEnabled: false, browserName: chrome, chrome: {chromedriverVersion: 2.35.528161 (5b82f2d2aae0ca..., userDataDir: D:\Users\703177791\AppData\...}, cssSelectorsEnabled: true, databaseEnabled: false, handlesAlerts: true, hasTouchScreen: false, javascriptEnabled: true, locationContextEnabled: true, mobileEmulationEnabled: false, nativeEvents: true, networkConnectionEnabled: false, pageLoadStrategy: normal, platform: XP, platformName: XP, rotatable: false, setWindowRect: true, takesHeapSnapshot: true, takesScreenshot: true, unexpectedAlertBehaviour: , unhandledPromptBehavior: , version: 67.0.3396.62, webStorageEnabled: true}
Session ID: cf425e4a4150877f96e00e58509d4df2)]]></system-err>
      </testcase>
      <testcase name="Test Cases/SummaryTestCases/MSP_Comment" classname="Test Cases/SummaryTestCases/MSP_Comment" status="FAILED">
         <failure type="FAILED" message="Unable to get text of object 'Object Repository/OMVA_Landing_Page/Greeting_Label' (Root cause: com.kms.katalon.core.webui.exception.WebElementNotFoundException: Web element with id: 'Object Repository/OMVA_Landing_Page/Greeting_Label' located by 'By.xpath: id(&quot;mainDiv&quot;)/headercomponents[1]/header[@class=&quot;navbar navbar-default navbar-fixed-top top_header&quot;]/div[@class=&quot;col-md-5 hidden-xs&quot;]/p[@class=&quot;greeting&quot;]' not found)"/>
         <system-out><![CDATA[2018-08-08 12:18:39 - [TEST_CASE][FAILED] - Test Cases/SummaryTestCases/MSP_Comment: Test Cases/SummaryTestCases/MSP_Comment FAILED because (of) Unable to get text of object 'Object Repository/OMVA_Landing_Page/Greeting_Label' (Root cause: com.kms.katalon.core.webui.exception.WebElementNotFoundException: Web element with id: 'Object Repository/OMVA_Landing_Page/Greeting_Label' located by 'By.xpath: id("mainDiv")/headercomponents[1]/header[@class="navbar navbar-default navbar-fixed-top top_header"]/div[@class="col-md-5 hidden-xs"]/p[@class="greeting"]' not found)

2018-08-08 12:18:40 - [TEST_STEP][FAILED] - callTestCase: Unable to call Test Case with id 'Test Cases/UserManagementTestCases/Login/Login_ChannelMSP' (Root cause: Call Test Case 'Test Cases/UserManagementTestCases/Login/Login_ChannelMSP' failed)

2018-08-08 12:18:40 - [TEST_CASE][FAILED] - Test Cases/UserManagementTestCases/Login/Login_ChannelMSP: Test Cases/UserManagementTestCases/Login/Login_ChannelMSP FAILED because (of) Unable to get text of object 'Object Repository/OMVA_Landing_Page/Greeting_Label' (Root cause: com.kms.katalon.core.webui.exception.WebElementNotFoundException: Web element with id: 'Object Repository/OMVA_Landing_Page/Greeting_Label' located by 'By.xpath: id("mainDiv")/headercomponents[1]/header[@class="navbar navbar-default navbar-fixed-top top_header"]/div[@class="col-md-5 hidden-xs"]/p[@class="greeting"]' not found)

2018-08-08 12:18:40 - [TEST_STEP][PASSED] - callTestCase: Call Test Case 'Test Cases/CommonTestcases/OpenBrowserandNavigateToQAURL' successfully

2018-08-08 12:18:40 - [TEST_CASE][PASSED] - Test Cases/CommonTestcases/OpenBrowserandNavigateToQAURL: Test Cases/CommonTestcases/OpenBrowserandNavigateToQAURL

2018-08-08 12:18:40 - [TEST_STEP][PASSED] - openBrowser: Browser is opened with url: ''

2018-08-08 12:18:40 - [MESSAGE][WARNING] - A browser is already opened. Closing browser and opening a new one

2018-08-08 12:18:44 - [MESSAGE][PASSED] - Browser is opened with url: ''

2018-08-08 12:18:44 - [TEST_STEP][PASSED] - navigateToUrl: Navigate to 'https://coa-demo-env.azurewebsites.net/da/index.html#/login' successfully

2018-08-08 12:18:48 - [MESSAGE][PASSED] - Navigate to 'https://coa-demo-env.azurewebsites.net/da/index.html#/login' successfully

2018-08-08 12:18:48 - [TEST_STEP][PASSED] - maximizeWindow: Current window maximized

2018-08-08 12:18:49 - [MESSAGE][PASSED] - Current window maximized

2018-08-08 12:18:49 - [MESSAGE][PASSED] - Call Test Case 'Test Cases/CommonTestcases/OpenBrowserandNavigateToQAURL' successfully

2018-08-08 12:18:49 - [TEST_STEP][PASSED] - waitForElementVisible: Object 'Object Repository/OMVA_Login_Page/Password_Textbox' is not visible after 10 second(s)

2018-08-08 12:18:59 - [MESSAGE][WARNING] - Object 'Object Repository/OMVA_Login_Page/Password_Textbox' is not visible after 10 second(s)

2018-08-08 12:18:59 - [TEST_STEP][PASSED] - sendKeys: Keys 'nicole' sent to object: 'Object Repository/OMVA_Login_Page/Username_Textbox'

2018-08-08 12:19:00 - [MESSAGE][PASSED] - Keys 'nicole' sent to object: 'Object Repository/OMVA_Login_Page/Username_Textbox'

2018-08-08 12:19:00 - [TEST_STEP][PASSED] - click: Object: 'Object Repository/OMVA_Login_Page/Next_Button' is clicked on

2018-08-08 12:19:00 - [MESSAGE][PASSED] - Object: 'Object Repository/OMVA_Login_Page/Next_Button' is clicked on

2018-08-08 12:19:00 - [TEST_STEP][PASSED] - waitForElementVisible: Object 'Object Repository/OMVA_Login_Page/Password_Textbox' is visible

2018-08-08 12:19:01 - [MESSAGE][PASSED] - Object 'Object Repository/OMVA_Login_Page/Password_Textbox' is visible

2018-08-08 12:19:01 - [TEST_STEP][PASSED] - sendKeys: Keys 'nicole' sent to object: 'Object Repository/OMVA_Login_Page/Password_Textbox'

2018-08-08 12:19:01 - [MESSAGE][PASSED] - Keys 'nicole' sent to object: 'Object Repository/OMVA_Login_Page/Password_Textbox'

2018-08-08 12:19:01 - [TEST_STEP][PASSED] - click: Object: 'Object Repository/OMVA_Login_Page/Signin_Button' is clicked on

2018-08-08 12:19:01 - [MESSAGE][PASSED] - Object: 'Object Repository/OMVA_Login_Page/Signin_Button' is clicked on

2018-08-08 12:19:01 - [TEST_STEP][PASSED] - waitForAngularLoad: This page doesn't use Angular.

2018-08-08 12:19:01 - [MESSAGE][WARNING] - This page doesn't use Angular.

2018-08-08 12:19:01 - [TEST_STEP][FAILED] - Statement - greetingtext = com.kms.katalon.core.webui.keyword.WebUiBuiltInKeywords.getText(com.kms.katalon.core.testobject.ObjectRepository.findTestObject(OMVA_Landing_Page/Greeting_Label)): Unable to get text of object 'Object Repository/OMVA_Landing_Page/Greeting_Label' (Root cause: com.kms.katalon.core.webui.exception.WebElementNotFoundException: Web element with id: 'Object Repository/OMVA_Landing_Page/Greeting_Label' located by 'By.xpath: id("mainDiv")/headercomponents[1]/header[@class="navbar navbar-default navbar-fixed-top top_header"]/div[@class="col-md-5 hidden-xs"]/p[@class="greeting"]' not found)

2018-08-08 12:19:19 - [MESSAGE][FAILED] - Unable to get text of object 'Object Repository/OMVA_Landing_Page/Greeting_Label' (Root cause: com.kms.katalon.core.webui.exception.WebElementNotFoundException: Web element with id: 'Object Repository/OMVA_Landing_Page/Greeting_Label' located by 'By.xpath: id("mainDiv")/headercomponents[1]/header[@class="navbar navbar-default navbar-fixed-top top_header"]/div[@class="col-md-5 hidden-xs"]/p[@class="greeting"]' not found)
[[ATTACHMENT|D:\\P&G Updated\\Automation-P&G-Code-Base\\OMVA\\Reports\\SummaryTestSuite\\20180808_121738\\1533710958769.png]]

2018-08-08 12:19:19 - [MESSAGE][FAILED] - Unable to call Test Case with id 'Test Cases/UserManagementTestCases/Login/Login_ChannelMSP' (Root cause: Call Test Case 'Test Cases/UserManagementTestCases/Login/Login_ChannelMSP' failed)]]></system-out>
         <system-err><![CDATA[2018-08-08 12:18:39 - [TEST_CASE][FAILED] - Test Cases/SummaryTestCases/MSP_Comment: Test Cases/SummaryTestCases/MSP_Comment FAILED because (of) Unable to get text of object 'Object Repository/OMVA_Landing_Page/Greeting_Label' (Root cause: com.kms.katalon.core.webui.exception.WebElementNotFoundException: Web element with id: 'Object Repository/OMVA_Landing_Page/Greeting_Label' located by 'By.xpath: id("mainDiv")/headercomponents[1]/header[@class="navbar navbar-default navbar-fixed-top top_header"]/div[@class="col-md-5 hidden-xs"]/p[@class="greeting"]' not found)]]></system-err>
      </testcase>
      <testcase name="Test Cases/SummaryTestCases/AlocSpoc_Comment" classname="Test Cases/SummaryTestCases/AlocSpoc_Comment" status="FAILED">
         <failure type="FAILED" message="Unable to click on object 'Object Repository/OMVA_Summary_Page/AddComment_Icon' (Root cause: com.kms.katalon.core.webui.exception.WebElementNotFoundException: Web element with id: 'Object Repository/OMVA_Summary_Page/AddComment_Icon' located by 'By.xpath: (//span[@class='addChat'])[1]' not found)"/>
         <system-out><![CDATA[2018-08-08 12:19:19 - [TEST_CASE][FAILED] - Test Cases/SummaryTestCases/AlocSpoc_Comment: Test Cases/SummaryTestCases/AlocSpoc_Comment FAILED because (of) Unable to click on object 'Object Repository/OMVA_Summary_Page/AddComment_Icon' (Root cause: com.kms.katalon.core.webui.exception.WebElementNotFoundException: Web element with id: 'Object Repository/OMVA_Summary_Page/AddComment_Icon' located by 'By.xpath: (//span[@class='addChat'])[1]' not found)

2018-08-08 12:19:20 - [TEST_STEP][PASSED] - callTestCase: Call Test Case 'Test Cases/UserManagementTestCases/Login/Login_AllocSPOC' successfully

2018-08-08 12:19:20 - [TEST_CASE][PASSED] - Test Cases/UserManagementTestCases/Login/Login_AllocSPOC: Test Cases/UserManagementTestCases/Login/Login_AllocSPOC

2018-08-08 12:19:20 - [TEST_STEP][PASSED] - callTestCase: Call Test Case 'Test Cases/CommonTestcases/OpenBrowserandNavigateToQAURL' successfully

2018-08-08 12:19:20 - [TEST_CASE][PASSED] - Test Cases/CommonTestcases/OpenBrowserandNavigateToQAURL: Test Cases/CommonTestcases/OpenBrowserandNavigateToQAURL

2018-08-08 12:19:20 - [TEST_STEP][PASSED] - openBrowser: Browser is opened with url: ''

2018-08-08 12:19:20 - [MESSAGE][WARNING] - A browser is already opened. Closing browser and opening a new one

2018-08-08 12:19:24 - [MESSAGE][PASSED] - Browser is opened with url: ''

2018-08-08 12:19:24 - [TEST_STEP][PASSED] - navigateToUrl: Navigate to 'https://coa-demo-env.azurewebsites.net/da/index.html#/login' successfully

2018-08-08 12:19:28 - [MESSAGE][PASSED] - Navigate to 'https://coa-demo-env.azurewebsites.net/da/index.html#/login' successfully

2018-08-08 12:19:28 - [TEST_STEP][PASSED] - maximizeWindow: Current window maximized

2018-08-08 12:19:30 - [MESSAGE][PASSED] - Current window maximized

2018-08-08 12:19:30 - [MESSAGE][PASSED] - Call Test Case 'Test Cases/CommonTestcases/OpenBrowserandNavigateToQAURL' successfully

2018-08-08 12:19:30 - [TEST_STEP][PASSED] - waitForElementVisible: Object 'Object Repository/OMVA_Login_Page/Password_Textbox' is not visible after 10 second(s)

2018-08-08 12:19:40 - [MESSAGE][WARNING] - Object 'Object Repository/OMVA_Login_Page/Password_Textbox' is not visible after 10 second(s)

2018-08-08 12:19:40 - [TEST_STEP][PASSED] - sendKeys: Keys 'romeo' sent to object: 'Object Repository/OMVA_Login_Page/Username_Textbox'

2018-08-08 12:19:40 - [MESSAGE][PASSED] - Keys 'romeo' sent to object: 'Object Repository/OMVA_Login_Page/Username_Textbox'

2018-08-08 12:19:40 - [TEST_STEP][PASSED] - click: Object: 'Object Repository/OMVA_Login_Page/Next_Button' is clicked on

2018-08-08 12:19:40 - [MESSAGE][PASSED] - Object: 'Object Repository/OMVA_Login_Page/Next_Button' is clicked on

2018-08-08 12:19:40 - [TEST_STEP][PASSED] - waitForElementVisible: Object 'Object Repository/OMVA_Login_Page/Password_Textbox' is visible

2018-08-08 12:19:41 - [MESSAGE][PASSED] - Object 'Object Repository/OMVA_Login_Page/Password_Textbox' is visible

2018-08-08 12:19:41 - [TEST_STEP][PASSED] - sendKeys: Keys 'romeo' sent to object: 'Object Repository/OMVA_Login_Page/Password_Textbox'

2018-08-08 12:19:41 - [MESSAGE][PASSED] - Keys 'romeo' sent to object: 'Object Repository/OMVA_Login_Page/Password_Textbox'

2018-08-08 12:19:41 - [TEST_STEP][PASSED] - click: Object: 'Object Repository/OMVA_Login_Page/Signin_Button' is clicked on

2018-08-08 12:19:42 - [MESSAGE][PASSED] - Object: 'Object Repository/OMVA_Login_Page/Signin_Button' is clicked on

2018-08-08 12:19:42 - [TEST_STEP][PASSED] - waitForAngularLoad: This page doesn't use Angular.

2018-08-08 12:19:42 - [MESSAGE][WARNING] - This page doesn't use Angular.

2018-08-08 12:19:42 - [TEST_STEP][PASSED] - Statement - greetingtext = com.kms.katalon.core.webui.keyword.WebUiBuiltInKeywords.getText(com.kms.katalon.core.testobject.ObjectRepository.findTestObject(OMVA_Landing_Page/Greeting_Label)): Text of object 'Object Repository/OMVA_Landing_Page/Greeting_Label' is: 'Good Afternoon, romeo'

2018-08-08 12:19:43 - [MESSAGE][PASSED] - Text of object 'Object Repository/OMVA_Landing_Page/Greeting_Label' is: 'Good Afternoon, romeo'

2018-08-08 12:19:43 - [TEST_STEP][PASSED] - verifyMatch: Actual text 'Good Afternoon, romeo' and expected text '\D*romeo' are matched  using regular expression

2018-08-08 12:19:43 - [MESSAGE][PASSED] - Actual text 'Good Afternoon, romeo' and expected text '\D*romeo' are matched  using regular expression

2018-08-08 12:19:43 - [MESSAGE][PASSED] - Call Test Case 'Test Cases/UserManagementTestCases/Login/Login_AllocSPOC' successfully

2018-08-08 12:19:43 - [TEST_STEP][PASSED] - waitForElementPresent: Object 'Object Repository/OMVA_Summary_Page/AddComment_Icon' is not present after 5 second(s)

2018-08-08 12:19:49 - [MESSAGE][WARNING] - Object 'Object Repository/OMVA_Summary_Page/AddComment_Icon' is not present after 5 second(s)

2018-08-08 12:19:49 - [TEST_STEP][FAILED] - click: Unable to click on object 'Object Repository/OMVA_Summary_Page/AddComment_Icon' (Root cause: com.kms.katalon.core.webui.exception.WebElementNotFoundException: Web element with id: 'Object Repository/OMVA_Summary_Page/AddComment_Icon' located by 'By.xpath: (//span[@class='addChat'])[1]' not found)

2018-08-08 12:20:06 - [MESSAGE][FAILED] - Unable to click on object 'Object Repository/OMVA_Summary_Page/AddComment_Icon' (Root cause: com.kms.katalon.core.webui.exception.WebElementNotFoundException: Web element with id: 'Object Repository/OMVA_Summary_Page/AddComment_Icon' located by 'By.xpath: (//span[@class='addChat'])[1]' not found)
[[ATTACHMENT|D:\\P&G Updated\\Automation-P&G-Code-Base\\OMVA\\Reports\\SummaryTestSuite\\20180808_121738\\1533711006356.png]]]]></system-out>
         <system-err><![CDATA[2018-08-08 12:19:19 - [TEST_CASE][FAILED] - Test Cases/SummaryTestCases/AlocSpoc_Comment: Test Cases/SummaryTestCases/AlocSpoc_Comment FAILED because (of) Unable to click on object 'Object Repository/OMVA_Summary_Page/AddComment_Icon' (Root cause: com.kms.katalon.core.webui.exception.WebElementNotFoundException: Web element with id: 'Object Repository/OMVA_Summary_Page/AddComment_Icon' located by 'By.xpath: (//span[@class='addChat'])[1]' not found)]]></system-err>
      </testcase>
      <testcase name="Test Cases/SummaryTestCases/Status_Completed" classname="Test Cases/SummaryTestCases/Status_Completed" status="FAILED">
         <failure type="FAILED" message="Unable to click on object 'Object Repository/OMVA_Summary_Page/Select_puregold' (Root cause: com.kms.katalon.core.webui.exception.WebElementNotFoundException: Web element with id: 'Object Repository/OMVA_Summary_Page/Select_puregold' located by 'By.xpath: //div[@class='dropdown-menu filter-select']/ul/li[1]/label[@for='0_catchecked']' not found)"/>
         <system-out><![CDATA[2018-08-08 12:20:06 - [TEST_CASE][FAILED] - Test Cases/SummaryTestCases/Status_Completed: Test Cases/SummaryTestCases/Status_Completed FAILED because (of) Unable to click on object 'Object Repository/OMVA_Summary_Page/Select_puregold' (Root cause: com.kms.katalon.core.webui.exception.WebElementNotFoundException: Web element with id: 'Object Repository/OMVA_Summary_Page/Select_puregold' located by 'By.xpath: //div[@class='dropdown-menu filter-select']/ul/li[1]/label[@for='0_catchecked']' not found)

2018-08-08 12:20:07 - [TEST_STEP][PASSED] - callTestCase: Call Test Case 'Test Cases/UserManagementTestCases/Login/Login_MAL' successfully

2018-08-08 12:20:07 - [TEST_CASE][PASSED] - Test Cases/UserManagementTestCases/Login/Login_MAL: Test Cases/UserManagementTestCases/Login/Login_MAL

2018-08-08 12:20:07 - [TEST_STEP][PASSED] - callTestCase: Call Test Case 'Test Cases/CommonTestcases/OpenBrowserandNavigateToQAURL' successfully

2018-08-08 12:20:07 - [TEST_CASE][PASSED] - Test Cases/CommonTestcases/OpenBrowserandNavigateToQAURL: Test Cases/CommonTestcases/OpenBrowserandNavigateToQAURL

2018-08-08 12:20:07 - [TEST_STEP][PASSED] - openBrowser: Browser is opened with url: ''

2018-08-08 12:20:07 - [MESSAGE][WARNING] - A browser is already opened. Closing browser and opening a new one

2018-08-08 12:20:10 - [MESSAGE][PASSED] - Browser is opened with url: ''

2018-08-08 12:20:10 - [TEST_STEP][PASSED] - navigateToUrl: Navigate to 'https://coa-demo-env.azurewebsites.net/da/index.html#/login' successfully

2018-08-08 12:20:14 - [MESSAGE][PASSED] - Navigate to 'https://coa-demo-env.azurewebsites.net/da/index.html#/login' successfully

2018-08-08 12:20:14 - [TEST_STEP][PASSED] - maximizeWindow: Current window maximized

2018-08-08 12:20:24 - [MESSAGE][PASSED] - Current window maximized

2018-08-08 12:20:24 - [MESSAGE][PASSED] - Call Test Case 'Test Cases/CommonTestcases/OpenBrowserandNavigateToQAURL' successfully

2018-08-08 12:20:24 - [TEST_STEP][PASSED] - waitForElementVisible: Object 'Object Repository/OMVA_Login_Page/Password_Textbox' is not visible after 10 second(s)

2018-08-08 12:20:35 - [MESSAGE][WARNING] - Object 'Object Repository/OMVA_Login_Page/Password_Textbox' is not visible after 10 second(s)

2018-08-08 12:20:35 - [TEST_STEP][PASSED] - sendKeys: Keys 'angelica' sent to object: 'Object Repository/OMVA_Login_Page/Username_Textbox'

2018-08-08 12:20:35 - [MESSAGE][PASSED] - Keys 'angelica' sent to object: 'Object Repository/OMVA_Login_Page/Username_Textbox'

2018-08-08 12:20:35 - [TEST_STEP][PASSED] - click: Object: 'Object Repository/OMVA_Login_Page/Next_Button' is clicked on

2018-08-08 12:20:35 - [MESSAGE][PASSED] - Object: 'Object Repository/OMVA_Login_Page/Next_Button' is clicked on

2018-08-08 12:20:35 - [TEST_STEP][PASSED] - waitForElementVisible: Object 'Object Repository/OMVA_Login_Page/Password_Textbox' is visible

2018-08-08 12:20:36 - [MESSAGE][PASSED] - Object 'Object Repository/OMVA_Login_Page/Password_Textbox' is visible

2018-08-08 12:20:36 - [TEST_STEP][PASSED] - sendKeys: Keys 'angelica' sent to object: 'Object Repository/OMVA_Login_Page/Password_Textbox'

2018-08-08 12:20:36 - [MESSAGE][PASSED] - Keys 'angelica' sent to object: 'Object Repository/OMVA_Login_Page/Password_Textbox'

2018-08-08 12:20:36 - [TEST_STEP][PASSED] - click: Object: 'Object Repository/OMVA_Login_Page/Signin_Button' is clicked on

2018-08-08 12:20:37 - [MESSAGE][PASSED] - Object: 'Object Repository/OMVA_Login_Page/Signin_Button' is clicked on

2018-08-08 12:20:37 - [TEST_STEP][PASSED] - waitForAngularLoad: This page doesn't use Angular.

2018-08-08 12:20:37 - [MESSAGE][WARNING] - This page doesn't use Angular.

2018-08-08 12:20:37 - [TEST_STEP][PASSED] - Statement - greetingtext = com.kms.katalon.core.webui.keyword.WebUiBuiltInKeywords.getText(com.kms.katalon.core.testobject.ObjectRepository.findTestObject(OMVA_Landing_Page/Greeting_Label)): Text of object 'Object Repository/OMVA_Landing_Page/Greeting_Label' is: 'Good Afternoon, angelica'

2018-08-08 12:20:38 - [MESSAGE][PASSED] - Text of object 'Object Repository/OMVA_Landing_Page/Greeting_Label' is: 'Good Afternoon, angelica'

2018-08-08 12:20:38 - [TEST_STEP][PASSED] - verifyMatch: Actual text 'Good Afternoon, angelica' and expected text '\D*angelica' are matched  using regular expression

2018-08-08 12:20:38 - [MESSAGE][PASSED] - Actual text 'Good Afternoon, angelica' and expected text '\D*angelica' are matched  using regular expression

2018-08-08 12:20:38 - [MESSAGE][PASSED] - Call Test Case 'Test Cases/UserManagementTestCases/Login/Login_MAL' successfully

2018-08-08 12:20:38 - [TEST_STEP][PASSED] - waitForElementPresent: Object 'Object Repository/OMVA_Landing_Page/Summary_Logo' is present

2018-08-08 12:20:38 - [MESSAGE][PASSED] - Object 'Object Repository/OMVA_Landing_Page/Summary_Logo' is present

2018-08-08 12:20:38 - [TEST_STEP][PASSED] - delay: Delayed 3 second(s)

2018-08-08 12:20:41 - [MESSAGE][PASSED] - Delayed 3 second(s)

2018-08-08 12:20:41 - [TEST_STEP][PASSED] - click: Object: 'Object Repository/OMVA_Landing_Page/Summary_Logo' is clicked on

2018-08-08 12:20:42 - [MESSAGE][PASSED] - Object: 'Object Repository/OMVA_Landing_Page/Summary_Logo' is clicked on

2018-08-08 12:20:42 - [TEST_STEP][PASSED] - delay: Delayed 5 second(s)

2018-08-08 12:20:47 - [MESSAGE][PASSED] - Delayed 5 second(s)

2018-08-08 12:20:47 - [TEST_STEP][PASSED] - waitForElementPresent: Object 'Object Repository/OMVA_Summary_Page/Customer_dropdown' is present

2018-08-08 12:20:47 - [MESSAGE][PASSED] - Object 'Object Repository/OMVA_Summary_Page/Customer_dropdown' is present

2018-08-08 12:20:47 - [TEST_STEP][PASSED] - click: Object: 'Object Repository/OMVA_Summary_Page/Customer_dropdown' is clicked on

2018-08-08 12:20:47 - [MESSAGE][PASSED] - Object: 'Object Repository/OMVA_Summary_Page/Customer_dropdown' is clicked on

2018-08-08 12:20:47 - [TEST_STEP][PASSED] - waitForElementPresent: Object 'Object Repository/OMVA_Summary_Page/Customer_dropdown' is present

2018-08-08 12:20:47 - [MESSAGE][PASSED] - Object 'Object Repository/OMVA_Summary_Page/Customer_dropdown' is present

2018-08-08 12:20:47 - [TEST_STEP][FAILED] - click: Unable to click on object 'Object Repository/OMVA_Summary_Page/Select_puregold' (Root cause: com.kms.katalon.core.webui.exception.WebElementNotFoundException: Web element with id: 'Object Repository/OMVA_Summary_Page/Select_puregold' located by 'By.xpath: //div[@class='dropdown-menu filter-select']/ul/li[1]/label[@for='0_catchecked']' not found)

2018-08-08 12:21:04 - [MESSAGE][FAILED] - Unable to click on object 'Object Repository/OMVA_Summary_Page/Select_puregold' (Root cause: com.kms.katalon.core.webui.exception.WebElementNotFoundException: Web element with id: 'Object Repository/OMVA_Summary_Page/Select_puregold' located by 'By.xpath: //div[@class='dropdown-menu filter-select']/ul/li[1]/label[@for='0_catchecked']' not found)
[[ATTACHMENT|D:\\P&G Updated\\Automation-P&G-Code-Base\\OMVA\\Reports\\SummaryTestSuite\\20180808_121738\\1533711064518.png]]]]></system-out>
         <system-err><![CDATA[2018-08-08 12:20:06 - [TEST_CASE][FAILED] - Test Cases/SummaryTestCases/Status_Completed: Test Cases/SummaryTestCases/Status_Completed FAILED because (of) Unable to click on object 'Object Repository/OMVA_Summary_Page/Select_puregold' (Root cause: com.kms.katalon.core.webui.exception.WebElementNotFoundException: Web element with id: 'Object Repository/OMVA_Summary_Page/Select_puregold' located by 'By.xpath: //div[@class='dropdown-menu filter-select']/ul/li[1]/label[@for='0_catchecked']' not found)]]></system-err>
      </testcase>
      <testcase name="Test Cases/SummaryTestCases/Status_OkToRefresh" classname="Test Cases/SummaryTestCases/Status_OkToRefresh" status="FAILED">
         <failure type="FAILED" message="Unable to click on object 'Object Repository/OMVA_Summary_Page/Select_puregold' (Root cause: com.kms.katalon.core.webui.exception.WebElementNotFoundException: Web element with id: 'Object Repository/OMVA_Summary_Page/Select_puregold' located by 'By.xpath: //div[@class='dropdown-menu filter-select']/ul/li[1]/label[@for='0_catchecked']' not found)"/>
         <system-out><![CDATA[2018-08-08 12:21:04 - [TEST_CASE][FAILED] - Test Cases/SummaryTestCases/Status_OkToRefresh: Test Cases/SummaryTestCases/Status_OkToRefresh FAILED because (of) Unable to click on object 'Object Repository/OMVA_Summary_Page/Select_puregold' (Root cause: com.kms.katalon.core.webui.exception.WebElementNotFoundException: Web element with id: 'Object Repository/OMVA_Summary_Page/Select_puregold' located by 'By.xpath: //div[@class='dropdown-menu filter-select']/ul/li[1]/label[@for='0_catchecked']' not found)

2018-08-08 12:21:05 - [TEST_STEP][PASSED] - callTestCase: Call Test Case 'Test Cases/UserManagementTestCases/Login/Login_AllocSPOC' successfully

2018-08-08 12:21:05 - [TEST_CASE][PASSED] - Test Cases/UserManagementTestCases/Login/Login_AllocSPOC: Test Cases/UserManagementTestCases/Login/Login_AllocSPOC

2018-08-08 12:21:05 - [TEST_STEP][PASSED] - callTestCase: Call Test Case 'Test Cases/CommonTestcases/OpenBrowserandNavigateToQAURL' successfully

2018-08-08 12:21:05 - [TEST_CASE][PASSED] - Test Cases/CommonTestcases/OpenBrowserandNavigateToQAURL: Test Cases/CommonTestcases/OpenBrowserandNavigateToQAURL

2018-08-08 12:21:05 - [TEST_STEP][PASSED] - openBrowser: Browser is opened with url: ''

2018-08-08 12:21:05 - [MESSAGE][WARNING] - A browser is already opened. Closing browser and opening a new one

2018-08-08 12:21:08 - [MESSAGE][PASSED] - Browser is opened with url: ''

2018-08-08 12:21:08 - [TEST_STEP][PASSED] - navigateToUrl: Navigate to 'https://coa-demo-env.azurewebsites.net/da/index.html#/login' successfully

2018-08-08 12:21:12 - [MESSAGE][PASSED] - Navigate to 'https://coa-demo-env.azurewebsites.net/da/index.html#/login' successfully

2018-08-08 12:21:12 - [TEST_STEP][PASSED] - maximizeWindow: Current window maximized

2018-08-08 12:21:13 - [MESSAGE][PASSED] - Current window maximized

2018-08-08 12:21:13 - [MESSAGE][PASSED] - Call Test Case 'Test Cases/CommonTestcases/OpenBrowserandNavigateToQAURL' successfully

2018-08-08 12:21:13 - [TEST_STEP][PASSED] - waitForElementVisible: Object 'Object Repository/OMVA_Login_Page/Password_Textbox' is not visible after 10 second(s)

2018-08-08 12:21:23 - [MESSAGE][WARNING] - Object 'Object Repository/OMVA_Login_Page/Password_Textbox' is not visible after 10 second(s)

2018-08-08 12:21:23 - [TEST_STEP][PASSED] - sendKeys: Keys 'romeo' sent to object: 'Object Repository/OMVA_Login_Page/Username_Textbox'

2018-08-08 12:21:24 - [MESSAGE][PASSED] - Keys 'romeo' sent to object: 'Object Repository/OMVA_Login_Page/Username_Textbox'

2018-08-08 12:21:24 - [TEST_STEP][PASSED] - click: Object: 'Object Repository/OMVA_Login_Page/Next_Button' is clicked on

2018-08-08 12:21:24 - [MESSAGE][PASSED] - Object: 'Object Repository/OMVA_Login_Page/Next_Button' is clicked on

2018-08-08 12:21:24 - [TEST_STEP][PASSED] - waitForElementVisible: Object 'Object Repository/OMVA_Login_Page/Password_Textbox' is visible

2018-08-08 12:21:25 - [MESSAGE][PASSED] - Object 'Object Repository/OMVA_Login_Page/Password_Textbox' is visible

2018-08-08 12:21:25 - [TEST_STEP][PASSED] - sendKeys: Keys 'romeo' sent to object: 'Object Repository/OMVA_Login_Page/Password_Textbox'

2018-08-08 12:21:25 - [MESSAGE][PASSED] - Keys 'romeo' sent to object: 'Object Repository/OMVA_Login_Page/Password_Textbox'

2018-08-08 12:21:25 - [TEST_STEP][PASSED] - click: Object: 'Object Repository/OMVA_Login_Page/Signin_Button' is clicked on

2018-08-08 12:21:25 - [MESSAGE][PASSED] - Object: 'Object Repository/OMVA_Login_Page/Signin_Button' is clicked on

2018-08-08 12:21:25 - [TEST_STEP][PASSED] - waitForAngularLoad: This page doesn't use Angular.

2018-08-08 12:21:25 - [MESSAGE][WARNING] - This page doesn't use Angular.

2018-08-08 12:21:25 - [TEST_STEP][PASSED] - Statement - greetingtext = com.kms.katalon.core.webui.keyword.WebUiBuiltInKeywords.getText(com.kms.katalon.core.testobject.ObjectRepository.findTestObject(OMVA_Landing_Page/Greeting_Label)): Text of object 'Object Repository/OMVA_Landing_Page/Greeting_Label' is: 'Good Afternoon, romeo'

2018-08-08 12:21:26 - [MESSAGE][PASSED] - Text of object 'Object Repository/OMVA_Landing_Page/Greeting_Label' is: 'Good Afternoon, romeo'

2018-08-08 12:21:26 - [TEST_STEP][PASSED] - verifyMatch: Actual text 'Good Afternoon, romeo' and expected text '\D*romeo' are matched  using regular expression

2018-08-08 12:21:26 - [MESSAGE][PASSED] - Actual text 'Good Afternoon, romeo' and expected text '\D*romeo' are matched  using regular expression

2018-08-08 12:21:26 - [MESSAGE][PASSED] - Call Test Case 'Test Cases/UserManagementTestCases/Login/Login_AllocSPOC' successfully

2018-08-08 12:21:26 - [TEST_STEP][PASSED] - delay: Delayed 5 second(s)

2018-08-08 12:21:31 - [MESSAGE][PASSED] - Delayed 5 second(s)

2018-08-08 12:21:31 - [TEST_STEP][PASSED] - waitForElementPresent: Object 'Object Repository/OMVA_Summary_Page/Customer_dropdown' is present

2018-08-08 12:21:31 - [MESSAGE][PASSED] - Object 'Object Repository/OMVA_Summary_Page/Customer_dropdown' is present

2018-08-08 12:21:31 - [TEST_STEP][PASSED] - click: Object: 'Object Repository/OMVA_Summary_Page/Customer_dropdown' is clicked on

2018-08-08 12:21:32 - [MESSAGE][PASSED] - Object: 'Object Repository/OMVA_Summary_Page/Customer_dropdown' is clicked on

2018-08-08 12:21:32 - [TEST_STEP][PASSED] - waitForElementPresent: Object 'Object Repository/OMVA_Summary_Page/Select_puregold' is not present after 10 second(s)

2018-08-08 12:21:43 - [MESSAGE][WARNING] - Object 'Object Repository/OMVA_Summary_Page/Select_puregold' is not present after 10 second(s)

2018-08-08 12:21:43 - [TEST_STEP][FAILED] - click: Unable to click on object 'Object Repository/OMVA_Summary_Page/Select_puregold' (Root cause: com.kms.katalon.core.webui.exception.WebElementNotFoundException: Web element with id: 'Object Repository/OMVA_Summary_Page/Select_puregold' located by 'By.xpath: //div[@class='dropdown-menu filter-select']/ul/li[1]/label[@for='0_catchecked']' not found)

2018-08-08 12:22:00 - [MESSAGE][FAILED] - Unable to click on object 'Object Repository/OMVA_Summary_Page/Select_puregold' (Root cause: com.kms.katalon.core.webui.exception.WebElementNotFoundException: Web element with id: 'Object Repository/OMVA_Summary_Page/Select_puregold' located by 'By.xpath: //div[@class='dropdown-menu filter-select']/ul/li[1]/label[@for='0_catchecked']' not found)
[[ATTACHMENT|D:\\P&G Updated\\Automation-P&G-Code-Base\\OMVA\\Reports\\SummaryTestSuite\\20180808_121738\\1533711119832.png]]]]></system-out>
         <system-err><![CDATA[2018-08-08 12:21:04 - [TEST_CASE][FAILED] - Test Cases/SummaryTestCases/Status_OkToRefresh: Test Cases/SummaryTestCases/Status_OkToRefresh FAILED because (of) Unable to click on object 'Object Repository/OMVA_Summary_Page/Select_puregold' (Root cause: com.kms.katalon.core.webui.exception.WebElementNotFoundException: Web element with id: 'Object Repository/OMVA_Summary_Page/Select_puregold' located by 'By.xpath: //div[@class='dropdown-menu filter-select']/ul/li[1]/label[@for='0_catchecked']' not found)]]></system-err>
      </testcase>
      <system-out><![CDATA[2018-08-08 12:17:41 - [TEST_SUITE][FAILED] - SummaryTestSuite: Test Cases/SummaryTestCases/MAL_Comment FAILED because (of) Unable to send keys 'angelica' to object 'Object Repository/OMVA_Login_Page/Password_Textbox' (Root cause: org.openqa.selenium.ElementNotVisibleException: element not visible
  (Session info: chrome=67.0.3396.62)
  (Driver info: chromedriver=2.35.528161 (5b82f2d2aae0ca24b877009200ced9065a772e73),platform=Windows NT 10.0.16299 x86_64) (WARNING: The server did not provide any stacktrace information)
Command duration or timeout: 0 milliseconds
Build info: version: '3.7.1', revision: '8a0099a', time: '2017-11-06T21:07:36.161Z'
System info: host: '703177791GDL', ip: '192.168.34.81', os.name: 'Windows 10', os.arch: 'amd64', os.version: '10.0', java.version: '1.8.0_102'
Driver info: com.kms.katalon.selenium.driver.CChromeDriver
Capabilities {acceptInsecureCerts: false, acceptSslCerts: false, applicationCacheEnabled: false, browserConnectionEnabled: false, browserName: chrome, chrome: {chromedriverVersion: 2.35.528161 (5b82f2d2aae0ca..., userDataDir: D:\Users\703177791\AppData\...}, cssSelectorsEnabled: true, databaseEnabled: false, handlesAlerts: true, hasTouchScreen: false, javascriptEnabled: true, locationContextEnabled: true, mobileEmulationEnabled: false, nativeEvents: true, networkConnectionEnabled: false, pageLoadStrategy: normal, platform: XP, platformName: XP, rotatable: false, setWindowRect: true, takesHeapSnapshot: true, takesScreenshot: true, unexpectedAlertBehaviour: , unhandledPromptBehavior: , version: 67.0.3396.62, webStorageEnabled: true}
Session ID: cf425e4a4150877f96e00e58509d4df2)]]></system-out>
      <system-err><![CDATA[2018-08-08 12:17:41 - [TEST_SUITE][FAILED] - SummaryTestSuite: Test Cases/SummaryTestCases/MAL_Comment FAILED because (of) Unable to send keys 'angelica' to object 'Object Repository/OMVA_Login_Page/Password_Textbox' (Root cause: org.openqa.selenium.ElementNotVisibleException: element not visible
  (Session info: chrome=67.0.3396.62)
  (Driver info: chromedriver=2.35.528161 (5b82f2d2aae0ca24b877009200ced9065a772e73),platform=Windows NT 10.0.16299 x86_64) (WARNING: The server did not provide any stacktrace information)
Command duration or timeout: 0 milliseconds
Build info: version: '3.7.1', revision: '8a0099a', time: '2017-11-06T21:07:36.161Z'
System info: host: '703177791GDL', ip: '192.168.34.81', os.name: 'Windows 10', os.arch: 'amd64', os.version: '10.0', java.version: '1.8.0_102'
Driver info: com.kms.katalon.selenium.driver.CChromeDriver
Capabilities {acceptInsecureCerts: false, acceptSslCerts: false, applicationCacheEnabled: false, browserConnectionEnabled: false, browserName: chrome, chrome: {chromedriverVersion: 2.35.528161 (5b82f2d2aae0ca..., userDataDir: D:\Users\703177791\AppData\...}, cssSelectorsEnabled: true, databaseEnabled: false, handlesAlerts: true, hasTouchScreen: false, javascriptEnabled: true, locationContextEnabled: true, mobileEmulationEnabled: false, nativeEvents: true, networkConnectionEnabled: false, pageLoadStrategy: normal, platform: XP, platformName: XP, rotatable: false, setWindowRect: true, takesHeapSnapshot: true, takesScreenshot: true, unexpectedAlertBehaviour: , unhandledPromptBehavior: , version: 67.0.3396.62, webStorageEnabled: true}
Session ID: cf425e4a4150877f96e00e58509d4df2)]]></system-err>
   </testsuite>
</testsuites>
