<?xml version="1.0" encoding="UTF-8"?>
<testsuites name="UserManagementTestSuite" time="624" tests="16" failures="5" errors="0">
   <testsuite name="UserManagementTestSuite" tests="16" failures="5" errors="0" time="624" timestamp="2018-07-16 13:11:20" hostname="703177791 - 703177791GDL.IND.CORP.AD" id="Test Suites/UserManagementTestSuite">
      <properties>
         <property name="deviceName" value=""/>
         <property name="devicePlatform" value=""/>
         <property name="logFolder" value="D:\\P&amp;G New\\Automation-P&amp;G-Code-Base\\OMVA\\Reports\\UserManagementTestSuite\\20180716_131116"/>
         <property name="logFiles" value="D:\\P&amp;G New\\Automation-P&amp;G-Code-Base\\OMVA\\Reports\\UserManagementTestSuite\\20180716_131116\\execution0.log"/>
         <property name="attachments" value="D:\\P&amp;G New\\Automation-P&amp;G-Code-Base\\OMVA\\Reports\\UserManagementTestSuite\\20180716_131116\\1531727103023.png, D:\\P&amp;G New\\Automation-P&amp;G-Code-Base\\OMVA\\Reports\\UserManagementTestSuite\\20180716_131116\\1531727183273.png, D:\\P&amp;G New\\Automation-P&amp;G-Code-Base\\OMVA\\Reports\\UserManagementTestSuite\\20180716_131116\\1531727478575.png"/>
         <property name="hostName" value="703177791 - 703177791GDL.IND.CORP.AD"/>
         <property name="os" value="Windows 10 64bit"/>
         <property name="katalonVersion" value="5.4.2.1"/>
         <property name="browser" value="Chrome 67.0.3396.62"/>
         <property name="hostAddress" value="192.168.34.59"/>
         <property name="sessionId" value="42a6c51470173c9b7783c72d257bbb6e"/>
         <property name="seleniumVersion" value="3.7.1"/>
         <property name="proxyInformation" value="ProxyInformation{proxyOption=NO_PROXY, proxyServerType=HTTP, password=, proxyServerAddress=, proxyServerPort=0}"/>
         <property name="platform" value="Windows 10"/>
      </properties>
      <testcase name="Test Cases/UserManagementTestCases/Login/Invalid_Login" classname="Test Cases/UserManagementTestCases/Login/Invalid_Login" status="PASSED">
         <system-out><![CDATA[2018-07-16 13:11:21 - [TEST_CASE][PASSED] - Test Cases/UserManagementTestCases/Login/Invalid_Login: Test Cases/UserManagementTestCases/Login/Invalid_Login

2018-07-16 13:11:24 - [TEST_STEP][PASSED] - callTestCase: Call Test Case 'Test Cases/CommonTestcases/OpenBrowserandNavigateToQAURL' successfully

2018-07-16 13:11:24 - [TEST_CASE][PASSED] - Test Cases/CommonTestcases/OpenBrowserandNavigateToQAURL: Test Cases/CommonTestcases/OpenBrowserandNavigateToQAURL

2018-07-16 13:11:24 - [TEST_STEP][PASSED] - openBrowser: Browser is opened with url: ''

2018-07-16 13:11:28 - [MESSAGE][PASSED] - Browser is opened with url: ''

2018-07-16 13:11:28 - [TEST_STEP][PASSED] - navigateToUrl: Navigate to 'https://coa-demo-env.azurewebsites.net/da/index.html#/login' successfully

2018-07-16 13:11:34 - [MESSAGE][PASSED] - Navigate to 'https://coa-demo-env.azurewebsites.net/da/index.html#/login' successfully

2018-07-16 13:11:34 - [TEST_STEP][PASSED] - maximizeWindow: Current window maximized

2018-07-16 13:11:36 - [MESSAGE][PASSED] - Current window maximized

2018-07-16 13:11:36 - [MESSAGE][PASSED] - Call Test Case 'Test Cases/CommonTestcases/OpenBrowserandNavigateToQAURL' successfully

2018-07-16 13:11:36 - [TEST_STEP][PASSED] - waitForElementVisible: Object 'Object Repository/OMVA_Login_Page/Username_Textbox' is visible

2018-07-16 13:11:36 - [MESSAGE][PASSED] - Object 'Object Repository/OMVA_Login_Page/Username_Textbox' is visible

2018-07-16 13:11:36 - [TEST_STEP][PASSED] - sendKeys: Keys 'asdf' sent to object: 'Object Repository/OMVA_Login_Page/Username_Textbox'

2018-07-16 13:11:36 - [MESSAGE][PASSED] - Keys 'asdf' sent to object: 'Object Repository/OMVA_Login_Page/Username_Textbox'

2018-07-16 13:11:36 - [TEST_STEP][PASSED] - click: Object: 'Object Repository/OMVA_Login_Page/Next_Button' is clicked on

2018-07-16 13:11:37 - [MESSAGE][PASSED] - Object: 'Object Repository/OMVA_Login_Page/Next_Button' is clicked on

2018-07-16 13:11:37 - [TEST_STEP][PASSED] - Statement - If (true): null

2018-07-16 13:11:37 - [TEST_STEP][PASSED] - waitForElementVisible: Object 'Object Repository/OMVA_Login_Page/Password_Textbox' is visible

2018-07-16 13:11:37 - [MESSAGE][PASSED] - Object 'Object Repository/OMVA_Login_Page/Password_Textbox' is visible

2018-07-16 13:11:37 - [TEST_STEP][PASSED] - Statement - assert true: null

2018-07-16 13:11:37 - [TEST_STEP][PASSED] - sendKeys: Keys 'qwerty' sent to object: 'Object Repository/OMVA_Login_Page/Password_Textbox'

2018-07-16 13:11:37 - [MESSAGE][PASSED] - Keys 'qwerty' sent to object: 'Object Repository/OMVA_Login_Page/Password_Textbox'

2018-07-16 13:11:37 - [TEST_STEP][PASSED] - click: Object: 'Object Repository/OMVA_Login_Page/Signin_Button' is clicked on

2018-07-16 13:11:37 - [MESSAGE][PASSED] - Object: 'Object Repository/OMVA_Login_Page/Signin_Button' is clicked on

2018-07-16 13:11:37 - [TEST_STEP][PASSED] - Statement - AHeaderTxt = com.kms.katalon.core.webui.keyword.WebUiBuiltInKeywords.getText(com.kms.katalon.core.testobject.ObjectRepository.findTestObject(OMVA_Login_Page/InvalidLogin_HeaderTxt)): Text of object 'Object Repository/OMVA_Login_Page/InvalidLogin_HeaderTxt' is: 'Invalid Credentials'

2018-07-16 13:11:39 - [MESSAGE][PASSED] - Text of object 'Object Repository/OMVA_Login_Page/InvalidLogin_HeaderTxt' is: 'Invalid Credentials'

2018-07-16 13:11:39 - [TEST_STEP][PASSED] - verifyMatch: Actual text 'Invalid Credentials' and expected text 'Invalid Credentials' are matched  using regular expression

2018-07-16 13:11:39 - [MESSAGE][PASSED] - Actual text 'Invalid Credentials' and expected text 'Invalid Credentials' are matched  using regular expression

2018-07-16 13:11:39 - [TEST_STEP][PASSED] - Statement - AContentTxt = com.kms.katalon.core.webui.keyword.WebUiBuiltInKeywords.getText(com.kms.katalon.core.testobject.ObjectRepository.findTestObject(OMVA_Login_Page/InvalidLogin_ContentTxt)): Text of object 'Object Repository/OMVA_Login_Page/InvalidLogin_ContentTxt' is: 'The specified username / password is invalid. Please try again.'

2018-07-16 13:11:39 - [MESSAGE][PASSED] - Text of object 'Object Repository/OMVA_Login_Page/InvalidLogin_ContentTxt' is: 'The specified username / password is invalid. Please try again.'

2018-07-16 13:11:39 - [TEST_STEP][PASSED] - verifyMatch: Actual text 'The specified username / password is invalid. Please try again.' and expected text 'The specified username / password is invalid. Please try again.' are matched  using regular expression

2018-07-16 13:11:39 - [MESSAGE][PASSED] - Actual text 'The specified username / password is invalid. Please try again.' and expected text 'The specified username / password is invalid. Please try again.' are matched  using regular expression

2018-07-16 13:11:39 - [TEST_STEP][PASSED] - waitForElementVisible: Object 'Object Repository/OMVA_Login_Page/InvalidLogin_OKbtn' is visible

2018-07-16 13:11:40 - [MESSAGE][PASSED] - Object 'Object Repository/OMVA_Login_Page/InvalidLogin_OKbtn' is visible

2018-07-16 13:11:40 - [TEST_STEP][PASSED] - Statement - assert true: null

2018-07-16 13:11:40 - [TEST_STEP][PASSED] - click: Object: 'Object Repository/OMVA_Login_Page/InvalidLogin_OKbtn' is clicked on

2018-07-16 13:11:40 - [MESSAGE][PASSED] - Object: 'Object Repository/OMVA_Login_Page/InvalidLogin_OKbtn' is clicked on

2018-07-16 13:11:40 - [TEST_STEP][PASSED] - closeBrowser: Browser is closed

2018-07-16 13:11:42 - [MESSAGE][PASSED] - Browser is closed]]></system-out>
         <system-err><![CDATA[]]></system-err>
      </testcase>
      <testcase name="Test Cases/UserManagementTestCases/Login/Valid_Login" classname="Test Cases/UserManagementTestCases/Login/Valid_Login" status="PASSED">
         <system-out><![CDATA[2018-07-16 13:11:42 - [TEST_CASE][PASSED] - Test Cases/UserManagementTestCases/Login/Valid_Login: Test Cases/UserManagementTestCases/Login/Valid_Login

2018-07-16 13:11:42 - [TEST_STEP][PASSED] - callTestCase: Call Test Case 'Test Cases/CommonTestcases/OpenBrowserandNavigateToQAURL' successfully

2018-07-16 13:11:42 - [TEST_CASE][PASSED] - Test Cases/CommonTestcases/OpenBrowserandNavigateToQAURL: Test Cases/CommonTestcases/OpenBrowserandNavigateToQAURL

2018-07-16 13:11:42 - [TEST_STEP][PASSED] - openBrowser: Browser is opened with url: ''

2018-07-16 13:11:45 - [MESSAGE][PASSED] - Browser is opened with url: ''

2018-07-16 13:11:45 - [TEST_STEP][PASSED] - navigateToUrl: Navigate to 'https://coa-demo-env.azurewebsites.net/da/index.html#/login' successfully

2018-07-16 13:11:50 - [MESSAGE][PASSED] - Navigate to 'https://coa-demo-env.azurewebsites.net/da/index.html#/login' successfully

2018-07-16 13:11:50 - [TEST_STEP][PASSED] - maximizeWindow: Current window maximized

2018-07-16 13:11:51 - [MESSAGE][PASSED] - Current window maximized

2018-07-16 13:11:51 - [MESSAGE][PASSED] - Call Test Case 'Test Cases/CommonTestcases/OpenBrowserandNavigateToQAURL' successfully

2018-07-16 13:11:51 - [TEST_STEP][PASSED] - waitForElementVisible: Object 'Object Repository/OMVA_Login_Page/Username_Textbox' is visible

2018-07-16 13:11:51 - [MESSAGE][PASSED] - Object 'Object Repository/OMVA_Login_Page/Username_Textbox' is visible

2018-07-16 13:11:51 - [TEST_STEP][PASSED] - sendKeys: Keys 'SuperAdmin' sent to object: 'Object Repository/OMVA_Login_Page/Username_Textbox'

2018-07-16 13:11:51 - [MESSAGE][PASSED] - Keys 'SuperAdmin' sent to object: 'Object Repository/OMVA_Login_Page/Username_Textbox'

2018-07-16 13:11:51 - [TEST_STEP][PASSED] - click: Object: 'Object Repository/OMVA_Login_Page/Next_Button' is clicked on

2018-07-16 13:11:52 - [MESSAGE][PASSED] - Object: 'Object Repository/OMVA_Login_Page/Next_Button' is clicked on

2018-07-16 13:11:52 - [TEST_STEP][PASSED] - Statement - If (true): null

2018-07-16 13:11:52 - [TEST_STEP][PASSED] - waitForElementVisible: Object 'Object Repository/OMVA_Login_Page/Password_Textbox' is visible

2018-07-16 13:11:52 - [MESSAGE][PASSED] - Object 'Object Repository/OMVA_Login_Page/Password_Textbox' is visible

2018-07-16 13:11:52 - [TEST_STEP][PASSED] - Statement - assert true: null

2018-07-16 13:11:52 - [TEST_STEP][PASSED] - sendKeys: Keys 'SuperAdmin' sent to object: 'Object Repository/OMVA_Login_Page/Password_Textbox'

2018-07-16 13:11:53 - [MESSAGE][PASSED] - Keys 'SuperAdmin' sent to object: 'Object Repository/OMVA_Login_Page/Password_Textbox'

2018-07-16 13:11:53 - [TEST_STEP][PASSED] - click: Object: 'Object Repository/OMVA_Login_Page/Signin_Button' is clicked on

2018-07-16 13:11:53 - [MESSAGE][PASSED] - Object: 'Object Repository/OMVA_Login_Page/Signin_Button' is clicked on

2018-07-16 13:11:53 - [TEST_STEP][PASSED] - waitForAngularLoad: This page doesn't use Angular.

2018-07-16 13:11:53 - [MESSAGE][WARNING] - This page doesn't use Angular.

2018-07-16 13:11:53 - [TEST_STEP][PASSED] - Statement - greetingtext = com.kms.katalon.core.webui.keyword.WebUiBuiltInKeywords.getText(com.kms.katalon.core.testobject.ObjectRepository.findTestObject(OMVA_Landing_Page/Greeting_Label)): Text of object 'Object Repository/OMVA_Landing_Page/Greeting_Label' is: 'Good Afternoon, SuperAdmin'

2018-07-16 13:11:55 - [MESSAGE][PASSED] - Text of object 'Object Repository/OMVA_Landing_Page/Greeting_Label' is: 'Good Afternoon, SuperAdmin'

2018-07-16 13:11:55 - [TEST_STEP][PASSED] - verifyMatch: Actual text 'Good Afternoon, SuperAdmin' and expected text '\D*SuperAdmin' are matched  using regular expression

2018-07-16 13:11:55 - [MESSAGE][PASSED] - Actual text 'Good Afternoon, SuperAdmin' and expected text '\D*SuperAdmin' are matched  using regular expression

2018-07-16 13:11:55 - [TEST_STEP][PASSED] - closeBrowser: Browser is closed

2018-07-16 13:11:56 - [MESSAGE][PASSED] - Browser is closed]]></system-out>
         <system-err><![CDATA[]]></system-err>
      </testcase>
      <testcase name="Test Cases/UserManagementTestCases/CreateUser/Create_User_Validate" classname="Test Cases/UserManagementTestCases/CreateUser/Create_User_Validate" status="FAILED">
         <failure type="FAILED" message="Unable to verify match between actual text 'wtqavwn yskvxyn' and expected text 'ytvxtaj hosxayd' using regular expression (Root cause: Actual text 'wtqavwn yskvxyn' and expected text 'ytvxtaj hosxayd' are not matched using regular expression)"/>
         <system-out><![CDATA[2018-07-16 13:11:56 - [TEST_CASE][FAILED] - Test Cases/UserManagementTestCases/CreateUser/Create_User_Validate: Test Cases/UserManagementTestCases/CreateUser/Create_User_Validate FAILED because (of) Unable to verify match between actual text 'wtqavwn yskvxyn' and expected text 'ytvxtaj hosxayd' using regular expression (Root cause: Actual text 'wtqavwn yskvxyn' and expected text 'ytvxtaj hosxayd' are not matched using regular expression)

2018-07-16 13:11:57 - [TEST_STEP][PASSED] - callTestCase: Call Test Case 'Test Cases/CommonTestcases/OpenBrowserandNavigateToQAURL' successfully

2018-07-16 13:11:57 - [TEST_CASE][PASSED] - Test Cases/CommonTestcases/OpenBrowserandNavigateToQAURL: Test Cases/CommonTestcases/OpenBrowserandNavigateToQAURL

2018-07-16 13:11:57 - [TEST_STEP][PASSED] - openBrowser: Browser is opened with url: ''

2018-07-16 13:11:59 - [MESSAGE][PASSED] - Browser is opened with url: ''

2018-07-16 13:11:59 - [TEST_STEP][PASSED] - navigateToUrl: Navigate to 'https://coa-demo-env.azurewebsites.net/da/index.html#/login' successfully

2018-07-16 13:12:05 - [MESSAGE][PASSED] - Navigate to 'https://coa-demo-env.azurewebsites.net/da/index.html#/login' successfully

2018-07-16 13:12:05 - [TEST_STEP][PASSED] - maximizeWindow: Current window maximized

2018-07-16 13:12:06 - [MESSAGE][PASSED] - Current window maximized

2018-07-16 13:12:06 - [MESSAGE][PASSED] - Call Test Case 'Test Cases/CommonTestcases/OpenBrowserandNavigateToQAURL' successfully

2018-07-16 13:12:06 - [TEST_STEP][PASSED] - waitForElementVisible: Object 'Object Repository/OMVA_Login_Page/Username_Textbox' is visible

2018-07-16 13:12:06 - [MESSAGE][PASSED] - Object 'Object Repository/OMVA_Login_Page/Username_Textbox' is visible

2018-07-16 13:12:06 - [TEST_STEP][PASSED] - sendKeys: Keys 'SuperAdmin' sent to object: 'Object Repository/OMVA_Login_Page/Username_Textbox'

2018-07-16 13:12:06 - [MESSAGE][PASSED] - Keys 'SuperAdmin' sent to object: 'Object Repository/OMVA_Login_Page/Username_Textbox'

2018-07-16 13:12:06 - [TEST_STEP][PASSED] - click: Object: 'Object Repository/OMVA_Login_Page/Next_Button' is clicked on

2018-07-16 13:12:07 - [MESSAGE][PASSED] - Object: 'Object Repository/OMVA_Login_Page/Next_Button' is clicked on

2018-07-16 13:12:07 - [TEST_STEP][PASSED] - waitForElementVisible: Object 'Object Repository/OMVA_Login_Page/Password_Textbox' is visible

2018-07-16 13:12:07 - [MESSAGE][PASSED] - Object 'Object Repository/OMVA_Login_Page/Password_Textbox' is visible

2018-07-16 13:12:07 - [TEST_STEP][PASSED] - sendKeys: Keys 'SuperAdmin' sent to object: 'Object Repository/OMVA_Login_Page/Password_Textbox'

2018-07-16 13:12:07 - [MESSAGE][PASSED] - Keys 'SuperAdmin' sent to object: 'Object Repository/OMVA_Login_Page/Password_Textbox'

2018-07-16 13:12:07 - [TEST_STEP][PASSED] - click: Object: 'Object Repository/OMVA_Login_Page/Signin_Button' is clicked on

2018-07-16 13:12:07 - [MESSAGE][PASSED] - Object: 'Object Repository/OMVA_Login_Page/Signin_Button' is clicked on

2018-07-16 13:12:07 - [TEST_STEP][PASSED] - waitForPageLoad: Wait for page load successfully

2018-07-16 13:12:07 - [MESSAGE][PASSED] - Wait for page load successfully

2018-07-16 13:12:07 - [TEST_STEP][PASSED] - delay: Delayed 5 second(s)

2018-07-16 13:12:13 - [MESSAGE][PASSED] - Delayed 5 second(s)

2018-07-16 13:12:13 - [TEST_STEP][PASSED] - waitForElementPresent: Object 'Object Repository/OMVA_Landing_Page/CreateUser_Button' is present

2018-07-16 13:12:13 - [MESSAGE][PASSED] - Object 'Object Repository/OMVA_Landing_Page/CreateUser_Button' is present

2018-07-16 13:12:13 - [TEST_STEP][PASSED] - click: Object: 'Object Repository/OMVA_Landing_Page/CreateUser_Button' is clicked on

2018-07-16 13:12:13 - [MESSAGE][PASSED] - Object: 'Object Repository/OMVA_Landing_Page/CreateUser_Button' is clicked on

2018-07-16 13:12:13 - [TEST_STEP][PASSED] - delay: Delayed 3 second(s)

2018-07-16 13:12:16 - [MESSAGE][PASSED] - Delayed 3 second(s)

2018-07-16 13:12:16 - [TEST_STEP][PASSED] - waitForElementPresent: Object 'Object Repository/OMVA_UserManagement_Page/Role_Dropdown' is present

2018-07-16 13:12:16 - [MESSAGE][PASSED] - Object 'Object Repository/OMVA_UserManagement_Page/Role_Dropdown' is present

2018-07-16 13:12:16 - [TEST_STEP][PASSED] - Statement - If (true): null

2018-07-16 13:12:16 - [TEST_STEP][PASSED] - click: Object: 'Object Repository/OMVA_UserManagement_Page/Role_Dropdown' is clicked on

2018-07-16 13:12:17 - [MESSAGE][PASSED] - Object: 'Object Repository/OMVA_UserManagement_Page/Role_Dropdown' is clicked on

2018-07-16 13:12:17 - [TEST_STEP][PASSED] - Statement - assert true: null

2018-07-16 13:12:17 - [TEST_STEP][PASSED] - scrollToElement: Scroll to object 'Object Repository/OMVA_UserManagement_Page/DropdownOption_RoleDropdown_Market Admin' successfully

2018-07-16 13:12:17 - [MESSAGE][WARNING] - Timeout '0' is invalid. Using default page load timeout: '15'

2018-07-16 13:12:17 - [MESSAGE][PASSED] - Scroll to object 'Object Repository/OMVA_UserManagement_Page/DropdownOption_RoleDropdown_Market Admin' successfully

2018-07-16 13:12:17 - [TEST_STEP][PASSED] - click: Object: 'Object Repository/OMVA_UserManagement_Page/DropdownOption_RoleDropdown_Market Admin' is clicked on

2018-07-16 13:12:17 - [MESSAGE][PASSED] - Object: 'Object Repository/OMVA_UserManagement_Page/DropdownOption_RoleDropdown_Market Admin' is clicked on

2018-07-16 13:12:17 - [TEST_STEP][PASSED] - Statement - username = CustomKeywords.commonLibrary.commonFunctions.randomStringFunction("abcdefghijklmnopqrstuvwxyz", 6): commonLibrary.commonFunctions.randomStringFunction is PASSED

2018-07-16 13:12:17 - [MESSAGE][PASSED] - commonLibrary.commonFunctions.randomStringFunction is PASSED

2018-07-16 13:12:17 - [TEST_STEP][PASSED] - Statement - uname = username.toString(): null

2018-07-16 13:12:17 - [TEST_STEP][PASSED] - sendKeys: Keys 'vliuqh' sent to object: 'Object Repository/OMVA_UserManagement_Page/UserName_Textbox'

2018-07-16 13:12:17 - [MESSAGE][PASSED] - Keys 'vliuqh' sent to object: 'Object Repository/OMVA_UserManagement_Page/UserName_Textbox'

2018-07-16 13:12:17 - [TEST_STEP][PASSED] - Statement - emailidprefix = CustomKeywords.commonLibrary.commonFunctions.randomStringFunction("abcdefghijklmnopqrstuvwxyz", 9): commonLibrary.commonFunctions.randomStringFunction is PASSED

2018-07-16 13:12:17 - [MESSAGE][PASSED] - commonLibrary.commonFunctions.randomStringFunction is PASSED

2018-07-16 13:12:17 - [TEST_STEP][PASSED] - sendKeys: Keys 'eirufqvvi@autotestpg.com' sent to object: 'Object Repository/OMVA_UserManagement_Page/EmailID_Textbox'

2018-07-16 13:12:18 - [MESSAGE][PASSED] - Keys 'eirufqvvi@autotestpg.com' sent to object: 'Object Repository/OMVA_UserManagement_Page/EmailID_Textbox'

2018-07-16 13:12:18 - [TEST_STEP][PASSED] - Statement - firstname = CustomKeywords.commonLibrary.commonFunctions.randomStringFunction("abcdefghijklmnopqrstuvwxyz", 7): commonLibrary.commonFunctions.randomStringFunction is PASSED

2018-07-16 13:12:18 - [MESSAGE][PASSED] - commonLibrary.commonFunctions.randomStringFunction is PASSED

2018-07-16 13:12:18 - [TEST_STEP][PASSED] - sendKeys: Keys 'ytvxtaj' sent to object: 'Object Repository/OMVA_UserManagement_Page/FirstName_Textbox'

2018-07-16 13:12:18 - [MESSAGE][PASSED] - Keys 'ytvxtaj' sent to object: 'Object Repository/OMVA_UserManagement_Page/FirstName_Textbox'

2018-07-16 13:12:18 - [TEST_STEP][PASSED] - Statement - lastname = CustomKeywords.commonLibrary.commonFunctions.randomStringFunction("abcdefghijklmnopqrstuvwxyz", 7): commonLibrary.commonFunctions.randomStringFunction is PASSED

2018-07-16 13:12:18 - [MESSAGE][PASSED] - commonLibrary.commonFunctions.randomStringFunction is PASSED

2018-07-16 13:12:18 - [TEST_STEP][PASSED] - sendKeys: Keys 'hosxayd' sent to object: 'Object Repository/OMVA_UserManagement_Page/LastName_Textbox'

2018-07-16 13:12:19 - [MESSAGE][PASSED] - Keys 'hosxayd' sent to object: 'Object Repository/OMVA_UserManagement_Page/LastName_Textbox'

2018-07-16 13:12:19 - [TEST_STEP][PASSED] - Statement - ticketnum = CustomKeywords.commonLibrary.commonFunctions.randomStringFunction("123456789", 7): commonLibrary.commonFunctions.randomStringFunction is PASSED

2018-07-16 13:12:19 - [MESSAGE][PASSED] - commonLibrary.commonFunctions.randomStringFunction is PASSED

2018-07-16 13:12:19 - [TEST_STEP][PASSED] - sendKeys: Keys '1857292' sent to object: 'Object Repository/OMVA_UserManagement_Page/TicketNumber_Textbox'

2018-07-16 13:12:19 - [MESSAGE][PASSED] - Keys '1857292' sent to object: 'Object Repository/OMVA_UserManagement_Page/TicketNumber_Textbox'

2018-07-16 13:12:19 - [TEST_STEP][PASSED] - click: Object: 'Object Repository/OMVA_UserManagement_Page/Next_Button' is clicked on

2018-07-16 13:12:19 - [MESSAGE][PASSED] - Object: 'Object Repository/OMVA_UserManagement_Page/Next_Button' is clicked on

2018-07-16 13:12:19 - [TEST_STEP][PASSED] - applicationLibrary.checkboxMultiselection.multiselectCheckbox: applicationLibrary.checkboxMultiselection.multiselectCheckbox is PASSED

2018-07-16 13:12:22 - [MESSAGE][PASSED] - applicationLibrary.checkboxMultiselection.multiselectCheckbox is PASSED

2018-07-16 13:12:22 - [TEST_STEP][PASSED] - scrollToElement: Scroll to object 'Object Repository/OMVA_UserManagement_Page/Customer_Next_Btn' successfully

2018-07-16 13:12:22 - [MESSAGE][PASSED] - Scroll to object 'Object Repository/OMVA_UserManagement_Page/Customer_Next_Btn' successfully

2018-07-16 13:12:22 - [TEST_STEP][PASSED] - click: Object: 'Object Repository/OMVA_UserManagement_Page/Customer_Next_Btn' is clicked on

2018-07-16 13:12:22 - [MESSAGE][PASSED] - Object: 'Object Repository/OMVA_UserManagement_Page/Customer_Next_Btn' is clicked on

2018-07-16 13:12:22 - [TEST_STEP][PASSED] - applicationLibrary.checkboxMultiselection.multiselectCheckbox: applicationLibrary.checkboxMultiselection.multiselectCheckbox is PASSED

2018-07-16 13:12:24 - [MESSAGE][PASSED] - applicationLibrary.checkboxMultiselection.multiselectCheckbox is PASSED

2018-07-16 13:12:24 - [TEST_STEP][PASSED] - click: Object: 'Object Repository/OMVA_UserManagement_Page/UserCreation_Save_Btn' is clicked on

2018-07-16 13:12:25 - [MESSAGE][PASSED] - Object: 'Object Repository/OMVA_UserManagement_Page/UserCreation_Save_Btn' is clicked on

2018-07-16 13:12:25 - [TEST_STEP][PASSED] - waitForElementPresent: Object 'Object Repository/OMVA_UserManagement_Page/UserCreation_HeaderTxt' is present

2018-07-16 13:12:25 - [MESSAGE][PASSED] - Object 'Object Repository/OMVA_UserManagement_Page/UserCreation_HeaderTxt' is present

2018-07-16 13:12:25 - [TEST_STEP][PASSED] - verifyElementText: Actual text and expected text of test object 'Object Repository/OMVA_UserManagement_Page/UserCreation_HeaderTxt' are matched.

2018-07-16 13:12:26 - [MESSAGE][PASSED] - Actual text and expected text of test object 'Object Repository/OMVA_UserManagement_Page/UserCreation_HeaderTxt' are matched.

2018-07-16 13:12:26 - [TEST_STEP][PASSED] - verifyElementText: Actual text and expected text of test object 'Object Repository/OMVA_UserManagement_Page/UserCreation_ContentTxt' are matched.

2018-07-16 13:12:26 - [MESSAGE][PASSED] - Actual text and expected text of test object 'Object Repository/OMVA_UserManagement_Page/UserCreation_ContentTxt' are matched.

2018-07-16 13:12:26 - [TEST_STEP][PASSED] - click: Object: 'Object Repository/OMVA_UserManagement_Page/UserCreation_OK_Btn' is clicked on

2018-07-16 13:12:26 - [MESSAGE][PASSED] - Object: 'Object Repository/OMVA_UserManagement_Page/UserCreation_OK_Btn' is clicked on

2018-07-16 13:12:26 - [TEST_STEP][PASSED] - delay: Delayed 5 second(s)

2018-07-16 13:12:31 - [MESSAGE][PASSED] - Delayed 5 second(s)

2018-07-16 13:12:31 - [TEST_STEP][PASSED] - waitForElementPresent: Object 'Object Repository/OMVA_UserManagement_Page/Created_User_Username' is present

2018-07-16 13:12:31 - [MESSAGE][PASSED] - Object 'Object Repository/OMVA_UserManagement_Page/Created_User_Username' is present

2018-07-16 13:12:31 - [TEST_STEP][PASSED] - Statement - createduser = com.kms.katalon.core.webui.keyword.WebUiBuiltInKeywords.getText(com.kms.katalon.core.testobject.ObjectRepository.findTestObject(OMVA_UserManagement_Page/Created_User_Username)): Text of object 'Object Repository/OMVA_UserManagement_Page/Created_User_Username' is: 'wtqavwn yskvxyn'

2018-07-16 13:12:31 - [MESSAGE][PASSED] - Text of object 'Object Repository/OMVA_UserManagement_Page/Created_User_Username' is: 'wtqavwn yskvxyn'

2018-07-16 13:12:31 - [TEST_STEP][PASSED] - waitForElementVisible: Object 'Object Repository/OMVA_UserManagement_Page/Search_button' is visible

2018-07-16 13:12:31 - [MESSAGE][PASSED] - Object 'Object Repository/OMVA_UserManagement_Page/Search_button' is visible

2018-07-16 13:12:31 - [TEST_STEP][PASSED] - click: Object: 'Object Repository/OMVA_UserManagement_Page/Search_button' is clicked on

2018-07-16 13:12:31 - [MESSAGE][PASSED] - Object: 'Object Repository/OMVA_UserManagement_Page/Search_button' is clicked on

2018-07-16 13:12:31 - [TEST_STEP][PASSED] - waitForElementVisible: Object 'Object Repository/OMVA_UserManagement_Page/Enter_Text_Search' is visible

2018-07-16 13:12:31 - [MESSAGE][PASSED] - Object 'Object Repository/OMVA_UserManagement_Page/Enter_Text_Search' is visible

2018-07-16 13:12:31 - [TEST_STEP][PASSED] - sendKeys: Keys 'vliuqh' sent to object: 'Object Repository/OMVA_UserManagement_Page/Enter_Text_Search'

2018-07-16 13:12:32 - [MESSAGE][PASSED] - Keys 'vliuqh' sent to object: 'Object Repository/OMVA_UserManagement_Page/Enter_Text_Search'

2018-07-16 13:12:32 - [TEST_STEP][FAILED] - Statement - createduser = com.kms.katalon.core.webui.keyword.WebUiBuiltInKeywords.verifyMatch(createduser, firstname + " " + lastname, true): Unable to verify match between actual text 'wtqavwn yskvxyn' and expected text 'ytvxtaj hosxayd' using regular expression (Root cause: Actual text 'wtqavwn yskvxyn' and expected text 'ytvxtaj hosxayd' are not matched using regular expression)

2018-07-16 13:12:32 - [MESSAGE][FAILED] - Unable to verify match between actual text 'wtqavwn yskvxyn' and expected text 'ytvxtaj hosxayd' using regular expression (Root cause: Actual text 'wtqavwn yskvxyn' and expected text 'ytvxtaj hosxayd' are not matched using regular expression)]]></system-out>
         <system-err><![CDATA[2018-07-16 13:11:56 - [TEST_CASE][FAILED] - Test Cases/UserManagementTestCases/CreateUser/Create_User_Validate: Test Cases/UserManagementTestCases/CreateUser/Create_User_Validate FAILED because (of) Unable to verify match between actual text 'wtqavwn yskvxyn' and expected text 'ytvxtaj hosxayd' using regular expression (Root cause: Actual text 'wtqavwn yskvxyn' and expected text 'ytvxtaj hosxayd' are not matched using regular expression)]]></system-err>
      </testcase>
      <testcase name="Test Cases/UserManagementTestCases/CreateUser/Verify_InValid_Email" classname="Test Cases/UserManagementTestCases/CreateUser/Verify_InValid_Email" status="PASSED">
         <system-out><![CDATA[2018-07-16 13:12:32 - [TEST_CASE][PASSED] - Test Cases/UserManagementTestCases/CreateUser/Verify_InValid_Email: Test Cases/UserManagementTestCases/CreateUser/Verify_InValid_Email

2018-07-16 13:12:33 - [TEST_STEP][PASSED] - callTestCase: Call Test Case 'Test Cases/CommonTestcases/OpenBrowserandNavigateToQAURL' successfully

2018-07-16 13:12:33 - [TEST_CASE][PASSED] - Test Cases/CommonTestcases/OpenBrowserandNavigateToQAURL: Test Cases/CommonTestcases/OpenBrowserandNavigateToQAURL

2018-07-16 13:12:33 - [TEST_STEP][PASSED] - openBrowser: Browser is opened with url: ''

2018-07-16 13:12:33 - [MESSAGE][WARNING] - A browser is already opened. Closing browser and opening a new one

2018-07-16 13:12:36 - [MESSAGE][PASSED] - Browser is opened with url: ''

2018-07-16 13:12:36 - [TEST_STEP][PASSED] - navigateToUrl: Navigate to 'https://coa-demo-env.azurewebsites.net/da/index.html#/login' successfully

2018-07-16 13:12:42 - [MESSAGE][PASSED] - Navigate to 'https://coa-demo-env.azurewebsites.net/da/index.html#/login' successfully

2018-07-16 13:12:42 - [TEST_STEP][PASSED] - maximizeWindow: Current window maximized

2018-07-16 13:12:43 - [MESSAGE][PASSED] - Current window maximized

2018-07-16 13:12:43 - [MESSAGE][PASSED] - Call Test Case 'Test Cases/CommonTestcases/OpenBrowserandNavigateToQAURL' successfully

2018-07-16 13:12:43 - [TEST_STEP][PASSED] - waitForElementVisible: Object 'Object Repository/OMVA_Login_Page/Username_Textbox' is visible

2018-07-16 13:12:43 - [MESSAGE][PASSED] - Object 'Object Repository/OMVA_Login_Page/Username_Textbox' is visible

2018-07-16 13:12:43 - [TEST_STEP][PASSED] - sendKeys: Keys 'SuperAdmin' sent to object: 'Object Repository/OMVA_Login_Page/Username_Textbox'

2018-07-16 13:12:43 - [MESSAGE][PASSED] - Keys 'SuperAdmin' sent to object: 'Object Repository/OMVA_Login_Page/Username_Textbox'

2018-07-16 13:12:43 - [TEST_STEP][PASSED] - click: Object: 'Object Repository/OMVA_Login_Page/Next_Button' is clicked on

2018-07-16 13:12:44 - [MESSAGE][PASSED] - Object: 'Object Repository/OMVA_Login_Page/Next_Button' is clicked on

2018-07-16 13:12:44 - [TEST_STEP][PASSED] - waitForElementVisible: Object 'Object Repository/OMVA_Login_Page/Password_Textbox' is visible

2018-07-16 13:12:44 - [MESSAGE][PASSED] - Object 'Object Repository/OMVA_Login_Page/Password_Textbox' is visible

2018-07-16 13:12:44 - [TEST_STEP][PASSED] - sendKeys: Keys 'SuperAdmin' sent to object: 'Object Repository/OMVA_Login_Page/Password_Textbox'

2018-07-16 13:12:44 - [MESSAGE][PASSED] - Keys 'SuperAdmin' sent to object: 'Object Repository/OMVA_Login_Page/Password_Textbox'

2018-07-16 13:12:44 - [TEST_STEP][PASSED] - click: Object: 'Object Repository/OMVA_Login_Page/Signin_Button' is clicked on

2018-07-16 13:12:44 - [MESSAGE][PASSED] - Object: 'Object Repository/OMVA_Login_Page/Signin_Button' is clicked on

2018-07-16 13:12:44 - [TEST_STEP][PASSED] - waitForAngularLoad: This page doesn't use Angular.

2018-07-16 13:12:44 - [MESSAGE][WARNING] - This page doesn't use Angular.

2018-07-16 13:12:44 - [TEST_STEP][PASSED] - delay: Delayed 5 second(s)

2018-07-16 13:12:49 - [MESSAGE][PASSED] - Delayed 5 second(s)

2018-07-16 13:12:49 - [TEST_STEP][PASSED] - waitForElementPresent: Object 'Object Repository/OMVA_Landing_Page/CreateUser_Button' is present

2018-07-16 13:12:49 - [MESSAGE][PASSED] - Object 'Object Repository/OMVA_Landing_Page/CreateUser_Button' is present

2018-07-16 13:12:49 - [TEST_STEP][PASSED] - click: Object: 'Object Repository/OMVA_Landing_Page/CreateUser_Button' is clicked on

2018-07-16 13:12:50 - [MESSAGE][PASSED] - Object: 'Object Repository/OMVA_Landing_Page/CreateUser_Button' is clicked on

2018-07-16 13:12:50 - [TEST_STEP][PASSED] - waitForElementPresent: Object 'Object Repository/OMVA_UserManagement_Page/Role_Dropdown' is present

2018-07-16 13:12:50 - [MESSAGE][PASSED] - Object 'Object Repository/OMVA_UserManagement_Page/Role_Dropdown' is present

2018-07-16 13:12:50 - [TEST_STEP][PASSED] - delay: Delayed 4 second(s)

2018-07-16 13:12:54 - [MESSAGE][PASSED] - Delayed 4 second(s)

2018-07-16 13:12:54 - [TEST_STEP][PASSED] - click: Object: 'Object Repository/OMVA_UserManagement_Page/Role_Dropdown' is clicked on

2018-07-16 13:12:54 - [MESSAGE][PASSED] - Object: 'Object Repository/OMVA_UserManagement_Page/Role_Dropdown' is clicked on

2018-07-16 13:12:54 - [TEST_STEP][PASSED] - scrollToElement: Scroll to object 'Object Repository/OMVA_UserManagement_Page/DropdownOption_RoleDropdown_Market Admin' successfully

2018-07-16 13:12:54 - [MESSAGE][WARNING] - Timeout '0' is invalid. Using default page load timeout: '15'

2018-07-16 13:12:54 - [MESSAGE][PASSED] - Scroll to object 'Object Repository/OMVA_UserManagement_Page/DropdownOption_RoleDropdown_Market Admin' successfully

2018-07-16 13:12:54 - [TEST_STEP][PASSED] - click: Object: 'Object Repository/OMVA_UserManagement_Page/DropdownOption_RoleDropdown_Market Admin' is clicked on

2018-07-16 13:12:54 - [MESSAGE][PASSED] - Object: 'Object Repository/OMVA_UserManagement_Page/DropdownOption_RoleDropdown_Market Admin' is clicked on

2018-07-16 13:12:54 - [TEST_STEP][PASSED] - sendKeys: Keys 'kartik' sent to object: 'Object Repository/OMVA_UserManagement_Page/UserName_Textbox'

2018-07-16 13:12:54 - [MESSAGE][PASSED] - Keys 'kartik' sent to object: 'Object Repository/OMVA_UserManagement_Page/UserName_Textbox'

2018-07-16 13:12:54 - [TEST_STEP][PASSED] - sendKeys: Keys 'wwww' sent to object: 'Object Repository/OMVA_UserManagement_Page/EmailID_Textbox'

2018-07-16 13:12:55 - [MESSAGE][PASSED] - Keys 'wwww' sent to object: 'Object Repository/OMVA_UserManagement_Page/EmailID_Textbox'

2018-07-16 13:12:55 - [TEST_STEP][PASSED] - sendKeys: Keys 'firstName' sent to object: 'Object Repository/OMVA_UserManagement_Page/FirstName_Textbox'

2018-07-16 13:12:55 - [MESSAGE][PASSED] - Keys 'firstName' sent to object: 'Object Repository/OMVA_UserManagement_Page/FirstName_Textbox'

2018-07-16 13:12:55 - [TEST_STEP][PASSED] - Statement - ActualInvalidMsg = com.kms.katalon.core.webui.keyword.WebUiBuiltInKeywords.getText(com.kms.katalon.core.testobject.ObjectRepository.findTestObject(OMVA_UserManagement_Page/Email_Invalid_Msg)): Text of object 'Object Repository/OMVA_UserManagement_Page/Email_Invalid_Msg' is: 'Incorrect email ID.'

2018-07-16 13:12:55 - [MESSAGE][PASSED] - Text of object 'Object Repository/OMVA_UserManagement_Page/Email_Invalid_Msg' is: 'Incorrect email ID.'

2018-07-16 13:12:55 - [TEST_STEP][PASSED] - verifyMatch: Actual text 'Incorrect email ID.' and expected text 'Incorrect email ID.' are matched  using regular expression

2018-07-16 13:12:55 - [MESSAGE][PASSED] - Actual text 'Incorrect email ID.' and expected text 'Incorrect email ID.' are matched  using regular expression

2018-07-16 13:12:55 - [TEST_STEP][PASSED] - closeBrowser: Browser is closed

2018-07-16 13:12:56 - [MESSAGE][PASSED] - Browser is closed]]></system-out>
         <system-err><![CDATA[]]></system-err>
      </testcase>
      <testcase name="Test Cases/UserManagementTestCases/CreateUser/Verify_SaveExit_Btn" classname="Test Cases/UserManagementTestCases/CreateUser/Verify_SaveExit_Btn" status="PASSED">
         <system-out><![CDATA[2018-07-16 13:12:56 - [TEST_CASE][PASSED] - Test Cases/UserManagementTestCases/CreateUser/Verify_SaveExit_Btn: Test Cases/UserManagementTestCases/CreateUser/Verify_SaveExit_Btn

2018-07-16 13:12:56 - [TEST_STEP][PASSED] - callTestCase: Call Test Case 'Test Cases/CommonTestcases/OpenBrowserandNavigateToQAURL' successfully

2018-07-16 13:12:56 - [TEST_CASE][PASSED] - Test Cases/CommonTestcases/OpenBrowserandNavigateToQAURL: Test Cases/CommonTestcases/OpenBrowserandNavigateToQAURL

2018-07-16 13:12:56 - [TEST_STEP][PASSED] - openBrowser: Browser is opened with url: ''

2018-07-16 13:12:59 - [MESSAGE][PASSED] - Browser is opened with url: ''

2018-07-16 13:12:59 - [TEST_STEP][PASSED] - navigateToUrl: Navigate to 'https://coa-demo-env.azurewebsites.net/da/index.html#/login' successfully

2018-07-16 13:13:04 - [MESSAGE][PASSED] - Navigate to 'https://coa-demo-env.azurewebsites.net/da/index.html#/login' successfully

2018-07-16 13:13:04 - [TEST_STEP][PASSED] - maximizeWindow: Current window maximized

2018-07-16 13:13:05 - [MESSAGE][PASSED] - Current window maximized

2018-07-16 13:13:05 - [MESSAGE][PASSED] - Call Test Case 'Test Cases/CommonTestcases/OpenBrowserandNavigateToQAURL' successfully

2018-07-16 13:13:05 - [TEST_STEP][PASSED] - waitForElementVisible: Object 'Object Repository/OMVA_Login_Page/Username_Textbox' is visible

2018-07-16 13:13:05 - [MESSAGE][PASSED] - Object 'Object Repository/OMVA_Login_Page/Username_Textbox' is visible

2018-07-16 13:13:05 - [TEST_STEP][PASSED] - sendKeys: Keys 'SuperAdmin' sent to object: 'Object Repository/OMVA_Login_Page/Username_Textbox'

2018-07-16 13:13:05 - [MESSAGE][PASSED] - Keys 'SuperAdmin' sent to object: 'Object Repository/OMVA_Login_Page/Username_Textbox'

2018-07-16 13:13:05 - [TEST_STEP][PASSED] - click: Object: 'Object Repository/OMVA_Login_Page/Next_Button' is clicked on

2018-07-16 13:13:05 - [MESSAGE][PASSED] - Object: 'Object Repository/OMVA_Login_Page/Next_Button' is clicked on

2018-07-16 13:13:05 - [TEST_STEP][PASSED] - waitForElementVisible: Object 'Object Repository/OMVA_Login_Page/Password_Textbox' is visible

2018-07-16 13:13:06 - [MESSAGE][PASSED] - Object 'Object Repository/OMVA_Login_Page/Password_Textbox' is visible

2018-07-16 13:13:06 - [TEST_STEP][PASSED] - sendKeys: Keys 'SuperAdmin' sent to object: 'Object Repository/OMVA_Login_Page/Password_Textbox'

2018-07-16 13:13:06 - [MESSAGE][PASSED] - Keys 'SuperAdmin' sent to object: 'Object Repository/OMVA_Login_Page/Password_Textbox'

2018-07-16 13:13:06 - [TEST_STEP][PASSED] - click: Object: 'Object Repository/OMVA_Login_Page/Signin_Button' is clicked on

2018-07-16 13:13:06 - [MESSAGE][PASSED] - Object: 'Object Repository/OMVA_Login_Page/Signin_Button' is clicked on

2018-07-16 13:13:06 - [TEST_STEP][PASSED] - delay: Delayed 5 second(s)

2018-07-16 13:13:11 - [MESSAGE][PASSED] - Delayed 5 second(s)

2018-07-16 13:13:11 - [TEST_STEP][PASSED] - waitForElementPresent: Object 'Object Repository/OMVA_Landing_Page/CreateUser_Button' is present

2018-07-16 13:13:12 - [MESSAGE][PASSED] - Object 'Object Repository/OMVA_Landing_Page/CreateUser_Button' is present

2018-07-16 13:13:12 - [TEST_STEP][PASSED] - click: Object: 'Object Repository/OMVA_Landing_Page/CreateUser_Button' is clicked on

2018-07-16 13:13:12 - [MESSAGE][PASSED] - Object: 'Object Repository/OMVA_Landing_Page/CreateUser_Button' is clicked on

2018-07-16 13:13:12 - [TEST_STEP][PASSED] - delay: Delayed 5 second(s)

2018-07-16 13:13:17 - [MESSAGE][PASSED] - Delayed 5 second(s)

2018-07-16 13:13:17 - [TEST_STEP][PASSED] - waitForElementPresent: Object 'Object Repository/OMVA_UserManagement_Page/Role_Dropdown' is present

2018-07-16 13:13:17 - [MESSAGE][PASSED] - Object 'Object Repository/OMVA_UserManagement_Page/Role_Dropdown' is present

2018-07-16 13:13:17 - [TEST_STEP][PASSED] - click: Object: 'Object Repository/OMVA_UserManagement_Page/Role_Dropdown' is clicked on

2018-07-16 13:13:17 - [MESSAGE][PASSED] - Object: 'Object Repository/OMVA_UserManagement_Page/Role_Dropdown' is clicked on

2018-07-16 13:13:17 - [TEST_STEP][PASSED] - scrollToElement: Scroll to object 'Object Repository/OMVA_UserManagement_Page/DropdownOption_RoleDropdown_Market Admin' successfully

2018-07-16 13:13:17 - [MESSAGE][WARNING] - Timeout '0' is invalid. Using default page load timeout: '15'

2018-07-16 13:13:17 - [MESSAGE][PASSED] - Scroll to object 'Object Repository/OMVA_UserManagement_Page/DropdownOption_RoleDropdown_Market Admin' successfully

2018-07-16 13:13:17 - [TEST_STEP][PASSED] - click: Object: 'Object Repository/OMVA_UserManagement_Page/DropdownOption_RoleDropdown_Market Admin' is clicked on

2018-07-16 13:13:17 - [MESSAGE][PASSED] - Object: 'Object Repository/OMVA_UserManagement_Page/DropdownOption_RoleDropdown_Market Admin' is clicked on

2018-07-16 13:13:17 - [TEST_STEP][PASSED] - Statement - username = CustomKeywords.commonLibrary.commonFunctions.randomStringFunction("abcdefghijklmnopqrstuvwxyz", 6): commonLibrary.commonFunctions.randomStringFunction is PASSED

2018-07-16 13:13:17 - [MESSAGE][PASSED] - commonLibrary.commonFunctions.randomStringFunction is PASSED

2018-07-16 13:13:17 - [TEST_STEP][PASSED] - sendKeys: Keys 'npuknh' sent to object: 'Object Repository/OMVA_UserManagement_Page/UserName_Textbox'

2018-07-16 13:13:17 - [MESSAGE][PASSED] - Keys 'npuknh' sent to object: 'Object Repository/OMVA_UserManagement_Page/UserName_Textbox'

2018-07-16 13:13:17 - [TEST_STEP][PASSED] - Statement - emailidprefix = CustomKeywords.commonLibrary.commonFunctions.randomStringFunction("abcdefghijklmnopqrstuvwxyz", 9): commonLibrary.commonFunctions.randomStringFunction is PASSED

2018-07-16 13:13:17 - [MESSAGE][PASSED] - commonLibrary.commonFunctions.randomStringFunction is PASSED

2018-07-16 13:13:17 - [TEST_STEP][PASSED] - sendKeys: Keys 'ulksrybji@autotestpg.com' sent to object: 'Object Repository/OMVA_UserManagement_Page/EmailID_Textbox'

2018-07-16 13:13:18 - [MESSAGE][PASSED] - Keys 'ulksrybji@autotestpg.com' sent to object: 'Object Repository/OMVA_UserManagement_Page/EmailID_Textbox'

2018-07-16 13:13:18 - [TEST_STEP][PASSED] - Statement - firstname = CustomKeywords.commonLibrary.commonFunctions.randomStringFunction("abcdefghijklmnopqrstuvwxyz", 7): commonLibrary.commonFunctions.randomStringFunction is PASSED

2018-07-16 13:13:18 - [MESSAGE][PASSED] - commonLibrary.commonFunctions.randomStringFunction is PASSED

2018-07-16 13:13:18 - [TEST_STEP][PASSED] - sendKeys: Keys 'awanbmd' sent to object: 'Object Repository/OMVA_UserManagement_Page/FirstName_Textbox'

2018-07-16 13:13:18 - [MESSAGE][PASSED] - Keys 'awanbmd' sent to object: 'Object Repository/OMVA_UserManagement_Page/FirstName_Textbox'

2018-07-16 13:13:18 - [TEST_STEP][PASSED] - Statement - lastname = CustomKeywords.commonLibrary.commonFunctions.randomStringFunction("abcdefghijklmnopqrstuvwxyz", 7): commonLibrary.commonFunctions.randomStringFunction is PASSED

2018-07-16 13:13:18 - [MESSAGE][PASSED] - commonLibrary.commonFunctions.randomStringFunction is PASSED

2018-07-16 13:13:18 - [TEST_STEP][PASSED] - sendKeys: Keys 'aiieixn' sent to object: 'Object Repository/OMVA_UserManagement_Page/LastName_Textbox'

2018-07-16 13:13:18 - [MESSAGE][PASSED] - Keys 'aiieixn' sent to object: 'Object Repository/OMVA_UserManagement_Page/LastName_Textbox'

2018-07-16 13:13:18 - [TEST_STEP][PASSED] - Statement - ticketnum = CustomKeywords.commonLibrary.commonFunctions.randomStringFunction("123456789", 7): commonLibrary.commonFunctions.randomStringFunction is PASSED

2018-07-16 13:13:18 - [MESSAGE][PASSED] - commonLibrary.commonFunctions.randomStringFunction is PASSED

2018-07-16 13:13:18 - [TEST_STEP][PASSED] - sendKeys: Keys '2615421' sent to object: 'Object Repository/OMVA_UserManagement_Page/TicketNumber_Textbox'

2018-07-16 13:13:18 - [MESSAGE][PASSED] - Keys '2615421' sent to object: 'Object Repository/OMVA_UserManagement_Page/TicketNumber_Textbox'

2018-07-16 13:13:18 - [TEST_STEP][PASSED] - click: Object: 'Object Repository/OMVA_UserManagement_Page/SaveandExit_Button' is clicked on

2018-07-16 13:13:19 - [MESSAGE][PASSED] - Object: 'Object Repository/OMVA_UserManagement_Page/SaveandExit_Button' is clicked on

2018-07-16 13:13:19 - [TEST_STEP][PASSED] - delay: Delayed 4 second(s)

2018-07-16 13:13:23 - [MESSAGE][PASSED] - Delayed 4 second(s)

2018-07-16 13:13:23 - [TEST_STEP][PASSED] - waitForElementPresent: Object 'Object Repository/OMVA_UserManagement_Page/SaveExit_button_Htext' is present

2018-07-16 13:13:23 - [MESSAGE][PASSED] - Object 'Object Repository/OMVA_UserManagement_Page/SaveExit_button_Htext' is present

2018-07-16 13:13:23 - [TEST_STEP][PASSED] - Statement - assert true: null

2018-07-16 13:13:23 - [TEST_STEP][PASSED] - verifyElementText: Actual text and expected text of test object 'Object Repository/OMVA_UserManagement_Page/SaveExit_button_Htext' are matched.

2018-07-16 13:13:23 - [MESSAGE][PASSED] - Actual text and expected text of test object 'Object Repository/OMVA_UserManagement_Page/SaveExit_button_Htext' are matched.

2018-07-16 13:13:23 - [TEST_STEP][PASSED] - delay: Delayed 2 second(s)

2018-07-16 13:13:25 - [MESSAGE][PASSED] - Delayed 2 second(s)

2018-07-16 13:13:25 - [TEST_STEP][PASSED] - verifyElementText: Actual text and expected text of test object 'Object Repository/OMVA_UserManagement_Page/SaveExit_button_Popup_Ctext' are matched.

2018-07-16 13:13:25 - [MESSAGE][PASSED] - Actual text and expected text of test object 'Object Repository/OMVA_UserManagement_Page/SaveExit_button_Popup_Ctext' are matched.

2018-07-16 13:13:25 - [TEST_STEP][PASSED] - Statement - assert true: null

2018-07-16 13:13:25 - [TEST_STEP][PASSED] - click: Object: 'Object Repository/OMVA_UserManagement_Page/SaveExit_button_Popup_OK' is clicked on

2018-07-16 13:13:25 - [MESSAGE][PASSED] - Object: 'Object Repository/OMVA_UserManagement_Page/SaveExit_button_Popup_OK' is clicked on

2018-07-16 13:13:25 - [TEST_STEP][PASSED] - Statement - greetingtext = com.kms.katalon.core.webui.keyword.WebUiBuiltInKeywords.getText(com.kms.katalon.core.testobject.ObjectRepository.findTestObject(OMVA_Landing_Page/Greeting_Label)): Text of object 'Object Repository/OMVA_Landing_Page/Greeting_Label' is: 'Good Afternoon, SuperAdmin'

2018-07-16 13:13:25 - [MESSAGE][PASSED] - Text of object 'Object Repository/OMVA_Landing_Page/Greeting_Label' is: 'Good Afternoon, SuperAdmin'

2018-07-16 13:13:25 - [TEST_STEP][PASSED] - verifyMatch: Actual text 'Good Afternoon, SuperAdmin' and expected text '\D*SuperAdmin' are matched  using regular expression

2018-07-16 13:13:25 - [MESSAGE][PASSED] - Actual text 'Good Afternoon, SuperAdmin' and expected text '\D*SuperAdmin' are matched  using regular expression

2018-07-16 13:13:25 - [TEST_STEP][PASSED] - closeBrowser: Browser is closed

2018-07-16 13:13:26 - [MESSAGE][PASSED] - Browser is closed]]></system-out>
         <system-err><![CDATA[]]></system-err>
      </testcase>
      <testcase name="Test Cases/UserManagementTestCases/CreateUser/Verifying_Duplicate_EmailID" classname="Test Cases/UserManagementTestCases/CreateUser/Verifying_Duplicate_EmailID" status="PASSED">
         <system-out><![CDATA[2018-07-16 13:13:26 - [TEST_CASE][PASSED] - Test Cases/UserManagementTestCases/CreateUser/Verifying_Duplicate_EmailID: Test Cases/UserManagementTestCases/CreateUser/Verifying_Duplicate_EmailID

2018-07-16 13:13:27 - [TEST_STEP][PASSED] - callTestCase: Call Test Case 'Test Cases/CommonTestcases/OpenBrowserandNavigateToQAURL' successfully

2018-07-16 13:13:27 - [TEST_CASE][PASSED] - Test Cases/CommonTestcases/OpenBrowserandNavigateToQAURL: Test Cases/CommonTestcases/OpenBrowserandNavigateToQAURL

2018-07-16 13:13:27 - [TEST_STEP][PASSED] - openBrowser: Browser is opened with url: ''

2018-07-16 13:13:29 - [MESSAGE][PASSED] - Browser is opened with url: ''

2018-07-16 13:13:29 - [TEST_STEP][PASSED] - navigateToUrl: Navigate to 'https://coa-demo-env.azurewebsites.net/da/index.html#/login' successfully

2018-07-16 13:13:34 - [MESSAGE][PASSED] - Navigate to 'https://coa-demo-env.azurewebsites.net/da/index.html#/login' successfully

2018-07-16 13:13:34 - [TEST_STEP][PASSED] - maximizeWindow: Current window maximized

2018-07-16 13:13:36 - [MESSAGE][PASSED] - Current window maximized

2018-07-16 13:13:36 - [MESSAGE][PASSED] - Call Test Case 'Test Cases/CommonTestcases/OpenBrowserandNavigateToQAURL' successfully

2018-07-16 13:13:36 - [TEST_STEP][PASSED] - waitForElementVisible: Object 'Object Repository/OMVA_Login_Page/Username_Textbox' is visible

2018-07-16 13:13:36 - [MESSAGE][PASSED] - Object 'Object Repository/OMVA_Login_Page/Username_Textbox' is visible

2018-07-16 13:13:36 - [TEST_STEP][PASSED] - sendKeys: Keys 'SuperAdmin' sent to object: 'Object Repository/OMVA_Login_Page/Username_Textbox'

2018-07-16 13:13:36 - [MESSAGE][PASSED] - Keys 'SuperAdmin' sent to object: 'Object Repository/OMVA_Login_Page/Username_Textbox'

2018-07-16 13:13:36 - [TEST_STEP][PASSED] - click: Object: 'Object Repository/OMVA_Login_Page/Next_Button' is clicked on

2018-07-16 13:13:36 - [MESSAGE][PASSED] - Object: 'Object Repository/OMVA_Login_Page/Next_Button' is clicked on

2018-07-16 13:13:36 - [TEST_STEP][PASSED] - waitForElementVisible: Object 'Object Repository/OMVA_Login_Page/Password_Textbox' is visible

2018-07-16 13:13:36 - [MESSAGE][PASSED] - Object 'Object Repository/OMVA_Login_Page/Password_Textbox' is visible

2018-07-16 13:13:36 - [TEST_STEP][PASSED] - sendKeys: Keys 'SuperAdmin' sent to object: 'Object Repository/OMVA_Login_Page/Password_Textbox'

2018-07-16 13:13:37 - [MESSAGE][PASSED] - Keys 'SuperAdmin' sent to object: 'Object Repository/OMVA_Login_Page/Password_Textbox'

2018-07-16 13:13:37 - [TEST_STEP][PASSED] - click: Object: 'Object Repository/OMVA_Login_Page/Signin_Button' is clicked on

2018-07-16 13:13:37 - [MESSAGE][PASSED] - Object: 'Object Repository/OMVA_Login_Page/Signin_Button' is clicked on

2018-07-16 13:13:37 - [TEST_STEP][PASSED] - waitForPageLoad: Wait for page load successfully

2018-07-16 13:13:37 - [MESSAGE][PASSED] - Wait for page load successfully

2018-07-16 13:13:37 - [TEST_STEP][PASSED] - delay: Delayed 4 second(s)

2018-07-16 13:13:41 - [MESSAGE][PASSED] - Delayed 4 second(s)

2018-07-16 13:13:41 - [TEST_STEP][PASSED] - Statement - If (true): null

2018-07-16 13:13:41 - [TEST_STEP][PASSED] - waitForElementPresent: Object 'Object Repository/OMVA_Landing_Page/CreateUser_Button' is present

2018-07-16 13:13:41 - [MESSAGE][PASSED] - Object 'Object Repository/OMVA_Landing_Page/CreateUser_Button' is present

2018-07-16 13:13:41 - [TEST_STEP][PASSED] - click: Object: 'Object Repository/OMVA_Landing_Page/CreateUser_Button' is clicked on

2018-07-16 13:13:41 - [MESSAGE][PASSED] - Object: 'Object Repository/OMVA_Landing_Page/CreateUser_Button' is clicked on

2018-07-16 13:13:41 - [TEST_STEP][PASSED] - Statement - assert true: null

2018-07-16 13:13:41 - [TEST_STEP][PASSED] - waitForElementPresent: Object 'Object Repository/OMVA_UserManagement_Page/Role_Dropdown' is present

2018-07-16 13:13:41 - [MESSAGE][PASSED] - Object 'Object Repository/OMVA_UserManagement_Page/Role_Dropdown' is present

2018-07-16 13:13:41 - [TEST_STEP][PASSED] - delay: Delayed 3 second(s)

2018-07-16 13:13:44 - [MESSAGE][PASSED] - Delayed 3 second(s)

2018-07-16 13:13:44 - [TEST_STEP][PASSED] - click: Object: 'Object Repository/OMVA_UserManagement_Page/Role_Dropdown' is clicked on

2018-07-16 13:13:45 - [MESSAGE][PASSED] - Object: 'Object Repository/OMVA_UserManagement_Page/Role_Dropdown' is clicked on

2018-07-16 13:13:45 - [TEST_STEP][PASSED] - scrollToElement: Scroll to object 'Object Repository/OMVA_UserManagement_Page/DropdownOption_RoleDropdown_Market Admin' successfully

2018-07-16 13:13:45 - [MESSAGE][WARNING] - Timeout '0' is invalid. Using default page load timeout: '15'

2018-07-16 13:13:45 - [MESSAGE][PASSED] - Scroll to object 'Object Repository/OMVA_UserManagement_Page/DropdownOption_RoleDropdown_Market Admin' successfully

2018-07-16 13:13:45 - [TEST_STEP][PASSED] - click: Object: 'Object Repository/OMVA_UserManagement_Page/DropdownOption_RoleDropdown_Market Admin' is clicked on

2018-07-16 13:13:45 - [MESSAGE][PASSED] - Object: 'Object Repository/OMVA_UserManagement_Page/DropdownOption_RoleDropdown_Market Admin' is clicked on

2018-07-16 13:13:45 - [TEST_STEP][PASSED] - Statement - username = CustomKeywords.commonLibrary.commonFunctions.randomStringFunction("abcdefghijklmnopqrstuvwxyz", 6): commonLibrary.commonFunctions.randomStringFunction is PASSED

2018-07-16 13:13:45 - [MESSAGE][PASSED] - commonLibrary.commonFunctions.randomStringFunction is PASSED

2018-07-16 13:13:45 - [TEST_STEP][PASSED] - sendKeys: Keys 'iezkxa' sent to object: 'Object Repository/OMVA_UserManagement_Page/UserName_Textbox'

2018-07-16 13:13:45 - [MESSAGE][PASSED] - Keys 'iezkxa' sent to object: 'Object Repository/OMVA_UserManagement_Page/UserName_Textbox'

2018-07-16 13:13:45 - [TEST_STEP][PASSED] - sendKeys: Keys 'santosh@k.com' sent to object: 'Object Repository/OMVA_UserManagement_Page/EmailID_Textbox'

2018-07-16 13:13:46 - [MESSAGE][PASSED] - Keys 'santosh@k.com' sent to object: 'Object Repository/OMVA_UserManagement_Page/EmailID_Textbox'

2018-07-16 13:13:46 - [TEST_STEP][PASSED] - sendKeys: Keys 'santosh' sent to object: 'Object Repository/OMVA_UserManagement_Page/FirstName_Textbox'

2018-07-16 13:13:46 - [MESSAGE][PASSED] - Keys 'santosh' sent to object: 'Object Repository/OMVA_UserManagement_Page/FirstName_Textbox'

2018-07-16 13:13:46 - [TEST_STEP][PASSED] - sendKeys: Keys 'k' sent to object: 'Object Repository/OMVA_UserManagement_Page/LastName_Textbox'

2018-07-16 13:13:46 - [MESSAGE][PASSED] - Keys 'k' sent to object: 'Object Repository/OMVA_UserManagement_Page/LastName_Textbox'

2018-07-16 13:13:46 - [TEST_STEP][PASSED] - sendKeys: Keys '1212' sent to object: 'Object Repository/OMVA_UserManagement_Page/TicketNumber_Textbox'

2018-07-16 13:13:46 - [MESSAGE][PASSED] - Keys '1212' sent to object: 'Object Repository/OMVA_UserManagement_Page/TicketNumber_Textbox'

2018-07-16 13:13:46 - [TEST_STEP][PASSED] - click: Object: 'Object Repository/OMVA_UserManagement_Page/Next_Button' is clicked on

2018-07-16 13:13:46 - [MESSAGE][PASSED] - Object: 'Object Repository/OMVA_UserManagement_Page/Next_Button' is clicked on

2018-07-16 13:13:46 - [TEST_STEP][PASSED] - Statement - ActualToastMessage = com.kms.katalon.core.webui.keyword.WebUiBuiltInKeywords.getText(com.kms.katalon.core.testobject.ObjectRepository.findTestObject(OMVA_UserManagement_Page/EmailID_ToastMsg)): Text of object 'Object Repository/OMVA_UserManagement_Page/EmailID_ToastMsg' is: 'Email ID already exists.'

2018-07-16 13:13:47 - [MESSAGE][PASSED] - Text of object 'Object Repository/OMVA_UserManagement_Page/EmailID_ToastMsg' is: 'Email ID already exists.'

2018-07-16 13:13:47 - [TEST_STEP][PASSED] - verifyMatch: Actual text 'Email ID already exists.' and expected text 'Email ID already exists.' are matched  using regular expression

2018-07-16 13:13:47 - [MESSAGE][PASSED] - Actual text 'Email ID already exists.' and expected text 'Email ID already exists.' are matched  using regular expression

2018-07-16 13:13:47 - [TEST_STEP][PASSED] - closeBrowser: Browser is closed

2018-07-16 13:13:48 - [MESSAGE][PASSED] - Browser is closed]]></system-out>
         <system-err><![CDATA[]]></system-err>
      </testcase>
      <testcase name="Test Cases/UserManagementTestCases/UserActions/Activate_User" classname="Test Cases/UserManagementTestCases/UserActions/Activate_User" status="FAILED">
         <failure type="FAILED" message="Unable to verify match between actual text '' and expected text 'Confirm Activation' using regular expression (Root cause: Actual text '' and expected text 'Confirm Activation' are not matched using regular expression)"/>
         <system-out><![CDATA[2018-07-16 13:13:48 - [TEST_CASE][FAILED] - Test Cases/UserManagementTestCases/UserActions/Activate_User: Test Cases/UserManagementTestCases/UserActions/Activate_User FAILED because (of) Unable to verify match between actual text '' and expected text 'Confirm Activation' using regular expression (Root cause: Actual text '' and expected text 'Confirm Activation' are not matched using regular expression)

2018-07-16 13:13:48 - [TEST_STEP][PASSED] - callTestCase: Call Test Case 'Test Cases/CommonTestcases/OpenBrowserandNavigateToQAURL' successfully

2018-07-16 13:13:48 - [TEST_CASE][PASSED] - Test Cases/CommonTestcases/OpenBrowserandNavigateToQAURL: Test Cases/CommonTestcases/OpenBrowserandNavigateToQAURL

2018-07-16 13:13:48 - [TEST_STEP][PASSED] - openBrowser: Browser is opened with url: ''

2018-07-16 13:13:51 - [MESSAGE][PASSED] - Browser is opened with url: ''

2018-07-16 13:13:51 - [TEST_STEP][PASSED] - navigateToUrl: Navigate to 'https://coa-demo-env.azurewebsites.net/da/index.html#/login' successfully

2018-07-16 13:13:56 - [MESSAGE][PASSED] - Navigate to 'https://coa-demo-env.azurewebsites.net/da/index.html#/login' successfully

2018-07-16 13:13:56 - [TEST_STEP][PASSED] - maximizeWindow: Current window maximized

2018-07-16 13:13:57 - [MESSAGE][PASSED] - Current window maximized

2018-07-16 13:13:57 - [MESSAGE][PASSED] - Call Test Case 'Test Cases/CommonTestcases/OpenBrowserandNavigateToQAURL' successfully

2018-07-16 13:13:57 - [TEST_STEP][PASSED] - waitForElementVisible: Object 'Object Repository/OMVA_Login_Page/Username_Textbox' is visible

2018-07-16 13:13:57 - [MESSAGE][PASSED] - Object 'Object Repository/OMVA_Login_Page/Username_Textbox' is visible

2018-07-16 13:13:57 - [TEST_STEP][PASSED] - sendKeys: Keys 'SuperAdmin' sent to object: 'Object Repository/OMVA_Login_Page/Username_Textbox'

2018-07-16 13:13:57 - [MESSAGE][PASSED] - Keys 'SuperAdmin' sent to object: 'Object Repository/OMVA_Login_Page/Username_Textbox'

2018-07-16 13:13:57 - [TEST_STEP][PASSED] - click: Object: 'Object Repository/OMVA_Login_Page/Next_Button' is clicked on

2018-07-16 13:13:57 - [MESSAGE][PASSED] - Object: 'Object Repository/OMVA_Login_Page/Next_Button' is clicked on

2018-07-16 13:13:57 - [TEST_STEP][PASSED] - waitForElementVisible: Object 'Object Repository/OMVA_Login_Page/Password_Textbox' is visible

2018-07-16 13:13:57 - [MESSAGE][PASSED] - Object 'Object Repository/OMVA_Login_Page/Password_Textbox' is visible

2018-07-16 13:13:57 - [TEST_STEP][PASSED] - sendKeys: Keys 'SuperAdmin' sent to object: 'Object Repository/OMVA_Login_Page/Password_Textbox'

2018-07-16 13:13:58 - [MESSAGE][PASSED] - Keys 'SuperAdmin' sent to object: 'Object Repository/OMVA_Login_Page/Password_Textbox'

2018-07-16 13:13:58 - [TEST_STEP][PASSED] - click: Object: 'Object Repository/OMVA_Login_Page/Signin_Button' is clicked on

2018-07-16 13:13:58 - [MESSAGE][PASSED] - Object: 'Object Repository/OMVA_Login_Page/Signin_Button' is clicked on

2018-07-16 13:13:58 - [TEST_STEP][PASSED] - waitForPageLoad: Wait for page load successfully

2018-07-16 13:13:58 - [MESSAGE][PASSED] - Wait for page load successfully

2018-07-16 13:13:58 - [TEST_STEP][PASSED] - delay: Delayed 5 second(s)

2018-07-16 13:14:03 - [MESSAGE][PASSED] - Delayed 5 second(s)

2018-07-16 13:14:03 - [TEST_STEP][PASSED] - waitForElementPresent: Object 'Object Repository/OMVA_Landing_Page/CreateUser_Button' is present

2018-07-16 13:14:05 - [MESSAGE][PASSED] - Object 'Object Repository/OMVA_Landing_Page/CreateUser_Button' is present

2018-07-16 13:14:05 - [TEST_STEP][PASSED] - click: Object: 'Object Repository/OMVA_Landing_Page/CreateUser_Button' is clicked on

2018-07-16 13:14:07 - [MESSAGE][PASSED] - Object: 'Object Repository/OMVA_Landing_Page/CreateUser_Button' is clicked on

2018-07-16 13:14:07 - [TEST_STEP][PASSED] - delay: Delayed 3 second(s)

2018-07-16 13:14:10 - [MESSAGE][PASSED] - Delayed 3 second(s)

2018-07-16 13:14:10 - [TEST_STEP][PASSED] - waitForElementPresent: Object 'Object Repository/OMVA_UserManagement_Page/Role_Dropdown' is present

2018-07-16 13:14:10 - [MESSAGE][PASSED] - Object 'Object Repository/OMVA_UserManagement_Page/Role_Dropdown' is present

2018-07-16 13:14:10 - [TEST_STEP][PASSED] - Statement - If (true): null

2018-07-16 13:14:10 - [TEST_STEP][PASSED] - click: Object: 'Object Repository/OMVA_UserManagement_Page/Role_Dropdown' is clicked on

2018-07-16 13:14:11 - [MESSAGE][PASSED] - Object: 'Object Repository/OMVA_UserManagement_Page/Role_Dropdown' is clicked on

2018-07-16 13:14:11 - [TEST_STEP][PASSED] - Statement - assert true: null

2018-07-16 13:14:11 - [TEST_STEP][PASSED] - scrollToElement: Scroll to object 'Object Repository/OMVA_UserManagement_Page/DropdownOption_RoleDropdown_Market Admin' successfully

2018-07-16 13:14:11 - [MESSAGE][WARNING] - Timeout '0' is invalid. Using default page load timeout: '15'

2018-07-16 13:14:11 - [MESSAGE][PASSED] - Scroll to object 'Object Repository/OMVA_UserManagement_Page/DropdownOption_RoleDropdown_Market Admin' successfully

2018-07-16 13:14:11 - [TEST_STEP][PASSED] - click: Object: 'Object Repository/OMVA_UserManagement_Page/DropdownOption_RoleDropdown_Market Admin' is clicked on

2018-07-16 13:14:12 - [MESSAGE][PASSED] - Object: 'Object Repository/OMVA_UserManagement_Page/DropdownOption_RoleDropdown_Market Admin' is clicked on

2018-07-16 13:14:12 - [TEST_STEP][PASSED] - Statement - username = CustomKeywords.commonLibrary.commonFunctions.randomStringFunction("abcdefghijklmnopqrstuvwxyz", 6): commonLibrary.commonFunctions.randomStringFunction is PASSED

2018-07-16 13:14:12 - [MESSAGE][PASSED] - commonLibrary.commonFunctions.randomStringFunction is PASSED

2018-07-16 13:14:12 - [TEST_STEP][PASSED] - sendKeys: Keys 'pjmvtw' sent to object: 'Object Repository/OMVA_UserManagement_Page/UserName_Textbox'

2018-07-16 13:14:13 - [MESSAGE][PASSED] - Keys 'pjmvtw' sent to object: 'Object Repository/OMVA_UserManagement_Page/UserName_Textbox'

2018-07-16 13:14:13 - [TEST_STEP][PASSED] - Statement - emailidprefix = CustomKeywords.commonLibrary.commonFunctions.randomStringFunction("abcdefghijklmnopqrstuvwxyz", 9): commonLibrary.commonFunctions.randomStringFunction is PASSED

2018-07-16 13:14:13 - [MESSAGE][PASSED] - commonLibrary.commonFunctions.randomStringFunction is PASSED

2018-07-16 13:14:13 - [TEST_STEP][PASSED] - sendKeys: Keys 'wdptnotmw@autotestpg.com' sent to object: 'Object Repository/OMVA_UserManagement_Page/EmailID_Textbox'

2018-07-16 13:14:17 - [MESSAGE][PASSED] - Keys 'wdptnotmw@autotestpg.com' sent to object: 'Object Repository/OMVA_UserManagement_Page/EmailID_Textbox'

2018-07-16 13:14:17 - [TEST_STEP][PASSED] - Statement - firstname = CustomKeywords.commonLibrary.commonFunctions.randomStringFunction("abcdefghijklmnopqrstuvwxyz", 7): commonLibrary.commonFunctions.randomStringFunction is PASSED

2018-07-16 13:14:17 - [MESSAGE][PASSED] - commonLibrary.commonFunctions.randomStringFunction is PASSED

2018-07-16 13:14:17 - [TEST_STEP][PASSED] - sendKeys: Keys 'zuqmobs' sent to object: 'Object Repository/OMVA_UserManagement_Page/FirstName_Textbox'

2018-07-16 13:14:17 - [MESSAGE][PASSED] - Keys 'zuqmobs' sent to object: 'Object Repository/OMVA_UserManagement_Page/FirstName_Textbox'

2018-07-16 13:14:17 - [TEST_STEP][PASSED] - Statement - lastname = CustomKeywords.commonLibrary.commonFunctions.randomStringFunction("abcdefghijklmnopqrstuvwxyz", 7): commonLibrary.commonFunctions.randomStringFunction is PASSED

2018-07-16 13:14:17 - [MESSAGE][PASSED] - commonLibrary.commonFunctions.randomStringFunction is PASSED

2018-07-16 13:14:17 - [TEST_STEP][PASSED] - sendKeys: Keys 'gnctqyy' sent to object: 'Object Repository/OMVA_UserManagement_Page/LastName_Textbox'

2018-07-16 13:14:17 - [MESSAGE][PASSED] - Keys 'gnctqyy' sent to object: 'Object Repository/OMVA_UserManagement_Page/LastName_Textbox'

2018-07-16 13:14:17 - [TEST_STEP][PASSED] - Statement - ticketnum = CustomKeywords.commonLibrary.commonFunctions.randomStringFunction("123456789", 7): commonLibrary.commonFunctions.randomStringFunction is PASSED

2018-07-16 13:14:17 - [MESSAGE][PASSED] - commonLibrary.commonFunctions.randomStringFunction is PASSED

2018-07-16 13:14:17 - [TEST_STEP][PASSED] - sendKeys: Keys '6852516' sent to object: 'Object Repository/OMVA_UserManagement_Page/TicketNumber_Textbox'

2018-07-16 13:14:18 - [MESSAGE][PASSED] - Keys '6852516' sent to object: 'Object Repository/OMVA_UserManagement_Page/TicketNumber_Textbox'

2018-07-16 13:14:18 - [TEST_STEP][PASSED] - click: Object: 'Object Repository/OMVA_UserManagement_Page/Next_Button_Update' is clicked on

2018-07-16 13:14:18 - [MESSAGE][PASSED] - Object: 'Object Repository/OMVA_UserManagement_Page/Next_Button_Update' is clicked on

2018-07-16 13:14:18 - [TEST_STEP][PASSED] - applicationLibrary.checkboxMultiselection.multiselectCheckbox: applicationLibrary.checkboxMultiselection.multiselectCheckbox is PASSED

2018-07-16 13:14:20 - [MESSAGE][PASSED] - applicationLibrary.checkboxMultiselection.multiselectCheckbox is PASSED

2018-07-16 13:14:20 - [TEST_STEP][PASSED] - scrollToElement: Scroll to object 'Object Repository/OMVA_UserManagement_Page/Customer_Next_Btn' successfully

2018-07-16 13:14:20 - [MESSAGE][PASSED] - Scroll to object 'Object Repository/OMVA_UserManagement_Page/Customer_Next_Btn' successfully

2018-07-16 13:14:20 - [TEST_STEP][PASSED] - click: Object: 'Object Repository/OMVA_UserManagement_Page/Customer_Next_Btn' is clicked on

2018-07-16 13:14:20 - [MESSAGE][PASSED] - Object: 'Object Repository/OMVA_UserManagement_Page/Customer_Next_Btn' is clicked on

2018-07-16 13:14:20 - [TEST_STEP][PASSED] - applicationLibrary.checkboxMultiselection.multiselectCheckbox: applicationLibrary.checkboxMultiselection.multiselectCheckbox is PASSED

2018-07-16 13:14:23 - [MESSAGE][PASSED] - applicationLibrary.checkboxMultiselection.multiselectCheckbox is PASSED

2018-07-16 13:14:23 - [TEST_STEP][PASSED] - click: Object: 'Object Repository/OMVA_UserManagement_Page/UserCreation_Save_Btn' is clicked on

2018-07-16 13:14:23 - [MESSAGE][PASSED] - Object: 'Object Repository/OMVA_UserManagement_Page/UserCreation_Save_Btn' is clicked on

2018-07-16 13:14:23 - [TEST_STEP][PASSED] - waitForElementPresent: Object 'Object Repository/OMVA_UserManagement_Page/UserCreation_HeaderTxt' is present

2018-07-16 13:14:23 - [MESSAGE][PASSED] - Object 'Object Repository/OMVA_UserManagement_Page/UserCreation_HeaderTxt' is present

2018-07-16 13:14:23 - [TEST_STEP][PASSED] - verifyElementText: Actual text and expected text of test object 'Object Repository/OMVA_UserManagement_Page/UserCreation_HeaderTxt' are matched.

2018-07-16 13:14:23 - [MESSAGE][PASSED] - Actual text and expected text of test object 'Object Repository/OMVA_UserManagement_Page/UserCreation_HeaderTxt' are matched.

2018-07-16 13:14:23 - [TEST_STEP][PASSED] - verifyElementText: Actual text and expected text of test object 'Object Repository/OMVA_UserManagement_Page/UserCreation_ContentTxt' are matched.

2018-07-16 13:14:24 - [MESSAGE][PASSED] - Actual text and expected text of test object 'Object Repository/OMVA_UserManagement_Page/UserCreation_ContentTxt' are matched.

2018-07-16 13:14:24 - [TEST_STEP][PASSED] - click: Object: 'Object Repository/OMVA_UserManagement_Page/UserCreation_OK_Btn' is clicked on

2018-07-16 13:14:24 - [MESSAGE][PASSED] - Object: 'Object Repository/OMVA_UserManagement_Page/UserCreation_OK_Btn' is clicked on

2018-07-16 13:14:24 - [TEST_STEP][PASSED] - delay: Delayed 5 second(s)

2018-07-16 13:14:29 - [MESSAGE][PASSED] - Delayed 5 second(s)

2018-07-16 13:14:29 - [TEST_STEP][PASSED] - waitForElementPresent: Object 'Object Repository/OMVA_UserManagement_Page/Created_User_Username' is present

2018-07-16 13:14:29 - [MESSAGE][PASSED] - Object 'Object Repository/OMVA_UserManagement_Page/Created_User_Username' is present

2018-07-16 13:14:29 - [TEST_STEP][PASSED] - Statement - createdNewuser = com.kms.katalon.core.webui.keyword.WebUiBuiltInKeywords.getText(com.kms.katalon.core.testobject.ObjectRepository.findTestObject(OMVA_UserManagement_Page/Created_User_Username)): Text of object 'Object Repository/OMVA_UserManagement_Page/Created_User_Username' is: 'zuqmobs gnctqyy'

2018-07-16 13:14:29 - [MESSAGE][PASSED] - Text of object 'Object Repository/OMVA_UserManagement_Page/Created_User_Username' is: 'zuqmobs gnctqyy'

2018-07-16 13:14:29 - [TEST_STEP][PASSED] - Statement - uname = createdNewuser.toString(): null

2018-07-16 13:14:29 - [TEST_STEP][PASSED] - Statement - createduser = com.kms.katalon.core.webui.keyword.WebUiBuiltInKeywords.verifyMatch(createdNewuser, firstname + " " + lastname, true): Actual text 'zuqmobs gnctqyy' and expected text 'zuqmobs gnctqyy' are matched  using regular expression

2018-07-16 13:14:29 - [MESSAGE][PASSED] - Actual text 'zuqmobs gnctqyy' and expected text 'zuqmobs gnctqyy' are matched  using regular expression

2018-07-16 13:14:29 - [TEST_STEP][PASSED] - delay: Delayed 5 second(s)

2018-07-16 13:14:34 - [MESSAGE][PASSED] - Delayed 5 second(s)

2018-07-16 13:14:34 - [TEST_STEP][PASSED] - applicationLibrary.ClicksCreatedUserDashboard.editUser: applicationLibrary.ClicksCreatedUserDashboard.editUser is PASSED

2018-07-16 13:14:34 - [MESSAGE][PASSED] - applicationLibrary.ClicksCreatedUserDashboard.editUser is PASSED

2018-07-16 13:14:34 - [TEST_STEP][PASSED] - delay: Delayed 5 second(s)

2018-07-16 13:14:39 - [MESSAGE][PASSED] - Delayed 5 second(s)

2018-07-16 13:14:39 - [TEST_STEP][PASSED] - waitForElementVisible: Object 'Object Repository/OMVA_Landing_Page/Act_DeAct_Radio_Btn' is visible

2018-07-16 13:14:39 - [MESSAGE][PASSED] - Object 'Object Repository/OMVA_Landing_Page/Act_DeAct_Radio_Btn' is visible

2018-07-16 13:14:39 - [TEST_STEP][PASSED] - click: Object: 'Object Repository/OMVA_Landing_Page/Act_DeAct_Radio_Btn' is clicked on

2018-07-16 13:14:39 - [MESSAGE][PASSED] - Object: 'Object Repository/OMVA_Landing_Page/Act_DeAct_Radio_Btn' is clicked on

2018-07-16 13:14:39 - [TEST_STEP][PASSED] - waitForElementVisible: Object 'Object Repository/OMVA_EditUser_Page/SaveExit_Btn' is visible

2018-07-16 13:14:39 - [MESSAGE][PASSED] - Object 'Object Repository/OMVA_EditUser_Page/SaveExit_Btn' is visible

2018-07-16 13:14:39 - [TEST_STEP][PASSED] - click: Object: 'Object Repository/OMVA_EditUser_Page/SaveExit_Btn' is clicked on

2018-07-16 13:14:40 - [MESSAGE][PASSED] - Object: 'Object Repository/OMVA_EditUser_Page/SaveExit_Btn' is clicked on

2018-07-16 13:14:40 - [TEST_STEP][PASSED] - waitForElementVisible: Object 'Object Repository/OMVA_EditUser_Page/DeactivateUser_HeaderTxt' is visible

2018-07-16 13:14:40 - [MESSAGE][PASSED] - Object 'Object Repository/OMVA_EditUser_Page/DeactivateUser_HeaderTxt' is visible

2018-07-16 13:14:40 - [TEST_STEP][PASSED] - Statement - AHeaderTxt = com.kms.katalon.core.webui.keyword.WebUiBuiltInKeywords.getText(com.kms.katalon.core.testobject.ObjectRepository.findTestObject(OMVA_EditUser_Page/DeactivateUser_HeaderTxt)): Text of object 'Object Repository/OMVA_EditUser_Page/DeactivateUser_HeaderTxt' is: 'Confirm Deactivation'

2018-07-16 13:14:40 - [MESSAGE][PASSED] - Text of object 'Object Repository/OMVA_EditUser_Page/DeactivateUser_HeaderTxt' is: 'Confirm Deactivation'

2018-07-16 13:14:40 - [TEST_STEP][PASSED] - verifyMatch: Actual text 'Confirm Deactivation' and expected text 'Confirm Deactivation' are matched  using regular expression

2018-07-16 13:14:40 - [MESSAGE][PASSED] - Actual text 'Confirm Deactivation' and expected text 'Confirm Deactivation' are matched  using regular expression

2018-07-16 13:14:40 - [TEST_STEP][PASSED] - delay: Delayed 5 second(s)

2018-07-16 13:14:45 - [MESSAGE][PASSED] - Delayed 5 second(s)

2018-07-16 13:14:45 - [TEST_STEP][PASSED] - waitForElementVisible: Object 'Object Repository/OMVA_EditUser_Page/EditUser_OkPopupButton' is visible

2018-07-16 13:14:45 - [MESSAGE][PASSED] - Object 'Object Repository/OMVA_EditUser_Page/EditUser_OkPopupButton' is visible

2018-07-16 13:14:45 - [TEST_STEP][PASSED] - click: Object: 'Object Repository/OMVA_EditUser_Page/EditUser_OkPopupButton' is clicked on

2018-07-16 13:14:45 - [MESSAGE][PASSED] - Object: 'Object Repository/OMVA_EditUser_Page/EditUser_OkPopupButton' is clicked on

2018-07-16 13:14:45 - [TEST_STEP][PASSED] - waitForElementVisible: Object 'Object Repository/OMVA_Landing_Page/DeactiveUserEdit_Icon' is visible

2018-07-16 13:14:46 - [MESSAGE][PASSED] - Object 'Object Repository/OMVA_Landing_Page/DeactiveUserEdit_Icon' is visible

2018-07-16 13:14:46 - [TEST_STEP][PASSED] - click: Object: 'Object Repository/OMVA_Landing_Page/DeactiveUserEdit_Icon' is clicked on

2018-07-16 13:14:47 - [MESSAGE][PASSED] - Object: 'Object Repository/OMVA_Landing_Page/DeactiveUserEdit_Icon' is clicked on

2018-07-16 13:14:47 - [TEST_STEP][PASSED] - delay: Delayed 5 second(s)

2018-07-16 13:14:52 - [MESSAGE][PASSED] - Delayed 5 second(s)

2018-07-16 13:14:52 - [TEST_STEP][PASSED] - waitForElementVisible: Object 'Object Repository/OMVA_Landing_Page/Act_DeAct_Radio_Btn' is visible

2018-07-16 13:14:52 - [MESSAGE][PASSED] - Object 'Object Repository/OMVA_Landing_Page/Act_DeAct_Radio_Btn' is visible

2018-07-16 13:14:52 - [TEST_STEP][PASSED] - click: Object: 'Object Repository/OMVA_Landing_Page/Act_DeAct_Radio_Btn' is clicked on

2018-07-16 13:14:52 - [MESSAGE][PASSED] - Object: 'Object Repository/OMVA_Landing_Page/Act_DeAct_Radio_Btn' is clicked on

2018-07-16 13:14:52 - [TEST_STEP][PASSED] - waitForElementVisible: Object 'Object Repository/OMVA_EditUser_Page/EditUserNext_Btn' is visible

2018-07-16 13:14:52 - [MESSAGE][PASSED] - Object 'Object Repository/OMVA_EditUser_Page/EditUserNext_Btn' is visible

2018-07-16 13:14:52 - [TEST_STEP][PASSED] - click: Object: 'Object Repository/OMVA_EditUser_Page/EditUserNext_Btn' is clicked on

2018-07-16 13:14:52 - [MESSAGE][PASSED] - Object: 'Object Repository/OMVA_EditUser_Page/EditUserNext_Btn' is clicked on

2018-07-16 13:14:52 - [TEST_STEP][PASSED] - waitForElementVisible: Object 'Object Repository/OMVA_EditUser_Page/DeactivateUser_HeaderTxt' is not visible after 10 second(s)

2018-07-16 13:15:02 - [MESSAGE][WARNING] - Object 'Object Repository/OMVA_EditUser_Page/DeactivateUser_HeaderTxt' is not visible after 10 second(s)

2018-07-16 13:15:02 - [TEST_STEP][PASSED] - Statement - AHeaderTxt = com.kms.katalon.core.webui.keyword.WebUiBuiltInKeywords.getText(com.kms.katalon.core.testobject.ObjectRepository.findTestObject(OMVA_EditUser_Page/DeactivateUser_HeaderTxt)): Text of object 'Object Repository/OMVA_EditUser_Page/DeactivateUser_HeaderTxt' is: ''

2018-07-16 13:15:02 - [MESSAGE][PASSED] - Text of object 'Object Repository/OMVA_EditUser_Page/DeactivateUser_HeaderTxt' is: ''

2018-07-16 13:15:02 - [TEST_STEP][FAILED] - verifyMatch: Unable to verify match between actual text '' and expected text 'Confirm Activation' using regular expression (Root cause: Actual text '' and expected text 'Confirm Activation' are not matched using regular expression)

2018-07-16 13:15:02 - [MESSAGE][FAILED] - Unable to verify match between actual text '' and expected text 'Confirm Activation' using regular expression (Root cause: Actual text '' and expected text 'Confirm Activation' are not matched using regular expression)

2018-07-16 13:15:02 - [TEST_STEP][PASSED] - Statement - AContentTxt = com.kms.katalon.core.webui.keyword.WebUiBuiltInKeywords.getText(com.kms.katalon.core.testobject.ObjectRepository.findTestObject(OMVA_EditUser_Page/DeactivateUser_ContentText)): Text of object 'Object Repository/OMVA_EditUser_Page/DeactivateUser_ContentText' is: ''

2018-07-16 13:15:02 - [MESSAGE][PASSED] - Text of object 'Object Repository/OMVA_EditUser_Page/DeactivateUser_ContentText' is: ''

2018-07-16 13:15:02 - [TEST_STEP][FAILED] - verifyMatch: Unable to verify match between actual text '' and expected text 'Are you sure you want to activate\D*' using regular expression (Root cause: Actual text '' and expected text 'Are you sure you want to activate\D*' are not matched using regular expression)

2018-07-16 13:15:02 - [MESSAGE][FAILED] - Unable to verify match between actual text '' and expected text 'Are you sure you want to activate\D*' using regular expression (Root cause: Actual text '' and expected text 'Are you sure you want to activate\D*' are not matched using regular expression)

2018-07-16 13:15:02 - [TEST_STEP][FAILED] - click: Unable to click on object 'Object Repository/OMVA_EditUser_Page/DeactivateUser_OKBtn' (Root cause: org.openqa.selenium.ElementNotVisibleException: element not visible
  (Session info: chrome=67.0.3396.62)
  (Driver info: chromedriver=2.35.528161 (5b82f2d2aae0ca24b877009200ced9065a772e73),platform=Windows NT 10.0.16299 x86_64) (WARNING: The server did not provide any stacktrace information)
Command duration or timeout: 0 milliseconds
Build info: version: '3.7.1', revision: '8a0099a', time: '2017-11-06T21:07:36.161Z'
System info: host: '703177791GDL', ip: '192.168.34.59', os.name: 'Windows 10', os.arch: 'amd64', os.version: '10.0', java.version: '1.8.0_102'
Driver info: com.kms.katalon.selenium.driver.CChromeDriver
Capabilities {acceptInsecureCerts: false, acceptSslCerts: false, applicationCacheEnabled: false, browserConnectionEnabled: false, browserName: chrome, chrome: {chromedriverVersion: 2.35.528161 (5b82f2d2aae0ca..., userDataDir: D:\Users\703177791\AppData\...}, cssSelectorsEnabled: true, databaseEnabled: false, handlesAlerts: true, hasTouchScreen: false, javascriptEnabled: true, locationContextEnabled: true, mobileEmulationEnabled: false, nativeEvents: true, networkConnectionEnabled: false, pageLoadStrategy: normal, platform: XP, platformName: XP, rotatable: false, setWindowRect: true, takesHeapSnapshot: true, takesScreenshot: true, unexpectedAlertBehaviour: , unhandledPromptBehavior: , version: 67.0.3396.62, webStorageEnabled: true}
Session ID: 87eda0e01878c77134eda8f1ff90eeaf)

2018-07-16 13:15:03 - [MESSAGE][FAILED] - Unable to click on object 'Object Repository/OMVA_EditUser_Page/DeactivateUser_OKBtn' (Root cause: org.openqa.selenium.ElementNotVisibleException: element not visible
  (Session info: chrome=67.0.3396.62)
  (Driver info: chromedriver=2.35.528161 (5b82f2d2aae0ca24b877009200ced9065a772e73),platform=Windows NT 10.0.16299 x86_64) (WARNING: The server did not provide any stacktrace information)
Command duration or timeout: 0 milliseconds
Build info: version: '3.7.1', revision: '8a0099a', time: '2017-11-06T21:07:36.161Z'
System info: host: '703177791GDL', ip: '192.168.34.59', os.name: 'Windows 10', os.arch: 'amd64', os.version: '10.0', java.version: '1.8.0_102'
Driver info: com.kms.katalon.selenium.driver.CChromeDriver
Capabilities {acceptInsecureCerts: false, acceptSslCerts: false, applicationCacheEnabled: false, browserConnectionEnabled: false, browserName: chrome, chrome: {chromedriverVersion: 2.35.528161 (5b82f2d2aae0ca..., userDataDir: D:\Users\703177791\AppData\...}, cssSelectorsEnabled: true, databaseEnabled: false, handlesAlerts: true, hasTouchScreen: false, javascriptEnabled: true, locationContextEnabled: true, mobileEmulationEnabled: false, nativeEvents: true, networkConnectionEnabled: false, pageLoadStrategy: normal, platform: XP, platformName: XP, rotatable: false, setWindowRect: true, takesHeapSnapshot: true, takesScreenshot: true, unexpectedAlertBehaviour: , unhandledPromptBehavior: , version: 67.0.3396.62, webStorageEnabled: true}
Session ID: 87eda0e01878c77134eda8f1ff90eeaf)
[[ATTACHMENT|D:\\P&G New\\Automation-P&G-Code-Base\\OMVA\\Reports\\UserManagementTestSuite\\20180716_131116\\1531727103023.png]]]]></system-out>
         <system-err><![CDATA[2018-07-16 13:13:48 - [TEST_CASE][FAILED] - Test Cases/UserManagementTestCases/UserActions/Activate_User: Test Cases/UserManagementTestCases/UserActions/Activate_User FAILED because (of) Unable to verify match between actual text '' and expected text 'Confirm Activation' using regular expression (Root cause: Actual text '' and expected text 'Confirm Activation' are not matched using regular expression)]]></system-err>
      </testcase>
      <testcase name="Test Cases/UserManagementTestCases/Login/LogoutAndCloseBrowser" classname="Test Cases/UserManagementTestCases/Login/LogoutAndCloseBrowser" status="PASSED">
         <system-out><![CDATA[2018-07-16 13:15:03 - [TEST_CASE][PASSED] - Test Cases/UserManagementTestCases/Login/LogoutAndCloseBrowser: Test Cases/UserManagementTestCases/Login/LogoutAndCloseBrowser

2018-07-16 13:15:03 - [TEST_STEP][PASSED] - callTestCase: Call Test Case 'Test Cases/CommonTestcases/OpenBrowserandNavigateToQAURL' successfully

2018-07-16 13:15:03 - [TEST_CASE][PASSED] - Test Cases/CommonTestcases/OpenBrowserandNavigateToQAURL: Test Cases/CommonTestcases/OpenBrowserandNavigateToQAURL

2018-07-16 13:15:03 - [TEST_STEP][PASSED] - openBrowser: Browser is opened with url: ''

2018-07-16 13:15:03 - [MESSAGE][WARNING] - A browser is already opened. Closing browser and opening a new one

2018-07-16 13:15:06 - [MESSAGE][PASSED] - Browser is opened with url: ''

2018-07-16 13:15:06 - [TEST_STEP][PASSED] - navigateToUrl: Navigate to 'https://coa-demo-env.azurewebsites.net/da/index.html#/login' successfully

2018-07-16 13:15:12 - [MESSAGE][PASSED] - Navigate to 'https://coa-demo-env.azurewebsites.net/da/index.html#/login' successfully

2018-07-16 13:15:12 - [TEST_STEP][PASSED] - maximizeWindow: Current window maximized

2018-07-16 13:15:13 - [MESSAGE][PASSED] - Current window maximized

2018-07-16 13:15:13 - [MESSAGE][PASSED] - Call Test Case 'Test Cases/CommonTestcases/OpenBrowserandNavigateToQAURL' successfully

2018-07-16 13:15:13 - [TEST_STEP][PASSED] - waitForElementVisible: Object 'Object Repository/OMVA_Login_Page/Username_Textbox' is visible

2018-07-16 13:15:13 - [MESSAGE][PASSED] - Object 'Object Repository/OMVA_Login_Page/Username_Textbox' is visible

2018-07-16 13:15:13 - [TEST_STEP][PASSED] - sendKeys: Keys 'SuperAdmin' sent to object: 'Object Repository/OMVA_Login_Page/Username_Textbox'

2018-07-16 13:15:13 - [MESSAGE][PASSED] - Keys 'SuperAdmin' sent to object: 'Object Repository/OMVA_Login_Page/Username_Textbox'

2018-07-16 13:15:13 - [TEST_STEP][PASSED] - click: Object: 'Object Repository/OMVA_Login_Page/Next_Button' is clicked on

2018-07-16 13:15:13 - [MESSAGE][PASSED] - Object: 'Object Repository/OMVA_Login_Page/Next_Button' is clicked on

2018-07-16 13:15:13 - [TEST_STEP][PASSED] - waitForElementVisible: Object 'Object Repository/OMVA_Login_Page/Password_Textbox' is visible

2018-07-16 13:15:14 - [MESSAGE][PASSED] - Object 'Object Repository/OMVA_Login_Page/Password_Textbox' is visible

2018-07-16 13:15:14 - [TEST_STEP][PASSED] - sendKeys: Keys 'SuperAdmin' sent to object: 'Object Repository/OMVA_Login_Page/Password_Textbox'

2018-07-16 13:15:14 - [MESSAGE][PASSED] - Keys 'SuperAdmin' sent to object: 'Object Repository/OMVA_Login_Page/Password_Textbox'

2018-07-16 13:15:14 - [TEST_STEP][PASSED] - click: Object: 'Object Repository/OMVA_Login_Page/Signin_Button' is clicked on

2018-07-16 13:15:15 - [MESSAGE][PASSED] - Object: 'Object Repository/OMVA_Login_Page/Signin_Button' is clicked on

2018-07-16 13:15:15 - [TEST_STEP][PASSED] - waitForElementPresent: Object 'Object Repository/OMVA_Landing_Page/User_icon' is present

2018-07-16 13:15:15 - [MESSAGE][PASSED] - Object 'Object Repository/OMVA_Landing_Page/User_icon' is present

2018-07-16 13:15:15 - [TEST_STEP][PASSED] - Statement - assert true: null

2018-07-16 13:15:15 - [TEST_STEP][PASSED] - click: Object: 'Object Repository/OMVA_Landing_Page/User_icon' is clicked on

2018-07-16 13:15:16 - [MESSAGE][PASSED] - Object: 'Object Repository/OMVA_Landing_Page/User_icon' is clicked on

2018-07-16 13:15:16 - [TEST_STEP][PASSED] - waitForElementPresent: Object 'Object Repository/OMVA_Landing_Page/Logout_link' is present

2018-07-16 13:15:16 - [MESSAGE][PASSED] - Object 'Object Repository/OMVA_Landing_Page/Logout_link' is present

2018-07-16 13:15:16 - [TEST_STEP][PASSED] - Statement - assert true: null

2018-07-16 13:15:16 - [TEST_STEP][PASSED] - click: Object: 'Object Repository/OMVA_Landing_Page/Logout_link' is clicked on

2018-07-16 13:15:16 - [MESSAGE][PASSED] - Object: 'Object Repository/OMVA_Landing_Page/Logout_link' is clicked on

2018-07-16 13:15:16 - [TEST_STEP][PASSED] - waitForElementNotPresent: Web element with id: 'Object Repository/OMVA_Landing_Page/User_icon' located by 'By.xpath: //img[@id='dropdown']' is not present after '4' second(s)

2018-07-16 13:15:17 - [MESSAGE][PASSED] - Web element with id: 'Object Repository/OMVA_Landing_Page/User_icon' located by 'By.xpath: //img[@id='dropdown']' is not present after '4' second(s)

2018-07-16 13:15:17 - [TEST_STEP][PASSED] - closeBrowser: Browser is closed

2018-07-16 13:15:18 - [MESSAGE][PASSED] - Browser is closed]]></system-out>
         <system-err><![CDATA[]]></system-err>
      </testcase>
      <testcase name="Test Cases/UserManagementTestCases/UserActions/Verify_RoleChange" classname="Test Cases/UserManagementTestCases/UserActions/Verify_RoleChange" status="FAILED">
         <failure type="FAILED" message="Unable to verify match between actual text 'abzgxpe vosjmsm' and expected text 'fibjesr njcnoly' using regular expression (Root cause: Actual text 'abzgxpe vosjmsm' and expected text 'fibjesr njcnoly' are not matched using regular expression)"/>
         <system-out><![CDATA[2018-07-16 13:15:18 - [TEST_CASE][FAILED] - Test Cases/UserManagementTestCases/UserActions/Verify_RoleChange: Test Cases/UserManagementTestCases/UserActions/Verify_RoleChange FAILED because (of) Unable to verify match between actual text 'abzgxpe vosjmsm' and expected text 'fibjesr njcnoly' using regular expression (Root cause: Actual text 'abzgxpe vosjmsm' and expected text 'fibjesr njcnoly' are not matched using regular expression)

2018-07-16 13:15:19 - [TEST_STEP][PASSED] - callTestCase: Call Test Case 'Test Cases/CommonTestcases/OpenBrowserandNavigateToQAURL' successfully

2018-07-16 13:15:19 - [TEST_CASE][PASSED] - Test Cases/CommonTestcases/OpenBrowserandNavigateToQAURL: Test Cases/CommonTestcases/OpenBrowserandNavigateToQAURL

2018-07-16 13:15:19 - [TEST_STEP][PASSED] - openBrowser: Browser is opened with url: ''

2018-07-16 13:15:21 - [MESSAGE][PASSED] - Browser is opened with url: ''

2018-07-16 13:15:21 - [TEST_STEP][PASSED] - navigateToUrl: Navigate to 'https://coa-demo-env.azurewebsites.net/da/index.html#/login' successfully

2018-07-16 13:15:26 - [MESSAGE][PASSED] - Navigate to 'https://coa-demo-env.azurewebsites.net/da/index.html#/login' successfully

2018-07-16 13:15:26 - [TEST_STEP][PASSED] - maximizeWindow: Current window maximized

2018-07-16 13:15:28 - [MESSAGE][PASSED] - Current window maximized

2018-07-16 13:15:28 - [MESSAGE][PASSED] - Call Test Case 'Test Cases/CommonTestcases/OpenBrowserandNavigateToQAURL' successfully

2018-07-16 13:15:28 - [TEST_STEP][PASSED] - waitForElementVisible: Object 'Object Repository/OMVA_Login_Page/Username_Textbox' is visible

2018-07-16 13:15:28 - [MESSAGE][PASSED] - Object 'Object Repository/OMVA_Login_Page/Username_Textbox' is visible

2018-07-16 13:15:28 - [TEST_STEP][PASSED] - sendKeys: Keys 'SuperAdmin' sent to object: 'Object Repository/OMVA_Login_Page/Username_Textbox'

2018-07-16 13:15:28 - [MESSAGE][PASSED] - Keys 'SuperAdmin' sent to object: 'Object Repository/OMVA_Login_Page/Username_Textbox'

2018-07-16 13:15:28 - [TEST_STEP][PASSED] - click: Object: 'Object Repository/OMVA_Login_Page/Next_Button' is clicked on

2018-07-16 13:15:28 - [MESSAGE][PASSED] - Object: 'Object Repository/OMVA_Login_Page/Next_Button' is clicked on

2018-07-16 13:15:28 - [TEST_STEP][PASSED] - waitForElementVisible: Object 'Object Repository/OMVA_Login_Page/Password_Textbox' is visible

2018-07-16 13:15:28 - [MESSAGE][PASSED] - Object 'Object Repository/OMVA_Login_Page/Password_Textbox' is visible

2018-07-16 13:15:28 - [TEST_STEP][PASSED] - sendKeys: Keys 'SuperAdmin' sent to object: 'Object Repository/OMVA_Login_Page/Password_Textbox'

2018-07-16 13:15:28 - [MESSAGE][PASSED] - Keys 'SuperAdmin' sent to object: 'Object Repository/OMVA_Login_Page/Password_Textbox'

2018-07-16 13:15:28 - [TEST_STEP][PASSED] - click: Object: 'Object Repository/OMVA_Login_Page/Signin_Button' is clicked on

2018-07-16 13:15:29 - [MESSAGE][PASSED] - Object: 'Object Repository/OMVA_Login_Page/Signin_Button' is clicked on

2018-07-16 13:15:29 - [TEST_STEP][PASSED] - waitForPageLoad: Wait for page load successfully

2018-07-16 13:15:29 - [MESSAGE][PASSED] - Wait for page load successfully

2018-07-16 13:15:29 - [TEST_STEP][PASSED] - delay: Delayed 5 second(s)

2018-07-16 13:15:34 - [MESSAGE][PASSED] - Delayed 5 second(s)

2018-07-16 13:15:34 - [TEST_STEP][PASSED] - waitForElementPresent: Object 'Object Repository/OMVA_Landing_Page/CreateUser_Button' is present

2018-07-16 13:15:34 - [MESSAGE][PASSED] - Object 'Object Repository/OMVA_Landing_Page/CreateUser_Button' is present

2018-07-16 13:15:34 - [TEST_STEP][PASSED] - click: Object: 'Object Repository/OMVA_Landing_Page/CreateUser_Button' is clicked on

2018-07-16 13:15:34 - [MESSAGE][PASSED] - Object: 'Object Repository/OMVA_Landing_Page/CreateUser_Button' is clicked on

2018-07-16 13:15:34 - [TEST_STEP][PASSED] - delay: Delayed 3 second(s)

2018-07-16 13:15:37 - [MESSAGE][PASSED] - Delayed 3 second(s)

2018-07-16 13:15:37 - [TEST_STEP][PASSED] - waitForElementPresent: Object 'Object Repository/OMVA_UserManagement_Page/Role_Dropdown' is present

2018-07-16 13:15:37 - [MESSAGE][PASSED] - Object 'Object Repository/OMVA_UserManagement_Page/Role_Dropdown' is present

2018-07-16 13:15:37 - [TEST_STEP][PASSED] - Statement - If (true): null

2018-07-16 13:15:37 - [TEST_STEP][PASSED] - click: Object: 'Object Repository/OMVA_UserManagement_Page/Role_Dropdown' is clicked on

2018-07-16 13:15:37 - [MESSAGE][PASSED] - Object: 'Object Repository/OMVA_UserManagement_Page/Role_Dropdown' is clicked on

2018-07-16 13:15:37 - [TEST_STEP][PASSED] - Statement - assert true: null

2018-07-16 13:15:37 - [TEST_STEP][PASSED] - scrollToElement: Scroll to object 'Object Repository/OMVA_UserManagement_Page/DropdownOption_RoleDropdown_Market Admin' successfully

2018-07-16 13:15:37 - [MESSAGE][WARNING] - Timeout '0' is invalid. Using default page load timeout: '15'

2018-07-16 13:15:37 - [MESSAGE][PASSED] - Scroll to object 'Object Repository/OMVA_UserManagement_Page/DropdownOption_RoleDropdown_Market Admin' successfully

2018-07-16 13:15:37 - [TEST_STEP][PASSED] - click: Object: 'Object Repository/OMVA_UserManagement_Page/DropdownOption_RoleDropdown_Market Admin' is clicked on

2018-07-16 13:15:37 - [MESSAGE][PASSED] - Object: 'Object Repository/OMVA_UserManagement_Page/DropdownOption_RoleDropdown_Market Admin' is clicked on

2018-07-16 13:15:37 - [TEST_STEP][PASSED] - Statement - username = CustomKeywords.commonLibrary.commonFunctions.randomStringFunction("abcdefghijklmnopqrstuvwxyz", 6): commonLibrary.commonFunctions.randomStringFunction is PASSED

2018-07-16 13:15:37 - [MESSAGE][PASSED] - commonLibrary.commonFunctions.randomStringFunction is PASSED

2018-07-16 13:15:37 - [TEST_STEP][PASSED] - sendKeys: Keys 'katdvi' sent to object: 'Object Repository/OMVA_UserManagement_Page/UserName_Textbox'

2018-07-16 13:15:38 - [MESSAGE][PASSED] - Keys 'katdvi' sent to object: 'Object Repository/OMVA_UserManagement_Page/UserName_Textbox'

2018-07-16 13:15:38 - [TEST_STEP][PASSED] - Statement - emailidprefix = CustomKeywords.commonLibrary.commonFunctions.randomStringFunction("abcdefghijklmnopqrstuvwxyz", 9): commonLibrary.commonFunctions.randomStringFunction is PASSED

2018-07-16 13:15:38 - [MESSAGE][PASSED] - commonLibrary.commonFunctions.randomStringFunction is PASSED

2018-07-16 13:15:38 - [TEST_STEP][PASSED] - sendKeys: Keys 'ucizrgwzj@autotestpg.com' sent to object: 'Object Repository/OMVA_UserManagement_Page/EmailID_Textbox'

2018-07-16 13:15:38 - [MESSAGE][PASSED] - Keys 'ucizrgwzj@autotestpg.com' sent to object: 'Object Repository/OMVA_UserManagement_Page/EmailID_Textbox'

2018-07-16 13:15:38 - [TEST_STEP][PASSED] - Statement - firstname = CustomKeywords.commonLibrary.commonFunctions.randomStringFunction("abcdefghijklmnopqrstuvwxyz", 7): commonLibrary.commonFunctions.randomStringFunction is PASSED

2018-07-16 13:15:38 - [MESSAGE][PASSED] - commonLibrary.commonFunctions.randomStringFunction is PASSED

2018-07-16 13:15:38 - [TEST_STEP][PASSED] - sendKeys: Keys 'fibjesr' sent to object: 'Object Repository/OMVA_UserManagement_Page/FirstName_Textbox'

2018-07-16 13:15:38 - [MESSAGE][PASSED] - Keys 'fibjesr' sent to object: 'Object Repository/OMVA_UserManagement_Page/FirstName_Textbox'

2018-07-16 13:15:38 - [TEST_STEP][PASSED] - Statement - lastname = CustomKeywords.commonLibrary.commonFunctions.randomStringFunction("abcdefghijklmnopqrstuvwxyz", 7): commonLibrary.commonFunctions.randomStringFunction is PASSED

2018-07-16 13:15:38 - [MESSAGE][PASSED] - commonLibrary.commonFunctions.randomStringFunction is PASSED

2018-07-16 13:15:38 - [TEST_STEP][PASSED] - sendKeys: Keys 'njcnoly' sent to object: 'Object Repository/OMVA_UserManagement_Page/LastName_Textbox'

2018-07-16 13:15:39 - [MESSAGE][PASSED] - Keys 'njcnoly' sent to object: 'Object Repository/OMVA_UserManagement_Page/LastName_Textbox'

2018-07-16 13:15:39 - [TEST_STEP][PASSED] - Statement - ticketnum = CustomKeywords.commonLibrary.commonFunctions.randomStringFunction("123456789", 7): commonLibrary.commonFunctions.randomStringFunction is PASSED

2018-07-16 13:15:39 - [MESSAGE][PASSED] - commonLibrary.commonFunctions.randomStringFunction is PASSED

2018-07-16 13:15:39 - [TEST_STEP][PASSED] - sendKeys: Keys '2379714' sent to object: 'Object Repository/OMVA_UserManagement_Page/TicketNumber_Textbox'

2018-07-16 13:15:39 - [MESSAGE][PASSED] - Keys '2379714' sent to object: 'Object Repository/OMVA_UserManagement_Page/TicketNumber_Textbox'

2018-07-16 13:15:39 - [TEST_STEP][PASSED] - click: Object: 'Object Repository/OMVA_UserManagement_Page/Next_Button_Update' is clicked on

2018-07-16 13:15:39 - [MESSAGE][PASSED] - Object: 'Object Repository/OMVA_UserManagement_Page/Next_Button_Update' is clicked on

2018-07-16 13:15:39 - [TEST_STEP][PASSED] - applicationLibrary.checkboxMultiselection.multiselectCheckbox: applicationLibrary.checkboxMultiselection.multiselectCheckbox is PASSED

2018-07-16 13:15:41 - [MESSAGE][PASSED] - applicationLibrary.checkboxMultiselection.multiselectCheckbox is PASSED

2018-07-16 13:15:41 - [TEST_STEP][PASSED] - scrollToElement: Scroll to object 'Object Repository/OMVA_UserManagement_Page/Customer_Next_Btn' successfully

2018-07-16 13:15:41 - [MESSAGE][PASSED] - Scroll to object 'Object Repository/OMVA_UserManagement_Page/Customer_Next_Btn' successfully

2018-07-16 13:15:41 - [TEST_STEP][PASSED] - click: Object: 'Object Repository/OMVA_UserManagement_Page/Customer_Next_Btn' is clicked on

2018-07-16 13:15:42 - [MESSAGE][PASSED] - Object: 'Object Repository/OMVA_UserManagement_Page/Customer_Next_Btn' is clicked on

2018-07-16 13:15:42 - [TEST_STEP][PASSED] - applicationLibrary.checkboxMultiselection.multiselectCheckbox: applicationLibrary.checkboxMultiselection.multiselectCheckbox is PASSED

2018-07-16 13:15:44 - [MESSAGE][PASSED] - applicationLibrary.checkboxMultiselection.multiselectCheckbox is PASSED

2018-07-16 13:15:44 - [TEST_STEP][PASSED] - click: Object: 'Object Repository/OMVA_UserManagement_Page/UserCreation_Save_Btn' is clicked on

2018-07-16 13:15:44 - [MESSAGE][PASSED] - Object: 'Object Repository/OMVA_UserManagement_Page/UserCreation_Save_Btn' is clicked on

2018-07-16 13:15:44 - [TEST_STEP][PASSED] - waitForElementPresent: Object 'Object Repository/OMVA_UserManagement_Page/UserCreation_HeaderTxt' is present

2018-07-16 13:15:45 - [MESSAGE][PASSED] - Object 'Object Repository/OMVA_UserManagement_Page/UserCreation_HeaderTxt' is present

2018-07-16 13:15:45 - [TEST_STEP][PASSED] - verifyElementText: Actual text and expected text of test object 'Object Repository/OMVA_UserManagement_Page/UserCreation_HeaderTxt' are matched.

2018-07-16 13:15:45 - [MESSAGE][PASSED] - Actual text and expected text of test object 'Object Repository/OMVA_UserManagement_Page/UserCreation_HeaderTxt' are matched.

2018-07-16 13:15:45 - [TEST_STEP][PASSED] - verifyElementText: Actual text and expected text of test object 'Object Repository/OMVA_UserManagement_Page/UserCreation_ContentTxt' are matched.

2018-07-16 13:15:45 - [MESSAGE][PASSED] - Actual text and expected text of test object 'Object Repository/OMVA_UserManagement_Page/UserCreation_ContentTxt' are matched.

2018-07-16 13:15:45 - [TEST_STEP][PASSED] - click: Object: 'Object Repository/OMVA_UserManagement_Page/UserCreation_OK_Btn' is clicked on

2018-07-16 13:15:45 - [MESSAGE][PASSED] - Object: 'Object Repository/OMVA_UserManagement_Page/UserCreation_OK_Btn' is clicked on

2018-07-16 13:15:45 - [TEST_STEP][PASSED] - delay: Delayed 5 second(s)

2018-07-16 13:15:50 - [MESSAGE][PASSED] - Delayed 5 second(s)

2018-07-16 13:15:50 - [TEST_STEP][PASSED] - waitForElementPresent: Object 'Object Repository/OMVA_UserManagement_Page/Created_User_Username' is present

2018-07-16 13:15:50 - [MESSAGE][PASSED] - Object 'Object Repository/OMVA_UserManagement_Page/Created_User_Username' is present

2018-07-16 13:15:50 - [TEST_STEP][PASSED] - Statement - createdNewuser = com.kms.katalon.core.webui.keyword.WebUiBuiltInKeywords.getText(com.kms.katalon.core.testobject.ObjectRepository.findTestObject(OMVA_UserManagement_Page/Created_User_Username)): Text of object 'Object Repository/OMVA_UserManagement_Page/Created_User_Username' is: 'abzgxpe vosjmsm'

2018-07-16 13:15:50 - [MESSAGE][PASSED] - Text of object 'Object Repository/OMVA_UserManagement_Page/Created_User_Username' is: 'abzgxpe vosjmsm'

2018-07-16 13:15:50 - [TEST_STEP][PASSED] - Statement - uname = createdNewuser.toString(): null

2018-07-16 13:15:50 - [TEST_STEP][FAILED] - Statement - createduser = com.kms.katalon.core.webui.keyword.WebUiBuiltInKeywords.verifyMatch(createdNewuser, firstname + " " + lastname, true): Unable to verify match between actual text 'abzgxpe vosjmsm' and expected text 'fibjesr njcnoly' using regular expression (Root cause: Actual text 'abzgxpe vosjmsm' and expected text 'fibjesr njcnoly' are not matched using regular expression)

2018-07-16 13:15:50 - [MESSAGE][FAILED] - Unable to verify match between actual text 'abzgxpe vosjmsm' and expected text 'fibjesr njcnoly' using regular expression (Root cause: Actual text 'abzgxpe vosjmsm' and expected text 'fibjesr njcnoly' are not matched using regular expression)]]></system-out>
         <system-err><![CDATA[2018-07-16 13:15:18 - [TEST_CASE][FAILED] - Test Cases/UserManagementTestCases/UserActions/Verify_RoleChange: Test Cases/UserManagementTestCases/UserActions/Verify_RoleChange FAILED because (of) Unable to verify match between actual text 'abzgxpe vosjmsm' and expected text 'fibjesr njcnoly' using regular expression (Root cause: Actual text 'abzgxpe vosjmsm' and expected text 'fibjesr njcnoly' are not matched using regular expression)]]></system-err>
      </testcase>
      <testcase name="Test Cases/UserManagementTestCases/UserActions/Verify_AdvanceFilterPopUp" classname="Test Cases/UserManagementTestCases/UserActions/Verify_AdvanceFilterPopUp" status="PASSED">
         <system-out><![CDATA[2018-07-16 13:15:50 - [TEST_CASE][PASSED] - Test Cases/UserManagementTestCases/UserActions/Verify_AdvanceFilterPopUp: Test Cases/UserManagementTestCases/UserActions/Verify_AdvanceFilterPopUp

2018-07-16 13:15:50 - [TEST_STEP][PASSED] - callTestCase: Call Test Case 'Test Cases/CommonTestcases/OpenBrowserandNavigateToQAURL' successfully

2018-07-16 13:15:50 - [TEST_CASE][PASSED] - Test Cases/CommonTestcases/OpenBrowserandNavigateToQAURL: Test Cases/CommonTestcases/OpenBrowserandNavigateToQAURL

2018-07-16 13:15:50 - [TEST_STEP][PASSED] - openBrowser: Browser is opened with url: ''

2018-07-16 13:15:50 - [MESSAGE][WARNING] - A browser is already opened. Closing browser and opening a new one

2018-07-16 13:15:53 - [MESSAGE][PASSED] - Browser is opened with url: ''

2018-07-16 13:15:53 - [TEST_STEP][PASSED] - navigateToUrl: Navigate to 'https://coa-demo-env.azurewebsites.net/da/index.html#/login' successfully

2018-07-16 13:15:58 - [MESSAGE][PASSED] - Navigate to 'https://coa-demo-env.azurewebsites.net/da/index.html#/login' successfully

2018-07-16 13:15:58 - [TEST_STEP][PASSED] - maximizeWindow: Current window maximized

2018-07-16 13:15:59 - [MESSAGE][PASSED] - Current window maximized

2018-07-16 13:15:59 - [MESSAGE][PASSED] - Call Test Case 'Test Cases/CommonTestcases/OpenBrowserandNavigateToQAURL' successfully

2018-07-16 13:15:59 - [TEST_STEP][PASSED] - waitForElementPresent: Object 'Object Repository/OMVA_Login_Page/Username_Textbox' is present

2018-07-16 13:15:59 - [MESSAGE][PASSED] - Object 'Object Repository/OMVA_Login_Page/Username_Textbox' is present

2018-07-16 13:15:59 - [TEST_STEP][PASSED] - sendKeys: Keys 'SuperAdmin' sent to object: 'Object Repository/OMVA_Login_Page/Username_Textbox'

2018-07-16 13:15:59 - [MESSAGE][PASSED] - Keys 'SuperAdmin' sent to object: 'Object Repository/OMVA_Login_Page/Username_Textbox'

2018-07-16 13:15:59 - [TEST_STEP][PASSED] - click: Object: 'Object Repository/OMVA_Login_Page/Next_Button' is clicked on

2018-07-16 13:15:59 - [MESSAGE][PASSED] - Object: 'Object Repository/OMVA_Login_Page/Next_Button' is clicked on

2018-07-16 13:15:59 - [TEST_STEP][PASSED] - waitForElementVisible: Object 'Object Repository/OMVA_Login_Page/Password_Textbox' is visible

2018-07-16 13:16:00 - [MESSAGE][PASSED] - Object 'Object Repository/OMVA_Login_Page/Password_Textbox' is visible

2018-07-16 13:16:00 - [TEST_STEP][PASSED] - sendKeys: Keys 'SuperAdmin' sent to object: 'Object Repository/OMVA_Login_Page/Password_Textbox'

2018-07-16 13:16:00 - [MESSAGE][PASSED] - Keys 'SuperAdmin' sent to object: 'Object Repository/OMVA_Login_Page/Password_Textbox'

2018-07-16 13:16:00 - [TEST_STEP][PASSED] - click: Object: 'Object Repository/OMVA_Login_Page/Signin_Button' is clicked on

2018-07-16 13:16:00 - [MESSAGE][PASSED] - Object: 'Object Repository/OMVA_Login_Page/Signin_Button' is clicked on

2018-07-16 13:16:00 - [TEST_STEP][PASSED] - waitForAngularLoad: This page doesn't use Angular.

2018-07-16 13:16:00 - [MESSAGE][WARNING] - This page doesn't use Angular.

2018-07-16 13:16:00 - [TEST_STEP][PASSED] - delay: Delayed 4 second(s)

2018-07-16 13:16:04 - [MESSAGE][PASSED] - Delayed 4 second(s)

2018-07-16 13:16:04 - [TEST_STEP][PASSED] - waitForElementVisible: Object 'Object Repository/OMVA_Landing_Page/Filter_Icon' is visible

2018-07-16 13:16:04 - [MESSAGE][PASSED] - Object 'Object Repository/OMVA_Landing_Page/Filter_Icon' is visible

2018-07-16 13:16:04 - [TEST_STEP][PASSED] - Statement - assert true: null

2018-07-16 13:16:04 - [TEST_STEP][PASSED] - click: Object: 'Object Repository/OMVA_Landing_Page/Filter_Icon' is clicked on

2018-07-16 13:16:05 - [MESSAGE][PASSED] - Object: 'Object Repository/OMVA_Landing_Page/Filter_Icon' is clicked on

2018-07-16 13:16:05 - [TEST_STEP][PASSED] - waitForElementVisible: Object 'Object Repository/OMVA_Landing_Page/Advanced_FilterPopUp' is visible

2018-07-16 13:16:05 - [MESSAGE][PASSED] - Object 'Object Repository/OMVA_Landing_Page/Advanced_FilterPopUp' is visible

2018-07-16 13:16:05 - [TEST_STEP][PASSED] - Statement - assert true: null

2018-07-16 13:16:05 - [TEST_STEP][PASSED] - closeBrowser: Browser is closed

2018-07-16 13:16:06 - [MESSAGE][PASSED] - Browser is closed]]></system-out>
         <system-err><![CDATA[]]></system-err>
      </testcase>
      <testcase name="Test Cases/UserManagementTestCases/UserActions/VerifyNextButtonClickNotAllowed" classname="Test Cases/UserManagementTestCases/UserActions/VerifyNextButtonClickNotAllowed" status="FAILED">
         <failure type="FAILED" message="Unable to click on object 'Object Repository/OMVA_Landing_Page/User_icon' (Root cause: org.openqa.selenium.WebDriverException: unknown error: Element &lt;img _ngcontent-c0=&quot;&quot; alt=&quot;profile&quot; data-toggle=&quot;dropdown&quot; id=&quot;dropdown&quot; src=&quot;assets/images/profile_image.png&quot;> is not clickable at point (1312, 31). Other element would receive the click: &lt;div _ngcontent-c0=&quot;&quot; id=&quot;Loader&quot; style=&quot;display: block;&quot;>...&lt;/div>
  (Session info: chrome=67.0.3396.62)
  (Driver info: chromedriver=2.35.528161 (5b82f2d2aae0ca24b877009200ced9065a772e73),platform=Windows NT 10.0.16299 x86_64) (WARNING: The server did not provide any stacktrace information)
Command duration or timeout: 0 milliseconds
Build info: version: '3.7.1', revision: '8a0099a', time: '2017-11-06T21:07:36.161Z'
System info: host: '703177791GDL', ip: '192.168.34.59', os.name: 'Windows 10', os.arch: 'amd64', os.version: '10.0', java.version: '1.8.0_102'
Driver info: com.kms.katalon.selenium.driver.CChromeDriver
Capabilities {acceptInsecureCerts: false, acceptSslCerts: false, applicationCacheEnabled: false, browserConnectionEnabled: false, browserName: chrome, chrome: {chromedriverVersion: 2.35.528161 (5b82f2d2aae0ca..., userDataDir: D:\Users\703177791\AppData\...}, cssSelectorsEnabled: true, databaseEnabled: false, handlesAlerts: true, hasTouchScreen: false, javascriptEnabled: true, locationContextEnabled: true, mobileEmulationEnabled: false, nativeEvents: true, networkConnectionEnabled: false, pageLoadStrategy: normal, platform: XP, platformName: XP, rotatable: false, setWindowRect: true, takesHeapSnapshot: true, takesScreenshot: true, unexpectedAlertBehaviour: , unhandledPromptBehavior: , version: 67.0.3396.62, webStorageEnabled: true}
Session ID: 38887c533127cbbc93d6e5fbdda72840)"/>
         <system-out><![CDATA[2018-07-16 13:16:06 - [TEST_CASE][FAILED] - Test Cases/UserManagementTestCases/UserActions/VerifyNextButtonClickNotAllowed: Test Cases/UserManagementTestCases/UserActions/VerifyNextButtonClickNotAllowed FAILED because (of) Unable to click on object 'Object Repository/OMVA_Landing_Page/User_icon' (Root cause: org.openqa.selenium.WebDriverException: unknown error: Element <img _ngcontent-c0="" alt="profile" data-toggle="dropdown" id="dropdown" src="assets/images/profile_image.png"> is not clickable at point (1312, 31). Other element would receive the click: <div _ngcontent-c0="" id="Loader" style="display: block;">...</div>
  (Session info: chrome=67.0.3396.62)
  (Driver info: chromedriver=2.35.528161 (5b82f2d2aae0ca24b877009200ced9065a772e73),platform=Windows NT 10.0.16299 x86_64) (WARNING: The server did not provide any stacktrace information)
Command duration or timeout: 0 milliseconds
Build info: version: '3.7.1', revision: '8a0099a', time: '2017-11-06T21:07:36.161Z'
System info: host: '703177791GDL', ip: '192.168.34.59', os.name: 'Windows 10', os.arch: 'amd64', os.version: '10.0', java.version: '1.8.0_102'
Driver info: com.kms.katalon.selenium.driver.CChromeDriver
Capabilities {acceptInsecureCerts: false, acceptSslCerts: false, applicationCacheEnabled: false, browserConnectionEnabled: false, browserName: chrome, chrome: {chromedriverVersion: 2.35.528161 (5b82f2d2aae0ca..., userDataDir: D:\Users\703177791\AppData\...}, cssSelectorsEnabled: true, databaseEnabled: false, handlesAlerts: true, hasTouchScreen: false, javascriptEnabled: true, locationContextEnabled: true, mobileEmulationEnabled: false, nativeEvents: true, networkConnectionEnabled: false, pageLoadStrategy: normal, platform: XP, platformName: XP, rotatable: false, setWindowRect: true, takesHeapSnapshot: true, takesScreenshot: true, unexpectedAlertBehaviour: , unhandledPromptBehavior: , version: 67.0.3396.62, webStorageEnabled: true}
Session ID: 38887c533127cbbc93d6e5fbdda72840)

2018-07-16 13:16:06 - [TEST_STEP][PASSED] - callTestCase: Call Test Case 'Test Cases/CommonTestcases/OpenBrowserandNavigateToQAURL' successfully

2018-07-16 13:16:06 - [TEST_CASE][PASSED] - Test Cases/CommonTestcases/OpenBrowserandNavigateToQAURL: Test Cases/CommonTestcases/OpenBrowserandNavigateToQAURL

2018-07-16 13:16:06 - [TEST_STEP][PASSED] - openBrowser: Browser is opened with url: ''

2018-07-16 13:16:08 - [MESSAGE][PASSED] - Browser is opened with url: ''

2018-07-16 13:16:08 - [TEST_STEP][PASSED] - navigateToUrl: Navigate to 'https://coa-demo-env.azurewebsites.net/da/index.html#/login' successfully

2018-07-16 13:16:13 - [MESSAGE][PASSED] - Navigate to 'https://coa-demo-env.azurewebsites.net/da/index.html#/login' successfully

2018-07-16 13:16:13 - [TEST_STEP][PASSED] - maximizeWindow: Current window maximized

2018-07-16 13:16:14 - [MESSAGE][PASSED] - Current window maximized

2018-07-16 13:16:14 - [MESSAGE][PASSED] - Call Test Case 'Test Cases/CommonTestcases/OpenBrowserandNavigateToQAURL' successfully

2018-07-16 13:16:14 - [TEST_STEP][PASSED] - waitForElementVisible: Object 'Object Repository/OMVA_Login_Page/Username_Textbox' is visible

2018-07-16 13:16:14 - [MESSAGE][PASSED] - Object 'Object Repository/OMVA_Login_Page/Username_Textbox' is visible

2018-07-16 13:16:14 - [TEST_STEP][PASSED] - sendKeys: Keys 'SuperAdmin' sent to object: 'Object Repository/OMVA_Login_Page/Username_Textbox'

2018-07-16 13:16:15 - [MESSAGE][PASSED] - Keys 'SuperAdmin' sent to object: 'Object Repository/OMVA_Login_Page/Username_Textbox'

2018-07-16 13:16:15 - [TEST_STEP][PASSED] - click: Object: 'Object Repository/OMVA_Login_Page/Next_Button' is clicked on

2018-07-16 13:16:15 - [MESSAGE][PASSED] - Object: 'Object Repository/OMVA_Login_Page/Next_Button' is clicked on

2018-07-16 13:16:15 - [TEST_STEP][PASSED] - waitForElementVisible: Object 'Object Repository/OMVA_Login_Page/Password_Textbox' is visible

2018-07-16 13:16:15 - [MESSAGE][PASSED] - Object 'Object Repository/OMVA_Login_Page/Password_Textbox' is visible

2018-07-16 13:16:15 - [TEST_STEP][PASSED] - sendKeys: Keys 'SuperAdmin' sent to object: 'Object Repository/OMVA_Login_Page/Password_Textbox'

2018-07-16 13:16:16 - [MESSAGE][PASSED] - Keys 'SuperAdmin' sent to object: 'Object Repository/OMVA_Login_Page/Password_Textbox'

2018-07-16 13:16:16 - [TEST_STEP][PASSED] - click: Object: 'Object Repository/OMVA_Login_Page/Signin_Button' is clicked on

2018-07-16 13:16:16 - [MESSAGE][PASSED] - Object: 'Object Repository/OMVA_Login_Page/Signin_Button' is clicked on

2018-07-16 13:16:16 - [TEST_STEP][PASSED] - waitForPageLoad: Wait for page load successfully

2018-07-16 13:16:16 - [MESSAGE][PASSED] - Wait for page load successfully

2018-07-16 13:16:16 - [TEST_STEP][PASSED] - delay: Delayed 5 second(s)

2018-07-16 13:16:21 - [MESSAGE][PASSED] - Delayed 5 second(s)

2018-07-16 13:16:21 - [TEST_STEP][PASSED] - waitForElementPresent: Object 'Object Repository/OMVA_Landing_Page/CreateUser_Button' is present

2018-07-16 13:16:22 - [MESSAGE][PASSED] - Object 'Object Repository/OMVA_Landing_Page/CreateUser_Button' is present

2018-07-16 13:16:22 - [TEST_STEP][PASSED] - click: Object: 'Object Repository/OMVA_Landing_Page/CreateUser_Button' is clicked on

2018-07-16 13:16:22 - [MESSAGE][PASSED] - Object: 'Object Repository/OMVA_Landing_Page/CreateUser_Button' is clicked on

2018-07-16 13:16:22 - [TEST_STEP][PASSED] - waitForElementVisible: Object 'Object Repository/OMVA_UserManagement_Page/NextButtonDisabled' is visible

2018-07-16 13:16:22 - [MESSAGE][PASSED] - Object 'Object Repository/OMVA_UserManagement_Page/NextButtonDisabled' is visible

2018-07-16 13:16:22 - [TEST_STEP][PASSED] - verifyElementNotClickable: Object 'Object Repository/OMVA_UserManagement_Page/NextButtonDisabled' is NOT clickable

2018-07-16 13:16:22 - [MESSAGE][PASSED] - Object 'Object Repository/OMVA_UserManagement_Page/NextButtonDisabled' is NOT clickable

2018-07-16 13:16:22 - [TEST_STEP][FAILED] - callTestCase: Unable to call Test Case with id 'Test Cases/CommonTestcases/Logout_Closebrowser' (Root cause: Call Test Case 'Test Cases/CommonTestcases/Logout_Closebrowser' failed)

2018-07-16 13:16:22 - [TEST_CASE][FAILED] - Test Cases/CommonTestcases/Logout_Closebrowser: Test Cases/CommonTestcases/Logout_Closebrowser FAILED because (of) Unable to click on object 'Object Repository/OMVA_Landing_Page/User_icon' (Root cause: org.openqa.selenium.WebDriverException: unknown error: Element <img _ngcontent-c0="" alt="profile" data-toggle="dropdown" id="dropdown" src="assets/images/profile_image.png"> is not clickable at point (1312, 31). Other element would receive the click: <div _ngcontent-c0="" id="Loader" style="display: block;">...</div>
  (Session info: chrome=67.0.3396.62)
  (Driver info: chromedriver=2.35.528161 (5b82f2d2aae0ca24b877009200ced9065a772e73),platform=Windows NT 10.0.16299 x86_64) (WARNING: The server did not provide any stacktrace information)
Command duration or timeout: 0 milliseconds
Build info: version: '3.7.1', revision: '8a0099a', time: '2017-11-06T21:07:36.161Z'
System info: host: '703177791GDL', ip: '192.168.34.59', os.name: 'Windows 10', os.arch: 'amd64', os.version: '10.0', java.version: '1.8.0_102'
Driver info: com.kms.katalon.selenium.driver.CChromeDriver
Capabilities {acceptInsecureCerts: false, acceptSslCerts: false, applicationCacheEnabled: false, browserConnectionEnabled: false, browserName: chrome, chrome: {chromedriverVersion: 2.35.528161 (5b82f2d2aae0ca..., userDataDir: D:\Users\703177791\AppData\...}, cssSelectorsEnabled: true, databaseEnabled: false, handlesAlerts: true, hasTouchScreen: false, javascriptEnabled: true, locationContextEnabled: true, mobileEmulationEnabled: false, nativeEvents: true, networkConnectionEnabled: false, pageLoadStrategy: normal, platform: XP, platformName: XP, rotatable: false, setWindowRect: true, takesHeapSnapshot: true, takesScreenshot: true, unexpectedAlertBehaviour: , unhandledPromptBehavior: , version: 67.0.3396.62, webStorageEnabled: true}
Session ID: 38887c533127cbbc93d6e5fbdda72840)

2018-07-16 13:16:22 - [TEST_STEP][PASSED] - waitForElementPresent: Object 'Object Repository/OMVA_Landing_Page/User_icon' is present

2018-07-16 13:16:22 - [MESSAGE][PASSED] - Object 'Object Repository/OMVA_Landing_Page/User_icon' is present

2018-07-16 13:16:22 - [TEST_STEP][FAILED] - click: Unable to click on object 'Object Repository/OMVA_Landing_Page/User_icon' (Root cause: org.openqa.selenium.WebDriverException: unknown error: Element <img _ngcontent-c0="" alt="profile" data-toggle="dropdown" id="dropdown" src="assets/images/profile_image.png"> is not clickable at point (1312, 31). Other element would receive the click: <div _ngcontent-c0="" id="Loader" style="display: block;">...</div>
  (Session info: chrome=67.0.3396.62)
  (Driver info: chromedriver=2.35.528161 (5b82f2d2aae0ca24b877009200ced9065a772e73),platform=Windows NT 10.0.16299 x86_64) (WARNING: The server did not provide any stacktrace information)
Command duration or timeout: 0 milliseconds
Build info: version: '3.7.1', revision: '8a0099a', time: '2017-11-06T21:07:36.161Z'
System info: host: '703177791GDL', ip: '192.168.34.59', os.name: 'Windows 10', os.arch: 'amd64', os.version: '10.0', java.version: '1.8.0_102'
Driver info: com.kms.katalon.selenium.driver.CChromeDriver
Capabilities {acceptInsecureCerts: false, acceptSslCerts: false, applicationCacheEnabled: false, browserConnectionEnabled: false, browserName: chrome, chrome: {chromedriverVersion: 2.35.528161 (5b82f2d2aae0ca..., userDataDir: D:\Users\703177791\AppData\...}, cssSelectorsEnabled: true, databaseEnabled: false, handlesAlerts: true, hasTouchScreen: false, javascriptEnabled: true, locationContextEnabled: true, mobileEmulationEnabled: false, nativeEvents: true, networkConnectionEnabled: false, pageLoadStrategy: normal, platform: XP, platformName: XP, rotatable: false, setWindowRect: true, takesHeapSnapshot: true, takesScreenshot: true, unexpectedAlertBehaviour: , unhandledPromptBehavior: , version: 67.0.3396.62, webStorageEnabled: true}
Session ID: 38887c533127cbbc93d6e5fbdda72840)

2018-07-16 13:16:23 - [MESSAGE][FAILED] - Unable to click on object 'Object Repository/OMVA_Landing_Page/User_icon' (Root cause: org.openqa.selenium.WebDriverException: unknown error: Element <img _ngcontent-c0="" alt="profile" data-toggle="dropdown" id="dropdown" src="assets/images/profile_image.png"> is not clickable at point (1312, 31). Other element would receive the click: <div _ngcontent-c0="" id="Loader" style="display: block;">...</div>
  (Session info: chrome=67.0.3396.62)
  (Driver info: chromedriver=2.35.528161 (5b82f2d2aae0ca24b877009200ced9065a772e73),platform=Windows NT 10.0.16299 x86_64) (WARNING: The server did not provide any stacktrace information)
Command duration or timeout: 0 milliseconds
Build info: version: '3.7.1', revision: '8a0099a', time: '2017-11-06T21:07:36.161Z'
System info: host: '703177791GDL', ip: '192.168.34.59', os.name: 'Windows 10', os.arch: 'amd64', os.version: '10.0', java.version: '1.8.0_102'
Driver info: com.kms.katalon.selenium.driver.CChromeDriver
Capabilities {acceptInsecureCerts: false, acceptSslCerts: false, applicationCacheEnabled: false, browserConnectionEnabled: false, browserName: chrome, chrome: {chromedriverVersion: 2.35.528161 (5b82f2d2aae0ca..., userDataDir: D:\Users\703177791\AppData\...}, cssSelectorsEnabled: true, databaseEnabled: false, handlesAlerts: true, hasTouchScreen: false, javascriptEnabled: true, locationContextEnabled: true, mobileEmulationEnabled: false, nativeEvents: true, networkConnectionEnabled: false, pageLoadStrategy: normal, platform: XP, platformName: XP, rotatable: false, setWindowRect: true, takesHeapSnapshot: true, takesScreenshot: true, unexpectedAlertBehaviour: , unhandledPromptBehavior: , version: 67.0.3396.62, webStorageEnabled: true}
Session ID: 38887c533127cbbc93d6e5fbdda72840)
[[ATTACHMENT|D:\\P&G New\\Automation-P&G-Code-Base\\OMVA\\Reports\\UserManagementTestSuite\\20180716_131116\\1531727183273.png]]

2018-07-16 13:16:23 - [MESSAGE][FAILED] - Unable to call Test Case with id 'Test Cases/CommonTestcases/Logout_Closebrowser' (Root cause: Call Test Case 'Test Cases/CommonTestcases/Logout_Closebrowser' failed)]]></system-out>
         <system-err><![CDATA[2018-07-16 13:16:06 - [TEST_CASE][FAILED] - Test Cases/UserManagementTestCases/UserActions/VerifyNextButtonClickNotAllowed: Test Cases/UserManagementTestCases/UserActions/VerifyNextButtonClickNotAllowed FAILED because (of) Unable to click on object 'Object Repository/OMVA_Landing_Page/User_icon' (Root cause: org.openqa.selenium.WebDriverException: unknown error: Element <img _ngcontent-c0="" alt="profile" data-toggle="dropdown" id="dropdown" src="assets/images/profile_image.png"> is not clickable at point (1312, 31). Other element would receive the click: <div _ngcontent-c0="" id="Loader" style="display: block;">...</div>
  (Session info: chrome=67.0.3396.62)
  (Driver info: chromedriver=2.35.528161 (5b82f2d2aae0ca24b877009200ced9065a772e73),platform=Windows NT 10.0.16299 x86_64) (WARNING: The server did not provide any stacktrace information)
Command duration or timeout: 0 milliseconds
Build info: version: '3.7.1', revision: '8a0099a', time: '2017-11-06T21:07:36.161Z'
System info: host: '703177791GDL', ip: '192.168.34.59', os.name: 'Windows 10', os.arch: 'amd64', os.version: '10.0', java.version: '1.8.0_102'
Driver info: com.kms.katalon.selenium.driver.CChromeDriver
Capabilities {acceptInsecureCerts: false, acceptSslCerts: false, applicationCacheEnabled: false, browserConnectionEnabled: false, browserName: chrome, chrome: {chromedriverVersion: 2.35.528161 (5b82f2d2aae0ca..., userDataDir: D:\Users\703177791\AppData\...}, cssSelectorsEnabled: true, databaseEnabled: false, handlesAlerts: true, hasTouchScreen: false, javascriptEnabled: true, locationContextEnabled: true, mobileEmulationEnabled: false, nativeEvents: true, networkConnectionEnabled: false, pageLoadStrategy: normal, platform: XP, platformName: XP, rotatable: false, setWindowRect: true, takesHeapSnapshot: true, takesScreenshot: true, unexpectedAlertBehaviour: , unhandledPromptBehavior: , version: 67.0.3396.62, webStorageEnabled: true}
Session ID: 38887c533127cbbc93d6e5fbdda72840)]]></system-err>
      </testcase>
      <testcase name="Test Cases/UserManagementTestCases/UserActions/VerifyDefaultSelectionAdvancedFilter" classname="Test Cases/UserManagementTestCases/UserActions/VerifyDefaultSelectionAdvancedFilter" status="PASSED">
         <system-out><![CDATA[2018-07-16 13:16:23 - [TEST_CASE][PASSED] - Test Cases/UserManagementTestCases/UserActions/VerifyDefaultSelectionAdvancedFilter: Test Cases/UserManagementTestCases/UserActions/VerifyDefaultSelectionAdvancedFilter

2018-07-16 13:16:23 - [TEST_STEP][PASSED] - callTestCase: Call Test Case 'Test Cases/CommonTestcases/OpenBrowserandNavigateToQAURL' successfully

2018-07-16 13:16:23 - [TEST_CASE][PASSED] - Test Cases/CommonTestcases/OpenBrowserandNavigateToQAURL: Test Cases/CommonTestcases/OpenBrowserandNavigateToQAURL

2018-07-16 13:16:23 - [TEST_STEP][PASSED] - openBrowser: Browser is opened with url: ''

2018-07-16 13:16:23 - [MESSAGE][WARNING] - A browser is already opened. Closing browser and opening a new one

2018-07-16 13:16:27 - [MESSAGE][PASSED] - Browser is opened with url: ''

2018-07-16 13:16:27 - [TEST_STEP][PASSED] - navigateToUrl: Navigate to 'https://coa-demo-env.azurewebsites.net/da/index.html#/login' successfully

2018-07-16 13:16:36 - [MESSAGE][PASSED] - Navigate to 'https://coa-demo-env.azurewebsites.net/da/index.html#/login' successfully

2018-07-16 13:16:36 - [TEST_STEP][PASSED] - maximizeWindow: Current window maximized

2018-07-16 13:16:37 - [MESSAGE][PASSED] - Current window maximized

2018-07-16 13:16:37 - [MESSAGE][PASSED] - Call Test Case 'Test Cases/CommonTestcases/OpenBrowserandNavigateToQAURL' successfully

2018-07-16 13:16:37 - [TEST_STEP][PASSED] - waitForElementPresent: Object 'Object Repository/OMVA_Login_Page/Username_Textbox' is present

2018-07-16 13:16:37 - [MESSAGE][PASSED] - Object 'Object Repository/OMVA_Login_Page/Username_Textbox' is present

2018-07-16 13:16:37 - [TEST_STEP][PASSED] - sendKeys: Keys 'SuperAdmin' sent to object: 'Object Repository/OMVA_Login_Page/Username_Textbox'

2018-07-16 13:16:38 - [MESSAGE][PASSED] - Keys 'SuperAdmin' sent to object: 'Object Repository/OMVA_Login_Page/Username_Textbox'

2018-07-16 13:16:38 - [TEST_STEP][PASSED] - click: Object: 'Object Repository/OMVA_Login_Page/Next_Button' is clicked on

2018-07-16 13:16:38 - [MESSAGE][PASSED] - Object: 'Object Repository/OMVA_Login_Page/Next_Button' is clicked on

2018-07-16 13:16:38 - [TEST_STEP][PASSED] - waitForElementVisible: Object 'Object Repository/OMVA_Login_Page/Password_Textbox' is visible

2018-07-16 13:16:38 - [MESSAGE][PASSED] - Object 'Object Repository/OMVA_Login_Page/Password_Textbox' is visible

2018-07-16 13:16:38 - [TEST_STEP][PASSED] - sendKeys: Keys 'SuperAdmin' sent to object: 'Object Repository/OMVA_Login_Page/Password_Textbox'

2018-07-16 13:16:38 - [MESSAGE][PASSED] - Keys 'SuperAdmin' sent to object: 'Object Repository/OMVA_Login_Page/Password_Textbox'

2018-07-16 13:16:38 - [TEST_STEP][PASSED] - click: Object: 'Object Repository/OMVA_Login_Page/Signin_Button' is clicked on

2018-07-16 13:16:38 - [MESSAGE][PASSED] - Object: 'Object Repository/OMVA_Login_Page/Signin_Button' is clicked on

2018-07-16 13:16:38 - [TEST_STEP][PASSED] - waitForAngularLoad: This page doesn't use Angular.

2018-07-16 13:16:38 - [MESSAGE][WARNING] - This page doesn't use Angular.

2018-07-16 13:16:38 - [TEST_STEP][PASSED] - delay: Delayed 4 second(s)

2018-07-16 13:16:42 - [MESSAGE][PASSED] - Delayed 4 second(s)

2018-07-16 13:16:42 - [TEST_STEP][PASSED] - waitForElementVisible: Object 'Object Repository/OMVA_Landing_Page/Filter_Icon' is visible

2018-07-16 13:16:42 - [MESSAGE][PASSED] - Object 'Object Repository/OMVA_Landing_Page/Filter_Icon' is visible

2018-07-16 13:16:42 - [TEST_STEP][PASSED] - Statement - assert true: null

2018-07-16 13:16:42 - [TEST_STEP][PASSED] - click: Object: 'Object Repository/OMVA_Landing_Page/Filter_Icon' is clicked on

2018-07-16 13:16:43 - [MESSAGE][PASSED] - Object: 'Object Repository/OMVA_Landing_Page/Filter_Icon' is clicked on

2018-07-16 13:16:43 - [TEST_STEP][PASSED] - waitForElementVisible: Object 'Object Repository/OMVA_Landing_Page/Advanced_FilterPopUp' is visible

2018-07-16 13:16:43 - [MESSAGE][PASSED] - Object 'Object Repository/OMVA_Landing_Page/Advanced_FilterPopUp' is visible

2018-07-16 13:16:43 - [TEST_STEP][PASSED] - Statement - assert true: null

2018-07-16 13:16:43 - [TEST_STEP][PASSED] - delay: Delayed 3 second(s)

2018-07-16 13:16:46 - [MESSAGE][PASSED] - Delayed 3 second(s)

2018-07-16 13:16:46 - [TEST_STEP][PASSED] - applicationLibrary.checkboxMultiselection.checkbox: applicationLibrary.checkboxMultiselection.checkbox is PASSED

2018-07-16 13:16:48 - [MESSAGE][PASSED] - applicationLibrary.checkboxMultiselection.checkbox is PASSED

2018-07-16 13:16:48 - [TEST_STEP][PASSED] - waitForElementVisible: Object 'Object Repository/OMVA_AdvancedFilter_Page/resetButton' is visible

2018-07-16 13:16:49 - [MESSAGE][PASSED] - Object 'Object Repository/OMVA_AdvancedFilter_Page/resetButton' is visible

2018-07-16 13:16:49 - [TEST_STEP][PASSED] - click: Object: 'Object Repository/OMVA_AdvancedFilter_Page/resetButton' is clicked on

2018-07-16 13:16:49 - [MESSAGE][PASSED] - Object: 'Object Repository/OMVA_AdvancedFilter_Page/resetButton' is clicked on

2018-07-16 13:16:49 - [TEST_STEP][PASSED] - verifyElementAttributeValue: Object 'Object Repository/OMVA_AdvancedFilter_Page/checkboxSelectAll' has attribute 'ng-reflect-model' with value 'false'

2018-07-16 13:16:49 - [MESSAGE][PASSED] - Object 'Object Repository/OMVA_AdvancedFilter_Page/checkboxSelectAll' has attribute 'ng-reflect-model' with value 'false']]></system-out>
         <system-err><![CDATA[]]></system-err>
      </testcase>
      <testcase name="Test Cases/UserManagementTestCases/UserActions/Validate_User_Search" classname="Test Cases/UserManagementTestCases/UserActions/Validate_User_Search" status="PASSED">
         <system-out><![CDATA[2018-07-16 13:16:49 - [TEST_CASE][PASSED] - Test Cases/UserManagementTestCases/UserActions/Validate_User_Search: Test Cases/UserManagementTestCases/UserActions/Validate_User_Search

2018-07-16 13:16:49 - [TEST_STEP][PASSED] - callTestCase: Call Test Case 'Test Cases/CommonTestcases/OpenBrowserandNavigateToQAURL' successfully

2018-07-16 13:16:49 - [TEST_CASE][PASSED] - Test Cases/CommonTestcases/OpenBrowserandNavigateToQAURL: Test Cases/CommonTestcases/OpenBrowserandNavigateToQAURL

2018-07-16 13:16:49 - [TEST_STEP][PASSED] - openBrowser: Browser is opened with url: ''

2018-07-16 13:16:49 - [MESSAGE][WARNING] - A browser is already opened. Closing browser and opening a new one

2018-07-16 13:16:53 - [MESSAGE][PASSED] - Browser is opened with url: ''

2018-07-16 13:16:53 - [TEST_STEP][PASSED] - navigateToUrl: Navigate to 'https://coa-demo-env.azurewebsites.net/da/index.html#/login' successfully

2018-07-16 13:16:57 - [MESSAGE][PASSED] - Navigate to 'https://coa-demo-env.azurewebsites.net/da/index.html#/login' successfully

2018-07-16 13:16:57 - [TEST_STEP][PASSED] - maximizeWindow: Current window maximized

2018-07-16 13:16:59 - [MESSAGE][PASSED] - Current window maximized

2018-07-16 13:16:59 - [MESSAGE][PASSED] - Call Test Case 'Test Cases/CommonTestcases/OpenBrowserandNavigateToQAURL' successfully

2018-07-16 13:16:59 - [TEST_STEP][PASSED] - waitForElementVisible: Object 'Object Repository/OMVA_Login_Page/Username_Textbox' is visible

2018-07-16 13:16:59 - [MESSAGE][PASSED] - Object 'Object Repository/OMVA_Login_Page/Username_Textbox' is visible

2018-07-16 13:16:59 - [TEST_STEP][PASSED] - sendKeys: Keys 'SuperAdmin' sent to object: 'Object Repository/OMVA_Login_Page/Username_Textbox'

2018-07-16 13:16:59 - [MESSAGE][PASSED] - Keys 'SuperAdmin' sent to object: 'Object Repository/OMVA_Login_Page/Username_Textbox'

2018-07-16 13:16:59 - [TEST_STEP][PASSED] - click: Object: 'Object Repository/OMVA_Login_Page/Next_Button' is clicked on

2018-07-16 13:16:59 - [MESSAGE][PASSED] - Object: 'Object Repository/OMVA_Login_Page/Next_Button' is clicked on

2018-07-16 13:16:59 - [TEST_STEP][PASSED] - waitForElementVisible: Object 'Object Repository/OMVA_Login_Page/Password_Textbox' is visible

2018-07-16 13:17:00 - [MESSAGE][PASSED] - Object 'Object Repository/OMVA_Login_Page/Password_Textbox' is visible

2018-07-16 13:17:00 - [TEST_STEP][PASSED] - sendKeys: Keys 'SuperAdmin' sent to object: 'Object Repository/OMVA_Login_Page/Password_Textbox'

2018-07-16 13:17:00 - [MESSAGE][PASSED] - Keys 'SuperAdmin' sent to object: 'Object Repository/OMVA_Login_Page/Password_Textbox'

2018-07-16 13:17:00 - [TEST_STEP][PASSED] - click: Object: 'Object Repository/OMVA_Login_Page/Signin_Button' is clicked on

2018-07-16 13:17:00 - [MESSAGE][PASSED] - Object: 'Object Repository/OMVA_Login_Page/Signin_Button' is clicked on

2018-07-16 13:17:00 - [TEST_STEP][PASSED] - waitForPageLoad: Wait for page load successfully

2018-07-16 13:17:00 - [MESSAGE][PASSED] - Wait for page load successfully

2018-07-16 13:17:00 - [TEST_STEP][PASSED] - delay: Delayed 5 second(s)

2018-07-16 13:17:05 - [MESSAGE][PASSED] - Delayed 5 second(s)

2018-07-16 13:17:05 - [TEST_STEP][PASSED] - waitForElementPresent: Object 'Object Repository/OMVA_Landing_Page/CreateUser_Button' is present

2018-07-16 13:17:05 - [MESSAGE][PASSED] - Object 'Object Repository/OMVA_Landing_Page/CreateUser_Button' is present

2018-07-16 13:17:05 - [TEST_STEP][PASSED] - click: Object: 'Object Repository/OMVA_Landing_Page/CreateUser_Button' is clicked on

2018-07-16 13:17:05 - [MESSAGE][PASSED] - Object: 'Object Repository/OMVA_Landing_Page/CreateUser_Button' is clicked on

2018-07-16 13:17:05 - [TEST_STEP][PASSED] - delay: Delayed 3 second(s)

2018-07-16 13:17:08 - [MESSAGE][PASSED] - Delayed 3 second(s)

2018-07-16 13:17:08 - [TEST_STEP][PASSED] - waitForElementPresent: Object 'Object Repository/OMVA_UserManagement_Page/Role_Dropdown' is present

2018-07-16 13:17:08 - [MESSAGE][PASSED] - Object 'Object Repository/OMVA_UserManagement_Page/Role_Dropdown' is present

2018-07-16 13:17:08 - [TEST_STEP][PASSED] - Statement - If (true): null

2018-07-16 13:17:08 - [TEST_STEP][PASSED] - click: Object: 'Object Repository/OMVA_UserManagement_Page/Role_Dropdown' is clicked on

2018-07-16 13:17:09 - [MESSAGE][PASSED] - Object: 'Object Repository/OMVA_UserManagement_Page/Role_Dropdown' is clicked on

2018-07-16 13:17:09 - [TEST_STEP][PASSED] - Statement - assert true: null

2018-07-16 13:17:09 - [TEST_STEP][PASSED] - scrollToElement: Scroll to object 'Object Repository/OMVA_UserManagement_Page/DropdownOption_RoleDropdown_Market Admin' successfully

2018-07-16 13:17:09 - [MESSAGE][WARNING] - Timeout '0' is invalid. Using default page load timeout: '15'

2018-07-16 13:17:09 - [MESSAGE][PASSED] - Scroll to object 'Object Repository/OMVA_UserManagement_Page/DropdownOption_RoleDropdown_Market Admin' successfully

2018-07-16 13:17:09 - [TEST_STEP][PASSED] - click: Object: 'Object Repository/OMVA_UserManagement_Page/DropdownOption_RoleDropdown_Market Admin' is clicked on

2018-07-16 13:17:09 - [MESSAGE][PASSED] - Object: 'Object Repository/OMVA_UserManagement_Page/DropdownOption_RoleDropdown_Market Admin' is clicked on

2018-07-16 13:17:09 - [TEST_STEP][PASSED] - Statement - username = CustomKeywords.commonLibrary.commonFunctions.randomStringFunction("abcdefghijklmnopqrstuvwxyz", 6): commonLibrary.commonFunctions.randomStringFunction is PASSED

2018-07-16 13:17:09 - [MESSAGE][PASSED] - commonLibrary.commonFunctions.randomStringFunction is PASSED

2018-07-16 13:17:09 - [TEST_STEP][PASSED] - Statement - uname = username.toString(): null

2018-07-16 13:17:09 - [TEST_STEP][PASSED] - sendKeys: Keys 'invgrb' sent to object: 'Object Repository/OMVA_UserManagement_Page/UserName_Textbox'

2018-07-16 13:17:09 - [MESSAGE][PASSED] - Keys 'invgrb' sent to object: 'Object Repository/OMVA_UserManagement_Page/UserName_Textbox'

2018-07-16 13:17:09 - [TEST_STEP][PASSED] - Statement - emailidprefix = CustomKeywords.commonLibrary.commonFunctions.randomStringFunction("abcdefghijklmnopqrstuvwxyz", 9): commonLibrary.commonFunctions.randomStringFunction is PASSED

2018-07-16 13:17:09 - [MESSAGE][PASSED] - commonLibrary.commonFunctions.randomStringFunction is PASSED

2018-07-16 13:17:09 - [TEST_STEP][PASSED] - sendKeys: Keys 'esnznsobn@autotestpg.com' sent to object: 'Object Repository/OMVA_UserManagement_Page/EmailID_Textbox'

2018-07-16 13:17:10 - [MESSAGE][PASSED] - Keys 'esnznsobn@autotestpg.com' sent to object: 'Object Repository/OMVA_UserManagement_Page/EmailID_Textbox'

2018-07-16 13:17:10 - [TEST_STEP][PASSED] - Statement - firstname = CustomKeywords.commonLibrary.commonFunctions.randomStringFunction("abcdefghijklmnopqrstuvwxyz", 7): commonLibrary.commonFunctions.randomStringFunction is PASSED

2018-07-16 13:17:10 - [MESSAGE][PASSED] - commonLibrary.commonFunctions.randomStringFunction is PASSED

2018-07-16 13:17:10 - [TEST_STEP][PASSED] - sendKeys: Keys 'scxnxqd' sent to object: 'Object Repository/OMVA_UserManagement_Page/FirstName_Textbox'

2018-07-16 13:17:10 - [MESSAGE][PASSED] - Keys 'scxnxqd' sent to object: 'Object Repository/OMVA_UserManagement_Page/FirstName_Textbox'

2018-07-16 13:17:10 - [TEST_STEP][PASSED] - Statement - lastname = CustomKeywords.commonLibrary.commonFunctions.randomStringFunction("abcdefghijklmnopqrstuvwxyz", 7): commonLibrary.commonFunctions.randomStringFunction is PASSED

2018-07-16 13:17:10 - [MESSAGE][PASSED] - commonLibrary.commonFunctions.randomStringFunction is PASSED

2018-07-16 13:17:10 - [TEST_STEP][PASSED] - sendKeys: Keys 'kojhjge' sent to object: 'Object Repository/OMVA_UserManagement_Page/LastName_Textbox'

2018-07-16 13:17:11 - [MESSAGE][PASSED] - Keys 'kojhjge' sent to object: 'Object Repository/OMVA_UserManagement_Page/LastName_Textbox'

2018-07-16 13:17:11 - [TEST_STEP][PASSED] - Statement - ticketnum = CustomKeywords.commonLibrary.commonFunctions.randomStringFunction("123456789", 7): commonLibrary.commonFunctions.randomStringFunction is PASSED

2018-07-16 13:17:11 - [MESSAGE][PASSED] - commonLibrary.commonFunctions.randomStringFunction is PASSED

2018-07-16 13:17:11 - [TEST_STEP][PASSED] - sendKeys: Keys '1345664' sent to object: 'Object Repository/OMVA_UserManagement_Page/TicketNumber_Textbox'

2018-07-16 13:17:11 - [MESSAGE][PASSED] - Keys '1345664' sent to object: 'Object Repository/OMVA_UserManagement_Page/TicketNumber_Textbox'

2018-07-16 13:17:11 - [TEST_STEP][PASSED] - click: Object: 'Object Repository/OMVA_UserManagement_Page/Next_Button' is clicked on

2018-07-16 13:17:11 - [MESSAGE][PASSED] - Object: 'Object Repository/OMVA_UserManagement_Page/Next_Button' is clicked on

2018-07-16 13:17:11 - [TEST_STEP][PASSED] - delay: Delayed 4 second(s)

2018-07-16 13:17:15 - [MESSAGE][PASSED] - Delayed 4 second(s)

2018-07-16 13:17:15 - [TEST_STEP][PASSED] - applicationLibrary.checkboxMultiselection.multiselectCheckbox: applicationLibrary.checkboxMultiselection.multiselectCheckbox is PASSED

2018-07-16 13:17:17 - [MESSAGE][PASSED] - applicationLibrary.checkboxMultiselection.multiselectCheckbox is PASSED

2018-07-16 13:17:17 - [TEST_STEP][PASSED] - scrollToElement: Scroll to object 'Object Repository/OMVA_UserManagement_Page/Customer_Next_Btn' successfully

2018-07-16 13:17:17 - [MESSAGE][PASSED] - Scroll to object 'Object Repository/OMVA_UserManagement_Page/Customer_Next_Btn' successfully

2018-07-16 13:17:17 - [TEST_STEP][PASSED] - click: Object: 'Object Repository/OMVA_UserManagement_Page/Customer_Next_Btn' is clicked on

2018-07-16 13:17:18 - [MESSAGE][PASSED] - Object: 'Object Repository/OMVA_UserManagement_Page/Customer_Next_Btn' is clicked on

2018-07-16 13:17:18 - [TEST_STEP][PASSED] - applicationLibrary.checkboxMultiselection.multiselectCheckbox: applicationLibrary.checkboxMultiselection.multiselectCheckbox is PASSED

2018-07-16 13:17:20 - [MESSAGE][PASSED] - applicationLibrary.checkboxMultiselection.multiselectCheckbox is PASSED

2018-07-16 13:17:20 - [TEST_STEP][PASSED] - waitForElementVisible: Object 'Object Repository/OMVA_UserManagement_Page/UserCreation_Save_Btn' is visible

2018-07-16 13:17:20 - [MESSAGE][PASSED] - Object 'Object Repository/OMVA_UserManagement_Page/UserCreation_Save_Btn' is visible

2018-07-16 13:17:20 - [TEST_STEP][PASSED] - click: Object: 'Object Repository/OMVA_UserManagement_Page/UserCreation_Save_Btn' is clicked on

2018-07-16 13:17:20 - [MESSAGE][PASSED] - Object: 'Object Repository/OMVA_UserManagement_Page/UserCreation_Save_Btn' is clicked on

2018-07-16 13:17:20 - [TEST_STEP][PASSED] - waitForElementPresent: Object 'Object Repository/OMVA_UserManagement_Page/UserCreation_HeaderTxt' is present

2018-07-16 13:17:21 - [MESSAGE][PASSED] - Object 'Object Repository/OMVA_UserManagement_Page/UserCreation_HeaderTxt' is present

2018-07-16 13:17:21 - [TEST_STEP][PASSED] - verifyElementText: Actual text and expected text of test object 'Object Repository/OMVA_UserManagement_Page/UserCreation_HeaderTxt' are matched.

2018-07-16 13:17:21 - [MESSAGE][PASSED] - Actual text and expected text of test object 'Object Repository/OMVA_UserManagement_Page/UserCreation_HeaderTxt' are matched.

2018-07-16 13:17:21 - [TEST_STEP][PASSED] - verifyElementText: Actual text and expected text of test object 'Object Repository/OMVA_UserManagement_Page/UserCreation_ContentTxt' are matched.

2018-07-16 13:17:21 - [MESSAGE][PASSED] - Actual text and expected text of test object 'Object Repository/OMVA_UserManagement_Page/UserCreation_ContentTxt' are matched.

2018-07-16 13:17:21 - [TEST_STEP][PASSED] - waitForElementVisible: Object 'Object Repository/OMVA_EditUser_Page/EditUser_OkPopupButton' is visible

2018-07-16 13:17:21 - [MESSAGE][PASSED] - Object 'Object Repository/OMVA_EditUser_Page/EditUser_OkPopupButton' is visible

2018-07-16 13:17:21 - [TEST_STEP][PASSED] - click: Object: 'Object Repository/OMVA_EditUser_Page/EditUser_OkPopupButton' is clicked on

2018-07-16 13:17:21 - [MESSAGE][PASSED] - Object: 'Object Repository/OMVA_EditUser_Page/EditUser_OkPopupButton' is clicked on

2018-07-16 13:17:21 - [TEST_STEP][PASSED] - delay: Delayed 4 second(s)

2018-07-16 13:17:25 - [MESSAGE][PASSED] - Delayed 4 second(s)

2018-07-16 13:17:25 - [TEST_STEP][PASSED] - waitForElementVisible: Object 'Object Repository/OMVA_UserManagement_Page/Search_button' is visible

2018-07-16 13:17:25 - [MESSAGE][PASSED] - Object 'Object Repository/OMVA_UserManagement_Page/Search_button' is visible

2018-07-16 13:17:25 - [TEST_STEP][PASSED] - click: Object: 'Object Repository/OMVA_UserManagement_Page/Search_button' is clicked on

2018-07-16 13:17:25 - [MESSAGE][PASSED] - Object: 'Object Repository/OMVA_UserManagement_Page/Search_button' is clicked on

2018-07-16 13:17:25 - [TEST_STEP][PASSED] - waitForElementVisible: Object 'Object Repository/OMVA_UserManagement_Page/Enter_Text_Search' is visible

2018-07-16 13:17:26 - [MESSAGE][PASSED] - Object 'Object Repository/OMVA_UserManagement_Page/Enter_Text_Search' is visible

2018-07-16 13:17:26 - [TEST_STEP][PASSED] - sendKeys: Keys 'invgrb' sent to object: 'Object Repository/OMVA_UserManagement_Page/Enter_Text_Search'

2018-07-16 13:17:26 - [MESSAGE][PASSED] - Keys 'invgrb' sent to object: 'Object Repository/OMVA_UserManagement_Page/Enter_Text_Search'

2018-07-16 13:17:26 - [TEST_STEP][PASSED] - waitForElementVisible: Object 'Object Repository/OMVA_Landing_Page/Uname_Grid' is visible

2018-07-16 13:17:26 - [MESSAGE][PASSED] - Object 'Object Repository/OMVA_Landing_Page/Uname_Grid' is visible

2018-07-16 13:17:26 - [TEST_STEP][PASSED] - Statement - userName = com.kms.katalon.core.webui.keyword.WebUiBuiltInKeywords.getText(com.kms.katalon.core.testobject.ObjectRepository.findTestObject(OMVA_Landing_Page/Uname_Grid)): Text of object 'Object Repository/OMVA_Landing_Page/Uname_Grid' is: 'invgrb'

2018-07-16 13:17:26 - [MESSAGE][PASSED] - Text of object 'Object Repository/OMVA_Landing_Page/Uname_Grid' is: 'invgrb'

2018-07-16 13:17:26 - [TEST_STEP][PASSED] - verifyMatch: Actual text 'invgrb' and expected text 'invgrb' are matched 

2018-07-16 13:17:26 - [MESSAGE][PASSED] - Actual text 'invgrb' and expected text 'invgrb' are matched 

2018-07-16 13:17:26 - [TEST_STEP][PASSED] - dataBaseConnection.dataBase.connectDB: dataBaseConnection.dataBase.connectDB is PASSED

2018-07-16 13:17:28 - [MESSAGE][PASSED] - dataBaseConnection.dataBase.connectDB is PASSED

2018-07-16 13:17:28 - [TEST_STEP][PASSED] - dataBaseConnection.dataBase.executeQuery: dataBaseConnection.dataBase.executeQuery is PASSED

2018-07-16 13:17:28 - [MESSAGE][PASSED] - dataBaseConnection.dataBase.executeQuery is PASSED

2018-07-16 13:17:28 - [TEST_STEP][PASSED] - dataBaseConnection.dataBase.closeDatabaseConnection: dataBaseConnection.dataBase.closeDatabaseConnection is PASSED

2018-07-16 13:17:28 - [MESSAGE][PASSED] - dataBaseConnection.dataBase.closeDatabaseConnection is PASSED

2018-07-16 13:17:28 - [TEST_STEP][PASSED] - callTestCase: Call Test Case 'Test Cases/CommonTestcases/Logout_Closebrowser' successfully

2018-07-16 13:17:28 - [TEST_CASE][PASSED] - Test Cases/CommonTestcases/Logout_Closebrowser: Test Cases/CommonTestcases/Logout_Closebrowser

2018-07-16 13:17:28 - [TEST_STEP][PASSED] - waitForElementPresent: Object 'Object Repository/OMVA_Landing_Page/User_icon' is present

2018-07-16 13:17:28 - [MESSAGE][PASSED] - Object 'Object Repository/OMVA_Landing_Page/User_icon' is present

2018-07-16 13:17:28 - [TEST_STEP][PASSED] - click: Object: 'Object Repository/OMVA_Landing_Page/User_icon' is clicked on

2018-07-16 13:17:28 - [MESSAGE][PASSED] - Object: 'Object Repository/OMVA_Landing_Page/User_icon' is clicked on

2018-07-16 13:17:28 - [TEST_STEP][PASSED] - waitForElementPresent: Object 'Object Repository/OMVA_Landing_Page/Logout_link' is present

2018-07-16 13:17:28 - [MESSAGE][PASSED] - Object 'Object Repository/OMVA_Landing_Page/Logout_link' is present

2018-07-16 13:17:28 - [TEST_STEP][PASSED] - click: Object: 'Object Repository/OMVA_Landing_Page/Logout_link' is clicked on

2018-07-16 13:17:28 - [MESSAGE][PASSED] - Object: 'Object Repository/OMVA_Landing_Page/Logout_link' is clicked on

2018-07-16 13:17:28 - [TEST_STEP][PASSED] - waitForElementNotPresent: Web element with id: 'Object Repository/OMVA_Landing_Page/User_icon' located by 'By.xpath: //img[@id='dropdown']' is not present after '15' second(s)

2018-07-16 13:17:28 - [MESSAGE][WARNING] - Timeout '0' is invalid. Using default page load timeout: '15'

2018-07-16 13:17:29 - [MESSAGE][PASSED] - Web element with id: 'Object Repository/OMVA_Landing_Page/User_icon' located by 'By.xpath: //img[@id='dropdown']' is not present after '15' second(s)

2018-07-16 13:17:29 - [TEST_STEP][PASSED] - closeBrowser: Browser is closed

2018-07-16 13:17:30 - [MESSAGE][PASSED] - Browser is closed

2018-07-16 13:17:30 - [MESSAGE][PASSED] - Call Test Case 'Test Cases/CommonTestcases/Logout_Closebrowser' successfully]]></system-out>
         <system-err><![CDATA[]]></system-err>
      </testcase>
      <testcase name="Test Cases/UserManagementTestCases/UserActions/Validate_Search_EmailID" classname="Test Cases/UserManagementTestCases/UserActions/Validate_Search_EmailID" status="PASSED">
         <system-out><![CDATA[2018-07-16 13:17:30 - [TEST_CASE][PASSED] - Test Cases/UserManagementTestCases/UserActions/Validate_Search_EmailID: Test Cases/UserManagementTestCases/UserActions/Validate_Search_EmailID

2018-07-16 13:17:30 - [TEST_STEP][PASSED] - callTestCase: Call Test Case 'Test Cases/CommonTestcases/OpenBrowserandNavigateToQAURL' successfully

2018-07-16 13:17:30 - [TEST_CASE][PASSED] - Test Cases/CommonTestcases/OpenBrowserandNavigateToQAURL: Test Cases/CommonTestcases/OpenBrowserandNavigateToQAURL

2018-07-16 13:17:30 - [TEST_STEP][PASSED] - openBrowser: Browser is opened with url: ''

2018-07-16 13:17:32 - [MESSAGE][PASSED] - Browser is opened with url: ''

2018-07-16 13:17:32 - [TEST_STEP][PASSED] - navigateToUrl: Navigate to 'https://coa-demo-env.azurewebsites.net/da/index.html#/login' successfully

2018-07-16 13:17:37 - [MESSAGE][PASSED] - Navigate to 'https://coa-demo-env.azurewebsites.net/da/index.html#/login' successfully

2018-07-16 13:17:37 - [TEST_STEP][PASSED] - maximizeWindow: Current window maximized

2018-07-16 13:17:38 - [MESSAGE][PASSED] - Current window maximized

2018-07-16 13:17:38 - [MESSAGE][PASSED] - Call Test Case 'Test Cases/CommonTestcases/OpenBrowserandNavigateToQAURL' successfully

2018-07-16 13:17:38 - [TEST_STEP][PASSED] - waitForElementVisible: Object 'Object Repository/OMVA_Login_Page/Username_Textbox' is visible

2018-07-16 13:17:38 - [MESSAGE][PASSED] - Object 'Object Repository/OMVA_Login_Page/Username_Textbox' is visible

2018-07-16 13:17:38 - [TEST_STEP][PASSED] - sendKeys: Keys 'SuperAdmin' sent to object: 'Object Repository/OMVA_Login_Page/Username_Textbox'

2018-07-16 13:17:38 - [MESSAGE][PASSED] - Keys 'SuperAdmin' sent to object: 'Object Repository/OMVA_Login_Page/Username_Textbox'

2018-07-16 13:17:38 - [TEST_STEP][PASSED] - click: Object: 'Object Repository/OMVA_Login_Page/Next_Button' is clicked on

2018-07-16 13:17:38 - [MESSAGE][PASSED] - Object: 'Object Repository/OMVA_Login_Page/Next_Button' is clicked on

2018-07-16 13:17:38 - [TEST_STEP][PASSED] - waitForElementVisible: Object 'Object Repository/OMVA_Login_Page/Password_Textbox' is visible

2018-07-16 13:17:38 - [MESSAGE][PASSED] - Object 'Object Repository/OMVA_Login_Page/Password_Textbox' is visible

2018-07-16 13:17:38 - [TEST_STEP][PASSED] - sendKeys: Keys 'SuperAdmin' sent to object: 'Object Repository/OMVA_Login_Page/Password_Textbox'

2018-07-16 13:17:39 - [MESSAGE][PASSED] - Keys 'SuperAdmin' sent to object: 'Object Repository/OMVA_Login_Page/Password_Textbox'

2018-07-16 13:17:39 - [TEST_STEP][PASSED] - click: Object: 'Object Repository/OMVA_Login_Page/Signin_Button' is clicked on

2018-07-16 13:17:39 - [MESSAGE][PASSED] - Object: 'Object Repository/OMVA_Login_Page/Signin_Button' is clicked on

2018-07-16 13:17:39 - [TEST_STEP][PASSED] - waitForPageLoad: Wait for page load successfully

2018-07-16 13:17:39 - [MESSAGE][PASSED] - Wait for page load successfully

2018-07-16 13:17:39 - [TEST_STEP][PASSED] - delay: Delayed 5 second(s)

2018-07-16 13:17:44 - [MESSAGE][PASSED] - Delayed 5 second(s)

2018-07-16 13:17:44 - [TEST_STEP][PASSED] - waitForElementPresent: Object 'Object Repository/OMVA_Landing_Page/CreateUser_Button' is present

2018-07-16 13:17:44 - [MESSAGE][PASSED] - Object 'Object Repository/OMVA_Landing_Page/CreateUser_Button' is present

2018-07-16 13:17:44 - [TEST_STEP][PASSED] - click: Object: 'Object Repository/OMVA_Landing_Page/CreateUser_Button' is clicked on

2018-07-16 13:17:44 - [MESSAGE][PASSED] - Object: 'Object Repository/OMVA_Landing_Page/CreateUser_Button' is clicked on

2018-07-16 13:17:44 - [TEST_STEP][PASSED] - delay: Delayed 3 second(s)

2018-07-16 13:17:47 - [MESSAGE][PASSED] - Delayed 3 second(s)

2018-07-16 13:17:47 - [TEST_STEP][PASSED] - waitForElementPresent: Object 'Object Repository/OMVA_UserManagement_Page/Role_Dropdown' is present

2018-07-16 13:17:47 - [MESSAGE][PASSED] - Object 'Object Repository/OMVA_UserManagement_Page/Role_Dropdown' is present

2018-07-16 13:17:47 - [TEST_STEP][PASSED] - Statement - If (true): null

2018-07-16 13:17:47 - [TEST_STEP][PASSED] - click: Object: 'Object Repository/OMVA_UserManagement_Page/Role_Dropdown' is clicked on

2018-07-16 13:17:48 - [MESSAGE][PASSED] - Object: 'Object Repository/OMVA_UserManagement_Page/Role_Dropdown' is clicked on

2018-07-16 13:17:48 - [TEST_STEP][PASSED] - Statement - assert true: null

2018-07-16 13:17:48 - [TEST_STEP][PASSED] - scrollToElement: Scroll to object 'Object Repository/OMVA_UserManagement_Page/DropdownOption_RoleDropdown_Market Admin' successfully

2018-07-16 13:17:48 - [MESSAGE][WARNING] - Timeout '0' is invalid. Using default page load timeout: '15'

2018-07-16 13:17:48 - [MESSAGE][PASSED] - Scroll to object 'Object Repository/OMVA_UserManagement_Page/DropdownOption_RoleDropdown_Market Admin' successfully

2018-07-16 13:17:48 - [TEST_STEP][PASSED] - click: Object: 'Object Repository/OMVA_UserManagement_Page/DropdownOption_RoleDropdown_Market Admin' is clicked on

2018-07-16 13:17:48 - [MESSAGE][PASSED] - Object: 'Object Repository/OMVA_UserManagement_Page/DropdownOption_RoleDropdown_Market Admin' is clicked on

2018-07-16 13:17:48 - [TEST_STEP][PASSED] - Statement - username = CustomKeywords.commonLibrary.commonFunctions.randomStringFunction("abcdefghijklmnopqrstuvwxyz", 6): commonLibrary.commonFunctions.randomStringFunction is PASSED

2018-07-16 13:17:48 - [MESSAGE][PASSED] - commonLibrary.commonFunctions.randomStringFunction is PASSED

2018-07-16 13:17:48 - [TEST_STEP][PASSED] - Statement - uname = username.toString(): null

2018-07-16 13:17:48 - [TEST_STEP][PASSED] - sendKeys: Keys 'wphkjk' sent to object: 'Object Repository/OMVA_UserManagement_Page/UserName_Textbox'

2018-07-16 13:17:48 - [MESSAGE][PASSED] - Keys 'wphkjk' sent to object: 'Object Repository/OMVA_UserManagement_Page/UserName_Textbox'

2018-07-16 13:17:48 - [TEST_STEP][PASSED] - Statement - emailidprefix = CustomKeywords.commonLibrary.commonFunctions.randomStringFunction("abcdefghijklmnopqrstuvwxyz", 9): commonLibrary.commonFunctions.randomStringFunction is PASSED

2018-07-16 13:17:48 - [MESSAGE][PASSED] - commonLibrary.commonFunctions.randomStringFunction is PASSED

2018-07-16 13:17:48 - [TEST_STEP][PASSED] - sendKeys: Keys 'uechrymbd@autotestpg.com' sent to object: 'Object Repository/OMVA_UserManagement_Page/EmailID_Textbox'

2018-07-16 13:17:49 - [MESSAGE][PASSED] - Keys 'uechrymbd@autotestpg.com' sent to object: 'Object Repository/OMVA_UserManagement_Page/EmailID_Textbox'

2018-07-16 13:17:49 - [TEST_STEP][PASSED] - Statement - EmailId = emailidprefix.toString(): null

2018-07-16 13:17:49 - [TEST_STEP][PASSED] - Statement - firstname = CustomKeywords.commonLibrary.commonFunctions.randomStringFunction("abcdefghijklmnopqrstuvwxyz", 7): commonLibrary.commonFunctions.randomStringFunction is PASSED

2018-07-16 13:17:49 - [MESSAGE][PASSED] - commonLibrary.commonFunctions.randomStringFunction is PASSED

2018-07-16 13:17:49 - [TEST_STEP][PASSED] - sendKeys: Keys 'rfgskeh' sent to object: 'Object Repository/OMVA_UserManagement_Page/FirstName_Textbox'

2018-07-16 13:17:49 - [MESSAGE][PASSED] - Keys 'rfgskeh' sent to object: 'Object Repository/OMVA_UserManagement_Page/FirstName_Textbox'

2018-07-16 13:17:49 - [TEST_STEP][PASSED] - Statement - lastname = CustomKeywords.commonLibrary.commonFunctions.randomStringFunction("abcdefghijklmnopqrstuvwxyz", 7): commonLibrary.commonFunctions.randomStringFunction is PASSED

2018-07-16 13:17:49 - [MESSAGE][PASSED] - commonLibrary.commonFunctions.randomStringFunction is PASSED

2018-07-16 13:17:49 - [TEST_STEP][PASSED] - sendKeys: Keys 'zgcvybl' sent to object: 'Object Repository/OMVA_UserManagement_Page/LastName_Textbox'

2018-07-16 13:17:49 - [MESSAGE][PASSED] - Keys 'zgcvybl' sent to object: 'Object Repository/OMVA_UserManagement_Page/LastName_Textbox'

2018-07-16 13:17:49 - [TEST_STEP][PASSED] - Statement - ticketnum = CustomKeywords.commonLibrary.commonFunctions.randomStringFunction("123456789", 7): commonLibrary.commonFunctions.randomStringFunction is PASSED

2018-07-16 13:17:49 - [MESSAGE][PASSED] - commonLibrary.commonFunctions.randomStringFunction is PASSED

2018-07-16 13:17:49 - [TEST_STEP][PASSED] - sendKeys: Keys '8794633' sent to object: 'Object Repository/OMVA_UserManagement_Page/TicketNumber_Textbox'

2018-07-16 13:17:50 - [MESSAGE][PASSED] - Keys '8794633' sent to object: 'Object Repository/OMVA_UserManagement_Page/TicketNumber_Textbox'

2018-07-16 13:17:50 - [TEST_STEP][PASSED] - click: Object: 'Object Repository/OMVA_UserManagement_Page/Next_Button' is clicked on

2018-07-16 13:17:50 - [MESSAGE][PASSED] - Object: 'Object Repository/OMVA_UserManagement_Page/Next_Button' is clicked on

2018-07-16 13:17:50 - [TEST_STEP][PASSED] - applicationLibrary.checkboxMultiselection.multiselectCheckbox: applicationLibrary.checkboxMultiselection.multiselectCheckbox is PASSED

2018-07-16 13:17:52 - [MESSAGE][PASSED] - applicationLibrary.checkboxMultiselection.multiselectCheckbox is PASSED

2018-07-16 13:17:52 - [TEST_STEP][PASSED] - scrollToElement: Scroll to object 'Object Repository/OMVA_UserManagement_Page/Customer_Next_Btn' successfully

2018-07-16 13:17:52 - [MESSAGE][PASSED] - Scroll to object 'Object Repository/OMVA_UserManagement_Page/Customer_Next_Btn' successfully

2018-07-16 13:17:52 - [TEST_STEP][PASSED] - click: Object: 'Object Repository/OMVA_UserManagement_Page/Customer_Next_Btn' is clicked on

2018-07-16 13:17:52 - [MESSAGE][PASSED] - Object: 'Object Repository/OMVA_UserManagement_Page/Customer_Next_Btn' is clicked on

2018-07-16 13:17:52 - [TEST_STEP][PASSED] - applicationLibrary.checkboxMultiselection.multiselectCheckbox: applicationLibrary.checkboxMultiselection.multiselectCheckbox is PASSED

2018-07-16 13:17:55 - [MESSAGE][PASSED] - applicationLibrary.checkboxMultiselection.multiselectCheckbox is PASSED

2018-07-16 13:17:55 - [TEST_STEP][PASSED] - click: Object: 'Object Repository/OMVA_UserManagement_Page/UserCreation_Save_Btn' is clicked on

2018-07-16 13:17:55 - [MESSAGE][PASSED] - Object: 'Object Repository/OMVA_UserManagement_Page/UserCreation_Save_Btn' is clicked on

2018-07-16 13:17:55 - [TEST_STEP][PASSED] - waitForElementPresent: Object 'Object Repository/OMVA_UserManagement_Page/UserCreation_HeaderTxt' is present

2018-07-16 13:17:55 - [MESSAGE][PASSED] - Object 'Object Repository/OMVA_UserManagement_Page/UserCreation_HeaderTxt' is present

2018-07-16 13:17:55 - [TEST_STEP][PASSED] - verifyElementText: Actual text and expected text of test object 'Object Repository/OMVA_UserManagement_Page/UserCreation_HeaderTxt' are matched.

2018-07-16 13:17:55 - [MESSAGE][PASSED] - Actual text and expected text of test object 'Object Repository/OMVA_UserManagement_Page/UserCreation_HeaderTxt' are matched.

2018-07-16 13:17:55 - [TEST_STEP][PASSED] - verifyElementText: Actual text and expected text of test object 'Object Repository/OMVA_UserManagement_Page/UserCreation_ContentTxt' are matched.

2018-07-16 13:17:56 - [MESSAGE][PASSED] - Actual text and expected text of test object 'Object Repository/OMVA_UserManagement_Page/UserCreation_ContentTxt' are matched.

2018-07-16 13:17:56 - [TEST_STEP][PASSED] - delay: Delayed 5 second(s)

2018-07-16 13:18:01 - [MESSAGE][PASSED] - Delayed 5 second(s)

2018-07-16 13:18:01 - [TEST_STEP][PASSED] - waitForElementVisible: Object 'Object Repository/OMVA_EditUser_Page/EditUser_OkPopupButton' is visible

2018-07-16 13:18:01 - [MESSAGE][PASSED] - Object 'Object Repository/OMVA_EditUser_Page/EditUser_OkPopupButton' is visible

2018-07-16 13:18:01 - [TEST_STEP][PASSED] - click: Object: 'Object Repository/OMVA_EditUser_Page/EditUser_OkPopupButton' is clicked on

2018-07-16 13:18:01 - [MESSAGE][PASSED] - Object: 'Object Repository/OMVA_EditUser_Page/EditUser_OkPopupButton' is clicked on

2018-07-16 13:18:01 - [TEST_STEP][PASSED] - delay: Delayed 5 second(s)

2018-07-16 13:18:06 - [MESSAGE][PASSED] - Delayed 5 second(s)

2018-07-16 13:18:06 - [TEST_STEP][PASSED] - waitForElementVisible: Object 'Object Repository/OMVA_UserManagement_Page/Search_button' is visible

2018-07-16 13:18:06 - [MESSAGE][PASSED] - Object 'Object Repository/OMVA_UserManagement_Page/Search_button' is visible

2018-07-16 13:18:06 - [TEST_STEP][PASSED] - click: Object: 'Object Repository/OMVA_UserManagement_Page/Search_button' is clicked on

2018-07-16 13:18:06 - [MESSAGE][PASSED] - Object: 'Object Repository/OMVA_UserManagement_Page/Search_button' is clicked on

2018-07-16 13:18:06 - [TEST_STEP][PASSED] - waitForElementVisible: Object 'Object Repository/OMVA_UserManagement_Page/Enter_Text_Search' is visible

2018-07-16 13:18:06 - [MESSAGE][PASSED] - Object 'Object Repository/OMVA_UserManagement_Page/Enter_Text_Search' is visible

2018-07-16 13:18:06 - [TEST_STEP][PASSED] - sendKeys: Keys 'uechrymbd' sent to object: 'Object Repository/OMVA_UserManagement_Page/Enter_Text_Search'

2018-07-16 13:18:07 - [MESSAGE][PASSED] - Keys 'uechrymbd' sent to object: 'Object Repository/OMVA_UserManagement_Page/Enter_Text_Search'

2018-07-16 13:18:07 - [TEST_STEP][PASSED] - delay: Delayed 4 second(s)

2018-07-16 13:18:11 - [MESSAGE][PASSED] - Delayed 4 second(s)

2018-07-16 13:18:11 - [TEST_STEP][PASSED] - waitForElementVisible: Object 'Object Repository/OMVA_Landing_Page/Email_grid' is visible

2018-07-16 13:18:11 - [MESSAGE][PASSED] - Object 'Object Repository/OMVA_Landing_Page/Email_grid' is visible

2018-07-16 13:18:11 - [TEST_STEP][PASSED] - Statement - emailNameText = com.kms.katalon.core.webui.keyword.WebUiBuiltInKeywords.getText(com.kms.katalon.core.testobject.ObjectRepository.findTestObject(OMVA_Landing_Page/Email_grid)): Text of object 'Object Repository/OMVA_Landing_Page/Email_grid' is: 'uechrymbd@autotestpg.com'

2018-07-16 13:18:11 - [MESSAGE][PASSED] - Text of object 'Object Repository/OMVA_Landing_Page/Email_grid' is: 'uechrymbd@autotestpg.com'

2018-07-16 13:18:11 - [TEST_STEP][PASSED] - verifyMatch: Actual text 'uechrymbd@autotestpg.com' and expected text 'uechrymbd@autotestpg.com' are matched 

2018-07-16 13:18:11 - [MESSAGE][PASSED] - Actual text 'uechrymbd@autotestpg.com' and expected text 'uechrymbd@autotestpg.com' are matched 

2018-07-16 13:18:11 - [TEST_STEP][PASSED] - dataBaseConnection.dataBase.connectDB: dataBaseConnection.dataBase.connectDB is PASSED

2018-07-16 13:18:11 - [MESSAGE][PASSED] - dataBaseConnection.dataBase.connectDB is PASSED

2018-07-16 13:18:11 - [TEST_STEP][PASSED] - dataBaseConnection.dataBase.executeQuery: dataBaseConnection.dataBase.executeQuery is PASSED

2018-07-16 13:18:12 - [MESSAGE][PASSED] - dataBaseConnection.dataBase.executeQuery is PASSED

2018-07-16 13:18:12 - [TEST_STEP][PASSED] - dataBaseConnection.dataBase.closeDatabaseConnection: dataBaseConnection.dataBase.closeDatabaseConnection is PASSED

2018-07-16 13:18:12 - [MESSAGE][PASSED] - dataBaseConnection.dataBase.closeDatabaseConnection is PASSED

2018-07-16 13:18:12 - [TEST_STEP][PASSED] - callTestCase: Call Test Case 'Test Cases/CommonTestcases/Logout_Closebrowser' successfully

2018-07-16 13:18:12 - [TEST_CASE][PASSED] - Test Cases/CommonTestcases/Logout_Closebrowser: Test Cases/CommonTestcases/Logout_Closebrowser

2018-07-16 13:18:12 - [TEST_STEP][PASSED] - waitForElementPresent: Object 'Object Repository/OMVA_Landing_Page/User_icon' is present

2018-07-16 13:18:12 - [MESSAGE][PASSED] - Object 'Object Repository/OMVA_Landing_Page/User_icon' is present

2018-07-16 13:18:12 - [TEST_STEP][PASSED] - click: Object: 'Object Repository/OMVA_Landing_Page/User_icon' is clicked on

2018-07-16 13:18:12 - [MESSAGE][PASSED] - Object: 'Object Repository/OMVA_Landing_Page/User_icon' is clicked on

2018-07-16 13:18:12 - [TEST_STEP][PASSED] - waitForElementPresent: Object 'Object Repository/OMVA_Landing_Page/Logout_link' is present

2018-07-16 13:18:12 - [MESSAGE][PASSED] - Object 'Object Repository/OMVA_Landing_Page/Logout_link' is present

2018-07-16 13:18:12 - [TEST_STEP][PASSED] - click: Object: 'Object Repository/OMVA_Landing_Page/Logout_link' is clicked on

2018-07-16 13:18:12 - [MESSAGE][PASSED] - Object: 'Object Repository/OMVA_Landing_Page/Logout_link' is clicked on

2018-07-16 13:18:12 - [TEST_STEP][PASSED] - waitForElementNotPresent: Web element with id: 'Object Repository/OMVA_Landing_Page/User_icon' located by 'By.xpath: //img[@id='dropdown']' is not present after '15' second(s)

2018-07-16 13:18:12 - [MESSAGE][WARNING] - Timeout '0' is invalid. Using default page load timeout: '15'

2018-07-16 13:18:12 - [MESSAGE][PASSED] - Web element with id: 'Object Repository/OMVA_Landing_Page/User_icon' located by 'By.xpath: //img[@id='dropdown']' is not present after '15' second(s)

2018-07-16 13:18:12 - [TEST_STEP][PASSED] - closeBrowser: Browser is closed

2018-07-16 13:18:13 - [MESSAGE][PASSED] - Browser is closed

2018-07-16 13:18:13 - [MESSAGE][PASSED] - Call Test Case 'Test Cases/CommonTestcases/Logout_Closebrowser' successfully]]></system-out>
         <system-err><![CDATA[]]></system-err>
      </testcase>
      <testcase name="Test Cases/UserManagementTestCases/UserActions/Validate_RoleBasedOnFilter" classname="Test Cases/UserManagementTestCases/UserActions/Validate_RoleBasedOnFilter" status="PASSED">
         <system-out><![CDATA[2018-07-16 13:18:13 - [TEST_CASE][PASSED] - Test Cases/UserManagementTestCases/UserActions/Validate_RoleBasedOnFilter: Test Cases/UserManagementTestCases/UserActions/Validate_RoleBasedOnFilter

2018-07-16 13:18:13 - [TEST_STEP][PASSED] - callTestCase: Call Test Case 'Test Cases/CommonTestcases/OpenBrowserandNavigateToQAURL' successfully

2018-07-16 13:18:13 - [TEST_CASE][PASSED] - Test Cases/CommonTestcases/OpenBrowserandNavigateToQAURL: Test Cases/CommonTestcases/OpenBrowserandNavigateToQAURL

2018-07-16 13:18:13 - [TEST_STEP][PASSED] - openBrowser: Browser is opened with url: ''

2018-07-16 13:18:16 - [MESSAGE][PASSED] - Browser is opened with url: ''

2018-07-16 13:18:16 - [TEST_STEP][PASSED] - navigateToUrl: Navigate to 'https://coa-demo-env.azurewebsites.net/da/index.html#/login' successfully

2018-07-16 13:18:20 - [MESSAGE][PASSED] - Navigate to 'https://coa-demo-env.azurewebsites.net/da/index.html#/login' successfully

2018-07-16 13:18:20 - [TEST_STEP][PASSED] - maximizeWindow: Current window maximized

2018-07-16 13:18:21 - [MESSAGE][PASSED] - Current window maximized

2018-07-16 13:18:21 - [MESSAGE][PASSED] - Call Test Case 'Test Cases/CommonTestcases/OpenBrowserandNavigateToQAURL' successfully

2018-07-16 13:18:21 - [TEST_STEP][PASSED] - waitForElementPresent: Object 'Object Repository/OMVA_Login_Page/Username_Textbox' is present

2018-07-16 13:18:21 - [MESSAGE][PASSED] - Object 'Object Repository/OMVA_Login_Page/Username_Textbox' is present

2018-07-16 13:18:21 - [TEST_STEP][PASSED] - sendKeys: Keys 'SuperAdmin' sent to object: 'Object Repository/OMVA_Login_Page/Username_Textbox'

2018-07-16 13:18:21 - [MESSAGE][PASSED] - Keys 'SuperAdmin' sent to object: 'Object Repository/OMVA_Login_Page/Username_Textbox'

2018-07-16 13:18:21 - [TEST_STEP][PASSED] - click: Object: 'Object Repository/OMVA_Login_Page/Next_Button' is clicked on

2018-07-16 13:18:21 - [MESSAGE][PASSED] - Object: 'Object Repository/OMVA_Login_Page/Next_Button' is clicked on

2018-07-16 13:18:21 - [TEST_STEP][PASSED] - waitForElementVisible: Object 'Object Repository/OMVA_Login_Page/Password_Textbox' is visible

2018-07-16 13:18:22 - [MESSAGE][PASSED] - Object 'Object Repository/OMVA_Login_Page/Password_Textbox' is visible

2018-07-16 13:18:22 - [TEST_STEP][PASSED] - sendKeys: Keys 'SuperAdmin' sent to object: 'Object Repository/OMVA_Login_Page/Password_Textbox'

2018-07-16 13:18:22 - [MESSAGE][PASSED] - Keys 'SuperAdmin' sent to object: 'Object Repository/OMVA_Login_Page/Password_Textbox'

2018-07-16 13:18:22 - [TEST_STEP][PASSED] - click: Object: 'Object Repository/OMVA_Login_Page/Signin_Button' is clicked on

2018-07-16 13:18:22 - [MESSAGE][PASSED] - Object: 'Object Repository/OMVA_Login_Page/Signin_Button' is clicked on

2018-07-16 13:18:22 - [TEST_STEP][PASSED] - waitForAngularLoad: This page doesn't use Angular.

2018-07-16 13:18:23 - [MESSAGE][WARNING] - This page doesn't use Angular.

2018-07-16 13:18:23 - [TEST_STEP][PASSED] - delay: Delayed 4 second(s)

2018-07-16 13:18:27 - [MESSAGE][PASSED] - Delayed 4 second(s)

2018-07-16 13:18:27 - [TEST_STEP][PASSED] - waitForElementVisible: Object 'Object Repository/OMVA_Landing_Page/Filter_Icon' is visible

2018-07-16 13:18:27 - [MESSAGE][PASSED] - Object 'Object Repository/OMVA_Landing_Page/Filter_Icon' is visible

2018-07-16 13:18:27 - [TEST_STEP][PASSED] - Statement - assert true: null

2018-07-16 13:18:27 - [TEST_STEP][PASSED] - click: Object: 'Object Repository/OMVA_Landing_Page/Filter_Icon' is clicked on

2018-07-16 13:18:27 - [MESSAGE][PASSED] - Object: 'Object Repository/OMVA_Landing_Page/Filter_Icon' is clicked on

2018-07-16 13:18:27 - [TEST_STEP][PASSED] - waitForElementVisible: Object 'Object Repository/OMVA_AdvancedFilter_Page/chkbox_MarketAdminAdvancedFilter' is visible

2018-07-16 13:18:27 - [MESSAGE][PASSED] - Object 'Object Repository/OMVA_AdvancedFilter_Page/chkbox_MarketAdminAdvancedFilter' is visible

2018-07-16 13:18:27 - [TEST_STEP][PASSED] - click: Object: 'Object Repository/OMVA_AdvancedFilter_Page/chkbox_MarketAdminAdvancedFilter' is clicked on

2018-07-16 13:18:28 - [MESSAGE][PASSED] - Object: 'Object Repository/OMVA_AdvancedFilter_Page/chkbox_MarketAdminAdvancedFilter' is clicked on

2018-07-16 13:18:28 - [TEST_STEP][PASSED] - waitForElementVisible: Object 'Object Repository/OMVA_AdvancedFilter_Page/ApplyButton' is visible

2018-07-16 13:18:28 - [MESSAGE][PASSED] - Object 'Object Repository/OMVA_AdvancedFilter_Page/ApplyButton' is visible

2018-07-16 13:18:28 - [TEST_STEP][PASSED] - click: Object: 'Object Repository/OMVA_AdvancedFilter_Page/ApplyButton' is clicked on

2018-07-16 13:18:28 - [MESSAGE][PASSED] - Object: 'Object Repository/OMVA_AdvancedFilter_Page/ApplyButton' is clicked on

2018-07-16 13:18:28 - [TEST_STEP][PASSED] - waitForElementVisible: Object 'Object Repository/OMVA_Landing_Page/MarketAdmin_Role' is visible

2018-07-16 13:18:28 - [MESSAGE][PASSED] - Object 'Object Repository/OMVA_Landing_Page/MarketAdmin_Role' is visible

2018-07-16 13:18:28 - [TEST_STEP][PASSED] - Statement - marketAdmin = com.kms.katalon.core.webui.keyword.WebUiBuiltInKeywords.getText(com.kms.katalon.core.testobject.ObjectRepository.findTestObject(OMVA_Landing_Page/MarketAdmin_Role)): Text of object 'Object Repository/OMVA_Landing_Page/MarketAdmin_Role' is: 'Market Admin'

2018-07-16 13:18:28 - [MESSAGE][PASSED] - Text of object 'Object Repository/OMVA_Landing_Page/MarketAdmin_Role' is: 'Market Admin'

2018-07-16 13:18:28 - [TEST_STEP][PASSED] - verifyMatch: Actual text 'Market Admin' and expected text 'Market Admin' are matched 

2018-07-16 13:18:28 - [MESSAGE][PASSED] - Actual text 'Market Admin' and expected text 'Market Admin' are matched 

2018-07-16 13:18:28 - [TEST_STEP][PASSED] - closeBrowser: Browser is closed

2018-07-16 13:18:29 - [MESSAGE][PASSED] - Browser is closed]]></system-out>
         <system-err><![CDATA[]]></system-err>
      </testcase>
      <testcase name="Test Cases/UserManagementTestCases/UserActions/VerifyErrorMessageDialogBox" classname="Test Cases/UserManagementTestCases/UserActions/VerifyErrorMessageDialogBox" status="PASSED">
         <system-out><![CDATA[2018-07-16 13:18:29 - [TEST_CASE][PASSED] - Test Cases/UserManagementTestCases/UserActions/VerifyErrorMessageDialogBox: Test Cases/UserManagementTestCases/UserActions/VerifyErrorMessageDialogBox

2018-07-16 13:18:29 - [TEST_STEP][PASSED] - callTestCase: Call Test Case 'Test Cases/CommonTestcases/OpenBrowserandNavigateToQAURL' successfully

2018-07-16 13:18:29 - [TEST_CASE][PASSED] - Test Cases/CommonTestcases/OpenBrowserandNavigateToQAURL: Test Cases/CommonTestcases/OpenBrowserandNavigateToQAURL

2018-07-16 13:18:29 - [TEST_STEP][PASSED] - openBrowser: Browser is opened with url: ''

2018-07-16 13:18:32 - [MESSAGE][PASSED] - Browser is opened with url: ''

2018-07-16 13:18:32 - [TEST_STEP][PASSED] - navigateToUrl: Navigate to 'https://coa-demo-env.azurewebsites.net/da/index.html#/login' successfully

2018-07-16 13:18:36 - [MESSAGE][PASSED] - Navigate to 'https://coa-demo-env.azurewebsites.net/da/index.html#/login' successfully

2018-07-16 13:18:36 - [TEST_STEP][PASSED] - maximizeWindow: Current window maximized

2018-07-16 13:18:38 - [MESSAGE][PASSED] - Current window maximized

2018-07-16 13:18:38 - [MESSAGE][PASSED] - Call Test Case 'Test Cases/CommonTestcases/OpenBrowserandNavigateToQAURL' successfully

2018-07-16 13:18:38 - [TEST_STEP][PASSED] - waitForElementVisible: Object 'Object Repository/OMVA_Login_Page/Username_Textbox' is visible

2018-07-16 13:18:38 - [MESSAGE][PASSED] - Object 'Object Repository/OMVA_Login_Page/Username_Textbox' is visible

2018-07-16 13:18:38 - [TEST_STEP][PASSED] - sendKeys: Keys 'SuperAdmin' sent to object: 'Object Repository/OMVA_Login_Page/Username_Textbox'

2018-07-16 13:18:38 - [MESSAGE][PASSED] - Keys 'SuperAdmin' sent to object: 'Object Repository/OMVA_Login_Page/Username_Textbox'

2018-07-16 13:18:38 - [TEST_STEP][PASSED] - click: Object: 'Object Repository/OMVA_Login_Page/Next_Button' is clicked on

2018-07-16 13:18:38 - [MESSAGE][PASSED] - Object: 'Object Repository/OMVA_Login_Page/Next_Button' is clicked on

2018-07-16 13:18:38 - [TEST_STEP][PASSED] - waitForElementVisible: Object 'Object Repository/OMVA_Login_Page/Password_Textbox' is visible

2018-07-16 13:18:39 - [MESSAGE][PASSED] - Object 'Object Repository/OMVA_Login_Page/Password_Textbox' is visible

2018-07-16 13:18:39 - [TEST_STEP][PASSED] - sendKeys: Keys 'SuperAdmin' sent to object: 'Object Repository/OMVA_Login_Page/Password_Textbox'

2018-07-16 13:18:39 - [MESSAGE][PASSED] - Keys 'SuperAdmin' sent to object: 'Object Repository/OMVA_Login_Page/Password_Textbox'

2018-07-16 13:18:39 - [TEST_STEP][PASSED] - click: Object: 'Object Repository/OMVA_Login_Page/Signin_Button' is clicked on

2018-07-16 13:18:39 - [MESSAGE][PASSED] - Object: 'Object Repository/OMVA_Login_Page/Signin_Button' is clicked on

2018-07-16 13:18:39 - [TEST_STEP][PASSED] - waitForPageLoad: Wait for page load successfully

2018-07-16 13:18:39 - [MESSAGE][PASSED] - Wait for page load successfully

2018-07-16 13:18:39 - [TEST_STEP][PASSED] - delay: Delayed 5 second(s)

2018-07-16 13:18:44 - [MESSAGE][PASSED] - Delayed 5 second(s)

2018-07-16 13:18:44 - [TEST_STEP][PASSED] - waitForElementPresent: Object 'Object Repository/OMVA_Landing_Page/CreateUser_Button' is present

2018-07-16 13:18:44 - [MESSAGE][PASSED] - Object 'Object Repository/OMVA_Landing_Page/CreateUser_Button' is present

2018-07-16 13:18:44 - [TEST_STEP][PASSED] - click: Object: 'Object Repository/OMVA_Landing_Page/CreateUser_Button' is clicked on

2018-07-16 13:18:45 - [MESSAGE][PASSED] - Object: 'Object Repository/OMVA_Landing_Page/CreateUser_Button' is clicked on

2018-07-16 13:18:45 - [TEST_STEP][PASSED] - delay: Delayed 3 second(s)

2018-07-16 13:18:48 - [MESSAGE][PASSED] - Delayed 3 second(s)

2018-07-16 13:18:48 - [TEST_STEP][PASSED] - waitForElementPresent: Object 'Object Repository/OMVA_UserManagement_Page/Role_Dropdown' is present

2018-07-16 13:18:48 - [MESSAGE][PASSED] - Object 'Object Repository/OMVA_UserManagement_Page/Role_Dropdown' is present

2018-07-16 13:18:48 - [TEST_STEP][PASSED] - click: Object: 'Object Repository/OMVA_UserManagement_Page/Role_Dropdown' is clicked on

2018-07-16 13:18:48 - [MESSAGE][PASSED] - Object: 'Object Repository/OMVA_UserManagement_Page/Role_Dropdown' is clicked on

2018-07-16 13:18:48 - [TEST_STEP][PASSED] - Statement - assert true: null

2018-07-16 13:18:48 - [TEST_STEP][PASSED] - scrollToElement: Scroll to object 'Object Repository/OMVA_UserManagement_Page/DropdownOption_RoleDropdown_Market Admin' successfully

2018-07-16 13:18:48 - [MESSAGE][WARNING] - Timeout '0' is invalid. Using default page load timeout: '15'

2018-07-16 13:18:48 - [MESSAGE][PASSED] - Scroll to object 'Object Repository/OMVA_UserManagement_Page/DropdownOption_RoleDropdown_Market Admin' successfully

2018-07-16 13:18:48 - [TEST_STEP][PASSED] - click: Object: 'Object Repository/OMVA_UserManagement_Page/DropdownOption_RoleDropdown_Market Admin' is clicked on

2018-07-16 13:18:48 - [MESSAGE][PASSED] - Object: 'Object Repository/OMVA_UserManagement_Page/DropdownOption_RoleDropdown_Market Admin' is clicked on

2018-07-16 13:18:48 - [TEST_STEP][PASSED] - Statement - username = CustomKeywords.commonLibrary.commonFunctions.randomStringFunction("abcdefghijklmnopqrstuvwxyz", 6): commonLibrary.commonFunctions.randomStringFunction is PASSED

2018-07-16 13:18:48 - [MESSAGE][PASSED] - commonLibrary.commonFunctions.randomStringFunction is PASSED

2018-07-16 13:18:48 - [TEST_STEP][PASSED] - Statement - uname = username.toString(): null

2018-07-16 13:18:48 - [TEST_STEP][PASSED] - sendKeys: Keys 'klsrng' sent to object: 'Object Repository/OMVA_UserManagement_Page/UserName_Textbox'

2018-07-16 13:18:49 - [MESSAGE][PASSED] - Keys 'klsrng' sent to object: 'Object Repository/OMVA_UserManagement_Page/UserName_Textbox'

2018-07-16 13:18:49 - [TEST_STEP][PASSED] - Statement - emailidprefix = CustomKeywords.commonLibrary.commonFunctions.randomStringFunction("abcdefghijklmnopqrstuvwxyz", 9): commonLibrary.commonFunctions.randomStringFunction is PASSED

2018-07-16 13:18:49 - [MESSAGE][PASSED] - commonLibrary.commonFunctions.randomStringFunction is PASSED

2018-07-16 13:18:49 - [TEST_STEP][PASSED] - sendKeys: Keys 'ghmgjgram@autotestpg.com' sent to object: 'Object Repository/OMVA_UserManagement_Page/EmailID_Textbox'

2018-07-16 13:18:50 - [MESSAGE][PASSED] - Keys 'ghmgjgram@autotestpg.com' sent to object: 'Object Repository/OMVA_UserManagement_Page/EmailID_Textbox'

2018-07-16 13:18:50 - [TEST_STEP][PASSED] - Statement - firstname = CustomKeywords.commonLibrary.commonFunctions.randomStringFunction("abcdefghijklmnopqrstuvwxyz", 7): commonLibrary.commonFunctions.randomStringFunction is PASSED

2018-07-16 13:18:50 - [MESSAGE][PASSED] - commonLibrary.commonFunctions.randomStringFunction is PASSED

2018-07-16 13:18:50 - [TEST_STEP][PASSED] - sendKeys: Keys 'awetixg' sent to object: 'Object Repository/OMVA_UserManagement_Page/FirstName_Textbox'

2018-07-16 13:18:50 - [MESSAGE][PASSED] - Keys 'awetixg' sent to object: 'Object Repository/OMVA_UserManagement_Page/FirstName_Textbox'

2018-07-16 13:18:50 - [TEST_STEP][PASSED] - Statement - lastname = CustomKeywords.commonLibrary.commonFunctions.randomStringFunction("abcdefghijklmnopqrstuvwxyz", 7): commonLibrary.commonFunctions.randomStringFunction is PASSED

2018-07-16 13:18:50 - [MESSAGE][PASSED] - commonLibrary.commonFunctions.randomStringFunction is PASSED

2018-07-16 13:18:50 - [TEST_STEP][PASSED] - sendKeys: Keys 'nrktcso' sent to object: 'Object Repository/OMVA_UserManagement_Page/LastName_Textbox'

2018-07-16 13:18:50 - [MESSAGE][PASSED] - Keys 'nrktcso' sent to object: 'Object Repository/OMVA_UserManagement_Page/LastName_Textbox'

2018-07-16 13:18:50 - [TEST_STEP][PASSED] - Statement - ticketnum = CustomKeywords.commonLibrary.commonFunctions.randomStringFunction("123456789", 7): commonLibrary.commonFunctions.randomStringFunction is PASSED

2018-07-16 13:18:50 - [MESSAGE][PASSED] - commonLibrary.commonFunctions.randomStringFunction is PASSED

2018-07-16 13:18:50 - [TEST_STEP][PASSED] - sendKeys: Keys '4299918' sent to object: 'Object Repository/OMVA_UserManagement_Page/TicketNumber_Textbox'

2018-07-16 13:18:50 - [MESSAGE][PASSED] - Keys '4299918' sent to object: 'Object Repository/OMVA_UserManagement_Page/TicketNumber_Textbox'

2018-07-16 13:18:50 - [TEST_STEP][PASSED] - click: Object: 'Object Repository/OMVA_UserManagement_Page/Next_Button' is clicked on

2018-07-16 13:18:51 - [MESSAGE][PASSED] - Object: 'Object Repository/OMVA_UserManagement_Page/Next_Button' is clicked on

2018-07-16 13:18:51 - [TEST_STEP][PASSED] - applicationLibrary.checkboxMultiselection.multiselectCheckbox: applicationLibrary.checkboxMultiselection.multiselectCheckbox is PASSED

2018-07-16 13:18:53 - [MESSAGE][PASSED] - applicationLibrary.checkboxMultiselection.multiselectCheckbox is PASSED

2018-07-16 13:18:53 - [TEST_STEP][PASSED] - scrollToElement: Scroll to object 'Object Repository/OMVA_UserManagement_Page/Customer_Next_Btn' successfully

2018-07-16 13:18:53 - [MESSAGE][PASSED] - Scroll to object 'Object Repository/OMVA_UserManagement_Page/Customer_Next_Btn' successfully

2018-07-16 13:18:53 - [TEST_STEP][PASSED] - click: Object: 'Object Repository/OMVA_UserManagement_Page/Customer_Next_Btn' is clicked on

2018-07-16 13:18:53 - [MESSAGE][PASSED] - Object: 'Object Repository/OMVA_UserManagement_Page/Customer_Next_Btn' is clicked on

2018-07-16 13:18:53 - [TEST_STEP][PASSED] - applicationLibrary.checkboxMultiselection.multiselectCheckbox: applicationLibrary.checkboxMultiselection.multiselectCheckbox is PASSED

2018-07-16 13:18:55 - [MESSAGE][PASSED] - applicationLibrary.checkboxMultiselection.multiselectCheckbox is PASSED

2018-07-16 13:18:55 - [TEST_STEP][PASSED] - waitForElementVisible: Object 'Object Repository/OMVA_UserManagement_Page/Cancel_button_customerselectionpage' is visible

2018-07-16 13:18:55 - [MESSAGE][PASSED] - Object 'Object Repository/OMVA_UserManagement_Page/Cancel_button_customerselectionpage' is visible

2018-07-16 13:18:55 - [TEST_STEP][PASSED] - click: Object: 'Object Repository/OMVA_UserManagement_Page/Cancel_button_customerselectionpage' is clicked on

2018-07-16 13:18:56 - [MESSAGE][PASSED] - Object: 'Object Repository/OMVA_UserManagement_Page/Cancel_button_customerselectionpage' is clicked on

2018-07-16 13:18:56 - [TEST_STEP][PASSED] - waitForElementVisible: Object 'Object Repository/OMVA_UserManagement_Page/Cancel_Button_Popup_HText' is visible

2018-07-16 13:18:56 - [MESSAGE][PASSED] - Object 'Object Repository/OMVA_UserManagement_Page/Cancel_Button_Popup_HText' is visible

2018-07-16 13:18:56 - [TEST_STEP][PASSED] - verifyElementText: Actual text and expected text of test object 'Object Repository/OMVA_UserManagement_Page/Cancel_Button_Popup_HText' are matched.

2018-07-16 13:18:56 - [MESSAGE][PASSED] - Actual text and expected text of test object 'Object Repository/OMVA_UserManagement_Page/Cancel_Button_Popup_HText' are matched.

2018-07-16 13:18:56 - [TEST_STEP][PASSED] - closeBrowser: Browser is closed

2018-07-16 13:18:57 - [MESSAGE][PASSED] - Browser is closed]]></system-out>
         <system-err><![CDATA[]]></system-err>
      </testcase>
      <testcase name="Test Cases/UserManagementTestCases/UserActions/Validate_Cancel_Of_CreateUsers" classname="Test Cases/UserManagementTestCases/UserActions/Validate_Cancel_Of_CreateUsers" status="PASSED">
         <system-out><![CDATA[2018-07-16 13:18:57 - [TEST_CASE][PASSED] - Test Cases/UserManagementTestCases/UserActions/Validate_Cancel_Of_CreateUsers: Test Cases/UserManagementTestCases/UserActions/Validate_Cancel_Of_CreateUsers

2018-07-16 13:18:57 - [TEST_STEP][PASSED] - callTestCase: Call Test Case 'Test Cases/CommonTestcases/OpenBrowserandNavigateToQAURL' successfully

2018-07-16 13:18:57 - [TEST_CASE][PASSED] - Test Cases/CommonTestcases/OpenBrowserandNavigateToQAURL: Test Cases/CommonTestcases/OpenBrowserandNavigateToQAURL

2018-07-16 13:18:57 - [TEST_STEP][PASSED] - openBrowser: Browser is opened with url: ''

2018-07-16 13:19:00 - [MESSAGE][PASSED] - Browser is opened with url: ''

2018-07-16 13:19:00 - [TEST_STEP][PASSED] - navigateToUrl: Navigate to 'https://coa-demo-env.azurewebsites.net/da/index.html#/login' successfully

2018-07-16 13:19:06 - [MESSAGE][PASSED] - Navigate to 'https://coa-demo-env.azurewebsites.net/da/index.html#/login' successfully

2018-07-16 13:19:06 - [TEST_STEP][PASSED] - maximizeWindow: Current window maximized

2018-07-16 13:19:07 - [MESSAGE][PASSED] - Current window maximized

2018-07-16 13:19:07 - [MESSAGE][PASSED] - Call Test Case 'Test Cases/CommonTestcases/OpenBrowserandNavigateToQAURL' successfully

2018-07-16 13:19:07 - [TEST_STEP][PASSED] - waitForElementVisible: Object 'Object Repository/OMVA_Login_Page/Username_Textbox' is visible

2018-07-16 13:19:07 - [MESSAGE][PASSED] - Object 'Object Repository/OMVA_Login_Page/Username_Textbox' is visible

2018-07-16 13:19:07 - [TEST_STEP][PASSED] - sendKeys: Keys 'SuperAdmin' sent to object: 'Object Repository/OMVA_Login_Page/Username_Textbox'

2018-07-16 13:19:08 - [MESSAGE][PASSED] - Keys 'SuperAdmin' sent to object: 'Object Repository/OMVA_Login_Page/Username_Textbox'

2018-07-16 13:19:08 - [TEST_STEP][PASSED] - click: Object: 'Object Repository/OMVA_Login_Page/Next_Button' is clicked on

2018-07-16 13:19:08 - [MESSAGE][PASSED] - Object: 'Object Repository/OMVA_Login_Page/Next_Button' is clicked on

2018-07-16 13:19:08 - [TEST_STEP][PASSED] - waitForElementVisible: Object 'Object Repository/OMVA_Login_Page/Password_Textbox' is visible

2018-07-16 13:19:09 - [MESSAGE][PASSED] - Object 'Object Repository/OMVA_Login_Page/Password_Textbox' is visible

2018-07-16 13:19:09 - [TEST_STEP][PASSED] - sendKeys: Keys 'SuperAdmin' sent to object: 'Object Repository/OMVA_Login_Page/Password_Textbox'

2018-07-16 13:19:09 - [MESSAGE][PASSED] - Keys 'SuperAdmin' sent to object: 'Object Repository/OMVA_Login_Page/Password_Textbox'

2018-07-16 13:19:09 - [TEST_STEP][PASSED] - click: Object: 'Object Repository/OMVA_Login_Page/Signin_Button' is clicked on

2018-07-16 13:19:09 - [MESSAGE][PASSED] - Object: 'Object Repository/OMVA_Login_Page/Signin_Button' is clicked on

2018-07-16 13:19:09 - [TEST_STEP][PASSED] - waitForPageLoad: Wait for page load successfully

2018-07-16 13:19:09 - [MESSAGE][PASSED] - Wait for page load successfully

2018-07-16 13:19:09 - [TEST_STEP][PASSED] - delay: Delayed 5 second(s)

2018-07-16 13:19:14 - [MESSAGE][PASSED] - Delayed 5 second(s)

2018-07-16 13:19:14 - [TEST_STEP][PASSED] - waitForElementPresent: Object 'Object Repository/OMVA_Landing_Page/CreateUser_Button' is present

2018-07-16 13:19:14 - [MESSAGE][PASSED] - Object 'Object Repository/OMVA_Landing_Page/CreateUser_Button' is present

2018-07-16 13:19:14 - [TEST_STEP][PASSED] - click: Object: 'Object Repository/OMVA_Landing_Page/CreateUser_Button' is clicked on

2018-07-16 13:19:14 - [MESSAGE][PASSED] - Object: 'Object Repository/OMVA_Landing_Page/CreateUser_Button' is clicked on

2018-07-16 13:19:14 - [TEST_STEP][PASSED] - delay: Delayed 3 second(s)

2018-07-16 13:19:17 - [MESSAGE][PASSED] - Delayed 3 second(s)

2018-07-16 13:19:17 - [TEST_STEP][PASSED] - waitForElementPresent: Object 'Object Repository/OMVA_UserManagement_Page/Role_Dropdown' is present

2018-07-16 13:19:17 - [MESSAGE][PASSED] - Object 'Object Repository/OMVA_UserManagement_Page/Role_Dropdown' is present

2018-07-16 13:19:17 - [TEST_STEP][PASSED] - Statement - If (true): null

2018-07-16 13:19:17 - [TEST_STEP][PASSED] - click: Object: 'Object Repository/OMVA_UserManagement_Page/Role_Dropdown' is clicked on

2018-07-16 13:19:18 - [MESSAGE][PASSED] - Object: 'Object Repository/OMVA_UserManagement_Page/Role_Dropdown' is clicked on

2018-07-16 13:19:18 - [TEST_STEP][PASSED] - Statement - assert true: null

2018-07-16 13:19:18 - [TEST_STEP][PASSED] - scrollToElement: Scroll to object 'Object Repository/OMVA_UserManagement_Page/DropdownOption_RoleDropdown_Market Admin' successfully

2018-07-16 13:19:18 - [MESSAGE][WARNING] - Timeout '0' is invalid. Using default page load timeout: '15'

2018-07-16 13:19:18 - [MESSAGE][PASSED] - Scroll to object 'Object Repository/OMVA_UserManagement_Page/DropdownOption_RoleDropdown_Market Admin' successfully

2018-07-16 13:19:18 - [TEST_STEP][PASSED] - click: Object: 'Object Repository/OMVA_UserManagement_Page/DropdownOption_RoleDropdown_Market Admin' is clicked on

2018-07-16 13:19:18 - [MESSAGE][PASSED] - Object: 'Object Repository/OMVA_UserManagement_Page/DropdownOption_RoleDropdown_Market Admin' is clicked on

2018-07-16 13:19:18 - [TEST_STEP][PASSED] - Statement - username = CustomKeywords.commonLibrary.commonFunctions.randomStringFunction("abcdefghijklmnopqrstuvwxyz", 6): commonLibrary.commonFunctions.randomStringFunction is PASSED

2018-07-16 13:19:18 - [MESSAGE][PASSED] - commonLibrary.commonFunctions.randomStringFunction is PASSED

2018-07-16 13:19:18 - [TEST_STEP][PASSED] - Statement - uname = username.toString(): null

2018-07-16 13:19:18 - [TEST_STEP][PASSED] - sendKeys: Keys 'mupuzb' sent to object: 'Object Repository/OMVA_UserManagement_Page/UserName_Textbox'

2018-07-16 13:19:18 - [MESSAGE][PASSED] - Keys 'mupuzb' sent to object: 'Object Repository/OMVA_UserManagement_Page/UserName_Textbox'

2018-07-16 13:19:18 - [TEST_STEP][PASSED] - Statement - emailidprefix = CustomKeywords.commonLibrary.commonFunctions.randomStringFunction("abcdefghijklmnopqrstuvwxyz", 9): commonLibrary.commonFunctions.randomStringFunction is PASSED

2018-07-16 13:19:18 - [MESSAGE][PASSED] - commonLibrary.commonFunctions.randomStringFunction is PASSED

2018-07-16 13:19:18 - [TEST_STEP][PASSED] - sendKeys: Keys 'wgpsmdrzz@autotestpg.com' sent to object: 'Object Repository/OMVA_UserManagement_Page/EmailID_Textbox'

2018-07-16 13:19:19 - [MESSAGE][PASSED] - Keys 'wgpsmdrzz@autotestpg.com' sent to object: 'Object Repository/OMVA_UserManagement_Page/EmailID_Textbox'

2018-07-16 13:19:19 - [TEST_STEP][PASSED] - Statement - firstname = CustomKeywords.commonLibrary.commonFunctions.randomStringFunction("abcdefghijklmnopqrstuvwxyz", 7): commonLibrary.commonFunctions.randomStringFunction is PASSED

2018-07-16 13:19:19 - [MESSAGE][PASSED] - commonLibrary.commonFunctions.randomStringFunction is PASSED

2018-07-16 13:19:19 - [TEST_STEP][PASSED] - sendKeys: Keys 'xajponu' sent to object: 'Object Repository/OMVA_UserManagement_Page/FirstName_Textbox'

2018-07-16 13:19:19 - [MESSAGE][PASSED] - Keys 'xajponu' sent to object: 'Object Repository/OMVA_UserManagement_Page/FirstName_Textbox'

2018-07-16 13:19:19 - [TEST_STEP][PASSED] - Statement - lastname = CustomKeywords.commonLibrary.commonFunctions.randomStringFunction("abcdefghijklmnopqrstuvwxyz", 7): commonLibrary.commonFunctions.randomStringFunction is PASSED

2018-07-16 13:19:19 - [MESSAGE][PASSED] - commonLibrary.commonFunctions.randomStringFunction is PASSED

2018-07-16 13:19:19 - [TEST_STEP][PASSED] - sendKeys: Keys 'zyzdksj' sent to object: 'Object Repository/OMVA_UserManagement_Page/LastName_Textbox'

2018-07-16 13:19:19 - [MESSAGE][PASSED] - Keys 'zyzdksj' sent to object: 'Object Repository/OMVA_UserManagement_Page/LastName_Textbox'

2018-07-16 13:19:19 - [TEST_STEP][PASSED] - Statement - ticketnum = CustomKeywords.commonLibrary.commonFunctions.randomStringFunction("123456789", 7): commonLibrary.commonFunctions.randomStringFunction is PASSED

2018-07-16 13:19:19 - [MESSAGE][PASSED] - commonLibrary.commonFunctions.randomStringFunction is PASSED

2018-07-16 13:19:19 - [TEST_STEP][PASSED] - sendKeys: Keys '1372127' sent to object: 'Object Repository/OMVA_UserManagement_Page/TicketNumber_Textbox'

2018-07-16 13:19:20 - [MESSAGE][PASSED] - Keys '1372127' sent to object: 'Object Repository/OMVA_UserManagement_Page/TicketNumber_Textbox'

2018-07-16 13:19:20 - [TEST_STEP][PASSED] - click: Object: 'Object Repository/OMVA_UserManagement_Page/Next_Button' is clicked on

2018-07-16 13:19:20 - [MESSAGE][PASSED] - Object: 'Object Repository/OMVA_UserManagement_Page/Next_Button' is clicked on

2018-07-16 13:19:20 - [TEST_STEP][PASSED] - applicationLibrary.checkboxMultiselection.multiselectCheckbox: applicationLibrary.checkboxMultiselection.multiselectCheckbox is PASSED

2018-07-16 13:19:22 - [MESSAGE][PASSED] - applicationLibrary.checkboxMultiselection.multiselectCheckbox is PASSED

2018-07-16 13:19:22 - [TEST_STEP][PASSED] - scrollToElement: Scroll to object 'Object Repository/OMVA_UserManagement_Page/Customer_Next_Btn' successfully

2018-07-16 13:19:22 - [MESSAGE][PASSED] - Scroll to object 'Object Repository/OMVA_UserManagement_Page/Customer_Next_Btn' successfully

2018-07-16 13:19:22 - [TEST_STEP][PASSED] - click: Object: 'Object Repository/OMVA_UserManagement_Page/Customer_Next_Btn' is clicked on

2018-07-16 13:19:22 - [MESSAGE][PASSED] - Object: 'Object Repository/OMVA_UserManagement_Page/Customer_Next_Btn' is clicked on

2018-07-16 13:19:22 - [TEST_STEP][PASSED] - click: Object: 'Object Repository/OMVA_UserManagement_Page/Cancel_button_ProductCategory' is clicked on

2018-07-16 13:19:22 - [MESSAGE][PASSED] - Object: 'Object Repository/OMVA_UserManagement_Page/Cancel_button_ProductCategory' is clicked on

2018-07-16 13:19:22 - [TEST_STEP][PASSED] - delay: Delayed 5 second(s)

2018-07-16 13:19:27 - [MESSAGE][PASSED] - Delayed 5 second(s)

2018-07-16 13:19:27 - [TEST_STEP][PASSED] - click: Object: 'Object Repository/OMVA_UserManagement_Page/OK_DiscardChanges' is clicked on

2018-07-16 13:19:28 - [MESSAGE][PASSED] - Object: 'Object Repository/OMVA_UserManagement_Page/OK_DiscardChanges' is clicked on

2018-07-16 13:19:28 - [TEST_STEP][PASSED] - closeBrowser: Browser is closed

2018-07-16 13:19:28 - [MESSAGE][PASSED] - Browser is closed]]></system-out>
         <system-err><![CDATA[]]></system-err>
      </testcase>
      <testcase name="Test Cases/UserManagementTestCases/UserActions/Validate_ModifyDataFromEdituser" classname="Test Cases/UserManagementTestCases/UserActions/Validate_ModifyDataFromEdituser" status="PASSED">
         <system-out><![CDATA[2018-07-16 13:19:28 - [TEST_CASE][PASSED] - Test Cases/UserManagementTestCases/UserActions/Validate_ModifyDataFromEdituser: Test Cases/UserManagementTestCases/UserActions/Validate_ModifyDataFromEdituser

2018-07-16 13:19:29 - [TEST_STEP][PASSED] - callTestCase: Call Test Case 'Test Cases/CommonTestcases/OpenBrowserandNavigateToQAURL' successfully

2018-07-16 13:19:29 - [TEST_CASE][PASSED] - Test Cases/CommonTestcases/OpenBrowserandNavigateToQAURL: Test Cases/CommonTestcases/OpenBrowserandNavigateToQAURL

2018-07-16 13:19:29 - [TEST_STEP][PASSED] - openBrowser: Browser is opened with url: ''

2018-07-16 13:19:31 - [MESSAGE][PASSED] - Browser is opened with url: ''

2018-07-16 13:19:31 - [TEST_STEP][PASSED] - navigateToUrl: Navigate to 'https://coa-demo-env.azurewebsites.net/da/index.html#/login' successfully

2018-07-16 13:19:35 - [MESSAGE][PASSED] - Navigate to 'https://coa-demo-env.azurewebsites.net/da/index.html#/login' successfully

2018-07-16 13:19:35 - [TEST_STEP][PASSED] - maximizeWindow: Current window maximized

2018-07-16 13:19:36 - [MESSAGE][PASSED] - Current window maximized

2018-07-16 13:19:36 - [MESSAGE][PASSED] - Call Test Case 'Test Cases/CommonTestcases/OpenBrowserandNavigateToQAURL' successfully

2018-07-16 13:19:36 - [TEST_STEP][PASSED] - waitForElementVisible: Object 'Object Repository/OMVA_Login_Page/Username_Textbox' is visible

2018-07-16 13:19:36 - [MESSAGE][PASSED] - Object 'Object Repository/OMVA_Login_Page/Username_Textbox' is visible

2018-07-16 13:19:36 - [TEST_STEP][PASSED] - sendKeys: Keys 'SuperAdmin' sent to object: 'Object Repository/OMVA_Login_Page/Username_Textbox'

2018-07-16 13:19:37 - [MESSAGE][PASSED] - Keys 'SuperAdmin' sent to object: 'Object Repository/OMVA_Login_Page/Username_Textbox'

2018-07-16 13:19:37 - [TEST_STEP][PASSED] - click: Object: 'Object Repository/OMVA_Login_Page/Next_Button' is clicked on

2018-07-16 13:19:37 - [MESSAGE][PASSED] - Object: 'Object Repository/OMVA_Login_Page/Next_Button' is clicked on

2018-07-16 13:19:37 - [TEST_STEP][PASSED] - waitForElementVisible: Object 'Object Repository/OMVA_Login_Page/Password_Textbox' is visible

2018-07-16 13:19:37 - [MESSAGE][PASSED] - Object 'Object Repository/OMVA_Login_Page/Password_Textbox' is visible

2018-07-16 13:19:37 - [TEST_STEP][PASSED] - sendKeys: Keys 'SuperAdmin' sent to object: 'Object Repository/OMVA_Login_Page/Password_Textbox'

2018-07-16 13:19:38 - [MESSAGE][PASSED] - Keys 'SuperAdmin' sent to object: 'Object Repository/OMVA_Login_Page/Password_Textbox'

2018-07-16 13:19:38 - [TEST_STEP][PASSED] - click: Object: 'Object Repository/OMVA_Login_Page/Signin_Button' is clicked on

2018-07-16 13:19:38 - [MESSAGE][PASSED] - Object: 'Object Repository/OMVA_Login_Page/Signin_Button' is clicked on

2018-07-16 13:19:38 - [TEST_STEP][PASSED] - waitForPageLoad: Wait for page load successfully

2018-07-16 13:19:38 - [MESSAGE][PASSED] - Wait for page load successfully

2018-07-16 13:19:38 - [TEST_STEP][PASSED] - delay: Delayed 5 second(s)

2018-07-16 13:19:43 - [MESSAGE][PASSED] - Delayed 5 second(s)

2018-07-16 13:19:43 - [TEST_STEP][PASSED] - waitForElementPresent: Object 'Object Repository/OMVA_Landing_Page/CreateUser_Button' is present

2018-07-16 13:19:43 - [MESSAGE][PASSED] - Object 'Object Repository/OMVA_Landing_Page/CreateUser_Button' is present

2018-07-16 13:19:43 - [TEST_STEP][PASSED] - click: Object: 'Object Repository/OMVA_Landing_Page/CreateUser_Button' is clicked on

2018-07-16 13:19:43 - [MESSAGE][PASSED] - Object: 'Object Repository/OMVA_Landing_Page/CreateUser_Button' is clicked on

2018-07-16 13:19:43 - [TEST_STEP][PASSED] - delay: Delayed 3 second(s)

2018-07-16 13:19:46 - [MESSAGE][PASSED] - Delayed 3 second(s)

2018-07-16 13:19:46 - [TEST_STEP][PASSED] - waitForElementPresent: Object 'Object Repository/OMVA_UserManagement_Page/Role_Dropdown' is present

2018-07-16 13:19:46 - [MESSAGE][PASSED] - Object 'Object Repository/OMVA_UserManagement_Page/Role_Dropdown' is present

2018-07-16 13:19:46 - [TEST_STEP][PASSED] - click: Object: 'Object Repository/OMVA_UserManagement_Page/Role_Dropdown' is clicked on

2018-07-16 13:19:46 - [MESSAGE][PASSED] - Object: 'Object Repository/OMVA_UserManagement_Page/Role_Dropdown' is clicked on

2018-07-16 13:19:46 - [TEST_STEP][PASSED] - Statement - assert true: null

2018-07-16 13:19:46 - [TEST_STEP][PASSED] - scrollToElement: Scroll to object 'Object Repository/OMVA_UserManagement_Page/DropdownOption_RoleDropdown_Market Admin' successfully

2018-07-16 13:19:46 - [MESSAGE][WARNING] - Timeout '0' is invalid. Using default page load timeout: '15'

2018-07-16 13:19:46 - [MESSAGE][PASSED] - Scroll to object 'Object Repository/OMVA_UserManagement_Page/DropdownOption_RoleDropdown_Market Admin' successfully

2018-07-16 13:19:46 - [TEST_STEP][PASSED] - click: Object: 'Object Repository/OMVA_UserManagement_Page/DropdownOption_RoleDropdown_Market Admin' is clicked on

2018-07-16 13:19:46 - [MESSAGE][PASSED] - Object: 'Object Repository/OMVA_UserManagement_Page/DropdownOption_RoleDropdown_Market Admin' is clicked on

2018-07-16 13:19:46 - [TEST_STEP][PASSED] - Statement - username = CustomKeywords.commonLibrary.commonFunctions.randomStringFunction("abcdefghijklmnopqrstuvwxyz", 6): commonLibrary.commonFunctions.randomStringFunction is PASSED

2018-07-16 13:19:46 - [MESSAGE][PASSED] - commonLibrary.commonFunctions.randomStringFunction is PASSED

2018-07-16 13:19:46 - [TEST_STEP][PASSED] - Statement - uname = username.toString(): null

2018-07-16 13:19:46 - [TEST_STEP][PASSED] - Statement - println(uname): null

2018-07-16 13:19:46 - [TEST_STEP][PASSED] - sendKeys: Keys 'cckaxb' sent to object: 'Object Repository/OMVA_UserManagement_Page/UserName_Textbox'

2018-07-16 13:19:47 - [MESSAGE][PASSED] - Keys 'cckaxb' sent to object: 'Object Repository/OMVA_UserManagement_Page/UserName_Textbox'

2018-07-16 13:19:47 - [TEST_STEP][PASSED] - Statement - emailidprefix = CustomKeywords.commonLibrary.commonFunctions.randomStringFunction("abcdefghijklmnopqrstuvwxyz", 9): commonLibrary.commonFunctions.randomStringFunction is PASSED

2018-07-16 13:19:47 - [MESSAGE][PASSED] - commonLibrary.commonFunctions.randomStringFunction is PASSED

2018-07-16 13:19:47 - [TEST_STEP][PASSED] - sendKeys: Keys 'csqlscghq@autotestpg.com' sent to object: 'Object Repository/OMVA_UserManagement_Page/EmailID_Textbox'

2018-07-16 13:19:48 - [MESSAGE][PASSED] - Keys 'csqlscghq@autotestpg.com' sent to object: 'Object Repository/OMVA_UserManagement_Page/EmailID_Textbox'

2018-07-16 13:19:48 - [TEST_STEP][PASSED] - Statement - firstname = CustomKeywords.commonLibrary.commonFunctions.randomStringFunction("abcdefghijklmnopqrstuvwxyz", 7): commonLibrary.commonFunctions.randomStringFunction is PASSED

2018-07-16 13:19:48 - [MESSAGE][PASSED] - commonLibrary.commonFunctions.randomStringFunction is PASSED

2018-07-16 13:19:48 - [TEST_STEP][PASSED] - sendKeys: Keys 'lracyxn' sent to object: 'Object Repository/OMVA_UserManagement_Page/FirstName_Textbox'

2018-07-16 13:19:48 - [MESSAGE][PASSED] - Keys 'lracyxn' sent to object: 'Object Repository/OMVA_UserManagement_Page/FirstName_Textbox'

2018-07-16 13:19:48 - [TEST_STEP][PASSED] - Statement - lastname = CustomKeywords.commonLibrary.commonFunctions.randomStringFunction("abcdefghijklmnopqrstuvwxyz", 7): commonLibrary.commonFunctions.randomStringFunction is PASSED

2018-07-16 13:19:48 - [MESSAGE][PASSED] - commonLibrary.commonFunctions.randomStringFunction is PASSED

2018-07-16 13:19:48 - [TEST_STEP][PASSED] - sendKeys: Keys 'xuqqabn' sent to object: 'Object Repository/OMVA_UserManagement_Page/LastName_Textbox'

2018-07-16 13:19:48 - [MESSAGE][PASSED] - Keys 'xuqqabn' sent to object: 'Object Repository/OMVA_UserManagement_Page/LastName_Textbox'

2018-07-16 13:19:48 - [TEST_STEP][PASSED] - Statement - ticketnum = CustomKeywords.commonLibrary.commonFunctions.randomStringFunction("123456789", 7): commonLibrary.commonFunctions.randomStringFunction is PASSED

2018-07-16 13:19:48 - [MESSAGE][PASSED] - commonLibrary.commonFunctions.randomStringFunction is PASSED

2018-07-16 13:19:48 - [TEST_STEP][PASSED] - sendKeys: Keys '4437116' sent to object: 'Object Repository/OMVA_UserManagement_Page/TicketNumber_Textbox'

2018-07-16 13:19:48 - [MESSAGE][PASSED] - Keys '4437116' sent to object: 'Object Repository/OMVA_UserManagement_Page/TicketNumber_Textbox'

2018-07-16 13:19:48 - [TEST_STEP][PASSED] - click: Object: 'Object Repository/OMVA_UserManagement_Page/Next_Button' is clicked on

2018-07-16 13:19:48 - [MESSAGE][PASSED] - Object: 'Object Repository/OMVA_UserManagement_Page/Next_Button' is clicked on

2018-07-16 13:19:48 - [TEST_STEP][PASSED] - applicationLibrary.checkboxMultiselection.multiselectCheckbox: applicationLibrary.checkboxMultiselection.multiselectCheckbox is PASSED

2018-07-16 13:19:51 - [MESSAGE][PASSED] - applicationLibrary.checkboxMultiselection.multiselectCheckbox is PASSED

2018-07-16 13:19:51 - [TEST_STEP][PASSED] - scrollToElement: Scroll to object 'Object Repository/OMVA_UserManagement_Page/Customer_Next_Btn' successfully

2018-07-16 13:19:51 - [MESSAGE][PASSED] - Scroll to object 'Object Repository/OMVA_UserManagement_Page/Customer_Next_Btn' successfully

2018-07-16 13:19:51 - [TEST_STEP][PASSED] - click: Object: 'Object Repository/OMVA_UserManagement_Page/Customer_Next_Btn' is clicked on

2018-07-16 13:19:51 - [MESSAGE][PASSED] - Object: 'Object Repository/OMVA_UserManagement_Page/Customer_Next_Btn' is clicked on

2018-07-16 13:19:51 - [TEST_STEP][PASSED] - applicationLibrary.checkboxMultiselection.multiselectCheckbox: applicationLibrary.checkboxMultiselection.multiselectCheckbox is PASSED

2018-07-16 13:19:53 - [MESSAGE][PASSED] - applicationLibrary.checkboxMultiselection.multiselectCheckbox is PASSED

2018-07-16 13:19:53 - [TEST_STEP][PASSED] - click: Object: 'Object Repository/OMVA_UserManagement_Page/UserCreation_Save_Btn' is clicked on

2018-07-16 13:19:53 - [MESSAGE][PASSED] - Object: 'Object Repository/OMVA_UserManagement_Page/UserCreation_Save_Btn' is clicked on

2018-07-16 13:19:53 - [TEST_STEP][PASSED] - waitForElementPresent: Object 'Object Repository/OMVA_UserManagement_Page/UserCreation_HeaderTxt' is present

2018-07-16 13:19:54 - [MESSAGE][PASSED] - Object 'Object Repository/OMVA_UserManagement_Page/UserCreation_HeaderTxt' is present

2018-07-16 13:19:54 - [TEST_STEP][PASSED] - verifyElementText: Actual text and expected text of test object 'Object Repository/OMVA_UserManagement_Page/UserCreation_HeaderTxt' are matched.

2018-07-16 13:19:54 - [MESSAGE][PASSED] - Actual text and expected text of test object 'Object Repository/OMVA_UserManagement_Page/UserCreation_HeaderTxt' are matched.

2018-07-16 13:19:54 - [TEST_STEP][PASSED] - verifyElementText: Actual text and expected text of test object 'Object Repository/OMVA_UserManagement_Page/UserCreation_ContentTxt' are matched.

2018-07-16 13:19:54 - [MESSAGE][PASSED] - Actual text and expected text of test object 'Object Repository/OMVA_UserManagement_Page/UserCreation_ContentTxt' are matched.

2018-07-16 13:19:54 - [TEST_STEP][PASSED] - click: Object: 'Object Repository/OMVA_UserManagement_Page/UserCreation_OK_Btn' is clicked on

2018-07-16 13:19:54 - [MESSAGE][PASSED] - Object: 'Object Repository/OMVA_UserManagement_Page/UserCreation_OK_Btn' is clicked on

2018-07-16 13:19:54 - [TEST_STEP][PASSED] - delay: Delayed 7 second(s)

2018-07-16 13:20:01 - [MESSAGE][PASSED] - Delayed 7 second(s)

2018-07-16 13:20:01 - [TEST_STEP][PASSED] - waitForElementPresent: Object 'Object Repository/OMVA_UserManagement_Page/Created_User_Username' is present

2018-07-16 13:20:02 - [MESSAGE][PASSED] - Object 'Object Repository/OMVA_UserManagement_Page/Created_User_Username' is present

2018-07-16 13:20:02 - [TEST_STEP][PASSED] - Statement - createduser = com.kms.katalon.core.webui.keyword.WebUiBuiltInKeywords.getText(com.kms.katalon.core.testobject.ObjectRepository.findTestObject(OMVA_UserManagement_Page/Created_User_Username)): Text of object 'Object Repository/OMVA_UserManagement_Page/Created_User_Username' is: 'lracyxn xuqqabn'

2018-07-16 13:20:02 - [MESSAGE][PASSED] - Text of object 'Object Repository/OMVA_UserManagement_Page/Created_User_Username' is: 'lracyxn xuqqabn'

2018-07-16 13:20:02 - [TEST_STEP][PASSED] - Statement - createduser = com.kms.katalon.core.webui.keyword.WebUiBuiltInKeywords.verifyMatch(createduser, firstname + " " + lastname, true): Actual text 'lracyxn xuqqabn' and expected text 'lracyxn xuqqabn' are matched  using regular expression

2018-07-16 13:20:02 - [MESSAGE][PASSED] - Actual text 'lracyxn xuqqabn' and expected text 'lracyxn xuqqabn' are matched  using regular expression

2018-07-16 13:20:02 - [TEST_STEP][PASSED] - waitForElementPresent: Object 'Object Repository/OMVA_UserManagement_Page/Search_button' is present

2018-07-16 13:20:02 - [MESSAGE][PASSED] - Object 'Object Repository/OMVA_UserManagement_Page/Search_button' is present

2018-07-16 13:20:02 - [TEST_STEP][PASSED] - click: Object: 'Object Repository/OMVA_UserManagement_Page/Search_button' is clicked on

2018-07-16 13:20:02 - [MESSAGE][PASSED] - Object: 'Object Repository/OMVA_UserManagement_Page/Search_button' is clicked on

2018-07-16 13:20:02 - [TEST_STEP][PASSED] - waitForElementVisible: Object 'Object Repository/OMVA_UserManagement_Page/Enter_Text_Search' is visible

2018-07-16 13:20:02 - [MESSAGE][PASSED] - Object 'Object Repository/OMVA_UserManagement_Page/Enter_Text_Search' is visible

2018-07-16 13:20:02 - [TEST_STEP][PASSED] - sendKeys: Keys 'cckaxb' sent to object: 'Object Repository/OMVA_UserManagement_Page/Enter_Text_Search'

2018-07-16 13:20:02 - [MESSAGE][PASSED] - Keys 'cckaxb' sent to object: 'Object Repository/OMVA_UserManagement_Page/Enter_Text_Search'

2018-07-16 13:20:02 - [TEST_STEP][PASSED] - waitForElementVisible: Object 'Object Repository/OMVA_Landing_Page/Edit_icon' is visible

2018-07-16 13:20:02 - [MESSAGE][PASSED] - Object 'Object Repository/OMVA_Landing_Page/Edit_icon' is visible

2018-07-16 13:20:02 - [TEST_STEP][PASSED] - click: Object: 'Object Repository/OMVA_Landing_Page/Edit_icon' is clicked on

2018-07-16 13:20:03 - [MESSAGE][PASSED] - Object: 'Object Repository/OMVA_Landing_Page/Edit_icon' is clicked on

2018-07-16 13:20:03 - [TEST_STEP][PASSED] - waitForElementVisible: Object 'Object Repository/OMVA_EditUser_Page/EditUserFirstName' is visible

2018-07-16 13:20:03 - [MESSAGE][PASSED] - Object 'Object Repository/OMVA_EditUser_Page/EditUserFirstName' is visible

2018-07-16 13:20:03 - [TEST_STEP][PASSED] - sendKeys: Keys 'asdf' sent to object: 'Object Repository/OMVA_EditUser_Page/EditUserFirstName'

2018-07-16 13:20:03 - [MESSAGE][PASSED] - Keys 'asdf' sent to object: 'Object Repository/OMVA_EditUser_Page/EditUserFirstName'

2018-07-16 13:20:03 - [TEST_STEP][PASSED] - waitForElementVisible: Object 'Object Repository/OMVA_EditUser_Page/EditUserNext_Btn' is visible

2018-07-16 13:20:03 - [MESSAGE][PASSED] - Object 'Object Repository/OMVA_EditUser_Page/EditUserNext_Btn' is visible

2018-07-16 13:20:03 - [TEST_STEP][PASSED] - click: Object: 'Object Repository/OMVA_EditUser_Page/EditUserNext_Btn' is clicked on

2018-07-16 13:20:03 - [MESSAGE][PASSED] - Object: 'Object Repository/OMVA_EditUser_Page/EditUserNext_Btn' is clicked on

2018-07-16 13:20:03 - [TEST_STEP][PASSED] - verifyElementText: Actual text and expected text of test object 'Object Repository/OMVA_EditUser_Page/UpdateSucessful_ToastMessage' are matched.

2018-07-16 13:20:04 - [MESSAGE][PASSED] - Actual text and expected text of test object 'Object Repository/OMVA_EditUser_Page/UpdateSucessful_ToastMessage' are matched.

2018-07-16 13:20:04 - [TEST_STEP][PASSED] - dataBaseConnection.dataBase.connectDB: dataBaseConnection.dataBase.connectDB is PASSED

2018-07-16 13:20:04 - [MESSAGE][PASSED] - dataBaseConnection.dataBase.connectDB is PASSED

2018-07-16 13:20:04 - [TEST_STEP][PASSED] - dataBaseConnection.dataBase.executeQuery: dataBaseConnection.dataBase.executeQuery is PASSED

2018-07-16 13:20:04 - [MESSAGE][PASSED] - dataBaseConnection.dataBase.executeQuery is PASSED

2018-07-16 13:20:04 - [TEST_STEP][PASSED] - dataBaseConnection.dataBase.closeDatabaseConnection: dataBaseConnection.dataBase.closeDatabaseConnection is PASSED

2018-07-16 13:20:04 - [MESSAGE][PASSED] - dataBaseConnection.dataBase.closeDatabaseConnection is PASSED

2018-07-16 13:20:04 - [TEST_STEP][PASSED] - closeBrowser: Browser is closed

2018-07-16 13:20:05 - [MESSAGE][PASSED] - Browser is closed]]></system-out>
         <system-err><![CDATA[]]></system-err>
      </testcase>
      <testcase name="Test Cases/UserManagementTestCases/UserActions/DeActivate_User" classname="Test Cases/UserManagementTestCases/UserActions/DeActivate_User" status="PASSED">
         <system-out><![CDATA[2018-07-16 13:20:05 - [TEST_CASE][PASSED] - Test Cases/UserManagementTestCases/UserActions/DeActivate_User: Test Cases/UserManagementTestCases/UserActions/DeActivate_User

2018-07-16 13:20:06 - [TEST_STEP][PASSED] - callTestCase: Call Test Case 'Test Cases/CommonTestcases/OpenBrowserandNavigateToQAURL' successfully

2018-07-16 13:20:06 - [TEST_CASE][PASSED] - Test Cases/CommonTestcases/OpenBrowserandNavigateToQAURL: Test Cases/CommonTestcases/OpenBrowserandNavigateToQAURL

2018-07-16 13:20:06 - [TEST_STEP][PASSED] - openBrowser: Browser is opened with url: ''

2018-07-16 13:20:08 - [MESSAGE][PASSED] - Browser is opened with url: ''

2018-07-16 13:20:08 - [TEST_STEP][PASSED] - navigateToUrl: Navigate to 'https://coa-demo-env.azurewebsites.net/da/index.html#/login' successfully

2018-07-16 13:20:14 - [MESSAGE][PASSED] - Navigate to 'https://coa-demo-env.azurewebsites.net/da/index.html#/login' successfully

2018-07-16 13:20:14 - [TEST_STEP][PASSED] - maximizeWindow: Current window maximized

2018-07-16 13:20:15 - [MESSAGE][PASSED] - Current window maximized

2018-07-16 13:20:15 - [MESSAGE][PASSED] - Call Test Case 'Test Cases/CommonTestcases/OpenBrowserandNavigateToQAURL' successfully

2018-07-16 13:20:15 - [TEST_STEP][PASSED] - waitForElementVisible: Object 'Object Repository/OMVA_Login_Page/Username_Textbox' is visible

2018-07-16 13:20:16 - [MESSAGE][PASSED] - Object 'Object Repository/OMVA_Login_Page/Username_Textbox' is visible

2018-07-16 13:20:16 - [TEST_STEP][PASSED] - sendKeys: Keys 'SuperAdmin' sent to object: 'Object Repository/OMVA_Login_Page/Username_Textbox'

2018-07-16 13:20:16 - [MESSAGE][PASSED] - Keys 'SuperAdmin' sent to object: 'Object Repository/OMVA_Login_Page/Username_Textbox'

2018-07-16 13:20:16 - [TEST_STEP][PASSED] - click: Object: 'Object Repository/OMVA_Login_Page/Next_Button' is clicked on

2018-07-16 13:20:16 - [MESSAGE][PASSED] - Object: 'Object Repository/OMVA_Login_Page/Next_Button' is clicked on

2018-07-16 13:20:16 - [TEST_STEP][PASSED] - waitForElementVisible: Object 'Object Repository/OMVA_Login_Page/Password_Textbox' is visible

2018-07-16 13:20:17 - [MESSAGE][PASSED] - Object 'Object Repository/OMVA_Login_Page/Password_Textbox' is visible

2018-07-16 13:20:17 - [TEST_STEP][PASSED] - sendKeys: Keys 'SuperAdmin' sent to object: 'Object Repository/OMVA_Login_Page/Password_Textbox'

2018-07-16 13:20:17 - [MESSAGE][PASSED] - Keys 'SuperAdmin' sent to object: 'Object Repository/OMVA_Login_Page/Password_Textbox'

2018-07-16 13:20:17 - [TEST_STEP][PASSED] - click: Object: 'Object Repository/OMVA_Login_Page/Signin_Button' is clicked on

2018-07-16 13:20:17 - [MESSAGE][PASSED] - Object: 'Object Repository/OMVA_Login_Page/Signin_Button' is clicked on

2018-07-16 13:20:17 - [TEST_STEP][PASSED] - waitForPageLoad: Wait for page load successfully

2018-07-16 13:20:17 - [MESSAGE][PASSED] - Wait for page load successfully

2018-07-16 13:20:17 - [TEST_STEP][PASSED] - delay: Delayed 5 second(s)

2018-07-16 13:20:22 - [MESSAGE][PASSED] - Delayed 5 second(s)

2018-07-16 13:20:22 - [TEST_STEP][PASSED] - waitForElementPresent: Object 'Object Repository/OMVA_Landing_Page/CreateUser_Button' is present

2018-07-16 13:20:22 - [MESSAGE][PASSED] - Object 'Object Repository/OMVA_Landing_Page/CreateUser_Button' is present

2018-07-16 13:20:22 - [TEST_STEP][PASSED] - click: Object: 'Object Repository/OMVA_Landing_Page/CreateUser_Button' is clicked on

2018-07-16 13:20:23 - [MESSAGE][PASSED] - Object: 'Object Repository/OMVA_Landing_Page/CreateUser_Button' is clicked on

2018-07-16 13:20:23 - [TEST_STEP][PASSED] - delay: Delayed 3 second(s)

2018-07-16 13:20:26 - [MESSAGE][PASSED] - Delayed 3 second(s)

2018-07-16 13:20:26 - [TEST_STEP][PASSED] - waitForElementPresent: Object 'Object Repository/OMVA_UserManagement_Page/Role_Dropdown' is present

2018-07-16 13:20:26 - [MESSAGE][PASSED] - Object 'Object Repository/OMVA_UserManagement_Page/Role_Dropdown' is present

2018-07-16 13:20:26 - [TEST_STEP][PASSED] - Statement - If (true): null

2018-07-16 13:20:26 - [TEST_STEP][PASSED] - click: Object: 'Object Repository/OMVA_UserManagement_Page/Role_Dropdown' is clicked on

2018-07-16 13:20:26 - [MESSAGE][PASSED] - Object: 'Object Repository/OMVA_UserManagement_Page/Role_Dropdown' is clicked on

2018-07-16 13:20:26 - [TEST_STEP][PASSED] - Statement - assert true: null

2018-07-16 13:20:26 - [TEST_STEP][PASSED] - scrollToElement: Scroll to object 'Object Repository/OMVA_UserManagement_Page/DropdownOption_RoleDropdown_Market Admin' successfully

2018-07-16 13:20:26 - [MESSAGE][WARNING] - Timeout '0' is invalid. Using default page load timeout: '15'

2018-07-16 13:20:26 - [MESSAGE][PASSED] - Scroll to object 'Object Repository/OMVA_UserManagement_Page/DropdownOption_RoleDropdown_Market Admin' successfully

2018-07-16 13:20:26 - [TEST_STEP][PASSED] - click: Object: 'Object Repository/OMVA_UserManagement_Page/DropdownOption_RoleDropdown_Market Admin' is clicked on

2018-07-16 13:20:26 - [MESSAGE][PASSED] - Object: 'Object Repository/OMVA_UserManagement_Page/DropdownOption_RoleDropdown_Market Admin' is clicked on

2018-07-16 13:20:26 - [TEST_STEP][PASSED] - Statement - username = CustomKeywords.commonLibrary.commonFunctions.randomStringFunction("abcdefghijklmnopqrstuvwxyz", 6): commonLibrary.commonFunctions.randomStringFunction is PASSED

2018-07-16 13:20:26 - [MESSAGE][PASSED] - commonLibrary.commonFunctions.randomStringFunction is PASSED

2018-07-16 13:20:26 - [TEST_STEP][PASSED] - sendKeys: Keys 'kexboe' sent to object: 'Object Repository/OMVA_UserManagement_Page/UserName_Textbox'

2018-07-16 13:20:26 - [MESSAGE][PASSED] - Keys 'kexboe' sent to object: 'Object Repository/OMVA_UserManagement_Page/UserName_Textbox'

2018-07-16 13:20:26 - [TEST_STEP][PASSED] - Statement - emailidprefix = CustomKeywords.commonLibrary.commonFunctions.randomStringFunction("abcdefghijklmnopqrstuvwxyz", 9): commonLibrary.commonFunctions.randomStringFunction is PASSED

2018-07-16 13:20:26 - [MESSAGE][PASSED] - commonLibrary.commonFunctions.randomStringFunction is PASSED

2018-07-16 13:20:26 - [TEST_STEP][PASSED] - sendKeys: Keys 'dbxepzkls@autotestpg.com' sent to object: 'Object Repository/OMVA_UserManagement_Page/EmailID_Textbox'

2018-07-16 13:20:27 - [MESSAGE][PASSED] - Keys 'dbxepzkls@autotestpg.com' sent to object: 'Object Repository/OMVA_UserManagement_Page/EmailID_Textbox'

2018-07-16 13:20:27 - [TEST_STEP][PASSED] - Statement - firstname = CustomKeywords.commonLibrary.commonFunctions.randomStringFunction("abcdefghijklmnopqrstuvwxyz", 7): commonLibrary.commonFunctions.randomStringFunction is PASSED

2018-07-16 13:20:27 - [MESSAGE][PASSED] - commonLibrary.commonFunctions.randomStringFunction is PASSED

2018-07-16 13:20:27 - [TEST_STEP][PASSED] - sendKeys: Keys 'btexlbr' sent to object: 'Object Repository/OMVA_UserManagement_Page/FirstName_Textbox'

2018-07-16 13:20:27 - [MESSAGE][PASSED] - Keys 'btexlbr' sent to object: 'Object Repository/OMVA_UserManagement_Page/FirstName_Textbox'

2018-07-16 13:20:27 - [TEST_STEP][PASSED] - Statement - lastname = CustomKeywords.commonLibrary.commonFunctions.randomStringFunction("abcdefghijklmnopqrstuvwxyz", 7): commonLibrary.commonFunctions.randomStringFunction is PASSED

2018-07-16 13:20:27 - [MESSAGE][PASSED] - commonLibrary.commonFunctions.randomStringFunction is PASSED

2018-07-16 13:20:27 - [TEST_STEP][PASSED] - sendKeys: Keys 'dxqbyic' sent to object: 'Object Repository/OMVA_UserManagement_Page/LastName_Textbox'

2018-07-16 13:20:28 - [MESSAGE][PASSED] - Keys 'dxqbyic' sent to object: 'Object Repository/OMVA_UserManagement_Page/LastName_Textbox'

2018-07-16 13:20:28 - [TEST_STEP][PASSED] - Statement - ticketnum = CustomKeywords.commonLibrary.commonFunctions.randomStringFunction("123456789", 7): commonLibrary.commonFunctions.randomStringFunction is PASSED

2018-07-16 13:20:28 - [MESSAGE][PASSED] - commonLibrary.commonFunctions.randomStringFunction is PASSED

2018-07-16 13:20:28 - [TEST_STEP][PASSED] - sendKeys: Keys '5465572' sent to object: 'Object Repository/OMVA_UserManagement_Page/TicketNumber_Textbox'

2018-07-16 13:20:28 - [MESSAGE][PASSED] - Keys '5465572' sent to object: 'Object Repository/OMVA_UserManagement_Page/TicketNumber_Textbox'

2018-07-16 13:20:28 - [TEST_STEP][PASSED] - click: Object: 'Object Repository/OMVA_UserManagement_Page/Next_Button_Update' is clicked on

2018-07-16 13:20:28 - [MESSAGE][PASSED] - Object: 'Object Repository/OMVA_UserManagement_Page/Next_Button_Update' is clicked on

2018-07-16 13:20:28 - [TEST_STEP][PASSED] - applicationLibrary.checkboxMultiselection.multiselectCheckbox: applicationLibrary.checkboxMultiselection.multiselectCheckbox is PASSED

2018-07-16 13:20:30 - [MESSAGE][PASSED] - applicationLibrary.checkboxMultiselection.multiselectCheckbox is PASSED

2018-07-16 13:20:30 - [TEST_STEP][PASSED] - scrollToElement: Scroll to object 'Object Repository/OMVA_UserManagement_Page/Customer_Next_Btn' successfully

2018-07-16 13:20:30 - [MESSAGE][PASSED] - Scroll to object 'Object Repository/OMVA_UserManagement_Page/Customer_Next_Btn' successfully

2018-07-16 13:20:30 - [TEST_STEP][PASSED] - click: Object: 'Object Repository/OMVA_UserManagement_Page/Customer_Next_Btn' is clicked on

2018-07-16 13:20:30 - [MESSAGE][PASSED] - Object: 'Object Repository/OMVA_UserManagement_Page/Customer_Next_Btn' is clicked on

2018-07-16 13:20:30 - [TEST_STEP][PASSED] - applicationLibrary.checkboxMultiselection.multiselectCheckbox: applicationLibrary.checkboxMultiselection.multiselectCheckbox is PASSED

2018-07-16 13:20:33 - [MESSAGE][PASSED] - applicationLibrary.checkboxMultiselection.multiselectCheckbox is PASSED

2018-07-16 13:20:33 - [TEST_STEP][PASSED] - click: Object: 'Object Repository/OMVA_UserManagement_Page/UserCreation_Save_Btn' is clicked on

2018-07-16 13:20:33 - [MESSAGE][PASSED] - Object: 'Object Repository/OMVA_UserManagement_Page/UserCreation_Save_Btn' is clicked on

2018-07-16 13:20:33 - [TEST_STEP][PASSED] - waitForElementPresent: Object 'Object Repository/OMVA_UserManagement_Page/UserCreation_HeaderTxt' is present

2018-07-16 13:20:34 - [MESSAGE][PASSED] - Object 'Object Repository/OMVA_UserManagement_Page/UserCreation_HeaderTxt' is present

2018-07-16 13:20:34 - [TEST_STEP][PASSED] - verifyElementText: Actual text and expected text of test object 'Object Repository/OMVA_UserManagement_Page/UserCreation_HeaderTxt' are matched.

2018-07-16 13:20:34 - [MESSAGE][PASSED] - Actual text and expected text of test object 'Object Repository/OMVA_UserManagement_Page/UserCreation_HeaderTxt' are matched.

2018-07-16 13:20:34 - [TEST_STEP][PASSED] - verifyElementText: Actual text and expected text of test object 'Object Repository/OMVA_UserManagement_Page/UserCreation_ContentTxt' are matched.

2018-07-16 13:20:34 - [MESSAGE][PASSED] - Actual text and expected text of test object 'Object Repository/OMVA_UserManagement_Page/UserCreation_ContentTxt' are matched.

2018-07-16 13:20:34 - [TEST_STEP][PASSED] - click: Object: 'Object Repository/OMVA_UserManagement_Page/UserCreation_OK_Btn' is clicked on

2018-07-16 13:20:34 - [MESSAGE][PASSED] - Object: 'Object Repository/OMVA_UserManagement_Page/UserCreation_OK_Btn' is clicked on

2018-07-16 13:20:34 - [TEST_STEP][PASSED] - delay: Delayed 5 second(s)

2018-07-16 13:20:39 - [MESSAGE][PASSED] - Delayed 5 second(s)

2018-07-16 13:20:39 - [TEST_STEP][PASSED] - waitForElementPresent: Object 'Object Repository/OMVA_UserManagement_Page/Created_User_Username' is present

2018-07-16 13:20:39 - [MESSAGE][PASSED] - Object 'Object Repository/OMVA_UserManagement_Page/Created_User_Username' is present

2018-07-16 13:20:39 - [TEST_STEP][PASSED] - Statement - createdNewuser = com.kms.katalon.core.webui.keyword.WebUiBuiltInKeywords.getText(com.kms.katalon.core.testobject.ObjectRepository.findTestObject(OMVA_UserManagement_Page/Created_User_Username)): Text of object 'Object Repository/OMVA_UserManagement_Page/Created_User_Username' is: 'btexlbr dxqbyic'

2018-07-16 13:20:39 - [MESSAGE][PASSED] - Text of object 'Object Repository/OMVA_UserManagement_Page/Created_User_Username' is: 'btexlbr dxqbyic'

2018-07-16 13:20:39 - [TEST_STEP][PASSED] - Statement - uname = createdNewuser.toString(): null

2018-07-16 13:20:39 - [TEST_STEP][PASSED] - Statement - createduser = com.kms.katalon.core.webui.keyword.WebUiBuiltInKeywords.verifyMatch(createdNewuser, firstname + " " + lastname, true): Actual text 'btexlbr dxqbyic' and expected text 'btexlbr dxqbyic' are matched  using regular expression

2018-07-16 13:20:39 - [MESSAGE][PASSED] - Actual text 'btexlbr dxqbyic' and expected text 'btexlbr dxqbyic' are matched  using regular expression

2018-07-16 13:20:39 - [TEST_STEP][PASSED] - delay: Delayed 5 second(s)

2018-07-16 13:20:44 - [MESSAGE][PASSED] - Delayed 5 second(s)

2018-07-16 13:20:44 - [TEST_STEP][PASSED] - applicationLibrary.ClicksCreatedUserDashboard.editUser: applicationLibrary.ClicksCreatedUserDashboard.editUser is PASSED

2018-07-16 13:20:45 - [MESSAGE][PASSED] - applicationLibrary.ClicksCreatedUserDashboard.editUser is PASSED

2018-07-16 13:20:45 - [TEST_STEP][PASSED] - delay: Delayed 5 second(s)

2018-07-16 13:20:50 - [MESSAGE][PASSED] - Delayed 5 second(s)

2018-07-16 13:20:50 - [TEST_STEP][PASSED] - waitForElementVisible: Object 'Object Repository/OMVA_Landing_Page/Act_DeAct_Radio_Btn' is visible

2018-07-16 13:20:50 - [MESSAGE][PASSED] - Object 'Object Repository/OMVA_Landing_Page/Act_DeAct_Radio_Btn' is visible

2018-07-16 13:20:50 - [TEST_STEP][PASSED] - click: Object: 'Object Repository/OMVA_Landing_Page/Act_DeAct_Radio_Btn' is clicked on

2018-07-16 13:20:50 - [MESSAGE][PASSED] - Object: 'Object Repository/OMVA_Landing_Page/Act_DeAct_Radio_Btn' is clicked on

2018-07-16 13:20:50 - [TEST_STEP][PASSED] - waitForElementVisible: Object 'Object Repository/OMVA_EditUser_Page/SaveExit_Btn' is visible

2018-07-16 13:20:50 - [MESSAGE][PASSED] - Object 'Object Repository/OMVA_EditUser_Page/SaveExit_Btn' is visible

2018-07-16 13:20:50 - [TEST_STEP][PASSED] - click: Object: 'Object Repository/OMVA_EditUser_Page/SaveExit_Btn' is clicked on

2018-07-16 13:20:50 - [MESSAGE][PASSED] - Object: 'Object Repository/OMVA_EditUser_Page/SaveExit_Btn' is clicked on

2018-07-16 13:20:50 - [TEST_STEP][PASSED] - waitForElementVisible: Object 'Object Repository/OMVA_EditUser_Page/DeactivateUser_HeaderTxt' is visible

2018-07-16 13:20:51 - [MESSAGE][PASSED] - Object 'Object Repository/OMVA_EditUser_Page/DeactivateUser_HeaderTxt' is visible

2018-07-16 13:20:51 - [TEST_STEP][PASSED] - Statement - AHeaderTxt = com.kms.katalon.core.webui.keyword.WebUiBuiltInKeywords.getText(com.kms.katalon.core.testobject.ObjectRepository.findTestObject(OMVA_EditUser_Page/DeactivateUser_HeaderTxt)): Text of object 'Object Repository/OMVA_EditUser_Page/DeactivateUser_HeaderTxt' is: 'Confirm Deactivation'

2018-07-16 13:20:51 - [MESSAGE][PASSED] - Text of object 'Object Repository/OMVA_EditUser_Page/DeactivateUser_HeaderTxt' is: 'Confirm Deactivation'

2018-07-16 13:20:51 - [TEST_STEP][PASSED] - verifyMatch: Actual text 'Confirm Deactivation' and expected text 'Confirm Deactivation' are matched  using regular expression

2018-07-16 13:20:51 - [MESSAGE][PASSED] - Actual text 'Confirm Deactivation' and expected text 'Confirm Deactivation' are matched  using regular expression

2018-07-16 13:20:51 - [TEST_STEP][PASSED] - Statement - AContentTxt = com.kms.katalon.core.webui.keyword.WebUiBuiltInKeywords.getText(com.kms.katalon.core.testobject.ObjectRepository.findTestObject(OMVA_EditUser_Page/DeactivateUser_ContentText)): Text of object 'Object Repository/OMVA_EditUser_Page/DeactivateUser_ContentText' is: 'Are you sure you want to deactivate btexlbr dxqbyic's account?'

2018-07-16 13:20:51 - [MESSAGE][PASSED] - Text of object 'Object Repository/OMVA_EditUser_Page/DeactivateUser_ContentText' is: 'Are you sure you want to deactivate btexlbr dxqbyic's account?'

2018-07-16 13:20:51 - [TEST_STEP][PASSED] - verifyMatch: Actual text 'Are you sure you want to deactivate btexlbr dxqbyic's account?' and expected text 'Are you sure you want to deactivate\D*' are matched  using regular expression

2018-07-16 13:20:51 - [MESSAGE][PASSED] - Actual text 'Are you sure you want to deactivate btexlbr dxqbyic's account?' and expected text 'Are you sure you want to deactivate\D*' are matched  using regular expression

2018-07-16 13:20:51 - [TEST_STEP][PASSED] - click: Object: 'Object Repository/OMVA_EditUser_Page/DeactivateUser_OKBtn' is clicked on

2018-07-16 13:20:51 - [MESSAGE][PASSED] - Object: 'Object Repository/OMVA_EditUser_Page/DeactivateUser_OKBtn' is clicked on

2018-07-16 13:20:51 - [TEST_STEP][PASSED] - Statement - ADeactivatedToastMsg = com.kms.katalon.core.webui.keyword.WebUiBuiltInKeywords.getText(com.kms.katalon.core.testobject.ObjectRepository.findTestObject(OMVA_EditUser_Page/Deactivate_ToastMsg)): Text of object 'Object Repository/OMVA_EditUser_Page/Deactivate_ToastMsg' is: 'Account Successfully Deactivated!'

2018-07-16 13:20:52 - [MESSAGE][PASSED] - Text of object 'Object Repository/OMVA_EditUser_Page/Deactivate_ToastMsg' is: 'Account Successfully Deactivated!'

2018-07-16 13:20:52 - [TEST_STEP][PASSED] - verifyMatch: Actual text 'Account Successfully Deactivated!' and expected text 'Account Successfully Deactivated!' are matched  using regular expression

2018-07-16 13:20:52 - [MESSAGE][PASSED] - Actual text 'Account Successfully Deactivated!' and expected text 'Account Successfully Deactivated!' are matched  using regular expression

2018-07-16 13:20:52 - [TEST_STEP][PASSED] - closeBrowser: Browser is closed

2018-07-16 13:20:53 - [MESSAGE][PASSED] - Browser is closed]]></system-out>
         <system-err><![CDATA[]]></system-err>
      </testcase>
      <testcase name="Test Cases/UserManagementTestCases/UserActions/LockUser" classname="Test Cases/UserManagementTestCases/UserActions/LockUser" status="FAILED">
         <failure type="FAILED" message="Unable to get text of object 'Object Repository/OMVA_Login_Page/InvalidLogin_HeaderTxt' (Root cause: com.kms.katalon.core.webui.exception.WebElementNotFoundException: Web element with id: 'Object Repository/OMVA_Login_Page/InvalidLogin_HeaderTxt' located by 'By.xpath: //h4[text()='Invalid Credentials']' not found)"/>
         <system-out><![CDATA[2018-07-16 13:20:53 - [TEST_CASE][FAILED] - Test Cases/UserManagementTestCases/UserActions/LockUser: Test Cases/UserManagementTestCases/UserActions/LockUser FAILED because (of) Unable to get text of object 'Object Repository/OMVA_Login_Page/InvalidLogin_HeaderTxt' (Root cause: com.kms.katalon.core.webui.exception.WebElementNotFoundException: Web element with id: 'Object Repository/OMVA_Login_Page/InvalidLogin_HeaderTxt' located by 'By.xpath: //h4[text()='Invalid Credentials']' not found)

2018-07-16 13:20:54 - [TEST_STEP][FAILED] - callTestCase: Unable to call Test Case with id 'Test Cases/UserManagementTestCases/Login/Invalid_Login' (Root cause: Call Test Case 'Test Cases/UserManagementTestCases/Login/Invalid_Login' failed)

2018-07-16 13:20:54 - [TEST_CASE][FAILED] - Test Cases/UserManagementTestCases/Login/Invalid_Login: Test Cases/UserManagementTestCases/Login/Invalid_Login FAILED because (of) Unable to get text of object 'Object Repository/OMVA_Login_Page/InvalidLogin_HeaderTxt' (Root cause: com.kms.katalon.core.webui.exception.WebElementNotFoundException: Web element with id: 'Object Repository/OMVA_Login_Page/InvalidLogin_HeaderTxt' located by 'By.xpath: //h4[text()='Invalid Credentials']' not found)

2018-07-16 13:20:54 - [TEST_STEP][PASSED] - callTestCase: Call Test Case 'Test Cases/CommonTestcases/OpenBrowserandNavigateToQAURL' successfully

2018-07-16 13:20:54 - [TEST_CASE][PASSED] - Test Cases/CommonTestcases/OpenBrowserandNavigateToQAURL: Test Cases/CommonTestcases/OpenBrowserandNavigateToQAURL

2018-07-16 13:20:54 - [TEST_STEP][PASSED] - openBrowser: Browser is opened with url: ''

2018-07-16 13:20:56 - [MESSAGE][PASSED] - Browser is opened with url: ''

2018-07-16 13:20:56 - [TEST_STEP][PASSED] - navigateToUrl: Navigate to 'https://coa-demo-env.azurewebsites.net/da/index.html#/login' successfully

2018-07-16 13:21:00 - [MESSAGE][PASSED] - Navigate to 'https://coa-demo-env.azurewebsites.net/da/index.html#/login' successfully

2018-07-16 13:21:00 - [TEST_STEP][PASSED] - maximizeWindow: Current window maximized

2018-07-16 13:21:01 - [MESSAGE][PASSED] - Current window maximized

2018-07-16 13:21:01 - [MESSAGE][PASSED] - Call Test Case 'Test Cases/CommonTestcases/OpenBrowserandNavigateToQAURL' successfully

2018-07-16 13:21:01 - [TEST_STEP][PASSED] - waitForElementVisible: Object 'Object Repository/OMVA_Login_Page/Username_Textbox' is visible

2018-07-16 13:21:01 - [MESSAGE][PASSED] - Object 'Object Repository/OMVA_Login_Page/Username_Textbox' is visible

2018-07-16 13:21:01 - [TEST_STEP][PASSED] - sendKeys: Keys 'Lock' sent to object: 'Object Repository/OMVA_Login_Page/Username_Textbox'

2018-07-16 13:21:01 - [MESSAGE][PASSED] - Keys 'Lock' sent to object: 'Object Repository/OMVA_Login_Page/Username_Textbox'

2018-07-16 13:21:01 - [TEST_STEP][PASSED] - click: Object: 'Object Repository/OMVA_Login_Page/Next_Button' is clicked on

2018-07-16 13:21:02 - [MESSAGE][PASSED] - Object: 'Object Repository/OMVA_Login_Page/Next_Button' is clicked on

2018-07-16 13:21:02 - [TEST_STEP][PASSED] - Statement - If (true): null

2018-07-16 13:21:02 - [TEST_STEP][PASSED] - waitForElementVisible: Object 'Object Repository/OMVA_Login_Page/Password_Textbox' is visible

2018-07-16 13:21:02 - [MESSAGE][PASSED] - Object 'Object Repository/OMVA_Login_Page/Password_Textbox' is visible

2018-07-16 13:21:02 - [TEST_STEP][PASSED] - Statement - assert true: null

2018-07-16 13:21:02 - [TEST_STEP][PASSED] - sendKeys: Keys 'Pwd' sent to object: 'Object Repository/OMVA_Login_Page/Password_Textbox'

2018-07-16 13:21:02 - [MESSAGE][PASSED] - Keys 'Pwd' sent to object: 'Object Repository/OMVA_Login_Page/Password_Textbox'

2018-07-16 13:21:02 - [TEST_STEP][PASSED] - click: Object: 'Object Repository/OMVA_Login_Page/Signin_Button' is clicked on

2018-07-16 13:21:02 - [MESSAGE][PASSED] - Object: 'Object Repository/OMVA_Login_Page/Signin_Button' is clicked on

2018-07-16 13:21:02 - [TEST_STEP][FAILED] - Statement - AHeaderTxt = com.kms.katalon.core.webui.keyword.WebUiBuiltInKeywords.getText(com.kms.katalon.core.testobject.ObjectRepository.findTestObject(OMVA_Login_Page/InvalidLogin_HeaderTxt)): Unable to get text of object 'Object Repository/OMVA_Login_Page/InvalidLogin_HeaderTxt' (Root cause: com.kms.katalon.core.webui.exception.WebElementNotFoundException: Web element with id: 'Object Repository/OMVA_Login_Page/InvalidLogin_HeaderTxt' located by 'By.xpath: //h4[text()='Invalid Credentials']' not found)

2018-07-16 13:21:19 - [MESSAGE][FAILED] - Unable to get text of object 'Object Repository/OMVA_Login_Page/InvalidLogin_HeaderTxt' (Root cause: com.kms.katalon.core.webui.exception.WebElementNotFoundException: Web element with id: 'Object Repository/OMVA_Login_Page/InvalidLogin_HeaderTxt' located by 'By.xpath: //h4[text()='Invalid Credentials']' not found)
[[ATTACHMENT|D:\\P&G New\\Automation-P&G-Code-Base\\OMVA\\Reports\\UserManagementTestSuite\\20180716_131116\\1531727478575.png]]

2018-07-16 13:21:19 - [MESSAGE][FAILED] - Unable to call Test Case with id 'Test Cases/UserManagementTestCases/Login/Invalid_Login' (Root cause: Call Test Case 'Test Cases/UserManagementTestCases/Login/Invalid_Login' failed)]]></system-out>
         <system-err><![CDATA[2018-07-16 13:20:53 - [TEST_CASE][FAILED] - Test Cases/UserManagementTestCases/UserActions/LockUser: Test Cases/UserManagementTestCases/UserActions/LockUser FAILED because (of) Unable to get text of object 'Object Repository/OMVA_Login_Page/InvalidLogin_HeaderTxt' (Root cause: com.kms.katalon.core.webui.exception.WebElementNotFoundException: Web element with id: 'Object Repository/OMVA_Login_Page/InvalidLogin_HeaderTxt' located by 'By.xpath: //h4[text()='Invalid Credentials']' not found)]]></system-err>
      </testcase>
      <testcase name="Test Cases/UserManagementTestCases/UserActions/Unlock_User" classname="Test Cases/UserManagementTestCases/UserActions/Unlock_User" status="PASSED">
         <system-out><![CDATA[2018-07-16 13:21:19 - [TEST_CASE][PASSED] - Test Cases/UserManagementTestCases/UserActions/Unlock_User: Test Cases/UserManagementTestCases/UserActions/Unlock_User

2018-07-16 13:21:19 - [TEST_STEP][PASSED] - callTestCase: Call Test Case 'Test Cases/CommonTestcases/OpenBrowserandNavigateToQAURL' successfully

2018-07-16 13:21:19 - [TEST_CASE][PASSED] - Test Cases/CommonTestcases/OpenBrowserandNavigateToQAURL: Test Cases/CommonTestcases/OpenBrowserandNavigateToQAURL

2018-07-16 13:21:19 - [TEST_STEP][PASSED] - openBrowser: Browser is opened with url: ''

2018-07-16 13:21:19 - [MESSAGE][WARNING] - A browser is already opened. Closing browser and opening a new one

2018-07-16 13:21:22 - [MESSAGE][PASSED] - Browser is opened with url: ''

2018-07-16 13:21:22 - [TEST_STEP][PASSED] - navigateToUrl: Navigate to 'https://coa-demo-env.azurewebsites.net/da/index.html#/login' successfully

2018-07-16 13:21:30 - [MESSAGE][PASSED] - Navigate to 'https://coa-demo-env.azurewebsites.net/da/index.html#/login' successfully

2018-07-16 13:21:30 - [TEST_STEP][PASSED] - maximizeWindow: Current window maximized

2018-07-16 13:21:31 - [MESSAGE][PASSED] - Current window maximized

2018-07-16 13:21:31 - [MESSAGE][PASSED] - Call Test Case 'Test Cases/CommonTestcases/OpenBrowserandNavigateToQAURL' successfully

2018-07-16 13:21:31 - [TEST_STEP][PASSED] - waitForElementVisible: Object 'Object Repository/OMVA_Login_Page/Username_Textbox' is visible

2018-07-16 13:21:31 - [MESSAGE][PASSED] - Object 'Object Repository/OMVA_Login_Page/Username_Textbox' is visible

2018-07-16 13:21:31 - [TEST_STEP][PASSED] - sendKeys: Keys 'SuperAdmin' sent to object: 'Object Repository/OMVA_Login_Page/Username_Textbox'

2018-07-16 13:21:32 - [MESSAGE][PASSED] - Keys 'SuperAdmin' sent to object: 'Object Repository/OMVA_Login_Page/Username_Textbox'

2018-07-16 13:21:32 - [TEST_STEP][PASSED] - click: Object: 'Object Repository/OMVA_Login_Page/Next_Button' is clicked on

2018-07-16 13:21:32 - [MESSAGE][PASSED] - Object: 'Object Repository/OMVA_Login_Page/Next_Button' is clicked on

2018-07-16 13:21:32 - [TEST_STEP][PASSED] - waitForElementVisible: Object 'Object Repository/OMVA_Login_Page/Password_Textbox' is visible

2018-07-16 13:21:32 - [MESSAGE][PASSED] - Object 'Object Repository/OMVA_Login_Page/Password_Textbox' is visible

2018-07-16 13:21:32 - [TEST_STEP][PASSED] - sendKeys: Keys 'SuperAdmin' sent to object: 'Object Repository/OMVA_Login_Page/Password_Textbox'

2018-07-16 13:21:32 - [MESSAGE][PASSED] - Keys 'SuperAdmin' sent to object: 'Object Repository/OMVA_Login_Page/Password_Textbox'

2018-07-16 13:21:32 - [TEST_STEP][PASSED] - click: Object: 'Object Repository/OMVA_Login_Page/Signin_Button' is clicked on

2018-07-16 13:21:33 - [MESSAGE][PASSED] - Object: 'Object Repository/OMVA_Login_Page/Signin_Button' is clicked on

2018-07-16 13:21:33 - [TEST_STEP][PASSED] - delay: Delayed 5 second(s)

2018-07-16 13:21:38 - [MESSAGE][PASSED] - Delayed 5 second(s)

2018-07-16 13:21:38 - [TEST_STEP][PASSED] - waitForElementVisible: Object 'Object Repository/OMVA_Landing_Page/Search_icon' is visible

2018-07-16 13:21:38 - [MESSAGE][PASSED] - Object 'Object Repository/OMVA_Landing_Page/Search_icon' is visible

2018-07-16 13:21:38 - [TEST_STEP][PASSED] - click: Object: 'Object Repository/OMVA_Landing_Page/Search_icon' is clicked on

2018-07-16 13:21:38 - [MESSAGE][PASSED] - Object: 'Object Repository/OMVA_Landing_Page/Search_icon' is clicked on

2018-07-16 13:21:38 - [TEST_STEP][PASSED] - sendKeys: Keys 'Lock' sent to object: 'Object Repository/OMVA_Landing_Page/Search_icon'

2018-07-16 13:21:38 - [MESSAGE][PASSED] - Keys 'Lock' sent to object: 'Object Repository/OMVA_Landing_Page/Search_icon'

2018-07-16 13:21:38 - [TEST_STEP][PASSED] - delay: Delayed 3 second(s)

2018-07-16 13:21:41 - [MESSAGE][PASSED] - Delayed 3 second(s)

2018-07-16 13:21:41 - [TEST_STEP][PASSED] - waitForElementVisible: Object 'Object Repository/OMVA_Landing_Page/Locked_Icon' is visible

2018-07-16 13:21:41 - [MESSAGE][PASSED] - Object 'Object Repository/OMVA_Landing_Page/Locked_Icon' is visible

2018-07-16 13:21:41 - [TEST_STEP][PASSED] - click: Object: 'Object Repository/OMVA_Landing_Page/Locked_Icon' is clicked on

2018-07-16 13:21:41 - [MESSAGE][PASSED] - Object: 'Object Repository/OMVA_Landing_Page/Locked_Icon' is clicked on

2018-07-16 13:21:41 - [TEST_STEP][PASSED] - waitForElementVisible: Object 'Object Repository/OMVA_Landing_Page/UnlockUserPopup_HeaderTxt' is visible

2018-07-16 13:21:42 - [MESSAGE][PASSED] - Object 'Object Repository/OMVA_Landing_Page/UnlockUserPopup_HeaderTxt' is visible

2018-07-16 13:21:42 - [TEST_STEP][PASSED] - Statement - AHeaderTxt = com.kms.katalon.core.webui.keyword.WebUiBuiltInKeywords.getText(com.kms.katalon.core.testobject.ObjectRepository.findTestObject(OMVA_Landing_Page/UnlockUserPopup_HeaderTxt)): Text of object 'Object Repository/OMVA_Landing_Page/UnlockUserPopup_HeaderTxt' is: 'Confirm Unlock'

2018-07-16 13:21:42 - [MESSAGE][PASSED] - Text of object 'Object Repository/OMVA_Landing_Page/UnlockUserPopup_HeaderTxt' is: 'Confirm Unlock'

2018-07-16 13:21:42 - [TEST_STEP][PASSED] - verifyMatch: Actual text 'Confirm Unlock' and expected text 'Confirm Unlock' are matched  using regular expression

2018-07-16 13:21:42 - [MESSAGE][PASSED] - Actual text 'Confirm Unlock' and expected text 'Confirm Unlock' are matched  using regular expression

2018-07-16 13:21:42 - [TEST_STEP][PASSED] - Statement - AContentTxt = com.kms.katalon.core.webui.keyword.WebUiBuiltInKeywords.getText(com.kms.katalon.core.testobject.ObjectRepository.findTestObject(OMVA_Landing_Page/UnlockUserPopup_ContentTxt)): Text of object 'Object Repository/OMVA_Landing_Page/UnlockUserPopup_ContentTxt' is: 'Are you sure you want to unlock Lock's account?'

2018-07-16 13:21:42 - [MESSAGE][PASSED] - Text of object 'Object Repository/OMVA_Landing_Page/UnlockUserPopup_ContentTxt' is: 'Are you sure you want to unlock Lock's account?'

2018-07-16 13:21:42 - [TEST_STEP][PASSED] - click: Object: 'Object Repository/OMVA_Landing_Page/UnlockUserPopup_OKBtn' is clicked on

2018-07-16 13:21:42 - [MESSAGE][PASSED] - Object: 'Object Repository/OMVA_Landing_Page/UnlockUserPopup_OKBtn' is clicked on

2018-07-16 13:21:42 - [TEST_STEP][PASSED] - Statement - UnlockToastMsg = com.kms.katalon.core.webui.keyword.WebUiBuiltInKeywords.getText(com.kms.katalon.core.testobject.ObjectRepository.findTestObject(OMVA_Landing_Page/Unlock_ToastMsg)): Text of object 'Object Repository/OMVA_Landing_Page/Unlock_ToastMsg' is: 'An email will be triggered to inform the user.'

2018-07-16 13:21:44 - [MESSAGE][PASSED] - Text of object 'Object Repository/OMVA_Landing_Page/Unlock_ToastMsg' is: 'An email will be triggered to inform the user.'

2018-07-16 13:21:44 - [TEST_STEP][PASSED] - verifyMatch: Actual text 'An email will be triggered to inform the user.' and expected text 'An email will be triggered to inform the user.' are matched  using regular expression

2018-07-16 13:21:44 - [MESSAGE][PASSED] - Actual text 'An email will be triggered to inform the user.' and expected text 'An email will be triggered to inform the user.' are matched  using regular expression

2018-07-16 13:21:44 - [TEST_STEP][PASSED] - closeBrowser: Browser is closed

2018-07-16 13:21:44 - [MESSAGE][PASSED] - Browser is closed]]></system-out>
         <system-err><![CDATA[]]></system-err>
      </testcase>
      <system-out><![CDATA[2018-07-16 13:11:20 - [TEST_SUITE][FAILED] - UserManagementTestSuite: Test Cases/UserManagementTestCases/CreateUser/Create_User_Validate FAILED because (of) Unable to verify match between actual text 'wtqavwn yskvxyn' and expected text 'ytvxtaj hosxayd' using regular expression (Root cause: Actual text 'wtqavwn yskvxyn' and expected text 'ytvxtaj hosxayd' are not matched using regular expression)]]></system-out>
      <system-err><![CDATA[2018-07-16 13:11:20 - [TEST_SUITE][FAILED] - UserManagementTestSuite: Test Cases/UserManagementTestCases/CreateUser/Create_User_Validate FAILED because (of) Unable to verify match between actual text 'wtqavwn yskvxyn' and expected text 'ytvxtaj hosxayd' using regular expression (Root cause: Actual text 'wtqavwn yskvxyn' and expected text 'ytvxtaj hosxayd' are not matched using regular expression)]]></system-err>
   </testsuite>
</testsuites>
