<?xml version="1.0" encoding="UTF-8"?>
<testsuites name="UserHistoryTestSuite" time="73" tests="1" failures="0" errors="0">
   <testsuite name="UserHistoryTestSuite" tests="1" failures="0" errors="0" time="73" timestamp="2018-07-16 16:00:39" hostname="703177791 - 703177791GDL.IND.CORP.AD" id="Test Suites/UserHistoryTestSuite">
      <properties>
         <property name="deviceName" value=""/>
         <property name="devicePlatform" value=""/>
         <property name="logFolder" value="D:\\P&amp;G New\\Automation-P&amp;G-Code-Base\\OMVA\\Reports\\UserHistoryTestSuite\\20180716_160038"/>
         <property name="logFiles" value="D:\\P&amp;G New\\Automation-P&amp;G-Code-Base\\OMVA\\Reports\\UserHistoryTestSuite\\20180716_160038\\execution0.log"/>
         <property name="attachments" value="D:\\P&amp;G New\\Automation-P&amp;G-Code-Base\\OMVA\\Reports\\UserHistoryTestSuite\\20180716_160038\\1531737112206.png"/>
         <property name="hostName" value="703177791 - 703177791GDL.IND.CORP.AD"/>
         <property name="os" value="Windows 10 64bit"/>
         <property name="katalonVersion" value="5.4.2.1"/>
         <property name="browser" value="Chrome 67.0.3396.62"/>
         <property name="hostAddress" value="172.16.21.232"/>
         <property name="sessionId" value="a62d7cf8252a3ca34dcfe1de34914720"/>
         <property name="seleniumVersion" value="3.7.1"/>
         <property name="proxyInformation" value="ProxyInformation{proxyOption=NO_PROXY, proxyServerType=HTTP, password=, proxyServerAddress=, proxyServerPort=0}"/>
         <property name="platform" value="Windows 10"/>
      </properties>
      <testcase name="Test Cases/UserHIstoryTestCases/Verify_display_of_HistoryPage" classname="Test Cases/UserHIstoryTestCases/Verify_display_of_HistoryPage" status="PASSED">
         <system-out><![CDATA[2018-07-16 16:00:40 - [TEST_CASE][PASSED] - Test Cases/UserHIstoryTestCases/Verify_display_of_HistoryPage: Test Cases/UserHIstoryTestCases/Verify_display_of_HistoryPage

2018-07-16 16:00:40 - [TEST_STEP][PASSED] - callTestCase: Call Test Case 'Test Cases/UserManagementTestCases/Login/Login_ChannelMSP' successfully

2018-07-16 16:00:41 - [TEST_CASE][PASSED] - Test Cases/UserManagementTestCases/Login/Login_ChannelMSP: Test Cases/UserManagementTestCases/Login/Login_ChannelMSP

2018-07-16 16:00:42 - [TEST_STEP][PASSED] - callTestCase: Call Test Case 'Test Cases/CommonTestcases/OpenBrowserandNavigateToQAURL' successfully

2018-07-16 16:00:42 - [TEST_CASE][PASSED] - Test Cases/CommonTestcases/OpenBrowserandNavigateToQAURL: Test Cases/CommonTestcases/OpenBrowserandNavigateToQAURL

2018-07-16 16:00:42 - [TEST_STEP][PASSED] - openBrowser: Browser is opened with url: ''

2018-07-16 16:00:45 - [MESSAGE][PASSED] - Browser is opened with url: ''

2018-07-16 16:00:45 - [TEST_STEP][PASSED] - navigateToUrl: Navigate to 'https://coa-demo-env.azurewebsites.net/da/index.html#/login' successfully

2018-07-16 16:01:00 - [MESSAGE][PASSED] - Navigate to 'https://coa-demo-env.azurewebsites.net/da/index.html#/login' successfully

2018-07-16 16:01:00 - [TEST_STEP][PASSED] - maximizeWindow: Current window maximized

2018-07-16 16:01:02 - [MESSAGE][PASSED] - Current window maximized

2018-07-16 16:01:02 - [MESSAGE][PASSED] - Call Test Case 'Test Cases/CommonTestcases/OpenBrowserandNavigateToQAURL' successfully

2018-07-16 16:01:02 - [TEST_STEP][PASSED] - waitForElementVisible: Object 'Object Repository/OMVA_Login_Page/Password_Textbox' is not visible after 10 second(s)

2018-07-16 16:01:12 - [MESSAGE][WARNING] - Object 'Object Repository/OMVA_Login_Page/Password_Textbox' is not visible after 10 second(s)

2018-07-16 16:01:12 - [TEST_STEP][PASSED] - sendKeys: Keys 'nicole' sent to object: 'Object Repository/OMVA_Login_Page/Username_Textbox'

2018-07-16 16:01:13 - [MESSAGE][PASSED] - Keys 'nicole' sent to object: 'Object Repository/OMVA_Login_Page/Username_Textbox'

2018-07-16 16:01:13 - [TEST_STEP][PASSED] - click: Object: 'Object Repository/OMVA_Login_Page/Next_Button' is clicked on

2018-07-16 16:01:13 - [MESSAGE][PASSED] - Object: 'Object Repository/OMVA_Login_Page/Next_Button' is clicked on

2018-07-16 16:01:13 - [TEST_STEP][PASSED] - waitForElementVisible: Object 'Object Repository/OMVA_Login_Page/Password_Textbox' is visible

2018-07-16 16:01:14 - [MESSAGE][PASSED] - Object 'Object Repository/OMVA_Login_Page/Password_Textbox' is visible

2018-07-16 16:01:14 - [TEST_STEP][PASSED] - sendKeys: Keys 'nicole' sent to object: 'Object Repository/OMVA_Login_Page/Password_Textbox'

2018-07-16 16:01:14 - [MESSAGE][PASSED] - Keys 'nicole' sent to object: 'Object Repository/OMVA_Login_Page/Password_Textbox'

2018-07-16 16:01:14 - [TEST_STEP][PASSED] - click: Object: 'Object Repository/OMVA_Login_Page/Signin_Button' is clicked on

2018-07-16 16:01:14 - [MESSAGE][PASSED] - Object: 'Object Repository/OMVA_Login_Page/Signin_Button' is clicked on

2018-07-16 16:01:14 - [TEST_STEP][PASSED] - waitForAngularLoad: This page doesn't use Angular.

2018-07-16 16:01:14 - [MESSAGE][WARNING] - This page doesn't use Angular.

2018-07-16 16:01:14 - [TEST_STEP][PASSED] - Statement - greetingtext = com.kms.katalon.core.webui.keyword.WebUiBuiltInKeywords.getText(com.kms.katalon.core.testobject.ObjectRepository.findTestObject(OMVA_Landing_Page/Greeting_Label)): Text of object 'Object Repository/OMVA_Landing_Page/Greeting_Label' is: 'Good Evening, nicole'

2018-07-16 16:01:15 - [MESSAGE][PASSED] - Text of object 'Object Repository/OMVA_Landing_Page/Greeting_Label' is: 'Good Evening, nicole'

2018-07-16 16:01:15 - [TEST_STEP][PASSED] - verifyMatch: Actual text 'Good Evening, nicole' and expected text '\D*nicole' are matched  using regular expression

2018-07-16 16:01:15 - [MESSAGE][PASSED] - Actual text 'Good Evening, nicole' and expected text '\D*nicole' are matched  using regular expression

2018-07-16 16:01:15 - [MESSAGE][PASSED] - Call Test Case 'Test Cases/UserManagementTestCases/Login/Login_ChannelMSP' successfully

2018-07-16 16:01:15 - [TEST_STEP][PASSED] - delay: Delayed 3 second(s)

2018-07-16 16:01:18 - [MESSAGE][PASSED] - Delayed 3 second(s)

2018-07-16 16:01:18 - [TEST_STEP][PASSED] - delay: Delayed 5 second(s)

2018-07-16 16:01:23 - [MESSAGE][PASSED] - Delayed 5 second(s)

2018-07-16 16:01:23 - [TEST_STEP][PASSED] - waitForElementPresent: Object 'Object Repository/OMVA_Landing_Page/History_Logo' is present

2018-07-16 16:01:23 - [MESSAGE][PASSED] - Object 'Object Repository/OMVA_Landing_Page/History_Logo' is present

2018-07-16 16:01:23 - [TEST_STEP][PASSED] - click: Object: 'Object Repository/OMVA_Landing_Page/History_Logo' is clicked on

2018-07-16 16:01:24 - [MESSAGE][PASSED] - Object: 'Object Repository/OMVA_Landing_Page/History_Logo' is clicked on

2018-07-16 16:01:24 - [TEST_STEP][PASSED] - delay: Delayed 5 second(s)

2018-07-16 16:01:29 - [MESSAGE][PASSED] - Delayed 5 second(s)

2018-07-16 16:01:29 - [TEST_STEP][PASSED] - waitForElementPresent: Object 'Object Repository/OMVA_Summary_Page/Customer_dropdown' is present

2018-07-16 16:01:29 - [MESSAGE][PASSED] - Object 'Object Repository/OMVA_Summary_Page/Customer_dropdown' is present

2018-07-16 16:01:29 - [TEST_STEP][PASSED] - click: Object: 'Object Repository/OMVA_Summary_Page/Customer_dropdown' is clicked on

2018-07-16 16:01:29 - [MESSAGE][PASSED] - Object: 'Object Repository/OMVA_Summary_Page/Customer_dropdown' is clicked on

2018-07-16 16:01:29 - [TEST_STEP][PASSED] - waitForElementPresent: Object 'Object Repository/OMVA_Summary_Page/Select_puregold' is present

2018-07-16 16:01:30 - [MESSAGE][PASSED] - Object 'Object Repository/OMVA_Summary_Page/Select_puregold' is present

2018-07-16 16:01:30 - [TEST_STEP][PASSED] - click: Object: 'Object Repository/OMVA_Summary_Page/Select_puregold' is clicked on

2018-07-16 16:01:30 - [MESSAGE][PASSED] - Object: 'Object Repository/OMVA_Summary_Page/Select_puregold' is clicked on

2018-07-16 16:01:30 - [TEST_STEP][PASSED] - delay: Delayed 5 second(s)

2018-07-16 16:01:35 - [MESSAGE][PASSED] - Delayed 5 second(s)

2018-07-16 16:01:35 - [TEST_STEP][PASSED] - click: Object: 'Object Repository/OMVA_History_Page/1stSKU_History' is clicked on

2018-07-16 16:01:35 - [MESSAGE][PASSED] - Object: 'Object Repository/OMVA_History_Page/1stSKU_History' is clicked on

2018-07-16 16:01:35 - [TEST_STEP][PASSED] - delay: Delayed 10 second(s)

2018-07-16 16:01:45 - [MESSAGE][PASSED] - Delayed 10 second(s)

2018-07-16 16:01:45 - [TEST_STEP][PASSED] - Statement - rescue = com.kms.katalon.core.webui.keyword.WebUiBuiltInKeywords.getText(com.kms.katalon.core.testobject.ObjectRepository.findTestObject(OMVA_History_Page/History_RescueStrategy)): Text of object 'Object Repository/OMVA_History_Page/History_RescueStrategy' is: 'Rescue Strategy'

2018-07-16 16:01:46 - [MESSAGE][PASSED] - Text of object 'Object Repository/OMVA_History_Page/History_RescueStrategy' is: 'Rescue Strategy'

2018-07-16 16:01:46 - [TEST_STEP][PASSED] - scrollToElement: Scroll to object 'Object Repository/OMVA_History_Page/History_OMVARecomendation' successfully

2018-07-16 16:01:46 - [MESSAGE][PASSED] - Scroll to object 'Object Repository/OMVA_History_Page/History_OMVARecomendation' successfully

2018-07-16 16:01:46 - [TEST_STEP][PASSED] - verifyMatch: Actual text 'Rescue Strategy' and expected text 'Rescue Strategy' are matched 

2018-07-16 16:01:46 - [MESSAGE][PASSED] - Actual text 'Rescue Strategy' and expected text 'Rescue Strategy' are matched 

2018-07-16 16:01:46 - [TEST_STEP][PASSED] - verifyElementPresent: Object 'Object Repository/OMVA_History_Page/History_OMVARecomendation' is present

2018-07-16 16:01:46 - [MESSAGE][PASSED] - Object 'Object Repository/OMVA_History_Page/History_OMVARecomendation' is present

2018-07-16 16:01:46 - [TEST_STEP][PASSED] - Statement - RemcomendationHistory = com.kms.katalon.core.webui.keyword.WebUiBuiltInKeywords.getText(com.kms.katalon.core.testobject.ObjectRepository.findTestObject(OMVA_History_Page/History_OMVARecomendation)): Text of object 'Object Repository/OMVA_History_Page/History_OMVARecomendation' is: 'OMVA Recommendation'

2018-07-16 16:01:46 - [MESSAGE][PASSED] - Text of object 'Object Repository/OMVA_History_Page/History_OMVARecomendation' is: 'OMVA Recommendation'

2018-07-16 16:01:46 - [TEST_STEP][PASSED] - verifyMatch: Actual text 'OMVA Recommendation' and expected text 'OMVA Recommendation' are matched 

2018-07-16 16:01:46 - [MESSAGE][PASSED] - Actual text 'OMVA Recommendation' and expected text 'OMVA Recommendation' are matched 

2018-07-16 16:01:46 - [TEST_STEP][PASSED] - delay: Delayed 5 second(s)

2018-07-16 16:01:51 - [MESSAGE][PASSED] - Delayed 5 second(s)

2018-07-16 16:01:51 - [TEST_STEP][PASSED] - Statement - notEditable = com.kms.katalon.core.webui.keyword.WebUiBuiltInKeywords.setText(com.kms.katalon.core.testobject.ObjectRepository.findTestObject(OMVA_History_Page/History_RescueStrategy), "text", OPTIONAL): Unable to set text 'text' of object 'Object Repository/OMVA_History_Page/History_RescueStrategy' (Root cause: org.openqa.selenium.InvalidElementStateException: invalid element state: Element must be user-editable in order to clear it.
  (Session info: chrome=67.0.3396.62)
  (Driver info: chromedriver=2.35.528161 (5b82f2d2aae0ca24b877009200ced9065a772e73),platform=Windows NT 10.0.16299 x86_64) (WARNING: The server did not provide any stacktrace information)
Command duration or timeout: 0 milliseconds
Build info: version: '3.7.1', revision: '8a0099a', time: '2017-11-06T21:07:36.161Z'
System info: host: '703177791GDL', ip: '172.16.21.232', os.name: 'Windows 10', os.arch: 'amd64', os.version: '10.0', java.version: '1.8.0_102'
Driver info: com.kms.katalon.selenium.driver.CChromeDriver
Capabilities {acceptInsecureCerts: false, acceptSslCerts: false, applicationCacheEnabled: false, browserConnectionEnabled: false, browserName: chrome, chrome: {chromedriverVersion: 2.35.528161 (5b82f2d2aae0ca..., userDataDir: D:\Users\703177791\AppData\...}, cssSelectorsEnabled: true, databaseEnabled: false, handlesAlerts: true, hasTouchScreen: false, javascriptEnabled: true, locationContextEnabled: true, mobileEmulationEnabled: false, nativeEvents: true, networkConnectionEnabled: false, pageLoadStrategy: normal, platform: XP, platformName: XP, rotatable: false, setWindowRect: true, takesHeapSnapshot: true, takesScreenshot: true, unexpectedAlertBehaviour: , unhandledPromptBehavior: , version: 67.0.3396.62, webStorageEnabled: true}
Session ID: a62d7cf8252a3ca34dcfe1de34914720)

2018-07-16 16:01:52 - [MESSAGE][WARNING] - Unable to set text 'text' of object 'Object Repository/OMVA_History_Page/History_RescueStrategy' (Root cause: org.openqa.selenium.InvalidElementStateException: invalid element state: Element must be user-editable in order to clear it.
  (Session info: chrome=67.0.3396.62)
  (Driver info: chromedriver=2.35.528161 (5b82f2d2aae0ca24b877009200ced9065a772e73),platform=Windows NT 10.0.16299 x86_64) (WARNING: The server did not provide any stacktrace information)
Command duration or timeout: 0 milliseconds
Build info: version: '3.7.1', revision: '8a0099a', time: '2017-11-06T21:07:36.161Z'
System info: host: '703177791GDL', ip: '172.16.21.232', os.name: 'Windows 10', os.arch: 'amd64', os.version: '10.0', java.version: '1.8.0_102'
Driver info: com.kms.katalon.selenium.driver.CChromeDriver
Capabilities {acceptInsecureCerts: false, acceptSslCerts: false, applicationCacheEnabled: false, browserConnectionEnabled: false, browserName: chrome, chrome: {chromedriverVersion: 2.35.528161 (5b82f2d2aae0ca..., userDataDir: D:\Users\703177791\AppData\...}, cssSelectorsEnabled: true, databaseEnabled: false, handlesAlerts: true, hasTouchScreen: false, javascriptEnabled: true, locationContextEnabled: true, mobileEmulationEnabled: false, nativeEvents: true, networkConnectionEnabled: false, pageLoadStrategy: normal, platform: XP, platformName: XP, rotatable: false, setWindowRect: true, takesHeapSnapshot: true, takesScreenshot: true, unexpectedAlertBehaviour: , unhandledPromptBehavior: , version: 67.0.3396.62, webStorageEnabled: true}
Session ID: a62d7cf8252a3ca34dcfe1de34914720)
[[ATTACHMENT|D:\\P&G New\\Automation-P&G-Code-Base\\OMVA\\Reports\\UserHistoryTestSuite\\20180716_160038\\1531737112206.png]]

2018-07-16 16:01:52 - [TEST_STEP][PASSED] - Statement - If (notEditable): null

2018-07-16 16:01:52 - [TEST_STEP][PASSED] - Statement - Else: null

2018-07-16 16:01:52 - [TEST_STEP][PASSED] - Statement - println("Script is Pass"): null

2018-07-16 16:01:52 - [TEST_STEP][PASSED] - closeBrowser: Browser is closed

2018-07-16 16:01:53 - [MESSAGE][PASSED] - Browser is closed]]></system-out>
         <system-err><![CDATA[]]></system-err>
      </testcase>
      <system-out><![CDATA[2018-07-16 16:00:39 - [TEST_SUITE][PASSED] - UserHistoryTestSuite: Test Cases/UserHIstoryTestCases/Verify_display_of_HistoryPage]]></system-out>
      <system-err><![CDATA[]]></system-err>
   </testsuite>
</testsuites>
